[2022-07-10 11:03:02,829] {taskinstance.py:877} INFO - Dependencies all met for <TaskInstance: ingestion_transform_dataset.transform_data 2022-07-10T11:03:01.815870+00:00 [queued]>
[2022-07-10 11:03:02,843] {taskinstance.py:877} INFO - Dependencies all met for <TaskInstance: ingestion_transform_dataset.transform_data 2022-07-10T11:03:01.815870+00:00 [queued]>
[2022-07-10 11:03:02,843] {taskinstance.py:1068} INFO - 
--------------------------------------------------------------------------------
[2022-07-10 11:03:02,843] {taskinstance.py:1069} INFO - Starting attempt 1 of 1
[2022-07-10 11:03:02,844] {taskinstance.py:1070} INFO - 
--------------------------------------------------------------------------------
[2022-07-10 11:03:02,851] {taskinstance.py:1089} INFO - Executing <Task(PythonOperator): transform_data> on 2022-07-10T11:03:01.815870+00:00
[2022-07-10 11:03:02,857] {standard_task_runner.py:52} INFO - Started process 62 to run task
[2022-07-10 11:03:02,860] {standard_task_runner.py:76} INFO - Running: ['airflow', 'tasks', 'run', 'ingestion_transform_dataset', 'transform_data', '2022-07-10T11:03:01.815870+00:00', '--job-id', '7', '--pool', 'default_pool', '--raw', '--subdir', 'DAGS_FOLDER/daily_dag.py', '--cfg-path', '/tmp/tmpqw6_x5sk', '--error-file', '/tmp/tmpo_13zirg']
[2022-07-10 11:03:02,861] {standard_task_runner.py:77} INFO - Job 7: Subtask transform_data
[2022-07-10 11:03:02,889] {logging_mixin.py:104} INFO - Running <TaskInstance: ingestion_transform_dataset.transform_data 2022-07-10T11:03:01.815870+00:00 [running]> on host 20c2401a0235
[2022-07-10 11:03:02,918] {taskinstance.py:1283} INFO - Exporting the following env vars:
AIRFLOW_CTX_DAG_OWNER=airflow
AIRFLOW_CTX_DAG_ID=ingestion_transform_dataset
AIRFLOW_CTX_TASK_ID=transform_data
AIRFLOW_CTX_EXECUTION_DATE=2022-07-10T11:03:01.815870+00:00
AIRFLOW_CTX_DAG_RUN_ID=manual__2022-07-10T11:03:01.815870+00:00
[2022-07-10 11:03:02,919] {python.py:118} INFO - Done. Returned value was: None
[2022-07-10 11:03:02,926] {taskinstance.py:1192} INFO - Marking task as SUCCESS. dag_id=ingestion_transform_dataset, task_id=transform_data, execution_date=20220710T110301, start_date=20220710T110302, end_date=20220710T110302
[2022-07-10 11:03:02,946] {taskinstance.py:1246} INFO - 0 downstream tasks scheduled from follow-on schedule check
[2022-07-10 11:03:02,952] {local_task_job.py:146} INFO - Task exited with return code 0
