[2022-07-12 02:41:06,266] {taskinstance.py:877} INFO - Dependencies all met for <TaskInstance: ingestion_transform_dataset.transform_data 2022-07-11T01:00:00+00:00 [queued]>
[2022-07-12 02:41:06,374] {taskinstance.py:877} INFO - Dependencies all met for <TaskInstance: ingestion_transform_dataset.transform_data 2022-07-11T01:00:00+00:00 [queued]>
[2022-07-12 02:41:06,375] {taskinstance.py:1068} INFO - 
--------------------------------------------------------------------------------
[2022-07-12 02:41:06,375] {taskinstance.py:1069} INFO - Starting attempt 1 of 1
[2022-07-12 02:41:06,376] {taskinstance.py:1070} INFO - 
--------------------------------------------------------------------------------
[2022-07-12 02:41:06,388] {taskinstance.py:1089} INFO - Executing <Task(PythonOperator): transform_data> on 2022-07-11T01:00:00+00:00
[2022-07-12 02:41:06,396] {standard_task_runner.py:52} INFO - Started process 63 to run task
[2022-07-12 02:41:06,399] {standard_task_runner.py:76} INFO - Running: ['airflow', 'tasks', 'run', 'ingestion_transform_dataset', 'transform_data', '2022-07-11T01:00:00+00:00', '--job-id', '14', '--pool', 'default_pool', '--raw', '--subdir', 'DAGS_FOLDER/daily_dag.py', '--cfg-path', '/tmp/tmpexy4gehh', '--error-file', '/tmp/tmprpl13vcq']
[2022-07-12 02:41:06,400] {standard_task_runner.py:77} INFO - Job 14: Subtask transform_data
[2022-07-12 02:41:06,520] {logging_mixin.py:104} INFO - Running <TaskInstance: ingestion_transform_dataset.transform_data 2022-07-11T01:00:00+00:00 [running]> on host 4da34fce536e
[2022-07-12 02:41:06,581] {taskinstance.py:1283} INFO - Exporting the following env vars:
AIRFLOW_CTX_DAG_OWNER=airflow
AIRFLOW_CTX_DAG_ID=ingestion_transform_dataset
AIRFLOW_CTX_TASK_ID=transform_data
AIRFLOW_CTX_EXECUTION_DATE=2022-07-11T01:00:00+00:00
AIRFLOW_CTX_DAG_RUN_ID=scheduled__2022-07-11T01:00:00+00:00
[2022-07-12 02:41:06,584] {python.py:118} INFO - Done. Returned value was: None
[2022-07-12 02:41:06,595] {taskinstance.py:1192} INFO - Marking task as SUCCESS. dag_id=ingestion_transform_dataset, task_id=transform_data, execution_date=20220711T010000, start_date=20220712T024106, end_date=20220712T024106
[2022-07-12 02:41:06,679] {taskinstance.py:1246} INFO - 0 downstream tasks scheduled from follow-on schedule check
[2022-07-12 02:41:06,734] {local_task_job.py:146} INFO - Task exited with return code 0
