[2022-07-10 10:45:06,426] {taskinstance.py:877} INFO - Dependencies all met for <TaskInstance: ingestion_transform_dataset.transform_data 2022-07-09T01:00:00+00:00 [queued]>
[2022-07-10 10:45:06,436] {taskinstance.py:877} INFO - Dependencies all met for <TaskInstance: ingestion_transform_dataset.transform_data 2022-07-09T01:00:00+00:00 [queued]>
[2022-07-10 10:45:06,437] {taskinstance.py:1068} INFO - 
--------------------------------------------------------------------------------
[2022-07-10 10:45:06,437] {taskinstance.py:1069} INFO - Starting attempt 1 of 1
[2022-07-10 10:45:06,437] {taskinstance.py:1070} INFO - 
--------------------------------------------------------------------------------
[2022-07-10 10:45:06,443] {taskinstance.py:1089} INFO - Executing <Task(PythonOperator): transform_data> on 2022-07-09T01:00:00+00:00
[2022-07-10 10:45:06,448] {standard_task_runner.py:52} INFO - Started process 60 to run task
[2022-07-10 10:45:06,450] {standard_task_runner.py:76} INFO - Running: ['airflow', 'tasks', 'run', 'ingestion_transform_dataset', 'transform_data', '2022-07-09T01:00:00+00:00', '--job-id', '4', '--pool', 'default_pool', '--raw', '--subdir', 'DAGS_FOLDER/daily_dag.py', '--cfg-path', '/tmp/tmpyvw5r4tu', '--error-file', '/tmp/tmpd0e2rxyk']
[2022-07-10 10:45:06,451] {standard_task_runner.py:77} INFO - Job 4: Subtask transform_data
[2022-07-10 10:45:06,480] {logging_mixin.py:104} INFO - Running <TaskInstance: ingestion_transform_dataset.transform_data 2022-07-09T01:00:00+00:00 [running]> on host 44240a5d07b7
[2022-07-10 10:45:06,505] {taskinstance.py:1283} INFO - Exporting the following env vars:
AIRFLOW_CTX_DAG_OWNER=airflow
AIRFLOW_CTX_DAG_ID=ingestion_transform_dataset
AIRFLOW_CTX_TASK_ID=transform_data
AIRFLOW_CTX_EXECUTION_DATE=2022-07-09T01:00:00+00:00
AIRFLOW_CTX_DAG_RUN_ID=scheduled__2022-07-09T01:00:00+00:00
[2022-07-10 10:45:06,507] {python.py:118} INFO - Done. Returned value was: None
[2022-07-10 10:45:06,514] {taskinstance.py:1192} INFO - Marking task as SUCCESS. dag_id=ingestion_transform_dataset, task_id=transform_data, execution_date=20220709T010000, start_date=20220710T104506, end_date=20220710T104506
[2022-07-10 10:45:06,531] {taskinstance.py:1246} INFO - 0 downstream tasks scheduled from follow-on schedule check
[2022-07-10 10:45:06,543] {local_task_job.py:146} INFO - Task exited with return code 0
