[2022-07-10 08:32:41,689] {scheduler_job.py:182} INFO - Started process (PID=52) to work on /home/airflow/.local/lib/python3.6/site-packages/airflow/example_dags/example_skip_dag.py
[2022-07-10 08:32:41,690] {scheduler_job.py:629} INFO - Processing file /home/airflow/.local/lib/python3.6/site-packages/airflow/example_dags/example_skip_dag.py for tasks to queue
[2022-07-10 08:32:41,691] {logging_mixin.py:104} INFO - [2022-07-10 08:32:41,691] {dagbag.py:451} INFO - Filling up the DagBag from /home/airflow/.local/lib/python3.6/site-packages/airflow/example_dags/example_skip_dag.py
[2022-07-10 08:32:41,698] {scheduler_job.py:639} INFO - DAG(s) dict_keys(['example_skip_dag']) retrieved from /home/airflow/.local/lib/python3.6/site-packages/airflow/example_dags/example_skip_dag.py
[2022-07-10 08:32:41,712] {logging_mixin.py:104} INFO - [2022-07-10 08:32:41,712] {dag.py:1824} INFO - Sync 1 DAGs
[2022-07-10 08:32:41,721] {logging_mixin.py:104} INFO - [2022-07-10 08:32:41,721] {dag.py:1843} INFO - Creating ORM DAG for example_skip_dag
[2022-07-10 08:32:41,725] {logging_mixin.py:104} INFO - [2022-07-10 08:32:41,725] {dag.py:2280} INFO - Setting next_dagrun for example_skip_dag to 2022-07-08 00:00:00+00:00
[2022-07-10 08:32:41,738] {scheduler_job.py:190} INFO - Processing /home/airflow/.local/lib/python3.6/site-packages/airflow/example_dags/example_skip_dag.py took 0.050 seconds
[2022-07-10 08:33:12,695] {scheduler_job.py:182} INFO - Started process (PID=78) to work on /home/airflow/.local/lib/python3.6/site-packages/airflow/example_dags/example_skip_dag.py
[2022-07-10 08:33:12,696] {scheduler_job.py:629} INFO - Processing file /home/airflow/.local/lib/python3.6/site-packages/airflow/example_dags/example_skip_dag.py for tasks to queue
[2022-07-10 08:33:12,696] {logging_mixin.py:104} INFO - [2022-07-10 08:33:12,696] {dagbag.py:451} INFO - Filling up the DagBag from /home/airflow/.local/lib/python3.6/site-packages/airflow/example_dags/example_skip_dag.py
[2022-07-10 08:33:12,702] {scheduler_job.py:639} INFO - DAG(s) dict_keys(['example_skip_dag']) retrieved from /home/airflow/.local/lib/python3.6/site-packages/airflow/example_dags/example_skip_dag.py
[2022-07-10 08:33:12,713] {logging_mixin.py:104} INFO - [2022-07-10 08:33:12,713] {dag.py:1824} INFO - Sync 1 DAGs
[2022-07-10 08:33:12,726] {logging_mixin.py:104} INFO - [2022-07-10 08:33:12,725] {dag.py:2280} INFO - Setting next_dagrun for example_skip_dag to 2022-07-08 00:00:00+00:00
[2022-07-10 08:33:12,732] {scheduler_job.py:190} INFO - Processing /home/airflow/.local/lib/python3.6/site-packages/airflow/example_dags/example_skip_dag.py took 0.039 seconds
[2022-07-10 08:33:43,523] {scheduler_job.py:182} INFO - Started process (PID=104) to work on /home/airflow/.local/lib/python3.6/site-packages/airflow/example_dags/example_skip_dag.py
[2022-07-10 08:33:43,524] {scheduler_job.py:629} INFO - Processing file /home/airflow/.local/lib/python3.6/site-packages/airflow/example_dags/example_skip_dag.py for tasks to queue
[2022-07-10 08:33:43,524] {logging_mixin.py:104} INFO - [2022-07-10 08:33:43,524] {dagbag.py:451} INFO - Filling up the DagBag from /home/airflow/.local/lib/python3.6/site-packages/airflow/example_dags/example_skip_dag.py
[2022-07-10 08:33:43,530] {scheduler_job.py:639} INFO - DAG(s) dict_keys(['example_skip_dag']) retrieved from /home/airflow/.local/lib/python3.6/site-packages/airflow/example_dags/example_skip_dag.py
[2022-07-10 08:33:43,542] {logging_mixin.py:104} INFO - [2022-07-10 08:33:43,542] {dag.py:1824} INFO - Sync 1 DAGs
[2022-07-10 08:33:43,554] {logging_mixin.py:104} INFO - [2022-07-10 08:33:43,554] {dag.py:2280} INFO - Setting next_dagrun for example_skip_dag to 2022-07-08 00:00:00+00:00
[2022-07-10 08:33:43,560] {scheduler_job.py:190} INFO - Processing /home/airflow/.local/lib/python3.6/site-packages/airflow/example_dags/example_skip_dag.py took 0.039 seconds
[2022-07-10 08:34:14,362] {scheduler_job.py:182} INFO - Started process (PID=130) to work on /home/airflow/.local/lib/python3.6/site-packages/airflow/example_dags/example_skip_dag.py
[2022-07-10 08:34:14,362] {scheduler_job.py:629} INFO - Processing file /home/airflow/.local/lib/python3.6/site-packages/airflow/example_dags/example_skip_dag.py for tasks to queue
[2022-07-10 08:34:14,363] {logging_mixin.py:104} INFO - [2022-07-10 08:34:14,363] {dagbag.py:451} INFO - Filling up the DagBag from /home/airflow/.local/lib/python3.6/site-packages/airflow/example_dags/example_skip_dag.py
[2022-07-10 08:34:14,368] {scheduler_job.py:639} INFO - DAG(s) dict_keys(['example_skip_dag']) retrieved from /home/airflow/.local/lib/python3.6/site-packages/airflow/example_dags/example_skip_dag.py
[2022-07-10 08:34:14,381] {logging_mixin.py:104} INFO - [2022-07-10 08:34:14,381] {dag.py:1824} INFO - Sync 1 DAGs
[2022-07-10 08:34:14,392] {logging_mixin.py:104} INFO - [2022-07-10 08:34:14,392] {dag.py:2280} INFO - Setting next_dagrun for example_skip_dag to 2022-07-08 00:00:00+00:00
[2022-07-10 08:34:14,398] {scheduler_job.py:190} INFO - Processing /home/airflow/.local/lib/python3.6/site-packages/airflow/example_dags/example_skip_dag.py took 0.038 seconds
[2022-07-10 08:34:45,164] {scheduler_job.py:182} INFO - Started process (PID=156) to work on /home/airflow/.local/lib/python3.6/site-packages/airflow/example_dags/example_skip_dag.py
[2022-07-10 08:34:45,164] {scheduler_job.py:629} INFO - Processing file /home/airflow/.local/lib/python3.6/site-packages/airflow/example_dags/example_skip_dag.py for tasks to queue
[2022-07-10 08:34:45,165] {logging_mixin.py:104} INFO - [2022-07-10 08:34:45,165] {dagbag.py:451} INFO - Filling up the DagBag from /home/airflow/.local/lib/python3.6/site-packages/airflow/example_dags/example_skip_dag.py
[2022-07-10 08:34:45,170] {scheduler_job.py:639} INFO - DAG(s) dict_keys(['example_skip_dag']) retrieved from /home/airflow/.local/lib/python3.6/site-packages/airflow/example_dags/example_skip_dag.py
[2022-07-10 08:34:45,183] {logging_mixin.py:104} INFO - [2022-07-10 08:34:45,182] {dag.py:1824} INFO - Sync 1 DAGs
[2022-07-10 08:34:45,193] {logging_mixin.py:104} INFO - [2022-07-10 08:34:45,193] {dag.py:2280} INFO - Setting next_dagrun for example_skip_dag to 2022-07-08 00:00:00+00:00
[2022-07-10 08:34:45,199] {scheduler_job.py:190} INFO - Processing /home/airflow/.local/lib/python3.6/site-packages/airflow/example_dags/example_skip_dag.py took 0.037 seconds
[2022-07-10 08:35:15,974] {scheduler_job.py:182} INFO - Started process (PID=182) to work on /home/airflow/.local/lib/python3.6/site-packages/airflow/example_dags/example_skip_dag.py
[2022-07-10 08:35:15,976] {scheduler_job.py:629} INFO - Processing file /home/airflow/.local/lib/python3.6/site-packages/airflow/example_dags/example_skip_dag.py for tasks to queue
[2022-07-10 08:35:15,976] {logging_mixin.py:104} INFO - [2022-07-10 08:35:15,976] {dagbag.py:451} INFO - Filling up the DagBag from /home/airflow/.local/lib/python3.6/site-packages/airflow/example_dags/example_skip_dag.py
[2022-07-10 08:35:15,982] {scheduler_job.py:639} INFO - DAG(s) dict_keys(['example_skip_dag']) retrieved from /home/airflow/.local/lib/python3.6/site-packages/airflow/example_dags/example_skip_dag.py
[2022-07-10 08:35:15,994] {logging_mixin.py:104} INFO - [2022-07-10 08:35:15,994] {dag.py:1824} INFO - Sync 1 DAGs
[2022-07-10 08:35:16,005] {logging_mixin.py:104} INFO - [2022-07-10 08:35:16,005] {dag.py:2280} INFO - Setting next_dagrun for example_skip_dag to 2022-07-08 00:00:00+00:00
[2022-07-10 08:35:16,012] {scheduler_job.py:190} INFO - Processing /home/airflow/.local/lib/python3.6/site-packages/airflow/example_dags/example_skip_dag.py took 0.040 seconds
[2022-07-10 08:35:46,720] {scheduler_job.py:182} INFO - Started process (PID=208) to work on /home/airflow/.local/lib/python3.6/site-packages/airflow/example_dags/example_skip_dag.py
[2022-07-10 08:35:46,721] {scheduler_job.py:629} INFO - Processing file /home/airflow/.local/lib/python3.6/site-packages/airflow/example_dags/example_skip_dag.py for tasks to queue
[2022-07-10 08:35:46,721] {logging_mixin.py:104} INFO - [2022-07-10 08:35:46,721] {dagbag.py:451} INFO - Filling up the DagBag from /home/airflow/.local/lib/python3.6/site-packages/airflow/example_dags/example_skip_dag.py
[2022-07-10 08:35:46,727] {scheduler_job.py:639} INFO - DAG(s) dict_keys(['example_skip_dag']) retrieved from /home/airflow/.local/lib/python3.6/site-packages/airflow/example_dags/example_skip_dag.py
[2022-07-10 08:35:46,741] {logging_mixin.py:104} INFO - [2022-07-10 08:35:46,741] {dag.py:1824} INFO - Sync 1 DAGs
[2022-07-10 08:35:46,750] {logging_mixin.py:104} INFO - [2022-07-10 08:35:46,750] {dag.py:2280} INFO - Setting next_dagrun for example_skip_dag to 2022-07-08 00:00:00+00:00
[2022-07-10 08:35:46,757] {scheduler_job.py:190} INFO - Processing /home/airflow/.local/lib/python3.6/site-packages/airflow/example_dags/example_skip_dag.py took 0.039 seconds
[2022-07-10 08:36:17,587] {scheduler_job.py:182} INFO - Started process (PID=234) to work on /home/airflow/.local/lib/python3.6/site-packages/airflow/example_dags/example_skip_dag.py
[2022-07-10 08:36:17,588] {scheduler_job.py:629} INFO - Processing file /home/airflow/.local/lib/python3.6/site-packages/airflow/example_dags/example_skip_dag.py for tasks to queue
[2022-07-10 08:36:17,589] {logging_mixin.py:104} INFO - [2022-07-10 08:36:17,589] {dagbag.py:451} INFO - Filling up the DagBag from /home/airflow/.local/lib/python3.6/site-packages/airflow/example_dags/example_skip_dag.py
[2022-07-10 08:36:17,595] {scheduler_job.py:639} INFO - DAG(s) dict_keys(['example_skip_dag']) retrieved from /home/airflow/.local/lib/python3.6/site-packages/airflow/example_dags/example_skip_dag.py
[2022-07-10 08:36:17,608] {logging_mixin.py:104} INFO - [2022-07-10 08:36:17,608] {dag.py:1824} INFO - Sync 1 DAGs
[2022-07-10 08:36:17,617] {logging_mixin.py:104} INFO - [2022-07-10 08:36:17,616] {dag.py:2280} INFO - Setting next_dagrun for example_skip_dag to 2022-07-08 00:00:00+00:00
[2022-07-10 08:36:17,622] {scheduler_job.py:190} INFO - Processing /home/airflow/.local/lib/python3.6/site-packages/airflow/example_dags/example_skip_dag.py took 0.036 seconds
[2022-07-10 08:36:48,384] {scheduler_job.py:182} INFO - Started process (PID=260) to work on /home/airflow/.local/lib/python3.6/site-packages/airflow/example_dags/example_skip_dag.py
[2022-07-10 08:36:48,385] {scheduler_job.py:629} INFO - Processing file /home/airflow/.local/lib/python3.6/site-packages/airflow/example_dags/example_skip_dag.py for tasks to queue
[2022-07-10 08:36:48,385] {logging_mixin.py:104} INFO - [2022-07-10 08:36:48,385] {dagbag.py:451} INFO - Filling up the DagBag from /home/airflow/.local/lib/python3.6/site-packages/airflow/example_dags/example_skip_dag.py
[2022-07-10 08:36:48,391] {scheduler_job.py:639} INFO - DAG(s) dict_keys(['example_skip_dag']) retrieved from /home/airflow/.local/lib/python3.6/site-packages/airflow/example_dags/example_skip_dag.py
[2022-07-10 08:36:48,406] {logging_mixin.py:104} INFO - [2022-07-10 08:36:48,406] {dag.py:1824} INFO - Sync 1 DAGs
[2022-07-10 08:36:48,417] {logging_mixin.py:104} INFO - [2022-07-10 08:36:48,417] {dag.py:2280} INFO - Setting next_dagrun for example_skip_dag to 2022-07-08 00:00:00+00:00
[2022-07-10 08:36:48,424] {scheduler_job.py:190} INFO - Processing /home/airflow/.local/lib/python3.6/site-packages/airflow/example_dags/example_skip_dag.py took 0.042 seconds
[2022-07-10 08:37:19,367] {scheduler_job.py:182} INFO - Started process (PID=286) to work on /home/airflow/.local/lib/python3.6/site-packages/airflow/example_dags/example_skip_dag.py
[2022-07-10 08:37:19,367] {scheduler_job.py:629} INFO - Processing file /home/airflow/.local/lib/python3.6/site-packages/airflow/example_dags/example_skip_dag.py for tasks to queue
[2022-07-10 08:37:19,368] {logging_mixin.py:104} INFO - [2022-07-10 08:37:19,368] {dagbag.py:451} INFO - Filling up the DagBag from /home/airflow/.local/lib/python3.6/site-packages/airflow/example_dags/example_skip_dag.py
[2022-07-10 08:37:19,374] {scheduler_job.py:639} INFO - DAG(s) dict_keys(['example_skip_dag']) retrieved from /home/airflow/.local/lib/python3.6/site-packages/airflow/example_dags/example_skip_dag.py
[2022-07-10 08:37:19,388] {logging_mixin.py:104} INFO - [2022-07-10 08:37:19,388] {dag.py:1824} INFO - Sync 1 DAGs
[2022-07-10 08:37:19,397] {logging_mixin.py:104} INFO - [2022-07-10 08:37:19,397] {dag.py:2280} INFO - Setting next_dagrun for example_skip_dag to 2022-07-08 00:00:00+00:00
[2022-07-10 08:37:19,404] {scheduler_job.py:190} INFO - Processing /home/airflow/.local/lib/python3.6/site-packages/airflow/example_dags/example_skip_dag.py took 0.039 seconds
[2022-07-10 08:37:50,256] {scheduler_job.py:182} INFO - Started process (PID=312) to work on /home/airflow/.local/lib/python3.6/site-packages/airflow/example_dags/example_skip_dag.py
[2022-07-10 08:37:50,257] {scheduler_job.py:629} INFO - Processing file /home/airflow/.local/lib/python3.6/site-packages/airflow/example_dags/example_skip_dag.py for tasks to queue
[2022-07-10 08:37:50,258] {logging_mixin.py:104} INFO - [2022-07-10 08:37:50,258] {dagbag.py:451} INFO - Filling up the DagBag from /home/airflow/.local/lib/python3.6/site-packages/airflow/example_dags/example_skip_dag.py
[2022-07-10 08:37:50,266] {scheduler_job.py:639} INFO - DAG(s) dict_keys(['example_skip_dag']) retrieved from /home/airflow/.local/lib/python3.6/site-packages/airflow/example_dags/example_skip_dag.py
[2022-07-10 08:37:50,279] {logging_mixin.py:104} INFO - [2022-07-10 08:37:50,279] {dag.py:1824} INFO - Sync 1 DAGs
[2022-07-10 08:37:50,288] {logging_mixin.py:104} INFO - [2022-07-10 08:37:50,288] {dag.py:2280} INFO - Setting next_dagrun for example_skip_dag to 2022-07-08 00:00:00+00:00
[2022-07-10 08:37:50,294] {scheduler_job.py:190} INFO - Processing /home/airflow/.local/lib/python3.6/site-packages/airflow/example_dags/example_skip_dag.py took 0.040 seconds
[2022-07-10 08:38:21,108] {scheduler_job.py:182} INFO - Started process (PID=338) to work on /home/airflow/.local/lib/python3.6/site-packages/airflow/example_dags/example_skip_dag.py
[2022-07-10 08:38:21,108] {scheduler_job.py:629} INFO - Processing file /home/airflow/.local/lib/python3.6/site-packages/airflow/example_dags/example_skip_dag.py for tasks to queue
[2022-07-10 08:38:21,109] {logging_mixin.py:104} INFO - [2022-07-10 08:38:21,109] {dagbag.py:451} INFO - Filling up the DagBag from /home/airflow/.local/lib/python3.6/site-packages/airflow/example_dags/example_skip_dag.py
[2022-07-10 08:38:21,116] {scheduler_job.py:639} INFO - DAG(s) dict_keys(['example_skip_dag']) retrieved from /home/airflow/.local/lib/python3.6/site-packages/airflow/example_dags/example_skip_dag.py
[2022-07-10 08:38:21,128] {logging_mixin.py:104} INFO - [2022-07-10 08:38:21,128] {dag.py:1824} INFO - Sync 1 DAGs
[2022-07-10 08:38:21,139] {logging_mixin.py:104} INFO - [2022-07-10 08:38:21,139] {dag.py:2280} INFO - Setting next_dagrun for example_skip_dag to 2022-07-08 00:00:00+00:00
[2022-07-10 08:38:21,146] {scheduler_job.py:190} INFO - Processing /home/airflow/.local/lib/python3.6/site-packages/airflow/example_dags/example_skip_dag.py took 0.040 seconds
[2022-07-10 08:38:52,106] {scheduler_job.py:182} INFO - Started process (PID=364) to work on /home/airflow/.local/lib/python3.6/site-packages/airflow/example_dags/example_skip_dag.py
[2022-07-10 08:38:52,107] {scheduler_job.py:629} INFO - Processing file /home/airflow/.local/lib/python3.6/site-packages/airflow/example_dags/example_skip_dag.py for tasks to queue
[2022-07-10 08:38:52,107] {logging_mixin.py:104} INFO - [2022-07-10 08:38:52,107] {dagbag.py:451} INFO - Filling up the DagBag from /home/airflow/.local/lib/python3.6/site-packages/airflow/example_dags/example_skip_dag.py
[2022-07-10 08:38:52,115] {scheduler_job.py:639} INFO - DAG(s) dict_keys(['example_skip_dag']) retrieved from /home/airflow/.local/lib/python3.6/site-packages/airflow/example_dags/example_skip_dag.py
[2022-07-10 08:38:52,127] {logging_mixin.py:104} INFO - [2022-07-10 08:38:52,127] {dag.py:1824} INFO - Sync 1 DAGs
[2022-07-10 08:38:52,136] {logging_mixin.py:104} INFO - [2022-07-10 08:38:52,136] {dag.py:2280} INFO - Setting next_dagrun for example_skip_dag to 2022-07-08 00:00:00+00:00
[2022-07-10 08:38:52,143] {scheduler_job.py:190} INFO - Processing /home/airflow/.local/lib/python3.6/site-packages/airflow/example_dags/example_skip_dag.py took 0.038 seconds
[2022-07-10 08:39:22,971] {scheduler_job.py:182} INFO - Started process (PID=390) to work on /home/airflow/.local/lib/python3.6/site-packages/airflow/example_dags/example_skip_dag.py
[2022-07-10 08:39:22,972] {scheduler_job.py:629} INFO - Processing file /home/airflow/.local/lib/python3.6/site-packages/airflow/example_dags/example_skip_dag.py for tasks to queue
[2022-07-10 08:39:22,973] {logging_mixin.py:104} INFO - [2022-07-10 08:39:22,973] {dagbag.py:451} INFO - Filling up the DagBag from /home/airflow/.local/lib/python3.6/site-packages/airflow/example_dags/example_skip_dag.py
[2022-07-10 08:39:22,980] {scheduler_job.py:639} INFO - DAG(s) dict_keys(['example_skip_dag']) retrieved from /home/airflow/.local/lib/python3.6/site-packages/airflow/example_dags/example_skip_dag.py
[2022-07-10 08:39:22,992] {logging_mixin.py:104} INFO - [2022-07-10 08:39:22,992] {dag.py:1824} INFO - Sync 1 DAGs
[2022-07-10 08:39:23,001] {logging_mixin.py:104} INFO - [2022-07-10 08:39:23,001] {dag.py:2280} INFO - Setting next_dagrun for example_skip_dag to 2022-07-08 00:00:00+00:00
[2022-07-10 08:39:23,007] {scheduler_job.py:190} INFO - Processing /home/airflow/.local/lib/python3.6/site-packages/airflow/example_dags/example_skip_dag.py took 0.038 seconds
[2022-07-10 08:39:53,779] {scheduler_job.py:182} INFO - Started process (PID=416) to work on /home/airflow/.local/lib/python3.6/site-packages/airflow/example_dags/example_skip_dag.py
[2022-07-10 08:39:53,782] {scheduler_job.py:629} INFO - Processing file /home/airflow/.local/lib/python3.6/site-packages/airflow/example_dags/example_skip_dag.py for tasks to queue
[2022-07-10 08:39:53,782] {logging_mixin.py:104} INFO - [2022-07-10 08:39:53,782] {dagbag.py:451} INFO - Filling up the DagBag from /home/airflow/.local/lib/python3.6/site-packages/airflow/example_dags/example_skip_dag.py
[2022-07-10 08:39:53,788] {scheduler_job.py:639} INFO - DAG(s) dict_keys(['example_skip_dag']) retrieved from /home/airflow/.local/lib/python3.6/site-packages/airflow/example_dags/example_skip_dag.py
[2022-07-10 08:39:53,800] {logging_mixin.py:104} INFO - [2022-07-10 08:39:53,800] {dag.py:1824} INFO - Sync 1 DAGs
[2022-07-10 08:39:53,809] {logging_mixin.py:104} INFO - [2022-07-10 08:39:53,809] {dag.py:2280} INFO - Setting next_dagrun for example_skip_dag to 2022-07-08 00:00:00+00:00
[2022-07-10 08:39:53,815] {scheduler_job.py:190} INFO - Processing /home/airflow/.local/lib/python3.6/site-packages/airflow/example_dags/example_skip_dag.py took 0.038 seconds
[2022-07-10 08:40:24,645] {scheduler_job.py:182} INFO - Started process (PID=442) to work on /home/airflow/.local/lib/python3.6/site-packages/airflow/example_dags/example_skip_dag.py
[2022-07-10 08:40:24,646] {scheduler_job.py:629} INFO - Processing file /home/airflow/.local/lib/python3.6/site-packages/airflow/example_dags/example_skip_dag.py for tasks to queue
[2022-07-10 08:40:24,646] {logging_mixin.py:104} INFO - [2022-07-10 08:40:24,646] {dagbag.py:451} INFO - Filling up the DagBag from /home/airflow/.local/lib/python3.6/site-packages/airflow/example_dags/example_skip_dag.py
[2022-07-10 08:40:24,652] {scheduler_job.py:639} INFO - DAG(s) dict_keys(['example_skip_dag']) retrieved from /home/airflow/.local/lib/python3.6/site-packages/airflow/example_dags/example_skip_dag.py
[2022-07-10 08:40:24,666] {logging_mixin.py:104} INFO - [2022-07-10 08:40:24,666] {dag.py:1824} INFO - Sync 1 DAGs
[2022-07-10 08:40:24,675] {logging_mixin.py:104} INFO - [2022-07-10 08:40:24,675] {dag.py:2280} INFO - Setting next_dagrun for example_skip_dag to 2022-07-08 00:00:00+00:00
[2022-07-10 08:40:24,682] {scheduler_job.py:190} INFO - Processing /home/airflow/.local/lib/python3.6/site-packages/airflow/example_dags/example_skip_dag.py took 0.039 seconds
[2022-07-10 08:40:55,434] {scheduler_job.py:182} INFO - Started process (PID=468) to work on /home/airflow/.local/lib/python3.6/site-packages/airflow/example_dags/example_skip_dag.py
[2022-07-10 08:40:55,434] {scheduler_job.py:629} INFO - Processing file /home/airflow/.local/lib/python3.6/site-packages/airflow/example_dags/example_skip_dag.py for tasks to queue
[2022-07-10 08:40:55,435] {logging_mixin.py:104} INFO - [2022-07-10 08:40:55,435] {dagbag.py:451} INFO - Filling up the DagBag from /home/airflow/.local/lib/python3.6/site-packages/airflow/example_dags/example_skip_dag.py
[2022-07-10 08:40:55,441] {scheduler_job.py:639} INFO - DAG(s) dict_keys(['example_skip_dag']) retrieved from /home/airflow/.local/lib/python3.6/site-packages/airflow/example_dags/example_skip_dag.py
[2022-07-10 08:40:55,453] {logging_mixin.py:104} INFO - [2022-07-10 08:40:55,453] {dag.py:1824} INFO - Sync 1 DAGs
[2022-07-10 08:40:55,462] {logging_mixin.py:104} INFO - [2022-07-10 08:40:55,461] {dag.py:2280} INFO - Setting next_dagrun for example_skip_dag to 2022-07-08 00:00:00+00:00
[2022-07-10 08:40:55,468] {scheduler_job.py:190} INFO - Processing /home/airflow/.local/lib/python3.6/site-packages/airflow/example_dags/example_skip_dag.py took 0.036 seconds
[2022-07-10 08:41:26,235] {scheduler_job.py:182} INFO - Started process (PID=494) to work on /home/airflow/.local/lib/python3.6/site-packages/airflow/example_dags/example_skip_dag.py
[2022-07-10 08:41:26,236] {scheduler_job.py:629} INFO - Processing file /home/airflow/.local/lib/python3.6/site-packages/airflow/example_dags/example_skip_dag.py for tasks to queue
[2022-07-10 08:41:26,236] {logging_mixin.py:104} INFO - [2022-07-10 08:41:26,236] {dagbag.py:451} INFO - Filling up the DagBag from /home/airflow/.local/lib/python3.6/site-packages/airflow/example_dags/example_skip_dag.py
[2022-07-10 08:41:26,242] {scheduler_job.py:639} INFO - DAG(s) dict_keys(['example_skip_dag']) retrieved from /home/airflow/.local/lib/python3.6/site-packages/airflow/example_dags/example_skip_dag.py
[2022-07-10 08:41:26,254] {logging_mixin.py:104} INFO - [2022-07-10 08:41:26,254] {dag.py:1824} INFO - Sync 1 DAGs
[2022-07-10 08:41:26,265] {logging_mixin.py:104} INFO - [2022-07-10 08:41:26,265] {dag.py:2280} INFO - Setting next_dagrun for example_skip_dag to 2022-07-08 00:00:00+00:00
[2022-07-10 08:41:26,271] {scheduler_job.py:190} INFO - Processing /home/airflow/.local/lib/python3.6/site-packages/airflow/example_dags/example_skip_dag.py took 0.037 seconds
[2022-07-10 08:41:57,085] {scheduler_job.py:182} INFO - Started process (PID=520) to work on /home/airflow/.local/lib/python3.6/site-packages/airflow/example_dags/example_skip_dag.py
[2022-07-10 08:41:57,086] {scheduler_job.py:629} INFO - Processing file /home/airflow/.local/lib/python3.6/site-packages/airflow/example_dags/example_skip_dag.py for tasks to queue
[2022-07-10 08:41:57,086] {logging_mixin.py:104} INFO - [2022-07-10 08:41:57,086] {dagbag.py:451} INFO - Filling up the DagBag from /home/airflow/.local/lib/python3.6/site-packages/airflow/example_dags/example_skip_dag.py
[2022-07-10 08:41:57,092] {scheduler_job.py:639} INFO - DAG(s) dict_keys(['example_skip_dag']) retrieved from /home/airflow/.local/lib/python3.6/site-packages/airflow/example_dags/example_skip_dag.py
[2022-07-10 08:41:57,105] {logging_mixin.py:104} INFO - [2022-07-10 08:41:57,105] {dag.py:1824} INFO - Sync 1 DAGs
[2022-07-10 08:41:57,114] {logging_mixin.py:104} INFO - [2022-07-10 08:41:57,114] {dag.py:2280} INFO - Setting next_dagrun for example_skip_dag to 2022-07-08 00:00:00+00:00
[2022-07-10 08:41:57,119] {scheduler_job.py:190} INFO - Processing /home/airflow/.local/lib/python3.6/site-packages/airflow/example_dags/example_skip_dag.py took 0.036 seconds
[2022-07-10 08:42:27,941] {scheduler_job.py:182} INFO - Started process (PID=546) to work on /home/airflow/.local/lib/python3.6/site-packages/airflow/example_dags/example_skip_dag.py
[2022-07-10 08:42:27,942] {scheduler_job.py:629} INFO - Processing file /home/airflow/.local/lib/python3.6/site-packages/airflow/example_dags/example_skip_dag.py for tasks to queue
[2022-07-10 08:42:27,943] {logging_mixin.py:104} INFO - [2022-07-10 08:42:27,943] {dagbag.py:451} INFO - Filling up the DagBag from /home/airflow/.local/lib/python3.6/site-packages/airflow/example_dags/example_skip_dag.py
[2022-07-10 08:42:27,949] {scheduler_job.py:639} INFO - DAG(s) dict_keys(['example_skip_dag']) retrieved from /home/airflow/.local/lib/python3.6/site-packages/airflow/example_dags/example_skip_dag.py
[2022-07-10 08:42:27,961] {logging_mixin.py:104} INFO - [2022-07-10 08:42:27,961] {dag.py:1824} INFO - Sync 1 DAGs
[2022-07-10 08:42:27,969] {logging_mixin.py:104} INFO - [2022-07-10 08:42:27,969] {dag.py:2280} INFO - Setting next_dagrun for example_skip_dag to 2022-07-08 00:00:00+00:00
[2022-07-10 08:42:27,975] {scheduler_job.py:190} INFO - Processing /home/airflow/.local/lib/python3.6/site-packages/airflow/example_dags/example_skip_dag.py took 0.036 seconds
[2022-07-10 08:42:58,693] {scheduler_job.py:182} INFO - Started process (PID=572) to work on /home/airflow/.local/lib/python3.6/site-packages/airflow/example_dags/example_skip_dag.py
[2022-07-10 08:42:58,693] {scheduler_job.py:629} INFO - Processing file /home/airflow/.local/lib/python3.6/site-packages/airflow/example_dags/example_skip_dag.py for tasks to queue
[2022-07-10 08:42:58,694] {logging_mixin.py:104} INFO - [2022-07-10 08:42:58,694] {dagbag.py:451} INFO - Filling up the DagBag from /home/airflow/.local/lib/python3.6/site-packages/airflow/example_dags/example_skip_dag.py
[2022-07-10 08:42:58,700] {scheduler_job.py:639} INFO - DAG(s) dict_keys(['example_skip_dag']) retrieved from /home/airflow/.local/lib/python3.6/site-packages/airflow/example_dags/example_skip_dag.py
[2022-07-10 08:42:58,712] {logging_mixin.py:104} INFO - [2022-07-10 08:42:58,712] {dag.py:1824} INFO - Sync 1 DAGs
[2022-07-10 08:42:58,722] {logging_mixin.py:104} INFO - [2022-07-10 08:42:58,722] {dag.py:2280} INFO - Setting next_dagrun for example_skip_dag to 2022-07-08 00:00:00+00:00
[2022-07-10 08:42:58,728] {scheduler_job.py:190} INFO - Processing /home/airflow/.local/lib/python3.6/site-packages/airflow/example_dags/example_skip_dag.py took 0.037 seconds
[2022-07-10 08:43:29,540] {scheduler_job.py:182} INFO - Started process (PID=598) to work on /home/airflow/.local/lib/python3.6/site-packages/airflow/example_dags/example_skip_dag.py
[2022-07-10 08:43:29,541] {scheduler_job.py:629} INFO - Processing file /home/airflow/.local/lib/python3.6/site-packages/airflow/example_dags/example_skip_dag.py for tasks to queue
[2022-07-10 08:43:29,542] {logging_mixin.py:104} INFO - [2022-07-10 08:43:29,541] {dagbag.py:451} INFO - Filling up the DagBag from /home/airflow/.local/lib/python3.6/site-packages/airflow/example_dags/example_skip_dag.py
[2022-07-10 08:43:29,547] {scheduler_job.py:639} INFO - DAG(s) dict_keys(['example_skip_dag']) retrieved from /home/airflow/.local/lib/python3.6/site-packages/airflow/example_dags/example_skip_dag.py
[2022-07-10 08:43:29,560] {logging_mixin.py:104} INFO - [2022-07-10 08:43:29,560] {dag.py:1824} INFO - Sync 1 DAGs
[2022-07-10 08:43:29,569] {logging_mixin.py:104} INFO - [2022-07-10 08:43:29,569] {dag.py:2280} INFO - Setting next_dagrun for example_skip_dag to 2022-07-08 00:00:00+00:00
[2022-07-10 08:43:29,575] {scheduler_job.py:190} INFO - Processing /home/airflow/.local/lib/python3.6/site-packages/airflow/example_dags/example_skip_dag.py took 0.037 seconds
[2022-07-10 08:44:00,335] {scheduler_job.py:182} INFO - Started process (PID=624) to work on /home/airflow/.local/lib/python3.6/site-packages/airflow/example_dags/example_skip_dag.py
[2022-07-10 08:44:00,336] {scheduler_job.py:629} INFO - Processing file /home/airflow/.local/lib/python3.6/site-packages/airflow/example_dags/example_skip_dag.py for tasks to queue
[2022-07-10 08:44:00,336] {logging_mixin.py:104} INFO - [2022-07-10 08:44:00,336] {dagbag.py:451} INFO - Filling up the DagBag from /home/airflow/.local/lib/python3.6/site-packages/airflow/example_dags/example_skip_dag.py
[2022-07-10 08:44:00,342] {scheduler_job.py:639} INFO - DAG(s) dict_keys(['example_skip_dag']) retrieved from /home/airflow/.local/lib/python3.6/site-packages/airflow/example_dags/example_skip_dag.py
[2022-07-10 08:44:00,354] {logging_mixin.py:104} INFO - [2022-07-10 08:44:00,354] {dag.py:1824} INFO - Sync 1 DAGs
[2022-07-10 08:44:00,363] {logging_mixin.py:104} INFO - [2022-07-10 08:44:00,363] {dag.py:2280} INFO - Setting next_dagrun for example_skip_dag to 2022-07-08 00:00:00+00:00
[2022-07-10 08:44:00,369] {scheduler_job.py:190} INFO - Processing /home/airflow/.local/lib/python3.6/site-packages/airflow/example_dags/example_skip_dag.py took 0.036 seconds
[2022-07-10 08:44:31,124] {scheduler_job.py:182} INFO - Started process (PID=650) to work on /home/airflow/.local/lib/python3.6/site-packages/airflow/example_dags/example_skip_dag.py
[2022-07-10 08:44:31,125] {scheduler_job.py:629} INFO - Processing file /home/airflow/.local/lib/python3.6/site-packages/airflow/example_dags/example_skip_dag.py for tasks to queue
[2022-07-10 08:44:31,125] {logging_mixin.py:104} INFO - [2022-07-10 08:44:31,125] {dagbag.py:451} INFO - Filling up the DagBag from /home/airflow/.local/lib/python3.6/site-packages/airflow/example_dags/example_skip_dag.py
[2022-07-10 08:44:31,131] {scheduler_job.py:639} INFO - DAG(s) dict_keys(['example_skip_dag']) retrieved from /home/airflow/.local/lib/python3.6/site-packages/airflow/example_dags/example_skip_dag.py
[2022-07-10 08:44:31,143] {logging_mixin.py:104} INFO - [2022-07-10 08:44:31,143] {dag.py:1824} INFO - Sync 1 DAGs
[2022-07-10 08:44:31,152] {logging_mixin.py:104} INFO - [2022-07-10 08:44:31,152] {dag.py:2280} INFO - Setting next_dagrun for example_skip_dag to 2022-07-08 00:00:00+00:00
[2022-07-10 08:44:31,158] {scheduler_job.py:190} INFO - Processing /home/airflow/.local/lib/python3.6/site-packages/airflow/example_dags/example_skip_dag.py took 0.036 seconds
[2022-07-10 08:45:01,925] {scheduler_job.py:182} INFO - Started process (PID=676) to work on /home/airflow/.local/lib/python3.6/site-packages/airflow/example_dags/example_skip_dag.py
[2022-07-10 08:45:01,926] {scheduler_job.py:629} INFO - Processing file /home/airflow/.local/lib/python3.6/site-packages/airflow/example_dags/example_skip_dag.py for tasks to queue
[2022-07-10 08:45:01,926] {logging_mixin.py:104} INFO - [2022-07-10 08:45:01,926] {dagbag.py:451} INFO - Filling up the DagBag from /home/airflow/.local/lib/python3.6/site-packages/airflow/example_dags/example_skip_dag.py
[2022-07-10 08:45:01,932] {scheduler_job.py:639} INFO - DAG(s) dict_keys(['example_skip_dag']) retrieved from /home/airflow/.local/lib/python3.6/site-packages/airflow/example_dags/example_skip_dag.py
[2022-07-10 08:45:01,944] {logging_mixin.py:104} INFO - [2022-07-10 08:45:01,944] {dag.py:1824} INFO - Sync 1 DAGs
[2022-07-10 08:45:01,953] {logging_mixin.py:104} INFO - [2022-07-10 08:45:01,953] {dag.py:2280} INFO - Setting next_dagrun for example_skip_dag to 2022-07-08 00:00:00+00:00
[2022-07-10 08:45:01,959] {scheduler_job.py:190} INFO - Processing /home/airflow/.local/lib/python3.6/site-packages/airflow/example_dags/example_skip_dag.py took 0.036 seconds
[2022-07-10 08:45:32,633] {scheduler_job.py:182} INFO - Started process (PID=702) to work on /home/airflow/.local/lib/python3.6/site-packages/airflow/example_dags/example_skip_dag.py
[2022-07-10 08:45:32,635] {scheduler_job.py:629} INFO - Processing file /home/airflow/.local/lib/python3.6/site-packages/airflow/example_dags/example_skip_dag.py for tasks to queue
[2022-07-10 08:45:32,635] {logging_mixin.py:104} INFO - [2022-07-10 08:45:32,635] {dagbag.py:451} INFO - Filling up the DagBag from /home/airflow/.local/lib/python3.6/site-packages/airflow/example_dags/example_skip_dag.py
[2022-07-10 08:45:32,641] {scheduler_job.py:639} INFO - DAG(s) dict_keys(['example_skip_dag']) retrieved from /home/airflow/.local/lib/python3.6/site-packages/airflow/example_dags/example_skip_dag.py
[2022-07-10 08:45:32,653] {logging_mixin.py:104} INFO - [2022-07-10 08:45:32,653] {dag.py:1824} INFO - Sync 1 DAGs
[2022-07-10 08:45:32,662] {logging_mixin.py:104} INFO - [2022-07-10 08:45:32,662] {dag.py:2280} INFO - Setting next_dagrun for example_skip_dag to 2022-07-08 00:00:00+00:00
[2022-07-10 08:45:32,670] {scheduler_job.py:190} INFO - Processing /home/airflow/.local/lib/python3.6/site-packages/airflow/example_dags/example_skip_dag.py took 0.038 seconds
[2022-07-10 08:46:03,541] {scheduler_job.py:182} INFO - Started process (PID=728) to work on /home/airflow/.local/lib/python3.6/site-packages/airflow/example_dags/example_skip_dag.py
[2022-07-10 08:46:03,541] {scheduler_job.py:629} INFO - Processing file /home/airflow/.local/lib/python3.6/site-packages/airflow/example_dags/example_skip_dag.py for tasks to queue
[2022-07-10 08:46:03,542] {logging_mixin.py:104} INFO - [2022-07-10 08:46:03,542] {dagbag.py:451} INFO - Filling up the DagBag from /home/airflow/.local/lib/python3.6/site-packages/airflow/example_dags/example_skip_dag.py
[2022-07-10 08:46:03,548] {scheduler_job.py:639} INFO - DAG(s) dict_keys(['example_skip_dag']) retrieved from /home/airflow/.local/lib/python3.6/site-packages/airflow/example_dags/example_skip_dag.py
[2022-07-10 08:46:03,571] {logging_mixin.py:104} INFO - [2022-07-10 08:46:03,570] {dag.py:1824} INFO - Sync 1 DAGs
[2022-07-10 08:46:03,589] {logging_mixin.py:104} INFO - [2022-07-10 08:46:03,589] {dag.py:2280} INFO - Setting next_dagrun for example_skip_dag to 2022-07-08 00:00:00+00:00
[2022-07-10 08:46:03,599] {scheduler_job.py:190} INFO - Processing /home/airflow/.local/lib/python3.6/site-packages/airflow/example_dags/example_skip_dag.py took 0.060 seconds
[2022-07-10 08:46:34,360] {scheduler_job.py:182} INFO - Started process (PID=754) to work on /home/airflow/.local/lib/python3.6/site-packages/airflow/example_dags/example_skip_dag.py
[2022-07-10 08:46:34,361] {scheduler_job.py:629} INFO - Processing file /home/airflow/.local/lib/python3.6/site-packages/airflow/example_dags/example_skip_dag.py for tasks to queue
[2022-07-10 08:46:34,361] {logging_mixin.py:104} INFO - [2022-07-10 08:46:34,361] {dagbag.py:451} INFO - Filling up the DagBag from /home/airflow/.local/lib/python3.6/site-packages/airflow/example_dags/example_skip_dag.py
[2022-07-10 08:46:34,367] {scheduler_job.py:639} INFO - DAG(s) dict_keys(['example_skip_dag']) retrieved from /home/airflow/.local/lib/python3.6/site-packages/airflow/example_dags/example_skip_dag.py
[2022-07-10 08:46:34,379] {logging_mixin.py:104} INFO - [2022-07-10 08:46:34,379] {dag.py:1824} INFO - Sync 1 DAGs
[2022-07-10 08:46:34,388] {logging_mixin.py:104} INFO - [2022-07-10 08:46:34,388] {dag.py:2280} INFO - Setting next_dagrun for example_skip_dag to 2022-07-08 00:00:00+00:00
[2022-07-10 08:46:34,394] {scheduler_job.py:190} INFO - Processing /home/airflow/.local/lib/python3.6/site-packages/airflow/example_dags/example_skip_dag.py took 0.036 seconds
[2022-07-10 08:47:05,244] {scheduler_job.py:182} INFO - Started process (PID=780) to work on /home/airflow/.local/lib/python3.6/site-packages/airflow/example_dags/example_skip_dag.py
[2022-07-10 08:47:05,245] {scheduler_job.py:629} INFO - Processing file /home/airflow/.local/lib/python3.6/site-packages/airflow/example_dags/example_skip_dag.py for tasks to queue
[2022-07-10 08:47:05,246] {logging_mixin.py:104} INFO - [2022-07-10 08:47:05,245] {dagbag.py:451} INFO - Filling up the DagBag from /home/airflow/.local/lib/python3.6/site-packages/airflow/example_dags/example_skip_dag.py
[2022-07-10 08:47:05,252] {scheduler_job.py:639} INFO - DAG(s) dict_keys(['example_skip_dag']) retrieved from /home/airflow/.local/lib/python3.6/site-packages/airflow/example_dags/example_skip_dag.py
[2022-07-10 08:47:05,265] {logging_mixin.py:104} INFO - [2022-07-10 08:47:05,265] {dag.py:1824} INFO - Sync 1 DAGs
[2022-07-10 08:47:05,275] {logging_mixin.py:104} INFO - [2022-07-10 08:47:05,275] {dag.py:2280} INFO - Setting next_dagrun for example_skip_dag to 2022-07-08 00:00:00+00:00
[2022-07-10 08:47:05,281] {scheduler_job.py:190} INFO - Processing /home/airflow/.local/lib/python3.6/site-packages/airflow/example_dags/example_skip_dag.py took 0.038 seconds
[2022-07-10 08:47:36,153] {scheduler_job.py:182} INFO - Started process (PID=806) to work on /home/airflow/.local/lib/python3.6/site-packages/airflow/example_dags/example_skip_dag.py
[2022-07-10 08:47:36,154] {scheduler_job.py:629} INFO - Processing file /home/airflow/.local/lib/python3.6/site-packages/airflow/example_dags/example_skip_dag.py for tasks to queue
[2022-07-10 08:47:36,154] {logging_mixin.py:104} INFO - [2022-07-10 08:47:36,154] {dagbag.py:451} INFO - Filling up the DagBag from /home/airflow/.local/lib/python3.6/site-packages/airflow/example_dags/example_skip_dag.py
[2022-07-10 08:47:36,160] {scheduler_job.py:639} INFO - DAG(s) dict_keys(['example_skip_dag']) retrieved from /home/airflow/.local/lib/python3.6/site-packages/airflow/example_dags/example_skip_dag.py
[2022-07-10 08:47:36,172] {logging_mixin.py:104} INFO - [2022-07-10 08:47:36,172] {dag.py:1824} INFO - Sync 1 DAGs
[2022-07-10 08:47:36,182] {logging_mixin.py:104} INFO - [2022-07-10 08:47:36,181] {dag.py:2280} INFO - Setting next_dagrun for example_skip_dag to 2022-07-08 00:00:00+00:00
[2022-07-10 08:47:36,188] {scheduler_job.py:190} INFO - Processing /home/airflow/.local/lib/python3.6/site-packages/airflow/example_dags/example_skip_dag.py took 0.037 seconds
[2022-07-10 08:48:06,972] {scheduler_job.py:182} INFO - Started process (PID=832) to work on /home/airflow/.local/lib/python3.6/site-packages/airflow/example_dags/example_skip_dag.py
[2022-07-10 08:48:06,973] {scheduler_job.py:629} INFO - Processing file /home/airflow/.local/lib/python3.6/site-packages/airflow/example_dags/example_skip_dag.py for tasks to queue
[2022-07-10 08:48:06,973] {logging_mixin.py:104} INFO - [2022-07-10 08:48:06,973] {dagbag.py:451} INFO - Filling up the DagBag from /home/airflow/.local/lib/python3.6/site-packages/airflow/example_dags/example_skip_dag.py
[2022-07-10 08:48:06,979] {scheduler_job.py:639} INFO - DAG(s) dict_keys(['example_skip_dag']) retrieved from /home/airflow/.local/lib/python3.6/site-packages/airflow/example_dags/example_skip_dag.py
[2022-07-10 08:48:06,992] {logging_mixin.py:104} INFO - [2022-07-10 08:48:06,991] {dag.py:1824} INFO - Sync 1 DAGs
[2022-07-10 08:48:07,001] {logging_mixin.py:104} INFO - [2022-07-10 08:48:07,001] {dag.py:2280} INFO - Setting next_dagrun for example_skip_dag to 2022-07-08 00:00:00+00:00
[2022-07-10 08:48:07,008] {scheduler_job.py:190} INFO - Processing /home/airflow/.local/lib/python3.6/site-packages/airflow/example_dags/example_skip_dag.py took 0.037 seconds
[2022-07-10 08:48:37,769] {scheduler_job.py:182} INFO - Started process (PID=858) to work on /home/airflow/.local/lib/python3.6/site-packages/airflow/example_dags/example_skip_dag.py
[2022-07-10 08:48:37,770] {scheduler_job.py:629} INFO - Processing file /home/airflow/.local/lib/python3.6/site-packages/airflow/example_dags/example_skip_dag.py for tasks to queue
[2022-07-10 08:48:37,771] {logging_mixin.py:104} INFO - [2022-07-10 08:48:37,771] {dagbag.py:451} INFO - Filling up the DagBag from /home/airflow/.local/lib/python3.6/site-packages/airflow/example_dags/example_skip_dag.py
[2022-07-10 08:48:37,777] {scheduler_job.py:639} INFO - DAG(s) dict_keys(['example_skip_dag']) retrieved from /home/airflow/.local/lib/python3.6/site-packages/airflow/example_dags/example_skip_dag.py
[2022-07-10 08:48:37,792] {logging_mixin.py:104} INFO - [2022-07-10 08:48:37,792] {dag.py:1824} INFO - Sync 1 DAGs
[2022-07-10 08:48:37,802] {logging_mixin.py:104} INFO - [2022-07-10 08:48:37,802] {dag.py:2280} INFO - Setting next_dagrun for example_skip_dag to 2022-07-08 00:00:00+00:00
[2022-07-10 08:48:37,809] {scheduler_job.py:190} INFO - Processing /home/airflow/.local/lib/python3.6/site-packages/airflow/example_dags/example_skip_dag.py took 0.041 seconds
[2022-07-10 08:49:08,698] {scheduler_job.py:182} INFO - Started process (PID=884) to work on /home/airflow/.local/lib/python3.6/site-packages/airflow/example_dags/example_skip_dag.py
[2022-07-10 08:49:08,699] {scheduler_job.py:629} INFO - Processing file /home/airflow/.local/lib/python3.6/site-packages/airflow/example_dags/example_skip_dag.py for tasks to queue
[2022-07-10 08:49:08,700] {logging_mixin.py:104} INFO - [2022-07-10 08:49:08,700] {dagbag.py:451} INFO - Filling up the DagBag from /home/airflow/.local/lib/python3.6/site-packages/airflow/example_dags/example_skip_dag.py
[2022-07-10 08:49:08,706] {scheduler_job.py:639} INFO - DAG(s) dict_keys(['example_skip_dag']) retrieved from /home/airflow/.local/lib/python3.6/site-packages/airflow/example_dags/example_skip_dag.py
[2022-07-10 08:49:08,718] {logging_mixin.py:104} INFO - [2022-07-10 08:49:08,718] {dag.py:1824} INFO - Sync 1 DAGs
[2022-07-10 08:49:08,727] {logging_mixin.py:104} INFO - [2022-07-10 08:49:08,727] {dag.py:2280} INFO - Setting next_dagrun for example_skip_dag to 2022-07-08 00:00:00+00:00
[2022-07-10 08:49:08,734] {scheduler_job.py:190} INFO - Processing /home/airflow/.local/lib/python3.6/site-packages/airflow/example_dags/example_skip_dag.py took 0.037 seconds
[2022-07-10 08:49:39,509] {scheduler_job.py:182} INFO - Started process (PID=910) to work on /home/airflow/.local/lib/python3.6/site-packages/airflow/example_dags/example_skip_dag.py
[2022-07-10 08:49:39,510] {scheduler_job.py:629} INFO - Processing file /home/airflow/.local/lib/python3.6/site-packages/airflow/example_dags/example_skip_dag.py for tasks to queue
[2022-07-10 08:49:39,511] {logging_mixin.py:104} INFO - [2022-07-10 08:49:39,510] {dagbag.py:451} INFO - Filling up the DagBag from /home/airflow/.local/lib/python3.6/site-packages/airflow/example_dags/example_skip_dag.py
[2022-07-10 08:49:39,516] {scheduler_job.py:639} INFO - DAG(s) dict_keys(['example_skip_dag']) retrieved from /home/airflow/.local/lib/python3.6/site-packages/airflow/example_dags/example_skip_dag.py
[2022-07-10 08:49:39,529] {logging_mixin.py:104} INFO - [2022-07-10 08:49:39,528] {dag.py:1824} INFO - Sync 1 DAGs
[2022-07-10 08:49:39,537] {logging_mixin.py:104} INFO - [2022-07-10 08:49:39,537] {dag.py:2280} INFO - Setting next_dagrun for example_skip_dag to 2022-07-08 00:00:00+00:00
[2022-07-10 08:49:39,543] {scheduler_job.py:190} INFO - Processing /home/airflow/.local/lib/python3.6/site-packages/airflow/example_dags/example_skip_dag.py took 0.036 seconds
[2022-07-10 08:50:10,292] {scheduler_job.py:182} INFO - Started process (PID=936) to work on /home/airflow/.local/lib/python3.6/site-packages/airflow/example_dags/example_skip_dag.py
[2022-07-10 08:50:10,293] {scheduler_job.py:629} INFO - Processing file /home/airflow/.local/lib/python3.6/site-packages/airflow/example_dags/example_skip_dag.py for tasks to queue
[2022-07-10 08:50:10,293] {logging_mixin.py:104} INFO - [2022-07-10 08:50:10,293] {dagbag.py:451} INFO - Filling up the DagBag from /home/airflow/.local/lib/python3.6/site-packages/airflow/example_dags/example_skip_dag.py
[2022-07-10 08:50:10,299] {scheduler_job.py:639} INFO - DAG(s) dict_keys(['example_skip_dag']) retrieved from /home/airflow/.local/lib/python3.6/site-packages/airflow/example_dags/example_skip_dag.py
[2022-07-10 08:50:10,312] {logging_mixin.py:104} INFO - [2022-07-10 08:50:10,311] {dag.py:1824} INFO - Sync 1 DAGs
[2022-07-10 08:50:10,320] {logging_mixin.py:104} INFO - [2022-07-10 08:50:10,320] {dag.py:2280} INFO - Setting next_dagrun for example_skip_dag to 2022-07-08 00:00:00+00:00
[2022-07-10 08:50:10,326] {scheduler_job.py:190} INFO - Processing /home/airflow/.local/lib/python3.6/site-packages/airflow/example_dags/example_skip_dag.py took 0.036 seconds
[2022-07-10 08:50:41,144] {scheduler_job.py:182} INFO - Started process (PID=962) to work on /home/airflow/.local/lib/python3.6/site-packages/airflow/example_dags/example_skip_dag.py
[2022-07-10 08:50:41,145] {scheduler_job.py:629} INFO - Processing file /home/airflow/.local/lib/python3.6/site-packages/airflow/example_dags/example_skip_dag.py for tasks to queue
[2022-07-10 08:50:41,145] {logging_mixin.py:104} INFO - [2022-07-10 08:50:41,145] {dagbag.py:451} INFO - Filling up the DagBag from /home/airflow/.local/lib/python3.6/site-packages/airflow/example_dags/example_skip_dag.py
[2022-07-10 08:50:41,151] {scheduler_job.py:639} INFO - DAG(s) dict_keys(['example_skip_dag']) retrieved from /home/airflow/.local/lib/python3.6/site-packages/airflow/example_dags/example_skip_dag.py
[2022-07-10 08:50:41,164] {logging_mixin.py:104} INFO - [2022-07-10 08:50:41,164] {dag.py:1824} INFO - Sync 1 DAGs
[2022-07-10 08:50:41,172] {logging_mixin.py:104} INFO - [2022-07-10 08:50:41,172] {dag.py:2280} INFO - Setting next_dagrun for example_skip_dag to 2022-07-08 00:00:00+00:00
[2022-07-10 08:50:41,178] {scheduler_job.py:190} INFO - Processing /home/airflow/.local/lib/python3.6/site-packages/airflow/example_dags/example_skip_dag.py took 0.036 seconds
[2022-07-10 08:51:11,942] {scheduler_job.py:182} INFO - Started process (PID=988) to work on /home/airflow/.local/lib/python3.6/site-packages/airflow/example_dags/example_skip_dag.py
[2022-07-10 08:51:11,943] {scheduler_job.py:629} INFO - Processing file /home/airflow/.local/lib/python3.6/site-packages/airflow/example_dags/example_skip_dag.py for tasks to queue
[2022-07-10 08:51:11,944] {logging_mixin.py:104} INFO - [2022-07-10 08:51:11,944] {dagbag.py:451} INFO - Filling up the DagBag from /home/airflow/.local/lib/python3.6/site-packages/airflow/example_dags/example_skip_dag.py
[2022-07-10 08:51:11,949] {scheduler_job.py:639} INFO - DAG(s) dict_keys(['example_skip_dag']) retrieved from /home/airflow/.local/lib/python3.6/site-packages/airflow/example_dags/example_skip_dag.py
[2022-07-10 08:51:11,961] {logging_mixin.py:104} INFO - [2022-07-10 08:51:11,961] {dag.py:1824} INFO - Sync 1 DAGs
[2022-07-10 08:51:11,970] {logging_mixin.py:104} INFO - [2022-07-10 08:51:11,970] {dag.py:2280} INFO - Setting next_dagrun for example_skip_dag to 2022-07-08 00:00:00+00:00
[2022-07-10 08:51:11,976] {scheduler_job.py:190} INFO - Processing /home/airflow/.local/lib/python3.6/site-packages/airflow/example_dags/example_skip_dag.py took 0.035 seconds
[2022-07-10 08:51:42,790] {scheduler_job.py:182} INFO - Started process (PID=1014) to work on /home/airflow/.local/lib/python3.6/site-packages/airflow/example_dags/example_skip_dag.py
[2022-07-10 08:51:42,790] {scheduler_job.py:629} INFO - Processing file /home/airflow/.local/lib/python3.6/site-packages/airflow/example_dags/example_skip_dag.py for tasks to queue
[2022-07-10 08:51:42,791] {logging_mixin.py:104} INFO - [2022-07-10 08:51:42,791] {dagbag.py:451} INFO - Filling up the DagBag from /home/airflow/.local/lib/python3.6/site-packages/airflow/example_dags/example_skip_dag.py
[2022-07-10 08:51:42,797] {scheduler_job.py:639} INFO - DAG(s) dict_keys(['example_skip_dag']) retrieved from /home/airflow/.local/lib/python3.6/site-packages/airflow/example_dags/example_skip_dag.py
[2022-07-10 08:51:42,810] {logging_mixin.py:104} INFO - [2022-07-10 08:51:42,809] {dag.py:1824} INFO - Sync 1 DAGs
[2022-07-10 08:51:42,819] {logging_mixin.py:104} INFO - [2022-07-10 08:51:42,819] {dag.py:2280} INFO - Setting next_dagrun for example_skip_dag to 2022-07-08 00:00:00+00:00
[2022-07-10 08:51:42,825] {scheduler_job.py:190} INFO - Processing /home/airflow/.local/lib/python3.6/site-packages/airflow/example_dags/example_skip_dag.py took 0.038 seconds
[2022-07-10 08:52:13,576] {scheduler_job.py:182} INFO - Started process (PID=1040) to work on /home/airflow/.local/lib/python3.6/site-packages/airflow/example_dags/example_skip_dag.py
[2022-07-10 08:52:13,576] {scheduler_job.py:629} INFO - Processing file /home/airflow/.local/lib/python3.6/site-packages/airflow/example_dags/example_skip_dag.py for tasks to queue
[2022-07-10 08:52:13,577] {logging_mixin.py:104} INFO - [2022-07-10 08:52:13,577] {dagbag.py:451} INFO - Filling up the DagBag from /home/airflow/.local/lib/python3.6/site-packages/airflow/example_dags/example_skip_dag.py
[2022-07-10 08:52:13,583] {scheduler_job.py:639} INFO - DAG(s) dict_keys(['example_skip_dag']) retrieved from /home/airflow/.local/lib/python3.6/site-packages/airflow/example_dags/example_skip_dag.py
[2022-07-10 08:52:13,597] {logging_mixin.py:104} INFO - [2022-07-10 08:52:13,597] {dag.py:1824} INFO - Sync 1 DAGs
[2022-07-10 08:52:13,608] {logging_mixin.py:104} INFO - [2022-07-10 08:52:13,608] {dag.py:2280} INFO - Setting next_dagrun for example_skip_dag to 2022-07-08 00:00:00+00:00
[2022-07-10 08:52:13,615] {scheduler_job.py:190} INFO - Processing /home/airflow/.local/lib/python3.6/site-packages/airflow/example_dags/example_skip_dag.py took 0.041 seconds
[2022-07-10 08:52:44,459] {scheduler_job.py:182} INFO - Started process (PID=1066) to work on /home/airflow/.local/lib/python3.6/site-packages/airflow/example_dags/example_skip_dag.py
[2022-07-10 08:52:44,459] {scheduler_job.py:629} INFO - Processing file /home/airflow/.local/lib/python3.6/site-packages/airflow/example_dags/example_skip_dag.py for tasks to queue
[2022-07-10 08:52:44,460] {logging_mixin.py:104} INFO - [2022-07-10 08:52:44,460] {dagbag.py:451} INFO - Filling up the DagBag from /home/airflow/.local/lib/python3.6/site-packages/airflow/example_dags/example_skip_dag.py
[2022-07-10 08:52:44,466] {scheduler_job.py:639} INFO - DAG(s) dict_keys(['example_skip_dag']) retrieved from /home/airflow/.local/lib/python3.6/site-packages/airflow/example_dags/example_skip_dag.py
[2022-07-10 08:52:44,478] {logging_mixin.py:104} INFO - [2022-07-10 08:52:44,478] {dag.py:1824} INFO - Sync 1 DAGs
[2022-07-10 08:52:44,487] {logging_mixin.py:104} INFO - [2022-07-10 08:52:44,487] {dag.py:2280} INFO - Setting next_dagrun for example_skip_dag to 2022-07-08 00:00:00+00:00
[2022-07-10 08:52:44,493] {scheduler_job.py:190} INFO - Processing /home/airflow/.local/lib/python3.6/site-packages/airflow/example_dags/example_skip_dag.py took 0.036 seconds
[2022-07-10 08:53:15,321] {scheduler_job.py:182} INFO - Started process (PID=1092) to work on /home/airflow/.local/lib/python3.6/site-packages/airflow/example_dags/example_skip_dag.py
[2022-07-10 08:53:15,322] {scheduler_job.py:629} INFO - Processing file /home/airflow/.local/lib/python3.6/site-packages/airflow/example_dags/example_skip_dag.py for tasks to queue
[2022-07-10 08:53:15,323] {logging_mixin.py:104} INFO - [2022-07-10 08:53:15,322] {dagbag.py:451} INFO - Filling up the DagBag from /home/airflow/.local/lib/python3.6/site-packages/airflow/example_dags/example_skip_dag.py
[2022-07-10 08:53:15,328] {scheduler_job.py:639} INFO - DAG(s) dict_keys(['example_skip_dag']) retrieved from /home/airflow/.local/lib/python3.6/site-packages/airflow/example_dags/example_skip_dag.py
[2022-07-10 08:53:15,341] {logging_mixin.py:104} INFO - [2022-07-10 08:53:15,341] {dag.py:1824} INFO - Sync 1 DAGs
[2022-07-10 08:53:15,350] {logging_mixin.py:104} INFO - [2022-07-10 08:53:15,350] {dag.py:2280} INFO - Setting next_dagrun for example_skip_dag to 2022-07-08 00:00:00+00:00
[2022-07-10 08:53:15,356] {scheduler_job.py:190} INFO - Processing /home/airflow/.local/lib/python3.6/site-packages/airflow/example_dags/example_skip_dag.py took 0.036 seconds
[2022-07-10 08:53:46,196] {scheduler_job.py:182} INFO - Started process (PID=1118) to work on /home/airflow/.local/lib/python3.6/site-packages/airflow/example_dags/example_skip_dag.py
[2022-07-10 08:53:46,196] {scheduler_job.py:629} INFO - Processing file /home/airflow/.local/lib/python3.6/site-packages/airflow/example_dags/example_skip_dag.py for tasks to queue
[2022-07-10 08:53:46,197] {logging_mixin.py:104} INFO - [2022-07-10 08:53:46,197] {dagbag.py:451} INFO - Filling up the DagBag from /home/airflow/.local/lib/python3.6/site-packages/airflow/example_dags/example_skip_dag.py
[2022-07-10 08:53:46,203] {scheduler_job.py:639} INFO - DAG(s) dict_keys(['example_skip_dag']) retrieved from /home/airflow/.local/lib/python3.6/site-packages/airflow/example_dags/example_skip_dag.py
[2022-07-10 08:53:46,215] {logging_mixin.py:104} INFO - [2022-07-10 08:53:46,215] {dag.py:1824} INFO - Sync 1 DAGs
[2022-07-10 08:53:46,223] {logging_mixin.py:104} INFO - [2022-07-10 08:53:46,223] {dag.py:2280} INFO - Setting next_dagrun for example_skip_dag to 2022-07-08 00:00:00+00:00
[2022-07-10 08:53:46,230] {scheduler_job.py:190} INFO - Processing /home/airflow/.local/lib/python3.6/site-packages/airflow/example_dags/example_skip_dag.py took 0.037 seconds
[2022-07-10 08:54:17,087] {scheduler_job.py:182} INFO - Started process (PID=1144) to work on /home/airflow/.local/lib/python3.6/site-packages/airflow/example_dags/example_skip_dag.py
[2022-07-10 08:54:17,088] {scheduler_job.py:629} INFO - Processing file /home/airflow/.local/lib/python3.6/site-packages/airflow/example_dags/example_skip_dag.py for tasks to queue
[2022-07-10 08:54:17,089] {logging_mixin.py:104} INFO - [2022-07-10 08:54:17,089] {dagbag.py:451} INFO - Filling up the DagBag from /home/airflow/.local/lib/python3.6/site-packages/airflow/example_dags/example_skip_dag.py
[2022-07-10 08:54:17,095] {scheduler_job.py:639} INFO - DAG(s) dict_keys(['example_skip_dag']) retrieved from /home/airflow/.local/lib/python3.6/site-packages/airflow/example_dags/example_skip_dag.py
[2022-07-10 08:54:17,108] {logging_mixin.py:104} INFO - [2022-07-10 08:54:17,108] {dag.py:1824} INFO - Sync 1 DAGs
[2022-07-10 08:54:17,118] {logging_mixin.py:104} INFO - [2022-07-10 08:54:17,117] {dag.py:2280} INFO - Setting next_dagrun for example_skip_dag to 2022-07-08 00:00:00+00:00
[2022-07-10 08:54:17,124] {scheduler_job.py:190} INFO - Processing /home/airflow/.local/lib/python3.6/site-packages/airflow/example_dags/example_skip_dag.py took 0.038 seconds
[2022-07-10 08:54:47,960] {scheduler_job.py:182} INFO - Started process (PID=1170) to work on /home/airflow/.local/lib/python3.6/site-packages/airflow/example_dags/example_skip_dag.py
[2022-07-10 08:54:47,962] {scheduler_job.py:629} INFO - Processing file /home/airflow/.local/lib/python3.6/site-packages/airflow/example_dags/example_skip_dag.py for tasks to queue
[2022-07-10 08:54:47,962] {logging_mixin.py:104} INFO - [2022-07-10 08:54:47,962] {dagbag.py:451} INFO - Filling up the DagBag from /home/airflow/.local/lib/python3.6/site-packages/airflow/example_dags/example_skip_dag.py
[2022-07-10 08:54:47,968] {scheduler_job.py:639} INFO - DAG(s) dict_keys(['example_skip_dag']) retrieved from /home/airflow/.local/lib/python3.6/site-packages/airflow/example_dags/example_skip_dag.py
[2022-07-10 08:54:47,980] {logging_mixin.py:104} INFO - [2022-07-10 08:54:47,980] {dag.py:1824} INFO - Sync 1 DAGs
[2022-07-10 08:54:47,989] {logging_mixin.py:104} INFO - [2022-07-10 08:54:47,989] {dag.py:2280} INFO - Setting next_dagrun for example_skip_dag to 2022-07-08 00:00:00+00:00
[2022-07-10 08:54:47,995] {scheduler_job.py:190} INFO - Processing /home/airflow/.local/lib/python3.6/site-packages/airflow/example_dags/example_skip_dag.py took 0.036 seconds
[2022-07-10 08:55:18,778] {scheduler_job.py:182} INFO - Started process (PID=1196) to work on /home/airflow/.local/lib/python3.6/site-packages/airflow/example_dags/example_skip_dag.py
[2022-07-10 08:55:18,779] {scheduler_job.py:629} INFO - Processing file /home/airflow/.local/lib/python3.6/site-packages/airflow/example_dags/example_skip_dag.py for tasks to queue
[2022-07-10 08:55:18,779] {logging_mixin.py:104} INFO - [2022-07-10 08:55:18,779] {dagbag.py:451} INFO - Filling up the DagBag from /home/airflow/.local/lib/python3.6/site-packages/airflow/example_dags/example_skip_dag.py
[2022-07-10 08:55:18,786] {scheduler_job.py:639} INFO - DAG(s) dict_keys(['example_skip_dag']) retrieved from /home/airflow/.local/lib/python3.6/site-packages/airflow/example_dags/example_skip_dag.py
[2022-07-10 08:55:18,798] {logging_mixin.py:104} INFO - [2022-07-10 08:55:18,798] {dag.py:1824} INFO - Sync 1 DAGs
[2022-07-10 08:55:18,808] {logging_mixin.py:104} INFO - [2022-07-10 08:55:18,808] {dag.py:2280} INFO - Setting next_dagrun for example_skip_dag to 2022-07-08 00:00:00+00:00
[2022-07-10 08:55:18,816] {scheduler_job.py:190} INFO - Processing /home/airflow/.local/lib/python3.6/site-packages/airflow/example_dags/example_skip_dag.py took 0.039 seconds
[2022-07-10 08:55:49,761] {scheduler_job.py:182} INFO - Started process (PID=1222) to work on /home/airflow/.local/lib/python3.6/site-packages/airflow/example_dags/example_skip_dag.py
[2022-07-10 08:55:49,762] {scheduler_job.py:629} INFO - Processing file /home/airflow/.local/lib/python3.6/site-packages/airflow/example_dags/example_skip_dag.py for tasks to queue
[2022-07-10 08:55:49,762] {logging_mixin.py:104} INFO - [2022-07-10 08:55:49,762] {dagbag.py:451} INFO - Filling up the DagBag from /home/airflow/.local/lib/python3.6/site-packages/airflow/example_dags/example_skip_dag.py
[2022-07-10 08:55:49,768] {scheduler_job.py:639} INFO - DAG(s) dict_keys(['example_skip_dag']) retrieved from /home/airflow/.local/lib/python3.6/site-packages/airflow/example_dags/example_skip_dag.py
[2022-07-10 08:55:49,781] {logging_mixin.py:104} INFO - [2022-07-10 08:55:49,781] {dag.py:1824} INFO - Sync 1 DAGs
[2022-07-10 08:55:49,791] {logging_mixin.py:104} INFO - [2022-07-10 08:55:49,791] {dag.py:2280} INFO - Setting next_dagrun for example_skip_dag to 2022-07-08 00:00:00+00:00
[2022-07-10 08:55:49,797] {scheduler_job.py:190} INFO - Processing /home/airflow/.local/lib/python3.6/site-packages/airflow/example_dags/example_skip_dag.py took 0.038 seconds
[2022-07-10 08:56:20,815] {scheduler_job.py:182} INFO - Started process (PID=1248) to work on /home/airflow/.local/lib/python3.6/site-packages/airflow/example_dags/example_skip_dag.py
[2022-07-10 08:56:20,816] {scheduler_job.py:629} INFO - Processing file /home/airflow/.local/lib/python3.6/site-packages/airflow/example_dags/example_skip_dag.py for tasks to queue
[2022-07-10 08:56:20,816] {logging_mixin.py:104} INFO - [2022-07-10 08:56:20,816] {dagbag.py:451} INFO - Filling up the DagBag from /home/airflow/.local/lib/python3.6/site-packages/airflow/example_dags/example_skip_dag.py
[2022-07-10 08:56:20,822] {scheduler_job.py:639} INFO - DAG(s) dict_keys(['example_skip_dag']) retrieved from /home/airflow/.local/lib/python3.6/site-packages/airflow/example_dags/example_skip_dag.py
[2022-07-10 08:56:20,834] {logging_mixin.py:104} INFO - [2022-07-10 08:56:20,834] {dag.py:1824} INFO - Sync 1 DAGs
[2022-07-10 08:56:20,845] {logging_mixin.py:104} INFO - [2022-07-10 08:56:20,845] {dag.py:2280} INFO - Setting next_dagrun for example_skip_dag to 2022-07-08 00:00:00+00:00
[2022-07-10 08:56:20,851] {scheduler_job.py:190} INFO - Processing /home/airflow/.local/lib/python3.6/site-packages/airflow/example_dags/example_skip_dag.py took 0.038 seconds
[2022-07-10 08:56:51,637] {scheduler_job.py:182} INFO - Started process (PID=1274) to work on /home/airflow/.local/lib/python3.6/site-packages/airflow/example_dags/example_skip_dag.py
[2022-07-10 08:56:51,638] {scheduler_job.py:629} INFO - Processing file /home/airflow/.local/lib/python3.6/site-packages/airflow/example_dags/example_skip_dag.py for tasks to queue
[2022-07-10 08:56:51,639] {logging_mixin.py:104} INFO - [2022-07-10 08:56:51,639] {dagbag.py:451} INFO - Filling up the DagBag from /home/airflow/.local/lib/python3.6/site-packages/airflow/example_dags/example_skip_dag.py
[2022-07-10 08:56:51,645] {scheduler_job.py:639} INFO - DAG(s) dict_keys(['example_skip_dag']) retrieved from /home/airflow/.local/lib/python3.6/site-packages/airflow/example_dags/example_skip_dag.py
[2022-07-10 08:56:51,658] {logging_mixin.py:104} INFO - [2022-07-10 08:56:51,657] {dag.py:1824} INFO - Sync 1 DAGs
[2022-07-10 08:56:51,670] {logging_mixin.py:104} INFO - [2022-07-10 08:56:51,670] {dag.py:2280} INFO - Setting next_dagrun for example_skip_dag to 2022-07-08 00:00:00+00:00
[2022-07-10 08:56:51,676] {scheduler_job.py:190} INFO - Processing /home/airflow/.local/lib/python3.6/site-packages/airflow/example_dags/example_skip_dag.py took 0.041 seconds
[2022-07-10 08:57:22,559] {scheduler_job.py:182} INFO - Started process (PID=1300) to work on /home/airflow/.local/lib/python3.6/site-packages/airflow/example_dags/example_skip_dag.py
[2022-07-10 08:57:22,560] {scheduler_job.py:629} INFO - Processing file /home/airflow/.local/lib/python3.6/site-packages/airflow/example_dags/example_skip_dag.py for tasks to queue
[2022-07-10 08:57:22,560] {logging_mixin.py:104} INFO - [2022-07-10 08:57:22,560] {dagbag.py:451} INFO - Filling up the DagBag from /home/airflow/.local/lib/python3.6/site-packages/airflow/example_dags/example_skip_dag.py
[2022-07-10 08:57:22,567] {scheduler_job.py:639} INFO - DAG(s) dict_keys(['example_skip_dag']) retrieved from /home/airflow/.local/lib/python3.6/site-packages/airflow/example_dags/example_skip_dag.py
[2022-07-10 08:57:22,580] {logging_mixin.py:104} INFO - [2022-07-10 08:57:22,580] {dag.py:1824} INFO - Sync 1 DAGs
[2022-07-10 08:57:22,589] {logging_mixin.py:104} INFO - [2022-07-10 08:57:22,589] {dag.py:2280} INFO - Setting next_dagrun for example_skip_dag to 2022-07-08 00:00:00+00:00
[2022-07-10 08:57:22,596] {scheduler_job.py:190} INFO - Processing /home/airflow/.local/lib/python3.6/site-packages/airflow/example_dags/example_skip_dag.py took 0.038 seconds
[2022-07-10 08:57:53,388] {scheduler_job.py:182} INFO - Started process (PID=1326) to work on /home/airflow/.local/lib/python3.6/site-packages/airflow/example_dags/example_skip_dag.py
[2022-07-10 08:57:53,388] {scheduler_job.py:629} INFO - Processing file /home/airflow/.local/lib/python3.6/site-packages/airflow/example_dags/example_skip_dag.py for tasks to queue
[2022-07-10 08:57:53,389] {logging_mixin.py:104} INFO - [2022-07-10 08:57:53,389] {dagbag.py:451} INFO - Filling up the DagBag from /home/airflow/.local/lib/python3.6/site-packages/airflow/example_dags/example_skip_dag.py
[2022-07-10 08:57:53,396] {scheduler_job.py:639} INFO - DAG(s) dict_keys(['example_skip_dag']) retrieved from /home/airflow/.local/lib/python3.6/site-packages/airflow/example_dags/example_skip_dag.py
[2022-07-10 08:57:53,409] {logging_mixin.py:104} INFO - [2022-07-10 08:57:53,409] {dag.py:1824} INFO - Sync 1 DAGs
[2022-07-10 08:57:53,420] {logging_mixin.py:104} INFO - [2022-07-10 08:57:53,420] {dag.py:2280} INFO - Setting next_dagrun for example_skip_dag to 2022-07-08 00:00:00+00:00
[2022-07-10 08:57:53,427] {scheduler_job.py:190} INFO - Processing /home/airflow/.local/lib/python3.6/site-packages/airflow/example_dags/example_skip_dag.py took 0.041 seconds
[2022-07-10 08:58:24,416] {scheduler_job.py:182} INFO - Started process (PID=1352) to work on /home/airflow/.local/lib/python3.6/site-packages/airflow/example_dags/example_skip_dag.py
[2022-07-10 08:58:24,417] {scheduler_job.py:629} INFO - Processing file /home/airflow/.local/lib/python3.6/site-packages/airflow/example_dags/example_skip_dag.py for tasks to queue
[2022-07-10 08:58:24,418] {logging_mixin.py:104} INFO - [2022-07-10 08:58:24,418] {dagbag.py:451} INFO - Filling up the DagBag from /home/airflow/.local/lib/python3.6/site-packages/airflow/example_dags/example_skip_dag.py
[2022-07-10 08:58:24,425] {scheduler_job.py:639} INFO - DAG(s) dict_keys(['example_skip_dag']) retrieved from /home/airflow/.local/lib/python3.6/site-packages/airflow/example_dags/example_skip_dag.py
[2022-07-10 08:58:24,439] {logging_mixin.py:104} INFO - [2022-07-10 08:58:24,439] {dag.py:1824} INFO - Sync 1 DAGs
[2022-07-10 08:58:24,450] {logging_mixin.py:104} INFO - [2022-07-10 08:58:24,450] {dag.py:2280} INFO - Setting next_dagrun for example_skip_dag to 2022-07-08 00:00:00+00:00
[2022-07-10 08:58:24,457] {scheduler_job.py:190} INFO - Processing /home/airflow/.local/lib/python3.6/site-packages/airflow/example_dags/example_skip_dag.py took 0.043 seconds
[2022-07-10 08:58:55,257] {scheduler_job.py:182} INFO - Started process (PID=1378) to work on /home/airflow/.local/lib/python3.6/site-packages/airflow/example_dags/example_skip_dag.py
[2022-07-10 08:58:55,257] {scheduler_job.py:629} INFO - Processing file /home/airflow/.local/lib/python3.6/site-packages/airflow/example_dags/example_skip_dag.py for tasks to queue
[2022-07-10 08:58:55,258] {logging_mixin.py:104} INFO - [2022-07-10 08:58:55,258] {dagbag.py:451} INFO - Filling up the DagBag from /home/airflow/.local/lib/python3.6/site-packages/airflow/example_dags/example_skip_dag.py
[2022-07-10 08:58:55,264] {scheduler_job.py:639} INFO - DAG(s) dict_keys(['example_skip_dag']) retrieved from /home/airflow/.local/lib/python3.6/site-packages/airflow/example_dags/example_skip_dag.py
[2022-07-10 08:58:55,277] {logging_mixin.py:104} INFO - [2022-07-10 08:58:55,277] {dag.py:1824} INFO - Sync 1 DAGs
[2022-07-10 08:58:55,287] {logging_mixin.py:104} INFO - [2022-07-10 08:58:55,287] {dag.py:2280} INFO - Setting next_dagrun for example_skip_dag to 2022-07-08 00:00:00+00:00
[2022-07-10 08:58:55,294] {scheduler_job.py:190} INFO - Processing /home/airflow/.local/lib/python3.6/site-packages/airflow/example_dags/example_skip_dag.py took 0.039 seconds
[2022-07-10 08:59:26,012] {scheduler_job.py:182} INFO - Started process (PID=1404) to work on /home/airflow/.local/lib/python3.6/site-packages/airflow/example_dags/example_skip_dag.py
[2022-07-10 08:59:26,013] {scheduler_job.py:629} INFO - Processing file /home/airflow/.local/lib/python3.6/site-packages/airflow/example_dags/example_skip_dag.py for tasks to queue
[2022-07-10 08:59:26,013] {logging_mixin.py:104} INFO - [2022-07-10 08:59:26,013] {dagbag.py:451} INFO - Filling up the DagBag from /home/airflow/.local/lib/python3.6/site-packages/airflow/example_dags/example_skip_dag.py
[2022-07-10 08:59:26,019] {scheduler_job.py:639} INFO - DAG(s) dict_keys(['example_skip_dag']) retrieved from /home/airflow/.local/lib/python3.6/site-packages/airflow/example_dags/example_skip_dag.py
[2022-07-10 08:59:26,031] {logging_mixin.py:104} INFO - [2022-07-10 08:59:26,031] {dag.py:1824} INFO - Sync 1 DAGs
[2022-07-10 08:59:26,043] {logging_mixin.py:104} INFO - [2022-07-10 08:59:26,043] {dag.py:2280} INFO - Setting next_dagrun for example_skip_dag to 2022-07-08 00:00:00+00:00
[2022-07-10 08:59:26,051] {scheduler_job.py:190} INFO - Processing /home/airflow/.local/lib/python3.6/site-packages/airflow/example_dags/example_skip_dag.py took 0.040 seconds
[2022-07-10 08:59:56,880] {scheduler_job.py:182} INFO - Started process (PID=1430) to work on /home/airflow/.local/lib/python3.6/site-packages/airflow/example_dags/example_skip_dag.py
[2022-07-10 08:59:56,882] {scheduler_job.py:629} INFO - Processing file /home/airflow/.local/lib/python3.6/site-packages/airflow/example_dags/example_skip_dag.py for tasks to queue
[2022-07-10 08:59:56,882] {logging_mixin.py:104} INFO - [2022-07-10 08:59:56,882] {dagbag.py:451} INFO - Filling up the DagBag from /home/airflow/.local/lib/python3.6/site-packages/airflow/example_dags/example_skip_dag.py
[2022-07-10 08:59:56,888] {scheduler_job.py:639} INFO - DAG(s) dict_keys(['example_skip_dag']) retrieved from /home/airflow/.local/lib/python3.6/site-packages/airflow/example_dags/example_skip_dag.py
[2022-07-10 08:59:56,900] {logging_mixin.py:104} INFO - [2022-07-10 08:59:56,900] {dag.py:1824} INFO - Sync 1 DAGs
[2022-07-10 08:59:56,911] {logging_mixin.py:104} INFO - [2022-07-10 08:59:56,911] {dag.py:2280} INFO - Setting next_dagrun for example_skip_dag to 2022-07-08 00:00:00+00:00
[2022-07-10 08:59:56,917] {scheduler_job.py:190} INFO - Processing /home/airflow/.local/lib/python3.6/site-packages/airflow/example_dags/example_skip_dag.py took 0.039 seconds
[2022-07-10 09:00:27,655] {scheduler_job.py:182} INFO - Started process (PID=1456) to work on /home/airflow/.local/lib/python3.6/site-packages/airflow/example_dags/example_skip_dag.py
[2022-07-10 09:00:27,656] {scheduler_job.py:629} INFO - Processing file /home/airflow/.local/lib/python3.6/site-packages/airflow/example_dags/example_skip_dag.py for tasks to queue
[2022-07-10 09:00:27,656] {logging_mixin.py:104} INFO - [2022-07-10 09:00:27,656] {dagbag.py:451} INFO - Filling up the DagBag from /home/airflow/.local/lib/python3.6/site-packages/airflow/example_dags/example_skip_dag.py
[2022-07-10 09:00:27,663] {scheduler_job.py:639} INFO - DAG(s) dict_keys(['example_skip_dag']) retrieved from /home/airflow/.local/lib/python3.6/site-packages/airflow/example_dags/example_skip_dag.py
[2022-07-10 09:00:27,675] {logging_mixin.py:104} INFO - [2022-07-10 09:00:27,675] {dag.py:1824} INFO - Sync 1 DAGs
[2022-07-10 09:00:27,686] {logging_mixin.py:104} INFO - [2022-07-10 09:00:27,686] {dag.py:2280} INFO - Setting next_dagrun for example_skip_dag to 2022-07-08 00:00:00+00:00
[2022-07-10 09:00:27,693] {scheduler_job.py:190} INFO - Processing /home/airflow/.local/lib/python3.6/site-packages/airflow/example_dags/example_skip_dag.py took 0.040 seconds
[2022-07-10 09:00:58,515] {scheduler_job.py:182} INFO - Started process (PID=1482) to work on /home/airflow/.local/lib/python3.6/site-packages/airflow/example_dags/example_skip_dag.py
[2022-07-10 09:00:58,516] {scheduler_job.py:629} INFO - Processing file /home/airflow/.local/lib/python3.6/site-packages/airflow/example_dags/example_skip_dag.py for tasks to queue
[2022-07-10 09:00:58,516] {logging_mixin.py:104} INFO - [2022-07-10 09:00:58,516] {dagbag.py:451} INFO - Filling up the DagBag from /home/airflow/.local/lib/python3.6/site-packages/airflow/example_dags/example_skip_dag.py
[2022-07-10 09:00:58,522] {scheduler_job.py:639} INFO - DAG(s) dict_keys(['example_skip_dag']) retrieved from /home/airflow/.local/lib/python3.6/site-packages/airflow/example_dags/example_skip_dag.py
[2022-07-10 09:00:58,535] {logging_mixin.py:104} INFO - [2022-07-10 09:00:58,535] {dag.py:1824} INFO - Sync 1 DAGs
[2022-07-10 09:00:58,544] {logging_mixin.py:104} INFO - [2022-07-10 09:00:58,544] {dag.py:2280} INFO - Setting next_dagrun for example_skip_dag to 2022-07-08 00:00:00+00:00
[2022-07-10 09:00:58,550] {scheduler_job.py:190} INFO - Processing /home/airflow/.local/lib/python3.6/site-packages/airflow/example_dags/example_skip_dag.py took 0.037 seconds
[2022-07-10 09:03:55,001] {scheduler_job.py:182} INFO - Started process (PID=51) to work on /home/airflow/.local/lib/python3.6/site-packages/airflow/example_dags/example_skip_dag.py
[2022-07-10 09:03:55,003] {scheduler_job.py:629} INFO - Processing file /home/airflow/.local/lib/python3.6/site-packages/airflow/example_dags/example_skip_dag.py for tasks to queue
[2022-07-10 09:03:55,003] {logging_mixin.py:104} INFO - [2022-07-10 09:03:55,003] {dagbag.py:451} INFO - Filling up the DagBag from /home/airflow/.local/lib/python3.6/site-packages/airflow/example_dags/example_skip_dag.py
[2022-07-10 09:03:55,012] {scheduler_job.py:639} INFO - DAG(s) dict_keys(['example_skip_dag']) retrieved from /home/airflow/.local/lib/python3.6/site-packages/airflow/example_dags/example_skip_dag.py
[2022-07-10 09:03:55,029] {logging_mixin.py:104} INFO - [2022-07-10 09:03:55,029] {dag.py:1824} INFO - Sync 1 DAGs
[2022-07-10 09:03:55,044] {logging_mixin.py:104} INFO - [2022-07-10 09:03:55,043] {dag.py:2280} INFO - Setting next_dagrun for example_skip_dag to 2022-07-08 00:00:00+00:00
[2022-07-10 09:03:55,051] {scheduler_job.py:190} INFO - Processing /home/airflow/.local/lib/python3.6/site-packages/airflow/example_dags/example_skip_dag.py took 0.052 seconds
[2022-07-10 09:04:25,897] {scheduler_job.py:182} INFO - Started process (PID=77) to work on /home/airflow/.local/lib/python3.6/site-packages/airflow/example_dags/example_skip_dag.py
[2022-07-10 09:04:25,898] {scheduler_job.py:629} INFO - Processing file /home/airflow/.local/lib/python3.6/site-packages/airflow/example_dags/example_skip_dag.py for tasks to queue
[2022-07-10 09:04:25,898] {logging_mixin.py:104} INFO - [2022-07-10 09:04:25,898] {dagbag.py:451} INFO - Filling up the DagBag from /home/airflow/.local/lib/python3.6/site-packages/airflow/example_dags/example_skip_dag.py
[2022-07-10 09:04:25,904] {scheduler_job.py:639} INFO - DAG(s) dict_keys(['example_skip_dag']) retrieved from /home/airflow/.local/lib/python3.6/site-packages/airflow/example_dags/example_skip_dag.py
[2022-07-10 09:04:25,917] {logging_mixin.py:104} INFO - [2022-07-10 09:04:25,917] {dag.py:1824} INFO - Sync 1 DAGs
[2022-07-10 09:04:25,929] {logging_mixin.py:104} INFO - [2022-07-10 09:04:25,929] {dag.py:2280} INFO - Setting next_dagrun for example_skip_dag to 2022-07-08 00:00:00+00:00
[2022-07-10 09:04:25,935] {scheduler_job.py:190} INFO - Processing /home/airflow/.local/lib/python3.6/site-packages/airflow/example_dags/example_skip_dag.py took 0.039 seconds
[2022-07-10 09:04:56,687] {scheduler_job.py:182} INFO - Started process (PID=103) to work on /home/airflow/.local/lib/python3.6/site-packages/airflow/example_dags/example_skip_dag.py
[2022-07-10 09:04:56,688] {scheduler_job.py:629} INFO - Processing file /home/airflow/.local/lib/python3.6/site-packages/airflow/example_dags/example_skip_dag.py for tasks to queue
[2022-07-10 09:04:56,688] {logging_mixin.py:104} INFO - [2022-07-10 09:04:56,688] {dagbag.py:451} INFO - Filling up the DagBag from /home/airflow/.local/lib/python3.6/site-packages/airflow/example_dags/example_skip_dag.py
[2022-07-10 09:04:56,694] {scheduler_job.py:639} INFO - DAG(s) dict_keys(['example_skip_dag']) retrieved from /home/airflow/.local/lib/python3.6/site-packages/airflow/example_dags/example_skip_dag.py
[2022-07-10 09:04:56,706] {logging_mixin.py:104} INFO - [2022-07-10 09:04:56,706] {dag.py:1824} INFO - Sync 1 DAGs
[2022-07-10 09:04:56,717] {logging_mixin.py:104} INFO - [2022-07-10 09:04:56,716] {dag.py:2280} INFO - Setting next_dagrun for example_skip_dag to 2022-07-08 00:00:00+00:00
[2022-07-10 09:04:56,723] {scheduler_job.py:190} INFO - Processing /home/airflow/.local/lib/python3.6/site-packages/airflow/example_dags/example_skip_dag.py took 0.038 seconds
[2022-07-10 09:05:27,541] {scheduler_job.py:182} INFO - Started process (PID=129) to work on /home/airflow/.local/lib/python3.6/site-packages/airflow/example_dags/example_skip_dag.py
[2022-07-10 09:05:27,542] {scheduler_job.py:629} INFO - Processing file /home/airflow/.local/lib/python3.6/site-packages/airflow/example_dags/example_skip_dag.py for tasks to queue
[2022-07-10 09:05:27,542] {logging_mixin.py:104} INFO - [2022-07-10 09:05:27,542] {dagbag.py:451} INFO - Filling up the DagBag from /home/airflow/.local/lib/python3.6/site-packages/airflow/example_dags/example_skip_dag.py
[2022-07-10 09:05:27,548] {scheduler_job.py:639} INFO - DAG(s) dict_keys(['example_skip_dag']) retrieved from /home/airflow/.local/lib/python3.6/site-packages/airflow/example_dags/example_skip_dag.py
[2022-07-10 09:05:27,564] {logging_mixin.py:104} INFO - [2022-07-10 09:05:27,564] {dag.py:1824} INFO - Sync 1 DAGs
[2022-07-10 09:05:27,579] {logging_mixin.py:104} INFO - [2022-07-10 09:05:27,579] {dag.py:2280} INFO - Setting next_dagrun for example_skip_dag to 2022-07-08 00:00:00+00:00
[2022-07-10 09:05:27,588] {scheduler_job.py:190} INFO - Processing /home/airflow/.local/lib/python3.6/site-packages/airflow/example_dags/example_skip_dag.py took 0.049 seconds
[2022-07-10 09:05:58,388] {scheduler_job.py:182} INFO - Started process (PID=155) to work on /home/airflow/.local/lib/python3.6/site-packages/airflow/example_dags/example_skip_dag.py
[2022-07-10 09:05:58,388] {scheduler_job.py:629} INFO - Processing file /home/airflow/.local/lib/python3.6/site-packages/airflow/example_dags/example_skip_dag.py for tasks to queue
[2022-07-10 09:05:58,389] {logging_mixin.py:104} INFO - [2022-07-10 09:05:58,389] {dagbag.py:451} INFO - Filling up the DagBag from /home/airflow/.local/lib/python3.6/site-packages/airflow/example_dags/example_skip_dag.py
[2022-07-10 09:05:58,395] {scheduler_job.py:639} INFO - DAG(s) dict_keys(['example_skip_dag']) retrieved from /home/airflow/.local/lib/python3.6/site-packages/airflow/example_dags/example_skip_dag.py
[2022-07-10 09:05:58,407] {logging_mixin.py:104} INFO - [2022-07-10 09:05:58,407] {dag.py:1824} INFO - Sync 1 DAGs
[2022-07-10 09:05:58,418] {logging_mixin.py:104} INFO - [2022-07-10 09:05:58,418] {dag.py:2280} INFO - Setting next_dagrun for example_skip_dag to 2022-07-08 00:00:00+00:00
[2022-07-10 09:05:58,424] {scheduler_job.py:190} INFO - Processing /home/airflow/.local/lib/python3.6/site-packages/airflow/example_dags/example_skip_dag.py took 0.038 seconds
[2022-07-10 09:06:29,182] {scheduler_job.py:182} INFO - Started process (PID=181) to work on /home/airflow/.local/lib/python3.6/site-packages/airflow/example_dags/example_skip_dag.py
[2022-07-10 09:06:29,183] {scheduler_job.py:629} INFO - Processing file /home/airflow/.local/lib/python3.6/site-packages/airflow/example_dags/example_skip_dag.py for tasks to queue
[2022-07-10 09:06:29,184] {logging_mixin.py:104} INFO - [2022-07-10 09:06:29,183] {dagbag.py:451} INFO - Filling up the DagBag from /home/airflow/.local/lib/python3.6/site-packages/airflow/example_dags/example_skip_dag.py
[2022-07-10 09:06:29,189] {scheduler_job.py:639} INFO - DAG(s) dict_keys(['example_skip_dag']) retrieved from /home/airflow/.local/lib/python3.6/site-packages/airflow/example_dags/example_skip_dag.py
[2022-07-10 09:06:29,201] {logging_mixin.py:104} INFO - [2022-07-10 09:06:29,201] {dag.py:1824} INFO - Sync 1 DAGs
[2022-07-10 09:06:29,212] {logging_mixin.py:104} INFO - [2022-07-10 09:06:29,212] {dag.py:2280} INFO - Setting next_dagrun for example_skip_dag to 2022-07-08 00:00:00+00:00
[2022-07-10 09:06:29,219] {scheduler_job.py:190} INFO - Processing /home/airflow/.local/lib/python3.6/site-packages/airflow/example_dags/example_skip_dag.py took 0.038 seconds
[2022-07-10 09:06:59,961] {scheduler_job.py:182} INFO - Started process (PID=207) to work on /home/airflow/.local/lib/python3.6/site-packages/airflow/example_dags/example_skip_dag.py
[2022-07-10 09:06:59,962] {scheduler_job.py:629} INFO - Processing file /home/airflow/.local/lib/python3.6/site-packages/airflow/example_dags/example_skip_dag.py for tasks to queue
[2022-07-10 09:06:59,962] {logging_mixin.py:104} INFO - [2022-07-10 09:06:59,962] {dagbag.py:451} INFO - Filling up the DagBag from /home/airflow/.local/lib/python3.6/site-packages/airflow/example_dags/example_skip_dag.py
[2022-07-10 09:06:59,968] {scheduler_job.py:639} INFO - DAG(s) dict_keys(['example_skip_dag']) retrieved from /home/airflow/.local/lib/python3.6/site-packages/airflow/example_dags/example_skip_dag.py
[2022-07-10 09:06:59,982] {logging_mixin.py:104} INFO - [2022-07-10 09:06:59,982] {dag.py:1824} INFO - Sync 1 DAGs
[2022-07-10 09:06:59,990] {logging_mixin.py:104} INFO - [2022-07-10 09:06:59,990] {dag.py:2280} INFO - Setting next_dagrun for example_skip_dag to 2022-07-08 00:00:00+00:00
[2022-07-10 09:06:59,996] {scheduler_job.py:190} INFO - Processing /home/airflow/.local/lib/python3.6/site-packages/airflow/example_dags/example_skip_dag.py took 0.037 seconds
[2022-07-10 09:07:30,805] {scheduler_job.py:182} INFO - Started process (PID=233) to work on /home/airflow/.local/lib/python3.6/site-packages/airflow/example_dags/example_skip_dag.py
[2022-07-10 09:07:30,805] {scheduler_job.py:629} INFO - Processing file /home/airflow/.local/lib/python3.6/site-packages/airflow/example_dags/example_skip_dag.py for tasks to queue
[2022-07-10 09:07:30,806] {logging_mixin.py:104} INFO - [2022-07-10 09:07:30,806] {dagbag.py:451} INFO - Filling up the DagBag from /home/airflow/.local/lib/python3.6/site-packages/airflow/example_dags/example_skip_dag.py
[2022-07-10 09:07:30,812] {scheduler_job.py:639} INFO - DAG(s) dict_keys(['example_skip_dag']) retrieved from /home/airflow/.local/lib/python3.6/site-packages/airflow/example_dags/example_skip_dag.py
[2022-07-10 09:07:30,826] {logging_mixin.py:104} INFO - [2022-07-10 09:07:30,826] {dag.py:1824} INFO - Sync 1 DAGs
[2022-07-10 09:07:30,835] {logging_mixin.py:104} INFO - [2022-07-10 09:07:30,835] {dag.py:2280} INFO - Setting next_dagrun for example_skip_dag to 2022-07-08 00:00:00+00:00
[2022-07-10 09:07:30,841] {scheduler_job.py:190} INFO - Processing /home/airflow/.local/lib/python3.6/site-packages/airflow/example_dags/example_skip_dag.py took 0.038 seconds
[2022-07-10 09:08:01,592] {scheduler_job.py:182} INFO - Started process (PID=259) to work on /home/airflow/.local/lib/python3.6/site-packages/airflow/example_dags/example_skip_dag.py
[2022-07-10 09:08:01,592] {scheduler_job.py:629} INFO - Processing file /home/airflow/.local/lib/python3.6/site-packages/airflow/example_dags/example_skip_dag.py for tasks to queue
[2022-07-10 09:08:01,593] {logging_mixin.py:104} INFO - [2022-07-10 09:08:01,593] {dagbag.py:451} INFO - Filling up the DagBag from /home/airflow/.local/lib/python3.6/site-packages/airflow/example_dags/example_skip_dag.py
[2022-07-10 09:08:01,599] {scheduler_job.py:639} INFO - DAG(s) dict_keys(['example_skip_dag']) retrieved from /home/airflow/.local/lib/python3.6/site-packages/airflow/example_dags/example_skip_dag.py
[2022-07-10 09:08:01,612] {logging_mixin.py:104} INFO - [2022-07-10 09:08:01,612] {dag.py:1824} INFO - Sync 1 DAGs
[2022-07-10 09:08:01,620] {logging_mixin.py:104} INFO - [2022-07-10 09:08:01,620] {dag.py:2280} INFO - Setting next_dagrun for example_skip_dag to 2022-07-08 00:00:00+00:00
[2022-07-10 09:08:01,626] {scheduler_job.py:190} INFO - Processing /home/airflow/.local/lib/python3.6/site-packages/airflow/example_dags/example_skip_dag.py took 0.036 seconds
[2022-07-10 09:08:32,393] {scheduler_job.py:182} INFO - Started process (PID=285) to work on /home/airflow/.local/lib/python3.6/site-packages/airflow/example_dags/example_skip_dag.py
[2022-07-10 09:08:32,393] {scheduler_job.py:629} INFO - Processing file /home/airflow/.local/lib/python3.6/site-packages/airflow/example_dags/example_skip_dag.py for tasks to queue
[2022-07-10 09:08:32,394] {logging_mixin.py:104} INFO - [2022-07-10 09:08:32,394] {dagbag.py:451} INFO - Filling up the DagBag from /home/airflow/.local/lib/python3.6/site-packages/airflow/example_dags/example_skip_dag.py
[2022-07-10 09:08:32,400] {scheduler_job.py:639} INFO - DAG(s) dict_keys(['example_skip_dag']) retrieved from /home/airflow/.local/lib/python3.6/site-packages/airflow/example_dags/example_skip_dag.py
[2022-07-10 09:08:32,415] {logging_mixin.py:104} INFO - [2022-07-10 09:08:32,415] {dag.py:1824} INFO - Sync 1 DAGs
[2022-07-10 09:08:32,424] {logging_mixin.py:104} INFO - [2022-07-10 09:08:32,424] {dag.py:2280} INFO - Setting next_dagrun for example_skip_dag to 2022-07-08 00:00:00+00:00
[2022-07-10 09:08:32,430] {scheduler_job.py:190} INFO - Processing /home/airflow/.local/lib/python3.6/site-packages/airflow/example_dags/example_skip_dag.py took 0.039 seconds
[2022-07-10 09:09:03,412] {scheduler_job.py:182} INFO - Started process (PID=311) to work on /home/airflow/.local/lib/python3.6/site-packages/airflow/example_dags/example_skip_dag.py
[2022-07-10 09:09:03,412] {scheduler_job.py:629} INFO - Processing file /home/airflow/.local/lib/python3.6/site-packages/airflow/example_dags/example_skip_dag.py for tasks to queue
[2022-07-10 09:09:03,413] {logging_mixin.py:104} INFO - [2022-07-10 09:09:03,413] {dagbag.py:451} INFO - Filling up the DagBag from /home/airflow/.local/lib/python3.6/site-packages/airflow/example_dags/example_skip_dag.py
[2022-07-10 09:09:03,420] {scheduler_job.py:639} INFO - DAG(s) dict_keys(['example_skip_dag']) retrieved from /home/airflow/.local/lib/python3.6/site-packages/airflow/example_dags/example_skip_dag.py
[2022-07-10 09:09:03,433] {logging_mixin.py:104} INFO - [2022-07-10 09:09:03,433] {dag.py:1824} INFO - Sync 1 DAGs
[2022-07-10 09:09:03,441] {logging_mixin.py:104} INFO - [2022-07-10 09:09:03,441] {dag.py:2280} INFO - Setting next_dagrun for example_skip_dag to 2022-07-08 00:00:00+00:00
[2022-07-10 09:09:03,448] {scheduler_job.py:190} INFO - Processing /home/airflow/.local/lib/python3.6/site-packages/airflow/example_dags/example_skip_dag.py took 0.038 seconds
[2022-07-10 09:09:33,495] {scheduler_job.py:182} INFO - Started process (PID=337) to work on /home/airflow/.local/lib/python3.6/site-packages/airflow/example_dags/example_skip_dag.py
[2022-07-10 09:09:33,496] {scheduler_job.py:629} INFO - Processing file /home/airflow/.local/lib/python3.6/site-packages/airflow/example_dags/example_skip_dag.py for tasks to queue
[2022-07-10 09:09:33,497] {logging_mixin.py:104} INFO - [2022-07-10 09:09:33,497] {dagbag.py:451} INFO - Filling up the DagBag from /home/airflow/.local/lib/python3.6/site-packages/airflow/example_dags/example_skip_dag.py
[2022-07-10 09:09:33,505] {scheduler_job.py:639} INFO - DAG(s) dict_keys(['example_skip_dag']) retrieved from /home/airflow/.local/lib/python3.6/site-packages/airflow/example_dags/example_skip_dag.py
[2022-07-10 09:09:33,517] {logging_mixin.py:104} INFO - [2022-07-10 09:09:33,517] {dag.py:1824} INFO - Sync 1 DAGs
[2022-07-10 09:09:33,526] {logging_mixin.py:104} INFO - [2022-07-10 09:09:33,526] {dag.py:2280} INFO - Setting next_dagrun for example_skip_dag to 2022-07-08 00:00:00+00:00
[2022-07-10 09:09:33,533] {scheduler_job.py:190} INFO - Processing /home/airflow/.local/lib/python3.6/site-packages/airflow/example_dags/example_skip_dag.py took 0.039 seconds
[2022-07-10 09:10:04,301] {scheduler_job.py:182} INFO - Started process (PID=363) to work on /home/airflow/.local/lib/python3.6/site-packages/airflow/example_dags/example_skip_dag.py
[2022-07-10 09:10:04,302] {scheduler_job.py:629} INFO - Processing file /home/airflow/.local/lib/python3.6/site-packages/airflow/example_dags/example_skip_dag.py for tasks to queue
[2022-07-10 09:10:04,302] {logging_mixin.py:104} INFO - [2022-07-10 09:10:04,302] {dagbag.py:451} INFO - Filling up the DagBag from /home/airflow/.local/lib/python3.6/site-packages/airflow/example_dags/example_skip_dag.py
[2022-07-10 09:10:04,310] {scheduler_job.py:639} INFO - DAG(s) dict_keys(['example_skip_dag']) retrieved from /home/airflow/.local/lib/python3.6/site-packages/airflow/example_dags/example_skip_dag.py
[2022-07-10 09:10:04,322] {logging_mixin.py:104} INFO - [2022-07-10 09:10:04,322] {dag.py:1824} INFO - Sync 1 DAGs
[2022-07-10 09:10:04,330] {logging_mixin.py:104} INFO - [2022-07-10 09:10:04,330] {dag.py:2280} INFO - Setting next_dagrun for example_skip_dag to 2022-07-08 00:00:00+00:00
[2022-07-10 09:10:04,339] {scheduler_job.py:190} INFO - Processing /home/airflow/.local/lib/python3.6/site-packages/airflow/example_dags/example_skip_dag.py took 0.039 seconds
[2022-07-10 09:10:35,204] {scheduler_job.py:182} INFO - Started process (PID=389) to work on /home/airflow/.local/lib/python3.6/site-packages/airflow/example_dags/example_skip_dag.py
[2022-07-10 09:10:35,205] {scheduler_job.py:629} INFO - Processing file /home/airflow/.local/lib/python3.6/site-packages/airflow/example_dags/example_skip_dag.py for tasks to queue
[2022-07-10 09:10:35,205] {logging_mixin.py:104} INFO - [2022-07-10 09:10:35,205] {dagbag.py:451} INFO - Filling up the DagBag from /home/airflow/.local/lib/python3.6/site-packages/airflow/example_dags/example_skip_dag.py
[2022-07-10 09:10:35,214] {scheduler_job.py:639} INFO - DAG(s) dict_keys(['example_skip_dag']) retrieved from /home/airflow/.local/lib/python3.6/site-packages/airflow/example_dags/example_skip_dag.py
[2022-07-10 09:10:35,225] {logging_mixin.py:104} INFO - [2022-07-10 09:10:35,225] {dag.py:1824} INFO - Sync 1 DAGs
[2022-07-10 09:10:35,234] {logging_mixin.py:104} INFO - [2022-07-10 09:10:35,234] {dag.py:2280} INFO - Setting next_dagrun for example_skip_dag to 2022-07-08 00:00:00+00:00
[2022-07-10 09:10:35,241] {scheduler_job.py:190} INFO - Processing /home/airflow/.local/lib/python3.6/site-packages/airflow/example_dags/example_skip_dag.py took 0.038 seconds
[2022-07-10 09:11:05,966] {scheduler_job.py:182} INFO - Started process (PID=415) to work on /home/airflow/.local/lib/python3.6/site-packages/airflow/example_dags/example_skip_dag.py
[2022-07-10 09:11:05,969] {scheduler_job.py:629} INFO - Processing file /home/airflow/.local/lib/python3.6/site-packages/airflow/example_dags/example_skip_dag.py for tasks to queue
[2022-07-10 09:11:05,969] {logging_mixin.py:104} INFO - [2022-07-10 09:11:05,969] {dagbag.py:451} INFO - Filling up the DagBag from /home/airflow/.local/lib/python3.6/site-packages/airflow/example_dags/example_skip_dag.py
[2022-07-10 09:11:05,976] {scheduler_job.py:639} INFO - DAG(s) dict_keys(['example_skip_dag']) retrieved from /home/airflow/.local/lib/python3.6/site-packages/airflow/example_dags/example_skip_dag.py
[2022-07-10 09:11:05,988] {logging_mixin.py:104} INFO - [2022-07-10 09:11:05,988] {dag.py:1824} INFO - Sync 1 DAGs
[2022-07-10 09:11:05,997] {logging_mixin.py:104} INFO - [2022-07-10 09:11:05,997] {dag.py:2280} INFO - Setting next_dagrun for example_skip_dag to 2022-07-08 00:00:00+00:00
[2022-07-10 09:11:06,003] {scheduler_job.py:190} INFO - Processing /home/airflow/.local/lib/python3.6/site-packages/airflow/example_dags/example_skip_dag.py took 0.038 seconds
[2022-07-10 09:11:36,804] {scheduler_job.py:182} INFO - Started process (PID=441) to work on /home/airflow/.local/lib/python3.6/site-packages/airflow/example_dags/example_skip_dag.py
[2022-07-10 09:11:36,805] {scheduler_job.py:629} INFO - Processing file /home/airflow/.local/lib/python3.6/site-packages/airflow/example_dags/example_skip_dag.py for tasks to queue
[2022-07-10 09:11:36,805] {logging_mixin.py:104} INFO - [2022-07-10 09:11:36,805] {dagbag.py:451} INFO - Filling up the DagBag from /home/airflow/.local/lib/python3.6/site-packages/airflow/example_dags/example_skip_dag.py
[2022-07-10 09:11:36,811] {scheduler_job.py:639} INFO - DAG(s) dict_keys(['example_skip_dag']) retrieved from /home/airflow/.local/lib/python3.6/site-packages/airflow/example_dags/example_skip_dag.py
[2022-07-10 09:11:36,824] {logging_mixin.py:104} INFO - [2022-07-10 09:11:36,824] {dag.py:1824} INFO - Sync 1 DAGs
[2022-07-10 09:11:36,834] {logging_mixin.py:104} INFO - [2022-07-10 09:11:36,834] {dag.py:2280} INFO - Setting next_dagrun for example_skip_dag to 2022-07-08 00:00:00+00:00
[2022-07-10 09:11:36,840] {scheduler_job.py:190} INFO - Processing /home/airflow/.local/lib/python3.6/site-packages/airflow/example_dags/example_skip_dag.py took 0.038 seconds
[2022-07-10 09:12:07,572] {scheduler_job.py:182} INFO - Started process (PID=467) to work on /home/airflow/.local/lib/python3.6/site-packages/airflow/example_dags/example_skip_dag.py
[2022-07-10 09:12:07,573] {scheduler_job.py:629} INFO - Processing file /home/airflow/.local/lib/python3.6/site-packages/airflow/example_dags/example_skip_dag.py for tasks to queue
[2022-07-10 09:12:07,573] {logging_mixin.py:104} INFO - [2022-07-10 09:12:07,573] {dagbag.py:451} INFO - Filling up the DagBag from /home/airflow/.local/lib/python3.6/site-packages/airflow/example_dags/example_skip_dag.py
[2022-07-10 09:12:07,579] {scheduler_job.py:639} INFO - DAG(s) dict_keys(['example_skip_dag']) retrieved from /home/airflow/.local/lib/python3.6/site-packages/airflow/example_dags/example_skip_dag.py
[2022-07-10 09:12:07,591] {logging_mixin.py:104} INFO - [2022-07-10 09:12:07,591] {dag.py:1824} INFO - Sync 1 DAGs
[2022-07-10 09:12:07,600] {logging_mixin.py:104} INFO - [2022-07-10 09:12:07,600] {dag.py:2280} INFO - Setting next_dagrun for example_skip_dag to 2022-07-08 00:00:00+00:00
[2022-07-10 09:12:07,606] {scheduler_job.py:190} INFO - Processing /home/airflow/.local/lib/python3.6/site-packages/airflow/example_dags/example_skip_dag.py took 0.035 seconds
