[2022-07-10 08:32:41,754] {scheduler_job.py:182} INFO - Started process (PID=54) to work on /home/airflow/.local/lib/python3.6/site-packages/airflow/example_dags/example_trigger_target_dag.py
[2022-07-10 08:32:41,755] {scheduler_job.py:629} INFO - Processing file /home/airflow/.local/lib/python3.6/site-packages/airflow/example_dags/example_trigger_target_dag.py for tasks to queue
[2022-07-10 08:32:41,756] {logging_mixin.py:104} INFO - [2022-07-10 08:32:41,756] {dagbag.py:451} INFO - Filling up the DagBag from /home/airflow/.local/lib/python3.6/site-packages/airflow/example_dags/example_trigger_target_dag.py
[2022-07-10 08:32:41,764] {scheduler_job.py:639} INFO - DAG(s) dict_keys(['example_trigger_target_dag']) retrieved from /home/airflow/.local/lib/python3.6/site-packages/airflow/example_dags/example_trigger_target_dag.py
[2022-07-10 08:32:41,780] {logging_mixin.py:104} INFO - [2022-07-10 08:32:41,779] {dag.py:1824} INFO - Sync 1 DAGs
[2022-07-10 08:32:41,788] {logging_mixin.py:104} INFO - [2022-07-10 08:32:41,788] {dag.py:1843} INFO - Creating ORM DAG for example_trigger_target_dag
[2022-07-10 08:32:41,793] {logging_mixin.py:104} INFO - [2022-07-10 08:32:41,793] {dag.py:2280} INFO - Setting next_dagrun for example_trigger_target_dag to None
[2022-07-10 08:32:41,803] {scheduler_job.py:190} INFO - Processing /home/airflow/.local/lib/python3.6/site-packages/airflow/example_dags/example_trigger_target_dag.py took 0.051 seconds
[2022-07-10 08:33:12,746] {scheduler_job.py:182} INFO - Started process (PID=80) to work on /home/airflow/.local/lib/python3.6/site-packages/airflow/example_dags/example_trigger_target_dag.py
[2022-07-10 08:33:12,747] {scheduler_job.py:629} INFO - Processing file /home/airflow/.local/lib/python3.6/site-packages/airflow/example_dags/example_trigger_target_dag.py for tasks to queue
[2022-07-10 08:33:12,748] {logging_mixin.py:104} INFO - [2022-07-10 08:33:12,748] {dagbag.py:451} INFO - Filling up the DagBag from /home/airflow/.local/lib/python3.6/site-packages/airflow/example_dags/example_trigger_target_dag.py
[2022-07-10 08:33:12,755] {scheduler_job.py:639} INFO - DAG(s) dict_keys(['example_trigger_target_dag']) retrieved from /home/airflow/.local/lib/python3.6/site-packages/airflow/example_dags/example_trigger_target_dag.py
[2022-07-10 08:33:12,767] {logging_mixin.py:104} INFO - [2022-07-10 08:33:12,767] {dag.py:1824} INFO - Sync 1 DAGs
[2022-07-10 08:33:12,778] {logging_mixin.py:104} INFO - [2022-07-10 08:33:12,778] {dag.py:2280} INFO - Setting next_dagrun for example_trigger_target_dag to None
[2022-07-10 08:33:12,785] {scheduler_job.py:190} INFO - Processing /home/airflow/.local/lib/python3.6/site-packages/airflow/example_dags/example_trigger_target_dag.py took 0.040 seconds
[2022-07-10 08:33:43,573] {scheduler_job.py:182} INFO - Started process (PID=106) to work on /home/airflow/.local/lib/python3.6/site-packages/airflow/example_dags/example_trigger_target_dag.py
[2022-07-10 08:33:43,574] {scheduler_job.py:629} INFO - Processing file /home/airflow/.local/lib/python3.6/site-packages/airflow/example_dags/example_trigger_target_dag.py for tasks to queue
[2022-07-10 08:33:43,574] {logging_mixin.py:104} INFO - [2022-07-10 08:33:43,574] {dagbag.py:451} INFO - Filling up the DagBag from /home/airflow/.local/lib/python3.6/site-packages/airflow/example_dags/example_trigger_target_dag.py
[2022-07-10 08:33:43,580] {scheduler_job.py:639} INFO - DAG(s) dict_keys(['example_trigger_target_dag']) retrieved from /home/airflow/.local/lib/python3.6/site-packages/airflow/example_dags/example_trigger_target_dag.py
[2022-07-10 08:33:43,592] {logging_mixin.py:104} INFO - [2022-07-10 08:33:43,592] {dag.py:1824} INFO - Sync 1 DAGs
[2022-07-10 08:33:43,603] {logging_mixin.py:104} INFO - [2022-07-10 08:33:43,603] {dag.py:2280} INFO - Setting next_dagrun for example_trigger_target_dag to None
[2022-07-10 08:33:43,609] {scheduler_job.py:190} INFO - Processing /home/airflow/.local/lib/python3.6/site-packages/airflow/example_dags/example_trigger_target_dag.py took 0.038 seconds
[2022-07-10 08:34:14,410] {scheduler_job.py:182} INFO - Started process (PID=132) to work on /home/airflow/.local/lib/python3.6/site-packages/airflow/example_dags/example_trigger_target_dag.py
[2022-07-10 08:34:14,411] {scheduler_job.py:629} INFO - Processing file /home/airflow/.local/lib/python3.6/site-packages/airflow/example_dags/example_trigger_target_dag.py for tasks to queue
[2022-07-10 08:34:14,411] {logging_mixin.py:104} INFO - [2022-07-10 08:34:14,411] {dagbag.py:451} INFO - Filling up the DagBag from /home/airflow/.local/lib/python3.6/site-packages/airflow/example_dags/example_trigger_target_dag.py
[2022-07-10 08:34:14,418] {scheduler_job.py:639} INFO - DAG(s) dict_keys(['example_trigger_target_dag']) retrieved from /home/airflow/.local/lib/python3.6/site-packages/airflow/example_dags/example_trigger_target_dag.py
[2022-07-10 08:34:14,429] {logging_mixin.py:104} INFO - [2022-07-10 08:34:14,429] {dag.py:1824} INFO - Sync 1 DAGs
[2022-07-10 08:34:14,440] {logging_mixin.py:104} INFO - [2022-07-10 08:34:14,440] {dag.py:2280} INFO - Setting next_dagrun for example_trigger_target_dag to None
[2022-07-10 08:34:14,447] {scheduler_job.py:190} INFO - Processing /home/airflow/.local/lib/python3.6/site-packages/airflow/example_dags/example_trigger_target_dag.py took 0.038 seconds
[2022-07-10 08:34:45,215] {scheduler_job.py:182} INFO - Started process (PID=158) to work on /home/airflow/.local/lib/python3.6/site-packages/airflow/example_dags/example_trigger_target_dag.py
[2022-07-10 08:34:45,215] {scheduler_job.py:629} INFO - Processing file /home/airflow/.local/lib/python3.6/site-packages/airflow/example_dags/example_trigger_target_dag.py for tasks to queue
[2022-07-10 08:34:45,216] {logging_mixin.py:104} INFO - [2022-07-10 08:34:45,216] {dagbag.py:451} INFO - Filling up the DagBag from /home/airflow/.local/lib/python3.6/site-packages/airflow/example_dags/example_trigger_target_dag.py
[2022-07-10 08:34:45,222] {scheduler_job.py:639} INFO - DAG(s) dict_keys(['example_trigger_target_dag']) retrieved from /home/airflow/.local/lib/python3.6/site-packages/airflow/example_dags/example_trigger_target_dag.py
[2022-07-10 08:34:45,235] {logging_mixin.py:104} INFO - [2022-07-10 08:34:45,235] {dag.py:1824} INFO - Sync 1 DAGs
[2022-07-10 08:34:45,245] {logging_mixin.py:104} INFO - [2022-07-10 08:34:45,245] {dag.py:2280} INFO - Setting next_dagrun for example_trigger_target_dag to None
[2022-07-10 08:34:45,251] {scheduler_job.py:190} INFO - Processing /home/airflow/.local/lib/python3.6/site-packages/airflow/example_dags/example_trigger_target_dag.py took 0.038 seconds
[2022-07-10 08:35:16,025] {scheduler_job.py:182} INFO - Started process (PID=184) to work on /home/airflow/.local/lib/python3.6/site-packages/airflow/example_dags/example_trigger_target_dag.py
[2022-07-10 08:35:16,026] {scheduler_job.py:629} INFO - Processing file /home/airflow/.local/lib/python3.6/site-packages/airflow/example_dags/example_trigger_target_dag.py for tasks to queue
[2022-07-10 08:35:16,026] {logging_mixin.py:104} INFO - [2022-07-10 08:35:16,026] {dagbag.py:451} INFO - Filling up the DagBag from /home/airflow/.local/lib/python3.6/site-packages/airflow/example_dags/example_trigger_target_dag.py
[2022-07-10 08:35:16,032] {scheduler_job.py:639} INFO - DAG(s) dict_keys(['example_trigger_target_dag']) retrieved from /home/airflow/.local/lib/python3.6/site-packages/airflow/example_dags/example_trigger_target_dag.py
[2022-07-10 08:35:16,046] {logging_mixin.py:104} INFO - [2022-07-10 08:35:16,046] {dag.py:1824} INFO - Sync 1 DAGs
[2022-07-10 08:35:16,055] {logging_mixin.py:104} INFO - [2022-07-10 08:35:16,055] {dag.py:2280} INFO - Setting next_dagrun for example_trigger_target_dag to None
[2022-07-10 08:35:16,061] {scheduler_job.py:190} INFO - Processing /home/airflow/.local/lib/python3.6/site-packages/airflow/example_dags/example_trigger_target_dag.py took 0.038 seconds
[2022-07-10 08:35:46,769] {scheduler_job.py:182} INFO - Started process (PID=210) to work on /home/airflow/.local/lib/python3.6/site-packages/airflow/example_dags/example_trigger_target_dag.py
[2022-07-10 08:35:46,770] {scheduler_job.py:629} INFO - Processing file /home/airflow/.local/lib/python3.6/site-packages/airflow/example_dags/example_trigger_target_dag.py for tasks to queue
[2022-07-10 08:35:46,770] {logging_mixin.py:104} INFO - [2022-07-10 08:35:46,770] {dagbag.py:451} INFO - Filling up the DagBag from /home/airflow/.local/lib/python3.6/site-packages/airflow/example_dags/example_trigger_target_dag.py
[2022-07-10 08:35:46,777] {scheduler_job.py:639} INFO - DAG(s) dict_keys(['example_trigger_target_dag']) retrieved from /home/airflow/.local/lib/python3.6/site-packages/airflow/example_dags/example_trigger_target_dag.py
[2022-07-10 08:35:46,790] {logging_mixin.py:104} INFO - [2022-07-10 08:35:46,790] {dag.py:1824} INFO - Sync 1 DAGs
[2022-07-10 08:35:46,798] {logging_mixin.py:104} INFO - [2022-07-10 08:35:46,798] {dag.py:2280} INFO - Setting next_dagrun for example_trigger_target_dag to None
[2022-07-10 08:35:46,804] {scheduler_job.py:190} INFO - Processing /home/airflow/.local/lib/python3.6/site-packages/airflow/example_dags/example_trigger_target_dag.py took 0.037 seconds
[2022-07-10 08:36:17,637] {scheduler_job.py:182} INFO - Started process (PID=236) to work on /home/airflow/.local/lib/python3.6/site-packages/airflow/example_dags/example_trigger_target_dag.py
[2022-07-10 08:36:17,638] {scheduler_job.py:629} INFO - Processing file /home/airflow/.local/lib/python3.6/site-packages/airflow/example_dags/example_trigger_target_dag.py for tasks to queue
[2022-07-10 08:36:17,639] {logging_mixin.py:104} INFO - [2022-07-10 08:36:17,639] {dagbag.py:451} INFO - Filling up the DagBag from /home/airflow/.local/lib/python3.6/site-packages/airflow/example_dags/example_trigger_target_dag.py
[2022-07-10 08:36:17,645] {scheduler_job.py:639} INFO - DAG(s) dict_keys(['example_trigger_target_dag']) retrieved from /home/airflow/.local/lib/python3.6/site-packages/airflow/example_dags/example_trigger_target_dag.py
[2022-07-10 08:36:17,658] {logging_mixin.py:104} INFO - [2022-07-10 08:36:17,658] {dag.py:1824} INFO - Sync 1 DAGs
[2022-07-10 08:36:17,667] {logging_mixin.py:104} INFO - [2022-07-10 08:36:17,667] {dag.py:2280} INFO - Setting next_dagrun for example_trigger_target_dag to None
[2022-07-10 08:36:17,673] {scheduler_job.py:190} INFO - Processing /home/airflow/.local/lib/python3.6/site-packages/airflow/example_dags/example_trigger_target_dag.py took 0.037 seconds
[2022-07-10 08:36:48,436] {scheduler_job.py:182} INFO - Started process (PID=262) to work on /home/airflow/.local/lib/python3.6/site-packages/airflow/example_dags/example_trigger_target_dag.py
[2022-07-10 08:36:48,436] {scheduler_job.py:629} INFO - Processing file /home/airflow/.local/lib/python3.6/site-packages/airflow/example_dags/example_trigger_target_dag.py for tasks to queue
[2022-07-10 08:36:48,437] {logging_mixin.py:104} INFO - [2022-07-10 08:36:48,437] {dagbag.py:451} INFO - Filling up the DagBag from /home/airflow/.local/lib/python3.6/site-packages/airflow/example_dags/example_trigger_target_dag.py
[2022-07-10 08:36:48,443] {scheduler_job.py:639} INFO - DAG(s) dict_keys(['example_trigger_target_dag']) retrieved from /home/airflow/.local/lib/python3.6/site-packages/airflow/example_dags/example_trigger_target_dag.py
[2022-07-10 08:36:48,457] {logging_mixin.py:104} INFO - [2022-07-10 08:36:48,457] {dag.py:1824} INFO - Sync 1 DAGs
[2022-07-10 08:36:48,466] {logging_mixin.py:104} INFO - [2022-07-10 08:36:48,466] {dag.py:2280} INFO - Setting next_dagrun for example_trigger_target_dag to None
[2022-07-10 08:36:48,473] {scheduler_job.py:190} INFO - Processing /home/airflow/.local/lib/python3.6/site-packages/airflow/example_dags/example_trigger_target_dag.py took 0.039 seconds
[2022-07-10 08:37:19,415] {scheduler_job.py:182} INFO - Started process (PID=288) to work on /home/airflow/.local/lib/python3.6/site-packages/airflow/example_dags/example_trigger_target_dag.py
[2022-07-10 08:37:19,416] {scheduler_job.py:629} INFO - Processing file /home/airflow/.local/lib/python3.6/site-packages/airflow/example_dags/example_trigger_target_dag.py for tasks to queue
[2022-07-10 08:37:19,416] {logging_mixin.py:104} INFO - [2022-07-10 08:37:19,416] {dagbag.py:451} INFO - Filling up the DagBag from /home/airflow/.local/lib/python3.6/site-packages/airflow/example_dags/example_trigger_target_dag.py
[2022-07-10 08:37:19,423] {scheduler_job.py:639} INFO - DAG(s) dict_keys(['example_trigger_target_dag']) retrieved from /home/airflow/.local/lib/python3.6/site-packages/airflow/example_dags/example_trigger_target_dag.py
[2022-07-10 08:37:19,436] {logging_mixin.py:104} INFO - [2022-07-10 08:37:19,436] {dag.py:1824} INFO - Sync 1 DAGs
[2022-07-10 08:37:19,444] {logging_mixin.py:104} INFO - [2022-07-10 08:37:19,444] {dag.py:2280} INFO - Setting next_dagrun for example_trigger_target_dag to None
[2022-07-10 08:37:19,451] {scheduler_job.py:190} INFO - Processing /home/airflow/.local/lib/python3.6/site-packages/airflow/example_dags/example_trigger_target_dag.py took 0.037 seconds
[2022-07-10 08:37:50,361] {scheduler_job.py:182} INFO - Started process (PID=314) to work on /home/airflow/.local/lib/python3.6/site-packages/airflow/example_dags/example_trigger_target_dag.py
[2022-07-10 08:37:50,362] {scheduler_job.py:629} INFO - Processing file /home/airflow/.local/lib/python3.6/site-packages/airflow/example_dags/example_trigger_target_dag.py for tasks to queue
[2022-07-10 08:37:50,363] {logging_mixin.py:104} INFO - [2022-07-10 08:37:50,363] {dagbag.py:451} INFO - Filling up the DagBag from /home/airflow/.local/lib/python3.6/site-packages/airflow/example_dags/example_trigger_target_dag.py
[2022-07-10 08:37:50,373] {scheduler_job.py:639} INFO - DAG(s) dict_keys(['example_trigger_target_dag']) retrieved from /home/airflow/.local/lib/python3.6/site-packages/airflow/example_dags/example_trigger_target_dag.py
[2022-07-10 08:37:50,386] {logging_mixin.py:104} INFO - [2022-07-10 08:37:50,386] {dag.py:1824} INFO - Sync 1 DAGs
[2022-07-10 08:37:50,398] {logging_mixin.py:104} INFO - [2022-07-10 08:37:50,398] {dag.py:2280} INFO - Setting next_dagrun for example_trigger_target_dag to None
[2022-07-10 08:37:50,405] {scheduler_job.py:190} INFO - Processing /home/airflow/.local/lib/python3.6/site-packages/airflow/example_dags/example_trigger_target_dag.py took 0.046 seconds
[2022-07-10 08:38:21,157] {scheduler_job.py:182} INFO - Started process (PID=340) to work on /home/airflow/.local/lib/python3.6/site-packages/airflow/example_dags/example_trigger_target_dag.py
[2022-07-10 08:38:21,158] {scheduler_job.py:629} INFO - Processing file /home/airflow/.local/lib/python3.6/site-packages/airflow/example_dags/example_trigger_target_dag.py for tasks to queue
[2022-07-10 08:38:21,158] {logging_mixin.py:104} INFO - [2022-07-10 08:38:21,158] {dagbag.py:451} INFO - Filling up the DagBag from /home/airflow/.local/lib/python3.6/site-packages/airflow/example_dags/example_trigger_target_dag.py
[2022-07-10 08:38:21,167] {scheduler_job.py:639} INFO - DAG(s) dict_keys(['example_trigger_target_dag']) retrieved from /home/airflow/.local/lib/python3.6/site-packages/airflow/example_dags/example_trigger_target_dag.py
[2022-07-10 08:38:21,178] {logging_mixin.py:104} INFO - [2022-07-10 08:38:21,178] {dag.py:1824} INFO - Sync 1 DAGs
[2022-07-10 08:38:21,186] {logging_mixin.py:104} INFO - [2022-07-10 08:38:21,186] {dag.py:2280} INFO - Setting next_dagrun for example_trigger_target_dag to None
[2022-07-10 08:38:21,191] {scheduler_job.py:190} INFO - Processing /home/airflow/.local/lib/python3.6/site-packages/airflow/example_dags/example_trigger_target_dag.py took 0.036 seconds
[2022-07-10 08:38:52,216] {scheduler_job.py:182} INFO - Started process (PID=366) to work on /home/airflow/.local/lib/python3.6/site-packages/airflow/example_dags/example_trigger_target_dag.py
[2022-07-10 08:38:52,217] {scheduler_job.py:629} INFO - Processing file /home/airflow/.local/lib/python3.6/site-packages/airflow/example_dags/example_trigger_target_dag.py for tasks to queue
[2022-07-10 08:38:52,217] {logging_mixin.py:104} INFO - [2022-07-10 08:38:52,217] {dagbag.py:451} INFO - Filling up the DagBag from /home/airflow/.local/lib/python3.6/site-packages/airflow/example_dags/example_trigger_target_dag.py
[2022-07-10 08:38:52,225] {scheduler_job.py:639} INFO - DAG(s) dict_keys(['example_trigger_target_dag']) retrieved from /home/airflow/.local/lib/python3.6/site-packages/airflow/example_dags/example_trigger_target_dag.py
[2022-07-10 08:38:52,238] {logging_mixin.py:104} INFO - [2022-07-10 08:38:52,237] {dag.py:1824} INFO - Sync 1 DAGs
[2022-07-10 08:38:52,246] {logging_mixin.py:104} INFO - [2022-07-10 08:38:52,246] {dag.py:2280} INFO - Setting next_dagrun for example_trigger_target_dag to None
[2022-07-10 08:38:52,252] {scheduler_job.py:190} INFO - Processing /home/airflow/.local/lib/python3.6/site-packages/airflow/example_dags/example_trigger_target_dag.py took 0.038 seconds
[2022-07-10 08:39:23,081] {scheduler_job.py:182} INFO - Started process (PID=392) to work on /home/airflow/.local/lib/python3.6/site-packages/airflow/example_dags/example_trigger_target_dag.py
[2022-07-10 08:39:23,082] {scheduler_job.py:629} INFO - Processing file /home/airflow/.local/lib/python3.6/site-packages/airflow/example_dags/example_trigger_target_dag.py for tasks to queue
[2022-07-10 08:39:23,083] {logging_mixin.py:104} INFO - [2022-07-10 08:39:23,083] {dagbag.py:451} INFO - Filling up the DagBag from /home/airflow/.local/lib/python3.6/site-packages/airflow/example_dags/example_trigger_target_dag.py
[2022-07-10 08:39:23,091] {scheduler_job.py:639} INFO - DAG(s) dict_keys(['example_trigger_target_dag']) retrieved from /home/airflow/.local/lib/python3.6/site-packages/airflow/example_dags/example_trigger_target_dag.py
[2022-07-10 08:39:23,103] {logging_mixin.py:104} INFO - [2022-07-10 08:39:23,103] {dag.py:1824} INFO - Sync 1 DAGs
[2022-07-10 08:39:23,111] {logging_mixin.py:104} INFO - [2022-07-10 08:39:23,111] {dag.py:2280} INFO - Setting next_dagrun for example_trigger_target_dag to None
[2022-07-10 08:39:23,117] {scheduler_job.py:190} INFO - Processing /home/airflow/.local/lib/python3.6/site-packages/airflow/example_dags/example_trigger_target_dag.py took 0.038 seconds
[2022-07-10 08:39:53,831] {scheduler_job.py:182} INFO - Started process (PID=418) to work on /home/airflow/.local/lib/python3.6/site-packages/airflow/example_dags/example_trigger_target_dag.py
[2022-07-10 08:39:53,834] {scheduler_job.py:629} INFO - Processing file /home/airflow/.local/lib/python3.6/site-packages/airflow/example_dags/example_trigger_target_dag.py for tasks to queue
[2022-07-10 08:39:53,834] {logging_mixin.py:104} INFO - [2022-07-10 08:39:53,834] {dagbag.py:451} INFO - Filling up the DagBag from /home/airflow/.local/lib/python3.6/site-packages/airflow/example_dags/example_trigger_target_dag.py
[2022-07-10 08:39:53,841] {scheduler_job.py:639} INFO - DAG(s) dict_keys(['example_trigger_target_dag']) retrieved from /home/airflow/.local/lib/python3.6/site-packages/airflow/example_dags/example_trigger_target_dag.py
[2022-07-10 08:39:53,853] {logging_mixin.py:104} INFO - [2022-07-10 08:39:53,853] {dag.py:1824} INFO - Sync 1 DAGs
[2022-07-10 08:39:53,862] {logging_mixin.py:104} INFO - [2022-07-10 08:39:53,862] {dag.py:2280} INFO - Setting next_dagrun for example_trigger_target_dag to None
[2022-07-10 08:39:53,867] {scheduler_job.py:190} INFO - Processing /home/airflow/.local/lib/python3.6/site-packages/airflow/example_dags/example_trigger_target_dag.py took 0.038 seconds
[2022-07-10 08:40:24,754] {scheduler_job.py:182} INFO - Started process (PID=444) to work on /home/airflow/.local/lib/python3.6/site-packages/airflow/example_dags/example_trigger_target_dag.py
[2022-07-10 08:40:24,755] {scheduler_job.py:629} INFO - Processing file /home/airflow/.local/lib/python3.6/site-packages/airflow/example_dags/example_trigger_target_dag.py for tasks to queue
[2022-07-10 08:40:24,756] {logging_mixin.py:104} INFO - [2022-07-10 08:40:24,756] {dagbag.py:451} INFO - Filling up the DagBag from /home/airflow/.local/lib/python3.6/site-packages/airflow/example_dags/example_trigger_target_dag.py
[2022-07-10 08:40:24,762] {scheduler_job.py:639} INFO - DAG(s) dict_keys(['example_trigger_target_dag']) retrieved from /home/airflow/.local/lib/python3.6/site-packages/airflow/example_dags/example_trigger_target_dag.py
[2022-07-10 08:40:24,775] {logging_mixin.py:104} INFO - [2022-07-10 08:40:24,775] {dag.py:1824} INFO - Sync 1 DAGs
[2022-07-10 08:40:24,784] {logging_mixin.py:104} INFO - [2022-07-10 08:40:24,784] {dag.py:2280} INFO - Setting next_dagrun for example_trigger_target_dag to None
[2022-07-10 08:40:24,790] {scheduler_job.py:190} INFO - Processing /home/airflow/.local/lib/python3.6/site-packages/airflow/example_dags/example_trigger_target_dag.py took 0.037 seconds
[2022-07-10 08:40:55,485] {scheduler_job.py:182} INFO - Started process (PID=470) to work on /home/airflow/.local/lib/python3.6/site-packages/airflow/example_dags/example_trigger_target_dag.py
[2022-07-10 08:40:55,485] {scheduler_job.py:629} INFO - Processing file /home/airflow/.local/lib/python3.6/site-packages/airflow/example_dags/example_trigger_target_dag.py for tasks to queue
[2022-07-10 08:40:55,486] {logging_mixin.py:104} INFO - [2022-07-10 08:40:55,486] {dagbag.py:451} INFO - Filling up the DagBag from /home/airflow/.local/lib/python3.6/site-packages/airflow/example_dags/example_trigger_target_dag.py
[2022-07-10 08:40:55,492] {scheduler_job.py:639} INFO - DAG(s) dict_keys(['example_trigger_target_dag']) retrieved from /home/airflow/.local/lib/python3.6/site-packages/airflow/example_dags/example_trigger_target_dag.py
[2022-07-10 08:40:55,504] {logging_mixin.py:104} INFO - [2022-07-10 08:40:55,504] {dag.py:1824} INFO - Sync 1 DAGs
[2022-07-10 08:40:55,513] {logging_mixin.py:104} INFO - [2022-07-10 08:40:55,513] {dag.py:2280} INFO - Setting next_dagrun for example_trigger_target_dag to None
[2022-07-10 08:40:55,519] {scheduler_job.py:190} INFO - Processing /home/airflow/.local/lib/python3.6/site-packages/airflow/example_dags/example_trigger_target_dag.py took 0.036 seconds
[2022-07-10 08:41:26,283] {scheduler_job.py:182} INFO - Started process (PID=496) to work on /home/airflow/.local/lib/python3.6/site-packages/airflow/example_dags/example_trigger_target_dag.py
[2022-07-10 08:41:26,283] {scheduler_job.py:629} INFO - Processing file /home/airflow/.local/lib/python3.6/site-packages/airflow/example_dags/example_trigger_target_dag.py for tasks to queue
[2022-07-10 08:41:26,284] {logging_mixin.py:104} INFO - [2022-07-10 08:41:26,284] {dagbag.py:451} INFO - Filling up the DagBag from /home/airflow/.local/lib/python3.6/site-packages/airflow/example_dags/example_trigger_target_dag.py
[2022-07-10 08:41:26,290] {scheduler_job.py:639} INFO - DAG(s) dict_keys(['example_trigger_target_dag']) retrieved from /home/airflow/.local/lib/python3.6/site-packages/airflow/example_dags/example_trigger_target_dag.py
[2022-07-10 08:41:26,302] {logging_mixin.py:104} INFO - [2022-07-10 08:41:26,302] {dag.py:1824} INFO - Sync 1 DAGs
[2022-07-10 08:41:26,310] {logging_mixin.py:104} INFO - [2022-07-10 08:41:26,310] {dag.py:2280} INFO - Setting next_dagrun for example_trigger_target_dag to None
[2022-07-10 08:41:26,317] {scheduler_job.py:190} INFO - Processing /home/airflow/.local/lib/python3.6/site-packages/airflow/example_dags/example_trigger_target_dag.py took 0.036 seconds
[2022-07-10 08:41:57,135] {scheduler_job.py:182} INFO - Started process (PID=522) to work on /home/airflow/.local/lib/python3.6/site-packages/airflow/example_dags/example_trigger_target_dag.py
[2022-07-10 08:41:57,136] {scheduler_job.py:629} INFO - Processing file /home/airflow/.local/lib/python3.6/site-packages/airflow/example_dags/example_trigger_target_dag.py for tasks to queue
[2022-07-10 08:41:57,136] {logging_mixin.py:104} INFO - [2022-07-10 08:41:57,136] {dagbag.py:451} INFO - Filling up the DagBag from /home/airflow/.local/lib/python3.6/site-packages/airflow/example_dags/example_trigger_target_dag.py
[2022-07-10 08:41:57,143] {scheduler_job.py:639} INFO - DAG(s) dict_keys(['example_trigger_target_dag']) retrieved from /home/airflow/.local/lib/python3.6/site-packages/airflow/example_dags/example_trigger_target_dag.py
[2022-07-10 08:41:57,155] {logging_mixin.py:104} INFO - [2022-07-10 08:41:57,155] {dag.py:1824} INFO - Sync 1 DAGs
[2022-07-10 08:41:57,164] {logging_mixin.py:104} INFO - [2022-07-10 08:41:57,164] {dag.py:2280} INFO - Setting next_dagrun for example_trigger_target_dag to None
[2022-07-10 08:41:57,170] {scheduler_job.py:190} INFO - Processing /home/airflow/.local/lib/python3.6/site-packages/airflow/example_dags/example_trigger_target_dag.py took 0.037 seconds
[2022-07-10 08:42:27,990] {scheduler_job.py:182} INFO - Started process (PID=548) to work on /home/airflow/.local/lib/python3.6/site-packages/airflow/example_dags/example_trigger_target_dag.py
[2022-07-10 08:42:27,991] {scheduler_job.py:629} INFO - Processing file /home/airflow/.local/lib/python3.6/site-packages/airflow/example_dags/example_trigger_target_dag.py for tasks to queue
[2022-07-10 08:42:27,991] {logging_mixin.py:104} INFO - [2022-07-10 08:42:27,991] {dagbag.py:451} INFO - Filling up the DagBag from /home/airflow/.local/lib/python3.6/site-packages/airflow/example_dags/example_trigger_target_dag.py
[2022-07-10 08:42:27,998] {scheduler_job.py:639} INFO - DAG(s) dict_keys(['example_trigger_target_dag']) retrieved from /home/airflow/.local/lib/python3.6/site-packages/airflow/example_dags/example_trigger_target_dag.py
[2022-07-10 08:42:28,010] {logging_mixin.py:104} INFO - [2022-07-10 08:42:28,010] {dag.py:1824} INFO - Sync 1 DAGs
[2022-07-10 08:42:28,019] {logging_mixin.py:104} INFO - [2022-07-10 08:42:28,018] {dag.py:2280} INFO - Setting next_dagrun for example_trigger_target_dag to None
[2022-07-10 08:42:28,025] {scheduler_job.py:190} INFO - Processing /home/airflow/.local/lib/python3.6/site-packages/airflow/example_dags/example_trigger_target_dag.py took 0.036 seconds
[2022-07-10 08:42:58,740] {scheduler_job.py:182} INFO - Started process (PID=574) to work on /home/airflow/.local/lib/python3.6/site-packages/airflow/example_dags/example_trigger_target_dag.py
[2022-07-10 08:42:58,741] {scheduler_job.py:629} INFO - Processing file /home/airflow/.local/lib/python3.6/site-packages/airflow/example_dags/example_trigger_target_dag.py for tasks to queue
[2022-07-10 08:42:58,742] {logging_mixin.py:104} INFO - [2022-07-10 08:42:58,742] {dagbag.py:451} INFO - Filling up the DagBag from /home/airflow/.local/lib/python3.6/site-packages/airflow/example_dags/example_trigger_target_dag.py
[2022-07-10 08:42:58,748] {scheduler_job.py:639} INFO - DAG(s) dict_keys(['example_trigger_target_dag']) retrieved from /home/airflow/.local/lib/python3.6/site-packages/airflow/example_dags/example_trigger_target_dag.py
[2022-07-10 08:42:58,760] {logging_mixin.py:104} INFO - [2022-07-10 08:42:58,760] {dag.py:1824} INFO - Sync 1 DAGs
[2022-07-10 08:42:58,769] {logging_mixin.py:104} INFO - [2022-07-10 08:42:58,769] {dag.py:2280} INFO - Setting next_dagrun for example_trigger_target_dag to None
[2022-07-10 08:42:58,777] {scheduler_job.py:190} INFO - Processing /home/airflow/.local/lib/python3.6/site-packages/airflow/example_dags/example_trigger_target_dag.py took 0.038 seconds
[2022-07-10 08:43:29,588] {scheduler_job.py:182} INFO - Started process (PID=600) to work on /home/airflow/.local/lib/python3.6/site-packages/airflow/example_dags/example_trigger_target_dag.py
[2022-07-10 08:43:29,589] {scheduler_job.py:629} INFO - Processing file /home/airflow/.local/lib/python3.6/site-packages/airflow/example_dags/example_trigger_target_dag.py for tasks to queue
[2022-07-10 08:43:29,589] {logging_mixin.py:104} INFO - [2022-07-10 08:43:29,589] {dagbag.py:451} INFO - Filling up the DagBag from /home/airflow/.local/lib/python3.6/site-packages/airflow/example_dags/example_trigger_target_dag.py
[2022-07-10 08:43:29,596] {scheduler_job.py:639} INFO - DAG(s) dict_keys(['example_trigger_target_dag']) retrieved from /home/airflow/.local/lib/python3.6/site-packages/airflow/example_dags/example_trigger_target_dag.py
[2022-07-10 08:43:29,608] {logging_mixin.py:104} INFO - [2022-07-10 08:43:29,608] {dag.py:1824} INFO - Sync 1 DAGs
[2022-07-10 08:43:29,616] {logging_mixin.py:104} INFO - [2022-07-10 08:43:29,616] {dag.py:2280} INFO - Setting next_dagrun for example_trigger_target_dag to None
[2022-07-10 08:43:29,622] {scheduler_job.py:190} INFO - Processing /home/airflow/.local/lib/python3.6/site-packages/airflow/example_dags/example_trigger_target_dag.py took 0.036 seconds
[2022-07-10 08:44:00,382] {scheduler_job.py:182} INFO - Started process (PID=626) to work on /home/airflow/.local/lib/python3.6/site-packages/airflow/example_dags/example_trigger_target_dag.py
[2022-07-10 08:44:00,383] {scheduler_job.py:629} INFO - Processing file /home/airflow/.local/lib/python3.6/site-packages/airflow/example_dags/example_trigger_target_dag.py for tasks to queue
[2022-07-10 08:44:00,383] {logging_mixin.py:104} INFO - [2022-07-10 08:44:00,383] {dagbag.py:451} INFO - Filling up the DagBag from /home/airflow/.local/lib/python3.6/site-packages/airflow/example_dags/example_trigger_target_dag.py
[2022-07-10 08:44:00,390] {scheduler_job.py:639} INFO - DAG(s) dict_keys(['example_trigger_target_dag']) retrieved from /home/airflow/.local/lib/python3.6/site-packages/airflow/example_dags/example_trigger_target_dag.py
[2022-07-10 08:44:00,402] {logging_mixin.py:104} INFO - [2022-07-10 08:44:00,402] {dag.py:1824} INFO - Sync 1 DAGs
[2022-07-10 08:44:00,411] {logging_mixin.py:104} INFO - [2022-07-10 08:44:00,411] {dag.py:2280} INFO - Setting next_dagrun for example_trigger_target_dag to None
[2022-07-10 08:44:00,417] {scheduler_job.py:190} INFO - Processing /home/airflow/.local/lib/python3.6/site-packages/airflow/example_dags/example_trigger_target_dag.py took 0.037 seconds
[2022-07-10 08:44:31,173] {scheduler_job.py:182} INFO - Started process (PID=652) to work on /home/airflow/.local/lib/python3.6/site-packages/airflow/example_dags/example_trigger_target_dag.py
[2022-07-10 08:44:31,174] {scheduler_job.py:629} INFO - Processing file /home/airflow/.local/lib/python3.6/site-packages/airflow/example_dags/example_trigger_target_dag.py for tasks to queue
[2022-07-10 08:44:31,174] {logging_mixin.py:104} INFO - [2022-07-10 08:44:31,174] {dagbag.py:451} INFO - Filling up the DagBag from /home/airflow/.local/lib/python3.6/site-packages/airflow/example_dags/example_trigger_target_dag.py
[2022-07-10 08:44:31,181] {scheduler_job.py:639} INFO - DAG(s) dict_keys(['example_trigger_target_dag']) retrieved from /home/airflow/.local/lib/python3.6/site-packages/airflow/example_dags/example_trigger_target_dag.py
[2022-07-10 08:44:31,193] {logging_mixin.py:104} INFO - [2022-07-10 08:44:31,193] {dag.py:1824} INFO - Sync 1 DAGs
[2022-07-10 08:44:31,202] {logging_mixin.py:104} INFO - [2022-07-10 08:44:31,202] {dag.py:2280} INFO - Setting next_dagrun for example_trigger_target_dag to None
[2022-07-10 08:44:31,208] {scheduler_job.py:190} INFO - Processing /home/airflow/.local/lib/python3.6/site-packages/airflow/example_dags/example_trigger_target_dag.py took 0.037 seconds
[2022-07-10 08:45:01,972] {scheduler_job.py:182} INFO - Started process (PID=678) to work on /home/airflow/.local/lib/python3.6/site-packages/airflow/example_dags/example_trigger_target_dag.py
[2022-07-10 08:45:01,973] {scheduler_job.py:629} INFO - Processing file /home/airflow/.local/lib/python3.6/site-packages/airflow/example_dags/example_trigger_target_dag.py for tasks to queue
[2022-07-10 08:45:01,974] {logging_mixin.py:104} INFO - [2022-07-10 08:45:01,974] {dagbag.py:451} INFO - Filling up the DagBag from /home/airflow/.local/lib/python3.6/site-packages/airflow/example_dags/example_trigger_target_dag.py
[2022-07-10 08:45:01,980] {scheduler_job.py:639} INFO - DAG(s) dict_keys(['example_trigger_target_dag']) retrieved from /home/airflow/.local/lib/python3.6/site-packages/airflow/example_dags/example_trigger_target_dag.py
[2022-07-10 08:45:01,992] {logging_mixin.py:104} INFO - [2022-07-10 08:45:01,992] {dag.py:1824} INFO - Sync 1 DAGs
[2022-07-10 08:45:02,001] {logging_mixin.py:104} INFO - [2022-07-10 08:45:02,001] {dag.py:2280} INFO - Setting next_dagrun for example_trigger_target_dag to None
[2022-07-10 08:45:02,007] {scheduler_job.py:190} INFO - Processing /home/airflow/.local/lib/python3.6/site-packages/airflow/example_dags/example_trigger_target_dag.py took 0.037 seconds
[2022-07-10 08:45:32,682] {scheduler_job.py:182} INFO - Started process (PID=704) to work on /home/airflow/.local/lib/python3.6/site-packages/airflow/example_dags/example_trigger_target_dag.py
[2022-07-10 08:45:32,683] {scheduler_job.py:629} INFO - Processing file /home/airflow/.local/lib/python3.6/site-packages/airflow/example_dags/example_trigger_target_dag.py for tasks to queue
[2022-07-10 08:45:32,683] {logging_mixin.py:104} INFO - [2022-07-10 08:45:32,683] {dagbag.py:451} INFO - Filling up the DagBag from /home/airflow/.local/lib/python3.6/site-packages/airflow/example_dags/example_trigger_target_dag.py
[2022-07-10 08:45:32,690] {scheduler_job.py:639} INFO - DAG(s) dict_keys(['example_trigger_target_dag']) retrieved from /home/airflow/.local/lib/python3.6/site-packages/airflow/example_dags/example_trigger_target_dag.py
[2022-07-10 08:45:32,701] {logging_mixin.py:104} INFO - [2022-07-10 08:45:32,701] {dag.py:1824} INFO - Sync 1 DAGs
[2022-07-10 08:45:32,710] {logging_mixin.py:104} INFO - [2022-07-10 08:45:32,710] {dag.py:2280} INFO - Setting next_dagrun for example_trigger_target_dag to None
[2022-07-10 08:45:32,716] {scheduler_job.py:190} INFO - Processing /home/airflow/.local/lib/python3.6/site-packages/airflow/example_dags/example_trigger_target_dag.py took 0.036 seconds
[2022-07-10 08:46:03,615] {scheduler_job.py:182} INFO - Started process (PID=730) to work on /home/airflow/.local/lib/python3.6/site-packages/airflow/example_dags/example_trigger_target_dag.py
[2022-07-10 08:46:03,616] {scheduler_job.py:629} INFO - Processing file /home/airflow/.local/lib/python3.6/site-packages/airflow/example_dags/example_trigger_target_dag.py for tasks to queue
[2022-07-10 08:46:03,616] {logging_mixin.py:104} INFO - [2022-07-10 08:46:03,616] {dagbag.py:451} INFO - Filling up the DagBag from /home/airflow/.local/lib/python3.6/site-packages/airflow/example_dags/example_trigger_target_dag.py
[2022-07-10 08:46:03,624] {scheduler_job.py:639} INFO - DAG(s) dict_keys(['example_trigger_target_dag']) retrieved from /home/airflow/.local/lib/python3.6/site-packages/airflow/example_dags/example_trigger_target_dag.py
[2022-07-10 08:46:03,637] {logging_mixin.py:104} INFO - [2022-07-10 08:46:03,637] {dag.py:1824} INFO - Sync 1 DAGs
[2022-07-10 08:46:03,646] {logging_mixin.py:104} INFO - [2022-07-10 08:46:03,646] {dag.py:2280} INFO - Setting next_dagrun for example_trigger_target_dag to None
[2022-07-10 08:46:03,652] {scheduler_job.py:190} INFO - Processing /home/airflow/.local/lib/python3.6/site-packages/airflow/example_dags/example_trigger_target_dag.py took 0.039 seconds
[2022-07-10 08:46:34,410] {scheduler_job.py:182} INFO - Started process (PID=756) to work on /home/airflow/.local/lib/python3.6/site-packages/airflow/example_dags/example_trigger_target_dag.py
[2022-07-10 08:46:34,410] {scheduler_job.py:629} INFO - Processing file /home/airflow/.local/lib/python3.6/site-packages/airflow/example_dags/example_trigger_target_dag.py for tasks to queue
[2022-07-10 08:46:34,411] {logging_mixin.py:104} INFO - [2022-07-10 08:46:34,411] {dagbag.py:451} INFO - Filling up the DagBag from /home/airflow/.local/lib/python3.6/site-packages/airflow/example_dags/example_trigger_target_dag.py
[2022-07-10 08:46:34,417] {scheduler_job.py:639} INFO - DAG(s) dict_keys(['example_trigger_target_dag']) retrieved from /home/airflow/.local/lib/python3.6/site-packages/airflow/example_dags/example_trigger_target_dag.py
[2022-07-10 08:46:34,429] {logging_mixin.py:104} INFO - [2022-07-10 08:46:34,429] {dag.py:1824} INFO - Sync 1 DAGs
[2022-07-10 08:46:34,438] {logging_mixin.py:104} INFO - [2022-07-10 08:46:34,438] {dag.py:2280} INFO - Setting next_dagrun for example_trigger_target_dag to None
[2022-07-10 08:46:34,444] {scheduler_job.py:190} INFO - Processing /home/airflow/.local/lib/python3.6/site-packages/airflow/example_dags/example_trigger_target_dag.py took 0.036 seconds
[2022-07-10 08:47:05,296] {scheduler_job.py:182} INFO - Started process (PID=782) to work on /home/airflow/.local/lib/python3.6/site-packages/airflow/example_dags/example_trigger_target_dag.py
[2022-07-10 08:47:05,296] {scheduler_job.py:629} INFO - Processing file /home/airflow/.local/lib/python3.6/site-packages/airflow/example_dags/example_trigger_target_dag.py for tasks to queue
[2022-07-10 08:47:05,297] {logging_mixin.py:104} INFO - [2022-07-10 08:47:05,297] {dagbag.py:451} INFO - Filling up the DagBag from /home/airflow/.local/lib/python3.6/site-packages/airflow/example_dags/example_trigger_target_dag.py
[2022-07-10 08:47:05,303] {scheduler_job.py:639} INFO - DAG(s) dict_keys(['example_trigger_target_dag']) retrieved from /home/airflow/.local/lib/python3.6/site-packages/airflow/example_dags/example_trigger_target_dag.py
[2022-07-10 08:47:05,316] {logging_mixin.py:104} INFO - [2022-07-10 08:47:05,316] {dag.py:1824} INFO - Sync 1 DAGs
[2022-07-10 08:47:05,328] {logging_mixin.py:104} INFO - [2022-07-10 08:47:05,328] {dag.py:2280} INFO - Setting next_dagrun for example_trigger_target_dag to None
[2022-07-10 08:47:05,334] {scheduler_job.py:190} INFO - Processing /home/airflow/.local/lib/python3.6/site-packages/airflow/example_dags/example_trigger_target_dag.py took 0.040 seconds
[2022-07-10 08:47:36,201] {scheduler_job.py:182} INFO - Started process (PID=808) to work on /home/airflow/.local/lib/python3.6/site-packages/airflow/example_dags/example_trigger_target_dag.py
[2022-07-10 08:47:36,202] {scheduler_job.py:629} INFO - Processing file /home/airflow/.local/lib/python3.6/site-packages/airflow/example_dags/example_trigger_target_dag.py for tasks to queue
[2022-07-10 08:47:36,202] {logging_mixin.py:104} INFO - [2022-07-10 08:47:36,202] {dagbag.py:451} INFO - Filling up the DagBag from /home/airflow/.local/lib/python3.6/site-packages/airflow/example_dags/example_trigger_target_dag.py
[2022-07-10 08:47:36,209] {scheduler_job.py:639} INFO - DAG(s) dict_keys(['example_trigger_target_dag']) retrieved from /home/airflow/.local/lib/python3.6/site-packages/airflow/example_dags/example_trigger_target_dag.py
[2022-07-10 08:47:36,220] {logging_mixin.py:104} INFO - [2022-07-10 08:47:36,220] {dag.py:1824} INFO - Sync 1 DAGs
[2022-07-10 08:47:36,229] {logging_mixin.py:104} INFO - [2022-07-10 08:47:36,229] {dag.py:2280} INFO - Setting next_dagrun for example_trigger_target_dag to None
[2022-07-10 08:47:36,235] {scheduler_job.py:190} INFO - Processing /home/airflow/.local/lib/python3.6/site-packages/airflow/example_dags/example_trigger_target_dag.py took 0.036 seconds
[2022-07-10 08:48:07,020] {scheduler_job.py:182} INFO - Started process (PID=834) to work on /home/airflow/.local/lib/python3.6/site-packages/airflow/example_dags/example_trigger_target_dag.py
[2022-07-10 08:48:07,021] {scheduler_job.py:629} INFO - Processing file /home/airflow/.local/lib/python3.6/site-packages/airflow/example_dags/example_trigger_target_dag.py for tasks to queue
[2022-07-10 08:48:07,021] {logging_mixin.py:104} INFO - [2022-07-10 08:48:07,021] {dagbag.py:451} INFO - Filling up the DagBag from /home/airflow/.local/lib/python3.6/site-packages/airflow/example_dags/example_trigger_target_dag.py
[2022-07-10 08:48:07,028] {scheduler_job.py:639} INFO - DAG(s) dict_keys(['example_trigger_target_dag']) retrieved from /home/airflow/.local/lib/python3.6/site-packages/airflow/example_dags/example_trigger_target_dag.py
[2022-07-10 08:48:07,039] {logging_mixin.py:104} INFO - [2022-07-10 08:48:07,039] {dag.py:1824} INFO - Sync 1 DAGs
[2022-07-10 08:48:07,048] {logging_mixin.py:104} INFO - [2022-07-10 08:48:07,048] {dag.py:2280} INFO - Setting next_dagrun for example_trigger_target_dag to None
[2022-07-10 08:48:07,054] {scheduler_job.py:190} INFO - Processing /home/airflow/.local/lib/python3.6/site-packages/airflow/example_dags/example_trigger_target_dag.py took 0.035 seconds
[2022-07-10 08:48:37,870] {scheduler_job.py:182} INFO - Started process (PID=860) to work on /home/airflow/.local/lib/python3.6/site-packages/airflow/example_dags/example_trigger_target_dag.py
[2022-07-10 08:48:37,871] {scheduler_job.py:629} INFO - Processing file /home/airflow/.local/lib/python3.6/site-packages/airflow/example_dags/example_trigger_target_dag.py for tasks to queue
[2022-07-10 08:48:37,872] {logging_mixin.py:104} INFO - [2022-07-10 08:48:37,872] {dagbag.py:451} INFO - Filling up the DagBag from /home/airflow/.local/lib/python3.6/site-packages/airflow/example_dags/example_trigger_target_dag.py
[2022-07-10 08:48:37,881] {scheduler_job.py:639} INFO - DAG(s) dict_keys(['example_trigger_target_dag']) retrieved from /home/airflow/.local/lib/python3.6/site-packages/airflow/example_dags/example_trigger_target_dag.py
[2022-07-10 08:48:37,895] {logging_mixin.py:104} INFO - [2022-07-10 08:48:37,895] {dag.py:1824} INFO - Sync 1 DAGs
[2022-07-10 08:48:37,905] {logging_mixin.py:104} INFO - [2022-07-10 08:48:37,905] {dag.py:2280} INFO - Setting next_dagrun for example_trigger_target_dag to None
[2022-07-10 08:48:37,911] {scheduler_job.py:190} INFO - Processing /home/airflow/.local/lib/python3.6/site-packages/airflow/example_dags/example_trigger_target_dag.py took 0.043 seconds
[2022-07-10 08:49:08,753] {scheduler_job.py:182} INFO - Started process (PID=886) to work on /home/airflow/.local/lib/python3.6/site-packages/airflow/example_dags/example_trigger_target_dag.py
[2022-07-10 08:49:08,754] {scheduler_job.py:629} INFO - Processing file /home/airflow/.local/lib/python3.6/site-packages/airflow/example_dags/example_trigger_target_dag.py for tasks to queue
[2022-07-10 08:49:08,754] {logging_mixin.py:104} INFO - [2022-07-10 08:49:08,754] {dagbag.py:451} INFO - Filling up the DagBag from /home/airflow/.local/lib/python3.6/site-packages/airflow/example_dags/example_trigger_target_dag.py
[2022-07-10 08:49:08,761] {scheduler_job.py:639} INFO - DAG(s) dict_keys(['example_trigger_target_dag']) retrieved from /home/airflow/.local/lib/python3.6/site-packages/airflow/example_dags/example_trigger_target_dag.py
[2022-07-10 08:49:08,773] {logging_mixin.py:104} INFO - [2022-07-10 08:49:08,773] {dag.py:1824} INFO - Sync 1 DAGs
[2022-07-10 08:49:08,782] {logging_mixin.py:104} INFO - [2022-07-10 08:49:08,782] {dag.py:2280} INFO - Setting next_dagrun for example_trigger_target_dag to None
[2022-07-10 08:49:08,788] {scheduler_job.py:190} INFO - Processing /home/airflow/.local/lib/python3.6/site-packages/airflow/example_dags/example_trigger_target_dag.py took 0.037 seconds
[2022-07-10 08:49:39,555] {scheduler_job.py:182} INFO - Started process (PID=912) to work on /home/airflow/.local/lib/python3.6/site-packages/airflow/example_dags/example_trigger_target_dag.py
[2022-07-10 08:49:39,556] {scheduler_job.py:629} INFO - Processing file /home/airflow/.local/lib/python3.6/site-packages/airflow/example_dags/example_trigger_target_dag.py for tasks to queue
[2022-07-10 08:49:39,557] {logging_mixin.py:104} INFO - [2022-07-10 08:49:39,557] {dagbag.py:451} INFO - Filling up the DagBag from /home/airflow/.local/lib/python3.6/site-packages/airflow/example_dags/example_trigger_target_dag.py
[2022-07-10 08:49:39,564] {scheduler_job.py:639} INFO - DAG(s) dict_keys(['example_trigger_target_dag']) retrieved from /home/airflow/.local/lib/python3.6/site-packages/airflow/example_dags/example_trigger_target_dag.py
[2022-07-10 08:49:39,577] {logging_mixin.py:104} INFO - [2022-07-10 08:49:39,577] {dag.py:1824} INFO - Sync 1 DAGs
[2022-07-10 08:49:39,585] {logging_mixin.py:104} INFO - [2022-07-10 08:49:39,585] {dag.py:2280} INFO - Setting next_dagrun for example_trigger_target_dag to None
[2022-07-10 08:49:39,591] {scheduler_job.py:190} INFO - Processing /home/airflow/.local/lib/python3.6/site-packages/airflow/example_dags/example_trigger_target_dag.py took 0.038 seconds
[2022-07-10 08:50:10,341] {scheduler_job.py:182} INFO - Started process (PID=938) to work on /home/airflow/.local/lib/python3.6/site-packages/airflow/example_dags/example_trigger_target_dag.py
[2022-07-10 08:50:10,342] {scheduler_job.py:629} INFO - Processing file /home/airflow/.local/lib/python3.6/site-packages/airflow/example_dags/example_trigger_target_dag.py for tasks to queue
[2022-07-10 08:50:10,343] {logging_mixin.py:104} INFO - [2022-07-10 08:50:10,343] {dagbag.py:451} INFO - Filling up the DagBag from /home/airflow/.local/lib/python3.6/site-packages/airflow/example_dags/example_trigger_target_dag.py
[2022-07-10 08:50:10,349] {scheduler_job.py:639} INFO - DAG(s) dict_keys(['example_trigger_target_dag']) retrieved from /home/airflow/.local/lib/python3.6/site-packages/airflow/example_dags/example_trigger_target_dag.py
[2022-07-10 08:50:10,368] {logging_mixin.py:104} INFO - [2022-07-10 08:50:10,368] {dag.py:1824} INFO - Sync 1 DAGs
[2022-07-10 08:50:10,383] {logging_mixin.py:104} INFO - [2022-07-10 08:50:10,383] {dag.py:2280} INFO - Setting next_dagrun for example_trigger_target_dag to None
[2022-07-10 08:50:10,392] {scheduler_job.py:190} INFO - Processing /home/airflow/.local/lib/python3.6/site-packages/airflow/example_dags/example_trigger_target_dag.py took 0.052 seconds
[2022-07-10 08:50:41,193] {scheduler_job.py:182} INFO - Started process (PID=964) to work on /home/airflow/.local/lib/python3.6/site-packages/airflow/example_dags/example_trigger_target_dag.py
[2022-07-10 08:50:41,194] {scheduler_job.py:629} INFO - Processing file /home/airflow/.local/lib/python3.6/site-packages/airflow/example_dags/example_trigger_target_dag.py for tasks to queue
[2022-07-10 08:50:41,194] {logging_mixin.py:104} INFO - [2022-07-10 08:50:41,194] {dagbag.py:451} INFO - Filling up the DagBag from /home/airflow/.local/lib/python3.6/site-packages/airflow/example_dags/example_trigger_target_dag.py
[2022-07-10 08:50:41,201] {scheduler_job.py:639} INFO - DAG(s) dict_keys(['example_trigger_target_dag']) retrieved from /home/airflow/.local/lib/python3.6/site-packages/airflow/example_dags/example_trigger_target_dag.py
[2022-07-10 08:50:41,213] {logging_mixin.py:104} INFO - [2022-07-10 08:50:41,213] {dag.py:1824} INFO - Sync 1 DAGs
[2022-07-10 08:50:41,222] {logging_mixin.py:104} INFO - [2022-07-10 08:50:41,222] {dag.py:2280} INFO - Setting next_dagrun for example_trigger_target_dag to None
[2022-07-10 08:50:41,228] {scheduler_job.py:190} INFO - Processing /home/airflow/.local/lib/python3.6/site-packages/airflow/example_dags/example_trigger_target_dag.py took 0.037 seconds
[2022-07-10 08:51:11,991] {scheduler_job.py:182} INFO - Started process (PID=990) to work on /home/airflow/.local/lib/python3.6/site-packages/airflow/example_dags/example_trigger_target_dag.py
[2022-07-10 08:51:11,992] {scheduler_job.py:629} INFO - Processing file /home/airflow/.local/lib/python3.6/site-packages/airflow/example_dags/example_trigger_target_dag.py for tasks to queue
[2022-07-10 08:51:11,992] {logging_mixin.py:104} INFO - [2022-07-10 08:51:11,992] {dagbag.py:451} INFO - Filling up the DagBag from /home/airflow/.local/lib/python3.6/site-packages/airflow/example_dags/example_trigger_target_dag.py
[2022-07-10 08:51:11,999] {scheduler_job.py:639} INFO - DAG(s) dict_keys(['example_trigger_target_dag']) retrieved from /home/airflow/.local/lib/python3.6/site-packages/airflow/example_dags/example_trigger_target_dag.py
[2022-07-10 08:51:12,011] {logging_mixin.py:104} INFO - [2022-07-10 08:51:12,011] {dag.py:1824} INFO - Sync 1 DAGs
[2022-07-10 08:51:12,020] {logging_mixin.py:104} INFO - [2022-07-10 08:51:12,020] {dag.py:2280} INFO - Setting next_dagrun for example_trigger_target_dag to None
[2022-07-10 08:51:12,026] {scheduler_job.py:190} INFO - Processing /home/airflow/.local/lib/python3.6/site-packages/airflow/example_dags/example_trigger_target_dag.py took 0.037 seconds
[2022-07-10 08:51:42,840] {scheduler_job.py:182} INFO - Started process (PID=1016) to work on /home/airflow/.local/lib/python3.6/site-packages/airflow/example_dags/example_trigger_target_dag.py
[2022-07-10 08:51:42,841] {scheduler_job.py:629} INFO - Processing file /home/airflow/.local/lib/python3.6/site-packages/airflow/example_dags/example_trigger_target_dag.py for tasks to queue
[2022-07-10 08:51:42,841] {logging_mixin.py:104} INFO - [2022-07-10 08:51:42,841] {dagbag.py:451} INFO - Filling up the DagBag from /home/airflow/.local/lib/python3.6/site-packages/airflow/example_dags/example_trigger_target_dag.py
[2022-07-10 08:51:42,848] {scheduler_job.py:639} INFO - DAG(s) dict_keys(['example_trigger_target_dag']) retrieved from /home/airflow/.local/lib/python3.6/site-packages/airflow/example_dags/example_trigger_target_dag.py
[2022-07-10 08:51:42,861] {logging_mixin.py:104} INFO - [2022-07-10 08:51:42,861] {dag.py:1824} INFO - Sync 1 DAGs
[2022-07-10 08:51:42,871] {logging_mixin.py:104} INFO - [2022-07-10 08:51:42,871] {dag.py:2280} INFO - Setting next_dagrun for example_trigger_target_dag to None
[2022-07-10 08:51:42,877] {scheduler_job.py:190} INFO - Processing /home/airflow/.local/lib/python3.6/site-packages/airflow/example_dags/example_trigger_target_dag.py took 0.039 seconds
[2022-07-10 08:52:13,632] {scheduler_job.py:182} INFO - Started process (PID=1042) to work on /home/airflow/.local/lib/python3.6/site-packages/airflow/example_dags/example_trigger_target_dag.py
[2022-07-10 08:52:13,633] {scheduler_job.py:629} INFO - Processing file /home/airflow/.local/lib/python3.6/site-packages/airflow/example_dags/example_trigger_target_dag.py for tasks to queue
[2022-07-10 08:52:13,633] {logging_mixin.py:104} INFO - [2022-07-10 08:52:13,633] {dagbag.py:451} INFO - Filling up the DagBag from /home/airflow/.local/lib/python3.6/site-packages/airflow/example_dags/example_trigger_target_dag.py
[2022-07-10 08:52:13,640] {scheduler_job.py:639} INFO - DAG(s) dict_keys(['example_trigger_target_dag']) retrieved from /home/airflow/.local/lib/python3.6/site-packages/airflow/example_dags/example_trigger_target_dag.py
[2022-07-10 08:52:13,654] {logging_mixin.py:104} INFO - [2022-07-10 08:52:13,654] {dag.py:1824} INFO - Sync 1 DAGs
[2022-07-10 08:52:13,664] {logging_mixin.py:104} INFO - [2022-07-10 08:52:13,664] {dag.py:2280} INFO - Setting next_dagrun for example_trigger_target_dag to None
[2022-07-10 08:52:13,670] {scheduler_job.py:190} INFO - Processing /home/airflow/.local/lib/python3.6/site-packages/airflow/example_dags/example_trigger_target_dag.py took 0.040 seconds
[2022-07-10 08:52:44,508] {scheduler_job.py:182} INFO - Started process (PID=1068) to work on /home/airflow/.local/lib/python3.6/site-packages/airflow/example_dags/example_trigger_target_dag.py
[2022-07-10 08:52:44,509] {scheduler_job.py:629} INFO - Processing file /home/airflow/.local/lib/python3.6/site-packages/airflow/example_dags/example_trigger_target_dag.py for tasks to queue
[2022-07-10 08:52:44,509] {logging_mixin.py:104} INFO - [2022-07-10 08:52:44,509] {dagbag.py:451} INFO - Filling up the DagBag from /home/airflow/.local/lib/python3.6/site-packages/airflow/example_dags/example_trigger_target_dag.py
[2022-07-10 08:52:44,516] {scheduler_job.py:639} INFO - DAG(s) dict_keys(['example_trigger_target_dag']) retrieved from /home/airflow/.local/lib/python3.6/site-packages/airflow/example_dags/example_trigger_target_dag.py
[2022-07-10 08:52:44,528] {logging_mixin.py:104} INFO - [2022-07-10 08:52:44,528] {dag.py:1824} INFO - Sync 1 DAGs
[2022-07-10 08:52:44,536] {logging_mixin.py:104} INFO - [2022-07-10 08:52:44,536] {dag.py:2280} INFO - Setting next_dagrun for example_trigger_target_dag to None
[2022-07-10 08:52:44,543] {scheduler_job.py:190} INFO - Processing /home/airflow/.local/lib/python3.6/site-packages/airflow/example_dags/example_trigger_target_dag.py took 0.036 seconds
[2022-07-10 08:53:15,370] {scheduler_job.py:182} INFO - Started process (PID=1094) to work on /home/airflow/.local/lib/python3.6/site-packages/airflow/example_dags/example_trigger_target_dag.py
[2022-07-10 08:53:15,371] {scheduler_job.py:629} INFO - Processing file /home/airflow/.local/lib/python3.6/site-packages/airflow/example_dags/example_trigger_target_dag.py for tasks to queue
[2022-07-10 08:53:15,371] {logging_mixin.py:104} INFO - [2022-07-10 08:53:15,371] {dagbag.py:451} INFO - Filling up the DagBag from /home/airflow/.local/lib/python3.6/site-packages/airflow/example_dags/example_trigger_target_dag.py
[2022-07-10 08:53:15,378] {scheduler_job.py:639} INFO - DAG(s) dict_keys(['example_trigger_target_dag']) retrieved from /home/airflow/.local/lib/python3.6/site-packages/airflow/example_dags/example_trigger_target_dag.py
[2022-07-10 08:53:15,390] {logging_mixin.py:104} INFO - [2022-07-10 08:53:15,390] {dag.py:1824} INFO - Sync 1 DAGs
[2022-07-10 08:53:15,399] {logging_mixin.py:104} INFO - [2022-07-10 08:53:15,399] {dag.py:2280} INFO - Setting next_dagrun for example_trigger_target_dag to None
[2022-07-10 08:53:15,405] {scheduler_job.py:190} INFO - Processing /home/airflow/.local/lib/python3.6/site-packages/airflow/example_dags/example_trigger_target_dag.py took 0.036 seconds
[2022-07-10 08:53:46,245] {scheduler_job.py:182} INFO - Started process (PID=1120) to work on /home/airflow/.local/lib/python3.6/site-packages/airflow/example_dags/example_trigger_target_dag.py
[2022-07-10 08:53:46,246] {scheduler_job.py:629} INFO - Processing file /home/airflow/.local/lib/python3.6/site-packages/airflow/example_dags/example_trigger_target_dag.py for tasks to queue
[2022-07-10 08:53:46,246] {logging_mixin.py:104} INFO - [2022-07-10 08:53:46,246] {dagbag.py:451} INFO - Filling up the DagBag from /home/airflow/.local/lib/python3.6/site-packages/airflow/example_dags/example_trigger_target_dag.py
[2022-07-10 08:53:46,253] {scheduler_job.py:639} INFO - DAG(s) dict_keys(['example_trigger_target_dag']) retrieved from /home/airflow/.local/lib/python3.6/site-packages/airflow/example_dags/example_trigger_target_dag.py
[2022-07-10 08:53:46,265] {logging_mixin.py:104} INFO - [2022-07-10 08:53:46,265] {dag.py:1824} INFO - Sync 1 DAGs
[2022-07-10 08:53:46,275] {logging_mixin.py:104} INFO - [2022-07-10 08:53:46,275] {dag.py:2280} INFO - Setting next_dagrun for example_trigger_target_dag to None
[2022-07-10 08:53:46,281] {scheduler_job.py:190} INFO - Processing /home/airflow/.local/lib/python3.6/site-packages/airflow/example_dags/example_trigger_target_dag.py took 0.038 seconds
[2022-07-10 08:54:17,139] {scheduler_job.py:182} INFO - Started process (PID=1146) to work on /home/airflow/.local/lib/python3.6/site-packages/airflow/example_dags/example_trigger_target_dag.py
[2022-07-10 08:54:17,140] {scheduler_job.py:629} INFO - Processing file /home/airflow/.local/lib/python3.6/site-packages/airflow/example_dags/example_trigger_target_dag.py for tasks to queue
[2022-07-10 08:54:17,141] {logging_mixin.py:104} INFO - [2022-07-10 08:54:17,141] {dagbag.py:451} INFO - Filling up the DagBag from /home/airflow/.local/lib/python3.6/site-packages/airflow/example_dags/example_trigger_target_dag.py
[2022-07-10 08:54:17,148] {scheduler_job.py:639} INFO - DAG(s) dict_keys(['example_trigger_target_dag']) retrieved from /home/airflow/.local/lib/python3.6/site-packages/airflow/example_dags/example_trigger_target_dag.py
[2022-07-10 08:54:17,163] {logging_mixin.py:104} INFO - [2022-07-10 08:54:17,163] {dag.py:1824} INFO - Sync 1 DAGs
[2022-07-10 08:54:17,174] {logging_mixin.py:104} INFO - [2022-07-10 08:54:17,174] {dag.py:2280} INFO - Setting next_dagrun for example_trigger_target_dag to None
[2022-07-10 08:54:17,183] {scheduler_job.py:190} INFO - Processing /home/airflow/.local/lib/python3.6/site-packages/airflow/example_dags/example_trigger_target_dag.py took 0.045 seconds
[2022-07-10 08:54:48,012] {scheduler_job.py:182} INFO - Started process (PID=1172) to work on /home/airflow/.local/lib/python3.6/site-packages/airflow/example_dags/example_trigger_target_dag.py
[2022-07-10 08:54:48,013] {scheduler_job.py:629} INFO - Processing file /home/airflow/.local/lib/python3.6/site-packages/airflow/example_dags/example_trigger_target_dag.py for tasks to queue
[2022-07-10 08:54:48,014] {logging_mixin.py:104} INFO - [2022-07-10 08:54:48,014] {dagbag.py:451} INFO - Filling up the DagBag from /home/airflow/.local/lib/python3.6/site-packages/airflow/example_dags/example_trigger_target_dag.py
[2022-07-10 08:54:48,020] {scheduler_job.py:639} INFO - DAG(s) dict_keys(['example_trigger_target_dag']) retrieved from /home/airflow/.local/lib/python3.6/site-packages/airflow/example_dags/example_trigger_target_dag.py
[2022-07-10 08:54:48,033] {logging_mixin.py:104} INFO - [2022-07-10 08:54:48,033] {dag.py:1824} INFO - Sync 1 DAGs
[2022-07-10 08:54:48,044] {logging_mixin.py:104} INFO - [2022-07-10 08:54:48,044] {dag.py:2280} INFO - Setting next_dagrun for example_trigger_target_dag to None
[2022-07-10 08:54:48,051] {scheduler_job.py:190} INFO - Processing /home/airflow/.local/lib/python3.6/site-packages/airflow/example_dags/example_trigger_target_dag.py took 0.040 seconds
[2022-07-10 08:55:18,829] {scheduler_job.py:182} INFO - Started process (PID=1198) to work on /home/airflow/.local/lib/python3.6/site-packages/airflow/example_dags/example_trigger_target_dag.py
[2022-07-10 08:55:18,830] {scheduler_job.py:629} INFO - Processing file /home/airflow/.local/lib/python3.6/site-packages/airflow/example_dags/example_trigger_target_dag.py for tasks to queue
[2022-07-10 08:55:18,830] {logging_mixin.py:104} INFO - [2022-07-10 08:55:18,830] {dagbag.py:451} INFO - Filling up the DagBag from /home/airflow/.local/lib/python3.6/site-packages/airflow/example_dags/example_trigger_target_dag.py
[2022-07-10 08:55:18,837] {scheduler_job.py:639} INFO - DAG(s) dict_keys(['example_trigger_target_dag']) retrieved from /home/airflow/.local/lib/python3.6/site-packages/airflow/example_dags/example_trigger_target_dag.py
[2022-07-10 08:55:18,850] {logging_mixin.py:104} INFO - [2022-07-10 08:55:18,850] {dag.py:1824} INFO - Sync 1 DAGs
[2022-07-10 08:55:18,859] {logging_mixin.py:104} INFO - [2022-07-10 08:55:18,859] {dag.py:2280} INFO - Setting next_dagrun for example_trigger_target_dag to None
[2022-07-10 08:55:18,865] {scheduler_job.py:190} INFO - Processing /home/airflow/.local/lib/python3.6/site-packages/airflow/example_dags/example_trigger_target_dag.py took 0.038 seconds
[2022-07-10 08:55:49,809] {scheduler_job.py:182} INFO - Started process (PID=1224) to work on /home/airflow/.local/lib/python3.6/site-packages/airflow/example_dags/example_trigger_target_dag.py
[2022-07-10 08:55:49,810] {scheduler_job.py:629} INFO - Processing file /home/airflow/.local/lib/python3.6/site-packages/airflow/example_dags/example_trigger_target_dag.py for tasks to queue
[2022-07-10 08:55:49,811] {logging_mixin.py:104} INFO - [2022-07-10 08:55:49,811] {dagbag.py:451} INFO - Filling up the DagBag from /home/airflow/.local/lib/python3.6/site-packages/airflow/example_dags/example_trigger_target_dag.py
[2022-07-10 08:55:49,817] {scheduler_job.py:639} INFO - DAG(s) dict_keys(['example_trigger_target_dag']) retrieved from /home/airflow/.local/lib/python3.6/site-packages/airflow/example_dags/example_trigger_target_dag.py
[2022-07-10 08:55:49,830] {logging_mixin.py:104} INFO - [2022-07-10 08:55:49,829] {dag.py:1824} INFO - Sync 1 DAGs
[2022-07-10 08:55:49,838] {logging_mixin.py:104} INFO - [2022-07-10 08:55:49,838] {dag.py:2280} INFO - Setting next_dagrun for example_trigger_target_dag to None
[2022-07-10 08:55:49,845] {scheduler_job.py:190} INFO - Processing /home/airflow/.local/lib/python3.6/site-packages/airflow/example_dags/example_trigger_target_dag.py took 0.037 seconds
[2022-07-10 08:56:20,867] {scheduler_job.py:182} INFO - Started process (PID=1250) to work on /home/airflow/.local/lib/python3.6/site-packages/airflow/example_dags/example_trigger_target_dag.py
[2022-07-10 08:56:20,868] {scheduler_job.py:629} INFO - Processing file /home/airflow/.local/lib/python3.6/site-packages/airflow/example_dags/example_trigger_target_dag.py for tasks to queue
[2022-07-10 08:56:20,868] {logging_mixin.py:104} INFO - [2022-07-10 08:56:20,868] {dagbag.py:451} INFO - Filling up the DagBag from /home/airflow/.local/lib/python3.6/site-packages/airflow/example_dags/example_trigger_target_dag.py
[2022-07-10 08:56:20,875] {scheduler_job.py:639} INFO - DAG(s) dict_keys(['example_trigger_target_dag']) retrieved from /home/airflow/.local/lib/python3.6/site-packages/airflow/example_dags/example_trigger_target_dag.py
[2022-07-10 08:56:20,887] {logging_mixin.py:104} INFO - [2022-07-10 08:56:20,887] {dag.py:1824} INFO - Sync 1 DAGs
[2022-07-10 08:56:20,896] {logging_mixin.py:104} INFO - [2022-07-10 08:56:20,896] {dag.py:2280} INFO - Setting next_dagrun for example_trigger_target_dag to None
[2022-07-10 08:56:20,903] {scheduler_job.py:190} INFO - Processing /home/airflow/.local/lib/python3.6/site-packages/airflow/example_dags/example_trigger_target_dag.py took 0.037 seconds
[2022-07-10 08:56:51,689] {scheduler_job.py:182} INFO - Started process (PID=1276) to work on /home/airflow/.local/lib/python3.6/site-packages/airflow/example_dags/example_trigger_target_dag.py
[2022-07-10 08:56:51,690] {scheduler_job.py:629} INFO - Processing file /home/airflow/.local/lib/python3.6/site-packages/airflow/example_dags/example_trigger_target_dag.py for tasks to queue
[2022-07-10 08:56:51,691] {logging_mixin.py:104} INFO - [2022-07-10 08:56:51,691] {dagbag.py:451} INFO - Filling up the DagBag from /home/airflow/.local/lib/python3.6/site-packages/airflow/example_dags/example_trigger_target_dag.py
[2022-07-10 08:56:51,698] {scheduler_job.py:639} INFO - DAG(s) dict_keys(['example_trigger_target_dag']) retrieved from /home/airflow/.local/lib/python3.6/site-packages/airflow/example_dags/example_trigger_target_dag.py
[2022-07-10 08:56:51,711] {logging_mixin.py:104} INFO - [2022-07-10 08:56:51,711] {dag.py:1824} INFO - Sync 1 DAGs
[2022-07-10 08:56:51,720] {logging_mixin.py:104} INFO - [2022-07-10 08:56:51,720] {dag.py:2280} INFO - Setting next_dagrun for example_trigger_target_dag to None
[2022-07-10 08:56:51,727] {scheduler_job.py:190} INFO - Processing /home/airflow/.local/lib/python3.6/site-packages/airflow/example_dags/example_trigger_target_dag.py took 0.040 seconds
[2022-07-10 08:57:22,613] {scheduler_job.py:182} INFO - Started process (PID=1302) to work on /home/airflow/.local/lib/python3.6/site-packages/airflow/example_dags/example_trigger_target_dag.py
[2022-07-10 08:57:22,613] {scheduler_job.py:629} INFO - Processing file /home/airflow/.local/lib/python3.6/site-packages/airflow/example_dags/example_trigger_target_dag.py for tasks to queue
[2022-07-10 08:57:22,614] {logging_mixin.py:104} INFO - [2022-07-10 08:57:22,614] {dagbag.py:451} INFO - Filling up the DagBag from /home/airflow/.local/lib/python3.6/site-packages/airflow/example_dags/example_trigger_target_dag.py
[2022-07-10 08:57:22,621] {scheduler_job.py:639} INFO - DAG(s) dict_keys(['example_trigger_target_dag']) retrieved from /home/airflow/.local/lib/python3.6/site-packages/airflow/example_dags/example_trigger_target_dag.py
[2022-07-10 08:57:22,636] {logging_mixin.py:104} INFO - [2022-07-10 08:57:22,636] {dag.py:1824} INFO - Sync 1 DAGs
[2022-07-10 08:57:22,646] {logging_mixin.py:104} INFO - [2022-07-10 08:57:22,646] {dag.py:2280} INFO - Setting next_dagrun for example_trigger_target_dag to None
[2022-07-10 08:57:22,652] {scheduler_job.py:190} INFO - Processing /home/airflow/.local/lib/python3.6/site-packages/airflow/example_dags/example_trigger_target_dag.py took 0.041 seconds
[2022-07-10 08:57:53,441] {scheduler_job.py:182} INFO - Started process (PID=1328) to work on /home/airflow/.local/lib/python3.6/site-packages/airflow/example_dags/example_trigger_target_dag.py
[2022-07-10 08:57:53,442] {scheduler_job.py:629} INFO - Processing file /home/airflow/.local/lib/python3.6/site-packages/airflow/example_dags/example_trigger_target_dag.py for tasks to queue
[2022-07-10 08:57:53,442] {logging_mixin.py:104} INFO - [2022-07-10 08:57:53,442] {dagbag.py:451} INFO - Filling up the DagBag from /home/airflow/.local/lib/python3.6/site-packages/airflow/example_dags/example_trigger_target_dag.py
[2022-07-10 08:57:53,449] {scheduler_job.py:639} INFO - DAG(s) dict_keys(['example_trigger_target_dag']) retrieved from /home/airflow/.local/lib/python3.6/site-packages/airflow/example_dags/example_trigger_target_dag.py
[2022-07-10 08:57:53,461] {logging_mixin.py:104} INFO - [2022-07-10 08:57:53,461] {dag.py:1824} INFO - Sync 1 DAGs
[2022-07-10 08:57:53,470] {logging_mixin.py:104} INFO - [2022-07-10 08:57:53,469] {dag.py:2280} INFO - Setting next_dagrun for example_trigger_target_dag to None
[2022-07-10 08:57:53,476] {scheduler_job.py:190} INFO - Processing /home/airflow/.local/lib/python3.6/site-packages/airflow/example_dags/example_trigger_target_dag.py took 0.037 seconds
[2022-07-10 08:58:24,472] {scheduler_job.py:182} INFO - Started process (PID=1354) to work on /home/airflow/.local/lib/python3.6/site-packages/airflow/example_dags/example_trigger_target_dag.py
[2022-07-10 08:58:24,473] {scheduler_job.py:629} INFO - Processing file /home/airflow/.local/lib/python3.6/site-packages/airflow/example_dags/example_trigger_target_dag.py for tasks to queue
[2022-07-10 08:58:24,474] {logging_mixin.py:104} INFO - [2022-07-10 08:58:24,474] {dagbag.py:451} INFO - Filling up the DagBag from /home/airflow/.local/lib/python3.6/site-packages/airflow/example_dags/example_trigger_target_dag.py
[2022-07-10 08:58:24,482] {scheduler_job.py:639} INFO - DAG(s) dict_keys(['example_trigger_target_dag']) retrieved from /home/airflow/.local/lib/python3.6/site-packages/airflow/example_dags/example_trigger_target_dag.py
[2022-07-10 08:58:24,495] {logging_mixin.py:104} INFO - [2022-07-10 08:58:24,495] {dag.py:1824} INFO - Sync 1 DAGs
[2022-07-10 08:58:24,506] {logging_mixin.py:104} INFO - [2022-07-10 08:58:24,506] {dag.py:2280} INFO - Setting next_dagrun for example_trigger_target_dag to None
[2022-07-10 08:58:24,513] {scheduler_job.py:190} INFO - Processing /home/airflow/.local/lib/python3.6/site-packages/airflow/example_dags/example_trigger_target_dag.py took 0.043 seconds
[2022-07-10 08:58:55,306] {scheduler_job.py:182} INFO - Started process (PID=1380) to work on /home/airflow/.local/lib/python3.6/site-packages/airflow/example_dags/example_trigger_target_dag.py
[2022-07-10 08:58:55,307] {scheduler_job.py:629} INFO - Processing file /home/airflow/.local/lib/python3.6/site-packages/airflow/example_dags/example_trigger_target_dag.py for tasks to queue
[2022-07-10 08:58:55,308] {logging_mixin.py:104} INFO - [2022-07-10 08:58:55,308] {dagbag.py:451} INFO - Filling up the DagBag from /home/airflow/.local/lib/python3.6/site-packages/airflow/example_dags/example_trigger_target_dag.py
[2022-07-10 08:58:55,314] {scheduler_job.py:639} INFO - DAG(s) dict_keys(['example_trigger_target_dag']) retrieved from /home/airflow/.local/lib/python3.6/site-packages/airflow/example_dags/example_trigger_target_dag.py
[2022-07-10 08:58:55,326] {logging_mixin.py:104} INFO - [2022-07-10 08:58:55,326] {dag.py:1824} INFO - Sync 1 DAGs
[2022-07-10 08:58:55,335] {logging_mixin.py:104} INFO - [2022-07-10 08:58:55,335] {dag.py:2280} INFO - Setting next_dagrun for example_trigger_target_dag to None
[2022-07-10 08:58:55,342] {scheduler_job.py:190} INFO - Processing /home/airflow/.local/lib/python3.6/site-packages/airflow/example_dags/example_trigger_target_dag.py took 0.037 seconds
[2022-07-10 08:59:26,065] {scheduler_job.py:182} INFO - Started process (PID=1406) to work on /home/airflow/.local/lib/python3.6/site-packages/airflow/example_dags/example_trigger_target_dag.py
[2022-07-10 08:59:26,066] {scheduler_job.py:629} INFO - Processing file /home/airflow/.local/lib/python3.6/site-packages/airflow/example_dags/example_trigger_target_dag.py for tasks to queue
[2022-07-10 08:59:26,066] {logging_mixin.py:104} INFO - [2022-07-10 08:59:26,066] {dagbag.py:451} INFO - Filling up the DagBag from /home/airflow/.local/lib/python3.6/site-packages/airflow/example_dags/example_trigger_target_dag.py
[2022-07-10 08:59:26,073] {scheduler_job.py:639} INFO - DAG(s) dict_keys(['example_trigger_target_dag']) retrieved from /home/airflow/.local/lib/python3.6/site-packages/airflow/example_dags/example_trigger_target_dag.py
[2022-07-10 08:59:26,085] {logging_mixin.py:104} INFO - [2022-07-10 08:59:26,085] {dag.py:1824} INFO - Sync 1 DAGs
[2022-07-10 08:59:26,095] {logging_mixin.py:104} INFO - [2022-07-10 08:59:26,095] {dag.py:2280} INFO - Setting next_dagrun for example_trigger_target_dag to None
[2022-07-10 08:59:26,102] {scheduler_job.py:190} INFO - Processing /home/airflow/.local/lib/python3.6/site-packages/airflow/example_dags/example_trigger_target_dag.py took 0.039 seconds
[2022-07-10 08:59:56,930] {scheduler_job.py:182} INFO - Started process (PID=1432) to work on /home/airflow/.local/lib/python3.6/site-packages/airflow/example_dags/example_trigger_target_dag.py
[2022-07-10 08:59:56,931] {scheduler_job.py:629} INFO - Processing file /home/airflow/.local/lib/python3.6/site-packages/airflow/example_dags/example_trigger_target_dag.py for tasks to queue
[2022-07-10 08:59:56,932] {logging_mixin.py:104} INFO - [2022-07-10 08:59:56,932] {dagbag.py:451} INFO - Filling up the DagBag from /home/airflow/.local/lib/python3.6/site-packages/airflow/example_dags/example_trigger_target_dag.py
[2022-07-10 08:59:56,938] {scheduler_job.py:639} INFO - DAG(s) dict_keys(['example_trigger_target_dag']) retrieved from /home/airflow/.local/lib/python3.6/site-packages/airflow/example_dags/example_trigger_target_dag.py
[2022-07-10 08:59:56,951] {logging_mixin.py:104} INFO - [2022-07-10 08:59:56,951] {dag.py:1824} INFO - Sync 1 DAGs
[2022-07-10 08:59:56,962] {logging_mixin.py:104} INFO - [2022-07-10 08:59:56,962] {dag.py:2280} INFO - Setting next_dagrun for example_trigger_target_dag to None
[2022-07-10 08:59:56,969] {scheduler_job.py:190} INFO - Processing /home/airflow/.local/lib/python3.6/site-packages/airflow/example_dags/example_trigger_target_dag.py took 0.041 seconds
[2022-07-10 09:00:27,707] {scheduler_job.py:182} INFO - Started process (PID=1458) to work on /home/airflow/.local/lib/python3.6/site-packages/airflow/example_dags/example_trigger_target_dag.py
[2022-07-10 09:00:27,707] {scheduler_job.py:629} INFO - Processing file /home/airflow/.local/lib/python3.6/site-packages/airflow/example_dags/example_trigger_target_dag.py for tasks to queue
[2022-07-10 09:00:27,708] {logging_mixin.py:104} INFO - [2022-07-10 09:00:27,708] {dagbag.py:451} INFO - Filling up the DagBag from /home/airflow/.local/lib/python3.6/site-packages/airflow/example_dags/example_trigger_target_dag.py
[2022-07-10 09:00:27,714] {scheduler_job.py:639} INFO - DAG(s) dict_keys(['example_trigger_target_dag']) retrieved from /home/airflow/.local/lib/python3.6/site-packages/airflow/example_dags/example_trigger_target_dag.py
[2022-07-10 09:00:27,727] {logging_mixin.py:104} INFO - [2022-07-10 09:00:27,727] {dag.py:1824} INFO - Sync 1 DAGs
[2022-07-10 09:00:27,737] {logging_mixin.py:104} INFO - [2022-07-10 09:00:27,737] {dag.py:2280} INFO - Setting next_dagrun for example_trigger_target_dag to None
[2022-07-10 09:00:27,745] {scheduler_job.py:190} INFO - Processing /home/airflow/.local/lib/python3.6/site-packages/airflow/example_dags/example_trigger_target_dag.py took 0.040 seconds
[2022-07-10 09:00:58,630] {scheduler_job.py:182} INFO - Started process (PID=1484) to work on /home/airflow/.local/lib/python3.6/site-packages/airflow/example_dags/example_trigger_target_dag.py
[2022-07-10 09:00:58,631] {scheduler_job.py:629} INFO - Processing file /home/airflow/.local/lib/python3.6/site-packages/airflow/example_dags/example_trigger_target_dag.py for tasks to queue
[2022-07-10 09:00:58,631] {logging_mixin.py:104} INFO - [2022-07-10 09:00:58,631] {dagbag.py:451} INFO - Filling up the DagBag from /home/airflow/.local/lib/python3.6/site-packages/airflow/example_dags/example_trigger_target_dag.py
[2022-07-10 09:00:58,638] {scheduler_job.py:639} INFO - DAG(s) dict_keys(['example_trigger_target_dag']) retrieved from /home/airflow/.local/lib/python3.6/site-packages/airflow/example_dags/example_trigger_target_dag.py
[2022-07-10 09:00:58,650] {logging_mixin.py:104} INFO - [2022-07-10 09:00:58,650] {dag.py:1824} INFO - Sync 1 DAGs
[2022-07-10 09:00:58,660] {logging_mixin.py:104} INFO - [2022-07-10 09:00:58,659] {dag.py:2280} INFO - Setting next_dagrun for example_trigger_target_dag to None
[2022-07-10 09:00:58,666] {scheduler_job.py:190} INFO - Processing /home/airflow/.local/lib/python3.6/site-packages/airflow/example_dags/example_trigger_target_dag.py took 0.038 seconds
[2022-07-10 09:03:55,360] {scheduler_job.py:182} INFO - Started process (PID=62) to work on /home/airflow/.local/lib/python3.6/site-packages/airflow/example_dags/example_trigger_target_dag.py
[2022-07-10 09:03:55,361] {scheduler_job.py:629} INFO - Processing file /home/airflow/.local/lib/python3.6/site-packages/airflow/example_dags/example_trigger_target_dag.py for tasks to queue
[2022-07-10 09:03:55,362] {logging_mixin.py:104} INFO - [2022-07-10 09:03:55,362] {dagbag.py:451} INFO - Filling up the DagBag from /home/airflow/.local/lib/python3.6/site-packages/airflow/example_dags/example_trigger_target_dag.py
[2022-07-10 09:03:55,370] {scheduler_job.py:639} INFO - DAG(s) dict_keys(['example_trigger_target_dag']) retrieved from /home/airflow/.local/lib/python3.6/site-packages/airflow/example_dags/example_trigger_target_dag.py
[2022-07-10 09:03:55,386] {logging_mixin.py:104} INFO - [2022-07-10 09:03:55,385] {dag.py:1824} INFO - Sync 1 DAGs
[2022-07-10 09:03:55,400] {logging_mixin.py:104} INFO - [2022-07-10 09:03:55,399] {dag.py:2280} INFO - Setting next_dagrun for example_trigger_target_dag to None
[2022-07-10 09:03:55,407] {scheduler_job.py:190} INFO - Processing /home/airflow/.local/lib/python3.6/site-packages/airflow/example_dags/example_trigger_target_dag.py took 0.050 seconds
[2022-07-10 09:04:26,244] {scheduler_job.py:182} INFO - Started process (PID=88) to work on /home/airflow/.local/lib/python3.6/site-packages/airflow/example_dags/example_trigger_target_dag.py
[2022-07-10 09:04:26,244] {scheduler_job.py:629} INFO - Processing file /home/airflow/.local/lib/python3.6/site-packages/airflow/example_dags/example_trigger_target_dag.py for tasks to queue
[2022-07-10 09:04:26,245] {logging_mixin.py:104} INFO - [2022-07-10 09:04:26,245] {dagbag.py:451} INFO - Filling up the DagBag from /home/airflow/.local/lib/python3.6/site-packages/airflow/example_dags/example_trigger_target_dag.py
[2022-07-10 09:04:26,252] {scheduler_job.py:639} INFO - DAG(s) dict_keys(['example_trigger_target_dag']) retrieved from /home/airflow/.local/lib/python3.6/site-packages/airflow/example_dags/example_trigger_target_dag.py
[2022-07-10 09:04:26,263] {logging_mixin.py:104} INFO - [2022-07-10 09:04:26,263] {dag.py:1824} INFO - Sync 1 DAGs
[2022-07-10 09:04:26,274] {logging_mixin.py:104} INFO - [2022-07-10 09:04:26,273] {dag.py:2280} INFO - Setting next_dagrun for example_trigger_target_dag to None
[2022-07-10 09:04:26,280] {scheduler_job.py:190} INFO - Processing /home/airflow/.local/lib/python3.6/site-packages/airflow/example_dags/example_trigger_target_dag.py took 0.038 seconds
[2022-07-10 09:04:57,030] {scheduler_job.py:182} INFO - Started process (PID=114) to work on /home/airflow/.local/lib/python3.6/site-packages/airflow/example_dags/example_trigger_target_dag.py
[2022-07-10 09:04:57,030] {scheduler_job.py:629} INFO - Processing file /home/airflow/.local/lib/python3.6/site-packages/airflow/example_dags/example_trigger_target_dag.py for tasks to queue
[2022-07-10 09:04:57,031] {logging_mixin.py:104} INFO - [2022-07-10 09:04:57,031] {dagbag.py:451} INFO - Filling up the DagBag from /home/airflow/.local/lib/python3.6/site-packages/airflow/example_dags/example_trigger_target_dag.py
[2022-07-10 09:04:57,038] {scheduler_job.py:639} INFO - DAG(s) dict_keys(['example_trigger_target_dag']) retrieved from /home/airflow/.local/lib/python3.6/site-packages/airflow/example_dags/example_trigger_target_dag.py
[2022-07-10 09:04:57,050] {logging_mixin.py:104} INFO - [2022-07-10 09:04:57,050] {dag.py:1824} INFO - Sync 1 DAGs
[2022-07-10 09:04:57,062] {logging_mixin.py:104} INFO - [2022-07-10 09:04:57,062] {dag.py:2280} INFO - Setting next_dagrun for example_trigger_target_dag to None
[2022-07-10 09:04:57,068] {scheduler_job.py:190} INFO - Processing /home/airflow/.local/lib/python3.6/site-packages/airflow/example_dags/example_trigger_target_dag.py took 0.041 seconds
[2022-07-10 09:05:27,845] {scheduler_job.py:182} INFO - Started process (PID=140) to work on /home/airflow/.local/lib/python3.6/site-packages/airflow/example_dags/example_trigger_target_dag.py
[2022-07-10 09:05:27,846] {scheduler_job.py:629} INFO - Processing file /home/airflow/.local/lib/python3.6/site-packages/airflow/example_dags/example_trigger_target_dag.py for tasks to queue
[2022-07-10 09:05:27,846] {logging_mixin.py:104} INFO - [2022-07-10 09:05:27,846] {dagbag.py:451} INFO - Filling up the DagBag from /home/airflow/.local/lib/python3.6/site-packages/airflow/example_dags/example_trigger_target_dag.py
[2022-07-10 09:05:27,852] {scheduler_job.py:639} INFO - DAG(s) dict_keys(['example_trigger_target_dag']) retrieved from /home/airflow/.local/lib/python3.6/site-packages/airflow/example_dags/example_trigger_target_dag.py
[2022-07-10 09:05:27,864] {logging_mixin.py:104} INFO - [2022-07-10 09:05:27,864] {dag.py:1824} INFO - Sync 1 DAGs
[2022-07-10 09:05:27,875] {logging_mixin.py:104} INFO - [2022-07-10 09:05:27,875] {dag.py:2280} INFO - Setting next_dagrun for example_trigger_target_dag to None
[2022-07-10 09:05:27,881] {scheduler_job.py:190} INFO - Processing /home/airflow/.local/lib/python3.6/site-packages/airflow/example_dags/example_trigger_target_dag.py took 0.038 seconds
[2022-07-10 09:05:58,736] {scheduler_job.py:182} INFO - Started process (PID=166) to work on /home/airflow/.local/lib/python3.6/site-packages/airflow/example_dags/example_trigger_target_dag.py
[2022-07-10 09:05:58,737] {scheduler_job.py:629} INFO - Processing file /home/airflow/.local/lib/python3.6/site-packages/airflow/example_dags/example_trigger_target_dag.py for tasks to queue
[2022-07-10 09:05:58,737] {logging_mixin.py:104} INFO - [2022-07-10 09:05:58,737] {dagbag.py:451} INFO - Filling up the DagBag from /home/airflow/.local/lib/python3.6/site-packages/airflow/example_dags/example_trigger_target_dag.py
[2022-07-10 09:05:58,744] {scheduler_job.py:639} INFO - DAG(s) dict_keys(['example_trigger_target_dag']) retrieved from /home/airflow/.local/lib/python3.6/site-packages/airflow/example_dags/example_trigger_target_dag.py
[2022-07-10 09:05:58,756] {logging_mixin.py:104} INFO - [2022-07-10 09:05:58,756] {dag.py:1824} INFO - Sync 1 DAGs
[2022-07-10 09:05:58,766] {logging_mixin.py:104} INFO - [2022-07-10 09:05:58,766] {dag.py:2280} INFO - Setting next_dagrun for example_trigger_target_dag to None
[2022-07-10 09:05:58,772] {scheduler_job.py:190} INFO - Processing /home/airflow/.local/lib/python3.6/site-packages/airflow/example_dags/example_trigger_target_dag.py took 0.037 seconds
[2022-07-10 09:06:29,508] {scheduler_job.py:182} INFO - Started process (PID=192) to work on /home/airflow/.local/lib/python3.6/site-packages/airflow/example_dags/example_trigger_target_dag.py
[2022-07-10 09:06:29,509] {scheduler_job.py:629} INFO - Processing file /home/airflow/.local/lib/python3.6/site-packages/airflow/example_dags/example_trigger_target_dag.py for tasks to queue
[2022-07-10 09:06:29,510] {logging_mixin.py:104} INFO - [2022-07-10 09:06:29,510] {dagbag.py:451} INFO - Filling up the DagBag from /home/airflow/.local/lib/python3.6/site-packages/airflow/example_dags/example_trigger_target_dag.py
[2022-07-10 09:06:29,516] {scheduler_job.py:639} INFO - DAG(s) dict_keys(['example_trigger_target_dag']) retrieved from /home/airflow/.local/lib/python3.6/site-packages/airflow/example_dags/example_trigger_target_dag.py
[2022-07-10 09:06:29,531] {logging_mixin.py:104} INFO - [2022-07-10 09:06:29,531] {dag.py:1824} INFO - Sync 1 DAGs
[2022-07-10 09:06:29,540] {logging_mixin.py:104} INFO - [2022-07-10 09:06:29,540] {dag.py:2280} INFO - Setting next_dagrun for example_trigger_target_dag to None
[2022-07-10 09:06:29,546] {scheduler_job.py:190} INFO - Processing /home/airflow/.local/lib/python3.6/site-packages/airflow/example_dags/example_trigger_target_dag.py took 0.040 seconds
[2022-07-10 09:07:00,313] {scheduler_job.py:182} INFO - Started process (PID=218) to work on /home/airflow/.local/lib/python3.6/site-packages/airflow/example_dags/example_trigger_target_dag.py
[2022-07-10 09:07:00,314] {scheduler_job.py:629} INFO - Processing file /home/airflow/.local/lib/python3.6/site-packages/airflow/example_dags/example_trigger_target_dag.py for tasks to queue
[2022-07-10 09:07:00,315] {logging_mixin.py:104} INFO - [2022-07-10 09:07:00,315] {dagbag.py:451} INFO - Filling up the DagBag from /home/airflow/.local/lib/python3.6/site-packages/airflow/example_dags/example_trigger_target_dag.py
[2022-07-10 09:07:00,321] {scheduler_job.py:639} INFO - DAG(s) dict_keys(['example_trigger_target_dag']) retrieved from /home/airflow/.local/lib/python3.6/site-packages/airflow/example_dags/example_trigger_target_dag.py
[2022-07-10 09:07:00,335] {logging_mixin.py:104} INFO - [2022-07-10 09:07:00,335] {dag.py:1824} INFO - Sync 1 DAGs
[2022-07-10 09:07:00,343] {logging_mixin.py:104} INFO - [2022-07-10 09:07:00,343] {dag.py:2280} INFO - Setting next_dagrun for example_trigger_target_dag to None
[2022-07-10 09:07:00,349] {scheduler_job.py:190} INFO - Processing /home/airflow/.local/lib/python3.6/site-packages/airflow/example_dags/example_trigger_target_dag.py took 0.037 seconds
[2022-07-10 09:07:31,141] {scheduler_job.py:182} INFO - Started process (PID=244) to work on /home/airflow/.local/lib/python3.6/site-packages/airflow/example_dags/example_trigger_target_dag.py
[2022-07-10 09:07:31,141] {scheduler_job.py:629} INFO - Processing file /home/airflow/.local/lib/python3.6/site-packages/airflow/example_dags/example_trigger_target_dag.py for tasks to queue
[2022-07-10 09:07:31,142] {logging_mixin.py:104} INFO - [2022-07-10 09:07:31,142] {dagbag.py:451} INFO - Filling up the DagBag from /home/airflow/.local/lib/python3.6/site-packages/airflow/example_dags/example_trigger_target_dag.py
[2022-07-10 09:07:31,148] {scheduler_job.py:639} INFO - DAG(s) dict_keys(['example_trigger_target_dag']) retrieved from /home/airflow/.local/lib/python3.6/site-packages/airflow/example_dags/example_trigger_target_dag.py
[2022-07-10 09:07:31,163] {logging_mixin.py:104} INFO - [2022-07-10 09:07:31,163] {dag.py:1824} INFO - Sync 1 DAGs
[2022-07-10 09:07:31,173] {logging_mixin.py:104} INFO - [2022-07-10 09:07:31,173] {dag.py:2280} INFO - Setting next_dagrun for example_trigger_target_dag to None
[2022-07-10 09:07:31,179] {scheduler_job.py:190} INFO - Processing /home/airflow/.local/lib/python3.6/site-packages/airflow/example_dags/example_trigger_target_dag.py took 0.040 seconds
[2022-07-10 09:08:01,919] {scheduler_job.py:182} INFO - Started process (PID=270) to work on /home/airflow/.local/lib/python3.6/site-packages/airflow/example_dags/example_trigger_target_dag.py
[2022-07-10 09:08:01,920] {scheduler_job.py:629} INFO - Processing file /home/airflow/.local/lib/python3.6/site-packages/airflow/example_dags/example_trigger_target_dag.py for tasks to queue
[2022-07-10 09:08:01,921] {logging_mixin.py:104} INFO - [2022-07-10 09:08:01,921] {dagbag.py:451} INFO - Filling up the DagBag from /home/airflow/.local/lib/python3.6/site-packages/airflow/example_dags/example_trigger_target_dag.py
[2022-07-10 09:08:01,927] {scheduler_job.py:639} INFO - DAG(s) dict_keys(['example_trigger_target_dag']) retrieved from /home/airflow/.local/lib/python3.6/site-packages/airflow/example_dags/example_trigger_target_dag.py
[2022-07-10 09:08:01,942] {logging_mixin.py:104} INFO - [2022-07-10 09:08:01,942] {dag.py:1824} INFO - Sync 1 DAGs
[2022-07-10 09:08:01,952] {logging_mixin.py:104} INFO - [2022-07-10 09:08:01,951] {dag.py:2280} INFO - Setting next_dagrun for example_trigger_target_dag to None
[2022-07-10 09:08:01,958] {scheduler_job.py:190} INFO - Processing /home/airflow/.local/lib/python3.6/site-packages/airflow/example_dags/example_trigger_target_dag.py took 0.040 seconds
[2022-07-10 09:08:32,743] {scheduler_job.py:182} INFO - Started process (PID=296) to work on /home/airflow/.local/lib/python3.6/site-packages/airflow/example_dags/example_trigger_target_dag.py
[2022-07-10 09:08:32,744] {scheduler_job.py:629} INFO - Processing file /home/airflow/.local/lib/python3.6/site-packages/airflow/example_dags/example_trigger_target_dag.py for tasks to queue
[2022-07-10 09:08:32,744] {logging_mixin.py:104} INFO - [2022-07-10 09:08:32,744] {dagbag.py:451} INFO - Filling up the DagBag from /home/airflow/.local/lib/python3.6/site-packages/airflow/example_dags/example_trigger_target_dag.py
[2022-07-10 09:08:32,751] {scheduler_job.py:639} INFO - DAG(s) dict_keys(['example_trigger_target_dag']) retrieved from /home/airflow/.local/lib/python3.6/site-packages/airflow/example_dags/example_trigger_target_dag.py
[2022-07-10 09:08:32,764] {logging_mixin.py:104} INFO - [2022-07-10 09:08:32,764] {dag.py:1824} INFO - Sync 1 DAGs
[2022-07-10 09:08:32,772] {logging_mixin.py:104} INFO - [2022-07-10 09:08:32,772] {dag.py:2280} INFO - Setting next_dagrun for example_trigger_target_dag to None
[2022-07-10 09:08:32,778] {scheduler_job.py:190} INFO - Processing /home/airflow/.local/lib/python3.6/site-packages/airflow/example_dags/example_trigger_target_dag.py took 0.037 seconds
[2022-07-10 09:09:03,924] {scheduler_job.py:182} INFO - Started process (PID=322) to work on /home/airflow/.local/lib/python3.6/site-packages/airflow/example_dags/example_trigger_target_dag.py
[2022-07-10 09:09:03,925] {scheduler_job.py:629} INFO - Processing file /home/airflow/.local/lib/python3.6/site-packages/airflow/example_dags/example_trigger_target_dag.py for tasks to queue
[2022-07-10 09:09:03,925] {logging_mixin.py:104} INFO - [2022-07-10 09:09:03,925] {dagbag.py:451} INFO - Filling up the DagBag from /home/airflow/.local/lib/python3.6/site-packages/airflow/example_dags/example_trigger_target_dag.py
[2022-07-10 09:09:03,933] {scheduler_job.py:639} INFO - DAG(s) dict_keys(['example_trigger_target_dag']) retrieved from /home/airflow/.local/lib/python3.6/site-packages/airflow/example_dags/example_trigger_target_dag.py
[2022-07-10 09:09:03,944] {logging_mixin.py:104} INFO - [2022-07-10 09:09:03,944] {dag.py:1824} INFO - Sync 1 DAGs
[2022-07-10 09:09:03,952] {logging_mixin.py:104} INFO - [2022-07-10 09:09:03,952] {dag.py:2280} INFO - Setting next_dagrun for example_trigger_target_dag to None
[2022-07-10 09:09:03,958] {scheduler_job.py:190} INFO - Processing /home/airflow/.local/lib/python3.6/site-packages/airflow/example_dags/example_trigger_target_dag.py took 0.036 seconds
[2022-07-10 09:09:34,849] {scheduler_job.py:182} INFO - Started process (PID=348) to work on /home/airflow/.local/lib/python3.6/site-packages/airflow/example_dags/example_trigger_target_dag.py
[2022-07-10 09:09:34,850] {scheduler_job.py:629} INFO - Processing file /home/airflow/.local/lib/python3.6/site-packages/airflow/example_dags/example_trigger_target_dag.py for tasks to queue
[2022-07-10 09:09:34,851] {logging_mixin.py:104} INFO - [2022-07-10 09:09:34,850] {dagbag.py:451} INFO - Filling up the DagBag from /home/airflow/.local/lib/python3.6/site-packages/airflow/example_dags/example_trigger_target_dag.py
[2022-07-10 09:09:34,859] {scheduler_job.py:639} INFO - DAG(s) dict_keys(['example_trigger_target_dag']) retrieved from /home/airflow/.local/lib/python3.6/site-packages/airflow/example_dags/example_trigger_target_dag.py
[2022-07-10 09:09:34,873] {logging_mixin.py:104} INFO - [2022-07-10 09:09:34,872] {dag.py:1824} INFO - Sync 1 DAGs
[2022-07-10 09:09:34,882] {logging_mixin.py:104} INFO - [2022-07-10 09:09:34,882] {dag.py:2280} INFO - Setting next_dagrun for example_trigger_target_dag to None
[2022-07-10 09:09:34,889] {scheduler_job.py:190} INFO - Processing /home/airflow/.local/lib/python3.6/site-packages/airflow/example_dags/example_trigger_target_dag.py took 0.041 seconds
[2022-07-10 09:10:05,585] {scheduler_job.py:182} INFO - Started process (PID=374) to work on /home/airflow/.local/lib/python3.6/site-packages/airflow/example_dags/example_trigger_target_dag.py
[2022-07-10 09:10:05,586] {scheduler_job.py:629} INFO - Processing file /home/airflow/.local/lib/python3.6/site-packages/airflow/example_dags/example_trigger_target_dag.py for tasks to queue
[2022-07-10 09:10:05,586] {logging_mixin.py:104} INFO - [2022-07-10 09:10:05,586] {dagbag.py:451} INFO - Filling up the DagBag from /home/airflow/.local/lib/python3.6/site-packages/airflow/example_dags/example_trigger_target_dag.py
[2022-07-10 09:10:05,594] {scheduler_job.py:639} INFO - DAG(s) dict_keys(['example_trigger_target_dag']) retrieved from /home/airflow/.local/lib/python3.6/site-packages/airflow/example_dags/example_trigger_target_dag.py
[2022-07-10 09:10:05,606] {logging_mixin.py:104} INFO - [2022-07-10 09:10:05,606] {dag.py:1824} INFO - Sync 1 DAGs
[2022-07-10 09:10:05,617] {logging_mixin.py:104} INFO - [2022-07-10 09:10:05,617] {dag.py:2280} INFO - Setting next_dagrun for example_trigger_target_dag to None
[2022-07-10 09:10:05,623] {scheduler_job.py:190} INFO - Processing /home/airflow/.local/lib/python3.6/site-packages/airflow/example_dags/example_trigger_target_dag.py took 0.040 seconds
[2022-07-10 09:10:36,507] {scheduler_job.py:182} INFO - Started process (PID=400) to work on /home/airflow/.local/lib/python3.6/site-packages/airflow/example_dags/example_trigger_target_dag.py
[2022-07-10 09:10:36,508] {scheduler_job.py:629} INFO - Processing file /home/airflow/.local/lib/python3.6/site-packages/airflow/example_dags/example_trigger_target_dag.py for tasks to queue
[2022-07-10 09:10:36,508] {logging_mixin.py:104} INFO - [2022-07-10 09:10:36,508] {dagbag.py:451} INFO - Filling up the DagBag from /home/airflow/.local/lib/python3.6/site-packages/airflow/example_dags/example_trigger_target_dag.py
[2022-07-10 09:10:36,517] {scheduler_job.py:639} INFO - DAG(s) dict_keys(['example_trigger_target_dag']) retrieved from /home/airflow/.local/lib/python3.6/site-packages/airflow/example_dags/example_trigger_target_dag.py
[2022-07-10 09:10:36,527] {logging_mixin.py:104} INFO - [2022-07-10 09:10:36,527] {dag.py:1824} INFO - Sync 1 DAGs
[2022-07-10 09:10:36,536] {logging_mixin.py:104} INFO - [2022-07-10 09:10:36,535] {dag.py:2280} INFO - Setting next_dagrun for example_trigger_target_dag to None
[2022-07-10 09:10:36,541] {scheduler_job.py:190} INFO - Processing /home/airflow/.local/lib/python3.6/site-packages/airflow/example_dags/example_trigger_target_dag.py took 0.036 seconds
[2022-07-10 09:11:07,285] {scheduler_job.py:182} INFO - Started process (PID=426) to work on /home/airflow/.local/lib/python3.6/site-packages/airflow/example_dags/example_trigger_target_dag.py
[2022-07-10 09:11:07,288] {scheduler_job.py:629} INFO - Processing file /home/airflow/.local/lib/python3.6/site-packages/airflow/example_dags/example_trigger_target_dag.py for tasks to queue
[2022-07-10 09:11:07,288] {logging_mixin.py:104} INFO - [2022-07-10 09:11:07,288] {dagbag.py:451} INFO - Filling up the DagBag from /home/airflow/.local/lib/python3.6/site-packages/airflow/example_dags/example_trigger_target_dag.py
[2022-07-10 09:11:07,295] {scheduler_job.py:639} INFO - DAG(s) dict_keys(['example_trigger_target_dag']) retrieved from /home/airflow/.local/lib/python3.6/site-packages/airflow/example_dags/example_trigger_target_dag.py
[2022-07-10 09:11:07,308] {logging_mixin.py:104} INFO - [2022-07-10 09:11:07,308] {dag.py:1824} INFO - Sync 1 DAGs
[2022-07-10 09:11:07,317] {logging_mixin.py:104} INFO - [2022-07-10 09:11:07,317] {dag.py:2280} INFO - Setting next_dagrun for example_trigger_target_dag to None
[2022-07-10 09:11:07,323] {scheduler_job.py:190} INFO - Processing /home/airflow/.local/lib/python3.6/site-packages/airflow/example_dags/example_trigger_target_dag.py took 0.040 seconds
[2022-07-10 09:11:38,107] {scheduler_job.py:182} INFO - Started process (PID=452) to work on /home/airflow/.local/lib/python3.6/site-packages/airflow/example_dags/example_trigger_target_dag.py
[2022-07-10 09:11:38,108] {scheduler_job.py:629} INFO - Processing file /home/airflow/.local/lib/python3.6/site-packages/airflow/example_dags/example_trigger_target_dag.py for tasks to queue
[2022-07-10 09:11:38,109] {logging_mixin.py:104} INFO - [2022-07-10 09:11:38,109] {dagbag.py:451} INFO - Filling up the DagBag from /home/airflow/.local/lib/python3.6/site-packages/airflow/example_dags/example_trigger_target_dag.py
[2022-07-10 09:11:38,115] {scheduler_job.py:639} INFO - DAG(s) dict_keys(['example_trigger_target_dag']) retrieved from /home/airflow/.local/lib/python3.6/site-packages/airflow/example_dags/example_trigger_target_dag.py
[2022-07-10 09:11:38,130] {logging_mixin.py:104} INFO - [2022-07-10 09:11:38,130] {dag.py:1824} INFO - Sync 1 DAGs
[2022-07-10 09:11:38,141] {logging_mixin.py:104} INFO - [2022-07-10 09:11:38,141] {dag.py:2280} INFO - Setting next_dagrun for example_trigger_target_dag to None
[2022-07-10 09:11:38,147] {scheduler_job.py:190} INFO - Processing /home/airflow/.local/lib/python3.6/site-packages/airflow/example_dags/example_trigger_target_dag.py took 0.042 seconds
[2022-07-10 09:12:08,858] {scheduler_job.py:182} INFO - Started process (PID=478) to work on /home/airflow/.local/lib/python3.6/site-packages/airflow/example_dags/example_trigger_target_dag.py
[2022-07-10 09:12:08,859] {scheduler_job.py:629} INFO - Processing file /home/airflow/.local/lib/python3.6/site-packages/airflow/example_dags/example_trigger_target_dag.py for tasks to queue
[2022-07-10 09:12:08,859] {logging_mixin.py:104} INFO - [2022-07-10 09:12:08,859] {dagbag.py:451} INFO - Filling up the DagBag from /home/airflow/.local/lib/python3.6/site-packages/airflow/example_dags/example_trigger_target_dag.py
[2022-07-10 09:12:08,866] {scheduler_job.py:639} INFO - DAG(s) dict_keys(['example_trigger_target_dag']) retrieved from /home/airflow/.local/lib/python3.6/site-packages/airflow/example_dags/example_trigger_target_dag.py
[2022-07-10 09:12:08,880] {logging_mixin.py:104} INFO - [2022-07-10 09:12:08,880] {dag.py:1824} INFO - Sync 1 DAGs
[2022-07-10 09:12:08,889] {logging_mixin.py:104} INFO - [2022-07-10 09:12:08,889] {dag.py:2280} INFO - Setting next_dagrun for example_trigger_target_dag to None
[2022-07-10 09:12:08,895] {scheduler_job.py:190} INFO - Processing /home/airflow/.local/lib/python3.6/site-packages/airflow/example_dags/example_trigger_target_dag.py took 0.039 seconds
