[2022-07-10 08:32:41,481] {scheduler_job.py:182} INFO - Started process (PID=46) to work on /home/airflow/.local/lib/python3.6/site-packages/airflow/example_dags/example_latest_only.py
[2022-07-10 08:32:41,482] {scheduler_job.py:629} INFO - Processing file /home/airflow/.local/lib/python3.6/site-packages/airflow/example_dags/example_latest_only.py for tasks to queue
[2022-07-10 08:32:41,482] {logging_mixin.py:104} INFO - [2022-07-10 08:32:41,482] {dagbag.py:451} INFO - Filling up the DagBag from /home/airflow/.local/lib/python3.6/site-packages/airflow/example_dags/example_latest_only.py
[2022-07-10 08:32:41,489] {scheduler_job.py:639} INFO - DAG(s) dict_keys(['latest_only']) retrieved from /home/airflow/.local/lib/python3.6/site-packages/airflow/example_dags/example_latest_only.py
[2022-07-10 08:32:41,505] {logging_mixin.py:104} INFO - [2022-07-10 08:32:41,505] {dag.py:1824} INFO - Sync 1 DAGs
[2022-07-10 08:32:41,515] {logging_mixin.py:104} INFO - [2022-07-10 08:32:41,515] {dag.py:1843} INFO - Creating ORM DAG for latest_only
[2022-07-10 08:32:41,520] {logging_mixin.py:104} INFO - [2022-07-10 08:32:41,519] {dag.py:2280} INFO - Setting next_dagrun for latest_only to 2022-07-08 00:00:00+00:00
[2022-07-10 08:32:41,530] {scheduler_job.py:190} INFO - Processing /home/airflow/.local/lib/python3.6/site-packages/airflow/example_dags/example_latest_only.py took 0.051 seconds
[2022-07-10 08:33:12,458] {scheduler_job.py:182} INFO - Started process (PID=72) to work on /home/airflow/.local/lib/python3.6/site-packages/airflow/example_dags/example_latest_only.py
[2022-07-10 08:33:12,459] {scheduler_job.py:629} INFO - Processing file /home/airflow/.local/lib/python3.6/site-packages/airflow/example_dags/example_latest_only.py for tasks to queue
[2022-07-10 08:33:12,459] {logging_mixin.py:104} INFO - [2022-07-10 08:33:12,459] {dagbag.py:451} INFO - Filling up the DagBag from /home/airflow/.local/lib/python3.6/site-packages/airflow/example_dags/example_latest_only.py
[2022-07-10 08:33:12,465] {scheduler_job.py:639} INFO - DAG(s) dict_keys(['latest_only']) retrieved from /home/airflow/.local/lib/python3.6/site-packages/airflow/example_dags/example_latest_only.py
[2022-07-10 08:33:12,478] {logging_mixin.py:104} INFO - [2022-07-10 08:33:12,478] {dag.py:1824} INFO - Sync 1 DAGs
[2022-07-10 08:33:12,488] {logging_mixin.py:104} INFO - [2022-07-10 08:33:12,488] {dag.py:2280} INFO - Setting next_dagrun for latest_only to 2022-07-08 00:00:00+00:00
[2022-07-10 08:33:12,496] {scheduler_job.py:190} INFO - Processing /home/airflow/.local/lib/python3.6/site-packages/airflow/example_dags/example_latest_only.py took 0.039 seconds
[2022-07-10 08:33:43,360] {scheduler_job.py:182} INFO - Started process (PID=98) to work on /home/airflow/.local/lib/python3.6/site-packages/airflow/example_dags/example_latest_only.py
[2022-07-10 08:33:43,361] {scheduler_job.py:629} INFO - Processing file /home/airflow/.local/lib/python3.6/site-packages/airflow/example_dags/example_latest_only.py for tasks to queue
[2022-07-10 08:33:43,362] {logging_mixin.py:104} INFO - [2022-07-10 08:33:43,362] {dagbag.py:451} INFO - Filling up the DagBag from /home/airflow/.local/lib/python3.6/site-packages/airflow/example_dags/example_latest_only.py
[2022-07-10 08:33:43,367] {scheduler_job.py:639} INFO - DAG(s) dict_keys(['latest_only']) retrieved from /home/airflow/.local/lib/python3.6/site-packages/airflow/example_dags/example_latest_only.py
[2022-07-10 08:33:43,379] {logging_mixin.py:104} INFO - [2022-07-10 08:33:43,379] {dag.py:1824} INFO - Sync 1 DAGs
[2022-07-10 08:33:43,392] {logging_mixin.py:104} INFO - [2022-07-10 08:33:43,392] {dag.py:2280} INFO - Setting next_dagrun for latest_only to 2022-07-08 00:00:00+00:00
[2022-07-10 08:33:43,398] {scheduler_job.py:190} INFO - Processing /home/airflow/.local/lib/python3.6/site-packages/airflow/example_dags/example_latest_only.py took 0.040 seconds
[2022-07-10 08:34:14,203] {scheduler_job.py:182} INFO - Started process (PID=124) to work on /home/airflow/.local/lib/python3.6/site-packages/airflow/example_dags/example_latest_only.py
[2022-07-10 08:34:14,204] {scheduler_job.py:629} INFO - Processing file /home/airflow/.local/lib/python3.6/site-packages/airflow/example_dags/example_latest_only.py for tasks to queue
[2022-07-10 08:34:14,205] {logging_mixin.py:104} INFO - [2022-07-10 08:34:14,205] {dagbag.py:451} INFO - Filling up the DagBag from /home/airflow/.local/lib/python3.6/site-packages/airflow/example_dags/example_latest_only.py
[2022-07-10 08:34:14,210] {scheduler_job.py:639} INFO - DAG(s) dict_keys(['latest_only']) retrieved from /home/airflow/.local/lib/python3.6/site-packages/airflow/example_dags/example_latest_only.py
[2022-07-10 08:34:14,223] {logging_mixin.py:104} INFO - [2022-07-10 08:34:14,223] {dag.py:1824} INFO - Sync 1 DAGs
[2022-07-10 08:34:14,235] {logging_mixin.py:104} INFO - [2022-07-10 08:34:14,235] {dag.py:2280} INFO - Setting next_dagrun for latest_only to 2022-07-08 00:00:00+00:00
[2022-07-10 08:34:14,241] {scheduler_job.py:190} INFO - Processing /home/airflow/.local/lib/python3.6/site-packages/airflow/example_dags/example_latest_only.py took 0.039 seconds
[2022-07-10 08:34:45,001] {scheduler_job.py:182} INFO - Started process (PID=150) to work on /home/airflow/.local/lib/python3.6/site-packages/airflow/example_dags/example_latest_only.py
[2022-07-10 08:34:45,002] {scheduler_job.py:629} INFO - Processing file /home/airflow/.local/lib/python3.6/site-packages/airflow/example_dags/example_latest_only.py for tasks to queue
[2022-07-10 08:34:45,002] {logging_mixin.py:104} INFO - [2022-07-10 08:34:45,002] {dagbag.py:451} INFO - Filling up the DagBag from /home/airflow/.local/lib/python3.6/site-packages/airflow/example_dags/example_latest_only.py
[2022-07-10 08:34:45,008] {scheduler_job.py:639} INFO - DAG(s) dict_keys(['latest_only']) retrieved from /home/airflow/.local/lib/python3.6/site-packages/airflow/example_dags/example_latest_only.py
[2022-07-10 08:34:45,020] {logging_mixin.py:104} INFO - [2022-07-10 08:34:45,020] {dag.py:1824} INFO - Sync 1 DAGs
[2022-07-10 08:34:45,030] {logging_mixin.py:104} INFO - [2022-07-10 08:34:45,030] {dag.py:2280} INFO - Setting next_dagrun for latest_only to 2022-07-08 00:00:00+00:00
[2022-07-10 08:34:45,037] {scheduler_job.py:190} INFO - Processing /home/airflow/.local/lib/python3.6/site-packages/airflow/example_dags/example_latest_only.py took 0.037 seconds
[2022-07-10 08:35:15,819] {scheduler_job.py:182} INFO - Started process (PID=176) to work on /home/airflow/.local/lib/python3.6/site-packages/airflow/example_dags/example_latest_only.py
[2022-07-10 08:35:15,820] {scheduler_job.py:629} INFO - Processing file /home/airflow/.local/lib/python3.6/site-packages/airflow/example_dags/example_latest_only.py for tasks to queue
[2022-07-10 08:35:15,821] {logging_mixin.py:104} INFO - [2022-07-10 08:35:15,820] {dagbag.py:451} INFO - Filling up the DagBag from /home/airflow/.local/lib/python3.6/site-packages/airflow/example_dags/example_latest_only.py
[2022-07-10 08:35:15,826] {scheduler_job.py:639} INFO - DAG(s) dict_keys(['latest_only']) retrieved from /home/airflow/.local/lib/python3.6/site-packages/airflow/example_dags/example_latest_only.py
[2022-07-10 08:35:15,838] {logging_mixin.py:104} INFO - [2022-07-10 08:35:15,838] {dag.py:1824} INFO - Sync 1 DAGs
[2022-07-10 08:35:15,850] {logging_mixin.py:104} INFO - [2022-07-10 08:35:15,850] {dag.py:2280} INFO - Setting next_dagrun for latest_only to 2022-07-08 00:00:00+00:00
[2022-07-10 08:35:15,856] {scheduler_job.py:190} INFO - Processing /home/airflow/.local/lib/python3.6/site-packages/airflow/example_dags/example_latest_only.py took 0.039 seconds
[2022-07-10 08:35:46,566] {scheduler_job.py:182} INFO - Started process (PID=202) to work on /home/airflow/.local/lib/python3.6/site-packages/airflow/example_dags/example_latest_only.py
[2022-07-10 08:35:46,566] {scheduler_job.py:629} INFO - Processing file /home/airflow/.local/lib/python3.6/site-packages/airflow/example_dags/example_latest_only.py for tasks to queue
[2022-07-10 08:35:46,567] {logging_mixin.py:104} INFO - [2022-07-10 08:35:46,567] {dagbag.py:451} INFO - Filling up the DagBag from /home/airflow/.local/lib/python3.6/site-packages/airflow/example_dags/example_latest_only.py
[2022-07-10 08:35:46,573] {scheduler_job.py:639} INFO - DAG(s) dict_keys(['latest_only']) retrieved from /home/airflow/.local/lib/python3.6/site-packages/airflow/example_dags/example_latest_only.py
[2022-07-10 08:35:46,586] {logging_mixin.py:104} INFO - [2022-07-10 08:35:46,586] {dag.py:1824} INFO - Sync 1 DAGs
[2022-07-10 08:35:46,596] {logging_mixin.py:104} INFO - [2022-07-10 08:35:46,596] {dag.py:2280} INFO - Setting next_dagrun for latest_only to 2022-07-08 00:00:00+00:00
[2022-07-10 08:35:46,602] {scheduler_job.py:190} INFO - Processing /home/airflow/.local/lib/python3.6/site-packages/airflow/example_dags/example_latest_only.py took 0.038 seconds
[2022-07-10 08:36:17,367] {scheduler_job.py:182} INFO - Started process (PID=228) to work on /home/airflow/.local/lib/python3.6/site-packages/airflow/example_dags/example_latest_only.py
[2022-07-10 08:36:17,368] {scheduler_job.py:629} INFO - Processing file /home/airflow/.local/lib/python3.6/site-packages/airflow/example_dags/example_latest_only.py for tasks to queue
[2022-07-10 08:36:17,368] {logging_mixin.py:104} INFO - [2022-07-10 08:36:17,368] {dagbag.py:451} INFO - Filling up the DagBag from /home/airflow/.local/lib/python3.6/site-packages/airflow/example_dags/example_latest_only.py
[2022-07-10 08:36:17,375] {scheduler_job.py:639} INFO - DAG(s) dict_keys(['latest_only']) retrieved from /home/airflow/.local/lib/python3.6/site-packages/airflow/example_dags/example_latest_only.py
[2022-07-10 08:36:17,388] {logging_mixin.py:104} INFO - [2022-07-10 08:36:17,388] {dag.py:1824} INFO - Sync 1 DAGs
[2022-07-10 08:36:17,397] {logging_mixin.py:104} INFO - [2022-07-10 08:36:17,397] {dag.py:2280} INFO - Setting next_dagrun for latest_only to 2022-07-08 00:00:00+00:00
[2022-07-10 08:36:17,404] {scheduler_job.py:190} INFO - Processing /home/airflow/.local/lib/python3.6/site-packages/airflow/example_dags/example_latest_only.py took 0.038 seconds
[2022-07-10 08:36:48,230] {scheduler_job.py:182} INFO - Started process (PID=254) to work on /home/airflow/.local/lib/python3.6/site-packages/airflow/example_dags/example_latest_only.py
[2022-07-10 08:36:48,231] {scheduler_job.py:629} INFO - Processing file /home/airflow/.local/lib/python3.6/site-packages/airflow/example_dags/example_latest_only.py for tasks to queue
[2022-07-10 08:36:48,231] {logging_mixin.py:104} INFO - [2022-07-10 08:36:48,231] {dagbag.py:451} INFO - Filling up the DagBag from /home/airflow/.local/lib/python3.6/site-packages/airflow/example_dags/example_latest_only.py
[2022-07-10 08:36:48,237] {scheduler_job.py:639} INFO - DAG(s) dict_keys(['latest_only']) retrieved from /home/airflow/.local/lib/python3.6/site-packages/airflow/example_dags/example_latest_only.py
[2022-07-10 08:36:48,250] {logging_mixin.py:104} INFO - [2022-07-10 08:36:48,250] {dag.py:1824} INFO - Sync 1 DAGs
[2022-07-10 08:36:48,260] {logging_mixin.py:104} INFO - [2022-07-10 08:36:48,259] {dag.py:2280} INFO - Setting next_dagrun for latest_only to 2022-07-08 00:00:00+00:00
[2022-07-10 08:36:48,266] {scheduler_job.py:190} INFO - Processing /home/airflow/.local/lib/python3.6/site-packages/airflow/example_dags/example_latest_only.py took 0.037 seconds
[2022-07-10 08:37:19,210] {scheduler_job.py:182} INFO - Started process (PID=280) to work on /home/airflow/.local/lib/python3.6/site-packages/airflow/example_dags/example_latest_only.py
[2022-07-10 08:37:19,211] {scheduler_job.py:629} INFO - Processing file /home/airflow/.local/lib/python3.6/site-packages/airflow/example_dags/example_latest_only.py for tasks to queue
[2022-07-10 08:37:19,211] {logging_mixin.py:104} INFO - [2022-07-10 08:37:19,211] {dagbag.py:451} INFO - Filling up the DagBag from /home/airflow/.local/lib/python3.6/site-packages/airflow/example_dags/example_latest_only.py
[2022-07-10 08:37:19,217] {scheduler_job.py:639} INFO - DAG(s) dict_keys(['latest_only']) retrieved from /home/airflow/.local/lib/python3.6/site-packages/airflow/example_dags/example_latest_only.py
[2022-07-10 08:37:19,231] {logging_mixin.py:104} INFO - [2022-07-10 08:37:19,231] {dag.py:1824} INFO - Sync 1 DAGs
[2022-07-10 08:37:19,240] {logging_mixin.py:104} INFO - [2022-07-10 08:37:19,240] {dag.py:2280} INFO - Setting next_dagrun for latest_only to 2022-07-08 00:00:00+00:00
[2022-07-10 08:37:19,246] {scheduler_job.py:190} INFO - Processing /home/airflow/.local/lib/python3.6/site-packages/airflow/example_dags/example_latest_only.py took 0.038 seconds
[2022-07-10 08:37:50,039] {scheduler_job.py:182} INFO - Started process (PID=306) to work on /home/airflow/.local/lib/python3.6/site-packages/airflow/example_dags/example_latest_only.py
[2022-07-10 08:37:50,040] {scheduler_job.py:629} INFO - Processing file /home/airflow/.local/lib/python3.6/site-packages/airflow/example_dags/example_latest_only.py for tasks to queue
[2022-07-10 08:37:50,040] {logging_mixin.py:104} INFO - [2022-07-10 08:37:50,040] {dagbag.py:451} INFO - Filling up the DagBag from /home/airflow/.local/lib/python3.6/site-packages/airflow/example_dags/example_latest_only.py
[2022-07-10 08:37:50,047] {scheduler_job.py:639} INFO - DAG(s) dict_keys(['latest_only']) retrieved from /home/airflow/.local/lib/python3.6/site-packages/airflow/example_dags/example_latest_only.py
[2022-07-10 08:37:50,059] {logging_mixin.py:104} INFO - [2022-07-10 08:37:50,059] {dag.py:1824} INFO - Sync 1 DAGs
[2022-07-10 08:37:50,068] {logging_mixin.py:104} INFO - [2022-07-10 08:37:50,068] {dag.py:2280} INFO - Setting next_dagrun for latest_only to 2022-07-08 00:00:00+00:00
[2022-07-10 08:37:50,075] {scheduler_job.py:190} INFO - Processing /home/airflow/.local/lib/python3.6/site-packages/airflow/example_dags/example_latest_only.py took 0.038 seconds
[2022-07-10 08:38:20,950] {scheduler_job.py:182} INFO - Started process (PID=332) to work on /home/airflow/.local/lib/python3.6/site-packages/airflow/example_dags/example_latest_only.py
[2022-07-10 08:38:20,950] {scheduler_job.py:629} INFO - Processing file /home/airflow/.local/lib/python3.6/site-packages/airflow/example_dags/example_latest_only.py for tasks to queue
[2022-07-10 08:38:20,951] {logging_mixin.py:104} INFO - [2022-07-10 08:38:20,951] {dagbag.py:451} INFO - Filling up the DagBag from /home/airflow/.local/lib/python3.6/site-packages/airflow/example_dags/example_latest_only.py
[2022-07-10 08:38:20,960] {scheduler_job.py:639} INFO - DAG(s) dict_keys(['latest_only']) retrieved from /home/airflow/.local/lib/python3.6/site-packages/airflow/example_dags/example_latest_only.py
[2022-07-10 08:38:20,973] {logging_mixin.py:104} INFO - [2022-07-10 08:38:20,973] {dag.py:1824} INFO - Sync 1 DAGs
[2022-07-10 08:38:20,983] {logging_mixin.py:104} INFO - [2022-07-10 08:38:20,983] {dag.py:2280} INFO - Setting next_dagrun for latest_only to 2022-07-08 00:00:00+00:00
[2022-07-10 08:38:20,989] {scheduler_job.py:190} INFO - Processing /home/airflow/.local/lib/python3.6/site-packages/airflow/example_dags/example_latest_only.py took 0.041 seconds
[2022-07-10 08:38:51,883] {scheduler_job.py:182} INFO - Started process (PID=358) to work on /home/airflow/.local/lib/python3.6/site-packages/airflow/example_dags/example_latest_only.py
[2022-07-10 08:38:51,884] {scheduler_job.py:629} INFO - Processing file /home/airflow/.local/lib/python3.6/site-packages/airflow/example_dags/example_latest_only.py for tasks to queue
[2022-07-10 08:38:51,884] {logging_mixin.py:104} INFO - [2022-07-10 08:38:51,884] {dagbag.py:451} INFO - Filling up the DagBag from /home/airflow/.local/lib/python3.6/site-packages/airflow/example_dags/example_latest_only.py
[2022-07-10 08:38:51,892] {scheduler_job.py:639} INFO - DAG(s) dict_keys(['latest_only']) retrieved from /home/airflow/.local/lib/python3.6/site-packages/airflow/example_dags/example_latest_only.py
[2022-07-10 08:38:51,905] {logging_mixin.py:104} INFO - [2022-07-10 08:38:51,905] {dag.py:1824} INFO - Sync 1 DAGs
[2022-07-10 08:38:51,913] {logging_mixin.py:104} INFO - [2022-07-10 08:38:51,913] {dag.py:2280} INFO - Setting next_dagrun for latest_only to 2022-07-08 00:00:00+00:00
[2022-07-10 08:38:51,920] {scheduler_job.py:190} INFO - Processing /home/airflow/.local/lib/python3.6/site-packages/airflow/example_dags/example_latest_only.py took 0.038 seconds
[2022-07-10 08:39:22,744] {scheduler_job.py:182} INFO - Started process (PID=384) to work on /home/airflow/.local/lib/python3.6/site-packages/airflow/example_dags/example_latest_only.py
[2022-07-10 08:39:22,745] {scheduler_job.py:629} INFO - Processing file /home/airflow/.local/lib/python3.6/site-packages/airflow/example_dags/example_latest_only.py for tasks to queue
[2022-07-10 08:39:22,745] {logging_mixin.py:104} INFO - [2022-07-10 08:39:22,745] {dagbag.py:451} INFO - Filling up the DagBag from /home/airflow/.local/lib/python3.6/site-packages/airflow/example_dags/example_latest_only.py
[2022-07-10 08:39:22,753] {scheduler_job.py:639} INFO - DAG(s) dict_keys(['latest_only']) retrieved from /home/airflow/.local/lib/python3.6/site-packages/airflow/example_dags/example_latest_only.py
[2022-07-10 08:39:22,765] {logging_mixin.py:104} INFO - [2022-07-10 08:39:22,765] {dag.py:1824} INFO - Sync 1 DAGs
[2022-07-10 08:39:22,774] {logging_mixin.py:104} INFO - [2022-07-10 08:39:22,774] {dag.py:2280} INFO - Setting next_dagrun for latest_only to 2022-07-08 00:00:00+00:00
[2022-07-10 08:39:22,781] {scheduler_job.py:190} INFO - Processing /home/airflow/.local/lib/python3.6/site-packages/airflow/example_dags/example_latest_only.py took 0.038 seconds
[2022-07-10 08:39:53,612] {scheduler_job.py:182} INFO - Started process (PID=410) to work on /home/airflow/.local/lib/python3.6/site-packages/airflow/example_dags/example_latest_only.py
[2022-07-10 08:39:53,615] {scheduler_job.py:629} INFO - Processing file /home/airflow/.local/lib/python3.6/site-packages/airflow/example_dags/example_latest_only.py for tasks to queue
[2022-07-10 08:39:53,615] {logging_mixin.py:104} INFO - [2022-07-10 08:39:53,615] {dagbag.py:451} INFO - Filling up the DagBag from /home/airflow/.local/lib/python3.6/site-packages/airflow/example_dags/example_latest_only.py
[2022-07-10 08:39:53,621] {scheduler_job.py:639} INFO - DAG(s) dict_keys(['latest_only']) retrieved from /home/airflow/.local/lib/python3.6/site-packages/airflow/example_dags/example_latest_only.py
[2022-07-10 08:39:53,632] {logging_mixin.py:104} INFO - [2022-07-10 08:39:53,632] {dag.py:1824} INFO - Sync 1 DAGs
[2022-07-10 08:39:53,641] {logging_mixin.py:104} INFO - [2022-07-10 08:39:53,641] {dag.py:2280} INFO - Setting next_dagrun for latest_only to 2022-07-08 00:00:00+00:00
[2022-07-10 08:39:53,648] {scheduler_job.py:190} INFO - Processing /home/airflow/.local/lib/python3.6/site-packages/airflow/example_dags/example_latest_only.py took 0.038 seconds
[2022-07-10 08:40:24,428] {scheduler_job.py:182} INFO - Started process (PID=436) to work on /home/airflow/.local/lib/python3.6/site-packages/airflow/example_dags/example_latest_only.py
[2022-07-10 08:40:24,429] {scheduler_job.py:629} INFO - Processing file /home/airflow/.local/lib/python3.6/site-packages/airflow/example_dags/example_latest_only.py for tasks to queue
[2022-07-10 08:40:24,430] {logging_mixin.py:104} INFO - [2022-07-10 08:40:24,429] {dagbag.py:451} INFO - Filling up the DagBag from /home/airflow/.local/lib/python3.6/site-packages/airflow/example_dags/example_latest_only.py
[2022-07-10 08:40:24,435] {scheduler_job.py:639} INFO - DAG(s) dict_keys(['latest_only']) retrieved from /home/airflow/.local/lib/python3.6/site-packages/airflow/example_dags/example_latest_only.py
[2022-07-10 08:40:24,447] {logging_mixin.py:104} INFO - [2022-07-10 08:40:24,447] {dag.py:1824} INFO - Sync 1 DAGs
[2022-07-10 08:40:24,456] {logging_mixin.py:104} INFO - [2022-07-10 08:40:24,456] {dag.py:2280} INFO - Setting next_dagrun for latest_only to 2022-07-08 00:00:00+00:00
[2022-07-10 08:40:24,463] {scheduler_job.py:190} INFO - Processing /home/airflow/.local/lib/python3.6/site-packages/airflow/example_dags/example_latest_only.py took 0.036 seconds
[2022-07-10 08:40:55,272] {scheduler_job.py:182} INFO - Started process (PID=462) to work on /home/airflow/.local/lib/python3.6/site-packages/airflow/example_dags/example_latest_only.py
[2022-07-10 08:40:55,273] {scheduler_job.py:629} INFO - Processing file /home/airflow/.local/lib/python3.6/site-packages/airflow/example_dags/example_latest_only.py for tasks to queue
[2022-07-10 08:40:55,274] {logging_mixin.py:104} INFO - [2022-07-10 08:40:55,274] {dagbag.py:451} INFO - Filling up the DagBag from /home/airflow/.local/lib/python3.6/site-packages/airflow/example_dags/example_latest_only.py
[2022-07-10 08:40:55,279] {scheduler_job.py:639} INFO - DAG(s) dict_keys(['latest_only']) retrieved from /home/airflow/.local/lib/python3.6/site-packages/airflow/example_dags/example_latest_only.py
[2022-07-10 08:40:55,291] {logging_mixin.py:104} INFO - [2022-07-10 08:40:55,291] {dag.py:1824} INFO - Sync 1 DAGs
[2022-07-10 08:40:55,300] {logging_mixin.py:104} INFO - [2022-07-10 08:40:55,300] {dag.py:2280} INFO - Setting next_dagrun for latest_only to 2022-07-08 00:00:00+00:00
[2022-07-10 08:40:55,308] {scheduler_job.py:190} INFO - Processing /home/airflow/.local/lib/python3.6/site-packages/airflow/example_dags/example_latest_only.py took 0.037 seconds
[2022-07-10 08:41:26,081] {scheduler_job.py:182} INFO - Started process (PID=488) to work on /home/airflow/.local/lib/python3.6/site-packages/airflow/example_dags/example_latest_only.py
[2022-07-10 08:41:26,082] {scheduler_job.py:629} INFO - Processing file /home/airflow/.local/lib/python3.6/site-packages/airflow/example_dags/example_latest_only.py for tasks to queue
[2022-07-10 08:41:26,082] {logging_mixin.py:104} INFO - [2022-07-10 08:41:26,082] {dagbag.py:451} INFO - Filling up the DagBag from /home/airflow/.local/lib/python3.6/site-packages/airflow/example_dags/example_latest_only.py
[2022-07-10 08:41:26,088] {scheduler_job.py:639} INFO - DAG(s) dict_keys(['latest_only']) retrieved from /home/airflow/.local/lib/python3.6/site-packages/airflow/example_dags/example_latest_only.py
[2022-07-10 08:41:26,100] {logging_mixin.py:104} INFO - [2022-07-10 08:41:26,100] {dag.py:1824} INFO - Sync 1 DAGs
[2022-07-10 08:41:26,111] {logging_mixin.py:104} INFO - [2022-07-10 08:41:26,111] {dag.py:2280} INFO - Setting next_dagrun for latest_only to 2022-07-08 00:00:00+00:00
[2022-07-10 08:41:26,117] {scheduler_job.py:190} INFO - Processing /home/airflow/.local/lib/python3.6/site-packages/airflow/example_dags/example_latest_only.py took 0.037 seconds
[2022-07-10 08:41:56,868] {scheduler_job.py:182} INFO - Started process (PID=514) to work on /home/airflow/.local/lib/python3.6/site-packages/airflow/example_dags/example_latest_only.py
[2022-07-10 08:41:56,869] {scheduler_job.py:629} INFO - Processing file /home/airflow/.local/lib/python3.6/site-packages/airflow/example_dags/example_latest_only.py for tasks to queue
[2022-07-10 08:41:56,870] {logging_mixin.py:104} INFO - [2022-07-10 08:41:56,870] {dagbag.py:451} INFO - Filling up the DagBag from /home/airflow/.local/lib/python3.6/site-packages/airflow/example_dags/example_latest_only.py
[2022-07-10 08:41:56,876] {scheduler_job.py:639} INFO - DAG(s) dict_keys(['latest_only']) retrieved from /home/airflow/.local/lib/python3.6/site-packages/airflow/example_dags/example_latest_only.py
[2022-07-10 08:41:56,888] {logging_mixin.py:104} INFO - [2022-07-10 08:41:56,888] {dag.py:1824} INFO - Sync 1 DAGs
[2022-07-10 08:41:56,897] {logging_mixin.py:104} INFO - [2022-07-10 08:41:56,897] {dag.py:2280} INFO - Setting next_dagrun for latest_only to 2022-07-08 00:00:00+00:00
[2022-07-10 08:41:56,903] {scheduler_job.py:190} INFO - Processing /home/airflow/.local/lib/python3.6/site-packages/airflow/example_dags/example_latest_only.py took 0.037 seconds
[2022-07-10 08:42:27,727] {scheduler_job.py:182} INFO - Started process (PID=540) to work on /home/airflow/.local/lib/python3.6/site-packages/airflow/example_dags/example_latest_only.py
[2022-07-10 08:42:27,728] {scheduler_job.py:629} INFO - Processing file /home/airflow/.local/lib/python3.6/site-packages/airflow/example_dags/example_latest_only.py for tasks to queue
[2022-07-10 08:42:27,728] {logging_mixin.py:104} INFO - [2022-07-10 08:42:27,728] {dagbag.py:451} INFO - Filling up the DagBag from /home/airflow/.local/lib/python3.6/site-packages/airflow/example_dags/example_latest_only.py
[2022-07-10 08:42:27,734] {scheduler_job.py:639} INFO - DAG(s) dict_keys(['latest_only']) retrieved from /home/airflow/.local/lib/python3.6/site-packages/airflow/example_dags/example_latest_only.py
[2022-07-10 08:42:27,746] {logging_mixin.py:104} INFO - [2022-07-10 08:42:27,746] {dag.py:1824} INFO - Sync 1 DAGs
[2022-07-10 08:42:27,755] {logging_mixin.py:104} INFO - [2022-07-10 08:42:27,755] {dag.py:2280} INFO - Setting next_dagrun for latest_only to 2022-07-08 00:00:00+00:00
[2022-07-10 08:42:27,762] {scheduler_job.py:190} INFO - Processing /home/airflow/.local/lib/python3.6/site-packages/airflow/example_dags/example_latest_only.py took 0.036 seconds
[2022-07-10 08:42:58,537] {scheduler_job.py:182} INFO - Started process (PID=566) to work on /home/airflow/.local/lib/python3.6/site-packages/airflow/example_dags/example_latest_only.py
[2022-07-10 08:42:58,537] {scheduler_job.py:629} INFO - Processing file /home/airflow/.local/lib/python3.6/site-packages/airflow/example_dags/example_latest_only.py for tasks to queue
[2022-07-10 08:42:58,538] {logging_mixin.py:104} INFO - [2022-07-10 08:42:58,538] {dagbag.py:451} INFO - Filling up the DagBag from /home/airflow/.local/lib/python3.6/site-packages/airflow/example_dags/example_latest_only.py
[2022-07-10 08:42:58,543] {scheduler_job.py:639} INFO - DAG(s) dict_keys(['latest_only']) retrieved from /home/airflow/.local/lib/python3.6/site-packages/airflow/example_dags/example_latest_only.py
[2022-07-10 08:42:58,556] {logging_mixin.py:104} INFO - [2022-07-10 08:42:58,555] {dag.py:1824} INFO - Sync 1 DAGs
[2022-07-10 08:42:58,566] {logging_mixin.py:104} INFO - [2022-07-10 08:42:58,566] {dag.py:2280} INFO - Setting next_dagrun for latest_only to 2022-07-08 00:00:00+00:00
[2022-07-10 08:42:58,573] {scheduler_job.py:190} INFO - Processing /home/airflow/.local/lib/python3.6/site-packages/airflow/example_dags/example_latest_only.py took 0.038 seconds
[2022-07-10 08:43:29,326] {scheduler_job.py:182} INFO - Started process (PID=592) to work on /home/airflow/.local/lib/python3.6/site-packages/airflow/example_dags/example_latest_only.py
[2022-07-10 08:43:29,327] {scheduler_job.py:629} INFO - Processing file /home/airflow/.local/lib/python3.6/site-packages/airflow/example_dags/example_latest_only.py for tasks to queue
[2022-07-10 08:43:29,327] {logging_mixin.py:104} INFO - [2022-07-10 08:43:29,327] {dagbag.py:451} INFO - Filling up the DagBag from /home/airflow/.local/lib/python3.6/site-packages/airflow/example_dags/example_latest_only.py
[2022-07-10 08:43:29,333] {scheduler_job.py:639} INFO - DAG(s) dict_keys(['latest_only']) retrieved from /home/airflow/.local/lib/python3.6/site-packages/airflow/example_dags/example_latest_only.py
[2022-07-10 08:43:29,345] {logging_mixin.py:104} INFO - [2022-07-10 08:43:29,345] {dag.py:1824} INFO - Sync 1 DAGs
[2022-07-10 08:43:29,354] {logging_mixin.py:104} INFO - [2022-07-10 08:43:29,354] {dag.py:2280} INFO - Setting next_dagrun for latest_only to 2022-07-08 00:00:00+00:00
[2022-07-10 08:43:29,361] {scheduler_job.py:190} INFO - Processing /home/airflow/.local/lib/python3.6/site-packages/airflow/example_dags/example_latest_only.py took 0.036 seconds
[2022-07-10 08:44:00,116] {scheduler_job.py:182} INFO - Started process (PID=618) to work on /home/airflow/.local/lib/python3.6/site-packages/airflow/example_dags/example_latest_only.py
[2022-07-10 08:44:00,117] {scheduler_job.py:629} INFO - Processing file /home/airflow/.local/lib/python3.6/site-packages/airflow/example_dags/example_latest_only.py for tasks to queue
[2022-07-10 08:44:00,117] {logging_mixin.py:104} INFO - [2022-07-10 08:44:00,117] {dagbag.py:451} INFO - Filling up the DagBag from /home/airflow/.local/lib/python3.6/site-packages/airflow/example_dags/example_latest_only.py
[2022-07-10 08:44:00,123] {scheduler_job.py:639} INFO - DAG(s) dict_keys(['latest_only']) retrieved from /home/airflow/.local/lib/python3.6/site-packages/airflow/example_dags/example_latest_only.py
[2022-07-10 08:44:00,136] {logging_mixin.py:104} INFO - [2022-07-10 08:44:00,136] {dag.py:1824} INFO - Sync 1 DAGs
[2022-07-10 08:44:00,145] {logging_mixin.py:104} INFO - [2022-07-10 08:44:00,145] {dag.py:2280} INFO - Setting next_dagrun for latest_only to 2022-07-08 00:00:00+00:00
[2022-07-10 08:44:00,152] {scheduler_job.py:190} INFO - Processing /home/airflow/.local/lib/python3.6/site-packages/airflow/example_dags/example_latest_only.py took 0.038 seconds
[2022-07-10 08:44:30,910] {scheduler_job.py:182} INFO - Started process (PID=644) to work on /home/airflow/.local/lib/python3.6/site-packages/airflow/example_dags/example_latest_only.py
[2022-07-10 08:44:30,911] {scheduler_job.py:629} INFO - Processing file /home/airflow/.local/lib/python3.6/site-packages/airflow/example_dags/example_latest_only.py for tasks to queue
[2022-07-10 08:44:30,912] {logging_mixin.py:104} INFO - [2022-07-10 08:44:30,911] {dagbag.py:451} INFO - Filling up the DagBag from /home/airflow/.local/lib/python3.6/site-packages/airflow/example_dags/example_latest_only.py
[2022-07-10 08:44:30,917] {scheduler_job.py:639} INFO - DAG(s) dict_keys(['latest_only']) retrieved from /home/airflow/.local/lib/python3.6/site-packages/airflow/example_dags/example_latest_only.py
[2022-07-10 08:44:30,929] {logging_mixin.py:104} INFO - [2022-07-10 08:44:30,929] {dag.py:1824} INFO - Sync 1 DAGs
[2022-07-10 08:44:30,938] {logging_mixin.py:104} INFO - [2022-07-10 08:44:30,937] {dag.py:2280} INFO - Setting next_dagrun for latest_only to 2022-07-08 00:00:00+00:00
[2022-07-10 08:44:30,944] {scheduler_job.py:190} INFO - Processing /home/airflow/.local/lib/python3.6/site-packages/airflow/example_dags/example_latest_only.py took 0.035 seconds
[2022-07-10 08:45:01,714] {scheduler_job.py:182} INFO - Started process (PID=670) to work on /home/airflow/.local/lib/python3.6/site-packages/airflow/example_dags/example_latest_only.py
[2022-07-10 08:45:01,716] {scheduler_job.py:629} INFO - Processing file /home/airflow/.local/lib/python3.6/site-packages/airflow/example_dags/example_latest_only.py for tasks to queue
[2022-07-10 08:45:01,716] {logging_mixin.py:104} INFO - [2022-07-10 08:45:01,716] {dagbag.py:451} INFO - Filling up the DagBag from /home/airflow/.local/lib/python3.6/site-packages/airflow/example_dags/example_latest_only.py
[2022-07-10 08:45:01,722] {scheduler_job.py:639} INFO - DAG(s) dict_keys(['latest_only']) retrieved from /home/airflow/.local/lib/python3.6/site-packages/airflow/example_dags/example_latest_only.py
[2022-07-10 08:45:01,734] {logging_mixin.py:104} INFO - [2022-07-10 08:45:01,734] {dag.py:1824} INFO - Sync 1 DAGs
[2022-07-10 08:45:01,743] {logging_mixin.py:104} INFO - [2022-07-10 08:45:01,743] {dag.py:2280} INFO - Setting next_dagrun for latest_only to 2022-07-08 00:00:00+00:00
[2022-07-10 08:45:01,749] {scheduler_job.py:190} INFO - Processing /home/airflow/.local/lib/python3.6/site-packages/airflow/example_dags/example_latest_only.py took 0.037 seconds
[2022-07-10 08:45:32,481] {scheduler_job.py:182} INFO - Started process (PID=696) to work on /home/airflow/.local/lib/python3.6/site-packages/airflow/example_dags/example_latest_only.py
[2022-07-10 08:45:32,482] {scheduler_job.py:629} INFO - Processing file /home/airflow/.local/lib/python3.6/site-packages/airflow/example_dags/example_latest_only.py for tasks to queue
[2022-07-10 08:45:32,483] {logging_mixin.py:104} INFO - [2022-07-10 08:45:32,483] {dagbag.py:451} INFO - Filling up the DagBag from /home/airflow/.local/lib/python3.6/site-packages/airflow/example_dags/example_latest_only.py
[2022-07-10 08:45:32,488] {scheduler_job.py:639} INFO - DAG(s) dict_keys(['latest_only']) retrieved from /home/airflow/.local/lib/python3.6/site-packages/airflow/example_dags/example_latest_only.py
[2022-07-10 08:45:32,500] {logging_mixin.py:104} INFO - [2022-07-10 08:45:32,499] {dag.py:1824} INFO - Sync 1 DAGs
[2022-07-10 08:45:32,509] {logging_mixin.py:104} INFO - [2022-07-10 08:45:32,509] {dag.py:2280} INFO - Setting next_dagrun for latest_only to 2022-07-08 00:00:00+00:00
[2022-07-10 08:45:32,516] {scheduler_job.py:190} INFO - Processing /home/airflow/.local/lib/python3.6/site-packages/airflow/example_dags/example_latest_only.py took 0.036 seconds
[2022-07-10 08:46:03,329] {scheduler_job.py:182} INFO - Started process (PID=722) to work on /home/airflow/.local/lib/python3.6/site-packages/airflow/example_dags/example_latest_only.py
[2022-07-10 08:46:03,330] {scheduler_job.py:629} INFO - Processing file /home/airflow/.local/lib/python3.6/site-packages/airflow/example_dags/example_latest_only.py for tasks to queue
[2022-07-10 08:46:03,330] {logging_mixin.py:104} INFO - [2022-07-10 08:46:03,330] {dagbag.py:451} INFO - Filling up the DagBag from /home/airflow/.local/lib/python3.6/site-packages/airflow/example_dags/example_latest_only.py
[2022-07-10 08:46:03,336] {scheduler_job.py:639} INFO - DAG(s) dict_keys(['latest_only']) retrieved from /home/airflow/.local/lib/python3.6/site-packages/airflow/example_dags/example_latest_only.py
[2022-07-10 08:46:03,348] {logging_mixin.py:104} INFO - [2022-07-10 08:46:03,347] {dag.py:1824} INFO - Sync 1 DAGs
[2022-07-10 08:46:03,357] {logging_mixin.py:104} INFO - [2022-07-10 08:46:03,357] {dag.py:2280} INFO - Setting next_dagrun for latest_only to 2022-07-08 00:00:00+00:00
[2022-07-10 08:46:03,363] {scheduler_job.py:190} INFO - Processing /home/airflow/.local/lib/python3.6/site-packages/airflow/example_dags/example_latest_only.py took 0.036 seconds
[2022-07-10 08:46:34,147] {scheduler_job.py:182} INFO - Started process (PID=748) to work on /home/airflow/.local/lib/python3.6/site-packages/airflow/example_dags/example_latest_only.py
[2022-07-10 08:46:34,148] {scheduler_job.py:629} INFO - Processing file /home/airflow/.local/lib/python3.6/site-packages/airflow/example_dags/example_latest_only.py for tasks to queue
[2022-07-10 08:46:34,148] {logging_mixin.py:104} INFO - [2022-07-10 08:46:34,148] {dagbag.py:451} INFO - Filling up the DagBag from /home/airflow/.local/lib/python3.6/site-packages/airflow/example_dags/example_latest_only.py
[2022-07-10 08:46:34,154] {scheduler_job.py:639} INFO - DAG(s) dict_keys(['latest_only']) retrieved from /home/airflow/.local/lib/python3.6/site-packages/airflow/example_dags/example_latest_only.py
[2022-07-10 08:46:34,166] {logging_mixin.py:104} INFO - [2022-07-10 08:46:34,165] {dag.py:1824} INFO - Sync 1 DAGs
[2022-07-10 08:46:34,174] {logging_mixin.py:104} INFO - [2022-07-10 08:46:34,174] {dag.py:2280} INFO - Setting next_dagrun for latest_only to 2022-07-08 00:00:00+00:00
[2022-07-10 08:46:34,181] {scheduler_job.py:190} INFO - Processing /home/airflow/.local/lib/python3.6/site-packages/airflow/example_dags/example_latest_only.py took 0.036 seconds
[2022-07-10 08:47:05,026] {scheduler_job.py:182} INFO - Started process (PID=774) to work on /home/airflow/.local/lib/python3.6/site-packages/airflow/example_dags/example_latest_only.py
[2022-07-10 08:47:05,027] {scheduler_job.py:629} INFO - Processing file /home/airflow/.local/lib/python3.6/site-packages/airflow/example_dags/example_latest_only.py for tasks to queue
[2022-07-10 08:47:05,027] {logging_mixin.py:104} INFO - [2022-07-10 08:47:05,027] {dagbag.py:451} INFO - Filling up the DagBag from /home/airflow/.local/lib/python3.6/site-packages/airflow/example_dags/example_latest_only.py
[2022-07-10 08:47:05,033] {scheduler_job.py:639} INFO - DAG(s) dict_keys(['latest_only']) retrieved from /home/airflow/.local/lib/python3.6/site-packages/airflow/example_dags/example_latest_only.py
[2022-07-10 08:47:05,045] {logging_mixin.py:104} INFO - [2022-07-10 08:47:05,045] {dag.py:1824} INFO - Sync 1 DAGs
[2022-07-10 08:47:05,054] {logging_mixin.py:104} INFO - [2022-07-10 08:47:05,054] {dag.py:2280} INFO - Setting next_dagrun for latest_only to 2022-07-08 00:00:00+00:00
[2022-07-10 08:47:05,060] {scheduler_job.py:190} INFO - Processing /home/airflow/.local/lib/python3.6/site-packages/airflow/example_dags/example_latest_only.py took 0.036 seconds
[2022-07-10 08:47:35,990] {scheduler_job.py:182} INFO - Started process (PID=800) to work on /home/airflow/.local/lib/python3.6/site-packages/airflow/example_dags/example_latest_only.py
[2022-07-10 08:47:35,991] {scheduler_job.py:629} INFO - Processing file /home/airflow/.local/lib/python3.6/site-packages/airflow/example_dags/example_latest_only.py for tasks to queue
[2022-07-10 08:47:35,991] {logging_mixin.py:104} INFO - [2022-07-10 08:47:35,991] {dagbag.py:451} INFO - Filling up the DagBag from /home/airflow/.local/lib/python3.6/site-packages/airflow/example_dags/example_latest_only.py
[2022-07-10 08:47:35,999] {scheduler_job.py:639} INFO - DAG(s) dict_keys(['latest_only']) retrieved from /home/airflow/.local/lib/python3.6/site-packages/airflow/example_dags/example_latest_only.py
[2022-07-10 08:47:36,014] {logging_mixin.py:104} INFO - [2022-07-10 08:47:36,014] {dag.py:1824} INFO - Sync 1 DAGs
[2022-07-10 08:47:36,027] {logging_mixin.py:104} INFO - [2022-07-10 08:47:36,027] {dag.py:2280} INFO - Setting next_dagrun for latest_only to 2022-07-08 00:00:00+00:00
[2022-07-10 08:47:36,035] {scheduler_job.py:190} INFO - Processing /home/airflow/.local/lib/python3.6/site-packages/airflow/example_dags/example_latest_only.py took 0.047 seconds
[2022-07-10 08:48:06,809] {scheduler_job.py:182} INFO - Started process (PID=826) to work on /home/airflow/.local/lib/python3.6/site-packages/airflow/example_dags/example_latest_only.py
[2022-07-10 08:48:06,809] {scheduler_job.py:629} INFO - Processing file /home/airflow/.local/lib/python3.6/site-packages/airflow/example_dags/example_latest_only.py for tasks to queue
[2022-07-10 08:48:06,810] {logging_mixin.py:104} INFO - [2022-07-10 08:48:06,810] {dagbag.py:451} INFO - Filling up the DagBag from /home/airflow/.local/lib/python3.6/site-packages/airflow/example_dags/example_latest_only.py
[2022-07-10 08:48:06,816] {scheduler_job.py:639} INFO - DAG(s) dict_keys(['latest_only']) retrieved from /home/airflow/.local/lib/python3.6/site-packages/airflow/example_dags/example_latest_only.py
[2022-07-10 08:48:06,827] {logging_mixin.py:104} INFO - [2022-07-10 08:48:06,827] {dag.py:1824} INFO - Sync 1 DAGs
[2022-07-10 08:48:06,837] {logging_mixin.py:104} INFO - [2022-07-10 08:48:06,837] {dag.py:2280} INFO - Setting next_dagrun for latest_only to 2022-07-08 00:00:00+00:00
[2022-07-10 08:48:06,844] {scheduler_job.py:190} INFO - Processing /home/airflow/.local/lib/python3.6/site-packages/airflow/example_dags/example_latest_only.py took 0.037 seconds
[2022-07-10 08:48:37,549] {scheduler_job.py:182} INFO - Started process (PID=852) to work on /home/airflow/.local/lib/python3.6/site-packages/airflow/example_dags/example_latest_only.py
[2022-07-10 08:48:37,550] {scheduler_job.py:629} INFO - Processing file /home/airflow/.local/lib/python3.6/site-packages/airflow/example_dags/example_latest_only.py for tasks to queue
[2022-07-10 08:48:37,550] {logging_mixin.py:104} INFO - [2022-07-10 08:48:37,550] {dagbag.py:451} INFO - Filling up the DagBag from /home/airflow/.local/lib/python3.6/site-packages/airflow/example_dags/example_latest_only.py
[2022-07-10 08:48:37,556] {scheduler_job.py:639} INFO - DAG(s) dict_keys(['latest_only']) retrieved from /home/airflow/.local/lib/python3.6/site-packages/airflow/example_dags/example_latest_only.py
[2022-07-10 08:48:37,568] {logging_mixin.py:104} INFO - [2022-07-10 08:48:37,568] {dag.py:1824} INFO - Sync 1 DAGs
[2022-07-10 08:48:37,577] {logging_mixin.py:104} INFO - [2022-07-10 08:48:37,577] {dag.py:2280} INFO - Setting next_dagrun for latest_only to 2022-07-08 00:00:00+00:00
[2022-07-10 08:48:37,584] {scheduler_job.py:190} INFO - Processing /home/airflow/.local/lib/python3.6/site-packages/airflow/example_dags/example_latest_only.py took 0.037 seconds
[2022-07-10 08:49:08,472] {scheduler_job.py:182} INFO - Started process (PID=878) to work on /home/airflow/.local/lib/python3.6/site-packages/airflow/example_dags/example_latest_only.py
[2022-07-10 08:49:08,473] {scheduler_job.py:629} INFO - Processing file /home/airflow/.local/lib/python3.6/site-packages/airflow/example_dags/example_latest_only.py for tasks to queue
[2022-07-10 08:49:08,474] {logging_mixin.py:104} INFO - [2022-07-10 08:49:08,474] {dagbag.py:451} INFO - Filling up the DagBag from /home/airflow/.local/lib/python3.6/site-packages/airflow/example_dags/example_latest_only.py
[2022-07-10 08:49:08,480] {scheduler_job.py:639} INFO - DAG(s) dict_keys(['latest_only']) retrieved from /home/airflow/.local/lib/python3.6/site-packages/airflow/example_dags/example_latest_only.py
[2022-07-10 08:49:08,492] {logging_mixin.py:104} INFO - [2022-07-10 08:49:08,492] {dag.py:1824} INFO - Sync 1 DAGs
[2022-07-10 08:49:08,502] {logging_mixin.py:104} INFO - [2022-07-10 08:49:08,502] {dag.py:2280} INFO - Setting next_dagrun for latest_only to 2022-07-08 00:00:00+00:00
[2022-07-10 08:49:08,509] {scheduler_job.py:190} INFO - Processing /home/airflow/.local/lib/python3.6/site-packages/airflow/example_dags/example_latest_only.py took 0.038 seconds
[2022-07-10 08:49:39,292] {scheduler_job.py:182} INFO - Started process (PID=904) to work on /home/airflow/.local/lib/python3.6/site-packages/airflow/example_dags/example_latest_only.py
[2022-07-10 08:49:39,293] {scheduler_job.py:629} INFO - Processing file /home/airflow/.local/lib/python3.6/site-packages/airflow/example_dags/example_latest_only.py for tasks to queue
[2022-07-10 08:49:39,294] {logging_mixin.py:104} INFO - [2022-07-10 08:49:39,293] {dagbag.py:451} INFO - Filling up the DagBag from /home/airflow/.local/lib/python3.6/site-packages/airflow/example_dags/example_latest_only.py
[2022-07-10 08:49:39,299] {scheduler_job.py:639} INFO - DAG(s) dict_keys(['latest_only']) retrieved from /home/airflow/.local/lib/python3.6/site-packages/airflow/example_dags/example_latest_only.py
[2022-07-10 08:49:39,311] {logging_mixin.py:104} INFO - [2022-07-10 08:49:39,311] {dag.py:1824} INFO - Sync 1 DAGs
[2022-07-10 08:49:39,320] {logging_mixin.py:104} INFO - [2022-07-10 08:49:39,320] {dag.py:2280} INFO - Setting next_dagrun for latest_only to 2022-07-08 00:00:00+00:00
[2022-07-10 08:49:39,327] {scheduler_job.py:190} INFO - Processing /home/airflow/.local/lib/python3.6/site-packages/airflow/example_dags/example_latest_only.py took 0.037 seconds
[2022-07-10 08:50:10,074] {scheduler_job.py:182} INFO - Started process (PID=930) to work on /home/airflow/.local/lib/python3.6/site-packages/airflow/example_dags/example_latest_only.py
[2022-07-10 08:50:10,075] {scheduler_job.py:629} INFO - Processing file /home/airflow/.local/lib/python3.6/site-packages/airflow/example_dags/example_latest_only.py for tasks to queue
[2022-07-10 08:50:10,076] {logging_mixin.py:104} INFO - [2022-07-10 08:50:10,076] {dagbag.py:451} INFO - Filling up the DagBag from /home/airflow/.local/lib/python3.6/site-packages/airflow/example_dags/example_latest_only.py
[2022-07-10 08:50:10,081] {scheduler_job.py:639} INFO - DAG(s) dict_keys(['latest_only']) retrieved from /home/airflow/.local/lib/python3.6/site-packages/airflow/example_dags/example_latest_only.py
[2022-07-10 08:50:10,093] {logging_mixin.py:104} INFO - [2022-07-10 08:50:10,093] {dag.py:1824} INFO - Sync 1 DAGs
[2022-07-10 08:50:10,103] {logging_mixin.py:104} INFO - [2022-07-10 08:50:10,103] {dag.py:2280} INFO - Setting next_dagrun for latest_only to 2022-07-08 00:00:00+00:00
[2022-07-10 08:50:10,110] {scheduler_job.py:190} INFO - Processing /home/airflow/.local/lib/python3.6/site-packages/airflow/example_dags/example_latest_only.py took 0.037 seconds
[2022-07-10 08:50:40,929] {scheduler_job.py:182} INFO - Started process (PID=956) to work on /home/airflow/.local/lib/python3.6/site-packages/airflow/example_dags/example_latest_only.py
[2022-07-10 08:50:40,930] {scheduler_job.py:629} INFO - Processing file /home/airflow/.local/lib/python3.6/site-packages/airflow/example_dags/example_latest_only.py for tasks to queue
[2022-07-10 08:50:40,930] {logging_mixin.py:104} INFO - [2022-07-10 08:50:40,930] {dagbag.py:451} INFO - Filling up the DagBag from /home/airflow/.local/lib/python3.6/site-packages/airflow/example_dags/example_latest_only.py
[2022-07-10 08:50:40,936] {scheduler_job.py:639} INFO - DAG(s) dict_keys(['latest_only']) retrieved from /home/airflow/.local/lib/python3.6/site-packages/airflow/example_dags/example_latest_only.py
[2022-07-10 08:50:40,948] {logging_mixin.py:104} INFO - [2022-07-10 08:50:40,948] {dag.py:1824} INFO - Sync 1 DAGs
[2022-07-10 08:50:40,957] {logging_mixin.py:104} INFO - [2022-07-10 08:50:40,957] {dag.py:2280} INFO - Setting next_dagrun for latest_only to 2022-07-08 00:00:00+00:00
[2022-07-10 08:50:40,964] {scheduler_job.py:190} INFO - Processing /home/airflow/.local/lib/python3.6/site-packages/airflow/example_dags/example_latest_only.py took 0.036 seconds
[2022-07-10 08:51:11,725] {scheduler_job.py:182} INFO - Started process (PID=982) to work on /home/airflow/.local/lib/python3.6/site-packages/airflow/example_dags/example_latest_only.py
[2022-07-10 08:51:11,726] {scheduler_job.py:629} INFO - Processing file /home/airflow/.local/lib/python3.6/site-packages/airflow/example_dags/example_latest_only.py for tasks to queue
[2022-07-10 08:51:11,727] {logging_mixin.py:104} INFO - [2022-07-10 08:51:11,727] {dagbag.py:451} INFO - Filling up the DagBag from /home/airflow/.local/lib/python3.6/site-packages/airflow/example_dags/example_latest_only.py
[2022-07-10 08:51:11,733] {scheduler_job.py:639} INFO - DAG(s) dict_keys(['latest_only']) retrieved from /home/airflow/.local/lib/python3.6/site-packages/airflow/example_dags/example_latest_only.py
[2022-07-10 08:51:11,745] {logging_mixin.py:104} INFO - [2022-07-10 08:51:11,745] {dag.py:1824} INFO - Sync 1 DAGs
[2022-07-10 08:51:11,753] {logging_mixin.py:104} INFO - [2022-07-10 08:51:11,753] {dag.py:2280} INFO - Setting next_dagrun for latest_only to 2022-07-08 00:00:00+00:00
[2022-07-10 08:51:11,760] {scheduler_job.py:190} INFO - Processing /home/airflow/.local/lib/python3.6/site-packages/airflow/example_dags/example_latest_only.py took 0.036 seconds
[2022-07-10 08:51:42,581] {scheduler_job.py:182} INFO - Started process (PID=1008) to work on /home/airflow/.local/lib/python3.6/site-packages/airflow/example_dags/example_latest_only.py
[2022-07-10 08:51:42,582] {scheduler_job.py:629} INFO - Processing file /home/airflow/.local/lib/python3.6/site-packages/airflow/example_dags/example_latest_only.py for tasks to queue
[2022-07-10 08:51:42,582] {logging_mixin.py:104} INFO - [2022-07-10 08:51:42,582] {dagbag.py:451} INFO - Filling up the DagBag from /home/airflow/.local/lib/python3.6/site-packages/airflow/example_dags/example_latest_only.py
[2022-07-10 08:51:42,588] {scheduler_job.py:639} INFO - DAG(s) dict_keys(['latest_only']) retrieved from /home/airflow/.local/lib/python3.6/site-packages/airflow/example_dags/example_latest_only.py
[2022-07-10 08:51:42,600] {logging_mixin.py:104} INFO - [2022-07-10 08:51:42,600] {dag.py:1824} INFO - Sync 1 DAGs
[2022-07-10 08:51:42,609] {logging_mixin.py:104} INFO - [2022-07-10 08:51:42,609] {dag.py:2280} INFO - Setting next_dagrun for latest_only to 2022-07-08 00:00:00+00:00
[2022-07-10 08:51:42,616] {scheduler_job.py:190} INFO - Processing /home/airflow/.local/lib/python3.6/site-packages/airflow/example_dags/example_latest_only.py took 0.037 seconds
[2022-07-10 08:52:13,357] {scheduler_job.py:182} INFO - Started process (PID=1034) to work on /home/airflow/.local/lib/python3.6/site-packages/airflow/example_dags/example_latest_only.py
[2022-07-10 08:52:13,358] {scheduler_job.py:629} INFO - Processing file /home/airflow/.local/lib/python3.6/site-packages/airflow/example_dags/example_latest_only.py for tasks to queue
[2022-07-10 08:52:13,358] {logging_mixin.py:104} INFO - [2022-07-10 08:52:13,358] {dagbag.py:451} INFO - Filling up the DagBag from /home/airflow/.local/lib/python3.6/site-packages/airflow/example_dags/example_latest_only.py
[2022-07-10 08:52:13,364] {scheduler_job.py:639} INFO - DAG(s) dict_keys(['latest_only']) retrieved from /home/airflow/.local/lib/python3.6/site-packages/airflow/example_dags/example_latest_only.py
[2022-07-10 08:52:13,376] {logging_mixin.py:104} INFO - [2022-07-10 08:52:13,376] {dag.py:1824} INFO - Sync 1 DAGs
[2022-07-10 08:52:13,385] {logging_mixin.py:104} INFO - [2022-07-10 08:52:13,385] {dag.py:2280} INFO - Setting next_dagrun for latest_only to 2022-07-08 00:00:00+00:00
[2022-07-10 08:52:13,391] {scheduler_job.py:190} INFO - Processing /home/airflow/.local/lib/python3.6/site-packages/airflow/example_dags/example_latest_only.py took 0.035 seconds
[2022-07-10 08:52:44,243] {scheduler_job.py:182} INFO - Started process (PID=1060) to work on /home/airflow/.local/lib/python3.6/site-packages/airflow/example_dags/example_latest_only.py
[2022-07-10 08:52:44,244] {scheduler_job.py:629} INFO - Processing file /home/airflow/.local/lib/python3.6/site-packages/airflow/example_dags/example_latest_only.py for tasks to queue
[2022-07-10 08:52:44,244] {logging_mixin.py:104} INFO - [2022-07-10 08:52:44,244] {dagbag.py:451} INFO - Filling up the DagBag from /home/airflow/.local/lib/python3.6/site-packages/airflow/example_dags/example_latest_only.py
[2022-07-10 08:52:44,250] {scheduler_job.py:639} INFO - DAG(s) dict_keys(['latest_only']) retrieved from /home/airflow/.local/lib/python3.6/site-packages/airflow/example_dags/example_latest_only.py
[2022-07-10 08:52:44,262] {logging_mixin.py:104} INFO - [2022-07-10 08:52:44,262] {dag.py:1824} INFO - Sync 1 DAGs
[2022-07-10 08:52:44,271] {logging_mixin.py:104} INFO - [2022-07-10 08:52:44,271] {dag.py:2280} INFO - Setting next_dagrun for latest_only to 2022-07-08 00:00:00+00:00
[2022-07-10 08:52:44,278] {scheduler_job.py:190} INFO - Processing /home/airflow/.local/lib/python3.6/site-packages/airflow/example_dags/example_latest_only.py took 0.037 seconds
[2022-07-10 08:53:15,105] {scheduler_job.py:182} INFO - Started process (PID=1086) to work on /home/airflow/.local/lib/python3.6/site-packages/airflow/example_dags/example_latest_only.py
[2022-07-10 08:53:15,106] {scheduler_job.py:629} INFO - Processing file /home/airflow/.local/lib/python3.6/site-packages/airflow/example_dags/example_latest_only.py for tasks to queue
[2022-07-10 08:53:15,106] {logging_mixin.py:104} INFO - [2022-07-10 08:53:15,106] {dagbag.py:451} INFO - Filling up the DagBag from /home/airflow/.local/lib/python3.6/site-packages/airflow/example_dags/example_latest_only.py
[2022-07-10 08:53:15,112] {scheduler_job.py:639} INFO - DAG(s) dict_keys(['latest_only']) retrieved from /home/airflow/.local/lib/python3.6/site-packages/airflow/example_dags/example_latest_only.py
[2022-07-10 08:53:15,124] {logging_mixin.py:104} INFO - [2022-07-10 08:53:15,124] {dag.py:1824} INFO - Sync 1 DAGs
[2022-07-10 08:53:15,133] {logging_mixin.py:104} INFO - [2022-07-10 08:53:15,133] {dag.py:2280} INFO - Setting next_dagrun for latest_only to 2022-07-08 00:00:00+00:00
[2022-07-10 08:53:15,139] {scheduler_job.py:190} INFO - Processing /home/airflow/.local/lib/python3.6/site-packages/airflow/example_dags/example_latest_only.py took 0.036 seconds
[2022-07-10 08:53:45,980] {scheduler_job.py:182} INFO - Started process (PID=1112) to work on /home/airflow/.local/lib/python3.6/site-packages/airflow/example_dags/example_latest_only.py
[2022-07-10 08:53:45,981] {scheduler_job.py:629} INFO - Processing file /home/airflow/.local/lib/python3.6/site-packages/airflow/example_dags/example_latest_only.py for tasks to queue
[2022-07-10 08:53:45,982] {logging_mixin.py:104} INFO - [2022-07-10 08:53:45,982] {dagbag.py:451} INFO - Filling up the DagBag from /home/airflow/.local/lib/python3.6/site-packages/airflow/example_dags/example_latest_only.py
[2022-07-10 08:53:45,987] {scheduler_job.py:639} INFO - DAG(s) dict_keys(['latest_only']) retrieved from /home/airflow/.local/lib/python3.6/site-packages/airflow/example_dags/example_latest_only.py
[2022-07-10 08:53:45,999] {logging_mixin.py:104} INFO - [2022-07-10 08:53:45,999] {dag.py:1824} INFO - Sync 1 DAGs
[2022-07-10 08:53:46,009] {logging_mixin.py:104} INFO - [2022-07-10 08:53:46,008] {dag.py:2280} INFO - Setting next_dagrun for latest_only to 2022-07-08 00:00:00+00:00
[2022-07-10 08:53:46,015] {scheduler_job.py:190} INFO - Processing /home/airflow/.local/lib/python3.6/site-packages/airflow/example_dags/example_latest_only.py took 0.036 seconds
[2022-07-10 08:54:16,865] {scheduler_job.py:182} INFO - Started process (PID=1138) to work on /home/airflow/.local/lib/python3.6/site-packages/airflow/example_dags/example_latest_only.py
[2022-07-10 08:54:16,865] {scheduler_job.py:629} INFO - Processing file /home/airflow/.local/lib/python3.6/site-packages/airflow/example_dags/example_latest_only.py for tasks to queue
[2022-07-10 08:54:16,866] {logging_mixin.py:104} INFO - [2022-07-10 08:54:16,866] {dagbag.py:451} INFO - Filling up the DagBag from /home/airflow/.local/lib/python3.6/site-packages/airflow/example_dags/example_latest_only.py
[2022-07-10 08:54:16,872] {scheduler_job.py:639} INFO - DAG(s) dict_keys(['latest_only']) retrieved from /home/airflow/.local/lib/python3.6/site-packages/airflow/example_dags/example_latest_only.py
[2022-07-10 08:54:16,884] {logging_mixin.py:104} INFO - [2022-07-10 08:54:16,884] {dag.py:1824} INFO - Sync 1 DAGs
[2022-07-10 08:54:16,893] {logging_mixin.py:104} INFO - [2022-07-10 08:54:16,893] {dag.py:2280} INFO - Setting next_dagrun for latest_only to 2022-07-08 00:00:00+00:00
[2022-07-10 08:54:16,900] {scheduler_job.py:190} INFO - Processing /home/airflow/.local/lib/python3.6/site-packages/airflow/example_dags/example_latest_only.py took 0.037 seconds
[2022-07-10 08:54:47,714] {scheduler_job.py:182} INFO - Started process (PID=1164) to work on /home/airflow/.local/lib/python3.6/site-packages/airflow/example_dags/example_latest_only.py
[2022-07-10 08:54:47,716] {scheduler_job.py:629} INFO - Processing file /home/airflow/.local/lib/python3.6/site-packages/airflow/example_dags/example_latest_only.py for tasks to queue
[2022-07-10 08:54:47,716] {logging_mixin.py:104} INFO - [2022-07-10 08:54:47,716] {dagbag.py:451} INFO - Filling up the DagBag from /home/airflow/.local/lib/python3.6/site-packages/airflow/example_dags/example_latest_only.py
[2022-07-10 08:54:47,722] {scheduler_job.py:639} INFO - DAG(s) dict_keys(['latest_only']) retrieved from /home/airflow/.local/lib/python3.6/site-packages/airflow/example_dags/example_latest_only.py
[2022-07-10 08:54:47,735] {logging_mixin.py:104} INFO - [2022-07-10 08:54:47,735] {dag.py:1824} INFO - Sync 1 DAGs
[2022-07-10 08:54:47,745] {logging_mixin.py:104} INFO - [2022-07-10 08:54:47,744] {dag.py:2280} INFO - Setting next_dagrun for latest_only to 2022-07-08 00:00:00+00:00
[2022-07-10 08:54:47,751] {scheduler_job.py:190} INFO - Processing /home/airflow/.local/lib/python3.6/site-packages/airflow/example_dags/example_latest_only.py took 0.038 seconds
[2022-07-10 08:55:18,620] {scheduler_job.py:182} INFO - Started process (PID=1190) to work on /home/airflow/.local/lib/python3.6/site-packages/airflow/example_dags/example_latest_only.py
[2022-07-10 08:55:18,621] {scheduler_job.py:629} INFO - Processing file /home/airflow/.local/lib/python3.6/site-packages/airflow/example_dags/example_latest_only.py for tasks to queue
[2022-07-10 08:55:18,621] {logging_mixin.py:104} INFO - [2022-07-10 08:55:18,621] {dagbag.py:451} INFO - Filling up the DagBag from /home/airflow/.local/lib/python3.6/site-packages/airflow/example_dags/example_latest_only.py
[2022-07-10 08:55:18,627] {scheduler_job.py:639} INFO - DAG(s) dict_keys(['latest_only']) retrieved from /home/airflow/.local/lib/python3.6/site-packages/airflow/example_dags/example_latest_only.py
[2022-07-10 08:55:18,639] {logging_mixin.py:104} INFO - [2022-07-10 08:55:18,639] {dag.py:1824} INFO - Sync 1 DAGs
[2022-07-10 08:55:18,649] {logging_mixin.py:104} INFO - [2022-07-10 08:55:18,649] {dag.py:2280} INFO - Setting next_dagrun for latest_only to 2022-07-08 00:00:00+00:00
[2022-07-10 08:55:18,656] {scheduler_job.py:190} INFO - Processing /home/airflow/.local/lib/python3.6/site-packages/airflow/example_dags/example_latest_only.py took 0.038 seconds
[2022-07-10 08:55:49,540] {scheduler_job.py:182} INFO - Started process (PID=1216) to work on /home/airflow/.local/lib/python3.6/site-packages/airflow/example_dags/example_latest_only.py
[2022-07-10 08:55:49,541] {scheduler_job.py:629} INFO - Processing file /home/airflow/.local/lib/python3.6/site-packages/airflow/example_dags/example_latest_only.py for tasks to queue
[2022-07-10 08:55:49,541] {logging_mixin.py:104} INFO - [2022-07-10 08:55:49,541] {dagbag.py:451} INFO - Filling up the DagBag from /home/airflow/.local/lib/python3.6/site-packages/airflow/example_dags/example_latest_only.py
[2022-07-10 08:55:49,547] {scheduler_job.py:639} INFO - DAG(s) dict_keys(['latest_only']) retrieved from /home/airflow/.local/lib/python3.6/site-packages/airflow/example_dags/example_latest_only.py
[2022-07-10 08:55:49,561] {logging_mixin.py:104} INFO - [2022-07-10 08:55:49,560] {dag.py:1824} INFO - Sync 1 DAGs
[2022-07-10 08:55:49,570] {logging_mixin.py:104} INFO - [2022-07-10 08:55:49,570] {dag.py:2280} INFO - Setting next_dagrun for latest_only to 2022-07-08 00:00:00+00:00
[2022-07-10 08:55:49,577] {scheduler_job.py:190} INFO - Processing /home/airflow/.local/lib/python3.6/site-packages/airflow/example_dags/example_latest_only.py took 0.039 seconds
[2022-07-10 08:56:20,481] {scheduler_job.py:182} INFO - Started process (PID=1242) to work on /home/airflow/.local/lib/python3.6/site-packages/airflow/example_dags/example_latest_only.py
[2022-07-10 08:56:20,481] {scheduler_job.py:629} INFO - Processing file /home/airflow/.local/lib/python3.6/site-packages/airflow/example_dags/example_latest_only.py for tasks to queue
[2022-07-10 08:56:20,482] {logging_mixin.py:104} INFO - [2022-07-10 08:56:20,482] {dagbag.py:451} INFO - Filling up the DagBag from /home/airflow/.local/lib/python3.6/site-packages/airflow/example_dags/example_latest_only.py
[2022-07-10 08:56:20,487] {scheduler_job.py:639} INFO - DAG(s) dict_keys(['latest_only']) retrieved from /home/airflow/.local/lib/python3.6/site-packages/airflow/example_dags/example_latest_only.py
[2022-07-10 08:56:20,501] {logging_mixin.py:104} INFO - [2022-07-10 08:56:20,501] {dag.py:1824} INFO - Sync 1 DAGs
[2022-07-10 08:56:20,512] {logging_mixin.py:104} INFO - [2022-07-10 08:56:20,512] {dag.py:2280} INFO - Setting next_dagrun for latest_only to 2022-07-08 00:00:00+00:00
[2022-07-10 08:56:20,520] {scheduler_job.py:190} INFO - Processing /home/airflow/.local/lib/python3.6/site-packages/airflow/example_dags/example_latest_only.py took 0.041 seconds
[2022-07-10 08:56:51,480] {scheduler_job.py:182} INFO - Started process (PID=1268) to work on /home/airflow/.local/lib/python3.6/site-packages/airflow/example_dags/example_latest_only.py
[2022-07-10 08:56:51,480] {scheduler_job.py:629} INFO - Processing file /home/airflow/.local/lib/python3.6/site-packages/airflow/example_dags/example_latest_only.py for tasks to queue
[2022-07-10 08:56:51,481] {logging_mixin.py:104} INFO - [2022-07-10 08:56:51,481] {dagbag.py:451} INFO - Filling up the DagBag from /home/airflow/.local/lib/python3.6/site-packages/airflow/example_dags/example_latest_only.py
[2022-07-10 08:56:51,488] {scheduler_job.py:639} INFO - DAG(s) dict_keys(['latest_only']) retrieved from /home/airflow/.local/lib/python3.6/site-packages/airflow/example_dags/example_latest_only.py
[2022-07-10 08:56:51,501] {logging_mixin.py:104} INFO - [2022-07-10 08:56:51,501] {dag.py:1824} INFO - Sync 1 DAGs
[2022-07-10 08:56:51,511] {logging_mixin.py:104} INFO - [2022-07-10 08:56:51,511] {dag.py:2280} INFO - Setting next_dagrun for latest_only to 2022-07-08 00:00:00+00:00
[2022-07-10 08:56:51,518] {scheduler_job.py:190} INFO - Processing /home/airflow/.local/lib/python3.6/site-packages/airflow/example_dags/example_latest_only.py took 0.040 seconds
[2022-07-10 08:57:22,326] {scheduler_job.py:182} INFO - Started process (PID=1294) to work on /home/airflow/.local/lib/python3.6/site-packages/airflow/example_dags/example_latest_only.py
[2022-07-10 08:57:22,327] {scheduler_job.py:629} INFO - Processing file /home/airflow/.local/lib/python3.6/site-packages/airflow/example_dags/example_latest_only.py for tasks to queue
[2022-07-10 08:57:22,327] {logging_mixin.py:104} INFO - [2022-07-10 08:57:22,327] {dagbag.py:451} INFO - Filling up the DagBag from /home/airflow/.local/lib/python3.6/site-packages/airflow/example_dags/example_latest_only.py
[2022-07-10 08:57:22,334] {scheduler_job.py:639} INFO - DAG(s) dict_keys(['latest_only']) retrieved from /home/airflow/.local/lib/python3.6/site-packages/airflow/example_dags/example_latest_only.py
[2022-07-10 08:57:22,346] {logging_mixin.py:104} INFO - [2022-07-10 08:57:22,346] {dag.py:1824} INFO - Sync 1 DAGs
[2022-07-10 08:57:22,356] {logging_mixin.py:104} INFO - [2022-07-10 08:57:22,356] {dag.py:2280} INFO - Setting next_dagrun for latest_only to 2022-07-08 00:00:00+00:00
[2022-07-10 08:57:22,363] {scheduler_job.py:190} INFO - Processing /home/airflow/.local/lib/python3.6/site-packages/airflow/example_dags/example_latest_only.py took 0.039 seconds
[2022-07-10 08:57:53,227] {scheduler_job.py:182} INFO - Started process (PID=1320) to work on /home/airflow/.local/lib/python3.6/site-packages/airflow/example_dags/example_latest_only.py
[2022-07-10 08:57:53,228] {scheduler_job.py:629} INFO - Processing file /home/airflow/.local/lib/python3.6/site-packages/airflow/example_dags/example_latest_only.py for tasks to queue
[2022-07-10 08:57:53,228] {logging_mixin.py:104} INFO - [2022-07-10 08:57:53,228] {dagbag.py:451} INFO - Filling up the DagBag from /home/airflow/.local/lib/python3.6/site-packages/airflow/example_dags/example_latest_only.py
[2022-07-10 08:57:53,234] {scheduler_job.py:639} INFO - DAG(s) dict_keys(['latest_only']) retrieved from /home/airflow/.local/lib/python3.6/site-packages/airflow/example_dags/example_latest_only.py
[2022-07-10 08:57:53,246] {logging_mixin.py:104} INFO - [2022-07-10 08:57:53,246] {dag.py:1824} INFO - Sync 1 DAGs
[2022-07-10 08:57:53,258] {logging_mixin.py:104} INFO - [2022-07-10 08:57:53,257] {dag.py:2280} INFO - Setting next_dagrun for latest_only to 2022-07-08 00:00:00+00:00
[2022-07-10 08:57:53,265] {scheduler_job.py:190} INFO - Processing /home/airflow/.local/lib/python3.6/site-packages/airflow/example_dags/example_latest_only.py took 0.039 seconds
[2022-07-10 08:58:24,239] {scheduler_job.py:182} INFO - Started process (PID=1346) to work on /home/airflow/.local/lib/python3.6/site-packages/airflow/example_dags/example_latest_only.py
[2022-07-10 08:58:24,240] {scheduler_job.py:629} INFO - Processing file /home/airflow/.local/lib/python3.6/site-packages/airflow/example_dags/example_latest_only.py for tasks to queue
[2022-07-10 08:58:24,241] {logging_mixin.py:104} INFO - [2022-07-10 08:58:24,241] {dagbag.py:451} INFO - Filling up the DagBag from /home/airflow/.local/lib/python3.6/site-packages/airflow/example_dags/example_latest_only.py
[2022-07-10 08:58:24,248] {scheduler_job.py:639} INFO - DAG(s) dict_keys(['latest_only']) retrieved from /home/airflow/.local/lib/python3.6/site-packages/airflow/example_dags/example_latest_only.py
[2022-07-10 08:58:24,263] {logging_mixin.py:104} INFO - [2022-07-10 08:58:24,263] {dag.py:1824} INFO - Sync 1 DAGs
[2022-07-10 08:58:24,274] {logging_mixin.py:104} INFO - [2022-07-10 08:58:24,274] {dag.py:2280} INFO - Setting next_dagrun for latest_only to 2022-07-08 00:00:00+00:00
[2022-07-10 08:58:24,280] {scheduler_job.py:190} INFO - Processing /home/airflow/.local/lib/python3.6/site-packages/airflow/example_dags/example_latest_only.py took 0.044 seconds
[2022-07-10 08:58:55,095] {scheduler_job.py:182} INFO - Started process (PID=1372) to work on /home/airflow/.local/lib/python3.6/site-packages/airflow/example_dags/example_latest_only.py
[2022-07-10 08:58:55,096] {scheduler_job.py:629} INFO - Processing file /home/airflow/.local/lib/python3.6/site-packages/airflow/example_dags/example_latest_only.py for tasks to queue
[2022-07-10 08:58:55,096] {logging_mixin.py:104} INFO - [2022-07-10 08:58:55,096] {dagbag.py:451} INFO - Filling up the DagBag from /home/airflow/.local/lib/python3.6/site-packages/airflow/example_dags/example_latest_only.py
[2022-07-10 08:58:55,102] {scheduler_job.py:639} INFO - DAG(s) dict_keys(['latest_only']) retrieved from /home/airflow/.local/lib/python3.6/site-packages/airflow/example_dags/example_latest_only.py
[2022-07-10 08:58:55,114] {logging_mixin.py:104} INFO - [2022-07-10 08:58:55,114] {dag.py:1824} INFO - Sync 1 DAGs
[2022-07-10 08:58:55,126] {logging_mixin.py:104} INFO - [2022-07-10 08:58:55,126] {dag.py:2280} INFO - Setting next_dagrun for latest_only to 2022-07-08 00:00:00+00:00
[2022-07-10 08:58:55,132] {scheduler_job.py:190} INFO - Processing /home/airflow/.local/lib/python3.6/site-packages/airflow/example_dags/example_latest_only.py took 0.039 seconds
[2022-07-10 08:59:25,847] {scheduler_job.py:182} INFO - Started process (PID=1398) to work on /home/airflow/.local/lib/python3.6/site-packages/airflow/example_dags/example_latest_only.py
[2022-07-10 08:59:25,848] {scheduler_job.py:629} INFO - Processing file /home/airflow/.local/lib/python3.6/site-packages/airflow/example_dags/example_latest_only.py for tasks to queue
[2022-07-10 08:59:25,848] {logging_mixin.py:104} INFO - [2022-07-10 08:59:25,848] {dagbag.py:451} INFO - Filling up the DagBag from /home/airflow/.local/lib/python3.6/site-packages/airflow/example_dags/example_latest_only.py
[2022-07-10 08:59:25,854] {scheduler_job.py:639} INFO - DAG(s) dict_keys(['latest_only']) retrieved from /home/airflow/.local/lib/python3.6/site-packages/airflow/example_dags/example_latest_only.py
[2022-07-10 08:59:25,866] {logging_mixin.py:104} INFO - [2022-07-10 08:59:25,866] {dag.py:1824} INFO - Sync 1 DAGs
[2022-07-10 08:59:25,878] {logging_mixin.py:104} INFO - [2022-07-10 08:59:25,877] {dag.py:2280} INFO - Setting next_dagrun for latest_only to 2022-07-08 00:00:00+00:00
[2022-07-10 08:59:25,885] {scheduler_job.py:190} INFO - Processing /home/airflow/.local/lib/python3.6/site-packages/airflow/example_dags/example_latest_only.py took 0.039 seconds
[2022-07-10 08:59:56,717] {scheduler_job.py:182} INFO - Started process (PID=1424) to work on /home/airflow/.local/lib/python3.6/site-packages/airflow/example_dags/example_latest_only.py
[2022-07-10 08:59:56,718] {scheduler_job.py:629} INFO - Processing file /home/airflow/.local/lib/python3.6/site-packages/airflow/example_dags/example_latest_only.py for tasks to queue
[2022-07-10 08:59:56,719] {logging_mixin.py:104} INFO - [2022-07-10 08:59:56,719] {dagbag.py:451} INFO - Filling up the DagBag from /home/airflow/.local/lib/python3.6/site-packages/airflow/example_dags/example_latest_only.py
[2022-07-10 08:59:56,725] {scheduler_job.py:639} INFO - DAG(s) dict_keys(['latest_only']) retrieved from /home/airflow/.local/lib/python3.6/site-packages/airflow/example_dags/example_latest_only.py
[2022-07-10 08:59:56,738] {logging_mixin.py:104} INFO - [2022-07-10 08:59:56,738] {dag.py:1824} INFO - Sync 1 DAGs
[2022-07-10 08:59:56,749] {logging_mixin.py:104} INFO - [2022-07-10 08:59:56,749] {dag.py:2280} INFO - Setting next_dagrun for latest_only to 2022-07-08 00:00:00+00:00
[2022-07-10 08:59:56,756] {scheduler_job.py:190} INFO - Processing /home/airflow/.local/lib/python3.6/site-packages/airflow/example_dags/example_latest_only.py took 0.040 seconds
[2022-07-10 09:00:27,490] {scheduler_job.py:182} INFO - Started process (PID=1450) to work on /home/airflow/.local/lib/python3.6/site-packages/airflow/example_dags/example_latest_only.py
[2022-07-10 09:00:27,490] {scheduler_job.py:629} INFO - Processing file /home/airflow/.local/lib/python3.6/site-packages/airflow/example_dags/example_latest_only.py for tasks to queue
[2022-07-10 09:00:27,491] {logging_mixin.py:104} INFO - [2022-07-10 09:00:27,491] {dagbag.py:451} INFO - Filling up the DagBag from /home/airflow/.local/lib/python3.6/site-packages/airflow/example_dags/example_latest_only.py
[2022-07-10 09:00:27,497] {scheduler_job.py:639} INFO - DAG(s) dict_keys(['latest_only']) retrieved from /home/airflow/.local/lib/python3.6/site-packages/airflow/example_dags/example_latest_only.py
[2022-07-10 09:00:27,510] {logging_mixin.py:104} INFO - [2022-07-10 09:00:27,510] {dag.py:1824} INFO - Sync 1 DAGs
[2022-07-10 09:00:27,520] {logging_mixin.py:104} INFO - [2022-07-10 09:00:27,520] {dag.py:2280} INFO - Setting next_dagrun for latest_only to 2022-07-08 00:00:00+00:00
[2022-07-10 09:00:27,527] {scheduler_job.py:190} INFO - Processing /home/airflow/.local/lib/python3.6/site-packages/airflow/example_dags/example_latest_only.py took 0.039 seconds
[2022-07-10 09:00:58,291] {scheduler_job.py:182} INFO - Started process (PID=1476) to work on /home/airflow/.local/lib/python3.6/site-packages/airflow/example_dags/example_latest_only.py
[2022-07-10 09:00:58,291] {scheduler_job.py:629} INFO - Processing file /home/airflow/.local/lib/python3.6/site-packages/airflow/example_dags/example_latest_only.py for tasks to queue
[2022-07-10 09:00:58,292] {logging_mixin.py:104} INFO - [2022-07-10 09:00:58,292] {dagbag.py:451} INFO - Filling up the DagBag from /home/airflow/.local/lib/python3.6/site-packages/airflow/example_dags/example_latest_only.py
[2022-07-10 09:00:58,297] {scheduler_job.py:639} INFO - DAG(s) dict_keys(['latest_only']) retrieved from /home/airflow/.local/lib/python3.6/site-packages/airflow/example_dags/example_latest_only.py
[2022-07-10 09:00:58,310] {logging_mixin.py:104} INFO - [2022-07-10 09:00:58,310] {dag.py:1824} INFO - Sync 1 DAGs
[2022-07-10 09:00:58,321] {logging_mixin.py:104} INFO - [2022-07-10 09:00:58,321] {dag.py:2280} INFO - Setting next_dagrun for latest_only to 2022-07-08 00:00:00+00:00
[2022-07-10 09:00:58,328] {scheduler_job.py:190} INFO - Processing /home/airflow/.local/lib/python3.6/site-packages/airflow/example_dags/example_latest_only.py took 0.039 seconds
[2022-07-10 09:03:54,932] {scheduler_job.py:182} INFO - Started process (PID=49) to work on /home/airflow/.local/lib/python3.6/site-packages/airflow/example_dags/example_latest_only.py
[2022-07-10 09:03:54,933] {scheduler_job.py:629} INFO - Processing file /home/airflow/.local/lib/python3.6/site-packages/airflow/example_dags/example_latest_only.py for tasks to queue
[2022-07-10 09:03:54,934] {logging_mixin.py:104} INFO - [2022-07-10 09:03:54,934] {dagbag.py:451} INFO - Filling up the DagBag from /home/airflow/.local/lib/python3.6/site-packages/airflow/example_dags/example_latest_only.py
[2022-07-10 09:03:54,946] {scheduler_job.py:639} INFO - DAG(s) dict_keys(['latest_only']) retrieved from /home/airflow/.local/lib/python3.6/site-packages/airflow/example_dags/example_latest_only.py
[2022-07-10 09:03:54,962] {logging_mixin.py:104} INFO - [2022-07-10 09:03:54,962] {dag.py:1824} INFO - Sync 1 DAGs
[2022-07-10 09:03:54,977] {logging_mixin.py:104} INFO - [2022-07-10 09:03:54,977] {dag.py:2280} INFO - Setting next_dagrun for latest_only to 2022-07-08 00:00:00+00:00
[2022-07-10 09:03:54,985] {scheduler_job.py:190} INFO - Processing /home/airflow/.local/lib/python3.6/site-packages/airflow/example_dags/example_latest_only.py took 0.055 seconds
[2022-07-10 09:04:25,795] {scheduler_job.py:182} INFO - Started process (PID=75) to work on /home/airflow/.local/lib/python3.6/site-packages/airflow/example_dags/example_latest_only.py
[2022-07-10 09:04:25,796] {scheduler_job.py:629} INFO - Processing file /home/airflow/.local/lib/python3.6/site-packages/airflow/example_dags/example_latest_only.py for tasks to queue
[2022-07-10 09:04:25,796] {logging_mixin.py:104} INFO - [2022-07-10 09:04:25,796] {dagbag.py:451} INFO - Filling up the DagBag from /home/airflow/.local/lib/python3.6/site-packages/airflow/example_dags/example_latest_only.py
[2022-07-10 09:04:25,801] {scheduler_job.py:639} INFO - DAG(s) dict_keys(['latest_only']) retrieved from /home/airflow/.local/lib/python3.6/site-packages/airflow/example_dags/example_latest_only.py
[2022-07-10 09:04:25,812] {logging_mixin.py:104} INFO - [2022-07-10 09:04:25,812] {dag.py:1824} INFO - Sync 1 DAGs
[2022-07-10 09:04:25,823] {logging_mixin.py:104} INFO - [2022-07-10 09:04:25,823] {dag.py:2280} INFO - Setting next_dagrun for latest_only to 2022-07-08 00:00:00+00:00
[2022-07-10 09:04:25,830] {scheduler_job.py:190} INFO - Processing /home/airflow/.local/lib/python3.6/site-packages/airflow/example_dags/example_latest_only.py took 0.037 seconds
[2022-07-10 09:04:56,638] {scheduler_job.py:182} INFO - Started process (PID=101) to work on /home/airflow/.local/lib/python3.6/site-packages/airflow/example_dags/example_latest_only.py
[2022-07-10 09:04:56,639] {scheduler_job.py:629} INFO - Processing file /home/airflow/.local/lib/python3.6/site-packages/airflow/example_dags/example_latest_only.py for tasks to queue
[2022-07-10 09:04:56,640] {logging_mixin.py:104} INFO - [2022-07-10 09:04:56,640] {dagbag.py:451} INFO - Filling up the DagBag from /home/airflow/.local/lib/python3.6/site-packages/airflow/example_dags/example_latest_only.py
[2022-07-10 09:04:56,645] {scheduler_job.py:639} INFO - DAG(s) dict_keys(['latest_only']) retrieved from /home/airflow/.local/lib/python3.6/site-packages/airflow/example_dags/example_latest_only.py
[2022-07-10 09:04:56,657] {logging_mixin.py:104} INFO - [2022-07-10 09:04:56,657] {dag.py:1824} INFO - Sync 1 DAGs
[2022-07-10 09:04:56,667] {logging_mixin.py:104} INFO - [2022-07-10 09:04:56,667] {dag.py:2280} INFO - Setting next_dagrun for latest_only to 2022-07-08 00:00:00+00:00
[2022-07-10 09:04:56,674] {scheduler_job.py:190} INFO - Processing /home/airflow/.local/lib/python3.6/site-packages/airflow/example_dags/example_latest_only.py took 0.037 seconds
[2022-07-10 09:05:27,438] {scheduler_job.py:182} INFO - Started process (PID=127) to work on /home/airflow/.local/lib/python3.6/site-packages/airflow/example_dags/example_latest_only.py
[2022-07-10 09:05:27,439] {scheduler_job.py:629} INFO - Processing file /home/airflow/.local/lib/python3.6/site-packages/airflow/example_dags/example_latest_only.py for tasks to queue
[2022-07-10 09:05:27,439] {logging_mixin.py:104} INFO - [2022-07-10 09:05:27,439] {dagbag.py:451} INFO - Filling up the DagBag from /home/airflow/.local/lib/python3.6/site-packages/airflow/example_dags/example_latest_only.py
[2022-07-10 09:05:27,445] {scheduler_job.py:639} INFO - DAG(s) dict_keys(['latest_only']) retrieved from /home/airflow/.local/lib/python3.6/site-packages/airflow/example_dags/example_latest_only.py
[2022-07-10 09:05:27,457] {logging_mixin.py:104} INFO - [2022-07-10 09:05:27,457] {dag.py:1824} INFO - Sync 1 DAGs
[2022-07-10 09:05:27,467] {logging_mixin.py:104} INFO - [2022-07-10 09:05:27,467] {dag.py:2280} INFO - Setting next_dagrun for latest_only to 2022-07-08 00:00:00+00:00
[2022-07-10 09:05:27,474] {scheduler_job.py:190} INFO - Processing /home/airflow/.local/lib/python3.6/site-packages/airflow/example_dags/example_latest_only.py took 0.037 seconds
[2022-07-10 09:05:58,284] {scheduler_job.py:182} INFO - Started process (PID=153) to work on /home/airflow/.local/lib/python3.6/site-packages/airflow/example_dags/example_latest_only.py
[2022-07-10 09:05:58,285] {scheduler_job.py:629} INFO - Processing file /home/airflow/.local/lib/python3.6/site-packages/airflow/example_dags/example_latest_only.py for tasks to queue
[2022-07-10 09:05:58,286] {logging_mixin.py:104} INFO - [2022-07-10 09:05:58,286] {dagbag.py:451} INFO - Filling up the DagBag from /home/airflow/.local/lib/python3.6/site-packages/airflow/example_dags/example_latest_only.py
[2022-07-10 09:05:58,292] {scheduler_job.py:639} INFO - DAG(s) dict_keys(['latest_only']) retrieved from /home/airflow/.local/lib/python3.6/site-packages/airflow/example_dags/example_latest_only.py
[2022-07-10 09:05:58,303] {logging_mixin.py:104} INFO - [2022-07-10 09:05:58,303] {dag.py:1824} INFO - Sync 1 DAGs
[2022-07-10 09:05:58,314] {logging_mixin.py:104} INFO - [2022-07-10 09:05:58,314] {dag.py:2280} INFO - Setting next_dagrun for latest_only to 2022-07-08 00:00:00+00:00
[2022-07-10 09:05:58,320] {scheduler_job.py:190} INFO - Processing /home/airflow/.local/lib/python3.6/site-packages/airflow/example_dags/example_latest_only.py took 0.038 seconds
[2022-07-10 09:06:29,133] {scheduler_job.py:182} INFO - Started process (PID=179) to work on /home/airflow/.local/lib/python3.6/site-packages/airflow/example_dags/example_latest_only.py
[2022-07-10 09:06:29,134] {scheduler_job.py:629} INFO - Processing file /home/airflow/.local/lib/python3.6/site-packages/airflow/example_dags/example_latest_only.py for tasks to queue
[2022-07-10 09:06:29,134] {logging_mixin.py:104} INFO - [2022-07-10 09:06:29,134] {dagbag.py:451} INFO - Filling up the DagBag from /home/airflow/.local/lib/python3.6/site-packages/airflow/example_dags/example_latest_only.py
[2022-07-10 09:06:29,140] {scheduler_job.py:639} INFO - DAG(s) dict_keys(['latest_only']) retrieved from /home/airflow/.local/lib/python3.6/site-packages/airflow/example_dags/example_latest_only.py
[2022-07-10 09:06:29,151] {logging_mixin.py:104} INFO - [2022-07-10 09:06:29,151] {dag.py:1824} INFO - Sync 1 DAGs
[2022-07-10 09:06:29,161] {logging_mixin.py:104} INFO - [2022-07-10 09:06:29,161] {dag.py:2280} INFO - Setting next_dagrun for latest_only to 2022-07-08 00:00:00+00:00
[2022-07-10 09:06:29,167] {scheduler_job.py:190} INFO - Processing /home/airflow/.local/lib/python3.6/site-packages/airflow/example_dags/example_latest_only.py took 0.036 seconds
[2022-07-10 09:06:59,912] {scheduler_job.py:182} INFO - Started process (PID=205) to work on /home/airflow/.local/lib/python3.6/site-packages/airflow/example_dags/example_latest_only.py
[2022-07-10 09:06:59,913] {scheduler_job.py:629} INFO - Processing file /home/airflow/.local/lib/python3.6/site-packages/airflow/example_dags/example_latest_only.py for tasks to queue
[2022-07-10 09:06:59,913] {logging_mixin.py:104} INFO - [2022-07-10 09:06:59,913] {dagbag.py:451} INFO - Filling up the DagBag from /home/airflow/.local/lib/python3.6/site-packages/airflow/example_dags/example_latest_only.py
[2022-07-10 09:06:59,919] {scheduler_job.py:639} INFO - DAG(s) dict_keys(['latest_only']) retrieved from /home/airflow/.local/lib/python3.6/site-packages/airflow/example_dags/example_latest_only.py
[2022-07-10 09:06:59,933] {logging_mixin.py:104} INFO - [2022-07-10 09:06:59,932] {dag.py:1824} INFO - Sync 1 DAGs
[2022-07-10 09:06:59,941] {logging_mixin.py:104} INFO - [2022-07-10 09:06:59,941] {dag.py:2280} INFO - Setting next_dagrun for latest_only to 2022-07-08 00:00:00+00:00
[2022-07-10 09:06:59,947] {scheduler_job.py:190} INFO - Processing /home/airflow/.local/lib/python3.6/site-packages/airflow/example_dags/example_latest_only.py took 0.037 seconds
[2022-07-10 09:07:30,754] {scheduler_job.py:182} INFO - Started process (PID=231) to work on /home/airflow/.local/lib/python3.6/site-packages/airflow/example_dags/example_latest_only.py
[2022-07-10 09:07:30,755] {scheduler_job.py:629} INFO - Processing file /home/airflow/.local/lib/python3.6/site-packages/airflow/example_dags/example_latest_only.py for tasks to queue
[2022-07-10 09:07:30,756] {logging_mixin.py:104} INFO - [2022-07-10 09:07:30,756] {dagbag.py:451} INFO - Filling up the DagBag from /home/airflow/.local/lib/python3.6/site-packages/airflow/example_dags/example_latest_only.py
[2022-07-10 09:07:30,761] {scheduler_job.py:639} INFO - DAG(s) dict_keys(['latest_only']) retrieved from /home/airflow/.local/lib/python3.6/site-packages/airflow/example_dags/example_latest_only.py
[2022-07-10 09:07:30,775] {logging_mixin.py:104} INFO - [2022-07-10 09:07:30,775] {dag.py:1824} INFO - Sync 1 DAGs
[2022-07-10 09:07:30,783] {logging_mixin.py:104} INFO - [2022-07-10 09:07:30,783] {dag.py:2280} INFO - Setting next_dagrun for latest_only to 2022-07-08 00:00:00+00:00
[2022-07-10 09:07:30,789] {scheduler_job.py:190} INFO - Processing /home/airflow/.local/lib/python3.6/site-packages/airflow/example_dags/example_latest_only.py took 0.036 seconds
[2022-07-10 09:08:01,543] {scheduler_job.py:182} INFO - Started process (PID=257) to work on /home/airflow/.local/lib/python3.6/site-packages/airflow/example_dags/example_latest_only.py
[2022-07-10 09:08:01,544] {scheduler_job.py:629} INFO - Processing file /home/airflow/.local/lib/python3.6/site-packages/airflow/example_dags/example_latest_only.py for tasks to queue
[2022-07-10 09:08:01,545] {logging_mixin.py:104} INFO - [2022-07-10 09:08:01,545] {dagbag.py:451} INFO - Filling up the DagBag from /home/airflow/.local/lib/python3.6/site-packages/airflow/example_dags/example_latest_only.py
[2022-07-10 09:08:01,550] {scheduler_job.py:639} INFO - DAG(s) dict_keys(['latest_only']) retrieved from /home/airflow/.local/lib/python3.6/site-packages/airflow/example_dags/example_latest_only.py
[2022-07-10 09:08:01,564] {logging_mixin.py:104} INFO - [2022-07-10 09:08:01,564] {dag.py:1824} INFO - Sync 1 DAGs
[2022-07-10 09:08:01,573] {logging_mixin.py:104} INFO - [2022-07-10 09:08:01,573] {dag.py:2280} INFO - Setting next_dagrun for latest_only to 2022-07-08 00:00:00+00:00
[2022-07-10 09:08:01,579] {scheduler_job.py:190} INFO - Processing /home/airflow/.local/lib/python3.6/site-packages/airflow/example_dags/example_latest_only.py took 0.038 seconds
[2022-07-10 09:08:32,337] {scheduler_job.py:182} INFO - Started process (PID=283) to work on /home/airflow/.local/lib/python3.6/site-packages/airflow/example_dags/example_latest_only.py
[2022-07-10 09:08:32,338] {scheduler_job.py:629} INFO - Processing file /home/airflow/.local/lib/python3.6/site-packages/airflow/example_dags/example_latest_only.py for tasks to queue
[2022-07-10 09:08:32,339] {logging_mixin.py:104} INFO - [2022-07-10 09:08:32,339] {dagbag.py:451} INFO - Filling up the DagBag from /home/airflow/.local/lib/python3.6/site-packages/airflow/example_dags/example_latest_only.py
[2022-07-10 09:08:32,345] {scheduler_job.py:639} INFO - DAG(s) dict_keys(['latest_only']) retrieved from /home/airflow/.local/lib/python3.6/site-packages/airflow/example_dags/example_latest_only.py
[2022-07-10 09:08:32,359] {logging_mixin.py:104} INFO - [2022-07-10 09:08:32,359] {dag.py:1824} INFO - Sync 1 DAGs
[2022-07-10 09:08:32,367] {logging_mixin.py:104} INFO - [2022-07-10 09:08:32,367] {dag.py:2280} INFO - Setting next_dagrun for latest_only to 2022-07-08 00:00:00+00:00
[2022-07-10 09:08:32,374] {scheduler_job.py:190} INFO - Processing /home/airflow/.local/lib/python3.6/site-packages/airflow/example_dags/example_latest_only.py took 0.038 seconds
[2022-07-10 09:09:03,362] {scheduler_job.py:182} INFO - Started process (PID=309) to work on /home/airflow/.local/lib/python3.6/site-packages/airflow/example_dags/example_latest_only.py
[2022-07-10 09:09:03,363] {scheduler_job.py:629} INFO - Processing file /home/airflow/.local/lib/python3.6/site-packages/airflow/example_dags/example_latest_only.py for tasks to queue
[2022-07-10 09:09:03,363] {logging_mixin.py:104} INFO - [2022-07-10 09:09:03,363] {dagbag.py:451} INFO - Filling up the DagBag from /home/airflow/.local/lib/python3.6/site-packages/airflow/example_dags/example_latest_only.py
[2022-07-10 09:09:03,371] {scheduler_job.py:639} INFO - DAG(s) dict_keys(['latest_only']) retrieved from /home/airflow/.local/lib/python3.6/site-packages/airflow/example_dags/example_latest_only.py
[2022-07-10 09:09:03,382] {logging_mixin.py:104} INFO - [2022-07-10 09:09:03,382] {dag.py:1824} INFO - Sync 1 DAGs
[2022-07-10 09:09:03,391] {logging_mixin.py:104} INFO - [2022-07-10 09:09:03,391] {dag.py:2280} INFO - Setting next_dagrun for latest_only to 2022-07-08 00:00:00+00:00
[2022-07-10 09:09:03,397] {scheduler_job.py:190} INFO - Processing /home/airflow/.local/lib/python3.6/site-packages/airflow/example_dags/example_latest_only.py took 0.037 seconds
[2022-07-10 09:09:33,438] {scheduler_job.py:182} INFO - Started process (PID=335) to work on /home/airflow/.local/lib/python3.6/site-packages/airflow/example_dags/example_latest_only.py
[2022-07-10 09:09:33,439] {scheduler_job.py:629} INFO - Processing file /home/airflow/.local/lib/python3.6/site-packages/airflow/example_dags/example_latest_only.py for tasks to queue
[2022-07-10 09:09:33,440] {logging_mixin.py:104} INFO - [2022-07-10 09:09:33,440] {dagbag.py:451} INFO - Filling up the DagBag from /home/airflow/.local/lib/python3.6/site-packages/airflow/example_dags/example_latest_only.py
[2022-07-10 09:09:33,447] {scheduler_job.py:639} INFO - DAG(s) dict_keys(['latest_only']) retrieved from /home/airflow/.local/lib/python3.6/site-packages/airflow/example_dags/example_latest_only.py
[2022-07-10 09:09:33,458] {logging_mixin.py:104} INFO - [2022-07-10 09:09:33,458] {dag.py:1824} INFO - Sync 1 DAGs
[2022-07-10 09:09:33,467] {logging_mixin.py:104} INFO - [2022-07-10 09:09:33,466] {dag.py:2280} INFO - Setting next_dagrun for latest_only to 2022-07-08 00:00:00+00:00
[2022-07-10 09:09:33,474] {scheduler_job.py:190} INFO - Processing /home/airflow/.local/lib/python3.6/site-packages/airflow/example_dags/example_latest_only.py took 0.038 seconds
[2022-07-10 09:10:04,253] {scheduler_job.py:182} INFO - Started process (PID=361) to work on /home/airflow/.local/lib/python3.6/site-packages/airflow/example_dags/example_latest_only.py
[2022-07-10 09:10:04,254] {scheduler_job.py:629} INFO - Processing file /home/airflow/.local/lib/python3.6/site-packages/airflow/example_dags/example_latest_only.py for tasks to queue
[2022-07-10 09:10:04,254] {logging_mixin.py:104} INFO - [2022-07-10 09:10:04,254] {dagbag.py:451} INFO - Filling up the DagBag from /home/airflow/.local/lib/python3.6/site-packages/airflow/example_dags/example_latest_only.py
[2022-07-10 09:10:04,262] {scheduler_job.py:639} INFO - DAG(s) dict_keys(['latest_only']) retrieved from /home/airflow/.local/lib/python3.6/site-packages/airflow/example_dags/example_latest_only.py
[2022-07-10 09:10:04,273] {logging_mixin.py:104} INFO - [2022-07-10 09:10:04,273] {dag.py:1824} INFO - Sync 1 DAGs
[2022-07-10 09:10:04,281] {logging_mixin.py:104} INFO - [2022-07-10 09:10:04,281] {dag.py:2280} INFO - Setting next_dagrun for latest_only to 2022-07-08 00:00:00+00:00
[2022-07-10 09:10:04,287] {scheduler_job.py:190} INFO - Processing /home/airflow/.local/lib/python3.6/site-packages/airflow/example_dags/example_latest_only.py took 0.036 seconds
[2022-07-10 09:10:35,151] {scheduler_job.py:182} INFO - Started process (PID=387) to work on /home/airflow/.local/lib/python3.6/site-packages/airflow/example_dags/example_latest_only.py
[2022-07-10 09:10:35,152] {scheduler_job.py:629} INFO - Processing file /home/airflow/.local/lib/python3.6/site-packages/airflow/example_dags/example_latest_only.py for tasks to queue
[2022-07-10 09:10:35,153] {logging_mixin.py:104} INFO - [2022-07-10 09:10:35,153] {dagbag.py:451} INFO - Filling up the DagBag from /home/airflow/.local/lib/python3.6/site-packages/airflow/example_dags/example_latest_only.py
[2022-07-10 09:10:35,161] {scheduler_job.py:639} INFO - DAG(s) dict_keys(['latest_only']) retrieved from /home/airflow/.local/lib/python3.6/site-packages/airflow/example_dags/example_latest_only.py
[2022-07-10 09:10:35,173] {logging_mixin.py:104} INFO - [2022-07-10 09:10:35,173] {dag.py:1824} INFO - Sync 1 DAGs
[2022-07-10 09:10:35,182] {logging_mixin.py:104} INFO - [2022-07-10 09:10:35,182] {dag.py:2280} INFO - Setting next_dagrun for latest_only to 2022-07-08 00:00:00+00:00
[2022-07-10 09:10:35,188] {scheduler_job.py:190} INFO - Processing /home/airflow/.local/lib/python3.6/site-packages/airflow/example_dags/example_latest_only.py took 0.039 seconds
[2022-07-10 09:11:05,915] {scheduler_job.py:182} INFO - Started process (PID=413) to work on /home/airflow/.local/lib/python3.6/site-packages/airflow/example_dags/example_latest_only.py
[2022-07-10 09:11:05,918] {scheduler_job.py:629} INFO - Processing file /home/airflow/.local/lib/python3.6/site-packages/airflow/example_dags/example_latest_only.py for tasks to queue
[2022-07-10 09:11:05,918] {logging_mixin.py:104} INFO - [2022-07-10 09:11:05,918] {dagbag.py:451} INFO - Filling up the DagBag from /home/airflow/.local/lib/python3.6/site-packages/airflow/example_dags/example_latest_only.py
[2022-07-10 09:11:05,923] {scheduler_job.py:639} INFO - DAG(s) dict_keys(['latest_only']) retrieved from /home/airflow/.local/lib/python3.6/site-packages/airflow/example_dags/example_latest_only.py
[2022-07-10 09:11:05,935] {logging_mixin.py:104} INFO - [2022-07-10 09:11:05,935] {dag.py:1824} INFO - Sync 1 DAGs
[2022-07-10 09:11:05,943] {logging_mixin.py:104} INFO - [2022-07-10 09:11:05,943] {dag.py:2280} INFO - Setting next_dagrun for latest_only to 2022-07-08 00:00:00+00:00
[2022-07-10 09:11:05,950] {scheduler_job.py:190} INFO - Processing /home/airflow/.local/lib/python3.6/site-packages/airflow/example_dags/example_latest_only.py took 0.036 seconds
[2022-07-10 09:11:36,753] {scheduler_job.py:182} INFO - Started process (PID=439) to work on /home/airflow/.local/lib/python3.6/site-packages/airflow/example_dags/example_latest_only.py
[2022-07-10 09:11:36,754] {scheduler_job.py:629} INFO - Processing file /home/airflow/.local/lib/python3.6/site-packages/airflow/example_dags/example_latest_only.py for tasks to queue
[2022-07-10 09:11:36,754] {logging_mixin.py:104} INFO - [2022-07-10 09:11:36,754] {dagbag.py:451} INFO - Filling up the DagBag from /home/airflow/.local/lib/python3.6/site-packages/airflow/example_dags/example_latest_only.py
[2022-07-10 09:11:36,760] {scheduler_job.py:639} INFO - DAG(s) dict_keys(['latest_only']) retrieved from /home/airflow/.local/lib/python3.6/site-packages/airflow/example_dags/example_latest_only.py
[2022-07-10 09:11:36,771] {logging_mixin.py:104} INFO - [2022-07-10 09:11:36,771] {dag.py:1824} INFO - Sync 1 DAGs
[2022-07-10 09:11:36,780] {logging_mixin.py:104} INFO - [2022-07-10 09:11:36,780] {dag.py:2280} INFO - Setting next_dagrun for latest_only to 2022-07-08 00:00:00+00:00
[2022-07-10 09:11:36,787] {scheduler_job.py:190} INFO - Processing /home/airflow/.local/lib/python3.6/site-packages/airflow/example_dags/example_latest_only.py took 0.036 seconds
[2022-07-10 09:12:07,524] {scheduler_job.py:182} INFO - Started process (PID=465) to work on /home/airflow/.local/lib/python3.6/site-packages/airflow/example_dags/example_latest_only.py
[2022-07-10 09:12:07,525] {scheduler_job.py:629} INFO - Processing file /home/airflow/.local/lib/python3.6/site-packages/airflow/example_dags/example_latest_only.py for tasks to queue
[2022-07-10 09:12:07,525] {logging_mixin.py:104} INFO - [2022-07-10 09:12:07,525] {dagbag.py:451} INFO - Filling up the DagBag from /home/airflow/.local/lib/python3.6/site-packages/airflow/example_dags/example_latest_only.py
[2022-07-10 09:12:07,531] {scheduler_job.py:639} INFO - DAG(s) dict_keys(['latest_only']) retrieved from /home/airflow/.local/lib/python3.6/site-packages/airflow/example_dags/example_latest_only.py
[2022-07-10 09:12:07,542] {logging_mixin.py:104} INFO - [2022-07-10 09:12:07,542] {dag.py:1824} INFO - Sync 1 DAGs
[2022-07-10 09:12:07,551] {logging_mixin.py:104} INFO - [2022-07-10 09:12:07,551] {dag.py:2280} INFO - Setting next_dagrun for latest_only to 2022-07-08 00:00:00+00:00
[2022-07-10 09:12:07,557] {scheduler_job.py:190} INFO - Processing /home/airflow/.local/lib/python3.6/site-packages/airflow/example_dags/example_latest_only.py took 0.035 seconds
