[2022-07-10 08:32:41,518] {scheduler_job.py:182} INFO - Started process (PID=47) to work on /home/airflow/.local/lib/python3.6/site-packages/airflow/example_dags/example_complex.py
[2022-07-10 08:32:41,519] {scheduler_job.py:629} INFO - Processing file /home/airflow/.local/lib/python3.6/site-packages/airflow/example_dags/example_complex.py for tasks to queue
[2022-07-10 08:32:41,519] {logging_mixin.py:104} INFO - [2022-07-10 08:32:41,519] {dagbag.py:451} INFO - Filling up the DagBag from /home/airflow/.local/lib/python3.6/site-packages/airflow/example_dags/example_complex.py
[2022-07-10 08:32:41,533] {scheduler_job.py:639} INFO - DAG(s) dict_keys(['example_complex']) retrieved from /home/airflow/.local/lib/python3.6/site-packages/airflow/example_dags/example_complex.py
[2022-07-10 08:32:41,556] {logging_mixin.py:104} INFO - [2022-07-10 08:32:41,556] {dag.py:1824} INFO - Sync 1 DAGs
[2022-07-10 08:32:41,564] {logging_mixin.py:104} INFO - [2022-07-10 08:32:41,564] {dag.py:1843} INFO - Creating ORM DAG for example_complex
[2022-07-10 08:32:41,568] {logging_mixin.py:104} INFO - [2022-07-10 08:32:41,568] {dag.py:2280} INFO - Setting next_dagrun for example_complex to None
[2022-07-10 08:32:41,581] {scheduler_job.py:190} INFO - Processing /home/airflow/.local/lib/python3.6/site-packages/airflow/example_dags/example_complex.py took 0.065 seconds
[2022-07-10 08:33:12,512] {scheduler_job.py:182} INFO - Started process (PID=73) to work on /home/airflow/.local/lib/python3.6/site-packages/airflow/example_dags/example_complex.py
[2022-07-10 08:33:12,513] {scheduler_job.py:629} INFO - Processing file /home/airflow/.local/lib/python3.6/site-packages/airflow/example_dags/example_complex.py for tasks to queue
[2022-07-10 08:33:12,513] {logging_mixin.py:104} INFO - [2022-07-10 08:33:12,513] {dagbag.py:451} INFO - Filling up the DagBag from /home/airflow/.local/lib/python3.6/site-packages/airflow/example_dags/example_complex.py
[2022-07-10 08:33:12,524] {scheduler_job.py:639} INFO - DAG(s) dict_keys(['example_complex']) retrieved from /home/airflow/.local/lib/python3.6/site-packages/airflow/example_dags/example_complex.py
[2022-07-10 08:33:12,542] {logging_mixin.py:104} INFO - [2022-07-10 08:33:12,542] {dag.py:1824} INFO - Sync 1 DAGs
[2022-07-10 08:33:12,550] {logging_mixin.py:104} INFO - [2022-07-10 08:33:12,550] {dag.py:2280} INFO - Setting next_dagrun for example_complex to None
[2022-07-10 08:33:12,556] {scheduler_job.py:190} INFO - Processing /home/airflow/.local/lib/python3.6/site-packages/airflow/example_dags/example_complex.py took 0.046 seconds
[2022-07-10 08:33:43,387] {scheduler_job.py:182} INFO - Started process (PID=99) to work on /home/airflow/.local/lib/python3.6/site-packages/airflow/example_dags/example_complex.py
[2022-07-10 08:33:43,388] {scheduler_job.py:629} INFO - Processing file /home/airflow/.local/lib/python3.6/site-packages/airflow/example_dags/example_complex.py for tasks to queue
[2022-07-10 08:33:43,388] {logging_mixin.py:104} INFO - [2022-07-10 08:33:43,388] {dagbag.py:451} INFO - Filling up the DagBag from /home/airflow/.local/lib/python3.6/site-packages/airflow/example_dags/example_complex.py
[2022-07-10 08:33:43,399] {scheduler_job.py:639} INFO - DAG(s) dict_keys(['example_complex']) retrieved from /home/airflow/.local/lib/python3.6/site-packages/airflow/example_dags/example_complex.py
[2022-07-10 08:33:43,417] {logging_mixin.py:104} INFO - [2022-07-10 08:33:43,417] {dag.py:1824} INFO - Sync 1 DAGs
[2022-07-10 08:33:43,426] {logging_mixin.py:104} INFO - [2022-07-10 08:33:43,426] {dag.py:2280} INFO - Setting next_dagrun for example_complex to None
[2022-07-10 08:33:43,432] {scheduler_job.py:190} INFO - Processing /home/airflow/.local/lib/python3.6/site-packages/airflow/example_dags/example_complex.py took 0.047 seconds
[2022-07-10 08:34:14,230] {scheduler_job.py:182} INFO - Started process (PID=125) to work on /home/airflow/.local/lib/python3.6/site-packages/airflow/example_dags/example_complex.py
[2022-07-10 08:34:14,231] {scheduler_job.py:629} INFO - Processing file /home/airflow/.local/lib/python3.6/site-packages/airflow/example_dags/example_complex.py for tasks to queue
[2022-07-10 08:34:14,231] {logging_mixin.py:104} INFO - [2022-07-10 08:34:14,231] {dagbag.py:451} INFO - Filling up the DagBag from /home/airflow/.local/lib/python3.6/site-packages/airflow/example_dags/example_complex.py
[2022-07-10 08:34:14,242] {scheduler_job.py:639} INFO - DAG(s) dict_keys(['example_complex']) retrieved from /home/airflow/.local/lib/python3.6/site-packages/airflow/example_dags/example_complex.py
[2022-07-10 08:34:14,260] {logging_mixin.py:104} INFO - [2022-07-10 08:34:14,260] {dag.py:1824} INFO - Sync 1 DAGs
[2022-07-10 08:34:14,269] {logging_mixin.py:104} INFO - [2022-07-10 08:34:14,269] {dag.py:2280} INFO - Setting next_dagrun for example_complex to None
[2022-07-10 08:34:14,275] {scheduler_job.py:190} INFO - Processing /home/airflow/.local/lib/python3.6/site-packages/airflow/example_dags/example_complex.py took 0.047 seconds
[2022-07-10 08:34:45,052] {scheduler_job.py:182} INFO - Started process (PID=151) to work on /home/airflow/.local/lib/python3.6/site-packages/airflow/example_dags/example_complex.py
[2022-07-10 08:34:45,053] {scheduler_job.py:629} INFO - Processing file /home/airflow/.local/lib/python3.6/site-packages/airflow/example_dags/example_complex.py for tasks to queue
[2022-07-10 08:34:45,053] {logging_mixin.py:104} INFO - [2022-07-10 08:34:45,053] {dagbag.py:451} INFO - Filling up the DagBag from /home/airflow/.local/lib/python3.6/site-packages/airflow/example_dags/example_complex.py
[2022-07-10 08:34:45,063] {scheduler_job.py:639} INFO - DAG(s) dict_keys(['example_complex']) retrieved from /home/airflow/.local/lib/python3.6/site-packages/airflow/example_dags/example_complex.py
[2022-07-10 08:34:45,080] {logging_mixin.py:104} INFO - [2022-07-10 08:34:45,080] {dag.py:1824} INFO - Sync 1 DAGs
[2022-07-10 08:34:45,089] {logging_mixin.py:104} INFO - [2022-07-10 08:34:45,089] {dag.py:2280} INFO - Setting next_dagrun for example_complex to None
[2022-07-10 08:34:45,096] {scheduler_job.py:190} INFO - Processing /home/airflow/.local/lib/python3.6/site-packages/airflow/example_dags/example_complex.py took 0.045 seconds
[2022-07-10 08:35:15,845] {scheduler_job.py:182} INFO - Started process (PID=177) to work on /home/airflow/.local/lib/python3.6/site-packages/airflow/example_dags/example_complex.py
[2022-07-10 08:35:15,846] {scheduler_job.py:629} INFO - Processing file /home/airflow/.local/lib/python3.6/site-packages/airflow/example_dags/example_complex.py for tasks to queue
[2022-07-10 08:35:15,846] {logging_mixin.py:104} INFO - [2022-07-10 08:35:15,846] {dagbag.py:451} INFO - Filling up the DagBag from /home/airflow/.local/lib/python3.6/site-packages/airflow/example_dags/example_complex.py
[2022-07-10 08:35:15,858] {scheduler_job.py:639} INFO - DAG(s) dict_keys(['example_complex']) retrieved from /home/airflow/.local/lib/python3.6/site-packages/airflow/example_dags/example_complex.py
[2022-07-10 08:35:15,874] {logging_mixin.py:104} INFO - [2022-07-10 08:35:15,874] {dag.py:1824} INFO - Sync 1 DAGs
[2022-07-10 08:35:15,883] {logging_mixin.py:104} INFO - [2022-07-10 08:35:15,883] {dag.py:2280} INFO - Setting next_dagrun for example_complex to None
[2022-07-10 08:35:15,889] {scheduler_job.py:190} INFO - Processing /home/airflow/.local/lib/python3.6/site-packages/airflow/example_dags/example_complex.py took 0.046 seconds
[2022-07-10 08:35:46,591] {scheduler_job.py:182} INFO - Started process (PID=203) to work on /home/airflow/.local/lib/python3.6/site-packages/airflow/example_dags/example_complex.py
[2022-07-10 08:35:46,592] {scheduler_job.py:629} INFO - Processing file /home/airflow/.local/lib/python3.6/site-packages/airflow/example_dags/example_complex.py for tasks to queue
[2022-07-10 08:35:46,593] {logging_mixin.py:104} INFO - [2022-07-10 08:35:46,592] {dagbag.py:451} INFO - Filling up the DagBag from /home/airflow/.local/lib/python3.6/site-packages/airflow/example_dags/example_complex.py
[2022-07-10 08:35:46,605] {scheduler_job.py:639} INFO - DAG(s) dict_keys(['example_complex']) retrieved from /home/airflow/.local/lib/python3.6/site-packages/airflow/example_dags/example_complex.py
[2022-07-10 08:35:46,622] {logging_mixin.py:104} INFO - [2022-07-10 08:35:46,622] {dag.py:1824} INFO - Sync 1 DAGs
[2022-07-10 08:35:46,632] {logging_mixin.py:104} INFO - [2022-07-10 08:35:46,632] {dag.py:2280} INFO - Setting next_dagrun for example_complex to None
[2022-07-10 08:35:46,638] {scheduler_job.py:190} INFO - Processing /home/airflow/.local/lib/python3.6/site-packages/airflow/example_dags/example_complex.py took 0.049 seconds
[2022-07-10 08:36:17,419] {scheduler_job.py:182} INFO - Started process (PID=229) to work on /home/airflow/.local/lib/python3.6/site-packages/airflow/example_dags/example_complex.py
[2022-07-10 08:36:17,420] {scheduler_job.py:629} INFO - Processing file /home/airflow/.local/lib/python3.6/site-packages/airflow/example_dags/example_complex.py for tasks to queue
[2022-07-10 08:36:17,420] {logging_mixin.py:104} INFO - [2022-07-10 08:36:17,420] {dagbag.py:451} INFO - Filling up the DagBag from /home/airflow/.local/lib/python3.6/site-packages/airflow/example_dags/example_complex.py
[2022-07-10 08:36:17,432] {scheduler_job.py:639} INFO - DAG(s) dict_keys(['example_complex']) retrieved from /home/airflow/.local/lib/python3.6/site-packages/airflow/example_dags/example_complex.py
[2022-07-10 08:36:17,448] {logging_mixin.py:104} INFO - [2022-07-10 08:36:17,448] {dag.py:1824} INFO - Sync 1 DAGs
[2022-07-10 08:36:17,457] {logging_mixin.py:104} INFO - [2022-07-10 08:36:17,457] {dag.py:2280} INFO - Setting next_dagrun for example_complex to None
[2022-07-10 08:36:17,463] {scheduler_job.py:190} INFO - Processing /home/airflow/.local/lib/python3.6/site-packages/airflow/example_dags/example_complex.py took 0.045 seconds
[2022-07-10 08:36:48,256] {scheduler_job.py:182} INFO - Started process (PID=255) to work on /home/airflow/.local/lib/python3.6/site-packages/airflow/example_dags/example_complex.py
[2022-07-10 08:36:48,257] {scheduler_job.py:629} INFO - Processing file /home/airflow/.local/lib/python3.6/site-packages/airflow/example_dags/example_complex.py for tasks to queue
[2022-07-10 08:36:48,257] {logging_mixin.py:104} INFO - [2022-07-10 08:36:48,257] {dagbag.py:451} INFO - Filling up the DagBag from /home/airflow/.local/lib/python3.6/site-packages/airflow/example_dags/example_complex.py
[2022-07-10 08:36:48,270] {scheduler_job.py:639} INFO - DAG(s) dict_keys(['example_complex']) retrieved from /home/airflow/.local/lib/python3.6/site-packages/airflow/example_dags/example_complex.py
[2022-07-10 08:36:48,286] {logging_mixin.py:104} INFO - [2022-07-10 08:36:48,286] {dag.py:1824} INFO - Sync 1 DAGs
[2022-07-10 08:36:48,294] {logging_mixin.py:104} INFO - [2022-07-10 08:36:48,294] {dag.py:2280} INFO - Setting next_dagrun for example_complex to None
[2022-07-10 08:36:48,301] {scheduler_job.py:190} INFO - Processing /home/airflow/.local/lib/python3.6/site-packages/airflow/example_dags/example_complex.py took 0.046 seconds
[2022-07-10 08:37:19,236] {scheduler_job.py:182} INFO - Started process (PID=281) to work on /home/airflow/.local/lib/python3.6/site-packages/airflow/example_dags/example_complex.py
[2022-07-10 08:37:19,237] {scheduler_job.py:629} INFO - Processing file /home/airflow/.local/lib/python3.6/site-packages/airflow/example_dags/example_complex.py for tasks to queue
[2022-07-10 08:37:19,237] {logging_mixin.py:104} INFO - [2022-07-10 08:37:19,237] {dagbag.py:451} INFO - Filling up the DagBag from /home/airflow/.local/lib/python3.6/site-packages/airflow/example_dags/example_complex.py
[2022-07-10 08:37:19,250] {scheduler_job.py:639} INFO - DAG(s) dict_keys(['example_complex']) retrieved from /home/airflow/.local/lib/python3.6/site-packages/airflow/example_dags/example_complex.py
[2022-07-10 08:37:19,266] {logging_mixin.py:104} INFO - [2022-07-10 08:37:19,266] {dag.py:1824} INFO - Sync 1 DAGs
[2022-07-10 08:37:19,275] {logging_mixin.py:104} INFO - [2022-07-10 08:37:19,275] {dag.py:2280} INFO - Setting next_dagrun for example_complex to None
[2022-07-10 08:37:19,281] {scheduler_job.py:190} INFO - Processing /home/airflow/.local/lib/python3.6/site-packages/airflow/example_dags/example_complex.py took 0.046 seconds
[2022-07-10 08:37:50,090] {scheduler_job.py:182} INFO - Started process (PID=307) to work on /home/airflow/.local/lib/python3.6/site-packages/airflow/example_dags/example_complex.py
[2022-07-10 08:37:50,091] {scheduler_job.py:629} INFO - Processing file /home/airflow/.local/lib/python3.6/site-packages/airflow/example_dags/example_complex.py for tasks to queue
[2022-07-10 08:37:50,091] {logging_mixin.py:104} INFO - [2022-07-10 08:37:50,091] {dagbag.py:451} INFO - Filling up the DagBag from /home/airflow/.local/lib/python3.6/site-packages/airflow/example_dags/example_complex.py
[2022-07-10 08:37:50,103] {scheduler_job.py:639} INFO - DAG(s) dict_keys(['example_complex']) retrieved from /home/airflow/.local/lib/python3.6/site-packages/airflow/example_dags/example_complex.py
[2022-07-10 08:37:50,118] {logging_mixin.py:104} INFO - [2022-07-10 08:37:50,118] {dag.py:1824} INFO - Sync 1 DAGs
[2022-07-10 08:37:50,127] {logging_mixin.py:104} INFO - [2022-07-10 08:37:50,127] {dag.py:2280} INFO - Setting next_dagrun for example_complex to None
[2022-07-10 08:37:50,133] {scheduler_job.py:190} INFO - Processing /home/airflow/.local/lib/python3.6/site-packages/airflow/example_dags/example_complex.py took 0.045 seconds
[2022-07-10 08:38:20,979] {scheduler_job.py:182} INFO - Started process (PID=333) to work on /home/airflow/.local/lib/python3.6/site-packages/airflow/example_dags/example_complex.py
[2022-07-10 08:38:20,980] {scheduler_job.py:629} INFO - Processing file /home/airflow/.local/lib/python3.6/site-packages/airflow/example_dags/example_complex.py for tasks to queue
[2022-07-10 08:38:20,981] {logging_mixin.py:104} INFO - [2022-07-10 08:38:20,981] {dagbag.py:451} INFO - Filling up the DagBag from /home/airflow/.local/lib/python3.6/site-packages/airflow/example_dags/example_complex.py
[2022-07-10 08:38:20,993] {scheduler_job.py:639} INFO - DAG(s) dict_keys(['example_complex']) retrieved from /home/airflow/.local/lib/python3.6/site-packages/airflow/example_dags/example_complex.py
[2022-07-10 08:38:21,010] {logging_mixin.py:104} INFO - [2022-07-10 08:38:21,010] {dag.py:1824} INFO - Sync 1 DAGs
[2022-07-10 08:38:21,019] {logging_mixin.py:104} INFO - [2022-07-10 08:38:21,019] {dag.py:2280} INFO - Setting next_dagrun for example_complex to None
[2022-07-10 08:38:21,025] {scheduler_job.py:190} INFO - Processing /home/airflow/.local/lib/python3.6/site-packages/airflow/example_dags/example_complex.py took 0.048 seconds
[2022-07-10 08:38:51,937] {scheduler_job.py:182} INFO - Started process (PID=359) to work on /home/airflow/.local/lib/python3.6/site-packages/airflow/example_dags/example_complex.py
[2022-07-10 08:38:51,937] {scheduler_job.py:629} INFO - Processing file /home/airflow/.local/lib/python3.6/site-packages/airflow/example_dags/example_complex.py for tasks to queue
[2022-07-10 08:38:51,938] {logging_mixin.py:104} INFO - [2022-07-10 08:38:51,938] {dagbag.py:451} INFO - Filling up the DagBag from /home/airflow/.local/lib/python3.6/site-packages/airflow/example_dags/example_complex.py
[2022-07-10 08:38:51,950] {scheduler_job.py:639} INFO - DAG(s) dict_keys(['example_complex']) retrieved from /home/airflow/.local/lib/python3.6/site-packages/airflow/example_dags/example_complex.py
[2022-07-10 08:38:51,966] {logging_mixin.py:104} INFO - [2022-07-10 08:38:51,966] {dag.py:1824} INFO - Sync 1 DAGs
[2022-07-10 08:38:51,974] {logging_mixin.py:104} INFO - [2022-07-10 08:38:51,974] {dag.py:2280} INFO - Setting next_dagrun for example_complex to None
[2022-07-10 08:38:51,980] {scheduler_job.py:190} INFO - Processing /home/airflow/.local/lib/python3.6/site-packages/airflow/example_dags/example_complex.py took 0.045 seconds
[2022-07-10 08:39:22,797] {scheduler_job.py:182} INFO - Started process (PID=385) to work on /home/airflow/.local/lib/python3.6/site-packages/airflow/example_dags/example_complex.py
[2022-07-10 08:39:22,798] {scheduler_job.py:629} INFO - Processing file /home/airflow/.local/lib/python3.6/site-packages/airflow/example_dags/example_complex.py for tasks to queue
[2022-07-10 08:39:22,799] {logging_mixin.py:104} INFO - [2022-07-10 08:39:22,798] {dagbag.py:451} INFO - Filling up the DagBag from /home/airflow/.local/lib/python3.6/site-packages/airflow/example_dags/example_complex.py
[2022-07-10 08:39:22,812] {scheduler_job.py:639} INFO - DAG(s) dict_keys(['example_complex']) retrieved from /home/airflow/.local/lib/python3.6/site-packages/airflow/example_dags/example_complex.py
[2022-07-10 08:39:22,829] {logging_mixin.py:104} INFO - [2022-07-10 08:39:22,829] {dag.py:1824} INFO - Sync 1 DAGs
[2022-07-10 08:39:22,838] {logging_mixin.py:104} INFO - [2022-07-10 08:39:22,837] {dag.py:2280} INFO - Setting next_dagrun for example_complex to None
[2022-07-10 08:39:22,845] {scheduler_job.py:190} INFO - Processing /home/airflow/.local/lib/python3.6/site-packages/airflow/example_dags/example_complex.py took 0.049 seconds
[2022-07-10 08:39:53,663] {scheduler_job.py:182} INFO - Started process (PID=411) to work on /home/airflow/.local/lib/python3.6/site-packages/airflow/example_dags/example_complex.py
[2022-07-10 08:39:53,667] {scheduler_job.py:629} INFO - Processing file /home/airflow/.local/lib/python3.6/site-packages/airflow/example_dags/example_complex.py for tasks to queue
[2022-07-10 08:39:53,668] {logging_mixin.py:104} INFO - [2022-07-10 08:39:53,668] {dagbag.py:451} INFO - Filling up the DagBag from /home/airflow/.local/lib/python3.6/site-packages/airflow/example_dags/example_complex.py
[2022-07-10 08:39:53,678] {scheduler_job.py:639} INFO - DAG(s) dict_keys(['example_complex']) retrieved from /home/airflow/.local/lib/python3.6/site-packages/airflow/example_dags/example_complex.py
[2022-07-10 08:39:53,693] {logging_mixin.py:104} INFO - [2022-07-10 08:39:53,693] {dag.py:1824} INFO - Sync 1 DAGs
[2022-07-10 08:39:53,703] {logging_mixin.py:104} INFO - [2022-07-10 08:39:53,702] {dag.py:2280} INFO - Setting next_dagrun for example_complex to None
[2022-07-10 08:39:53,708] {scheduler_job.py:190} INFO - Processing /home/airflow/.local/lib/python3.6/site-packages/airflow/example_dags/example_complex.py took 0.047 seconds
[2022-07-10 08:40:24,479] {scheduler_job.py:182} INFO - Started process (PID=437) to work on /home/airflow/.local/lib/python3.6/site-packages/airflow/example_dags/example_complex.py
[2022-07-10 08:40:24,479] {scheduler_job.py:629} INFO - Processing file /home/airflow/.local/lib/python3.6/site-packages/airflow/example_dags/example_complex.py for tasks to queue
[2022-07-10 08:40:24,480] {logging_mixin.py:104} INFO - [2022-07-10 08:40:24,480] {dagbag.py:451} INFO - Filling up the DagBag from /home/airflow/.local/lib/python3.6/site-packages/airflow/example_dags/example_complex.py
[2022-07-10 08:40:24,490] {scheduler_job.py:639} INFO - DAG(s) dict_keys(['example_complex']) retrieved from /home/airflow/.local/lib/python3.6/site-packages/airflow/example_dags/example_complex.py
[2022-07-10 08:40:24,506] {logging_mixin.py:104} INFO - [2022-07-10 08:40:24,506] {dag.py:1824} INFO - Sync 1 DAGs
[2022-07-10 08:40:24,514] {logging_mixin.py:104} INFO - [2022-07-10 08:40:24,514] {dag.py:2280} INFO - Setting next_dagrun for example_complex to None
[2022-07-10 08:40:24,521] {scheduler_job.py:190} INFO - Processing /home/airflow/.local/lib/python3.6/site-packages/airflow/example_dags/example_complex.py took 0.044 seconds
[2022-07-10 08:40:55,323] {scheduler_job.py:182} INFO - Started process (PID=463) to work on /home/airflow/.local/lib/python3.6/site-packages/airflow/example_dags/example_complex.py
[2022-07-10 08:40:55,324] {scheduler_job.py:629} INFO - Processing file /home/airflow/.local/lib/python3.6/site-packages/airflow/example_dags/example_complex.py for tasks to queue
[2022-07-10 08:40:55,324] {logging_mixin.py:104} INFO - [2022-07-10 08:40:55,324] {dagbag.py:451} INFO - Filling up the DagBag from /home/airflow/.local/lib/python3.6/site-packages/airflow/example_dags/example_complex.py
[2022-07-10 08:40:55,335] {scheduler_job.py:639} INFO - DAG(s) dict_keys(['example_complex']) retrieved from /home/airflow/.local/lib/python3.6/site-packages/airflow/example_dags/example_complex.py
[2022-07-10 08:40:55,350] {logging_mixin.py:104} INFO - [2022-07-10 08:40:55,350] {dag.py:1824} INFO - Sync 1 DAGs
[2022-07-10 08:40:55,359] {logging_mixin.py:104} INFO - [2022-07-10 08:40:55,359] {dag.py:2280} INFO - Setting next_dagrun for example_complex to None
[2022-07-10 08:40:55,365] {scheduler_job.py:190} INFO - Processing /home/airflow/.local/lib/python3.6/site-packages/airflow/example_dags/example_complex.py took 0.044 seconds
[2022-07-10 08:41:26,106] {scheduler_job.py:182} INFO - Started process (PID=489) to work on /home/airflow/.local/lib/python3.6/site-packages/airflow/example_dags/example_complex.py
[2022-07-10 08:41:26,107] {scheduler_job.py:629} INFO - Processing file /home/airflow/.local/lib/python3.6/site-packages/airflow/example_dags/example_complex.py for tasks to queue
[2022-07-10 08:41:26,107] {logging_mixin.py:104} INFO - [2022-07-10 08:41:26,107] {dagbag.py:451} INFO - Filling up the DagBag from /home/airflow/.local/lib/python3.6/site-packages/airflow/example_dags/example_complex.py
[2022-07-10 08:41:26,117] {scheduler_job.py:639} INFO - DAG(s) dict_keys(['example_complex']) retrieved from /home/airflow/.local/lib/python3.6/site-packages/airflow/example_dags/example_complex.py
[2022-07-10 08:41:26,134] {logging_mixin.py:104} INFO - [2022-07-10 08:41:26,134] {dag.py:1824} INFO - Sync 1 DAGs
[2022-07-10 08:41:26,143] {logging_mixin.py:104} INFO - [2022-07-10 08:41:26,143] {dag.py:2280} INFO - Setting next_dagrun for example_complex to None
[2022-07-10 08:41:26,149] {scheduler_job.py:190} INFO - Processing /home/airflow/.local/lib/python3.6/site-packages/airflow/example_dags/example_complex.py took 0.045 seconds
[2022-07-10 08:41:56,919] {scheduler_job.py:182} INFO - Started process (PID=515) to work on /home/airflow/.local/lib/python3.6/site-packages/airflow/example_dags/example_complex.py
[2022-07-10 08:41:56,920] {scheduler_job.py:629} INFO - Processing file /home/airflow/.local/lib/python3.6/site-packages/airflow/example_dags/example_complex.py for tasks to queue
[2022-07-10 08:41:56,920] {logging_mixin.py:104} INFO - [2022-07-10 08:41:56,920] {dagbag.py:451} INFO - Filling up the DagBag from /home/airflow/.local/lib/python3.6/site-packages/airflow/example_dags/example_complex.py
[2022-07-10 08:41:56,931] {scheduler_job.py:639} INFO - DAG(s) dict_keys(['example_complex']) retrieved from /home/airflow/.local/lib/python3.6/site-packages/airflow/example_dags/example_complex.py
[2022-07-10 08:41:56,946] {logging_mixin.py:104} INFO - [2022-07-10 08:41:56,946] {dag.py:1824} INFO - Sync 1 DAGs
[2022-07-10 08:41:56,954] {logging_mixin.py:104} INFO - [2022-07-10 08:41:56,954] {dag.py:2280} INFO - Setting next_dagrun for example_complex to None
[2022-07-10 08:41:56,960] {scheduler_job.py:190} INFO - Processing /home/airflow/.local/lib/python3.6/site-packages/airflow/example_dags/example_complex.py took 0.043 seconds
[2022-07-10 08:42:27,776] {scheduler_job.py:182} INFO - Started process (PID=541) to work on /home/airflow/.local/lib/python3.6/site-packages/airflow/example_dags/example_complex.py
[2022-07-10 08:42:27,777] {scheduler_job.py:629} INFO - Processing file /home/airflow/.local/lib/python3.6/site-packages/airflow/example_dags/example_complex.py for tasks to queue
[2022-07-10 08:42:27,778] {logging_mixin.py:104} INFO - [2022-07-10 08:42:27,778] {dagbag.py:451} INFO - Filling up the DagBag from /home/airflow/.local/lib/python3.6/site-packages/airflow/example_dags/example_complex.py
[2022-07-10 08:42:27,788] {scheduler_job.py:639} INFO - DAG(s) dict_keys(['example_complex']) retrieved from /home/airflow/.local/lib/python3.6/site-packages/airflow/example_dags/example_complex.py
[2022-07-10 08:42:27,804] {logging_mixin.py:104} INFO - [2022-07-10 08:42:27,804] {dag.py:1824} INFO - Sync 1 DAGs
[2022-07-10 08:42:27,812] {logging_mixin.py:104} INFO - [2022-07-10 08:42:27,812] {dag.py:2280} INFO - Setting next_dagrun for example_complex to None
[2022-07-10 08:42:27,818] {scheduler_job.py:190} INFO - Processing /home/airflow/.local/lib/python3.6/site-packages/airflow/example_dags/example_complex.py took 0.043 seconds
[2022-07-10 08:42:58,565] {scheduler_job.py:182} INFO - Started process (PID=567) to work on /home/airflow/.local/lib/python3.6/site-packages/airflow/example_dags/example_complex.py
[2022-07-10 08:42:58,566] {scheduler_job.py:629} INFO - Processing file /home/airflow/.local/lib/python3.6/site-packages/airflow/example_dags/example_complex.py for tasks to queue
[2022-07-10 08:42:58,566] {logging_mixin.py:104} INFO - [2022-07-10 08:42:58,566] {dagbag.py:451} INFO - Filling up the DagBag from /home/airflow/.local/lib/python3.6/site-packages/airflow/example_dags/example_complex.py
[2022-07-10 08:42:58,577] {scheduler_job.py:639} INFO - DAG(s) dict_keys(['example_complex']) retrieved from /home/airflow/.local/lib/python3.6/site-packages/airflow/example_dags/example_complex.py
[2022-07-10 08:42:58,593] {logging_mixin.py:104} INFO - [2022-07-10 08:42:58,593] {dag.py:1824} INFO - Sync 1 DAGs
[2022-07-10 08:42:58,602] {logging_mixin.py:104} INFO - [2022-07-10 08:42:58,602] {dag.py:2280} INFO - Setting next_dagrun for example_complex to None
[2022-07-10 08:42:58,609] {scheduler_job.py:190} INFO - Processing /home/airflow/.local/lib/python3.6/site-packages/airflow/example_dags/example_complex.py took 0.045 seconds
[2022-07-10 08:43:29,377] {scheduler_job.py:182} INFO - Started process (PID=593) to work on /home/airflow/.local/lib/python3.6/site-packages/airflow/example_dags/example_complex.py
[2022-07-10 08:43:29,377] {scheduler_job.py:629} INFO - Processing file /home/airflow/.local/lib/python3.6/site-packages/airflow/example_dags/example_complex.py for tasks to queue
[2022-07-10 08:43:29,378] {logging_mixin.py:104} INFO - [2022-07-10 08:43:29,378] {dagbag.py:451} INFO - Filling up the DagBag from /home/airflow/.local/lib/python3.6/site-packages/airflow/example_dags/example_complex.py
[2022-07-10 08:43:29,389] {scheduler_job.py:639} INFO - DAG(s) dict_keys(['example_complex']) retrieved from /home/airflow/.local/lib/python3.6/site-packages/airflow/example_dags/example_complex.py
[2022-07-10 08:43:29,405] {logging_mixin.py:104} INFO - [2022-07-10 08:43:29,405] {dag.py:1824} INFO - Sync 1 DAGs
[2022-07-10 08:43:29,413] {logging_mixin.py:104} INFO - [2022-07-10 08:43:29,413] {dag.py:2280} INFO - Setting next_dagrun for example_complex to None
[2022-07-10 08:43:29,419] {scheduler_job.py:190} INFO - Processing /home/airflow/.local/lib/python3.6/site-packages/airflow/example_dags/example_complex.py took 0.045 seconds
[2022-07-10 08:44:00,168] {scheduler_job.py:182} INFO - Started process (PID=619) to work on /home/airflow/.local/lib/python3.6/site-packages/airflow/example_dags/example_complex.py
[2022-07-10 08:44:00,169] {scheduler_job.py:629} INFO - Processing file /home/airflow/.local/lib/python3.6/site-packages/airflow/example_dags/example_complex.py for tasks to queue
[2022-07-10 08:44:00,169] {logging_mixin.py:104} INFO - [2022-07-10 08:44:00,169] {dagbag.py:451} INFO - Filling up the DagBag from /home/airflow/.local/lib/python3.6/site-packages/airflow/example_dags/example_complex.py
[2022-07-10 08:44:00,181] {scheduler_job.py:639} INFO - DAG(s) dict_keys(['example_complex']) retrieved from /home/airflow/.local/lib/python3.6/site-packages/airflow/example_dags/example_complex.py
[2022-07-10 08:44:00,197] {logging_mixin.py:104} INFO - [2022-07-10 08:44:00,197] {dag.py:1824} INFO - Sync 1 DAGs
[2022-07-10 08:44:00,206] {logging_mixin.py:104} INFO - [2022-07-10 08:44:00,206] {dag.py:2280} INFO - Setting next_dagrun for example_complex to None
[2022-07-10 08:44:00,212] {scheduler_job.py:190} INFO - Processing /home/airflow/.local/lib/python3.6/site-packages/airflow/example_dags/example_complex.py took 0.046 seconds
[2022-07-10 08:44:30,958] {scheduler_job.py:182} INFO - Started process (PID=645) to work on /home/airflow/.local/lib/python3.6/site-packages/airflow/example_dags/example_complex.py
[2022-07-10 08:44:30,959] {scheduler_job.py:629} INFO - Processing file /home/airflow/.local/lib/python3.6/site-packages/airflow/example_dags/example_complex.py for tasks to queue
[2022-07-10 08:44:30,960] {logging_mixin.py:104} INFO - [2022-07-10 08:44:30,960] {dagbag.py:451} INFO - Filling up the DagBag from /home/airflow/.local/lib/python3.6/site-packages/airflow/example_dags/example_complex.py
[2022-07-10 08:44:30,970] {scheduler_job.py:639} INFO - DAG(s) dict_keys(['example_complex']) retrieved from /home/airflow/.local/lib/python3.6/site-packages/airflow/example_dags/example_complex.py
[2022-07-10 08:44:30,985] {logging_mixin.py:104} INFO - [2022-07-10 08:44:30,985] {dag.py:1824} INFO - Sync 1 DAGs
[2022-07-10 08:44:30,994] {logging_mixin.py:104} INFO - [2022-07-10 08:44:30,994] {dag.py:2280} INFO - Setting next_dagrun for example_complex to None
[2022-07-10 08:44:31,000] {scheduler_job.py:190} INFO - Processing /home/airflow/.local/lib/python3.6/site-packages/airflow/example_dags/example_complex.py took 0.043 seconds
[2022-07-10 08:45:01,764] {scheduler_job.py:182} INFO - Started process (PID=671) to work on /home/airflow/.local/lib/python3.6/site-packages/airflow/example_dags/example_complex.py
[2022-07-10 08:45:01,766] {scheduler_job.py:629} INFO - Processing file /home/airflow/.local/lib/python3.6/site-packages/airflow/example_dags/example_complex.py for tasks to queue
[2022-07-10 08:45:01,766] {logging_mixin.py:104} INFO - [2022-07-10 08:45:01,766] {dagbag.py:451} INFO - Filling up the DagBag from /home/airflow/.local/lib/python3.6/site-packages/airflow/example_dags/example_complex.py
[2022-07-10 08:45:01,777] {scheduler_job.py:639} INFO - DAG(s) dict_keys(['example_complex']) retrieved from /home/airflow/.local/lib/python3.6/site-packages/airflow/example_dags/example_complex.py
[2022-07-10 08:45:01,792] {logging_mixin.py:104} INFO - [2022-07-10 08:45:01,792] {dag.py:1824} INFO - Sync 1 DAGs
[2022-07-10 08:45:01,801] {logging_mixin.py:104} INFO - [2022-07-10 08:45:01,801] {dag.py:2280} INFO - Setting next_dagrun for example_complex to None
[2022-07-10 08:45:01,807] {scheduler_job.py:190} INFO - Processing /home/airflow/.local/lib/python3.6/site-packages/airflow/example_dags/example_complex.py took 0.045 seconds
[2022-07-10 08:45:32,513] {scheduler_job.py:182} INFO - Started process (PID=697) to work on /home/airflow/.local/lib/python3.6/site-packages/airflow/example_dags/example_complex.py
[2022-07-10 08:45:32,513] {scheduler_job.py:629} INFO - Processing file /home/airflow/.local/lib/python3.6/site-packages/airflow/example_dags/example_complex.py for tasks to queue
[2022-07-10 08:45:32,514] {logging_mixin.py:104} INFO - [2022-07-10 08:45:32,514] {dagbag.py:451} INFO - Filling up the DagBag from /home/airflow/.local/lib/python3.6/site-packages/airflow/example_dags/example_complex.py
[2022-07-10 08:45:32,525] {scheduler_job.py:639} INFO - DAG(s) dict_keys(['example_complex']) retrieved from /home/airflow/.local/lib/python3.6/site-packages/airflow/example_dags/example_complex.py
[2022-07-10 08:45:32,541] {logging_mixin.py:104} INFO - [2022-07-10 08:45:32,541] {dag.py:1824} INFO - Sync 1 DAGs
[2022-07-10 08:45:32,550] {logging_mixin.py:104} INFO - [2022-07-10 08:45:32,550] {dag.py:2280} INFO - Setting next_dagrun for example_complex to None
[2022-07-10 08:45:32,557] {scheduler_job.py:190} INFO - Processing /home/airflow/.local/lib/python3.6/site-packages/airflow/example_dags/example_complex.py took 0.045 seconds
[2022-07-10 08:46:03,379] {scheduler_job.py:182} INFO - Started process (PID=723) to work on /home/airflow/.local/lib/python3.6/site-packages/airflow/example_dags/example_complex.py
[2022-07-10 08:46:03,380] {scheduler_job.py:629} INFO - Processing file /home/airflow/.local/lib/python3.6/site-packages/airflow/example_dags/example_complex.py for tasks to queue
[2022-07-10 08:46:03,380] {logging_mixin.py:104} INFO - [2022-07-10 08:46:03,380] {dagbag.py:451} INFO - Filling up the DagBag from /home/airflow/.local/lib/python3.6/site-packages/airflow/example_dags/example_complex.py
[2022-07-10 08:46:03,390] {scheduler_job.py:639} INFO - DAG(s) dict_keys(['example_complex']) retrieved from /home/airflow/.local/lib/python3.6/site-packages/airflow/example_dags/example_complex.py
[2022-07-10 08:46:03,406] {logging_mixin.py:104} INFO - [2022-07-10 08:46:03,406] {dag.py:1824} INFO - Sync 1 DAGs
[2022-07-10 08:46:03,416] {logging_mixin.py:104} INFO - [2022-07-10 08:46:03,416] {dag.py:2280} INFO - Setting next_dagrun for example_complex to None
[2022-07-10 08:46:03,423] {scheduler_job.py:190} INFO - Processing /home/airflow/.local/lib/python3.6/site-packages/airflow/example_dags/example_complex.py took 0.046 seconds
[2022-07-10 08:46:34,196] {scheduler_job.py:182} INFO - Started process (PID=749) to work on /home/airflow/.local/lib/python3.6/site-packages/airflow/example_dags/example_complex.py
[2022-07-10 08:46:34,197] {scheduler_job.py:629} INFO - Processing file /home/airflow/.local/lib/python3.6/site-packages/airflow/example_dags/example_complex.py for tasks to queue
[2022-07-10 08:46:34,197] {logging_mixin.py:104} INFO - [2022-07-10 08:46:34,197] {dagbag.py:451} INFO - Filling up the DagBag from /home/airflow/.local/lib/python3.6/site-packages/airflow/example_dags/example_complex.py
[2022-07-10 08:46:34,208] {scheduler_job.py:639} INFO - DAG(s) dict_keys(['example_complex']) retrieved from /home/airflow/.local/lib/python3.6/site-packages/airflow/example_dags/example_complex.py
[2022-07-10 08:46:34,222] {logging_mixin.py:104} INFO - [2022-07-10 08:46:34,222] {dag.py:1824} INFO - Sync 1 DAGs
[2022-07-10 08:46:34,231] {logging_mixin.py:104} INFO - [2022-07-10 08:46:34,231] {dag.py:2280} INFO - Setting next_dagrun for example_complex to None
[2022-07-10 08:46:34,237] {scheduler_job.py:190} INFO - Processing /home/airflow/.local/lib/python3.6/site-packages/airflow/example_dags/example_complex.py took 0.043 seconds
[2022-07-10 08:47:05,076] {scheduler_job.py:182} INFO - Started process (PID=775) to work on /home/airflow/.local/lib/python3.6/site-packages/airflow/example_dags/example_complex.py
[2022-07-10 08:47:05,077] {scheduler_job.py:629} INFO - Processing file /home/airflow/.local/lib/python3.6/site-packages/airflow/example_dags/example_complex.py for tasks to queue
[2022-07-10 08:47:05,077] {logging_mixin.py:104} INFO - [2022-07-10 08:47:05,077] {dagbag.py:451} INFO - Filling up the DagBag from /home/airflow/.local/lib/python3.6/site-packages/airflow/example_dags/example_complex.py
[2022-07-10 08:47:05,088] {scheduler_job.py:639} INFO - DAG(s) dict_keys(['example_complex']) retrieved from /home/airflow/.local/lib/python3.6/site-packages/airflow/example_dags/example_complex.py
[2022-07-10 08:47:05,103] {logging_mixin.py:104} INFO - [2022-07-10 08:47:05,103] {dag.py:1824} INFO - Sync 1 DAGs
[2022-07-10 08:47:05,111] {logging_mixin.py:104} INFO - [2022-07-10 08:47:05,111] {dag.py:2280} INFO - Setting next_dagrun for example_complex to None
[2022-07-10 08:47:05,117] {scheduler_job.py:190} INFO - Processing /home/airflow/.local/lib/python3.6/site-packages/airflow/example_dags/example_complex.py took 0.043 seconds
[2022-07-10 08:47:36,030] {scheduler_job.py:182} INFO - Started process (PID=801) to work on /home/airflow/.local/lib/python3.6/site-packages/airflow/example_dags/example_complex.py
[2022-07-10 08:47:36,031] {scheduler_job.py:629} INFO - Processing file /home/airflow/.local/lib/python3.6/site-packages/airflow/example_dags/example_complex.py for tasks to queue
[2022-07-10 08:47:36,031] {logging_mixin.py:104} INFO - [2022-07-10 08:47:36,031] {dagbag.py:451} INFO - Filling up the DagBag from /home/airflow/.local/lib/python3.6/site-packages/airflow/example_dags/example_complex.py
[2022-07-10 08:47:36,045] {scheduler_job.py:639} INFO - DAG(s) dict_keys(['example_complex']) retrieved from /home/airflow/.local/lib/python3.6/site-packages/airflow/example_dags/example_complex.py
[2022-07-10 08:47:36,062] {logging_mixin.py:104} INFO - [2022-07-10 08:47:36,062] {dag.py:1824} INFO - Sync 1 DAGs
[2022-07-10 08:47:36,071] {logging_mixin.py:104} INFO - [2022-07-10 08:47:36,071] {dag.py:2280} INFO - Setting next_dagrun for example_complex to None
[2022-07-10 08:47:36,078] {scheduler_job.py:190} INFO - Processing /home/airflow/.local/lib/python3.6/site-packages/airflow/example_dags/example_complex.py took 0.049 seconds
[2022-07-10 08:48:06,840] {scheduler_job.py:182} INFO - Started process (PID=827) to work on /home/airflow/.local/lib/python3.6/site-packages/airflow/example_dags/example_complex.py
[2022-07-10 08:48:06,841] {scheduler_job.py:629} INFO - Processing file /home/airflow/.local/lib/python3.6/site-packages/airflow/example_dags/example_complex.py for tasks to queue
[2022-07-10 08:48:06,842] {logging_mixin.py:104} INFO - [2022-07-10 08:48:06,842] {dagbag.py:451} INFO - Filling up the DagBag from /home/airflow/.local/lib/python3.6/site-packages/airflow/example_dags/example_complex.py
[2022-07-10 08:48:06,853] {scheduler_job.py:639} INFO - DAG(s) dict_keys(['example_complex']) retrieved from /home/airflow/.local/lib/python3.6/site-packages/airflow/example_dags/example_complex.py
[2022-07-10 08:48:06,875] {logging_mixin.py:104} INFO - [2022-07-10 08:48:06,875] {dag.py:1824} INFO - Sync 1 DAGs
[2022-07-10 08:48:06,887] {logging_mixin.py:104} INFO - [2022-07-10 08:48:06,886] {dag.py:2280} INFO - Setting next_dagrun for example_complex to None
[2022-07-10 08:48:06,894] {scheduler_job.py:190} INFO - Processing /home/airflow/.local/lib/python3.6/site-packages/airflow/example_dags/example_complex.py took 0.055 seconds
[2022-07-10 08:48:37,600] {scheduler_job.py:182} INFO - Started process (PID=853) to work on /home/airflow/.local/lib/python3.6/site-packages/airflow/example_dags/example_complex.py
[2022-07-10 08:48:37,601] {scheduler_job.py:629} INFO - Processing file /home/airflow/.local/lib/python3.6/site-packages/airflow/example_dags/example_complex.py for tasks to queue
[2022-07-10 08:48:37,602] {logging_mixin.py:104} INFO - [2022-07-10 08:48:37,602] {dagbag.py:451} INFO - Filling up the DagBag from /home/airflow/.local/lib/python3.6/site-packages/airflow/example_dags/example_complex.py
[2022-07-10 08:48:37,612] {scheduler_job.py:639} INFO - DAG(s) dict_keys(['example_complex']) retrieved from /home/airflow/.local/lib/python3.6/site-packages/airflow/example_dags/example_complex.py
[2022-07-10 08:48:37,628] {logging_mixin.py:104} INFO - [2022-07-10 08:48:37,628] {dag.py:1824} INFO - Sync 1 DAGs
[2022-07-10 08:48:37,637] {logging_mixin.py:104} INFO - [2022-07-10 08:48:37,637] {dag.py:2280} INFO - Setting next_dagrun for example_complex to None
[2022-07-10 08:48:37,644] {scheduler_job.py:190} INFO - Processing /home/airflow/.local/lib/python3.6/site-packages/airflow/example_dags/example_complex.py took 0.045 seconds
[2022-07-10 08:49:08,525] {scheduler_job.py:182} INFO - Started process (PID=879) to work on /home/airflow/.local/lib/python3.6/site-packages/airflow/example_dags/example_complex.py
[2022-07-10 08:49:08,526] {scheduler_job.py:629} INFO - Processing file /home/airflow/.local/lib/python3.6/site-packages/airflow/example_dags/example_complex.py for tasks to queue
[2022-07-10 08:49:08,527] {logging_mixin.py:104} INFO - [2022-07-10 08:49:08,527] {dagbag.py:451} INFO - Filling up the DagBag from /home/airflow/.local/lib/python3.6/site-packages/airflow/example_dags/example_complex.py
[2022-07-10 08:49:08,537] {scheduler_job.py:639} INFO - DAG(s) dict_keys(['example_complex']) retrieved from /home/airflow/.local/lib/python3.6/site-packages/airflow/example_dags/example_complex.py
[2022-07-10 08:49:08,553] {logging_mixin.py:104} INFO - [2022-07-10 08:49:08,553] {dag.py:1824} INFO - Sync 1 DAGs
[2022-07-10 08:49:08,562] {logging_mixin.py:104} INFO - [2022-07-10 08:49:08,562] {dag.py:2280} INFO - Setting next_dagrun for example_complex to None
[2022-07-10 08:49:08,569] {scheduler_job.py:190} INFO - Processing /home/airflow/.local/lib/python3.6/site-packages/airflow/example_dags/example_complex.py took 0.045 seconds
[2022-07-10 08:49:39,343] {scheduler_job.py:182} INFO - Started process (PID=905) to work on /home/airflow/.local/lib/python3.6/site-packages/airflow/example_dags/example_complex.py
[2022-07-10 08:49:39,344] {scheduler_job.py:629} INFO - Processing file /home/airflow/.local/lib/python3.6/site-packages/airflow/example_dags/example_complex.py for tasks to queue
[2022-07-10 08:49:39,344] {logging_mixin.py:104} INFO - [2022-07-10 08:49:39,344] {dagbag.py:451} INFO - Filling up the DagBag from /home/airflow/.local/lib/python3.6/site-packages/airflow/example_dags/example_complex.py
[2022-07-10 08:49:39,355] {scheduler_job.py:639} INFO - DAG(s) dict_keys(['example_complex']) retrieved from /home/airflow/.local/lib/python3.6/site-packages/airflow/example_dags/example_complex.py
[2022-07-10 08:49:39,370] {logging_mixin.py:104} INFO - [2022-07-10 08:49:39,370] {dag.py:1824} INFO - Sync 1 DAGs
[2022-07-10 08:49:39,378] {logging_mixin.py:104} INFO - [2022-07-10 08:49:39,378] {dag.py:2280} INFO - Setting next_dagrun for example_complex to None
[2022-07-10 08:49:39,385] {scheduler_job.py:190} INFO - Processing /home/airflow/.local/lib/python3.6/site-packages/airflow/example_dags/example_complex.py took 0.043 seconds
[2022-07-10 08:50:10,125] {scheduler_job.py:182} INFO - Started process (PID=931) to work on /home/airflow/.local/lib/python3.6/site-packages/airflow/example_dags/example_complex.py
[2022-07-10 08:50:10,126] {scheduler_job.py:629} INFO - Processing file /home/airflow/.local/lib/python3.6/site-packages/airflow/example_dags/example_complex.py for tasks to queue
[2022-07-10 08:50:10,126] {logging_mixin.py:104} INFO - [2022-07-10 08:50:10,126] {dagbag.py:451} INFO - Filling up the DagBag from /home/airflow/.local/lib/python3.6/site-packages/airflow/example_dags/example_complex.py
[2022-07-10 08:50:10,137] {scheduler_job.py:639} INFO - DAG(s) dict_keys(['example_complex']) retrieved from /home/airflow/.local/lib/python3.6/site-packages/airflow/example_dags/example_complex.py
[2022-07-10 08:50:10,152] {logging_mixin.py:104} INFO - [2022-07-10 08:50:10,152] {dag.py:1824} INFO - Sync 1 DAGs
[2022-07-10 08:50:10,160] {logging_mixin.py:104} INFO - [2022-07-10 08:50:10,160] {dag.py:2280} INFO - Setting next_dagrun for example_complex to None
[2022-07-10 08:50:10,166] {scheduler_job.py:190} INFO - Processing /home/airflow/.local/lib/python3.6/site-packages/airflow/example_dags/example_complex.py took 0.043 seconds
[2022-07-10 08:50:40,978] {scheduler_job.py:182} INFO - Started process (PID=957) to work on /home/airflow/.local/lib/python3.6/site-packages/airflow/example_dags/example_complex.py
[2022-07-10 08:50:40,979] {scheduler_job.py:629} INFO - Processing file /home/airflow/.local/lib/python3.6/site-packages/airflow/example_dags/example_complex.py for tasks to queue
[2022-07-10 08:50:40,979] {logging_mixin.py:104} INFO - [2022-07-10 08:50:40,979] {dagbag.py:451} INFO - Filling up the DagBag from /home/airflow/.local/lib/python3.6/site-packages/airflow/example_dags/example_complex.py
[2022-07-10 08:50:40,990] {scheduler_job.py:639} INFO - DAG(s) dict_keys(['example_complex']) retrieved from /home/airflow/.local/lib/python3.6/site-packages/airflow/example_dags/example_complex.py
[2022-07-10 08:50:41,004] {logging_mixin.py:104} INFO - [2022-07-10 08:50:41,004] {dag.py:1824} INFO - Sync 1 DAGs
[2022-07-10 08:50:41,013] {logging_mixin.py:104} INFO - [2022-07-10 08:50:41,013] {dag.py:2280} INFO - Setting next_dagrun for example_complex to None
[2022-07-10 08:50:41,019] {scheduler_job.py:190} INFO - Processing /home/airflow/.local/lib/python3.6/site-packages/airflow/example_dags/example_complex.py took 0.043 seconds
[2022-07-10 08:51:11,776] {scheduler_job.py:182} INFO - Started process (PID=983) to work on /home/airflow/.local/lib/python3.6/site-packages/airflow/example_dags/example_complex.py
[2022-07-10 08:51:11,777] {scheduler_job.py:629} INFO - Processing file /home/airflow/.local/lib/python3.6/site-packages/airflow/example_dags/example_complex.py for tasks to queue
[2022-07-10 08:51:11,778] {logging_mixin.py:104} INFO - [2022-07-10 08:51:11,778] {dagbag.py:451} INFO - Filling up the DagBag from /home/airflow/.local/lib/python3.6/site-packages/airflow/example_dags/example_complex.py
[2022-07-10 08:51:11,788] {scheduler_job.py:639} INFO - DAG(s) dict_keys(['example_complex']) retrieved from /home/airflow/.local/lib/python3.6/site-packages/airflow/example_dags/example_complex.py
[2022-07-10 08:51:11,803] {logging_mixin.py:104} INFO - [2022-07-10 08:51:11,803] {dag.py:1824} INFO - Sync 1 DAGs
[2022-07-10 08:51:11,812] {logging_mixin.py:104} INFO - [2022-07-10 08:51:11,812] {dag.py:2280} INFO - Setting next_dagrun for example_complex to None
[2022-07-10 08:51:11,818] {scheduler_job.py:190} INFO - Processing /home/airflow/.local/lib/python3.6/site-packages/airflow/example_dags/example_complex.py took 0.045 seconds
[2022-07-10 08:51:42,631] {scheduler_job.py:182} INFO - Started process (PID=1009) to work on /home/airflow/.local/lib/python3.6/site-packages/airflow/example_dags/example_complex.py
[2022-07-10 08:51:42,631] {scheduler_job.py:629} INFO - Processing file /home/airflow/.local/lib/python3.6/site-packages/airflow/example_dags/example_complex.py for tasks to queue
[2022-07-10 08:51:42,632] {logging_mixin.py:104} INFO - [2022-07-10 08:51:42,632] {dagbag.py:451} INFO - Filling up the DagBag from /home/airflow/.local/lib/python3.6/site-packages/airflow/example_dags/example_complex.py
[2022-07-10 08:51:42,643] {scheduler_job.py:639} INFO - DAG(s) dict_keys(['example_complex']) retrieved from /home/airflow/.local/lib/python3.6/site-packages/airflow/example_dags/example_complex.py
[2022-07-10 08:51:42,658] {logging_mixin.py:104} INFO - [2022-07-10 08:51:42,658] {dag.py:1824} INFO - Sync 1 DAGs
[2022-07-10 08:51:42,666] {logging_mixin.py:104} INFO - [2022-07-10 08:51:42,666] {dag.py:2280} INFO - Setting next_dagrun for example_complex to None
[2022-07-10 08:51:42,672] {scheduler_job.py:190} INFO - Processing /home/airflow/.local/lib/python3.6/site-packages/airflow/example_dags/example_complex.py took 0.043 seconds
[2022-07-10 08:52:13,408] {scheduler_job.py:182} INFO - Started process (PID=1035) to work on /home/airflow/.local/lib/python3.6/site-packages/airflow/example_dags/example_complex.py
[2022-07-10 08:52:13,408] {scheduler_job.py:629} INFO - Processing file /home/airflow/.local/lib/python3.6/site-packages/airflow/example_dags/example_complex.py for tasks to queue
[2022-07-10 08:52:13,409] {logging_mixin.py:104} INFO - [2022-07-10 08:52:13,409] {dagbag.py:451} INFO - Filling up the DagBag from /home/airflow/.local/lib/python3.6/site-packages/airflow/example_dags/example_complex.py
[2022-07-10 08:52:13,420] {scheduler_job.py:639} INFO - DAG(s) dict_keys(['example_complex']) retrieved from /home/airflow/.local/lib/python3.6/site-packages/airflow/example_dags/example_complex.py
[2022-07-10 08:52:13,436] {logging_mixin.py:104} INFO - [2022-07-10 08:52:13,436] {dag.py:1824} INFO - Sync 1 DAGs
[2022-07-10 08:52:13,445] {logging_mixin.py:104} INFO - [2022-07-10 08:52:13,445] {dag.py:2280} INFO - Setting next_dagrun for example_complex to None
[2022-07-10 08:52:13,451] {scheduler_job.py:190} INFO - Processing /home/airflow/.local/lib/python3.6/site-packages/airflow/example_dags/example_complex.py took 0.045 seconds
[2022-07-10 08:52:44,293] {scheduler_job.py:182} INFO - Started process (PID=1061) to work on /home/airflow/.local/lib/python3.6/site-packages/airflow/example_dags/example_complex.py
[2022-07-10 08:52:44,294] {scheduler_job.py:629} INFO - Processing file /home/airflow/.local/lib/python3.6/site-packages/airflow/example_dags/example_complex.py for tasks to queue
[2022-07-10 08:52:44,294] {logging_mixin.py:104} INFO - [2022-07-10 08:52:44,294] {dagbag.py:451} INFO - Filling up the DagBag from /home/airflow/.local/lib/python3.6/site-packages/airflow/example_dags/example_complex.py
[2022-07-10 08:52:44,305] {scheduler_job.py:639} INFO - DAG(s) dict_keys(['example_complex']) retrieved from /home/airflow/.local/lib/python3.6/site-packages/airflow/example_dags/example_complex.py
[2022-07-10 08:52:44,320] {logging_mixin.py:104} INFO - [2022-07-10 08:52:44,319] {dag.py:1824} INFO - Sync 1 DAGs
[2022-07-10 08:52:44,328] {logging_mixin.py:104} INFO - [2022-07-10 08:52:44,328] {dag.py:2280} INFO - Setting next_dagrun for example_complex to None
[2022-07-10 08:52:44,335] {scheduler_job.py:190} INFO - Processing /home/airflow/.local/lib/python3.6/site-packages/airflow/example_dags/example_complex.py took 0.043 seconds
[2022-07-10 08:53:15,156] {scheduler_job.py:182} INFO - Started process (PID=1087) to work on /home/airflow/.local/lib/python3.6/site-packages/airflow/example_dags/example_complex.py
[2022-07-10 08:53:15,157] {scheduler_job.py:629} INFO - Processing file /home/airflow/.local/lib/python3.6/site-packages/airflow/example_dags/example_complex.py for tasks to queue
[2022-07-10 08:53:15,157] {logging_mixin.py:104} INFO - [2022-07-10 08:53:15,157] {dagbag.py:451} INFO - Filling up the DagBag from /home/airflow/.local/lib/python3.6/site-packages/airflow/example_dags/example_complex.py
[2022-07-10 08:53:15,168] {scheduler_job.py:639} INFO - DAG(s) dict_keys(['example_complex']) retrieved from /home/airflow/.local/lib/python3.6/site-packages/airflow/example_dags/example_complex.py
[2022-07-10 08:53:15,184] {logging_mixin.py:104} INFO - [2022-07-10 08:53:15,184] {dag.py:1824} INFO - Sync 1 DAGs
[2022-07-10 08:53:15,193] {logging_mixin.py:104} INFO - [2022-07-10 08:53:15,193] {dag.py:2280} INFO - Setting next_dagrun for example_complex to None
[2022-07-10 08:53:15,199] {scheduler_job.py:190} INFO - Processing /home/airflow/.local/lib/python3.6/site-packages/airflow/example_dags/example_complex.py took 0.045 seconds
[2022-07-10 08:53:46,031] {scheduler_job.py:182} INFO - Started process (PID=1113) to work on /home/airflow/.local/lib/python3.6/site-packages/airflow/example_dags/example_complex.py
[2022-07-10 08:53:46,031] {scheduler_job.py:629} INFO - Processing file /home/airflow/.local/lib/python3.6/site-packages/airflow/example_dags/example_complex.py for tasks to queue
[2022-07-10 08:53:46,032] {logging_mixin.py:104} INFO - [2022-07-10 08:53:46,032] {dagbag.py:451} INFO - Filling up the DagBag from /home/airflow/.local/lib/python3.6/site-packages/airflow/example_dags/example_complex.py
[2022-07-10 08:53:46,044] {scheduler_job.py:639} INFO - DAG(s) dict_keys(['example_complex']) retrieved from /home/airflow/.local/lib/python3.6/site-packages/airflow/example_dags/example_complex.py
[2022-07-10 08:53:46,059] {logging_mixin.py:104} INFO - [2022-07-10 08:53:46,059] {dag.py:1824} INFO - Sync 1 DAGs
[2022-07-10 08:53:46,067] {logging_mixin.py:104} INFO - [2022-07-10 08:53:46,067] {dag.py:2280} INFO - Setting next_dagrun for example_complex to None
[2022-07-10 08:53:46,074] {scheduler_job.py:190} INFO - Processing /home/airflow/.local/lib/python3.6/site-packages/airflow/example_dags/example_complex.py took 0.045 seconds
[2022-07-10 08:54:16,914] {scheduler_job.py:182} INFO - Started process (PID=1139) to work on /home/airflow/.local/lib/python3.6/site-packages/airflow/example_dags/example_complex.py
[2022-07-10 08:54:16,915] {scheduler_job.py:629} INFO - Processing file /home/airflow/.local/lib/python3.6/site-packages/airflow/example_dags/example_complex.py for tasks to queue
[2022-07-10 08:54:16,916] {logging_mixin.py:104} INFO - [2022-07-10 08:54:16,916] {dagbag.py:451} INFO - Filling up the DagBag from /home/airflow/.local/lib/python3.6/site-packages/airflow/example_dags/example_complex.py
[2022-07-10 08:54:16,926] {scheduler_job.py:639} INFO - DAG(s) dict_keys(['example_complex']) retrieved from /home/airflow/.local/lib/python3.6/site-packages/airflow/example_dags/example_complex.py
[2022-07-10 08:54:16,942] {logging_mixin.py:104} INFO - [2022-07-10 08:54:16,942] {dag.py:1824} INFO - Sync 1 DAGs
[2022-07-10 08:54:16,952] {logging_mixin.py:104} INFO - [2022-07-10 08:54:16,952] {dag.py:2280} INFO - Setting next_dagrun for example_complex to None
[2022-07-10 08:54:16,959] {scheduler_job.py:190} INFO - Processing /home/airflow/.local/lib/python3.6/site-packages/airflow/example_dags/example_complex.py took 0.047 seconds
[2022-07-10 08:54:47,766] {scheduler_job.py:182} INFO - Started process (PID=1165) to work on /home/airflow/.local/lib/python3.6/site-packages/airflow/example_dags/example_complex.py
[2022-07-10 08:54:47,768] {scheduler_job.py:629} INFO - Processing file /home/airflow/.local/lib/python3.6/site-packages/airflow/example_dags/example_complex.py for tasks to queue
[2022-07-10 08:54:47,768] {logging_mixin.py:104} INFO - [2022-07-10 08:54:47,768] {dagbag.py:451} INFO - Filling up the DagBag from /home/airflow/.local/lib/python3.6/site-packages/airflow/example_dags/example_complex.py
[2022-07-10 08:54:47,779] {scheduler_job.py:639} INFO - DAG(s) dict_keys(['example_complex']) retrieved from /home/airflow/.local/lib/python3.6/site-packages/airflow/example_dags/example_complex.py
[2022-07-10 08:54:47,795] {logging_mixin.py:104} INFO - [2022-07-10 08:54:47,795] {dag.py:1824} INFO - Sync 1 DAGs
[2022-07-10 08:54:47,805] {logging_mixin.py:104} INFO - [2022-07-10 08:54:47,804] {dag.py:2280} INFO - Setting next_dagrun for example_complex to None
[2022-07-10 08:54:47,811] {scheduler_job.py:190} INFO - Processing /home/airflow/.local/lib/python3.6/site-packages/airflow/example_dags/example_complex.py took 0.046 seconds
[2022-07-10 08:55:18,646] {scheduler_job.py:182} INFO - Started process (PID=1191) to work on /home/airflow/.local/lib/python3.6/site-packages/airflow/example_dags/example_complex.py
[2022-07-10 08:55:18,647] {scheduler_job.py:629} INFO - Processing file /home/airflow/.local/lib/python3.6/site-packages/airflow/example_dags/example_complex.py for tasks to queue
[2022-07-10 08:55:18,647] {logging_mixin.py:104} INFO - [2022-07-10 08:55:18,647] {dagbag.py:451} INFO - Filling up the DagBag from /home/airflow/.local/lib/python3.6/site-packages/airflow/example_dags/example_complex.py
[2022-07-10 08:55:18,658] {scheduler_job.py:639} INFO - DAG(s) dict_keys(['example_complex']) retrieved from /home/airflow/.local/lib/python3.6/site-packages/airflow/example_dags/example_complex.py
[2022-07-10 08:55:18,675] {logging_mixin.py:104} INFO - [2022-07-10 08:55:18,675] {dag.py:1824} INFO - Sync 1 DAGs
[2022-07-10 08:55:18,685] {logging_mixin.py:104} INFO - [2022-07-10 08:55:18,685] {dag.py:2280} INFO - Setting next_dagrun for example_complex to None
[2022-07-10 08:55:18,692] {scheduler_job.py:190} INFO - Processing /home/airflow/.local/lib/python3.6/site-packages/airflow/example_dags/example_complex.py took 0.048 seconds
[2022-07-10 08:55:49,594] {scheduler_job.py:182} INFO - Started process (PID=1217) to work on /home/airflow/.local/lib/python3.6/site-packages/airflow/example_dags/example_complex.py
[2022-07-10 08:55:49,595] {scheduler_job.py:629} INFO - Processing file /home/airflow/.local/lib/python3.6/site-packages/airflow/example_dags/example_complex.py for tasks to queue
[2022-07-10 08:55:49,595] {logging_mixin.py:104} INFO - [2022-07-10 08:55:49,595] {dagbag.py:451} INFO - Filling up the DagBag from /home/airflow/.local/lib/python3.6/site-packages/airflow/example_dags/example_complex.py
[2022-07-10 08:55:49,606] {scheduler_job.py:639} INFO - DAG(s) dict_keys(['example_complex']) retrieved from /home/airflow/.local/lib/python3.6/site-packages/airflow/example_dags/example_complex.py
[2022-07-10 08:55:49,621] {logging_mixin.py:104} INFO - [2022-07-10 08:55:49,621] {dag.py:1824} INFO - Sync 1 DAGs
[2022-07-10 08:55:49,631] {logging_mixin.py:104} INFO - [2022-07-10 08:55:49,631] {dag.py:2280} INFO - Setting next_dagrun for example_complex to None
[2022-07-10 08:55:49,637] {scheduler_job.py:190} INFO - Processing /home/airflow/.local/lib/python3.6/site-packages/airflow/example_dags/example_complex.py took 0.045 seconds
[2022-07-10 08:56:20,635] {scheduler_job.py:182} INFO - Started process (PID=1243) to work on /home/airflow/.local/lib/python3.6/site-packages/airflow/example_dags/example_complex.py
[2022-07-10 08:56:20,636] {scheduler_job.py:629} INFO - Processing file /home/airflow/.local/lib/python3.6/site-packages/airflow/example_dags/example_complex.py for tasks to queue
[2022-07-10 08:56:20,638] {logging_mixin.py:104} INFO - [2022-07-10 08:56:20,637] {dagbag.py:451} INFO - Filling up the DagBag from /home/airflow/.local/lib/python3.6/site-packages/airflow/example_dags/example_complex.py
[2022-07-10 08:56:20,651] {scheduler_job.py:639} INFO - DAG(s) dict_keys(['example_complex']) retrieved from /home/airflow/.local/lib/python3.6/site-packages/airflow/example_dags/example_complex.py
[2022-07-10 08:56:20,669] {logging_mixin.py:104} INFO - [2022-07-10 08:56:20,669] {dag.py:1824} INFO - Sync 1 DAGs
[2022-07-10 08:56:20,681] {logging_mixin.py:104} INFO - [2022-07-10 08:56:20,680] {dag.py:2280} INFO - Setting next_dagrun for example_complex to None
[2022-07-10 08:56:20,688] {scheduler_job.py:190} INFO - Processing /home/airflow/.local/lib/python3.6/site-packages/airflow/example_dags/example_complex.py took 0.055 seconds
[2022-07-10 08:56:51,505] {scheduler_job.py:182} INFO - Started process (PID=1269) to work on /home/airflow/.local/lib/python3.6/site-packages/airflow/example_dags/example_complex.py
[2022-07-10 08:56:51,506] {scheduler_job.py:629} INFO - Processing file /home/airflow/.local/lib/python3.6/site-packages/airflow/example_dags/example_complex.py for tasks to queue
[2022-07-10 08:56:51,506] {logging_mixin.py:104} INFO - [2022-07-10 08:56:51,506] {dagbag.py:451} INFO - Filling up the DagBag from /home/airflow/.local/lib/python3.6/site-packages/airflow/example_dags/example_complex.py
[2022-07-10 08:56:51,517] {scheduler_job.py:639} INFO - DAG(s) dict_keys(['example_complex']) retrieved from /home/airflow/.local/lib/python3.6/site-packages/airflow/example_dags/example_complex.py
[2022-07-10 08:56:51,533] {logging_mixin.py:104} INFO - [2022-07-10 08:56:51,533] {dag.py:1824} INFO - Sync 1 DAGs
[2022-07-10 08:56:51,542] {logging_mixin.py:104} INFO - [2022-07-10 08:56:51,542] {dag.py:2280} INFO - Setting next_dagrun for example_complex to None
[2022-07-10 08:56:51,549] {scheduler_job.py:190} INFO - Processing /home/airflow/.local/lib/python3.6/site-packages/airflow/example_dags/example_complex.py took 0.046 seconds
[2022-07-10 08:57:22,381] {scheduler_job.py:182} INFO - Started process (PID=1295) to work on /home/airflow/.local/lib/python3.6/site-packages/airflow/example_dags/example_complex.py
[2022-07-10 08:57:22,382] {scheduler_job.py:629} INFO - Processing file /home/airflow/.local/lib/python3.6/site-packages/airflow/example_dags/example_complex.py for tasks to queue
[2022-07-10 08:57:22,383] {logging_mixin.py:104} INFO - [2022-07-10 08:57:22,383] {dagbag.py:451} INFO - Filling up the DagBag from /home/airflow/.local/lib/python3.6/site-packages/airflow/example_dags/example_complex.py
[2022-07-10 08:57:22,393] {scheduler_job.py:639} INFO - DAG(s) dict_keys(['example_complex']) retrieved from /home/airflow/.local/lib/python3.6/site-packages/airflow/example_dags/example_complex.py
[2022-07-10 08:57:22,410] {logging_mixin.py:104} INFO - [2022-07-10 08:57:22,410] {dag.py:1824} INFO - Sync 1 DAGs
[2022-07-10 08:57:22,419] {logging_mixin.py:104} INFO - [2022-07-10 08:57:22,419] {dag.py:2280} INFO - Setting next_dagrun for example_complex to None
[2022-07-10 08:57:22,426] {scheduler_job.py:190} INFO - Processing /home/airflow/.local/lib/python3.6/site-packages/airflow/example_dags/example_complex.py took 0.046 seconds
[2022-07-10 08:57:53,260] {scheduler_job.py:182} INFO - Started process (PID=1321) to work on /home/airflow/.local/lib/python3.6/site-packages/airflow/example_dags/example_complex.py
[2022-07-10 08:57:53,261] {scheduler_job.py:629} INFO - Processing file /home/airflow/.local/lib/python3.6/site-packages/airflow/example_dags/example_complex.py for tasks to queue
[2022-07-10 08:57:53,261] {logging_mixin.py:104} INFO - [2022-07-10 08:57:53,261] {dagbag.py:451} INFO - Filling up the DagBag from /home/airflow/.local/lib/python3.6/site-packages/airflow/example_dags/example_complex.py
[2022-07-10 08:57:53,273] {scheduler_job.py:639} INFO - DAG(s) dict_keys(['example_complex']) retrieved from /home/airflow/.local/lib/python3.6/site-packages/airflow/example_dags/example_complex.py
[2022-07-10 08:57:53,292] {logging_mixin.py:104} INFO - [2022-07-10 08:57:53,292] {dag.py:1824} INFO - Sync 1 DAGs
[2022-07-10 08:57:53,302] {logging_mixin.py:104} INFO - [2022-07-10 08:57:53,302] {dag.py:2280} INFO - Setting next_dagrun for example_complex to None
[2022-07-10 08:57:53,309] {scheduler_job.py:190} INFO - Processing /home/airflow/.local/lib/python3.6/site-packages/airflow/example_dags/example_complex.py took 0.050 seconds
[2022-07-10 08:58:24,274] {scheduler_job.py:182} INFO - Started process (PID=1347) to work on /home/airflow/.local/lib/python3.6/site-packages/airflow/example_dags/example_complex.py
[2022-07-10 08:58:24,274] {scheduler_job.py:629} INFO - Processing file /home/airflow/.local/lib/python3.6/site-packages/airflow/example_dags/example_complex.py for tasks to queue
[2022-07-10 08:58:24,275] {logging_mixin.py:104} INFO - [2022-07-10 08:58:24,275] {dagbag.py:451} INFO - Filling up the DagBag from /home/airflow/.local/lib/python3.6/site-packages/airflow/example_dags/example_complex.py
[2022-07-10 08:58:24,287] {scheduler_job.py:639} INFO - DAG(s) dict_keys(['example_complex']) retrieved from /home/airflow/.local/lib/python3.6/site-packages/airflow/example_dags/example_complex.py
[2022-07-10 08:58:24,304] {logging_mixin.py:104} INFO - [2022-07-10 08:58:24,304] {dag.py:1824} INFO - Sync 1 DAGs
[2022-07-10 08:58:24,314] {logging_mixin.py:104} INFO - [2022-07-10 08:58:24,314] {dag.py:2280} INFO - Setting next_dagrun for example_complex to None
[2022-07-10 08:58:24,322] {scheduler_job.py:190} INFO - Processing /home/airflow/.local/lib/python3.6/site-packages/airflow/example_dags/example_complex.py took 0.050 seconds
[2022-07-10 08:58:55,122] {scheduler_job.py:182} INFO - Started process (PID=1373) to work on /home/airflow/.local/lib/python3.6/site-packages/airflow/example_dags/example_complex.py
[2022-07-10 08:58:55,123] {scheduler_job.py:629} INFO - Processing file /home/airflow/.local/lib/python3.6/site-packages/airflow/example_dags/example_complex.py for tasks to queue
[2022-07-10 08:58:55,124] {logging_mixin.py:104} INFO - [2022-07-10 08:58:55,124] {dagbag.py:451} INFO - Filling up the DagBag from /home/airflow/.local/lib/python3.6/site-packages/airflow/example_dags/example_complex.py
[2022-07-10 08:58:55,135] {scheduler_job.py:639} INFO - DAG(s) dict_keys(['example_complex']) retrieved from /home/airflow/.local/lib/python3.6/site-packages/airflow/example_dags/example_complex.py
[2022-07-10 08:58:55,152] {logging_mixin.py:104} INFO - [2022-07-10 08:58:55,152] {dag.py:1824} INFO - Sync 1 DAGs
[2022-07-10 08:58:55,162] {logging_mixin.py:104} INFO - [2022-07-10 08:58:55,162] {dag.py:2280} INFO - Setting next_dagrun for example_complex to None
[2022-07-10 08:58:55,169] {scheduler_job.py:190} INFO - Processing /home/airflow/.local/lib/python3.6/site-packages/airflow/example_dags/example_complex.py took 0.049 seconds
[2022-07-10 08:59:25,877] {scheduler_job.py:182} INFO - Started process (PID=1399) to work on /home/airflow/.local/lib/python3.6/site-packages/airflow/example_dags/example_complex.py
[2022-07-10 08:59:25,878] {scheduler_job.py:629} INFO - Processing file /home/airflow/.local/lib/python3.6/site-packages/airflow/example_dags/example_complex.py for tasks to queue
[2022-07-10 08:59:25,878] {logging_mixin.py:104} INFO - [2022-07-10 08:59:25,878] {dagbag.py:451} INFO - Filling up the DagBag from /home/airflow/.local/lib/python3.6/site-packages/airflow/example_dags/example_complex.py
[2022-07-10 08:59:25,890] {scheduler_job.py:639} INFO - DAG(s) dict_keys(['example_complex']) retrieved from /home/airflow/.local/lib/python3.6/site-packages/airflow/example_dags/example_complex.py
[2022-07-10 08:59:25,908] {logging_mixin.py:104} INFO - [2022-07-10 08:59:25,908] {dag.py:1824} INFO - Sync 1 DAGs
[2022-07-10 08:59:25,918] {logging_mixin.py:104} INFO - [2022-07-10 08:59:25,918] {dag.py:2280} INFO - Setting next_dagrun for example_complex to None
[2022-07-10 08:59:25,926] {scheduler_job.py:190} INFO - Processing /home/airflow/.local/lib/python3.6/site-packages/airflow/example_dags/example_complex.py took 0.050 seconds
[2022-07-10 08:59:56,746] {scheduler_job.py:182} INFO - Started process (PID=1425) to work on /home/airflow/.local/lib/python3.6/site-packages/airflow/example_dags/example_complex.py
[2022-07-10 08:59:56,747] {scheduler_job.py:629} INFO - Processing file /home/airflow/.local/lib/python3.6/site-packages/airflow/example_dags/example_complex.py for tasks to queue
[2022-07-10 08:59:56,747] {logging_mixin.py:104} INFO - [2022-07-10 08:59:56,747] {dagbag.py:451} INFO - Filling up the DagBag from /home/airflow/.local/lib/python3.6/site-packages/airflow/example_dags/example_complex.py
[2022-07-10 08:59:56,759] {scheduler_job.py:639} INFO - DAG(s) dict_keys(['example_complex']) retrieved from /home/airflow/.local/lib/python3.6/site-packages/airflow/example_dags/example_complex.py
[2022-07-10 08:59:56,776] {logging_mixin.py:104} INFO - [2022-07-10 08:59:56,776] {dag.py:1824} INFO - Sync 1 DAGs
[2022-07-10 08:59:56,786] {logging_mixin.py:104} INFO - [2022-07-10 08:59:56,786] {dag.py:2280} INFO - Setting next_dagrun for example_complex to None
[2022-07-10 08:59:56,793] {scheduler_job.py:190} INFO - Processing /home/airflow/.local/lib/python3.6/site-packages/airflow/example_dags/example_complex.py took 0.049 seconds
[2022-07-10 09:00:27,515] {scheduler_job.py:182} INFO - Started process (PID=1451) to work on /home/airflow/.local/lib/python3.6/site-packages/airflow/example_dags/example_complex.py
[2022-07-10 09:00:27,516] {scheduler_job.py:629} INFO - Processing file /home/airflow/.local/lib/python3.6/site-packages/airflow/example_dags/example_complex.py for tasks to queue
[2022-07-10 09:00:27,517] {logging_mixin.py:104} INFO - [2022-07-10 09:00:27,517] {dagbag.py:451} INFO - Filling up the DagBag from /home/airflow/.local/lib/python3.6/site-packages/airflow/example_dags/example_complex.py
[2022-07-10 09:00:27,528] {scheduler_job.py:639} INFO - DAG(s) dict_keys(['example_complex']) retrieved from /home/airflow/.local/lib/python3.6/site-packages/airflow/example_dags/example_complex.py
[2022-07-10 09:00:27,547] {logging_mixin.py:104} INFO - [2022-07-10 09:00:27,546] {dag.py:1824} INFO - Sync 1 DAGs
[2022-07-10 09:00:27,558] {logging_mixin.py:104} INFO - [2022-07-10 09:00:27,558] {dag.py:2280} INFO - Setting next_dagrun for example_complex to None
[2022-07-10 09:00:27,566] {scheduler_job.py:190} INFO - Processing /home/airflow/.local/lib/python3.6/site-packages/airflow/example_dags/example_complex.py took 0.052 seconds
[2022-07-10 09:00:58,344] {scheduler_job.py:182} INFO - Started process (PID=1477) to work on /home/airflow/.local/lib/python3.6/site-packages/airflow/example_dags/example_complex.py
[2022-07-10 09:00:58,345] {scheduler_job.py:629} INFO - Processing file /home/airflow/.local/lib/python3.6/site-packages/airflow/example_dags/example_complex.py for tasks to queue
[2022-07-10 09:00:58,345] {logging_mixin.py:104} INFO - [2022-07-10 09:00:58,345] {dagbag.py:451} INFO - Filling up the DagBag from /home/airflow/.local/lib/python3.6/site-packages/airflow/example_dags/example_complex.py
[2022-07-10 09:00:58,355] {scheduler_job.py:639} INFO - DAG(s) dict_keys(['example_complex']) retrieved from /home/airflow/.local/lib/python3.6/site-packages/airflow/example_dags/example_complex.py
[2022-07-10 09:00:58,371] {logging_mixin.py:104} INFO - [2022-07-10 09:00:58,371] {dag.py:1824} INFO - Sync 1 DAGs
[2022-07-10 09:00:58,380] {logging_mixin.py:104} INFO - [2022-07-10 09:00:58,380] {dag.py:2280} INFO - Setting next_dagrun for example_complex to None
[2022-07-10 09:00:58,387] {scheduler_job.py:190} INFO - Processing /home/airflow/.local/lib/python3.6/site-packages/airflow/example_dags/example_complex.py took 0.045 seconds
[2022-07-10 09:03:55,198] {scheduler_job.py:182} INFO - Started process (PID=57) to work on /home/airflow/.local/lib/python3.6/site-packages/airflow/example_dags/example_complex.py
[2022-07-10 09:03:55,199] {scheduler_job.py:629} INFO - Processing file /home/airflow/.local/lib/python3.6/site-packages/airflow/example_dags/example_complex.py for tasks to queue
[2022-07-10 09:03:55,200] {logging_mixin.py:104} INFO - [2022-07-10 09:03:55,200] {dagbag.py:451} INFO - Filling up the DagBag from /home/airflow/.local/lib/python3.6/site-packages/airflow/example_dags/example_complex.py
[2022-07-10 09:03:55,213] {scheduler_job.py:639} INFO - DAG(s) dict_keys(['example_complex']) retrieved from /home/airflow/.local/lib/python3.6/site-packages/airflow/example_dags/example_complex.py
[2022-07-10 09:03:55,239] {logging_mixin.py:104} INFO - [2022-07-10 09:03:55,239] {dag.py:1824} INFO - Sync 1 DAGs
[2022-07-10 09:03:55,250] {logging_mixin.py:104} INFO - [2022-07-10 09:03:55,250] {dag.py:2280} INFO - Setting next_dagrun for example_complex to None
[2022-07-10 09:03:55,258] {scheduler_job.py:190} INFO - Processing /home/airflow/.local/lib/python3.6/site-packages/airflow/example_dags/example_complex.py took 0.062 seconds
[2022-07-10 09:04:26,061] {scheduler_job.py:182} INFO - Started process (PID=83) to work on /home/airflow/.local/lib/python3.6/site-packages/airflow/example_dags/example_complex.py
[2022-07-10 09:04:26,062] {scheduler_job.py:629} INFO - Processing file /home/airflow/.local/lib/python3.6/site-packages/airflow/example_dags/example_complex.py for tasks to queue
[2022-07-10 09:04:26,063] {logging_mixin.py:104} INFO - [2022-07-10 09:04:26,063] {dagbag.py:451} INFO - Filling up the DagBag from /home/airflow/.local/lib/python3.6/site-packages/airflow/example_dags/example_complex.py
[2022-07-10 09:04:26,073] {scheduler_job.py:639} INFO - DAG(s) dict_keys(['example_complex']) retrieved from /home/airflow/.local/lib/python3.6/site-packages/airflow/example_dags/example_complex.py
[2022-07-10 09:04:26,090] {logging_mixin.py:104} INFO - [2022-07-10 09:04:26,090] {dag.py:1824} INFO - Sync 1 DAGs
[2022-07-10 09:04:26,099] {logging_mixin.py:104} INFO - [2022-07-10 09:04:26,099] {dag.py:2280} INFO - Setting next_dagrun for example_complex to None
[2022-07-10 09:04:26,106] {scheduler_job.py:190} INFO - Processing /home/airflow/.local/lib/python3.6/site-packages/airflow/example_dags/example_complex.py took 0.046 seconds
[2022-07-10 09:04:56,909] {scheduler_job.py:182} INFO - Started process (PID=109) to work on /home/airflow/.local/lib/python3.6/site-packages/airflow/example_dags/example_complex.py
[2022-07-10 09:04:56,909] {scheduler_job.py:629} INFO - Processing file /home/airflow/.local/lib/python3.6/site-packages/airflow/example_dags/example_complex.py for tasks to queue
[2022-07-10 09:04:56,910] {logging_mixin.py:104} INFO - [2022-07-10 09:04:56,910] {dagbag.py:451} INFO - Filling up the DagBag from /home/airflow/.local/lib/python3.6/site-packages/airflow/example_dags/example_complex.py
[2022-07-10 09:04:56,921] {scheduler_job.py:639} INFO - DAG(s) dict_keys(['example_complex']) retrieved from /home/airflow/.local/lib/python3.6/site-packages/airflow/example_dags/example_complex.py
[2022-07-10 09:04:56,938] {logging_mixin.py:104} INFO - [2022-07-10 09:04:56,938] {dag.py:1824} INFO - Sync 1 DAGs
[2022-07-10 09:04:56,947] {logging_mixin.py:104} INFO - [2022-07-10 09:04:56,947] {dag.py:2280} INFO - Setting next_dagrun for example_complex to None
[2022-07-10 09:04:56,955] {scheduler_job.py:190} INFO - Processing /home/airflow/.local/lib/python3.6/site-packages/airflow/example_dags/example_complex.py took 0.048 seconds
[2022-07-10 09:05:27,718] {scheduler_job.py:182} INFO - Started process (PID=135) to work on /home/airflow/.local/lib/python3.6/site-packages/airflow/example_dags/example_complex.py
[2022-07-10 09:05:27,719] {scheduler_job.py:629} INFO - Processing file /home/airflow/.local/lib/python3.6/site-packages/airflow/example_dags/example_complex.py for tasks to queue
[2022-07-10 09:05:27,719] {logging_mixin.py:104} INFO - [2022-07-10 09:05:27,719] {dagbag.py:451} INFO - Filling up the DagBag from /home/airflow/.local/lib/python3.6/site-packages/airflow/example_dags/example_complex.py
[2022-07-10 09:05:27,729] {scheduler_job.py:639} INFO - DAG(s) dict_keys(['example_complex']) retrieved from /home/airflow/.local/lib/python3.6/site-packages/airflow/example_dags/example_complex.py
[2022-07-10 09:05:27,747] {logging_mixin.py:104} INFO - [2022-07-10 09:05:27,747] {dag.py:1824} INFO - Sync 1 DAGs
[2022-07-10 09:05:27,757] {logging_mixin.py:104} INFO - [2022-07-10 09:05:27,757] {dag.py:2280} INFO - Setting next_dagrun for example_complex to None
[2022-07-10 09:05:27,765] {scheduler_job.py:190} INFO - Processing /home/airflow/.local/lib/python3.6/site-packages/airflow/example_dags/example_complex.py took 0.049 seconds
[2022-07-10 09:05:58,550] {scheduler_job.py:182} INFO - Started process (PID=161) to work on /home/airflow/.local/lib/python3.6/site-packages/airflow/example_dags/example_complex.py
[2022-07-10 09:05:58,551] {scheduler_job.py:629} INFO - Processing file /home/airflow/.local/lib/python3.6/site-packages/airflow/example_dags/example_complex.py for tasks to queue
[2022-07-10 09:05:58,552] {logging_mixin.py:104} INFO - [2022-07-10 09:05:58,551] {dagbag.py:451} INFO - Filling up the DagBag from /home/airflow/.local/lib/python3.6/site-packages/airflow/example_dags/example_complex.py
[2022-07-10 09:05:58,563] {scheduler_job.py:639} INFO - DAG(s) dict_keys(['example_complex']) retrieved from /home/airflow/.local/lib/python3.6/site-packages/airflow/example_dags/example_complex.py
[2022-07-10 09:05:58,579] {logging_mixin.py:104} INFO - [2022-07-10 09:05:58,579] {dag.py:1824} INFO - Sync 1 DAGs
[2022-07-10 09:05:58,588] {logging_mixin.py:104} INFO - [2022-07-10 09:05:58,588] {dag.py:2280} INFO - Setting next_dagrun for example_complex to None
[2022-07-10 09:05:58,596] {scheduler_job.py:190} INFO - Processing /home/airflow/.local/lib/python3.6/site-packages/airflow/example_dags/example_complex.py took 0.047 seconds
[2022-07-10 09:06:29,392] {scheduler_job.py:182} INFO - Started process (PID=187) to work on /home/airflow/.local/lib/python3.6/site-packages/airflow/example_dags/example_complex.py
[2022-07-10 09:06:29,393] {scheduler_job.py:629} INFO - Processing file /home/airflow/.local/lib/python3.6/site-packages/airflow/example_dags/example_complex.py for tasks to queue
[2022-07-10 09:06:29,394] {logging_mixin.py:104} INFO - [2022-07-10 09:06:29,394] {dagbag.py:451} INFO - Filling up the DagBag from /home/airflow/.local/lib/python3.6/site-packages/airflow/example_dags/example_complex.py
[2022-07-10 09:06:29,406] {scheduler_job.py:639} INFO - DAG(s) dict_keys(['example_complex']) retrieved from /home/airflow/.local/lib/python3.6/site-packages/airflow/example_dags/example_complex.py
[2022-07-10 09:06:29,421] {logging_mixin.py:104} INFO - [2022-07-10 09:06:29,421] {dag.py:1824} INFO - Sync 1 DAGs
[2022-07-10 09:06:29,430] {logging_mixin.py:104} INFO - [2022-07-10 09:06:29,430] {dag.py:2280} INFO - Setting next_dagrun for example_complex to None
[2022-07-10 09:06:29,437] {scheduler_job.py:190} INFO - Processing /home/airflow/.local/lib/python3.6/site-packages/airflow/example_dags/example_complex.py took 0.047 seconds
[2022-07-10 09:07:00,181] {scheduler_job.py:182} INFO - Started process (PID=213) to work on /home/airflow/.local/lib/python3.6/site-packages/airflow/example_dags/example_complex.py
[2022-07-10 09:07:00,182] {scheduler_job.py:629} INFO - Processing file /home/airflow/.local/lib/python3.6/site-packages/airflow/example_dags/example_complex.py for tasks to queue
[2022-07-10 09:07:00,182] {logging_mixin.py:104} INFO - [2022-07-10 09:07:00,182] {dagbag.py:451} INFO - Filling up the DagBag from /home/airflow/.local/lib/python3.6/site-packages/airflow/example_dags/example_complex.py
[2022-07-10 09:07:00,194] {scheduler_job.py:639} INFO - DAG(s) dict_keys(['example_complex']) retrieved from /home/airflow/.local/lib/python3.6/site-packages/airflow/example_dags/example_complex.py
[2022-07-10 09:07:00,210] {logging_mixin.py:104} INFO - [2022-07-10 09:07:00,210] {dag.py:1824} INFO - Sync 1 DAGs
[2022-07-10 09:07:00,218] {logging_mixin.py:104} INFO - [2022-07-10 09:07:00,218] {dag.py:2280} INFO - Setting next_dagrun for example_complex to None
[2022-07-10 09:07:00,226] {scheduler_job.py:190} INFO - Processing /home/airflow/.local/lib/python3.6/site-packages/airflow/example_dags/example_complex.py took 0.046 seconds
[2022-07-10 09:07:31,020] {scheduler_job.py:182} INFO - Started process (PID=239) to work on /home/airflow/.local/lib/python3.6/site-packages/airflow/example_dags/example_complex.py
[2022-07-10 09:07:31,020] {scheduler_job.py:629} INFO - Processing file /home/airflow/.local/lib/python3.6/site-packages/airflow/example_dags/example_complex.py for tasks to queue
[2022-07-10 09:07:31,021] {logging_mixin.py:104} INFO - [2022-07-10 09:07:31,021] {dagbag.py:451} INFO - Filling up the DagBag from /home/airflow/.local/lib/python3.6/site-packages/airflow/example_dags/example_complex.py
[2022-07-10 09:07:31,034] {scheduler_job.py:639} INFO - DAG(s) dict_keys(['example_complex']) retrieved from /home/airflow/.local/lib/python3.6/site-packages/airflow/example_dags/example_complex.py
[2022-07-10 09:07:31,050] {logging_mixin.py:104} INFO - [2022-07-10 09:07:31,049] {dag.py:1824} INFO - Sync 1 DAGs
[2022-07-10 09:07:31,058] {logging_mixin.py:104} INFO - [2022-07-10 09:07:31,058] {dag.py:2280} INFO - Setting next_dagrun for example_complex to None
[2022-07-10 09:07:31,065] {scheduler_job.py:190} INFO - Processing /home/airflow/.local/lib/python3.6/site-packages/airflow/example_dags/example_complex.py took 0.047 seconds
[2022-07-10 09:08:01,800] {scheduler_job.py:182} INFO - Started process (PID=265) to work on /home/airflow/.local/lib/python3.6/site-packages/airflow/example_dags/example_complex.py
[2022-07-10 09:08:01,801] {scheduler_job.py:629} INFO - Processing file /home/airflow/.local/lib/python3.6/site-packages/airflow/example_dags/example_complex.py for tasks to queue
[2022-07-10 09:08:01,801] {logging_mixin.py:104} INFO - [2022-07-10 09:08:01,801] {dagbag.py:451} INFO - Filling up the DagBag from /home/airflow/.local/lib/python3.6/site-packages/airflow/example_dags/example_complex.py
[2022-07-10 09:08:01,814] {scheduler_job.py:639} INFO - DAG(s) dict_keys(['example_complex']) retrieved from /home/airflow/.local/lib/python3.6/site-packages/airflow/example_dags/example_complex.py
[2022-07-10 09:08:01,831] {logging_mixin.py:104} INFO - [2022-07-10 09:08:01,831] {dag.py:1824} INFO - Sync 1 DAGs
[2022-07-10 09:08:01,840] {logging_mixin.py:104} INFO - [2022-07-10 09:08:01,840] {dag.py:2280} INFO - Setting next_dagrun for example_complex to None
[2022-07-10 09:08:01,848] {scheduler_job.py:190} INFO - Processing /home/airflow/.local/lib/python3.6/site-packages/airflow/example_dags/example_complex.py took 0.050 seconds
[2022-07-10 09:08:32,614] {scheduler_job.py:182} INFO - Started process (PID=291) to work on /home/airflow/.local/lib/python3.6/site-packages/airflow/example_dags/example_complex.py
[2022-07-10 09:08:32,615] {scheduler_job.py:629} INFO - Processing file /home/airflow/.local/lib/python3.6/site-packages/airflow/example_dags/example_complex.py for tasks to queue
[2022-07-10 09:08:32,615] {logging_mixin.py:104} INFO - [2022-07-10 09:08:32,615] {dagbag.py:451} INFO - Filling up the DagBag from /home/airflow/.local/lib/python3.6/site-packages/airflow/example_dags/example_complex.py
[2022-07-10 09:08:32,628] {scheduler_job.py:639} INFO - DAG(s) dict_keys(['example_complex']) retrieved from /home/airflow/.local/lib/python3.6/site-packages/airflow/example_dags/example_complex.py
[2022-07-10 09:08:32,643] {logging_mixin.py:104} INFO - [2022-07-10 09:08:32,643] {dag.py:1824} INFO - Sync 1 DAGs
[2022-07-10 09:08:32,652] {logging_mixin.py:104} INFO - [2022-07-10 09:08:32,652] {dag.py:2280} INFO - Setting next_dagrun for example_complex to None
[2022-07-10 09:08:32,659] {scheduler_job.py:190} INFO - Processing /home/airflow/.local/lib/python3.6/site-packages/airflow/example_dags/example_complex.py took 0.046 seconds
[2022-07-10 09:09:03,743] {scheduler_job.py:182} INFO - Started process (PID=317) to work on /home/airflow/.local/lib/python3.6/site-packages/airflow/example_dags/example_complex.py
[2022-07-10 09:09:03,744] {scheduler_job.py:629} INFO - Processing file /home/airflow/.local/lib/python3.6/site-packages/airflow/example_dags/example_complex.py for tasks to queue
[2022-07-10 09:09:03,745] {logging_mixin.py:104} INFO - [2022-07-10 09:09:03,745] {dagbag.py:451} INFO - Filling up the DagBag from /home/airflow/.local/lib/python3.6/site-packages/airflow/example_dags/example_complex.py
[2022-07-10 09:09:03,759] {scheduler_job.py:639} INFO - DAG(s) dict_keys(['example_complex']) retrieved from /home/airflow/.local/lib/python3.6/site-packages/airflow/example_dags/example_complex.py
[2022-07-10 09:09:03,776] {logging_mixin.py:104} INFO - [2022-07-10 09:09:03,776] {dag.py:1824} INFO - Sync 1 DAGs
[2022-07-10 09:09:03,784] {logging_mixin.py:104} INFO - [2022-07-10 09:09:03,784] {dag.py:2280} INFO - Setting next_dagrun for example_complex to None
[2022-07-10 09:09:03,791] {scheduler_job.py:190} INFO - Processing /home/airflow/.local/lib/python3.6/site-packages/airflow/example_dags/example_complex.py took 0.050 seconds
[2022-07-10 09:09:34,726] {scheduler_job.py:182} INFO - Started process (PID=343) to work on /home/airflow/.local/lib/python3.6/site-packages/airflow/example_dags/example_complex.py
[2022-07-10 09:09:34,727] {scheduler_job.py:629} INFO - Processing file /home/airflow/.local/lib/python3.6/site-packages/airflow/example_dags/example_complex.py for tasks to queue
[2022-07-10 09:09:34,728] {logging_mixin.py:104} INFO - [2022-07-10 09:09:34,728] {dagbag.py:451} INFO - Filling up the DagBag from /home/airflow/.local/lib/python3.6/site-packages/airflow/example_dags/example_complex.py
[2022-07-10 09:09:34,741] {scheduler_job.py:639} INFO - DAG(s) dict_keys(['example_complex']) retrieved from /home/airflow/.local/lib/python3.6/site-packages/airflow/example_dags/example_complex.py
[2022-07-10 09:09:34,759] {logging_mixin.py:104} INFO - [2022-07-10 09:09:34,758] {dag.py:1824} INFO - Sync 1 DAGs
[2022-07-10 09:09:34,768] {logging_mixin.py:104} INFO - [2022-07-10 09:09:34,768] {dag.py:2280} INFO - Setting next_dagrun for example_complex to None
[2022-07-10 09:09:34,777] {scheduler_job.py:190} INFO - Processing /home/airflow/.local/lib/python3.6/site-packages/airflow/example_dags/example_complex.py took 0.052 seconds
[2022-07-10 09:10:05,474] {scheduler_job.py:182} INFO - Started process (PID=369) to work on /home/airflow/.local/lib/python3.6/site-packages/airflow/example_dags/example_complex.py
[2022-07-10 09:10:05,475] {scheduler_job.py:629} INFO - Processing file /home/airflow/.local/lib/python3.6/site-packages/airflow/example_dags/example_complex.py for tasks to queue
[2022-07-10 09:10:05,475] {logging_mixin.py:104} INFO - [2022-07-10 09:10:05,475] {dagbag.py:451} INFO - Filling up the DagBag from /home/airflow/.local/lib/python3.6/site-packages/airflow/example_dags/example_complex.py
[2022-07-10 09:10:05,487] {scheduler_job.py:639} INFO - DAG(s) dict_keys(['example_complex']) retrieved from /home/airflow/.local/lib/python3.6/site-packages/airflow/example_dags/example_complex.py
[2022-07-10 09:10:05,502] {logging_mixin.py:104} INFO - [2022-07-10 09:10:05,502] {dag.py:1824} INFO - Sync 1 DAGs
[2022-07-10 09:10:05,511] {logging_mixin.py:104} INFO - [2022-07-10 09:10:05,511] {dag.py:2280} INFO - Setting next_dagrun for example_complex to None
[2022-07-10 09:10:05,519] {scheduler_job.py:190} INFO - Processing /home/airflow/.local/lib/python3.6/site-packages/airflow/example_dags/example_complex.py took 0.047 seconds
[2022-07-10 09:10:36,373] {scheduler_job.py:182} INFO - Started process (PID=395) to work on /home/airflow/.local/lib/python3.6/site-packages/airflow/example_dags/example_complex.py
[2022-07-10 09:10:36,374] {scheduler_job.py:629} INFO - Processing file /home/airflow/.local/lib/python3.6/site-packages/airflow/example_dags/example_complex.py for tasks to queue
[2022-07-10 09:10:36,374] {logging_mixin.py:104} INFO - [2022-07-10 09:10:36,374] {dagbag.py:451} INFO - Filling up the DagBag from /home/airflow/.local/lib/python3.6/site-packages/airflow/example_dags/example_complex.py
[2022-07-10 09:10:36,386] {scheduler_job.py:639} INFO - DAG(s) dict_keys(['example_complex']) retrieved from /home/airflow/.local/lib/python3.6/site-packages/airflow/example_dags/example_complex.py
[2022-07-10 09:10:36,402] {logging_mixin.py:104} INFO - [2022-07-10 09:10:36,402] {dag.py:1824} INFO - Sync 1 DAGs
[2022-07-10 09:10:36,411] {logging_mixin.py:104} INFO - [2022-07-10 09:10:36,411] {dag.py:2280} INFO - Setting next_dagrun for example_complex to None
[2022-07-10 09:10:36,418] {scheduler_job.py:190} INFO - Processing /home/airflow/.local/lib/python3.6/site-packages/airflow/example_dags/example_complex.py took 0.047 seconds
[2022-07-10 09:11:07,149] {scheduler_job.py:182} INFO - Started process (PID=421) to work on /home/airflow/.local/lib/python3.6/site-packages/airflow/example_dags/example_complex.py
[2022-07-10 09:11:07,152] {scheduler_job.py:629} INFO - Processing file /home/airflow/.local/lib/python3.6/site-packages/airflow/example_dags/example_complex.py for tasks to queue
[2022-07-10 09:11:07,152] {logging_mixin.py:104} INFO - [2022-07-10 09:11:07,152] {dagbag.py:451} INFO - Filling up the DagBag from /home/airflow/.local/lib/python3.6/site-packages/airflow/example_dags/example_complex.py
[2022-07-10 09:11:07,162] {scheduler_job.py:639} INFO - DAG(s) dict_keys(['example_complex']) retrieved from /home/airflow/.local/lib/python3.6/site-packages/airflow/example_dags/example_complex.py
[2022-07-10 09:11:07,178] {logging_mixin.py:104} INFO - [2022-07-10 09:11:07,178] {dag.py:1824} INFO - Sync 1 DAGs
[2022-07-10 09:11:07,187] {logging_mixin.py:104} INFO - [2022-07-10 09:11:07,187] {dag.py:2280} INFO - Setting next_dagrun for example_complex to None
[2022-07-10 09:11:07,193] {scheduler_job.py:190} INFO - Processing /home/airflow/.local/lib/python3.6/site-packages/airflow/example_dags/example_complex.py took 0.046 seconds
[2022-07-10 09:11:37,970] {scheduler_job.py:182} INFO - Started process (PID=447) to work on /home/airflow/.local/lib/python3.6/site-packages/airflow/example_dags/example_complex.py
[2022-07-10 09:11:37,971] {scheduler_job.py:629} INFO - Processing file /home/airflow/.local/lib/python3.6/site-packages/airflow/example_dags/example_complex.py for tasks to queue
[2022-07-10 09:11:37,972] {logging_mixin.py:104} INFO - [2022-07-10 09:11:37,971] {dagbag.py:451} INFO - Filling up the DagBag from /home/airflow/.local/lib/python3.6/site-packages/airflow/example_dags/example_complex.py
[2022-07-10 09:11:37,982] {scheduler_job.py:639} INFO - DAG(s) dict_keys(['example_complex']) retrieved from /home/airflow/.local/lib/python3.6/site-packages/airflow/example_dags/example_complex.py
[2022-07-10 09:11:37,999] {logging_mixin.py:104} INFO - [2022-07-10 09:11:37,999] {dag.py:1824} INFO - Sync 1 DAGs
[2022-07-10 09:11:38,009] {logging_mixin.py:104} INFO - [2022-07-10 09:11:38,009] {dag.py:2280} INFO - Setting next_dagrun for example_complex to None
[2022-07-10 09:11:38,015] {scheduler_job.py:190} INFO - Processing /home/airflow/.local/lib/python3.6/site-packages/airflow/example_dags/example_complex.py took 0.047 seconds
[2022-07-10 09:12:08,744] {scheduler_job.py:182} INFO - Started process (PID=473) to work on /home/airflow/.local/lib/python3.6/site-packages/airflow/example_dags/example_complex.py
[2022-07-10 09:12:08,745] {scheduler_job.py:629} INFO - Processing file /home/airflow/.local/lib/python3.6/site-packages/airflow/example_dags/example_complex.py for tasks to queue
[2022-07-10 09:12:08,746] {logging_mixin.py:104} INFO - [2022-07-10 09:12:08,746] {dagbag.py:451} INFO - Filling up the DagBag from /home/airflow/.local/lib/python3.6/site-packages/airflow/example_dags/example_complex.py
[2022-07-10 09:12:08,756] {scheduler_job.py:639} INFO - DAG(s) dict_keys(['example_complex']) retrieved from /home/airflow/.local/lib/python3.6/site-packages/airflow/example_dags/example_complex.py
[2022-07-10 09:12:08,773] {logging_mixin.py:104} INFO - [2022-07-10 09:12:08,773] {dag.py:1824} INFO - Sync 1 DAGs
[2022-07-10 09:12:08,782] {logging_mixin.py:104} INFO - [2022-07-10 09:12:08,782] {dag.py:2280} INFO - Setting next_dagrun for example_complex to None
[2022-07-10 09:12:08,789] {scheduler_job.py:190} INFO - Processing /home/airflow/.local/lib/python3.6/site-packages/airflow/example_dags/example_complex.py took 0.046 seconds
