[2022-07-10 08:32:42,300] {scheduler_job.py:182} INFO - Started process (PID=66) to work on /home/airflow/.local/lib/python3.6/site-packages/airflow/example_dags/example_trigger_controller_dag.py
[2022-07-10 08:32:42,301] {scheduler_job.py:629} INFO - Processing file /home/airflow/.local/lib/python3.6/site-packages/airflow/example_dags/example_trigger_controller_dag.py for tasks to queue
[2022-07-10 08:32:42,302] {logging_mixin.py:104} INFO - [2022-07-10 08:32:42,302] {dagbag.py:451} INFO - Filling up the DagBag from /home/airflow/.local/lib/python3.6/site-packages/airflow/example_dags/example_trigger_controller_dag.py
[2022-07-10 08:32:42,310] {scheduler_job.py:639} INFO - DAG(s) dict_keys(['example_trigger_controller_dag']) retrieved from /home/airflow/.local/lib/python3.6/site-packages/airflow/example_dags/example_trigger_controller_dag.py
[2022-07-10 08:32:42,337] {logging_mixin.py:104} INFO - [2022-07-10 08:32:42,337] {dag.py:1824} INFO - Sync 1 DAGs
[2022-07-10 08:32:42,347] {logging_mixin.py:104} INFO - [2022-07-10 08:32:42,347] {dag.py:1843} INFO - Creating ORM DAG for example_trigger_controller_dag
[2022-07-10 08:32:42,352] {logging_mixin.py:104} INFO - [2022-07-10 08:32:42,352] {dag.py:2280} INFO - Setting next_dagrun for example_trigger_controller_dag to 2022-07-08 00:00:00+00:00
[2022-07-10 08:32:42,363] {scheduler_job.py:190} INFO - Processing /home/airflow/.local/lib/python3.6/site-packages/airflow/example_dags/example_trigger_controller_dag.py took 0.064 seconds
[2022-07-10 08:33:13,144] {scheduler_job.py:182} INFO - Started process (PID=92) to work on /home/airflow/.local/lib/python3.6/site-packages/airflow/example_dags/example_trigger_controller_dag.py
[2022-07-10 08:33:13,145] {scheduler_job.py:629} INFO - Processing file /home/airflow/.local/lib/python3.6/site-packages/airflow/example_dags/example_trigger_controller_dag.py for tasks to queue
[2022-07-10 08:33:13,145] {logging_mixin.py:104} INFO - [2022-07-10 08:33:13,145] {dagbag.py:451} INFO - Filling up the DagBag from /home/airflow/.local/lib/python3.6/site-packages/airflow/example_dags/example_trigger_controller_dag.py
[2022-07-10 08:33:13,151] {scheduler_job.py:639} INFO - DAG(s) dict_keys(['example_trigger_controller_dag']) retrieved from /home/airflow/.local/lib/python3.6/site-packages/airflow/example_dags/example_trigger_controller_dag.py
[2022-07-10 08:33:13,162] {logging_mixin.py:104} INFO - [2022-07-10 08:33:13,162] {dag.py:1824} INFO - Sync 1 DAGs
[2022-07-10 08:33:13,172] {logging_mixin.py:104} INFO - [2022-07-10 08:33:13,172] {dag.py:2280} INFO - Setting next_dagrun for example_trigger_controller_dag to 2022-07-08 00:00:00+00:00
[2022-07-10 08:33:13,178] {scheduler_job.py:190} INFO - Processing /home/airflow/.local/lib/python3.6/site-packages/airflow/example_dags/example_trigger_controller_dag.py took 0.036 seconds
[2022-07-10 08:33:43,981] {scheduler_job.py:182} INFO - Started process (PID=118) to work on /home/airflow/.local/lib/python3.6/site-packages/airflow/example_dags/example_trigger_controller_dag.py
[2022-07-10 08:33:43,982] {scheduler_job.py:629} INFO - Processing file /home/airflow/.local/lib/python3.6/site-packages/airflow/example_dags/example_trigger_controller_dag.py for tasks to queue
[2022-07-10 08:33:43,983] {logging_mixin.py:104} INFO - [2022-07-10 08:33:43,983] {dagbag.py:451} INFO - Filling up the DagBag from /home/airflow/.local/lib/python3.6/site-packages/airflow/example_dags/example_trigger_controller_dag.py
[2022-07-10 08:33:43,989] {scheduler_job.py:639} INFO - DAG(s) dict_keys(['example_trigger_controller_dag']) retrieved from /home/airflow/.local/lib/python3.6/site-packages/airflow/example_dags/example_trigger_controller_dag.py
[2022-07-10 08:33:44,002] {logging_mixin.py:104} INFO - [2022-07-10 08:33:44,002] {dag.py:1824} INFO - Sync 1 DAGs
[2022-07-10 08:33:44,012] {logging_mixin.py:104} INFO - [2022-07-10 08:33:44,012] {dag.py:2280} INFO - Setting next_dagrun for example_trigger_controller_dag to 2022-07-08 00:00:00+00:00
[2022-07-10 08:33:44,020] {scheduler_job.py:190} INFO - Processing /home/airflow/.local/lib/python3.6/site-packages/airflow/example_dags/example_trigger_controller_dag.py took 0.040 seconds
[2022-07-10 08:34:14,783] {scheduler_job.py:182} INFO - Started process (PID=144) to work on /home/airflow/.local/lib/python3.6/site-packages/airflow/example_dags/example_trigger_controller_dag.py
[2022-07-10 08:34:14,784] {scheduler_job.py:629} INFO - Processing file /home/airflow/.local/lib/python3.6/site-packages/airflow/example_dags/example_trigger_controller_dag.py for tasks to queue
[2022-07-10 08:34:14,784] {logging_mixin.py:104} INFO - [2022-07-10 08:34:14,784] {dagbag.py:451} INFO - Filling up the DagBag from /home/airflow/.local/lib/python3.6/site-packages/airflow/example_dags/example_trigger_controller_dag.py
[2022-07-10 08:34:14,790] {scheduler_job.py:639} INFO - DAG(s) dict_keys(['example_trigger_controller_dag']) retrieved from /home/airflow/.local/lib/python3.6/site-packages/airflow/example_dags/example_trigger_controller_dag.py
[2022-07-10 08:34:14,801] {logging_mixin.py:104} INFO - [2022-07-10 08:34:14,801] {dag.py:1824} INFO - Sync 1 DAGs
[2022-07-10 08:34:14,811] {logging_mixin.py:104} INFO - [2022-07-10 08:34:14,811] {dag.py:2280} INFO - Setting next_dagrun for example_trigger_controller_dag to 2022-07-08 00:00:00+00:00
[2022-07-10 08:34:14,817] {scheduler_job.py:190} INFO - Processing /home/airflow/.local/lib/python3.6/site-packages/airflow/example_dags/example_trigger_controller_dag.py took 0.036 seconds
[2022-07-10 08:34:45,602] {scheduler_job.py:182} INFO - Started process (PID=170) to work on /home/airflow/.local/lib/python3.6/site-packages/airflow/example_dags/example_trigger_controller_dag.py
[2022-07-10 08:34:45,603] {scheduler_job.py:629} INFO - Processing file /home/airflow/.local/lib/python3.6/site-packages/airflow/example_dags/example_trigger_controller_dag.py for tasks to queue
[2022-07-10 08:34:45,604] {logging_mixin.py:104} INFO - [2022-07-10 08:34:45,604] {dagbag.py:451} INFO - Filling up the DagBag from /home/airflow/.local/lib/python3.6/site-packages/airflow/example_dags/example_trigger_controller_dag.py
[2022-07-10 08:34:45,609] {scheduler_job.py:639} INFO - DAG(s) dict_keys(['example_trigger_controller_dag']) retrieved from /home/airflow/.local/lib/python3.6/site-packages/airflow/example_dags/example_trigger_controller_dag.py
[2022-07-10 08:34:45,620] {logging_mixin.py:104} INFO - [2022-07-10 08:34:45,620] {dag.py:1824} INFO - Sync 1 DAGs
[2022-07-10 08:34:45,630] {logging_mixin.py:104} INFO - [2022-07-10 08:34:45,630] {dag.py:2280} INFO - Setting next_dagrun for example_trigger_controller_dag to 2022-07-08 00:00:00+00:00
[2022-07-10 08:34:45,636] {scheduler_job.py:190} INFO - Processing /home/airflow/.local/lib/python3.6/site-packages/airflow/example_dags/example_trigger_controller_dag.py took 0.035 seconds
[2022-07-10 08:35:16,354] {scheduler_job.py:182} INFO - Started process (PID=196) to work on /home/airflow/.local/lib/python3.6/site-packages/airflow/example_dags/example_trigger_controller_dag.py
[2022-07-10 08:35:16,356] {scheduler_job.py:629} INFO - Processing file /home/airflow/.local/lib/python3.6/site-packages/airflow/example_dags/example_trigger_controller_dag.py for tasks to queue
[2022-07-10 08:35:16,356] {logging_mixin.py:104} INFO - [2022-07-10 08:35:16,356] {dagbag.py:451} INFO - Filling up the DagBag from /home/airflow/.local/lib/python3.6/site-packages/airflow/example_dags/example_trigger_controller_dag.py
[2022-07-10 08:35:16,362] {scheduler_job.py:639} INFO - DAG(s) dict_keys(['example_trigger_controller_dag']) retrieved from /home/airflow/.local/lib/python3.6/site-packages/airflow/example_dags/example_trigger_controller_dag.py
[2022-07-10 08:35:16,373] {logging_mixin.py:104} INFO - [2022-07-10 08:35:16,373] {dag.py:1824} INFO - Sync 1 DAGs
[2022-07-10 08:35:16,384] {logging_mixin.py:104} INFO - [2022-07-10 08:35:16,384] {dag.py:2280} INFO - Setting next_dagrun for example_trigger_controller_dag to 2022-07-08 00:00:00+00:00
[2022-07-10 08:35:16,390] {scheduler_job.py:190} INFO - Processing /home/airflow/.local/lib/python3.6/site-packages/airflow/example_dags/example_trigger_controller_dag.py took 0.037 seconds
[2022-07-10 08:35:47,148] {scheduler_job.py:182} INFO - Started process (PID=222) to work on /home/airflow/.local/lib/python3.6/site-packages/airflow/example_dags/example_trigger_controller_dag.py
[2022-07-10 08:35:47,148] {scheduler_job.py:629} INFO - Processing file /home/airflow/.local/lib/python3.6/site-packages/airflow/example_dags/example_trigger_controller_dag.py for tasks to queue
[2022-07-10 08:35:47,149] {logging_mixin.py:104} INFO - [2022-07-10 08:35:47,149] {dagbag.py:451} INFO - Filling up the DagBag from /home/airflow/.local/lib/python3.6/site-packages/airflow/example_dags/example_trigger_controller_dag.py
[2022-07-10 08:35:47,154] {scheduler_job.py:639} INFO - DAG(s) dict_keys(['example_trigger_controller_dag']) retrieved from /home/airflow/.local/lib/python3.6/site-packages/airflow/example_dags/example_trigger_controller_dag.py
[2022-07-10 08:35:47,167] {logging_mixin.py:104} INFO - [2022-07-10 08:35:47,167] {dag.py:1824} INFO - Sync 1 DAGs
[2022-07-10 08:35:47,176] {logging_mixin.py:104} INFO - [2022-07-10 08:35:47,176] {dag.py:2280} INFO - Setting next_dagrun for example_trigger_controller_dag to 2022-07-08 00:00:00+00:00
[2022-07-10 08:35:47,183] {scheduler_job.py:190} INFO - Processing /home/airflow/.local/lib/python3.6/site-packages/airflow/example_dags/example_trigger_controller_dag.py took 0.037 seconds
[2022-07-10 08:36:18,016] {scheduler_job.py:182} INFO - Started process (PID=248) to work on /home/airflow/.local/lib/python3.6/site-packages/airflow/example_dags/example_trigger_controller_dag.py
[2022-07-10 08:36:18,017] {scheduler_job.py:629} INFO - Processing file /home/airflow/.local/lib/python3.6/site-packages/airflow/example_dags/example_trigger_controller_dag.py for tasks to queue
[2022-07-10 08:36:18,017] {logging_mixin.py:104} INFO - [2022-07-10 08:36:18,017] {dagbag.py:451} INFO - Filling up the DagBag from /home/airflow/.local/lib/python3.6/site-packages/airflow/example_dags/example_trigger_controller_dag.py
[2022-07-10 08:36:18,023] {scheduler_job.py:639} INFO - DAG(s) dict_keys(['example_trigger_controller_dag']) retrieved from /home/airflow/.local/lib/python3.6/site-packages/airflow/example_dags/example_trigger_controller_dag.py
[2022-07-10 08:36:18,037] {logging_mixin.py:104} INFO - [2022-07-10 08:36:18,037] {dag.py:1824} INFO - Sync 1 DAGs
[2022-07-10 08:36:18,045] {logging_mixin.py:104} INFO - [2022-07-10 08:36:18,045] {dag.py:2280} INFO - Setting next_dagrun for example_trigger_controller_dag to 2022-07-08 00:00:00+00:00
[2022-07-10 08:36:18,051] {scheduler_job.py:190} INFO - Processing /home/airflow/.local/lib/python3.6/site-packages/airflow/example_dags/example_trigger_controller_dag.py took 0.037 seconds
[2022-07-10 08:36:49,041] {scheduler_job.py:182} INFO - Started process (PID=274) to work on /home/airflow/.local/lib/python3.6/site-packages/airflow/example_dags/example_trigger_controller_dag.py
[2022-07-10 08:36:49,041] {scheduler_job.py:629} INFO - Processing file /home/airflow/.local/lib/python3.6/site-packages/airflow/example_dags/example_trigger_controller_dag.py for tasks to queue
[2022-07-10 08:36:49,042] {logging_mixin.py:104} INFO - [2022-07-10 08:36:49,042] {dagbag.py:451} INFO - Filling up the DagBag from /home/airflow/.local/lib/python3.6/site-packages/airflow/example_dags/example_trigger_controller_dag.py
[2022-07-10 08:36:49,047] {scheduler_job.py:639} INFO - DAG(s) dict_keys(['example_trigger_controller_dag']) retrieved from /home/airflow/.local/lib/python3.6/site-packages/airflow/example_dags/example_trigger_controller_dag.py
[2022-07-10 08:36:49,061] {logging_mixin.py:104} INFO - [2022-07-10 08:36:49,061] {dag.py:1824} INFO - Sync 1 DAGs
[2022-07-10 08:36:49,069] {logging_mixin.py:104} INFO - [2022-07-10 08:36:49,069] {dag.py:2280} INFO - Setting next_dagrun for example_trigger_controller_dag to 2022-07-08 00:00:00+00:00
[2022-07-10 08:36:49,076] {scheduler_job.py:190} INFO - Processing /home/airflow/.local/lib/python3.6/site-packages/airflow/example_dags/example_trigger_controller_dag.py took 0.037 seconds
[2022-07-10 08:37:19,745] {scheduler_job.py:182} INFO - Started process (PID=300) to work on /home/airflow/.local/lib/python3.6/site-packages/airflow/example_dags/example_trigger_controller_dag.py
[2022-07-10 08:37:19,746] {scheduler_job.py:629} INFO - Processing file /home/airflow/.local/lib/python3.6/site-packages/airflow/example_dags/example_trigger_controller_dag.py for tasks to queue
[2022-07-10 08:37:19,746] {logging_mixin.py:104} INFO - [2022-07-10 08:37:19,746] {dagbag.py:451} INFO - Filling up the DagBag from /home/airflow/.local/lib/python3.6/site-packages/airflow/example_dags/example_trigger_controller_dag.py
[2022-07-10 08:37:19,752] {scheduler_job.py:639} INFO - DAG(s) dict_keys(['example_trigger_controller_dag']) retrieved from /home/airflow/.local/lib/python3.6/site-packages/airflow/example_dags/example_trigger_controller_dag.py
[2022-07-10 08:37:19,768] {logging_mixin.py:104} INFO - [2022-07-10 08:37:19,768] {dag.py:1824} INFO - Sync 1 DAGs
[2022-07-10 08:37:19,776] {logging_mixin.py:104} INFO - [2022-07-10 08:37:19,776] {dag.py:2280} INFO - Setting next_dagrun for example_trigger_controller_dag to 2022-07-08 00:00:00+00:00
[2022-07-10 08:37:19,782] {scheduler_job.py:190} INFO - Processing /home/airflow/.local/lib/python3.6/site-packages/airflow/example_dags/example_trigger_controller_dag.py took 0.038 seconds
[2022-07-10 08:37:50,701] {scheduler_job.py:182} INFO - Started process (PID=326) to work on /home/airflow/.local/lib/python3.6/site-packages/airflow/example_dags/example_trigger_controller_dag.py
[2022-07-10 08:37:50,702] {scheduler_job.py:629} INFO - Processing file /home/airflow/.local/lib/python3.6/site-packages/airflow/example_dags/example_trigger_controller_dag.py for tasks to queue
[2022-07-10 08:37:50,702] {logging_mixin.py:104} INFO - [2022-07-10 08:37:50,702] {dagbag.py:451} INFO - Filling up the DagBag from /home/airflow/.local/lib/python3.6/site-packages/airflow/example_dags/example_trigger_controller_dag.py
[2022-07-10 08:37:50,710] {scheduler_job.py:639} INFO - DAG(s) dict_keys(['example_trigger_controller_dag']) retrieved from /home/airflow/.local/lib/python3.6/site-packages/airflow/example_dags/example_trigger_controller_dag.py
[2022-07-10 08:37:50,721] {logging_mixin.py:104} INFO - [2022-07-10 08:37:50,721] {dag.py:1824} INFO - Sync 1 DAGs
[2022-07-10 08:37:50,730] {logging_mixin.py:104} INFO - [2022-07-10 08:37:50,729] {dag.py:2280} INFO - Setting next_dagrun for example_trigger_controller_dag to 2022-07-08 00:00:00+00:00
[2022-07-10 08:37:50,736] {scheduler_job.py:190} INFO - Processing /home/airflow/.local/lib/python3.6/site-packages/airflow/example_dags/example_trigger_controller_dag.py took 0.036 seconds
[2022-07-10 08:38:21,593] {scheduler_job.py:182} INFO - Started process (PID=352) to work on /home/airflow/.local/lib/python3.6/site-packages/airflow/example_dags/example_trigger_controller_dag.py
[2022-07-10 08:38:21,593] {scheduler_job.py:629} INFO - Processing file /home/airflow/.local/lib/python3.6/site-packages/airflow/example_dags/example_trigger_controller_dag.py for tasks to queue
[2022-07-10 08:38:21,594] {logging_mixin.py:104} INFO - [2022-07-10 08:38:21,594] {dagbag.py:451} INFO - Filling up the DagBag from /home/airflow/.local/lib/python3.6/site-packages/airflow/example_dags/example_trigger_controller_dag.py
[2022-07-10 08:38:21,601] {scheduler_job.py:639} INFO - DAG(s) dict_keys(['example_trigger_controller_dag']) retrieved from /home/airflow/.local/lib/python3.6/site-packages/airflow/example_dags/example_trigger_controller_dag.py
[2022-07-10 08:38:21,674] {logging_mixin.py:104} INFO - [2022-07-10 08:38:21,674] {dag.py:1824} INFO - Sync 1 DAGs
[2022-07-10 08:38:21,686] {logging_mixin.py:104} INFO - [2022-07-10 08:38:21,686] {dag.py:2280} INFO - Setting next_dagrun for example_trigger_controller_dag to 2022-07-08 00:00:00+00:00
[2022-07-10 08:38:21,694] {scheduler_job.py:190} INFO - Processing /home/airflow/.local/lib/python3.6/site-packages/airflow/example_dags/example_trigger_controller_dag.py took 0.103 seconds
[2022-07-10 08:38:52,532] {scheduler_job.py:182} INFO - Started process (PID=378) to work on /home/airflow/.local/lib/python3.6/site-packages/airflow/example_dags/example_trigger_controller_dag.py
[2022-07-10 08:38:52,532] {scheduler_job.py:629} INFO - Processing file /home/airflow/.local/lib/python3.6/site-packages/airflow/example_dags/example_trigger_controller_dag.py for tasks to queue
[2022-07-10 08:38:52,533] {logging_mixin.py:104} INFO - [2022-07-10 08:38:52,533] {dagbag.py:451} INFO - Filling up the DagBag from /home/airflow/.local/lib/python3.6/site-packages/airflow/example_dags/example_trigger_controller_dag.py
[2022-07-10 08:38:52,541] {scheduler_job.py:639} INFO - DAG(s) dict_keys(['example_trigger_controller_dag']) retrieved from /home/airflow/.local/lib/python3.6/site-packages/airflow/example_dags/example_trigger_controller_dag.py
[2022-07-10 08:38:52,554] {logging_mixin.py:104} INFO - [2022-07-10 08:38:52,554] {dag.py:1824} INFO - Sync 1 DAGs
[2022-07-10 08:38:52,563] {logging_mixin.py:104} INFO - [2022-07-10 08:38:52,563] {dag.py:2280} INFO - Setting next_dagrun for example_trigger_controller_dag to 2022-07-08 00:00:00+00:00
[2022-07-10 08:38:52,569] {scheduler_job.py:190} INFO - Processing /home/airflow/.local/lib/python3.6/site-packages/airflow/example_dags/example_trigger_controller_dag.py took 0.039 seconds
[2022-07-10 08:39:23,394] {scheduler_job.py:182} INFO - Started process (PID=404) to work on /home/airflow/.local/lib/python3.6/site-packages/airflow/example_dags/example_trigger_controller_dag.py
[2022-07-10 08:39:23,395] {scheduler_job.py:629} INFO - Processing file /home/airflow/.local/lib/python3.6/site-packages/airflow/example_dags/example_trigger_controller_dag.py for tasks to queue
[2022-07-10 08:39:23,395] {logging_mixin.py:104} INFO - [2022-07-10 08:39:23,395] {dagbag.py:451} INFO - Filling up the DagBag from /home/airflow/.local/lib/python3.6/site-packages/airflow/example_dags/example_trigger_controller_dag.py
[2022-07-10 08:39:23,405] {scheduler_job.py:639} INFO - DAG(s) dict_keys(['example_trigger_controller_dag']) retrieved from /home/airflow/.local/lib/python3.6/site-packages/airflow/example_dags/example_trigger_controller_dag.py
[2022-07-10 08:39:23,417] {logging_mixin.py:104} INFO - [2022-07-10 08:39:23,417] {dag.py:1824} INFO - Sync 1 DAGs
[2022-07-10 08:39:23,425] {logging_mixin.py:104} INFO - [2022-07-10 08:39:23,425] {dag.py:2280} INFO - Setting next_dagrun for example_trigger_controller_dag to 2022-07-08 00:00:00+00:00
[2022-07-10 08:39:23,431] {scheduler_job.py:190} INFO - Processing /home/airflow/.local/lib/python3.6/site-packages/airflow/example_dags/example_trigger_controller_dag.py took 0.039 seconds
[2022-07-10 08:39:54,216] {scheduler_job.py:182} INFO - Started process (PID=430) to work on /home/airflow/.local/lib/python3.6/site-packages/airflow/example_dags/example_trigger_controller_dag.py
[2022-07-10 08:39:54,219] {scheduler_job.py:629} INFO - Processing file /home/airflow/.local/lib/python3.6/site-packages/airflow/example_dags/example_trigger_controller_dag.py for tasks to queue
[2022-07-10 08:39:54,219] {logging_mixin.py:104} INFO - [2022-07-10 08:39:54,219] {dagbag.py:451} INFO - Filling up the DagBag from /home/airflow/.local/lib/python3.6/site-packages/airflow/example_dags/example_trigger_controller_dag.py
[2022-07-10 08:39:54,225] {scheduler_job.py:639} INFO - DAG(s) dict_keys(['example_trigger_controller_dag']) retrieved from /home/airflow/.local/lib/python3.6/site-packages/airflow/example_dags/example_trigger_controller_dag.py
[2022-07-10 08:39:54,238] {logging_mixin.py:104} INFO - [2022-07-10 08:39:54,238] {dag.py:1824} INFO - Sync 1 DAGs
[2022-07-10 08:39:54,247] {logging_mixin.py:104} INFO - [2022-07-10 08:39:54,247] {dag.py:2280} INFO - Setting next_dagrun for example_trigger_controller_dag to 2022-07-08 00:00:00+00:00
[2022-07-10 08:39:54,253] {scheduler_job.py:190} INFO - Processing /home/airflow/.local/lib/python3.6/site-packages/airflow/example_dags/example_trigger_controller_dag.py took 0.039 seconds
[2022-07-10 08:40:25,061] {scheduler_job.py:182} INFO - Started process (PID=456) to work on /home/airflow/.local/lib/python3.6/site-packages/airflow/example_dags/example_trigger_controller_dag.py
[2022-07-10 08:40:25,062] {scheduler_job.py:629} INFO - Processing file /home/airflow/.local/lib/python3.6/site-packages/airflow/example_dags/example_trigger_controller_dag.py for tasks to queue
[2022-07-10 08:40:25,062] {logging_mixin.py:104} INFO - [2022-07-10 08:40:25,062] {dagbag.py:451} INFO - Filling up the DagBag from /home/airflow/.local/lib/python3.6/site-packages/airflow/example_dags/example_trigger_controller_dag.py
[2022-07-10 08:40:25,068] {scheduler_job.py:639} INFO - DAG(s) dict_keys(['example_trigger_controller_dag']) retrieved from /home/airflow/.local/lib/python3.6/site-packages/airflow/example_dags/example_trigger_controller_dag.py
[2022-07-10 08:40:25,081] {logging_mixin.py:104} INFO - [2022-07-10 08:40:25,081] {dag.py:1824} INFO - Sync 1 DAGs
[2022-07-10 08:40:25,090] {logging_mixin.py:104} INFO - [2022-07-10 08:40:25,090] {dag.py:2280} INFO - Setting next_dagrun for example_trigger_controller_dag to 2022-07-08 00:00:00+00:00
[2022-07-10 08:40:25,096] {scheduler_job.py:190} INFO - Processing /home/airflow/.local/lib/python3.6/site-packages/airflow/example_dags/example_trigger_controller_dag.py took 0.037 seconds
[2022-07-10 08:40:55,859] {scheduler_job.py:182} INFO - Started process (PID=482) to work on /home/airflow/.local/lib/python3.6/site-packages/airflow/example_dags/example_trigger_controller_dag.py
[2022-07-10 08:40:55,860] {scheduler_job.py:629} INFO - Processing file /home/airflow/.local/lib/python3.6/site-packages/airflow/example_dags/example_trigger_controller_dag.py for tasks to queue
[2022-07-10 08:40:55,860] {logging_mixin.py:104} INFO - [2022-07-10 08:40:55,860] {dagbag.py:451} INFO - Filling up the DagBag from /home/airflow/.local/lib/python3.6/site-packages/airflow/example_dags/example_trigger_controller_dag.py
[2022-07-10 08:40:55,866] {scheduler_job.py:639} INFO - DAG(s) dict_keys(['example_trigger_controller_dag']) retrieved from /home/airflow/.local/lib/python3.6/site-packages/airflow/example_dags/example_trigger_controller_dag.py
[2022-07-10 08:40:55,878] {logging_mixin.py:104} INFO - [2022-07-10 08:40:55,878] {dag.py:1824} INFO - Sync 1 DAGs
[2022-07-10 08:40:55,887] {logging_mixin.py:104} INFO - [2022-07-10 08:40:55,886] {dag.py:2280} INFO - Setting next_dagrun for example_trigger_controller_dag to 2022-07-08 00:00:00+00:00
[2022-07-10 08:40:55,892] {scheduler_job.py:190} INFO - Processing /home/airflow/.local/lib/python3.6/site-packages/airflow/example_dags/example_trigger_controller_dag.py took 0.035 seconds
[2022-07-10 08:41:26,649] {scheduler_job.py:182} INFO - Started process (PID=508) to work on /home/airflow/.local/lib/python3.6/site-packages/airflow/example_dags/example_trigger_controller_dag.py
[2022-07-10 08:41:26,650] {scheduler_job.py:629} INFO - Processing file /home/airflow/.local/lib/python3.6/site-packages/airflow/example_dags/example_trigger_controller_dag.py for tasks to queue
[2022-07-10 08:41:26,650] {logging_mixin.py:104} INFO - [2022-07-10 08:41:26,650] {dagbag.py:451} INFO - Filling up the DagBag from /home/airflow/.local/lib/python3.6/site-packages/airflow/example_dags/example_trigger_controller_dag.py
[2022-07-10 08:41:26,656] {scheduler_job.py:639} INFO - DAG(s) dict_keys(['example_trigger_controller_dag']) retrieved from /home/airflow/.local/lib/python3.6/site-packages/airflow/example_dags/example_trigger_controller_dag.py
[2022-07-10 08:41:26,667] {logging_mixin.py:104} INFO - [2022-07-10 08:41:26,667] {dag.py:1824} INFO - Sync 1 DAGs
[2022-07-10 08:41:26,676] {logging_mixin.py:104} INFO - [2022-07-10 08:41:26,676] {dag.py:2280} INFO - Setting next_dagrun for example_trigger_controller_dag to 2022-07-08 00:00:00+00:00
[2022-07-10 08:41:26,682] {scheduler_job.py:190} INFO - Processing /home/airflow/.local/lib/python3.6/site-packages/airflow/example_dags/example_trigger_controller_dag.py took 0.034 seconds
[2022-07-10 08:41:57,506] {scheduler_job.py:182} INFO - Started process (PID=534) to work on /home/airflow/.local/lib/python3.6/site-packages/airflow/example_dags/example_trigger_controller_dag.py
[2022-07-10 08:41:57,507] {scheduler_job.py:629} INFO - Processing file /home/airflow/.local/lib/python3.6/site-packages/airflow/example_dags/example_trigger_controller_dag.py for tasks to queue
[2022-07-10 08:41:57,508] {logging_mixin.py:104} INFO - [2022-07-10 08:41:57,508] {dagbag.py:451} INFO - Filling up the DagBag from /home/airflow/.local/lib/python3.6/site-packages/airflow/example_dags/example_trigger_controller_dag.py
[2022-07-10 08:41:57,514] {scheduler_job.py:639} INFO - DAG(s) dict_keys(['example_trigger_controller_dag']) retrieved from /home/airflow/.local/lib/python3.6/site-packages/airflow/example_dags/example_trigger_controller_dag.py
[2022-07-10 08:41:57,526] {logging_mixin.py:104} INFO - [2022-07-10 08:41:57,526] {dag.py:1824} INFO - Sync 1 DAGs
[2022-07-10 08:41:57,535] {logging_mixin.py:104} INFO - [2022-07-10 08:41:57,535] {dag.py:2280} INFO - Setting next_dagrun for example_trigger_controller_dag to 2022-07-08 00:00:00+00:00
[2022-07-10 08:41:57,541] {scheduler_job.py:190} INFO - Processing /home/airflow/.local/lib/python3.6/site-packages/airflow/example_dags/example_trigger_controller_dag.py took 0.036 seconds
[2022-07-10 08:42:28,310] {scheduler_job.py:182} INFO - Started process (PID=560) to work on /home/airflow/.local/lib/python3.6/site-packages/airflow/example_dags/example_trigger_controller_dag.py
[2022-07-10 08:42:28,310] {scheduler_job.py:629} INFO - Processing file /home/airflow/.local/lib/python3.6/site-packages/airflow/example_dags/example_trigger_controller_dag.py for tasks to queue
[2022-07-10 08:42:28,311] {logging_mixin.py:104} INFO - [2022-07-10 08:42:28,311] {dagbag.py:451} INFO - Filling up the DagBag from /home/airflow/.local/lib/python3.6/site-packages/airflow/example_dags/example_trigger_controller_dag.py
[2022-07-10 08:42:28,316] {scheduler_job.py:639} INFO - DAG(s) dict_keys(['example_trigger_controller_dag']) retrieved from /home/airflow/.local/lib/python3.6/site-packages/airflow/example_dags/example_trigger_controller_dag.py
[2022-07-10 08:42:28,328] {logging_mixin.py:104} INFO - [2022-07-10 08:42:28,328] {dag.py:1824} INFO - Sync 1 DAGs
[2022-07-10 08:42:28,337] {logging_mixin.py:104} INFO - [2022-07-10 08:42:28,337] {dag.py:2280} INFO - Setting next_dagrun for example_trigger_controller_dag to 2022-07-08 00:00:00+00:00
[2022-07-10 08:42:28,343] {scheduler_job.py:190} INFO - Processing /home/airflow/.local/lib/python3.6/site-packages/airflow/example_dags/example_trigger_controller_dag.py took 0.035 seconds
[2022-07-10 08:42:59,103] {scheduler_job.py:182} INFO - Started process (PID=586) to work on /home/airflow/.local/lib/python3.6/site-packages/airflow/example_dags/example_trigger_controller_dag.py
[2022-07-10 08:42:59,103] {scheduler_job.py:629} INFO - Processing file /home/airflow/.local/lib/python3.6/site-packages/airflow/example_dags/example_trigger_controller_dag.py for tasks to queue
[2022-07-10 08:42:59,104] {logging_mixin.py:104} INFO - [2022-07-10 08:42:59,104] {dagbag.py:451} INFO - Filling up the DagBag from /home/airflow/.local/lib/python3.6/site-packages/airflow/example_dags/example_trigger_controller_dag.py
[2022-07-10 08:42:59,110] {scheduler_job.py:639} INFO - DAG(s) dict_keys(['example_trigger_controller_dag']) retrieved from /home/airflow/.local/lib/python3.6/site-packages/airflow/example_dags/example_trigger_controller_dag.py
[2022-07-10 08:42:59,122] {logging_mixin.py:104} INFO - [2022-07-10 08:42:59,122] {dag.py:1824} INFO - Sync 1 DAGs
[2022-07-10 08:42:59,131] {logging_mixin.py:104} INFO - [2022-07-10 08:42:59,131] {dag.py:2280} INFO - Setting next_dagrun for example_trigger_controller_dag to 2022-07-08 00:00:00+00:00
[2022-07-10 08:42:59,137] {scheduler_job.py:190} INFO - Processing /home/airflow/.local/lib/python3.6/site-packages/airflow/example_dags/example_trigger_controller_dag.py took 0.036 seconds
[2022-07-10 08:43:29,895] {scheduler_job.py:182} INFO - Started process (PID=612) to work on /home/airflow/.local/lib/python3.6/site-packages/airflow/example_dags/example_trigger_controller_dag.py
[2022-07-10 08:43:29,896] {scheduler_job.py:629} INFO - Processing file /home/airflow/.local/lib/python3.6/site-packages/airflow/example_dags/example_trigger_controller_dag.py for tasks to queue
[2022-07-10 08:43:29,897] {logging_mixin.py:104} INFO - [2022-07-10 08:43:29,897] {dagbag.py:451} INFO - Filling up the DagBag from /home/airflow/.local/lib/python3.6/site-packages/airflow/example_dags/example_trigger_controller_dag.py
[2022-07-10 08:43:29,902] {scheduler_job.py:639} INFO - DAG(s) dict_keys(['example_trigger_controller_dag']) retrieved from /home/airflow/.local/lib/python3.6/site-packages/airflow/example_dags/example_trigger_controller_dag.py
[2022-07-10 08:43:29,915] {logging_mixin.py:104} INFO - [2022-07-10 08:43:29,914] {dag.py:1824} INFO - Sync 1 DAGs
[2022-07-10 08:43:29,925] {logging_mixin.py:104} INFO - [2022-07-10 08:43:29,924] {dag.py:2280} INFO - Setting next_dagrun for example_trigger_controller_dag to 2022-07-08 00:00:00+00:00
[2022-07-10 08:43:29,931] {scheduler_job.py:190} INFO - Processing /home/airflow/.local/lib/python3.6/site-packages/airflow/example_dags/example_trigger_controller_dag.py took 0.037 seconds
[2022-07-10 08:44:00,700] {scheduler_job.py:182} INFO - Started process (PID=638) to work on /home/airflow/.local/lib/python3.6/site-packages/airflow/example_dags/example_trigger_controller_dag.py
[2022-07-10 08:44:00,701] {scheduler_job.py:629} INFO - Processing file /home/airflow/.local/lib/python3.6/site-packages/airflow/example_dags/example_trigger_controller_dag.py for tasks to queue
[2022-07-10 08:44:00,702] {logging_mixin.py:104} INFO - [2022-07-10 08:44:00,702] {dagbag.py:451} INFO - Filling up the DagBag from /home/airflow/.local/lib/python3.6/site-packages/airflow/example_dags/example_trigger_controller_dag.py
[2022-07-10 08:44:00,708] {scheduler_job.py:639} INFO - DAG(s) dict_keys(['example_trigger_controller_dag']) retrieved from /home/airflow/.local/lib/python3.6/site-packages/airflow/example_dags/example_trigger_controller_dag.py
[2022-07-10 08:44:00,721] {logging_mixin.py:104} INFO - [2022-07-10 08:44:00,721] {dag.py:1824} INFO - Sync 1 DAGs
[2022-07-10 08:44:00,730] {logging_mixin.py:104} INFO - [2022-07-10 08:44:00,730] {dag.py:2280} INFO - Setting next_dagrun for example_trigger_controller_dag to 2022-07-08 00:00:00+00:00
[2022-07-10 08:44:00,737] {scheduler_job.py:190} INFO - Processing /home/airflow/.local/lib/python3.6/site-packages/airflow/example_dags/example_trigger_controller_dag.py took 0.039 seconds
[2022-07-10 08:44:31,545] {scheduler_job.py:182} INFO - Started process (PID=664) to work on /home/airflow/.local/lib/python3.6/site-packages/airflow/example_dags/example_trigger_controller_dag.py
[2022-07-10 08:44:31,546] {scheduler_job.py:629} INFO - Processing file /home/airflow/.local/lib/python3.6/site-packages/airflow/example_dags/example_trigger_controller_dag.py for tasks to queue
[2022-07-10 08:44:31,547] {logging_mixin.py:104} INFO - [2022-07-10 08:44:31,547] {dagbag.py:451} INFO - Filling up the DagBag from /home/airflow/.local/lib/python3.6/site-packages/airflow/example_dags/example_trigger_controller_dag.py
[2022-07-10 08:44:31,554] {scheduler_job.py:639} INFO - DAG(s) dict_keys(['example_trigger_controller_dag']) retrieved from /home/airflow/.local/lib/python3.6/site-packages/airflow/example_dags/example_trigger_controller_dag.py
[2022-07-10 08:44:31,564] {logging_mixin.py:104} INFO - [2022-07-10 08:44:31,564] {dag.py:1824} INFO - Sync 1 DAGs
[2022-07-10 08:44:31,573] {logging_mixin.py:104} INFO - [2022-07-10 08:44:31,573] {dag.py:2280} INFO - Setting next_dagrun for example_trigger_controller_dag to 2022-07-08 00:00:00+00:00
[2022-07-10 08:44:31,578] {scheduler_job.py:190} INFO - Processing /home/airflow/.local/lib/python3.6/site-packages/airflow/example_dags/example_trigger_controller_dag.py took 0.035 seconds
[2022-07-10 08:45:02,277] {scheduler_job.py:182} INFO - Started process (PID=690) to work on /home/airflow/.local/lib/python3.6/site-packages/airflow/example_dags/example_trigger_controller_dag.py
[2022-07-10 08:45:02,278] {scheduler_job.py:629} INFO - Processing file /home/airflow/.local/lib/python3.6/site-packages/airflow/example_dags/example_trigger_controller_dag.py for tasks to queue
[2022-07-10 08:45:02,279] {logging_mixin.py:104} INFO - [2022-07-10 08:45:02,279] {dagbag.py:451} INFO - Filling up the DagBag from /home/airflow/.local/lib/python3.6/site-packages/airflow/example_dags/example_trigger_controller_dag.py
[2022-07-10 08:45:02,284] {scheduler_job.py:639} INFO - DAG(s) dict_keys(['example_trigger_controller_dag']) retrieved from /home/airflow/.local/lib/python3.6/site-packages/airflow/example_dags/example_trigger_controller_dag.py
[2022-07-10 08:45:02,296] {logging_mixin.py:104} INFO - [2022-07-10 08:45:02,295] {dag.py:1824} INFO - Sync 1 DAGs
[2022-07-10 08:45:02,305] {logging_mixin.py:104} INFO - [2022-07-10 08:45:02,305] {dag.py:2280} INFO - Setting next_dagrun for example_trigger_controller_dag to 2022-07-08 00:00:00+00:00
[2022-07-10 08:45:02,311] {scheduler_job.py:190} INFO - Processing /home/airflow/.local/lib/python3.6/site-packages/airflow/example_dags/example_trigger_controller_dag.py took 0.036 seconds
[2022-07-10 08:45:33,111] {scheduler_job.py:182} INFO - Started process (PID=716) to work on /home/airflow/.local/lib/python3.6/site-packages/airflow/example_dags/example_trigger_controller_dag.py
[2022-07-10 08:45:33,112] {scheduler_job.py:629} INFO - Processing file /home/airflow/.local/lib/python3.6/site-packages/airflow/example_dags/example_trigger_controller_dag.py for tasks to queue
[2022-07-10 08:45:33,112] {logging_mixin.py:104} INFO - [2022-07-10 08:45:33,112] {dagbag.py:451} INFO - Filling up the DagBag from /home/airflow/.local/lib/python3.6/site-packages/airflow/example_dags/example_trigger_controller_dag.py
[2022-07-10 08:45:33,118] {scheduler_job.py:639} INFO - DAG(s) dict_keys(['example_trigger_controller_dag']) retrieved from /home/airflow/.local/lib/python3.6/site-packages/airflow/example_dags/example_trigger_controller_dag.py
[2022-07-10 08:45:33,130] {logging_mixin.py:104} INFO - [2022-07-10 08:45:33,130] {dag.py:1824} INFO - Sync 1 DAGs
[2022-07-10 08:45:33,139] {logging_mixin.py:104} INFO - [2022-07-10 08:45:33,139] {dag.py:2280} INFO - Setting next_dagrun for example_trigger_controller_dag to 2022-07-08 00:00:00+00:00
[2022-07-10 08:45:33,145] {scheduler_job.py:190} INFO - Processing /home/airflow/.local/lib/python3.6/site-packages/airflow/example_dags/example_trigger_controller_dag.py took 0.036 seconds
[2022-07-10 08:46:03,931] {scheduler_job.py:182} INFO - Started process (PID=742) to work on /home/airflow/.local/lib/python3.6/site-packages/airflow/example_dags/example_trigger_controller_dag.py
[2022-07-10 08:46:03,932] {scheduler_job.py:629} INFO - Processing file /home/airflow/.local/lib/python3.6/site-packages/airflow/example_dags/example_trigger_controller_dag.py for tasks to queue
[2022-07-10 08:46:03,933] {logging_mixin.py:104} INFO - [2022-07-10 08:46:03,933] {dagbag.py:451} INFO - Filling up the DagBag from /home/airflow/.local/lib/python3.6/site-packages/airflow/example_dags/example_trigger_controller_dag.py
[2022-07-10 08:46:03,938] {scheduler_job.py:639} INFO - DAG(s) dict_keys(['example_trigger_controller_dag']) retrieved from /home/airflow/.local/lib/python3.6/site-packages/airflow/example_dags/example_trigger_controller_dag.py
[2022-07-10 08:46:03,950] {logging_mixin.py:104} INFO - [2022-07-10 08:46:03,950] {dag.py:1824} INFO - Sync 1 DAGs
[2022-07-10 08:46:03,960] {logging_mixin.py:104} INFO - [2022-07-10 08:46:03,960] {dag.py:2280} INFO - Setting next_dagrun for example_trigger_controller_dag to 2022-07-08 00:00:00+00:00
[2022-07-10 08:46:03,966] {scheduler_job.py:190} INFO - Processing /home/airflow/.local/lib/python3.6/site-packages/airflow/example_dags/example_trigger_controller_dag.py took 0.036 seconds
[2022-07-10 08:46:34,856] {scheduler_job.py:182} INFO - Started process (PID=768) to work on /home/airflow/.local/lib/python3.6/site-packages/airflow/example_dags/example_trigger_controller_dag.py
[2022-07-10 08:46:34,857] {scheduler_job.py:629} INFO - Processing file /home/airflow/.local/lib/python3.6/site-packages/airflow/example_dags/example_trigger_controller_dag.py for tasks to queue
[2022-07-10 08:46:34,858] {logging_mixin.py:104} INFO - [2022-07-10 08:46:34,857] {dagbag.py:451} INFO - Filling up the DagBag from /home/airflow/.local/lib/python3.6/site-packages/airflow/example_dags/example_trigger_controller_dag.py
[2022-07-10 08:46:34,863] {scheduler_job.py:639} INFO - DAG(s) dict_keys(['example_trigger_controller_dag']) retrieved from /home/airflow/.local/lib/python3.6/site-packages/airflow/example_dags/example_trigger_controller_dag.py
[2022-07-10 08:46:34,874] {logging_mixin.py:104} INFO - [2022-07-10 08:46:34,874] {dag.py:1824} INFO - Sync 1 DAGs
[2022-07-10 08:46:34,882] {logging_mixin.py:104} INFO - [2022-07-10 08:46:34,882] {dag.py:2280} INFO - Setting next_dagrun for example_trigger_controller_dag to 2022-07-08 00:00:00+00:00
[2022-07-10 08:46:34,889] {scheduler_job.py:190} INFO - Processing /home/airflow/.local/lib/python3.6/site-packages/airflow/example_dags/example_trigger_controller_dag.py took 0.034 seconds
[2022-07-10 08:47:05,772] {scheduler_job.py:182} INFO - Started process (PID=794) to work on /home/airflow/.local/lib/python3.6/site-packages/airflow/example_dags/example_trigger_controller_dag.py
[2022-07-10 08:47:05,773] {scheduler_job.py:629} INFO - Processing file /home/airflow/.local/lib/python3.6/site-packages/airflow/example_dags/example_trigger_controller_dag.py for tasks to queue
[2022-07-10 08:47:05,773] {logging_mixin.py:104} INFO - [2022-07-10 08:47:05,773] {dagbag.py:451} INFO - Filling up the DagBag from /home/airflow/.local/lib/python3.6/site-packages/airflow/example_dags/example_trigger_controller_dag.py
[2022-07-10 08:47:05,779] {scheduler_job.py:639} INFO - DAG(s) dict_keys(['example_trigger_controller_dag']) retrieved from /home/airflow/.local/lib/python3.6/site-packages/airflow/example_dags/example_trigger_controller_dag.py
[2022-07-10 08:47:05,790] {logging_mixin.py:104} INFO - [2022-07-10 08:47:05,790] {dag.py:1824} INFO - Sync 1 DAGs
[2022-07-10 08:47:05,799] {logging_mixin.py:104} INFO - [2022-07-10 08:47:05,799] {dag.py:2280} INFO - Setting next_dagrun for example_trigger_controller_dag to 2022-07-08 00:00:00+00:00
[2022-07-10 08:47:05,805] {scheduler_job.py:190} INFO - Processing /home/airflow/.local/lib/python3.6/site-packages/airflow/example_dags/example_trigger_controller_dag.py took 0.035 seconds
[2022-07-10 08:47:36,582] {scheduler_job.py:182} INFO - Started process (PID=820) to work on /home/airflow/.local/lib/python3.6/site-packages/airflow/example_dags/example_trigger_controller_dag.py
[2022-07-10 08:47:36,582] {scheduler_job.py:629} INFO - Processing file /home/airflow/.local/lib/python3.6/site-packages/airflow/example_dags/example_trigger_controller_dag.py for tasks to queue
[2022-07-10 08:47:36,583] {logging_mixin.py:104} INFO - [2022-07-10 08:47:36,583] {dagbag.py:451} INFO - Filling up the DagBag from /home/airflow/.local/lib/python3.6/site-packages/airflow/example_dags/example_trigger_controller_dag.py
[2022-07-10 08:47:36,589] {scheduler_job.py:639} INFO - DAG(s) dict_keys(['example_trigger_controller_dag']) retrieved from /home/airflow/.local/lib/python3.6/site-packages/airflow/example_dags/example_trigger_controller_dag.py
[2022-07-10 08:47:36,601] {logging_mixin.py:104} INFO - [2022-07-10 08:47:36,601] {dag.py:1824} INFO - Sync 1 DAGs
[2022-07-10 08:47:36,611] {logging_mixin.py:104} INFO - [2022-07-10 08:47:36,611] {dag.py:2280} INFO - Setting next_dagrun for example_trigger_controller_dag to 2022-07-08 00:00:00+00:00
[2022-07-10 08:47:36,617] {scheduler_job.py:190} INFO - Processing /home/airflow/.local/lib/python3.6/site-packages/airflow/example_dags/example_trigger_controller_dag.py took 0.037 seconds
[2022-07-10 08:48:07,336] {scheduler_job.py:182} INFO - Started process (PID=846) to work on /home/airflow/.local/lib/python3.6/site-packages/airflow/example_dags/example_trigger_controller_dag.py
[2022-07-10 08:48:07,337] {scheduler_job.py:629} INFO - Processing file /home/airflow/.local/lib/python3.6/site-packages/airflow/example_dags/example_trigger_controller_dag.py for tasks to queue
[2022-07-10 08:48:07,337] {logging_mixin.py:104} INFO - [2022-07-10 08:48:07,337] {dagbag.py:451} INFO - Filling up the DagBag from /home/airflow/.local/lib/python3.6/site-packages/airflow/example_dags/example_trigger_controller_dag.py
[2022-07-10 08:48:07,343] {scheduler_job.py:639} INFO - DAG(s) dict_keys(['example_trigger_controller_dag']) retrieved from /home/airflow/.local/lib/python3.6/site-packages/airflow/example_dags/example_trigger_controller_dag.py
[2022-07-10 08:48:07,354] {logging_mixin.py:104} INFO - [2022-07-10 08:48:07,354] {dag.py:1824} INFO - Sync 1 DAGs
[2022-07-10 08:48:07,363] {logging_mixin.py:104} INFO - [2022-07-10 08:48:07,363] {dag.py:2280} INFO - Setting next_dagrun for example_trigger_controller_dag to 2022-07-08 00:00:00+00:00
[2022-07-10 08:48:07,369] {scheduler_job.py:190} INFO - Processing /home/airflow/.local/lib/python3.6/site-packages/airflow/example_dags/example_trigger_controller_dag.py took 0.034 seconds
[2022-07-10 08:48:38,256] {scheduler_job.py:182} INFO - Started process (PID=872) to work on /home/airflow/.local/lib/python3.6/site-packages/airflow/example_dags/example_trigger_controller_dag.py
[2022-07-10 08:48:38,257] {scheduler_job.py:629} INFO - Processing file /home/airflow/.local/lib/python3.6/site-packages/airflow/example_dags/example_trigger_controller_dag.py for tasks to queue
[2022-07-10 08:48:38,257] {logging_mixin.py:104} INFO - [2022-07-10 08:48:38,257] {dagbag.py:451} INFO - Filling up the DagBag from /home/airflow/.local/lib/python3.6/site-packages/airflow/example_dags/example_trigger_controller_dag.py
[2022-07-10 08:48:38,263] {scheduler_job.py:639} INFO - DAG(s) dict_keys(['example_trigger_controller_dag']) retrieved from /home/airflow/.local/lib/python3.6/site-packages/airflow/example_dags/example_trigger_controller_dag.py
[2022-07-10 08:48:38,274] {logging_mixin.py:104} INFO - [2022-07-10 08:48:38,274] {dag.py:1824} INFO - Sync 1 DAGs
[2022-07-10 08:48:38,283] {logging_mixin.py:104} INFO - [2022-07-10 08:48:38,283] {dag.py:2280} INFO - Setting next_dagrun for example_trigger_controller_dag to 2022-07-08 00:00:00+00:00
[2022-07-10 08:48:38,289] {scheduler_job.py:190} INFO - Processing /home/airflow/.local/lib/python3.6/site-packages/airflow/example_dags/example_trigger_controller_dag.py took 0.035 seconds
[2022-07-10 08:49:09,075] {scheduler_job.py:182} INFO - Started process (PID=898) to work on /home/airflow/.local/lib/python3.6/site-packages/airflow/example_dags/example_trigger_controller_dag.py
[2022-07-10 08:49:09,076] {scheduler_job.py:629} INFO - Processing file /home/airflow/.local/lib/python3.6/site-packages/airflow/example_dags/example_trigger_controller_dag.py for tasks to queue
[2022-07-10 08:49:09,076] {logging_mixin.py:104} INFO - [2022-07-10 08:49:09,076] {dagbag.py:451} INFO - Filling up the DagBag from /home/airflow/.local/lib/python3.6/site-packages/airflow/example_dags/example_trigger_controller_dag.py
[2022-07-10 08:49:09,082] {scheduler_job.py:639} INFO - DAG(s) dict_keys(['example_trigger_controller_dag']) retrieved from /home/airflow/.local/lib/python3.6/site-packages/airflow/example_dags/example_trigger_controller_dag.py
[2022-07-10 08:49:09,093] {logging_mixin.py:104} INFO - [2022-07-10 08:49:09,093] {dag.py:1824} INFO - Sync 1 DAGs
[2022-07-10 08:49:09,102] {logging_mixin.py:104} INFO - [2022-07-10 08:49:09,102] {dag.py:2280} INFO - Setting next_dagrun for example_trigger_controller_dag to 2022-07-08 00:00:00+00:00
[2022-07-10 08:49:09,108] {scheduler_job.py:190} INFO - Processing /home/airflow/.local/lib/python3.6/site-packages/airflow/example_dags/example_trigger_controller_dag.py took 0.034 seconds
[2022-07-10 08:49:39,862] {scheduler_job.py:182} INFO - Started process (PID=924) to work on /home/airflow/.local/lib/python3.6/site-packages/airflow/example_dags/example_trigger_controller_dag.py
[2022-07-10 08:49:39,863] {scheduler_job.py:629} INFO - Processing file /home/airflow/.local/lib/python3.6/site-packages/airflow/example_dags/example_trigger_controller_dag.py for tasks to queue
[2022-07-10 08:49:39,864] {logging_mixin.py:104} INFO - [2022-07-10 08:49:39,864] {dagbag.py:451} INFO - Filling up the DagBag from /home/airflow/.local/lib/python3.6/site-packages/airflow/example_dags/example_trigger_controller_dag.py
[2022-07-10 08:49:39,869] {scheduler_job.py:639} INFO - DAG(s) dict_keys(['example_trigger_controller_dag']) retrieved from /home/airflow/.local/lib/python3.6/site-packages/airflow/example_dags/example_trigger_controller_dag.py
[2022-07-10 08:49:39,881] {logging_mixin.py:104} INFO - [2022-07-10 08:49:39,881] {dag.py:1824} INFO - Sync 1 DAGs
[2022-07-10 08:49:39,890] {logging_mixin.py:104} INFO - [2022-07-10 08:49:39,890] {dag.py:2280} INFO - Setting next_dagrun for example_trigger_controller_dag to 2022-07-08 00:00:00+00:00
[2022-07-10 08:49:39,896] {scheduler_job.py:190} INFO - Processing /home/airflow/.local/lib/python3.6/site-packages/airflow/example_dags/example_trigger_controller_dag.py took 0.036 seconds
[2022-07-10 08:50:10,708] {scheduler_job.py:182} INFO - Started process (PID=950) to work on /home/airflow/.local/lib/python3.6/site-packages/airflow/example_dags/example_trigger_controller_dag.py
[2022-07-10 08:50:10,709] {scheduler_job.py:629} INFO - Processing file /home/airflow/.local/lib/python3.6/site-packages/airflow/example_dags/example_trigger_controller_dag.py for tasks to queue
[2022-07-10 08:50:10,709] {logging_mixin.py:104} INFO - [2022-07-10 08:50:10,709] {dagbag.py:451} INFO - Filling up the DagBag from /home/airflow/.local/lib/python3.6/site-packages/airflow/example_dags/example_trigger_controller_dag.py
[2022-07-10 08:50:10,715] {scheduler_job.py:639} INFO - DAG(s) dict_keys(['example_trigger_controller_dag']) retrieved from /home/airflow/.local/lib/python3.6/site-packages/airflow/example_dags/example_trigger_controller_dag.py
[2022-07-10 08:50:10,727] {logging_mixin.py:104} INFO - [2022-07-10 08:50:10,727] {dag.py:1824} INFO - Sync 1 DAGs
[2022-07-10 08:50:10,736] {logging_mixin.py:104} INFO - [2022-07-10 08:50:10,736] {dag.py:2280} INFO - Setting next_dagrun for example_trigger_controller_dag to 2022-07-08 00:00:00+00:00
[2022-07-10 08:50:10,743] {scheduler_job.py:190} INFO - Processing /home/airflow/.local/lib/python3.6/site-packages/airflow/example_dags/example_trigger_controller_dag.py took 0.036 seconds
[2022-07-10 08:50:41,511] {scheduler_job.py:182} INFO - Started process (PID=976) to work on /home/airflow/.local/lib/python3.6/site-packages/airflow/example_dags/example_trigger_controller_dag.py
[2022-07-10 08:50:41,512] {scheduler_job.py:629} INFO - Processing file /home/airflow/.local/lib/python3.6/site-packages/airflow/example_dags/example_trigger_controller_dag.py for tasks to queue
[2022-07-10 08:50:41,512] {logging_mixin.py:104} INFO - [2022-07-10 08:50:41,512] {dagbag.py:451} INFO - Filling up the DagBag from /home/airflow/.local/lib/python3.6/site-packages/airflow/example_dags/example_trigger_controller_dag.py
[2022-07-10 08:50:41,518] {scheduler_job.py:639} INFO - DAG(s) dict_keys(['example_trigger_controller_dag']) retrieved from /home/airflow/.local/lib/python3.6/site-packages/airflow/example_dags/example_trigger_controller_dag.py
[2022-07-10 08:50:41,528] {logging_mixin.py:104} INFO - [2022-07-10 08:50:41,528] {dag.py:1824} INFO - Sync 1 DAGs
[2022-07-10 08:50:41,537] {logging_mixin.py:104} INFO - [2022-07-10 08:50:41,537] {dag.py:2280} INFO - Setting next_dagrun for example_trigger_controller_dag to 2022-07-08 00:00:00+00:00
[2022-07-10 08:50:41,543] {scheduler_job.py:190} INFO - Processing /home/airflow/.local/lib/python3.6/site-packages/airflow/example_dags/example_trigger_controller_dag.py took 0.034 seconds
[2022-07-10 08:51:12,363] {scheduler_job.py:182} INFO - Started process (PID=1002) to work on /home/airflow/.local/lib/python3.6/site-packages/airflow/example_dags/example_trigger_controller_dag.py
[2022-07-10 08:51:12,364] {scheduler_job.py:629} INFO - Processing file /home/airflow/.local/lib/python3.6/site-packages/airflow/example_dags/example_trigger_controller_dag.py for tasks to queue
[2022-07-10 08:51:12,364] {logging_mixin.py:104} INFO - [2022-07-10 08:51:12,364] {dagbag.py:451} INFO - Filling up the DagBag from /home/airflow/.local/lib/python3.6/site-packages/airflow/example_dags/example_trigger_controller_dag.py
[2022-07-10 08:51:12,370] {scheduler_job.py:639} INFO - DAG(s) dict_keys(['example_trigger_controller_dag']) retrieved from /home/airflow/.local/lib/python3.6/site-packages/airflow/example_dags/example_trigger_controller_dag.py
[2022-07-10 08:51:12,382] {logging_mixin.py:104} INFO - [2022-07-10 08:51:12,382] {dag.py:1824} INFO - Sync 1 DAGs
[2022-07-10 08:51:12,391] {logging_mixin.py:104} INFO - [2022-07-10 08:51:12,391] {dag.py:2280} INFO - Setting next_dagrun for example_trigger_controller_dag to 2022-07-08 00:00:00+00:00
[2022-07-10 08:51:12,396] {scheduler_job.py:190} INFO - Processing /home/airflow/.local/lib/python3.6/site-packages/airflow/example_dags/example_trigger_controller_dag.py took 0.035 seconds
[2022-07-10 08:51:43,150] {scheduler_job.py:182} INFO - Started process (PID=1028) to work on /home/airflow/.local/lib/python3.6/site-packages/airflow/example_dags/example_trigger_controller_dag.py
[2022-07-10 08:51:43,151] {scheduler_job.py:629} INFO - Processing file /home/airflow/.local/lib/python3.6/site-packages/airflow/example_dags/example_trigger_controller_dag.py for tasks to queue
[2022-07-10 08:51:43,151] {logging_mixin.py:104} INFO - [2022-07-10 08:51:43,151] {dagbag.py:451} INFO - Filling up the DagBag from /home/airflow/.local/lib/python3.6/site-packages/airflow/example_dags/example_trigger_controller_dag.py
[2022-07-10 08:51:43,157] {scheduler_job.py:639} INFO - DAG(s) dict_keys(['example_trigger_controller_dag']) retrieved from /home/airflow/.local/lib/python3.6/site-packages/airflow/example_dags/example_trigger_controller_dag.py
[2022-07-10 08:51:43,170] {logging_mixin.py:104} INFO - [2022-07-10 08:51:43,170] {dag.py:1824} INFO - Sync 1 DAGs
[2022-07-10 08:51:43,179] {logging_mixin.py:104} INFO - [2022-07-10 08:51:43,179] {dag.py:2280} INFO - Setting next_dagrun for example_trigger_controller_dag to 2022-07-08 00:00:00+00:00
[2022-07-10 08:51:43,185] {scheduler_job.py:190} INFO - Processing /home/airflow/.local/lib/python3.6/site-packages/airflow/example_dags/example_trigger_controller_dag.py took 0.037 seconds
[2022-07-10 08:52:14,009] {scheduler_job.py:182} INFO - Started process (PID=1054) to work on /home/airflow/.local/lib/python3.6/site-packages/airflow/example_dags/example_trigger_controller_dag.py
[2022-07-10 08:52:14,010] {scheduler_job.py:629} INFO - Processing file /home/airflow/.local/lib/python3.6/site-packages/airflow/example_dags/example_trigger_controller_dag.py for tasks to queue
[2022-07-10 08:52:14,010] {logging_mixin.py:104} INFO - [2022-07-10 08:52:14,010] {dagbag.py:451} INFO - Filling up the DagBag from /home/airflow/.local/lib/python3.6/site-packages/airflow/example_dags/example_trigger_controller_dag.py
[2022-07-10 08:52:14,016] {scheduler_job.py:639} INFO - DAG(s) dict_keys(['example_trigger_controller_dag']) retrieved from /home/airflow/.local/lib/python3.6/site-packages/airflow/example_dags/example_trigger_controller_dag.py
[2022-07-10 08:52:14,028] {logging_mixin.py:104} INFO - [2022-07-10 08:52:14,028] {dag.py:1824} INFO - Sync 1 DAGs
[2022-07-10 08:52:14,036] {logging_mixin.py:104} INFO - [2022-07-10 08:52:14,036] {dag.py:2280} INFO - Setting next_dagrun for example_trigger_controller_dag to 2022-07-08 00:00:00+00:00
[2022-07-10 08:52:14,042] {scheduler_job.py:190} INFO - Processing /home/airflow/.local/lib/python3.6/site-packages/airflow/example_dags/example_trigger_controller_dag.py took 0.035 seconds
[2022-07-10 08:52:44,882] {scheduler_job.py:182} INFO - Started process (PID=1080) to work on /home/airflow/.local/lib/python3.6/site-packages/airflow/example_dags/example_trigger_controller_dag.py
[2022-07-10 08:52:44,882] {scheduler_job.py:629} INFO - Processing file /home/airflow/.local/lib/python3.6/site-packages/airflow/example_dags/example_trigger_controller_dag.py for tasks to queue
[2022-07-10 08:52:44,883] {logging_mixin.py:104} INFO - [2022-07-10 08:52:44,883] {dagbag.py:451} INFO - Filling up the DagBag from /home/airflow/.local/lib/python3.6/site-packages/airflow/example_dags/example_trigger_controller_dag.py
[2022-07-10 08:52:44,889] {scheduler_job.py:639} INFO - DAG(s) dict_keys(['example_trigger_controller_dag']) retrieved from /home/airflow/.local/lib/python3.6/site-packages/airflow/example_dags/example_trigger_controller_dag.py
[2022-07-10 08:52:44,900] {logging_mixin.py:104} INFO - [2022-07-10 08:52:44,900] {dag.py:1824} INFO - Sync 1 DAGs
[2022-07-10 08:52:44,909] {logging_mixin.py:104} INFO - [2022-07-10 08:52:44,909] {dag.py:2280} INFO - Setting next_dagrun for example_trigger_controller_dag to 2022-07-08 00:00:00+00:00
[2022-07-10 08:52:44,915] {scheduler_job.py:190} INFO - Processing /home/airflow/.local/lib/python3.6/site-packages/airflow/example_dags/example_trigger_controller_dag.py took 0.035 seconds
[2022-07-10 08:53:15,755] {scheduler_job.py:182} INFO - Started process (PID=1106) to work on /home/airflow/.local/lib/python3.6/site-packages/airflow/example_dags/example_trigger_controller_dag.py
[2022-07-10 08:53:15,756] {scheduler_job.py:629} INFO - Processing file /home/airflow/.local/lib/python3.6/site-packages/airflow/example_dags/example_trigger_controller_dag.py for tasks to queue
[2022-07-10 08:53:15,756] {logging_mixin.py:104} INFO - [2022-07-10 08:53:15,756] {dagbag.py:451} INFO - Filling up the DagBag from /home/airflow/.local/lib/python3.6/site-packages/airflow/example_dags/example_trigger_controller_dag.py
[2022-07-10 08:53:15,762] {scheduler_job.py:639} INFO - DAG(s) dict_keys(['example_trigger_controller_dag']) retrieved from /home/airflow/.local/lib/python3.6/site-packages/airflow/example_dags/example_trigger_controller_dag.py
[2022-07-10 08:53:15,774] {logging_mixin.py:104} INFO - [2022-07-10 08:53:15,774] {dag.py:1824} INFO - Sync 1 DAGs
[2022-07-10 08:53:15,783] {logging_mixin.py:104} INFO - [2022-07-10 08:53:15,783] {dag.py:2280} INFO - Setting next_dagrun for example_trigger_controller_dag to 2022-07-08 00:00:00+00:00
[2022-07-10 08:53:15,789] {scheduler_job.py:190} INFO - Processing /home/airflow/.local/lib/python3.6/site-packages/airflow/example_dags/example_trigger_controller_dag.py took 0.036 seconds
[2022-07-10 08:53:46,654] {scheduler_job.py:182} INFO - Started process (PID=1132) to work on /home/airflow/.local/lib/python3.6/site-packages/airflow/example_dags/example_trigger_controller_dag.py
[2022-07-10 08:53:46,655] {scheduler_job.py:629} INFO - Processing file /home/airflow/.local/lib/python3.6/site-packages/airflow/example_dags/example_trigger_controller_dag.py for tasks to queue
[2022-07-10 08:53:46,655] {logging_mixin.py:104} INFO - [2022-07-10 08:53:46,655] {dagbag.py:451} INFO - Filling up the DagBag from /home/airflow/.local/lib/python3.6/site-packages/airflow/example_dags/example_trigger_controller_dag.py
[2022-07-10 08:53:46,661] {scheduler_job.py:639} INFO - DAG(s) dict_keys(['example_trigger_controller_dag']) retrieved from /home/airflow/.local/lib/python3.6/site-packages/airflow/example_dags/example_trigger_controller_dag.py
[2022-07-10 08:53:46,674] {logging_mixin.py:104} INFO - [2022-07-10 08:53:46,674] {dag.py:1824} INFO - Sync 1 DAGs
[2022-07-10 08:53:46,684] {logging_mixin.py:104} INFO - [2022-07-10 08:53:46,684] {dag.py:2280} INFO - Setting next_dagrun for example_trigger_controller_dag to 2022-07-08 00:00:00+00:00
[2022-07-10 08:53:46,690] {scheduler_job.py:190} INFO - Processing /home/airflow/.local/lib/python3.6/site-packages/airflow/example_dags/example_trigger_controller_dag.py took 0.038 seconds
[2022-07-10 08:54:17,496] {scheduler_job.py:182} INFO - Started process (PID=1158) to work on /home/airflow/.local/lib/python3.6/site-packages/airflow/example_dags/example_trigger_controller_dag.py
[2022-07-10 08:54:17,497] {scheduler_job.py:629} INFO - Processing file /home/airflow/.local/lib/python3.6/site-packages/airflow/example_dags/example_trigger_controller_dag.py for tasks to queue
[2022-07-10 08:54:17,497] {logging_mixin.py:104} INFO - [2022-07-10 08:54:17,497] {dagbag.py:451} INFO - Filling up the DagBag from /home/airflow/.local/lib/python3.6/site-packages/airflow/example_dags/example_trigger_controller_dag.py
[2022-07-10 08:54:17,503] {scheduler_job.py:639} INFO - DAG(s) dict_keys(['example_trigger_controller_dag']) retrieved from /home/airflow/.local/lib/python3.6/site-packages/airflow/example_dags/example_trigger_controller_dag.py
[2022-07-10 08:54:17,514] {logging_mixin.py:104} INFO - [2022-07-10 08:54:17,514] {dag.py:1824} INFO - Sync 1 DAGs
[2022-07-10 08:54:17,523] {logging_mixin.py:104} INFO - [2022-07-10 08:54:17,523] {dag.py:2280} INFO - Setting next_dagrun for example_trigger_controller_dag to 2022-07-08 00:00:00+00:00
[2022-07-10 08:54:17,529] {scheduler_job.py:190} INFO - Processing /home/airflow/.local/lib/python3.6/site-packages/airflow/example_dags/example_trigger_controller_dag.py took 0.035 seconds
[2022-07-10 08:54:48,396] {scheduler_job.py:182} INFO - Started process (PID=1184) to work on /home/airflow/.local/lib/python3.6/site-packages/airflow/example_dags/example_trigger_controller_dag.py
[2022-07-10 08:54:48,397] {scheduler_job.py:629} INFO - Processing file /home/airflow/.local/lib/python3.6/site-packages/airflow/example_dags/example_trigger_controller_dag.py for tasks to queue
[2022-07-10 08:54:48,397] {logging_mixin.py:104} INFO - [2022-07-10 08:54:48,397] {dagbag.py:451} INFO - Filling up the DagBag from /home/airflow/.local/lib/python3.6/site-packages/airflow/example_dags/example_trigger_controller_dag.py
[2022-07-10 08:54:48,403] {scheduler_job.py:639} INFO - DAG(s) dict_keys(['example_trigger_controller_dag']) retrieved from /home/airflow/.local/lib/python3.6/site-packages/airflow/example_dags/example_trigger_controller_dag.py
[2022-07-10 08:54:48,416] {logging_mixin.py:104} INFO - [2022-07-10 08:54:48,416] {dag.py:1824} INFO - Sync 1 DAGs
[2022-07-10 08:54:48,425] {logging_mixin.py:104} INFO - [2022-07-10 08:54:48,424] {dag.py:2280} INFO - Setting next_dagrun for example_trigger_controller_dag to 2022-07-08 00:00:00+00:00
[2022-07-10 08:54:48,431] {scheduler_job.py:190} INFO - Processing /home/airflow/.local/lib/python3.6/site-packages/airflow/example_dags/example_trigger_controller_dag.py took 0.037 seconds
[2022-07-10 08:55:19,210] {scheduler_job.py:182} INFO - Started process (PID=1210) to work on /home/airflow/.local/lib/python3.6/site-packages/airflow/example_dags/example_trigger_controller_dag.py
[2022-07-10 08:55:19,210] {scheduler_job.py:629} INFO - Processing file /home/airflow/.local/lib/python3.6/site-packages/airflow/example_dags/example_trigger_controller_dag.py for tasks to queue
[2022-07-10 08:55:19,211] {logging_mixin.py:104} INFO - [2022-07-10 08:55:19,211] {dagbag.py:451} INFO - Filling up the DagBag from /home/airflow/.local/lib/python3.6/site-packages/airflow/example_dags/example_trigger_controller_dag.py
[2022-07-10 08:55:19,217] {scheduler_job.py:639} INFO - DAG(s) dict_keys(['example_trigger_controller_dag']) retrieved from /home/airflow/.local/lib/python3.6/site-packages/airflow/example_dags/example_trigger_controller_dag.py
[2022-07-10 08:55:19,333] {logging_mixin.py:104} INFO - [2022-07-10 08:55:19,333] {dag.py:1824} INFO - Sync 1 DAGs
[2022-07-10 08:55:19,345] {logging_mixin.py:104} INFO - [2022-07-10 08:55:19,345] {dag.py:2280} INFO - Setting next_dagrun for example_trigger_controller_dag to 2022-07-08 00:00:00+00:00
[2022-07-10 08:55:19,353] {scheduler_job.py:190} INFO - Processing /home/airflow/.local/lib/python3.6/site-packages/airflow/example_dags/example_trigger_controller_dag.py took 0.146 seconds
[2022-07-10 08:55:50,268] {scheduler_job.py:182} INFO - Started process (PID=1236) to work on /home/airflow/.local/lib/python3.6/site-packages/airflow/example_dags/example_trigger_controller_dag.py
[2022-07-10 08:55:50,269] {scheduler_job.py:629} INFO - Processing file /home/airflow/.local/lib/python3.6/site-packages/airflow/example_dags/example_trigger_controller_dag.py for tasks to queue
[2022-07-10 08:55:50,269] {logging_mixin.py:104} INFO - [2022-07-10 08:55:50,269] {dagbag.py:451} INFO - Filling up the DagBag from /home/airflow/.local/lib/python3.6/site-packages/airflow/example_dags/example_trigger_controller_dag.py
[2022-07-10 08:55:50,275] {scheduler_job.py:639} INFO - DAG(s) dict_keys(['example_trigger_controller_dag']) retrieved from /home/airflow/.local/lib/python3.6/site-packages/airflow/example_dags/example_trigger_controller_dag.py
[2022-07-10 08:55:50,287] {logging_mixin.py:104} INFO - [2022-07-10 08:55:50,287] {dag.py:1824} INFO - Sync 1 DAGs
[2022-07-10 08:55:50,297] {logging_mixin.py:104} INFO - [2022-07-10 08:55:50,297] {dag.py:2280} INFO - Setting next_dagrun for example_trigger_controller_dag to 2022-07-08 00:00:00+00:00
[2022-07-10 08:55:50,304] {scheduler_job.py:190} INFO - Processing /home/airflow/.local/lib/python3.6/site-packages/airflow/example_dags/example_trigger_controller_dag.py took 0.037 seconds
[2022-07-10 08:56:21,314] {scheduler_job.py:182} INFO - Started process (PID=1262) to work on /home/airflow/.local/lib/python3.6/site-packages/airflow/example_dags/example_trigger_controller_dag.py
[2022-07-10 08:56:21,315] {scheduler_job.py:629} INFO - Processing file /home/airflow/.local/lib/python3.6/site-packages/airflow/example_dags/example_trigger_controller_dag.py for tasks to queue
[2022-07-10 08:56:21,316] {logging_mixin.py:104} INFO - [2022-07-10 08:56:21,316] {dagbag.py:451} INFO - Filling up the DagBag from /home/airflow/.local/lib/python3.6/site-packages/airflow/example_dags/example_trigger_controller_dag.py
[2022-07-10 08:56:21,321] {scheduler_job.py:639} INFO - DAG(s) dict_keys(['example_trigger_controller_dag']) retrieved from /home/airflow/.local/lib/python3.6/site-packages/airflow/example_dags/example_trigger_controller_dag.py
[2022-07-10 08:56:21,333] {logging_mixin.py:104} INFO - [2022-07-10 08:56:21,333] {dag.py:1824} INFO - Sync 1 DAGs
[2022-07-10 08:56:21,343] {logging_mixin.py:104} INFO - [2022-07-10 08:56:21,343] {dag.py:2280} INFO - Setting next_dagrun for example_trigger_controller_dag to 2022-07-08 00:00:00+00:00
[2022-07-10 08:56:21,349] {scheduler_job.py:190} INFO - Processing /home/airflow/.local/lib/python3.6/site-packages/airflow/example_dags/example_trigger_controller_dag.py took 0.036 seconds
[2022-07-10 08:56:52,091] {scheduler_job.py:182} INFO - Started process (PID=1288) to work on /home/airflow/.local/lib/python3.6/site-packages/airflow/example_dags/example_trigger_controller_dag.py
[2022-07-10 08:56:52,092] {scheduler_job.py:629} INFO - Processing file /home/airflow/.local/lib/python3.6/site-packages/airflow/example_dags/example_trigger_controller_dag.py for tasks to queue
[2022-07-10 08:56:52,093] {logging_mixin.py:104} INFO - [2022-07-10 08:56:52,093] {dagbag.py:451} INFO - Filling up the DagBag from /home/airflow/.local/lib/python3.6/site-packages/airflow/example_dags/example_trigger_controller_dag.py
[2022-07-10 08:56:52,099] {scheduler_job.py:639} INFO - DAG(s) dict_keys(['example_trigger_controller_dag']) retrieved from /home/airflow/.local/lib/python3.6/site-packages/airflow/example_dags/example_trigger_controller_dag.py
[2022-07-10 08:56:52,113] {logging_mixin.py:104} INFO - [2022-07-10 08:56:52,113] {dag.py:1824} INFO - Sync 1 DAGs
[2022-07-10 08:56:52,122] {logging_mixin.py:104} INFO - [2022-07-10 08:56:52,122] {dag.py:2280} INFO - Setting next_dagrun for example_trigger_controller_dag to 2022-07-08 00:00:00+00:00
[2022-07-10 08:56:52,130] {scheduler_job.py:190} INFO - Processing /home/airflow/.local/lib/python3.6/site-packages/airflow/example_dags/example_trigger_controller_dag.py took 0.040 seconds
[2022-07-10 08:57:23,049] {scheduler_job.py:182} INFO - Started process (PID=1314) to work on /home/airflow/.local/lib/python3.6/site-packages/airflow/example_dags/example_trigger_controller_dag.py
[2022-07-10 08:57:23,050] {scheduler_job.py:629} INFO - Processing file /home/airflow/.local/lib/python3.6/site-packages/airflow/example_dags/example_trigger_controller_dag.py for tasks to queue
[2022-07-10 08:57:23,051] {logging_mixin.py:104} INFO - [2022-07-10 08:57:23,051] {dagbag.py:451} INFO - Filling up the DagBag from /home/airflow/.local/lib/python3.6/site-packages/airflow/example_dags/example_trigger_controller_dag.py
[2022-07-10 08:57:23,058] {scheduler_job.py:639} INFO - DAG(s) dict_keys(['example_trigger_controller_dag']) retrieved from /home/airflow/.local/lib/python3.6/site-packages/airflow/example_dags/example_trigger_controller_dag.py
[2022-07-10 08:57:23,071] {logging_mixin.py:104} INFO - [2022-07-10 08:57:23,071] {dag.py:1824} INFO - Sync 1 DAGs
[2022-07-10 08:57:23,084] {logging_mixin.py:104} INFO - [2022-07-10 08:57:23,083] {dag.py:2280} INFO - Setting next_dagrun for example_trigger_controller_dag to 2022-07-08 00:00:00+00:00
[2022-07-10 08:57:23,092] {scheduler_job.py:190} INFO - Processing /home/airflow/.local/lib/python3.6/site-packages/airflow/example_dags/example_trigger_controller_dag.py took 0.044 seconds
[2022-07-10 08:57:53,938] {scheduler_job.py:182} INFO - Started process (PID=1340) to work on /home/airflow/.local/lib/python3.6/site-packages/airflow/example_dags/example_trigger_controller_dag.py
[2022-07-10 08:57:53,939] {scheduler_job.py:629} INFO - Processing file /home/airflow/.local/lib/python3.6/site-packages/airflow/example_dags/example_trigger_controller_dag.py for tasks to queue
[2022-07-10 08:57:53,940] {logging_mixin.py:104} INFO - [2022-07-10 08:57:53,939] {dagbag.py:451} INFO - Filling up the DagBag from /home/airflow/.local/lib/python3.6/site-packages/airflow/example_dags/example_trigger_controller_dag.py
[2022-07-10 08:57:53,945] {scheduler_job.py:639} INFO - DAG(s) dict_keys(['example_trigger_controller_dag']) retrieved from /home/airflow/.local/lib/python3.6/site-packages/airflow/example_dags/example_trigger_controller_dag.py
[2022-07-10 08:57:53,959] {logging_mixin.py:104} INFO - [2022-07-10 08:57:53,959] {dag.py:1824} INFO - Sync 1 DAGs
[2022-07-10 08:57:53,969] {logging_mixin.py:104} INFO - [2022-07-10 08:57:53,969] {dag.py:2280} INFO - Setting next_dagrun for example_trigger_controller_dag to 2022-07-08 00:00:00+00:00
[2022-07-10 08:57:53,975] {scheduler_job.py:190} INFO - Processing /home/airflow/.local/lib/python3.6/site-packages/airflow/example_dags/example_trigger_controller_dag.py took 0.039 seconds
[2022-07-10 08:58:24,887] {scheduler_job.py:182} INFO - Started process (PID=1366) to work on /home/airflow/.local/lib/python3.6/site-packages/airflow/example_dags/example_trigger_controller_dag.py
[2022-07-10 08:58:24,888] {scheduler_job.py:629} INFO - Processing file /home/airflow/.local/lib/python3.6/site-packages/airflow/example_dags/example_trigger_controller_dag.py for tasks to queue
[2022-07-10 08:58:24,889] {logging_mixin.py:104} INFO - [2022-07-10 08:58:24,889] {dagbag.py:451} INFO - Filling up the DagBag from /home/airflow/.local/lib/python3.6/site-packages/airflow/example_dags/example_trigger_controller_dag.py
[2022-07-10 08:58:24,895] {scheduler_job.py:639} INFO - DAG(s) dict_keys(['example_trigger_controller_dag']) retrieved from /home/airflow/.local/lib/python3.6/site-packages/airflow/example_dags/example_trigger_controller_dag.py
[2022-07-10 08:58:24,908] {logging_mixin.py:104} INFO - [2022-07-10 08:58:24,908] {dag.py:1824} INFO - Sync 1 DAGs
[2022-07-10 08:58:24,917] {logging_mixin.py:104} INFO - [2022-07-10 08:58:24,917] {dag.py:2280} INFO - Setting next_dagrun for example_trigger_controller_dag to 2022-07-08 00:00:00+00:00
[2022-07-10 08:58:24,923] {scheduler_job.py:190} INFO - Processing /home/airflow/.local/lib/python3.6/site-packages/airflow/example_dags/example_trigger_controller_dag.py took 0.037 seconds
[2022-07-10 08:58:55,632] {scheduler_job.py:182} INFO - Started process (PID=1392) to work on /home/airflow/.local/lib/python3.6/site-packages/airflow/example_dags/example_trigger_controller_dag.py
[2022-07-10 08:58:55,633] {scheduler_job.py:629} INFO - Processing file /home/airflow/.local/lib/python3.6/site-packages/airflow/example_dags/example_trigger_controller_dag.py for tasks to queue
[2022-07-10 08:58:55,634] {logging_mixin.py:104} INFO - [2022-07-10 08:58:55,634] {dagbag.py:451} INFO - Filling up the DagBag from /home/airflow/.local/lib/python3.6/site-packages/airflow/example_dags/example_trigger_controller_dag.py
[2022-07-10 08:58:55,640] {scheduler_job.py:639} INFO - DAG(s) dict_keys(['example_trigger_controller_dag']) retrieved from /home/airflow/.local/lib/python3.6/site-packages/airflow/example_dags/example_trigger_controller_dag.py
[2022-07-10 08:58:55,651] {logging_mixin.py:104} INFO - [2022-07-10 08:58:55,651] {dag.py:1824} INFO - Sync 1 DAGs
[2022-07-10 08:58:55,659] {logging_mixin.py:104} INFO - [2022-07-10 08:58:55,659] {dag.py:2280} INFO - Setting next_dagrun for example_trigger_controller_dag to 2022-07-08 00:00:00+00:00
[2022-07-10 08:58:55,666] {scheduler_job.py:190} INFO - Processing /home/airflow/.local/lib/python3.6/site-packages/airflow/example_dags/example_trigger_controller_dag.py took 0.035 seconds
[2022-07-10 08:59:26,491] {scheduler_job.py:182} INFO - Started process (PID=1418) to work on /home/airflow/.local/lib/python3.6/site-packages/airflow/example_dags/example_trigger_controller_dag.py
[2022-07-10 08:59:26,492] {scheduler_job.py:629} INFO - Processing file /home/airflow/.local/lib/python3.6/site-packages/airflow/example_dags/example_trigger_controller_dag.py for tasks to queue
[2022-07-10 08:59:26,493] {logging_mixin.py:104} INFO - [2022-07-10 08:59:26,493] {dagbag.py:451} INFO - Filling up the DagBag from /home/airflow/.local/lib/python3.6/site-packages/airflow/example_dags/example_trigger_controller_dag.py
[2022-07-10 08:59:26,499] {scheduler_job.py:639} INFO - DAG(s) dict_keys(['example_trigger_controller_dag']) retrieved from /home/airflow/.local/lib/python3.6/site-packages/airflow/example_dags/example_trigger_controller_dag.py
[2022-07-10 08:59:26,511] {logging_mixin.py:104} INFO - [2022-07-10 08:59:26,510] {dag.py:1824} INFO - Sync 1 DAGs
[2022-07-10 08:59:26,520] {logging_mixin.py:104} INFO - [2022-07-10 08:59:26,520] {dag.py:2280} INFO - Setting next_dagrun for example_trigger_controller_dag to 2022-07-08 00:00:00+00:00
[2022-07-10 08:59:26,526] {scheduler_job.py:190} INFO - Processing /home/airflow/.local/lib/python3.6/site-packages/airflow/example_dags/example_trigger_controller_dag.py took 0.036 seconds
[2022-07-10 08:59:57,264] {scheduler_job.py:182} INFO - Started process (PID=1444) to work on /home/airflow/.local/lib/python3.6/site-packages/airflow/example_dags/example_trigger_controller_dag.py
[2022-07-10 08:59:57,265] {scheduler_job.py:629} INFO - Processing file /home/airflow/.local/lib/python3.6/site-packages/airflow/example_dags/example_trigger_controller_dag.py for tasks to queue
[2022-07-10 08:59:57,265] {logging_mixin.py:104} INFO - [2022-07-10 08:59:57,265] {dagbag.py:451} INFO - Filling up the DagBag from /home/airflow/.local/lib/python3.6/site-packages/airflow/example_dags/example_trigger_controller_dag.py
[2022-07-10 08:59:57,271] {scheduler_job.py:639} INFO - DAG(s) dict_keys(['example_trigger_controller_dag']) retrieved from /home/airflow/.local/lib/python3.6/site-packages/airflow/example_dags/example_trigger_controller_dag.py
[2022-07-10 08:59:57,282] {logging_mixin.py:104} INFO - [2022-07-10 08:59:57,282] {dag.py:1824} INFO - Sync 1 DAGs
[2022-07-10 08:59:57,291] {logging_mixin.py:104} INFO - [2022-07-10 08:59:57,290] {dag.py:2280} INFO - Setting next_dagrun for example_trigger_controller_dag to 2022-07-08 00:00:00+00:00
[2022-07-10 08:59:57,297] {scheduler_job.py:190} INFO - Processing /home/airflow/.local/lib/python3.6/site-packages/airflow/example_dags/example_trigger_controller_dag.py took 0.035 seconds
[2022-07-10 09:00:28,060] {scheduler_job.py:182} INFO - Started process (PID=1470) to work on /home/airflow/.local/lib/python3.6/site-packages/airflow/example_dags/example_trigger_controller_dag.py
[2022-07-10 09:00:28,061] {scheduler_job.py:629} INFO - Processing file /home/airflow/.local/lib/python3.6/site-packages/airflow/example_dags/example_trigger_controller_dag.py for tasks to queue
[2022-07-10 09:00:28,061] {logging_mixin.py:104} INFO - [2022-07-10 09:00:28,061] {dagbag.py:451} INFO - Filling up the DagBag from /home/airflow/.local/lib/python3.6/site-packages/airflow/example_dags/example_trigger_controller_dag.py
[2022-07-10 09:00:28,068] {scheduler_job.py:639} INFO - DAG(s) dict_keys(['example_trigger_controller_dag']) retrieved from /home/airflow/.local/lib/python3.6/site-packages/airflow/example_dags/example_trigger_controller_dag.py
[2022-07-10 09:00:28,081] {logging_mixin.py:104} INFO - [2022-07-10 09:00:28,080] {dag.py:1824} INFO - Sync 1 DAGs
[2022-07-10 09:00:28,090] {logging_mixin.py:104} INFO - [2022-07-10 09:00:28,090] {dag.py:2280} INFO - Setting next_dagrun for example_trigger_controller_dag to 2022-07-08 00:00:00+00:00
[2022-07-10 09:00:28,096] {scheduler_job.py:190} INFO - Processing /home/airflow/.local/lib/python3.6/site-packages/airflow/example_dags/example_trigger_controller_dag.py took 0.038 seconds
[2022-07-10 09:00:58,948] {scheduler_job.py:182} INFO - Started process (PID=1496) to work on /home/airflow/.local/lib/python3.6/site-packages/airflow/example_dags/example_trigger_controller_dag.py
[2022-07-10 09:00:58,949] {scheduler_job.py:629} INFO - Processing file /home/airflow/.local/lib/python3.6/site-packages/airflow/example_dags/example_trigger_controller_dag.py for tasks to queue
[2022-07-10 09:00:58,950] {logging_mixin.py:104} INFO - [2022-07-10 09:00:58,950] {dagbag.py:451} INFO - Filling up the DagBag from /home/airflow/.local/lib/python3.6/site-packages/airflow/example_dags/example_trigger_controller_dag.py
[2022-07-10 09:00:58,956] {scheduler_job.py:639} INFO - DAG(s) dict_keys(['example_trigger_controller_dag']) retrieved from /home/airflow/.local/lib/python3.6/site-packages/airflow/example_dags/example_trigger_controller_dag.py
[2022-07-10 09:00:58,971] {logging_mixin.py:104} INFO - [2022-07-10 09:00:58,971] {dag.py:1824} INFO - Sync 1 DAGs
[2022-07-10 09:00:58,982] {logging_mixin.py:104} INFO - [2022-07-10 09:00:58,982] {dag.py:2280} INFO - Setting next_dagrun for example_trigger_controller_dag to 2022-07-08 00:00:00+00:00
[2022-07-10 09:00:58,988] {scheduler_job.py:190} INFO - Processing /home/airflow/.local/lib/python3.6/site-packages/airflow/example_dags/example_trigger_controller_dag.py took 0.042 seconds
[2022-07-10 09:03:54,716] {scheduler_job.py:182} INFO - Started process (PID=44) to work on /home/airflow/.local/lib/python3.6/site-packages/airflow/example_dags/example_trigger_controller_dag.py
[2022-07-10 09:03:54,717] {scheduler_job.py:629} INFO - Processing file /home/airflow/.local/lib/python3.6/site-packages/airflow/example_dags/example_trigger_controller_dag.py for tasks to queue
[2022-07-10 09:03:54,717] {logging_mixin.py:104} INFO - [2022-07-10 09:03:54,717] {dagbag.py:451} INFO - Filling up the DagBag from /home/airflow/.local/lib/python3.6/site-packages/airflow/example_dags/example_trigger_controller_dag.py
[2022-07-10 09:03:54,726] {scheduler_job.py:639} INFO - DAG(s) dict_keys(['example_trigger_controller_dag']) retrieved from /home/airflow/.local/lib/python3.6/site-packages/airflow/example_dags/example_trigger_controller_dag.py
[2022-07-10 09:03:54,739] {logging_mixin.py:104} INFO - [2022-07-10 09:03:54,739] {dag.py:1824} INFO - Sync 1 DAGs
[2022-07-10 09:03:54,754] {logging_mixin.py:104} INFO - [2022-07-10 09:03:54,753] {dag.py:2280} INFO - Setting next_dagrun for example_trigger_controller_dag to 2022-07-08 00:00:00+00:00
[2022-07-10 09:03:54,761] {scheduler_job.py:190} INFO - Processing /home/airflow/.local/lib/python3.6/site-packages/airflow/example_dags/example_trigger_controller_dag.py took 0.048 seconds
[2022-07-10 09:04:25,687] {scheduler_job.py:182} INFO - Started process (PID=70) to work on /home/airflow/.local/lib/python3.6/site-packages/airflow/example_dags/example_trigger_controller_dag.py
[2022-07-10 09:04:25,688] {scheduler_job.py:629} INFO - Processing file /home/airflow/.local/lib/python3.6/site-packages/airflow/example_dags/example_trigger_controller_dag.py for tasks to queue
[2022-07-10 09:04:25,689] {logging_mixin.py:104} INFO - [2022-07-10 09:04:25,689] {dagbag.py:451} INFO - Filling up the DagBag from /home/airflow/.local/lib/python3.6/site-packages/airflow/example_dags/example_trigger_controller_dag.py
[2022-07-10 09:04:25,694] {scheduler_job.py:639} INFO - DAG(s) dict_keys(['example_trigger_controller_dag']) retrieved from /home/airflow/.local/lib/python3.6/site-packages/airflow/example_dags/example_trigger_controller_dag.py
[2022-07-10 09:04:25,706] {logging_mixin.py:104} INFO - [2022-07-10 09:04:25,706] {dag.py:1824} INFO - Sync 1 DAGs
[2022-07-10 09:04:25,716] {logging_mixin.py:104} INFO - [2022-07-10 09:04:25,716] {dag.py:2280} INFO - Setting next_dagrun for example_trigger_controller_dag to 2022-07-08 00:00:00+00:00
[2022-07-10 09:04:25,722] {scheduler_job.py:190} INFO - Processing /home/airflow/.local/lib/python3.6/site-packages/airflow/example_dags/example_trigger_controller_dag.py took 0.036 seconds
[2022-07-10 09:04:56,527] {scheduler_job.py:182} INFO - Started process (PID=96) to work on /home/airflow/.local/lib/python3.6/site-packages/airflow/example_dags/example_trigger_controller_dag.py
[2022-07-10 09:04:56,528] {scheduler_job.py:629} INFO - Processing file /home/airflow/.local/lib/python3.6/site-packages/airflow/example_dags/example_trigger_controller_dag.py for tasks to queue
[2022-07-10 09:04:56,529] {logging_mixin.py:104} INFO - [2022-07-10 09:04:56,529] {dagbag.py:451} INFO - Filling up the DagBag from /home/airflow/.local/lib/python3.6/site-packages/airflow/example_dags/example_trigger_controller_dag.py
[2022-07-10 09:04:56,535] {scheduler_job.py:639} INFO - DAG(s) dict_keys(['example_trigger_controller_dag']) retrieved from /home/airflow/.local/lib/python3.6/site-packages/airflow/example_dags/example_trigger_controller_dag.py
[2022-07-10 09:04:56,547] {logging_mixin.py:104} INFO - [2022-07-10 09:04:56,547] {dag.py:1824} INFO - Sync 1 DAGs
[2022-07-10 09:04:56,557] {logging_mixin.py:104} INFO - [2022-07-10 09:04:56,557] {dag.py:2280} INFO - Setting next_dagrun for example_trigger_controller_dag to 2022-07-08 00:00:00+00:00
[2022-07-10 09:04:56,563] {scheduler_job.py:190} INFO - Processing /home/airflow/.local/lib/python3.6/site-packages/airflow/example_dags/example_trigger_controller_dag.py took 0.038 seconds
[2022-07-10 09:05:27,328] {scheduler_job.py:182} INFO - Started process (PID=122) to work on /home/airflow/.local/lib/python3.6/site-packages/airflow/example_dags/example_trigger_controller_dag.py
[2022-07-10 09:05:27,328] {scheduler_job.py:629} INFO - Processing file /home/airflow/.local/lib/python3.6/site-packages/airflow/example_dags/example_trigger_controller_dag.py for tasks to queue
[2022-07-10 09:05:27,329] {logging_mixin.py:104} INFO - [2022-07-10 09:05:27,329] {dagbag.py:451} INFO - Filling up the DagBag from /home/airflow/.local/lib/python3.6/site-packages/airflow/example_dags/example_trigger_controller_dag.py
[2022-07-10 09:05:27,335] {scheduler_job.py:639} INFO - DAG(s) dict_keys(['example_trigger_controller_dag']) retrieved from /home/airflow/.local/lib/python3.6/site-packages/airflow/example_dags/example_trigger_controller_dag.py
[2022-07-10 09:05:27,346] {logging_mixin.py:104} INFO - [2022-07-10 09:05:27,346] {dag.py:1824} INFO - Sync 1 DAGs
[2022-07-10 09:05:27,357] {logging_mixin.py:104} INFO - [2022-07-10 09:05:27,356] {dag.py:2280} INFO - Setting next_dagrun for example_trigger_controller_dag to 2022-07-08 00:00:00+00:00
[2022-07-10 09:05:27,362] {scheduler_job.py:190} INFO - Processing /home/airflow/.local/lib/python3.6/site-packages/airflow/example_dags/example_trigger_controller_dag.py took 0.037 seconds
[2022-07-10 09:05:58,166] {scheduler_job.py:182} INFO - Started process (PID=148) to work on /home/airflow/.local/lib/python3.6/site-packages/airflow/example_dags/example_trigger_controller_dag.py
[2022-07-10 09:05:58,168] {scheduler_job.py:629} INFO - Processing file /home/airflow/.local/lib/python3.6/site-packages/airflow/example_dags/example_trigger_controller_dag.py for tasks to queue
[2022-07-10 09:05:58,169] {logging_mixin.py:104} INFO - [2022-07-10 09:05:58,169] {dagbag.py:451} INFO - Filling up the DagBag from /home/airflow/.local/lib/python3.6/site-packages/airflow/example_dags/example_trigger_controller_dag.py
[2022-07-10 09:05:58,178] {scheduler_job.py:639} INFO - DAG(s) dict_keys(['example_trigger_controller_dag']) retrieved from /home/airflow/.local/lib/python3.6/site-packages/airflow/example_dags/example_trigger_controller_dag.py
[2022-07-10 09:05:58,191] {logging_mixin.py:104} INFO - [2022-07-10 09:05:58,191] {dag.py:1824} INFO - Sync 1 DAGs
[2022-07-10 09:05:58,203] {logging_mixin.py:104} INFO - [2022-07-10 09:05:58,203] {dag.py:2280} INFO - Setting next_dagrun for example_trigger_controller_dag to 2022-07-08 00:00:00+00:00
[2022-07-10 09:05:58,209] {scheduler_job.py:190} INFO - Processing /home/airflow/.local/lib/python3.6/site-packages/airflow/example_dags/example_trigger_controller_dag.py took 0.046 seconds
[2022-07-10 09:06:29,023] {scheduler_job.py:182} INFO - Started process (PID=174) to work on /home/airflow/.local/lib/python3.6/site-packages/airflow/example_dags/example_trigger_controller_dag.py
[2022-07-10 09:06:29,024] {scheduler_job.py:629} INFO - Processing file /home/airflow/.local/lib/python3.6/site-packages/airflow/example_dags/example_trigger_controller_dag.py for tasks to queue
[2022-07-10 09:06:29,025] {logging_mixin.py:104} INFO - [2022-07-10 09:06:29,025] {dagbag.py:451} INFO - Filling up the DagBag from /home/airflow/.local/lib/python3.6/site-packages/airflow/example_dags/example_trigger_controller_dag.py
[2022-07-10 09:06:29,030] {scheduler_job.py:639} INFO - DAG(s) dict_keys(['example_trigger_controller_dag']) retrieved from /home/airflow/.local/lib/python3.6/site-packages/airflow/example_dags/example_trigger_controller_dag.py
[2022-07-10 09:06:29,042] {logging_mixin.py:104} INFO - [2022-07-10 09:06:29,042] {dag.py:1824} INFO - Sync 1 DAGs
[2022-07-10 09:06:29,052] {logging_mixin.py:104} INFO - [2022-07-10 09:06:29,052] {dag.py:2280} INFO - Setting next_dagrun for example_trigger_controller_dag to 2022-07-08 00:00:00+00:00
[2022-07-10 09:06:29,058] {scheduler_job.py:190} INFO - Processing /home/airflow/.local/lib/python3.6/site-packages/airflow/example_dags/example_trigger_controller_dag.py took 0.037 seconds
[2022-07-10 09:06:59,802] {scheduler_job.py:182} INFO - Started process (PID=200) to work on /home/airflow/.local/lib/python3.6/site-packages/airflow/example_dags/example_trigger_controller_dag.py
[2022-07-10 09:06:59,803] {scheduler_job.py:629} INFO - Processing file /home/airflow/.local/lib/python3.6/site-packages/airflow/example_dags/example_trigger_controller_dag.py for tasks to queue
[2022-07-10 09:06:59,803] {logging_mixin.py:104} INFO - [2022-07-10 09:06:59,803] {dagbag.py:451} INFO - Filling up the DagBag from /home/airflow/.local/lib/python3.6/site-packages/airflow/example_dags/example_trigger_controller_dag.py
[2022-07-10 09:06:59,809] {scheduler_job.py:639} INFO - DAG(s) dict_keys(['example_trigger_controller_dag']) retrieved from /home/airflow/.local/lib/python3.6/site-packages/airflow/example_dags/example_trigger_controller_dag.py
[2022-07-10 09:06:59,823] {logging_mixin.py:104} INFO - [2022-07-10 09:06:59,823] {dag.py:1824} INFO - Sync 1 DAGs
[2022-07-10 09:06:59,832] {logging_mixin.py:104} INFO - [2022-07-10 09:06:59,832] {dag.py:2280} INFO - Setting next_dagrun for example_trigger_controller_dag to 2022-07-08 00:00:00+00:00
[2022-07-10 09:06:59,838] {scheduler_job.py:190} INFO - Processing /home/airflow/.local/lib/python3.6/site-packages/airflow/example_dags/example_trigger_controller_dag.py took 0.038 seconds
[2022-07-10 09:07:30,617] {scheduler_job.py:182} INFO - Started process (PID=226) to work on /home/airflow/.local/lib/python3.6/site-packages/airflow/example_dags/example_trigger_controller_dag.py
[2022-07-10 09:07:30,618] {scheduler_job.py:629} INFO - Processing file /home/airflow/.local/lib/python3.6/site-packages/airflow/example_dags/example_trigger_controller_dag.py for tasks to queue
[2022-07-10 09:07:30,619] {logging_mixin.py:104} INFO - [2022-07-10 09:07:30,619] {dagbag.py:451} INFO - Filling up the DagBag from /home/airflow/.local/lib/python3.6/site-packages/airflow/example_dags/example_trigger_controller_dag.py
[2022-07-10 09:07:30,624] {scheduler_job.py:639} INFO - DAG(s) dict_keys(['example_trigger_controller_dag']) retrieved from /home/airflow/.local/lib/python3.6/site-packages/airflow/example_dags/example_trigger_controller_dag.py
[2022-07-10 09:07:30,638] {logging_mixin.py:104} INFO - [2022-07-10 09:07:30,638] {dag.py:1824} INFO - Sync 1 DAGs
[2022-07-10 09:07:30,647] {logging_mixin.py:104} INFO - [2022-07-10 09:07:30,647] {dag.py:2280} INFO - Setting next_dagrun for example_trigger_controller_dag to 2022-07-08 00:00:00+00:00
[2022-07-10 09:07:30,652] {scheduler_job.py:190} INFO - Processing /home/airflow/.local/lib/python3.6/site-packages/airflow/example_dags/example_trigger_controller_dag.py took 0.037 seconds
[2022-07-10 09:08:01,433] {scheduler_job.py:182} INFO - Started process (PID=252) to work on /home/airflow/.local/lib/python3.6/site-packages/airflow/example_dags/example_trigger_controller_dag.py
[2022-07-10 09:08:01,434] {scheduler_job.py:629} INFO - Processing file /home/airflow/.local/lib/python3.6/site-packages/airflow/example_dags/example_trigger_controller_dag.py for tasks to queue
[2022-07-10 09:08:01,434] {logging_mixin.py:104} INFO - [2022-07-10 09:08:01,434] {dagbag.py:451} INFO - Filling up the DagBag from /home/airflow/.local/lib/python3.6/site-packages/airflow/example_dags/example_trigger_controller_dag.py
[2022-07-10 09:08:01,440] {scheduler_job.py:639} INFO - DAG(s) dict_keys(['example_trigger_controller_dag']) retrieved from /home/airflow/.local/lib/python3.6/site-packages/airflow/example_dags/example_trigger_controller_dag.py
[2022-07-10 09:08:01,453] {logging_mixin.py:104} INFO - [2022-07-10 09:08:01,453] {dag.py:1824} INFO - Sync 1 DAGs
[2022-07-10 09:08:01,462] {logging_mixin.py:104} INFO - [2022-07-10 09:08:01,462] {dag.py:2280} INFO - Setting next_dagrun for example_trigger_controller_dag to 2022-07-08 00:00:00+00:00
[2022-07-10 09:08:01,468] {scheduler_job.py:190} INFO - Processing /home/airflow/.local/lib/python3.6/site-packages/airflow/example_dags/example_trigger_controller_dag.py took 0.037 seconds
[2022-07-10 09:08:32,223] {scheduler_job.py:182} INFO - Started process (PID=278) to work on /home/airflow/.local/lib/python3.6/site-packages/airflow/example_dags/example_trigger_controller_dag.py
[2022-07-10 09:08:32,225] {scheduler_job.py:629} INFO - Processing file /home/airflow/.local/lib/python3.6/site-packages/airflow/example_dags/example_trigger_controller_dag.py for tasks to queue
[2022-07-10 09:08:32,225] {logging_mixin.py:104} INFO - [2022-07-10 09:08:32,225] {dagbag.py:451} INFO - Filling up the DagBag from /home/airflow/.local/lib/python3.6/site-packages/airflow/example_dags/example_trigger_controller_dag.py
[2022-07-10 09:08:32,231] {scheduler_job.py:639} INFO - DAG(s) dict_keys(['example_trigger_controller_dag']) retrieved from /home/airflow/.local/lib/python3.6/site-packages/airflow/example_dags/example_trigger_controller_dag.py
[2022-07-10 09:08:32,245] {logging_mixin.py:104} INFO - [2022-07-10 09:08:32,245] {dag.py:1824} INFO - Sync 1 DAGs
[2022-07-10 09:08:32,255] {logging_mixin.py:104} INFO - [2022-07-10 09:08:32,255] {dag.py:2280} INFO - Setting next_dagrun for example_trigger_controller_dag to 2022-07-08 00:00:00+00:00
[2022-07-10 09:08:32,261] {scheduler_job.py:190} INFO - Processing /home/airflow/.local/lib/python3.6/site-packages/airflow/example_dags/example_trigger_controller_dag.py took 0.040 seconds
[2022-07-10 09:09:03,196] {scheduler_job.py:182} INFO - Started process (PID=304) to work on /home/airflow/.local/lib/python3.6/site-packages/airflow/example_dags/example_trigger_controller_dag.py
[2022-07-10 09:09:03,197] {scheduler_job.py:629} INFO - Processing file /home/airflow/.local/lib/python3.6/site-packages/airflow/example_dags/example_trigger_controller_dag.py for tasks to queue
[2022-07-10 09:09:03,197] {logging_mixin.py:104} INFO - [2022-07-10 09:09:03,197] {dagbag.py:451} INFO - Filling up the DagBag from /home/airflow/.local/lib/python3.6/site-packages/airflow/example_dags/example_trigger_controller_dag.py
[2022-07-10 09:09:03,204] {scheduler_job.py:639} INFO - DAG(s) dict_keys(['example_trigger_controller_dag']) retrieved from /home/airflow/.local/lib/python3.6/site-packages/airflow/example_dags/example_trigger_controller_dag.py
[2022-07-10 09:09:03,216] {logging_mixin.py:104} INFO - [2022-07-10 09:09:03,216] {dag.py:1824} INFO - Sync 1 DAGs
[2022-07-10 09:09:03,224] {logging_mixin.py:104} INFO - [2022-07-10 09:09:03,224] {dag.py:2280} INFO - Setting next_dagrun for example_trigger_controller_dag to 2022-07-08 00:00:00+00:00
[2022-07-10 09:09:03,230] {scheduler_job.py:190} INFO - Processing /home/airflow/.local/lib/python3.6/site-packages/airflow/example_dags/example_trigger_controller_dag.py took 0.036 seconds
[2022-07-10 09:09:33,324] {scheduler_job.py:182} INFO - Started process (PID=330) to work on /home/airflow/.local/lib/python3.6/site-packages/airflow/example_dags/example_trigger_controller_dag.py
[2022-07-10 09:09:33,325] {scheduler_job.py:629} INFO - Processing file /home/airflow/.local/lib/python3.6/site-packages/airflow/example_dags/example_trigger_controller_dag.py for tasks to queue
[2022-07-10 09:09:33,325] {logging_mixin.py:104} INFO - [2022-07-10 09:09:33,325] {dagbag.py:451} INFO - Filling up the DagBag from /home/airflow/.local/lib/python3.6/site-packages/airflow/example_dags/example_trigger_controller_dag.py
[2022-07-10 09:09:33,333] {scheduler_job.py:639} INFO - DAG(s) dict_keys(['example_trigger_controller_dag']) retrieved from /home/airflow/.local/lib/python3.6/site-packages/airflow/example_dags/example_trigger_controller_dag.py
[2022-07-10 09:09:33,347] {logging_mixin.py:104} INFO - [2022-07-10 09:09:33,347] {dag.py:1824} INFO - Sync 1 DAGs
[2022-07-10 09:09:33,356] {logging_mixin.py:104} INFO - [2022-07-10 09:09:33,356] {dag.py:2280} INFO - Setting next_dagrun for example_trigger_controller_dag to 2022-07-08 00:00:00+00:00
[2022-07-10 09:09:33,362] {scheduler_job.py:190} INFO - Processing /home/airflow/.local/lib/python3.6/site-packages/airflow/example_dags/example_trigger_controller_dag.py took 0.040 seconds
[2022-07-10 09:10:04,144] {scheduler_job.py:182} INFO - Started process (PID=356) to work on /home/airflow/.local/lib/python3.6/site-packages/airflow/example_dags/example_trigger_controller_dag.py
[2022-07-10 09:10:04,145] {scheduler_job.py:629} INFO - Processing file /home/airflow/.local/lib/python3.6/site-packages/airflow/example_dags/example_trigger_controller_dag.py for tasks to queue
[2022-07-10 09:10:04,146] {logging_mixin.py:104} INFO - [2022-07-10 09:10:04,146] {dagbag.py:451} INFO - Filling up the DagBag from /home/airflow/.local/lib/python3.6/site-packages/airflow/example_dags/example_trigger_controller_dag.py
[2022-07-10 09:10:04,153] {scheduler_job.py:639} INFO - DAG(s) dict_keys(['example_trigger_controller_dag']) retrieved from /home/airflow/.local/lib/python3.6/site-packages/airflow/example_dags/example_trigger_controller_dag.py
[2022-07-10 09:10:04,165] {logging_mixin.py:104} INFO - [2022-07-10 09:10:04,165] {dag.py:1824} INFO - Sync 1 DAGs
[2022-07-10 09:10:04,173] {logging_mixin.py:104} INFO - [2022-07-10 09:10:04,173] {dag.py:2280} INFO - Setting next_dagrun for example_trigger_controller_dag to 2022-07-08 00:00:00+00:00
[2022-07-10 09:10:04,179] {scheduler_job.py:190} INFO - Processing /home/airflow/.local/lib/python3.6/site-packages/airflow/example_dags/example_trigger_controller_dag.py took 0.036 seconds
[2022-07-10 09:10:34,885] {scheduler_job.py:182} INFO - Started process (PID=382) to work on /home/airflow/.local/lib/python3.6/site-packages/airflow/example_dags/example_trigger_controller_dag.py
[2022-07-10 09:10:34,886] {scheduler_job.py:629} INFO - Processing file /home/airflow/.local/lib/python3.6/site-packages/airflow/example_dags/example_trigger_controller_dag.py for tasks to queue
[2022-07-10 09:10:34,887] {logging_mixin.py:104} INFO - [2022-07-10 09:10:34,886] {dagbag.py:451} INFO - Filling up the DagBag from /home/airflow/.local/lib/python3.6/site-packages/airflow/example_dags/example_trigger_controller_dag.py
[2022-07-10 09:10:34,894] {scheduler_job.py:639} INFO - DAG(s) dict_keys(['example_trigger_controller_dag']) retrieved from /home/airflow/.local/lib/python3.6/site-packages/airflow/example_dags/example_trigger_controller_dag.py
[2022-07-10 09:10:34,906] {logging_mixin.py:104} INFO - [2022-07-10 09:10:34,906] {dag.py:1824} INFO - Sync 1 DAGs
[2022-07-10 09:10:34,915] {logging_mixin.py:104} INFO - [2022-07-10 09:10:34,915] {dag.py:2280} INFO - Setting next_dagrun for example_trigger_controller_dag to 2022-07-08 00:00:00+00:00
[2022-07-10 09:10:34,921] {scheduler_job.py:190} INFO - Processing /home/airflow/.local/lib/python3.6/site-packages/airflow/example_dags/example_trigger_controller_dag.py took 0.037 seconds
[2022-07-10 09:11:05,805] {scheduler_job.py:182} INFO - Started process (PID=408) to work on /home/airflow/.local/lib/python3.6/site-packages/airflow/example_dags/example_trigger_controller_dag.py
[2022-07-10 09:11:05,808] {scheduler_job.py:629} INFO - Processing file /home/airflow/.local/lib/python3.6/site-packages/airflow/example_dags/example_trigger_controller_dag.py for tasks to queue
[2022-07-10 09:11:05,808] {logging_mixin.py:104} INFO - [2022-07-10 09:11:05,808] {dagbag.py:451} INFO - Filling up the DagBag from /home/airflow/.local/lib/python3.6/site-packages/airflow/example_dags/example_trigger_controller_dag.py
[2022-07-10 09:11:05,814] {scheduler_job.py:639} INFO - DAG(s) dict_keys(['example_trigger_controller_dag']) retrieved from /home/airflow/.local/lib/python3.6/site-packages/airflow/example_dags/example_trigger_controller_dag.py
[2022-07-10 09:11:05,825] {logging_mixin.py:104} INFO - [2022-07-10 09:11:05,825] {dag.py:1824} INFO - Sync 1 DAGs
[2022-07-10 09:11:05,834] {logging_mixin.py:104} INFO - [2022-07-10 09:11:05,834] {dag.py:2280} INFO - Setting next_dagrun for example_trigger_controller_dag to 2022-07-08 00:00:00+00:00
[2022-07-10 09:11:05,840] {scheduler_job.py:190} INFO - Processing /home/airflow/.local/lib/python3.6/site-packages/airflow/example_dags/example_trigger_controller_dag.py took 0.037 seconds
[2022-07-10 09:11:36,593] {scheduler_job.py:182} INFO - Started process (PID=434) to work on /home/airflow/.local/lib/python3.6/site-packages/airflow/example_dags/example_trigger_controller_dag.py
[2022-07-10 09:11:36,594] {scheduler_job.py:629} INFO - Processing file /home/airflow/.local/lib/python3.6/site-packages/airflow/example_dags/example_trigger_controller_dag.py for tasks to queue
[2022-07-10 09:11:36,594] {logging_mixin.py:104} INFO - [2022-07-10 09:11:36,594] {dagbag.py:451} INFO - Filling up the DagBag from /home/airflow/.local/lib/python3.6/site-packages/airflow/example_dags/example_trigger_controller_dag.py
[2022-07-10 09:11:36,600] {scheduler_job.py:639} INFO - DAG(s) dict_keys(['example_trigger_controller_dag']) retrieved from /home/airflow/.local/lib/python3.6/site-packages/airflow/example_dags/example_trigger_controller_dag.py
[2022-07-10 09:11:36,612] {logging_mixin.py:104} INFO - [2022-07-10 09:11:36,612] {dag.py:1824} INFO - Sync 1 DAGs
[2022-07-10 09:11:36,621] {logging_mixin.py:104} INFO - [2022-07-10 09:11:36,621] {dag.py:2280} INFO - Setting next_dagrun for example_trigger_controller_dag to 2022-07-08 00:00:00+00:00
[2022-07-10 09:11:36,627] {scheduler_job.py:190} INFO - Processing /home/airflow/.local/lib/python3.6/site-packages/airflow/example_dags/example_trigger_controller_dag.py took 0.035 seconds
[2022-07-10 09:12:07,417] {scheduler_job.py:182} INFO - Started process (PID=460) to work on /home/airflow/.local/lib/python3.6/site-packages/airflow/example_dags/example_trigger_controller_dag.py
[2022-07-10 09:12:07,418] {scheduler_job.py:629} INFO - Processing file /home/airflow/.local/lib/python3.6/site-packages/airflow/example_dags/example_trigger_controller_dag.py for tasks to queue
[2022-07-10 09:12:07,419] {logging_mixin.py:104} INFO - [2022-07-10 09:12:07,419] {dagbag.py:451} INFO - Filling up the DagBag from /home/airflow/.local/lib/python3.6/site-packages/airflow/example_dags/example_trigger_controller_dag.py
[2022-07-10 09:12:07,424] {scheduler_job.py:639} INFO - DAG(s) dict_keys(['example_trigger_controller_dag']) retrieved from /home/airflow/.local/lib/python3.6/site-packages/airflow/example_dags/example_trigger_controller_dag.py
[2022-07-10 09:12:07,437] {logging_mixin.py:104} INFO - [2022-07-10 09:12:07,437] {dag.py:1824} INFO - Sync 1 DAGs
[2022-07-10 09:12:07,446] {logging_mixin.py:104} INFO - [2022-07-10 09:12:07,446] {dag.py:2280} INFO - Setting next_dagrun for example_trigger_controller_dag to 2022-07-08 00:00:00+00:00
[2022-07-10 09:12:07,452] {scheduler_job.py:190} INFO - Processing /home/airflow/.local/lib/python3.6/site-packages/airflow/example_dags/example_trigger_controller_dag.py took 0.037 seconds
