[2022-07-10 08:32:41,673] {scheduler_job.py:182} INFO - Started process (PID=51) to work on /home/airflow/.local/lib/python3.6/site-packages/airflow/example_dags/example_short_circuit_operator.py
[2022-07-10 08:32:41,674] {scheduler_job.py:629} INFO - Processing file /home/airflow/.local/lib/python3.6/site-packages/airflow/example_dags/example_short_circuit_operator.py for tasks to queue
[2022-07-10 08:32:41,675] {logging_mixin.py:104} INFO - [2022-07-10 08:32:41,675] {dagbag.py:451} INFO - Filling up the DagBag from /home/airflow/.local/lib/python3.6/site-packages/airflow/example_dags/example_short_circuit_operator.py
[2022-07-10 08:32:41,689] {scheduler_job.py:639} INFO - DAG(s) dict_keys(['example_short_circuit_operator']) retrieved from /home/airflow/.local/lib/python3.6/site-packages/airflow/example_dags/example_short_circuit_operator.py
[2022-07-10 08:32:41,705] {logging_mixin.py:104} INFO - [2022-07-10 08:32:41,705] {dag.py:1824} INFO - Sync 1 DAGs
[2022-07-10 08:32:41,713] {logging_mixin.py:104} INFO - [2022-07-10 08:32:41,713] {dag.py:1843} INFO - Creating ORM DAG for example_short_circuit_operator
[2022-07-10 08:32:41,717] {logging_mixin.py:104} INFO - [2022-07-10 08:32:41,717] {dag.py:2280} INFO - Setting next_dagrun for example_short_circuit_operator to 2022-07-08 00:00:00+00:00
[2022-07-10 08:32:41,727] {scheduler_job.py:190} INFO - Processing /home/airflow/.local/lib/python3.6/site-packages/airflow/example_dags/example_short_circuit_operator.py took 0.055 seconds
[2022-07-10 08:33:12,638] {scheduler_job.py:182} INFO - Started process (PID=77) to work on /home/airflow/.local/lib/python3.6/site-packages/airflow/example_dags/example_short_circuit_operator.py
[2022-07-10 08:33:12,639] {scheduler_job.py:629} INFO - Processing file /home/airflow/.local/lib/python3.6/site-packages/airflow/example_dags/example_short_circuit_operator.py for tasks to queue
[2022-07-10 08:33:12,640] {logging_mixin.py:104} INFO - [2022-07-10 08:33:12,640] {dagbag.py:451} INFO - Filling up the DagBag from /home/airflow/.local/lib/python3.6/site-packages/airflow/example_dags/example_short_circuit_operator.py
[2022-07-10 08:33:12,646] {scheduler_job.py:639} INFO - DAG(s) dict_keys(['example_short_circuit_operator']) retrieved from /home/airflow/.local/lib/python3.6/site-packages/airflow/example_dags/example_short_circuit_operator.py
[2022-07-10 08:33:12,660] {logging_mixin.py:104} INFO - [2022-07-10 08:33:12,660] {dag.py:1824} INFO - Sync 1 DAGs
[2022-07-10 08:33:12,671] {logging_mixin.py:104} INFO - [2022-07-10 08:33:12,671] {dag.py:2280} INFO - Setting next_dagrun for example_short_circuit_operator to 2022-07-08 00:00:00+00:00
[2022-07-10 08:33:12,677] {scheduler_job.py:190} INFO - Processing /home/airflow/.local/lib/python3.6/site-packages/airflow/example_dags/example_short_circuit_operator.py took 0.040 seconds
[2022-07-10 08:33:43,500] {scheduler_job.py:182} INFO - Started process (PID=103) to work on /home/airflow/.local/lib/python3.6/site-packages/airflow/example_dags/example_short_circuit_operator.py
[2022-07-10 08:33:43,501] {scheduler_job.py:629} INFO - Processing file /home/airflow/.local/lib/python3.6/site-packages/airflow/example_dags/example_short_circuit_operator.py for tasks to queue
[2022-07-10 08:33:43,501] {logging_mixin.py:104} INFO - [2022-07-10 08:33:43,501] {dagbag.py:451} INFO - Filling up the DagBag from /home/airflow/.local/lib/python3.6/site-packages/airflow/example_dags/example_short_circuit_operator.py
[2022-07-10 08:33:43,508] {scheduler_job.py:639} INFO - DAG(s) dict_keys(['example_short_circuit_operator']) retrieved from /home/airflow/.local/lib/python3.6/site-packages/airflow/example_dags/example_short_circuit_operator.py
[2022-07-10 08:33:43,522] {logging_mixin.py:104} INFO - [2022-07-10 08:33:43,522] {dag.py:1824} INFO - Sync 1 DAGs
[2022-07-10 08:33:43,533] {logging_mixin.py:104} INFO - [2022-07-10 08:33:43,533] {dag.py:2280} INFO - Setting next_dagrun for example_short_circuit_operator to 2022-07-08 00:00:00+00:00
[2022-07-10 08:33:43,539] {scheduler_job.py:190} INFO - Processing /home/airflow/.local/lib/python3.6/site-packages/airflow/example_dags/example_short_circuit_operator.py took 0.041 seconds
[2022-07-10 08:34:14,344] {scheduler_job.py:182} INFO - Started process (PID=129) to work on /home/airflow/.local/lib/python3.6/site-packages/airflow/example_dags/example_short_circuit_operator.py
[2022-07-10 08:34:14,344] {scheduler_job.py:629} INFO - Processing file /home/airflow/.local/lib/python3.6/site-packages/airflow/example_dags/example_short_circuit_operator.py for tasks to queue
[2022-07-10 08:34:14,345] {logging_mixin.py:104} INFO - [2022-07-10 08:34:14,345] {dagbag.py:451} INFO - Filling up the DagBag from /home/airflow/.local/lib/python3.6/site-packages/airflow/example_dags/example_short_circuit_operator.py
[2022-07-10 08:34:14,352] {scheduler_job.py:639} INFO - DAG(s) dict_keys(['example_short_circuit_operator']) retrieved from /home/airflow/.local/lib/python3.6/site-packages/airflow/example_dags/example_short_circuit_operator.py
[2022-07-10 08:34:14,365] {logging_mixin.py:104} INFO - [2022-07-10 08:34:14,365] {dag.py:1824} INFO - Sync 1 DAGs
[2022-07-10 08:34:14,376] {logging_mixin.py:104} INFO - [2022-07-10 08:34:14,376] {dag.py:2280} INFO - Setting next_dagrun for example_short_circuit_operator to 2022-07-08 00:00:00+00:00
[2022-07-10 08:34:14,381] {scheduler_job.py:190} INFO - Processing /home/airflow/.local/lib/python3.6/site-packages/airflow/example_dags/example_short_circuit_operator.py took 0.040 seconds
[2022-07-10 08:34:45,164] {scheduler_job.py:182} INFO - Started process (PID=155) to work on /home/airflow/.local/lib/python3.6/site-packages/airflow/example_dags/example_short_circuit_operator.py
[2022-07-10 08:34:45,164] {scheduler_job.py:629} INFO - Processing file /home/airflow/.local/lib/python3.6/site-packages/airflow/example_dags/example_short_circuit_operator.py for tasks to queue
[2022-07-10 08:34:45,165] {logging_mixin.py:104} INFO - [2022-07-10 08:34:45,165] {dagbag.py:451} INFO - Filling up the DagBag from /home/airflow/.local/lib/python3.6/site-packages/airflow/example_dags/example_short_circuit_operator.py
[2022-07-10 08:34:45,171] {scheduler_job.py:639} INFO - DAG(s) dict_keys(['example_short_circuit_operator']) retrieved from /home/airflow/.local/lib/python3.6/site-packages/airflow/example_dags/example_short_circuit_operator.py
[2022-07-10 08:34:45,184] {logging_mixin.py:104} INFO - [2022-07-10 08:34:45,184] {dag.py:1824} INFO - Sync 1 DAGs
[2022-07-10 08:34:45,193] {logging_mixin.py:104} INFO - [2022-07-10 08:34:45,193] {dag.py:2280} INFO - Setting next_dagrun for example_short_circuit_operator to 2022-07-08 00:00:00+00:00
[2022-07-10 08:34:45,199] {scheduler_job.py:190} INFO - Processing /home/airflow/.local/lib/python3.6/site-packages/airflow/example_dags/example_short_circuit_operator.py took 0.037 seconds
[2022-07-10 08:35:15,960] {scheduler_job.py:182} INFO - Started process (PID=181) to work on /home/airflow/.local/lib/python3.6/site-packages/airflow/example_dags/example_short_circuit_operator.py
[2022-07-10 08:35:15,961] {scheduler_job.py:629} INFO - Processing file /home/airflow/.local/lib/python3.6/site-packages/airflow/example_dags/example_short_circuit_operator.py for tasks to queue
[2022-07-10 08:35:15,962] {logging_mixin.py:104} INFO - [2022-07-10 08:35:15,962] {dagbag.py:451} INFO - Filling up the DagBag from /home/airflow/.local/lib/python3.6/site-packages/airflow/example_dags/example_short_circuit_operator.py
[2022-07-10 08:35:15,971] {scheduler_job.py:639} INFO - DAG(s) dict_keys(['example_short_circuit_operator']) retrieved from /home/airflow/.local/lib/python3.6/site-packages/airflow/example_dags/example_short_circuit_operator.py
[2022-07-10 08:35:15,986] {logging_mixin.py:104} INFO - [2022-07-10 08:35:15,986] {dag.py:1824} INFO - Sync 1 DAGs
[2022-07-10 08:35:15,995] {logging_mixin.py:104} INFO - [2022-07-10 08:35:15,995] {dag.py:2280} INFO - Setting next_dagrun for example_short_circuit_operator to 2022-07-08 00:00:00+00:00
[2022-07-10 08:35:16,001] {scheduler_job.py:190} INFO - Processing /home/airflow/.local/lib/python3.6/site-packages/airflow/example_dags/example_short_circuit_operator.py took 0.043 seconds
[2022-07-10 08:35:46,706] {scheduler_job.py:182} INFO - Started process (PID=207) to work on /home/airflow/.local/lib/python3.6/site-packages/airflow/example_dags/example_short_circuit_operator.py
[2022-07-10 08:35:46,707] {scheduler_job.py:629} INFO - Processing file /home/airflow/.local/lib/python3.6/site-packages/airflow/example_dags/example_short_circuit_operator.py for tasks to queue
[2022-07-10 08:35:46,707] {logging_mixin.py:104} INFO - [2022-07-10 08:35:46,707] {dagbag.py:451} INFO - Filling up the DagBag from /home/airflow/.local/lib/python3.6/site-packages/airflow/example_dags/example_short_circuit_operator.py
[2022-07-10 08:35:46,715] {scheduler_job.py:639} INFO - DAG(s) dict_keys(['example_short_circuit_operator']) retrieved from /home/airflow/.local/lib/python3.6/site-packages/airflow/example_dags/example_short_circuit_operator.py
[2022-07-10 08:35:46,729] {logging_mixin.py:104} INFO - [2022-07-10 08:35:46,729] {dag.py:1824} INFO - Sync 1 DAGs
[2022-07-10 08:35:46,738] {logging_mixin.py:104} INFO - [2022-07-10 08:35:46,738] {dag.py:2280} INFO - Setting next_dagrun for example_short_circuit_operator to 2022-07-08 00:00:00+00:00
[2022-07-10 08:35:46,744] {scheduler_job.py:190} INFO - Processing /home/airflow/.local/lib/python3.6/site-packages/airflow/example_dags/example_short_circuit_operator.py took 0.040 seconds
[2022-07-10 08:36:17,534] {scheduler_job.py:182} INFO - Started process (PID=233) to work on /home/airflow/.local/lib/python3.6/site-packages/airflow/example_dags/example_short_circuit_operator.py
[2022-07-10 08:36:17,535] {scheduler_job.py:629} INFO - Processing file /home/airflow/.local/lib/python3.6/site-packages/airflow/example_dags/example_short_circuit_operator.py for tasks to queue
[2022-07-10 08:36:17,536] {logging_mixin.py:104} INFO - [2022-07-10 08:36:17,536] {dagbag.py:451} INFO - Filling up the DagBag from /home/airflow/.local/lib/python3.6/site-packages/airflow/example_dags/example_short_circuit_operator.py
[2022-07-10 08:36:17,542] {scheduler_job.py:639} INFO - DAG(s) dict_keys(['example_short_circuit_operator']) retrieved from /home/airflow/.local/lib/python3.6/site-packages/airflow/example_dags/example_short_circuit_operator.py
[2022-07-10 08:36:17,556] {logging_mixin.py:104} INFO - [2022-07-10 08:36:17,556] {dag.py:1824} INFO - Sync 1 DAGs
[2022-07-10 08:36:17,565] {logging_mixin.py:104} INFO - [2022-07-10 08:36:17,565] {dag.py:2280} INFO - Setting next_dagrun for example_short_circuit_operator to 2022-07-08 00:00:00+00:00
[2022-07-10 08:36:17,571] {scheduler_job.py:190} INFO - Processing /home/airflow/.local/lib/python3.6/site-packages/airflow/example_dags/example_short_circuit_operator.py took 0.038 seconds
[2022-07-10 08:36:48,368] {scheduler_job.py:182} INFO - Started process (PID=259) to work on /home/airflow/.local/lib/python3.6/site-packages/airflow/example_dags/example_short_circuit_operator.py
[2022-07-10 08:36:48,369] {scheduler_job.py:629} INFO - Processing file /home/airflow/.local/lib/python3.6/site-packages/airflow/example_dags/example_short_circuit_operator.py for tasks to queue
[2022-07-10 08:36:48,369] {logging_mixin.py:104} INFO - [2022-07-10 08:36:48,369] {dagbag.py:451} INFO - Filling up the DagBag from /home/airflow/.local/lib/python3.6/site-packages/airflow/example_dags/example_short_circuit_operator.py
[2022-07-10 08:36:48,377] {scheduler_job.py:639} INFO - DAG(s) dict_keys(['example_short_circuit_operator']) retrieved from /home/airflow/.local/lib/python3.6/site-packages/airflow/example_dags/example_short_circuit_operator.py
[2022-07-10 08:36:48,392] {logging_mixin.py:104} INFO - [2022-07-10 08:36:48,392] {dag.py:1824} INFO - Sync 1 DAGs
[2022-07-10 08:36:48,400] {logging_mixin.py:104} INFO - [2022-07-10 08:36:48,400] {dag.py:2280} INFO - Setting next_dagrun for example_short_circuit_operator to 2022-07-08 00:00:00+00:00
[2022-07-10 08:36:48,406] {scheduler_job.py:190} INFO - Processing /home/airflow/.local/lib/python3.6/site-packages/airflow/example_dags/example_short_circuit_operator.py took 0.040 seconds
[2022-07-10 08:37:19,351] {scheduler_job.py:182} INFO - Started process (PID=285) to work on /home/airflow/.local/lib/python3.6/site-packages/airflow/example_dags/example_short_circuit_operator.py
[2022-07-10 08:37:19,352] {scheduler_job.py:629} INFO - Processing file /home/airflow/.local/lib/python3.6/site-packages/airflow/example_dags/example_short_circuit_operator.py for tasks to queue
[2022-07-10 08:37:19,352] {logging_mixin.py:104} INFO - [2022-07-10 08:37:19,352] {dagbag.py:451} INFO - Filling up the DagBag from /home/airflow/.local/lib/python3.6/site-packages/airflow/example_dags/example_short_circuit_operator.py
[2022-07-10 08:37:19,362] {scheduler_job.py:639} INFO - DAG(s) dict_keys(['example_short_circuit_operator']) retrieved from /home/airflow/.local/lib/python3.6/site-packages/airflow/example_dags/example_short_circuit_operator.py
[2022-07-10 08:37:19,374] {logging_mixin.py:104} INFO - [2022-07-10 08:37:19,374] {dag.py:1824} INFO - Sync 1 DAGs
[2022-07-10 08:37:19,383] {logging_mixin.py:104} INFO - [2022-07-10 08:37:19,383] {dag.py:2280} INFO - Setting next_dagrun for example_short_circuit_operator to 2022-07-08 00:00:00+00:00
[2022-07-10 08:37:19,389] {scheduler_job.py:190} INFO - Processing /home/airflow/.local/lib/python3.6/site-packages/airflow/example_dags/example_short_circuit_operator.py took 0.040 seconds
[2022-07-10 08:37:50,203] {scheduler_job.py:182} INFO - Started process (PID=311) to work on /home/airflow/.local/lib/python3.6/site-packages/airflow/example_dags/example_short_circuit_operator.py
[2022-07-10 08:37:50,204] {scheduler_job.py:629} INFO - Processing file /home/airflow/.local/lib/python3.6/site-packages/airflow/example_dags/example_short_circuit_operator.py for tasks to queue
[2022-07-10 08:37:50,204] {logging_mixin.py:104} INFO - [2022-07-10 08:37:50,204] {dagbag.py:451} INFO - Filling up the DagBag from /home/airflow/.local/lib/python3.6/site-packages/airflow/example_dags/example_short_circuit_operator.py
[2022-07-10 08:37:50,213] {scheduler_job.py:639} INFO - DAG(s) dict_keys(['example_short_circuit_operator']) retrieved from /home/airflow/.local/lib/python3.6/site-packages/airflow/example_dags/example_short_circuit_operator.py
[2022-07-10 08:37:50,225] {logging_mixin.py:104} INFO - [2022-07-10 08:37:50,225] {dag.py:1824} INFO - Sync 1 DAGs
[2022-07-10 08:37:50,233] {logging_mixin.py:104} INFO - [2022-07-10 08:37:50,233] {dag.py:2280} INFO - Setting next_dagrun for example_short_circuit_operator to 2022-07-08 00:00:00+00:00
[2022-07-10 08:37:50,239] {scheduler_job.py:190} INFO - Processing /home/airflow/.local/lib/python3.6/site-packages/airflow/example_dags/example_short_circuit_operator.py took 0.038 seconds
[2022-07-10 08:38:21,094] {scheduler_job.py:182} INFO - Started process (PID=337) to work on /home/airflow/.local/lib/python3.6/site-packages/airflow/example_dags/example_short_circuit_operator.py
[2022-07-10 08:38:21,095] {scheduler_job.py:629} INFO - Processing file /home/airflow/.local/lib/python3.6/site-packages/airflow/example_dags/example_short_circuit_operator.py for tasks to queue
[2022-07-10 08:38:21,095] {logging_mixin.py:104} INFO - [2022-07-10 08:38:21,095] {dagbag.py:451} INFO - Filling up the DagBag from /home/airflow/.local/lib/python3.6/site-packages/airflow/example_dags/example_short_circuit_operator.py
[2022-07-10 08:38:21,105] {scheduler_job.py:639} INFO - DAG(s) dict_keys(['example_short_circuit_operator']) retrieved from /home/airflow/.local/lib/python3.6/site-packages/airflow/example_dags/example_short_circuit_operator.py
[2022-07-10 08:38:21,117] {logging_mixin.py:104} INFO - [2022-07-10 08:38:21,117] {dag.py:1824} INFO - Sync 1 DAGs
[2022-07-10 08:38:21,125] {logging_mixin.py:104} INFO - [2022-07-10 08:38:21,125] {dag.py:2280} INFO - Setting next_dagrun for example_short_circuit_operator to 2022-07-08 00:00:00+00:00
[2022-07-10 08:38:21,132] {scheduler_job.py:190} INFO - Processing /home/airflow/.local/lib/python3.6/site-packages/airflow/example_dags/example_short_circuit_operator.py took 0.040 seconds
[2022-07-10 08:38:52,106] {scheduler_job.py:182} INFO - Started process (PID=363) to work on /home/airflow/.local/lib/python3.6/site-packages/airflow/example_dags/example_short_circuit_operator.py
[2022-07-10 08:38:52,107] {scheduler_job.py:629} INFO - Processing file /home/airflow/.local/lib/python3.6/site-packages/airflow/example_dags/example_short_circuit_operator.py for tasks to queue
[2022-07-10 08:38:52,107] {logging_mixin.py:104} INFO - [2022-07-10 08:38:52,107] {dagbag.py:451} INFO - Filling up the DagBag from /home/airflow/.local/lib/python3.6/site-packages/airflow/example_dags/example_short_circuit_operator.py
[2022-07-10 08:38:52,116] {scheduler_job.py:639} INFO - DAG(s) dict_keys(['example_short_circuit_operator']) retrieved from /home/airflow/.local/lib/python3.6/site-packages/airflow/example_dags/example_short_circuit_operator.py
[2022-07-10 08:38:52,127] {logging_mixin.py:104} INFO - [2022-07-10 08:38:52,127] {dag.py:1824} INFO - Sync 1 DAGs
[2022-07-10 08:38:52,136] {logging_mixin.py:104} INFO - [2022-07-10 08:38:52,136] {dag.py:2280} INFO - Setting next_dagrun for example_short_circuit_operator to 2022-07-08 00:00:00+00:00
[2022-07-10 08:38:52,142] {scheduler_job.py:190} INFO - Processing /home/airflow/.local/lib/python3.6/site-packages/airflow/example_dags/example_short_circuit_operator.py took 0.038 seconds
[2022-07-10 08:39:22,971] {scheduler_job.py:182} INFO - Started process (PID=389) to work on /home/airflow/.local/lib/python3.6/site-packages/airflow/example_dags/example_short_circuit_operator.py
[2022-07-10 08:39:22,972] {scheduler_job.py:629} INFO - Processing file /home/airflow/.local/lib/python3.6/site-packages/airflow/example_dags/example_short_circuit_operator.py for tasks to queue
[2022-07-10 08:39:22,973] {logging_mixin.py:104} INFO - [2022-07-10 08:39:22,973] {dagbag.py:451} INFO - Filling up the DagBag from /home/airflow/.local/lib/python3.6/site-packages/airflow/example_dags/example_short_circuit_operator.py
[2022-07-10 08:39:22,981] {scheduler_job.py:639} INFO - DAG(s) dict_keys(['example_short_circuit_operator']) retrieved from /home/airflow/.local/lib/python3.6/site-packages/airflow/example_dags/example_short_circuit_operator.py
[2022-07-10 08:39:22,993] {logging_mixin.py:104} INFO - [2022-07-10 08:39:22,993] {dag.py:1824} INFO - Sync 1 DAGs
[2022-07-10 08:39:23,002] {logging_mixin.py:104} INFO - [2022-07-10 08:39:23,002] {dag.py:2280} INFO - Setting next_dagrun for example_short_circuit_operator to 2022-07-08 00:00:00+00:00
[2022-07-10 08:39:23,008] {scheduler_job.py:190} INFO - Processing /home/airflow/.local/lib/python3.6/site-packages/airflow/example_dags/example_short_circuit_operator.py took 0.038 seconds
[2022-07-10 08:39:53,779] {scheduler_job.py:182} INFO - Started process (PID=415) to work on /home/airflow/.local/lib/python3.6/site-packages/airflow/example_dags/example_short_circuit_operator.py
[2022-07-10 08:39:53,782] {scheduler_job.py:629} INFO - Processing file /home/airflow/.local/lib/python3.6/site-packages/airflow/example_dags/example_short_circuit_operator.py for tasks to queue
[2022-07-10 08:39:53,782] {logging_mixin.py:104} INFO - [2022-07-10 08:39:53,782] {dagbag.py:451} INFO - Filling up the DagBag from /home/airflow/.local/lib/python3.6/site-packages/airflow/example_dags/example_short_circuit_operator.py
[2022-07-10 08:39:53,789] {scheduler_job.py:639} INFO - DAG(s) dict_keys(['example_short_circuit_operator']) retrieved from /home/airflow/.local/lib/python3.6/site-packages/airflow/example_dags/example_short_circuit_operator.py
[2022-07-10 08:39:53,800] {logging_mixin.py:104} INFO - [2022-07-10 08:39:53,800] {dag.py:1824} INFO - Sync 1 DAGs
[2022-07-10 08:39:53,809] {logging_mixin.py:104} INFO - [2022-07-10 08:39:53,809] {dag.py:2280} INFO - Setting next_dagrun for example_short_circuit_operator to 2022-07-08 00:00:00+00:00
[2022-07-10 08:39:53,815] {scheduler_job.py:190} INFO - Processing /home/airflow/.local/lib/python3.6/site-packages/airflow/example_dags/example_short_circuit_operator.py took 0.037 seconds
[2022-07-10 08:40:24,645] {scheduler_job.py:182} INFO - Started process (PID=441) to work on /home/airflow/.local/lib/python3.6/site-packages/airflow/example_dags/example_short_circuit_operator.py
[2022-07-10 08:40:24,646] {scheduler_job.py:629} INFO - Processing file /home/airflow/.local/lib/python3.6/site-packages/airflow/example_dags/example_short_circuit_operator.py for tasks to queue
[2022-07-10 08:40:24,646] {logging_mixin.py:104} INFO - [2022-07-10 08:40:24,646] {dagbag.py:451} INFO - Filling up the DagBag from /home/airflow/.local/lib/python3.6/site-packages/airflow/example_dags/example_short_circuit_operator.py
[2022-07-10 08:40:24,653] {scheduler_job.py:639} INFO - DAG(s) dict_keys(['example_short_circuit_operator']) retrieved from /home/airflow/.local/lib/python3.6/site-packages/airflow/example_dags/example_short_circuit_operator.py
[2022-07-10 08:40:24,666] {logging_mixin.py:104} INFO - [2022-07-10 08:40:24,666] {dag.py:1824} INFO - Sync 1 DAGs
[2022-07-10 08:40:24,675] {logging_mixin.py:104} INFO - [2022-07-10 08:40:24,675] {dag.py:2280} INFO - Setting next_dagrun for example_short_circuit_operator to 2022-07-08 00:00:00+00:00
[2022-07-10 08:40:24,682] {scheduler_job.py:190} INFO - Processing /home/airflow/.local/lib/python3.6/site-packages/airflow/example_dags/example_short_circuit_operator.py took 0.038 seconds
[2022-07-10 08:40:55,433] {scheduler_job.py:182} INFO - Started process (PID=467) to work on /home/airflow/.local/lib/python3.6/site-packages/airflow/example_dags/example_short_circuit_operator.py
[2022-07-10 08:40:55,434] {scheduler_job.py:629} INFO - Processing file /home/airflow/.local/lib/python3.6/site-packages/airflow/example_dags/example_short_circuit_operator.py for tasks to queue
[2022-07-10 08:40:55,435] {logging_mixin.py:104} INFO - [2022-07-10 08:40:55,434] {dagbag.py:451} INFO - Filling up the DagBag from /home/airflow/.local/lib/python3.6/site-packages/airflow/example_dags/example_short_circuit_operator.py
[2022-07-10 08:40:55,442] {scheduler_job.py:639} INFO - DAG(s) dict_keys(['example_short_circuit_operator']) retrieved from /home/airflow/.local/lib/python3.6/site-packages/airflow/example_dags/example_short_circuit_operator.py
[2022-07-10 08:40:55,453] {logging_mixin.py:104} INFO - [2022-07-10 08:40:55,453] {dag.py:1824} INFO - Sync 1 DAGs
[2022-07-10 08:40:55,462] {logging_mixin.py:104} INFO - [2022-07-10 08:40:55,461] {dag.py:2280} INFO - Setting next_dagrun for example_short_circuit_operator to 2022-07-08 00:00:00+00:00
[2022-07-10 08:40:55,468] {scheduler_job.py:190} INFO - Processing /home/airflow/.local/lib/python3.6/site-packages/airflow/example_dags/example_short_circuit_operator.py took 0.036 seconds
[2022-07-10 08:41:26,216] {scheduler_job.py:182} INFO - Started process (PID=493) to work on /home/airflow/.local/lib/python3.6/site-packages/airflow/example_dags/example_short_circuit_operator.py
[2022-07-10 08:41:26,217] {scheduler_job.py:629} INFO - Processing file /home/airflow/.local/lib/python3.6/site-packages/airflow/example_dags/example_short_circuit_operator.py for tasks to queue
[2022-07-10 08:41:26,218] {logging_mixin.py:104} INFO - [2022-07-10 08:41:26,218] {dagbag.py:451} INFO - Filling up the DagBag from /home/airflow/.local/lib/python3.6/site-packages/airflow/example_dags/example_short_circuit_operator.py
[2022-07-10 08:41:26,225] {scheduler_job.py:639} INFO - DAG(s) dict_keys(['example_short_circuit_operator']) retrieved from /home/airflow/.local/lib/python3.6/site-packages/airflow/example_dags/example_short_circuit_operator.py
[2022-07-10 08:41:26,238] {logging_mixin.py:104} INFO - [2022-07-10 08:41:26,238] {dag.py:1824} INFO - Sync 1 DAGs
[2022-07-10 08:41:26,247] {logging_mixin.py:104} INFO - [2022-07-10 08:41:26,247] {dag.py:2280} INFO - Setting next_dagrun for example_short_circuit_operator to 2022-07-08 00:00:00+00:00
[2022-07-10 08:41:26,253] {scheduler_job.py:190} INFO - Processing /home/airflow/.local/lib/python3.6/site-packages/airflow/example_dags/example_short_circuit_operator.py took 0.038 seconds
[2022-07-10 08:41:57,033] {scheduler_job.py:182} INFO - Started process (PID=519) to work on /home/airflow/.local/lib/python3.6/site-packages/airflow/example_dags/example_short_circuit_operator.py
[2022-07-10 08:41:57,034] {scheduler_job.py:629} INFO - Processing file /home/airflow/.local/lib/python3.6/site-packages/airflow/example_dags/example_short_circuit_operator.py for tasks to queue
[2022-07-10 08:41:57,035] {logging_mixin.py:104} INFO - [2022-07-10 08:41:57,035] {dagbag.py:451} INFO - Filling up the DagBag from /home/airflow/.local/lib/python3.6/site-packages/airflow/example_dags/example_short_circuit_operator.py
[2022-07-10 08:41:57,042] {scheduler_job.py:639} INFO - DAG(s) dict_keys(['example_short_circuit_operator']) retrieved from /home/airflow/.local/lib/python3.6/site-packages/airflow/example_dags/example_short_circuit_operator.py
[2022-07-10 08:41:57,054] {logging_mixin.py:104} INFO - [2022-07-10 08:41:57,053] {dag.py:1824} INFO - Sync 1 DAGs
[2022-07-10 08:41:57,063] {logging_mixin.py:104} INFO - [2022-07-10 08:41:57,063] {dag.py:2280} INFO - Setting next_dagrun for example_short_circuit_operator to 2022-07-08 00:00:00+00:00
[2022-07-10 08:41:57,069] {scheduler_job.py:190} INFO - Processing /home/airflow/.local/lib/python3.6/site-packages/airflow/example_dags/example_short_circuit_operator.py took 0.037 seconds
[2022-07-10 08:42:27,889] {scheduler_job.py:182} INFO - Started process (PID=545) to work on /home/airflow/.local/lib/python3.6/site-packages/airflow/example_dags/example_short_circuit_operator.py
[2022-07-10 08:42:27,890] {scheduler_job.py:629} INFO - Processing file /home/airflow/.local/lib/python3.6/site-packages/airflow/example_dags/example_short_circuit_operator.py for tasks to queue
[2022-07-10 08:42:27,891] {logging_mixin.py:104} INFO - [2022-07-10 08:42:27,891] {dagbag.py:451} INFO - Filling up the DagBag from /home/airflow/.local/lib/python3.6/site-packages/airflow/example_dags/example_short_circuit_operator.py
[2022-07-10 08:42:27,898] {scheduler_job.py:639} INFO - DAG(s) dict_keys(['example_short_circuit_operator']) retrieved from /home/airflow/.local/lib/python3.6/site-packages/airflow/example_dags/example_short_circuit_operator.py
[2022-07-10 08:42:27,910] {logging_mixin.py:104} INFO - [2022-07-10 08:42:27,909] {dag.py:1824} INFO - Sync 1 DAGs
[2022-07-10 08:42:27,919] {logging_mixin.py:104} INFO - [2022-07-10 08:42:27,919] {dag.py:2280} INFO - Setting next_dagrun for example_short_circuit_operator to 2022-07-08 00:00:00+00:00
[2022-07-10 08:42:27,925] {scheduler_job.py:190} INFO - Processing /home/airflow/.local/lib/python3.6/site-packages/airflow/example_dags/example_short_circuit_operator.py took 0.037 seconds
[2022-07-10 08:42:58,676] {scheduler_job.py:182} INFO - Started process (PID=571) to work on /home/airflow/.local/lib/python3.6/site-packages/airflow/example_dags/example_short_circuit_operator.py
[2022-07-10 08:42:58,677] {scheduler_job.py:629} INFO - Processing file /home/airflow/.local/lib/python3.6/site-packages/airflow/example_dags/example_short_circuit_operator.py for tasks to queue
[2022-07-10 08:42:58,677] {logging_mixin.py:104} INFO - [2022-07-10 08:42:58,677] {dagbag.py:451} INFO - Filling up the DagBag from /home/airflow/.local/lib/python3.6/site-packages/airflow/example_dags/example_short_circuit_operator.py
[2022-07-10 08:42:58,684] {scheduler_job.py:639} INFO - DAG(s) dict_keys(['example_short_circuit_operator']) retrieved from /home/airflow/.local/lib/python3.6/site-packages/airflow/example_dags/example_short_circuit_operator.py
[2022-07-10 08:42:58,697] {logging_mixin.py:104} INFO - [2022-07-10 08:42:58,697] {dag.py:1824} INFO - Sync 1 DAGs
[2022-07-10 08:42:58,706] {logging_mixin.py:104} INFO - [2022-07-10 08:42:58,706] {dag.py:2280} INFO - Setting next_dagrun for example_short_circuit_operator to 2022-07-08 00:00:00+00:00
[2022-07-10 08:42:58,712] {scheduler_job.py:190} INFO - Processing /home/airflow/.local/lib/python3.6/site-packages/airflow/example_dags/example_short_circuit_operator.py took 0.038 seconds
[2022-07-10 08:43:29,489] {scheduler_job.py:182} INFO - Started process (PID=597) to work on /home/airflow/.local/lib/python3.6/site-packages/airflow/example_dags/example_short_circuit_operator.py
[2022-07-10 08:43:29,490] {scheduler_job.py:629} INFO - Processing file /home/airflow/.local/lib/python3.6/site-packages/airflow/example_dags/example_short_circuit_operator.py for tasks to queue
[2022-07-10 08:43:29,490] {logging_mixin.py:104} INFO - [2022-07-10 08:43:29,490] {dagbag.py:451} INFO - Filling up the DagBag from /home/airflow/.local/lib/python3.6/site-packages/airflow/example_dags/example_short_circuit_operator.py
[2022-07-10 08:43:29,497] {scheduler_job.py:639} INFO - DAG(s) dict_keys(['example_short_circuit_operator']) retrieved from /home/airflow/.local/lib/python3.6/site-packages/airflow/example_dags/example_short_circuit_operator.py
[2022-07-10 08:43:29,510] {logging_mixin.py:104} INFO - [2022-07-10 08:43:29,510] {dag.py:1824} INFO - Sync 1 DAGs
[2022-07-10 08:43:29,519] {logging_mixin.py:104} INFO - [2022-07-10 08:43:29,519] {dag.py:2280} INFO - Setting next_dagrun for example_short_circuit_operator to 2022-07-08 00:00:00+00:00
[2022-07-10 08:43:29,525] {scheduler_job.py:190} INFO - Processing /home/airflow/.local/lib/python3.6/site-packages/airflow/example_dags/example_short_circuit_operator.py took 0.038 seconds
[2022-07-10 08:44:00,284] {scheduler_job.py:182} INFO - Started process (PID=623) to work on /home/airflow/.local/lib/python3.6/site-packages/airflow/example_dags/example_short_circuit_operator.py
[2022-07-10 08:44:00,285] {scheduler_job.py:629} INFO - Processing file /home/airflow/.local/lib/python3.6/site-packages/airflow/example_dags/example_short_circuit_operator.py for tasks to queue
[2022-07-10 08:44:00,285] {logging_mixin.py:104} INFO - [2022-07-10 08:44:00,285] {dagbag.py:451} INFO - Filling up the DagBag from /home/airflow/.local/lib/python3.6/site-packages/airflow/example_dags/example_short_circuit_operator.py
[2022-07-10 08:44:00,292] {scheduler_job.py:639} INFO - DAG(s) dict_keys(['example_short_circuit_operator']) retrieved from /home/airflow/.local/lib/python3.6/site-packages/airflow/example_dags/example_short_circuit_operator.py
[2022-07-10 08:44:00,304] {logging_mixin.py:104} INFO - [2022-07-10 08:44:00,304] {dag.py:1824} INFO - Sync 1 DAGs
[2022-07-10 08:44:00,313] {logging_mixin.py:104} INFO - [2022-07-10 08:44:00,313] {dag.py:2280} INFO - Setting next_dagrun for example_short_circuit_operator to 2022-07-08 00:00:00+00:00
[2022-07-10 08:44:00,320] {scheduler_job.py:190} INFO - Processing /home/airflow/.local/lib/python3.6/site-packages/airflow/example_dags/example_short_circuit_operator.py took 0.038 seconds
[2022-07-10 08:44:31,071] {scheduler_job.py:182} INFO - Started process (PID=649) to work on /home/airflow/.local/lib/python3.6/site-packages/airflow/example_dags/example_short_circuit_operator.py
[2022-07-10 08:44:31,072] {scheduler_job.py:629} INFO - Processing file /home/airflow/.local/lib/python3.6/site-packages/airflow/example_dags/example_short_circuit_operator.py for tasks to queue
[2022-07-10 08:44:31,072] {logging_mixin.py:104} INFO - [2022-07-10 08:44:31,072] {dagbag.py:451} INFO - Filling up the DagBag from /home/airflow/.local/lib/python3.6/site-packages/airflow/example_dags/example_short_circuit_operator.py
[2022-07-10 08:44:31,080] {scheduler_job.py:639} INFO - DAG(s) dict_keys(['example_short_circuit_operator']) retrieved from /home/airflow/.local/lib/python3.6/site-packages/airflow/example_dags/example_short_circuit_operator.py
[2022-07-10 08:44:31,092] {logging_mixin.py:104} INFO - [2022-07-10 08:44:31,091] {dag.py:1824} INFO - Sync 1 DAGs
[2022-07-10 08:44:31,101] {logging_mixin.py:104} INFO - [2022-07-10 08:44:31,101] {dag.py:2280} INFO - Setting next_dagrun for example_short_circuit_operator to 2022-07-08 00:00:00+00:00
[2022-07-10 08:44:31,107] {scheduler_job.py:190} INFO - Processing /home/airflow/.local/lib/python3.6/site-packages/airflow/example_dags/example_short_circuit_operator.py took 0.037 seconds
[2022-07-10 08:45:01,874] {scheduler_job.py:182} INFO - Started process (PID=675) to work on /home/airflow/.local/lib/python3.6/site-packages/airflow/example_dags/example_short_circuit_operator.py
[2022-07-10 08:45:01,875] {scheduler_job.py:629} INFO - Processing file /home/airflow/.local/lib/python3.6/site-packages/airflow/example_dags/example_short_circuit_operator.py for tasks to queue
[2022-07-10 08:45:01,876] {logging_mixin.py:104} INFO - [2022-07-10 08:45:01,876] {dagbag.py:451} INFO - Filling up the DagBag from /home/airflow/.local/lib/python3.6/site-packages/airflow/example_dags/example_short_circuit_operator.py
[2022-07-10 08:45:01,883] {scheduler_job.py:639} INFO - DAG(s) dict_keys(['example_short_circuit_operator']) retrieved from /home/airflow/.local/lib/python3.6/site-packages/airflow/example_dags/example_short_circuit_operator.py
[2022-07-10 08:45:01,895] {logging_mixin.py:104} INFO - [2022-07-10 08:45:01,894] {dag.py:1824} INFO - Sync 1 DAGs
[2022-07-10 08:45:01,903] {logging_mixin.py:104} INFO - [2022-07-10 08:45:01,903] {dag.py:2280} INFO - Setting next_dagrun for example_short_circuit_operator to 2022-07-08 00:00:00+00:00
[2022-07-10 08:45:01,909] {scheduler_job.py:190} INFO - Processing /home/airflow/.local/lib/python3.6/site-packages/airflow/example_dags/example_short_circuit_operator.py took 0.037 seconds
[2022-07-10 08:45:32,623] {scheduler_job.py:182} INFO - Started process (PID=701) to work on /home/airflow/.local/lib/python3.6/site-packages/airflow/example_dags/example_short_circuit_operator.py
[2022-07-10 08:45:32,623] {scheduler_job.py:629} INFO - Processing file /home/airflow/.local/lib/python3.6/site-packages/airflow/example_dags/example_short_circuit_operator.py for tasks to queue
[2022-07-10 08:45:32,624] {logging_mixin.py:104} INFO - [2022-07-10 08:45:32,624] {dagbag.py:451} INFO - Filling up the DagBag from /home/airflow/.local/lib/python3.6/site-packages/airflow/example_dags/example_short_circuit_operator.py
[2022-07-10 08:45:32,631] {scheduler_job.py:639} INFO - DAG(s) dict_keys(['example_short_circuit_operator']) retrieved from /home/airflow/.local/lib/python3.6/site-packages/airflow/example_dags/example_short_circuit_operator.py
[2022-07-10 08:45:32,644] {logging_mixin.py:104} INFO - [2022-07-10 08:45:32,644] {dag.py:1824} INFO - Sync 1 DAGs
[2022-07-10 08:45:32,652] {logging_mixin.py:104} INFO - [2022-07-10 08:45:32,652] {dag.py:2280} INFO - Setting next_dagrun for example_short_circuit_operator to 2022-07-08 00:00:00+00:00
[2022-07-10 08:45:32,658] {scheduler_job.py:190} INFO - Processing /home/airflow/.local/lib/python3.6/site-packages/airflow/example_dags/example_short_circuit_operator.py took 0.037 seconds
[2022-07-10 08:46:03,490] {scheduler_job.py:182} INFO - Started process (PID=727) to work on /home/airflow/.local/lib/python3.6/site-packages/airflow/example_dags/example_short_circuit_operator.py
[2022-07-10 08:46:03,490] {scheduler_job.py:629} INFO - Processing file /home/airflow/.local/lib/python3.6/site-packages/airflow/example_dags/example_short_circuit_operator.py for tasks to queue
[2022-07-10 08:46:03,491] {logging_mixin.py:104} INFO - [2022-07-10 08:46:03,491] {dagbag.py:451} INFO - Filling up the DagBag from /home/airflow/.local/lib/python3.6/site-packages/airflow/example_dags/example_short_circuit_operator.py
[2022-07-10 08:46:03,498] {scheduler_job.py:639} INFO - DAG(s) dict_keys(['example_short_circuit_operator']) retrieved from /home/airflow/.local/lib/python3.6/site-packages/airflow/example_dags/example_short_circuit_operator.py
[2022-07-10 08:46:03,510] {logging_mixin.py:104} INFO - [2022-07-10 08:46:03,510] {dag.py:1824} INFO - Sync 1 DAGs
[2022-07-10 08:46:03,518] {logging_mixin.py:104} INFO - [2022-07-10 08:46:03,518] {dag.py:2280} INFO - Setting next_dagrun for example_short_circuit_operator to 2022-07-08 00:00:00+00:00
[2022-07-10 08:46:03,525] {scheduler_job.py:190} INFO - Processing /home/airflow/.local/lib/python3.6/site-packages/airflow/example_dags/example_short_circuit_operator.py took 0.036 seconds
[2022-07-10 08:46:34,308] {scheduler_job.py:182} INFO - Started process (PID=753) to work on /home/airflow/.local/lib/python3.6/site-packages/airflow/example_dags/example_short_circuit_operator.py
[2022-07-10 08:46:34,309] {scheduler_job.py:629} INFO - Processing file /home/airflow/.local/lib/python3.6/site-packages/airflow/example_dags/example_short_circuit_operator.py for tasks to queue
[2022-07-10 08:46:34,309] {logging_mixin.py:104} INFO - [2022-07-10 08:46:34,309] {dagbag.py:451} INFO - Filling up the DagBag from /home/airflow/.local/lib/python3.6/site-packages/airflow/example_dags/example_short_circuit_operator.py
[2022-07-10 08:46:34,316] {scheduler_job.py:639} INFO - DAG(s) dict_keys(['example_short_circuit_operator']) retrieved from /home/airflow/.local/lib/python3.6/site-packages/airflow/example_dags/example_short_circuit_operator.py
[2022-07-10 08:46:34,328] {logging_mixin.py:104} INFO - [2022-07-10 08:46:34,328] {dag.py:1824} INFO - Sync 1 DAGs
[2022-07-10 08:46:34,337] {logging_mixin.py:104} INFO - [2022-07-10 08:46:34,337] {dag.py:2280} INFO - Setting next_dagrun for example_short_circuit_operator to 2022-07-08 00:00:00+00:00
[2022-07-10 08:46:34,343] {scheduler_job.py:190} INFO - Processing /home/airflow/.local/lib/python3.6/site-packages/airflow/example_dags/example_short_circuit_operator.py took 0.037 seconds
[2022-07-10 08:47:05,191] {scheduler_job.py:182} INFO - Started process (PID=779) to work on /home/airflow/.local/lib/python3.6/site-packages/airflow/example_dags/example_short_circuit_operator.py
[2022-07-10 08:47:05,192] {scheduler_job.py:629} INFO - Processing file /home/airflow/.local/lib/python3.6/site-packages/airflow/example_dags/example_short_circuit_operator.py for tasks to queue
[2022-07-10 08:47:05,193] {logging_mixin.py:104} INFO - [2022-07-10 08:47:05,193] {dagbag.py:451} INFO - Filling up the DagBag from /home/airflow/.local/lib/python3.6/site-packages/airflow/example_dags/example_short_circuit_operator.py
[2022-07-10 08:47:05,200] {scheduler_job.py:639} INFO - DAG(s) dict_keys(['example_short_circuit_operator']) retrieved from /home/airflow/.local/lib/python3.6/site-packages/airflow/example_dags/example_short_circuit_operator.py
[2022-07-10 08:47:05,212] {logging_mixin.py:104} INFO - [2022-07-10 08:47:05,212] {dag.py:1824} INFO - Sync 1 DAGs
[2022-07-10 08:47:05,222] {logging_mixin.py:104} INFO - [2022-07-10 08:47:05,221] {dag.py:2280} INFO - Setting next_dagrun for example_short_circuit_operator to 2022-07-08 00:00:00+00:00
[2022-07-10 08:47:05,227] {scheduler_job.py:190} INFO - Processing /home/airflow/.local/lib/python3.6/site-packages/airflow/example_dags/example_short_circuit_operator.py took 0.038 seconds
[2022-07-10 08:47:36,145] {scheduler_job.py:182} INFO - Started process (PID=805) to work on /home/airflow/.local/lib/python3.6/site-packages/airflow/example_dags/example_short_circuit_operator.py
[2022-07-10 08:47:36,146] {scheduler_job.py:629} INFO - Processing file /home/airflow/.local/lib/python3.6/site-packages/airflow/example_dags/example_short_circuit_operator.py for tasks to queue
[2022-07-10 08:47:36,147] {logging_mixin.py:104} INFO - [2022-07-10 08:47:36,146] {dagbag.py:451} INFO - Filling up the DagBag from /home/airflow/.local/lib/python3.6/site-packages/airflow/example_dags/example_short_circuit_operator.py
[2022-07-10 08:47:36,154] {scheduler_job.py:639} INFO - DAG(s) dict_keys(['example_short_circuit_operator']) retrieved from /home/airflow/.local/lib/python3.6/site-packages/airflow/example_dags/example_short_circuit_operator.py
[2022-07-10 08:47:36,167] {logging_mixin.py:104} INFO - [2022-07-10 08:47:36,167] {dag.py:1824} INFO - Sync 1 DAGs
[2022-07-10 08:47:36,176] {logging_mixin.py:104} INFO - [2022-07-10 08:47:36,176] {dag.py:2280} INFO - Setting next_dagrun for example_short_circuit_operator to 2022-07-08 00:00:00+00:00
[2022-07-10 08:47:36,182] {scheduler_job.py:190} INFO - Processing /home/airflow/.local/lib/python3.6/site-packages/airflow/example_dags/example_short_circuit_operator.py took 0.038 seconds
[2022-07-10 08:48:06,960] {scheduler_job.py:182} INFO - Started process (PID=831) to work on /home/airflow/.local/lib/python3.6/site-packages/airflow/example_dags/example_short_circuit_operator.py
[2022-07-10 08:48:06,961] {scheduler_job.py:629} INFO - Processing file /home/airflow/.local/lib/python3.6/site-packages/airflow/example_dags/example_short_circuit_operator.py for tasks to queue
[2022-07-10 08:48:06,962] {logging_mixin.py:104} INFO - [2022-07-10 08:48:06,962] {dagbag.py:451} INFO - Filling up the DagBag from /home/airflow/.local/lib/python3.6/site-packages/airflow/example_dags/example_short_circuit_operator.py
[2022-07-10 08:48:06,969] {scheduler_job.py:639} INFO - DAG(s) dict_keys(['example_short_circuit_operator']) retrieved from /home/airflow/.local/lib/python3.6/site-packages/airflow/example_dags/example_short_circuit_operator.py
[2022-07-10 08:48:06,982] {logging_mixin.py:104} INFO - [2022-07-10 08:48:06,981] {dag.py:1824} INFO - Sync 1 DAGs
[2022-07-10 08:48:06,991] {logging_mixin.py:104} INFO - [2022-07-10 08:48:06,991] {dag.py:2280} INFO - Setting next_dagrun for example_short_circuit_operator to 2022-07-08 00:00:00+00:00
[2022-07-10 08:48:06,997] {scheduler_job.py:190} INFO - Processing /home/airflow/.local/lib/python3.6/site-packages/airflow/example_dags/example_short_circuit_operator.py took 0.038 seconds
[2022-07-10 08:48:37,769] {scheduler_job.py:182} INFO - Started process (PID=857) to work on /home/airflow/.local/lib/python3.6/site-packages/airflow/example_dags/example_short_circuit_operator.py
[2022-07-10 08:48:37,770] {scheduler_job.py:629} INFO - Processing file /home/airflow/.local/lib/python3.6/site-packages/airflow/example_dags/example_short_circuit_operator.py for tasks to queue
[2022-07-10 08:48:37,771] {logging_mixin.py:104} INFO - [2022-07-10 08:48:37,771] {dagbag.py:451} INFO - Filling up the DagBag from /home/airflow/.local/lib/python3.6/site-packages/airflow/example_dags/example_short_circuit_operator.py
[2022-07-10 08:48:37,778] {scheduler_job.py:639} INFO - DAG(s) dict_keys(['example_short_circuit_operator']) retrieved from /home/airflow/.local/lib/python3.6/site-packages/airflow/example_dags/example_short_circuit_operator.py
[2022-07-10 08:48:37,792] {logging_mixin.py:104} INFO - [2022-07-10 08:48:37,792] {dag.py:1824} INFO - Sync 1 DAGs
[2022-07-10 08:48:37,802] {logging_mixin.py:104} INFO - [2022-07-10 08:48:37,802] {dag.py:2280} INFO - Setting next_dagrun for example_short_circuit_operator to 2022-07-08 00:00:00+00:00
[2022-07-10 08:48:37,809] {scheduler_job.py:190} INFO - Processing /home/airflow/.local/lib/python3.6/site-packages/airflow/example_dags/example_short_circuit_operator.py took 0.042 seconds
[2022-07-10 08:49:08,698] {scheduler_job.py:182} INFO - Started process (PID=883) to work on /home/airflow/.local/lib/python3.6/site-packages/airflow/example_dags/example_short_circuit_operator.py
[2022-07-10 08:49:08,699] {scheduler_job.py:629} INFO - Processing file /home/airflow/.local/lib/python3.6/site-packages/airflow/example_dags/example_short_circuit_operator.py for tasks to queue
[2022-07-10 08:49:08,700] {logging_mixin.py:104} INFO - [2022-07-10 08:49:08,700] {dagbag.py:451} INFO - Filling up the DagBag from /home/airflow/.local/lib/python3.6/site-packages/airflow/example_dags/example_short_circuit_operator.py
[2022-07-10 08:49:08,707] {scheduler_job.py:639} INFO - DAG(s) dict_keys(['example_short_circuit_operator']) retrieved from /home/airflow/.local/lib/python3.6/site-packages/airflow/example_dags/example_short_circuit_operator.py
[2022-07-10 08:49:08,718] {logging_mixin.py:104} INFO - [2022-07-10 08:49:08,718] {dag.py:1824} INFO - Sync 1 DAGs
[2022-07-10 08:49:08,727] {logging_mixin.py:104} INFO - [2022-07-10 08:49:08,727] {dag.py:2280} INFO - Setting next_dagrun for example_short_circuit_operator to 2022-07-08 00:00:00+00:00
[2022-07-10 08:49:08,733] {scheduler_job.py:190} INFO - Processing /home/airflow/.local/lib/python3.6/site-packages/airflow/example_dags/example_short_circuit_operator.py took 0.036 seconds
[2022-07-10 08:49:39,455] {scheduler_job.py:182} INFO - Started process (PID=909) to work on /home/airflow/.local/lib/python3.6/site-packages/airflow/example_dags/example_short_circuit_operator.py
[2022-07-10 08:49:39,456] {scheduler_job.py:629} INFO - Processing file /home/airflow/.local/lib/python3.6/site-packages/airflow/example_dags/example_short_circuit_operator.py for tasks to queue
[2022-07-10 08:49:39,457] {logging_mixin.py:104} INFO - [2022-07-10 08:49:39,456] {dagbag.py:451} INFO - Filling up the DagBag from /home/airflow/.local/lib/python3.6/site-packages/airflow/example_dags/example_short_circuit_operator.py
[2022-07-10 08:49:39,464] {scheduler_job.py:639} INFO - DAG(s) dict_keys(['example_short_circuit_operator']) retrieved from /home/airflow/.local/lib/python3.6/site-packages/airflow/example_dags/example_short_circuit_operator.py
[2022-07-10 08:49:39,478] {logging_mixin.py:104} INFO - [2022-07-10 08:49:39,478] {dag.py:1824} INFO - Sync 1 DAGs
[2022-07-10 08:49:39,488] {logging_mixin.py:104} INFO - [2022-07-10 08:49:39,487] {dag.py:2280} INFO - Setting next_dagrun for example_short_circuit_operator to 2022-07-08 00:00:00+00:00
[2022-07-10 08:49:39,493] {scheduler_job.py:190} INFO - Processing /home/airflow/.local/lib/python3.6/site-packages/airflow/example_dags/example_short_circuit_operator.py took 0.040 seconds
[2022-07-10 08:50:10,239] {scheduler_job.py:182} INFO - Started process (PID=935) to work on /home/airflow/.local/lib/python3.6/site-packages/airflow/example_dags/example_short_circuit_operator.py
[2022-07-10 08:50:10,240] {scheduler_job.py:629} INFO - Processing file /home/airflow/.local/lib/python3.6/site-packages/airflow/example_dags/example_short_circuit_operator.py for tasks to queue
[2022-07-10 08:50:10,241] {logging_mixin.py:104} INFO - [2022-07-10 08:50:10,241] {dagbag.py:451} INFO - Filling up the DagBag from /home/airflow/.local/lib/python3.6/site-packages/airflow/example_dags/example_short_circuit_operator.py
[2022-07-10 08:50:10,248] {scheduler_job.py:639} INFO - DAG(s) dict_keys(['example_short_circuit_operator']) retrieved from /home/airflow/.local/lib/python3.6/site-packages/airflow/example_dags/example_short_circuit_operator.py
[2022-07-10 08:50:10,260] {logging_mixin.py:104} INFO - [2022-07-10 08:50:10,260] {dag.py:1824} INFO - Sync 1 DAGs
[2022-07-10 08:50:10,269] {logging_mixin.py:104} INFO - [2022-07-10 08:50:10,269] {dag.py:2280} INFO - Setting next_dagrun for example_short_circuit_operator to 2022-07-08 00:00:00+00:00
[2022-07-10 08:50:10,276] {scheduler_job.py:190} INFO - Processing /home/airflow/.local/lib/python3.6/site-packages/airflow/example_dags/example_short_circuit_operator.py took 0.038 seconds
[2022-07-10 08:50:41,091] {scheduler_job.py:182} INFO - Started process (PID=961) to work on /home/airflow/.local/lib/python3.6/site-packages/airflow/example_dags/example_short_circuit_operator.py
[2022-07-10 08:50:41,092] {scheduler_job.py:629} INFO - Processing file /home/airflow/.local/lib/python3.6/site-packages/airflow/example_dags/example_short_circuit_operator.py for tasks to queue
[2022-07-10 08:50:41,092] {logging_mixin.py:104} INFO - [2022-07-10 08:50:41,092] {dagbag.py:451} INFO - Filling up the DagBag from /home/airflow/.local/lib/python3.6/site-packages/airflow/example_dags/example_short_circuit_operator.py
[2022-07-10 08:50:41,101] {scheduler_job.py:639} INFO - DAG(s) dict_keys(['example_short_circuit_operator']) retrieved from /home/airflow/.local/lib/python3.6/site-packages/airflow/example_dags/example_short_circuit_operator.py
[2022-07-10 08:50:41,113] {logging_mixin.py:104} INFO - [2022-07-10 08:50:41,113] {dag.py:1824} INFO - Sync 1 DAGs
[2022-07-10 08:50:41,123] {logging_mixin.py:104} INFO - [2022-07-10 08:50:41,123] {dag.py:2280} INFO - Setting next_dagrun for example_short_circuit_operator to 2022-07-08 00:00:00+00:00
[2022-07-10 08:50:41,129] {scheduler_job.py:190} INFO - Processing /home/airflow/.local/lib/python3.6/site-packages/airflow/example_dags/example_short_circuit_operator.py took 0.040 seconds
[2022-07-10 08:51:11,891] {scheduler_job.py:182} INFO - Started process (PID=987) to work on /home/airflow/.local/lib/python3.6/site-packages/airflow/example_dags/example_short_circuit_operator.py
[2022-07-10 08:51:11,891] {scheduler_job.py:629} INFO - Processing file /home/airflow/.local/lib/python3.6/site-packages/airflow/example_dags/example_short_circuit_operator.py for tasks to queue
[2022-07-10 08:51:11,892] {logging_mixin.py:104} INFO - [2022-07-10 08:51:11,892] {dagbag.py:451} INFO - Filling up the DagBag from /home/airflow/.local/lib/python3.6/site-packages/airflow/example_dags/example_short_circuit_operator.py
[2022-07-10 08:51:11,899] {scheduler_job.py:639} INFO - DAG(s) dict_keys(['example_short_circuit_operator']) retrieved from /home/airflow/.local/lib/python3.6/site-packages/airflow/example_dags/example_short_circuit_operator.py
[2022-07-10 08:51:11,911] {logging_mixin.py:104} INFO - [2022-07-10 08:51:11,911] {dag.py:1824} INFO - Sync 1 DAGs
[2022-07-10 08:51:11,920] {logging_mixin.py:104} INFO - [2022-07-10 08:51:11,920] {dag.py:2280} INFO - Setting next_dagrun for example_short_circuit_operator to 2022-07-08 00:00:00+00:00
[2022-07-10 08:51:11,926] {scheduler_job.py:190} INFO - Processing /home/airflow/.local/lib/python3.6/site-packages/airflow/example_dags/example_short_circuit_operator.py took 0.037 seconds
[2022-07-10 08:51:42,740] {scheduler_job.py:182} INFO - Started process (PID=1013) to work on /home/airflow/.local/lib/python3.6/site-packages/airflow/example_dags/example_short_circuit_operator.py
[2022-07-10 08:51:42,741] {scheduler_job.py:629} INFO - Processing file /home/airflow/.local/lib/python3.6/site-packages/airflow/example_dags/example_short_circuit_operator.py for tasks to queue
[2022-07-10 08:51:42,741] {logging_mixin.py:104} INFO - [2022-07-10 08:51:42,741] {dagbag.py:451} INFO - Filling up the DagBag from /home/airflow/.local/lib/python3.6/site-packages/airflow/example_dags/example_short_circuit_operator.py
[2022-07-10 08:51:42,748] {scheduler_job.py:639} INFO - DAG(s) dict_keys(['example_short_circuit_operator']) retrieved from /home/airflow/.local/lib/python3.6/site-packages/airflow/example_dags/example_short_circuit_operator.py
[2022-07-10 08:51:42,760] {logging_mixin.py:104} INFO - [2022-07-10 08:51:42,760] {dag.py:1824} INFO - Sync 1 DAGs
[2022-07-10 08:51:42,768] {logging_mixin.py:104} INFO - [2022-07-10 08:51:42,768] {dag.py:2280} INFO - Setting next_dagrun for example_short_circuit_operator to 2022-07-08 00:00:00+00:00
[2022-07-10 08:51:42,774] {scheduler_job.py:190} INFO - Processing /home/airflow/.local/lib/python3.6/site-packages/airflow/example_dags/example_short_circuit_operator.py took 0.036 seconds
[2022-07-10 08:52:13,521] {scheduler_job.py:182} INFO - Started process (PID=1039) to work on /home/airflow/.local/lib/python3.6/site-packages/airflow/example_dags/example_short_circuit_operator.py
[2022-07-10 08:52:13,522] {scheduler_job.py:629} INFO - Processing file /home/airflow/.local/lib/python3.6/site-packages/airflow/example_dags/example_short_circuit_operator.py for tasks to queue
[2022-07-10 08:52:13,523] {logging_mixin.py:104} INFO - [2022-07-10 08:52:13,523] {dagbag.py:451} INFO - Filling up the DagBag from /home/airflow/.local/lib/python3.6/site-packages/airflow/example_dags/example_short_circuit_operator.py
[2022-07-10 08:52:13,530] {scheduler_job.py:639} INFO - DAG(s) dict_keys(['example_short_circuit_operator']) retrieved from /home/airflow/.local/lib/python3.6/site-packages/airflow/example_dags/example_short_circuit_operator.py
[2022-07-10 08:52:13,542] {logging_mixin.py:104} INFO - [2022-07-10 08:52:13,542] {dag.py:1824} INFO - Sync 1 DAGs
[2022-07-10 08:52:13,551] {logging_mixin.py:104} INFO - [2022-07-10 08:52:13,551] {dag.py:2280} INFO - Setting next_dagrun for example_short_circuit_operator to 2022-07-08 00:00:00+00:00
[2022-07-10 08:52:13,557] {scheduler_job.py:190} INFO - Processing /home/airflow/.local/lib/python3.6/site-packages/airflow/example_dags/example_short_circuit_operator.py took 0.037 seconds
[2022-07-10 08:52:44,407] {scheduler_job.py:182} INFO - Started process (PID=1065) to work on /home/airflow/.local/lib/python3.6/site-packages/airflow/example_dags/example_short_circuit_operator.py
[2022-07-10 08:52:44,407] {scheduler_job.py:629} INFO - Processing file /home/airflow/.local/lib/python3.6/site-packages/airflow/example_dags/example_short_circuit_operator.py for tasks to queue
[2022-07-10 08:52:44,408] {logging_mixin.py:104} INFO - [2022-07-10 08:52:44,408] {dagbag.py:451} INFO - Filling up the DagBag from /home/airflow/.local/lib/python3.6/site-packages/airflow/example_dags/example_short_circuit_operator.py
[2022-07-10 08:52:44,415] {scheduler_job.py:639} INFO - DAG(s) dict_keys(['example_short_circuit_operator']) retrieved from /home/airflow/.local/lib/python3.6/site-packages/airflow/example_dags/example_short_circuit_operator.py
[2022-07-10 08:52:44,427] {logging_mixin.py:104} INFO - [2022-07-10 08:52:44,427] {dag.py:1824} INFO - Sync 1 DAGs
[2022-07-10 08:52:44,436] {logging_mixin.py:104} INFO - [2022-07-10 08:52:44,436] {dag.py:2280} INFO - Setting next_dagrun for example_short_circuit_operator to 2022-07-08 00:00:00+00:00
[2022-07-10 08:52:44,442] {scheduler_job.py:190} INFO - Processing /home/airflow/.local/lib/python3.6/site-packages/airflow/example_dags/example_short_circuit_operator.py took 0.037 seconds
[2022-07-10 08:53:15,269] {scheduler_job.py:182} INFO - Started process (PID=1091) to work on /home/airflow/.local/lib/python3.6/site-packages/airflow/example_dags/example_short_circuit_operator.py
[2022-07-10 08:53:15,269] {scheduler_job.py:629} INFO - Processing file /home/airflow/.local/lib/python3.6/site-packages/airflow/example_dags/example_short_circuit_operator.py for tasks to queue
[2022-07-10 08:53:15,270] {logging_mixin.py:104} INFO - [2022-07-10 08:53:15,270] {dagbag.py:451} INFO - Filling up the DagBag from /home/airflow/.local/lib/python3.6/site-packages/airflow/example_dags/example_short_circuit_operator.py
[2022-07-10 08:53:15,277] {scheduler_job.py:639} INFO - DAG(s) dict_keys(['example_short_circuit_operator']) retrieved from /home/airflow/.local/lib/python3.6/site-packages/airflow/example_dags/example_short_circuit_operator.py
[2022-07-10 08:53:15,289] {logging_mixin.py:104} INFO - [2022-07-10 08:53:15,289] {dag.py:1824} INFO - Sync 1 DAGs
[2022-07-10 08:53:15,298] {logging_mixin.py:104} INFO - [2022-07-10 08:53:15,297] {dag.py:2280} INFO - Setting next_dagrun for example_short_circuit_operator to 2022-07-08 00:00:00+00:00
[2022-07-10 08:53:15,304] {scheduler_job.py:190} INFO - Processing /home/airflow/.local/lib/python3.6/site-packages/airflow/example_dags/example_short_circuit_operator.py took 0.038 seconds
[2022-07-10 08:53:46,144] {scheduler_job.py:182} INFO - Started process (PID=1117) to work on /home/airflow/.local/lib/python3.6/site-packages/airflow/example_dags/example_short_circuit_operator.py
[2022-07-10 08:53:46,145] {scheduler_job.py:629} INFO - Processing file /home/airflow/.local/lib/python3.6/site-packages/airflow/example_dags/example_short_circuit_operator.py for tasks to queue
[2022-07-10 08:53:46,145] {logging_mixin.py:104} INFO - [2022-07-10 08:53:46,145] {dagbag.py:451} INFO - Filling up the DagBag from /home/airflow/.local/lib/python3.6/site-packages/airflow/example_dags/example_short_circuit_operator.py
[2022-07-10 08:53:46,152] {scheduler_job.py:639} INFO - DAG(s) dict_keys(['example_short_circuit_operator']) retrieved from /home/airflow/.local/lib/python3.6/site-packages/airflow/example_dags/example_short_circuit_operator.py
[2022-07-10 08:53:46,164] {logging_mixin.py:104} INFO - [2022-07-10 08:53:46,164] {dag.py:1824} INFO - Sync 1 DAGs
[2022-07-10 08:53:46,173] {logging_mixin.py:104} INFO - [2022-07-10 08:53:46,173] {dag.py:2280} INFO - Setting next_dagrun for example_short_circuit_operator to 2022-07-08 00:00:00+00:00
[2022-07-10 08:53:46,179] {scheduler_job.py:190} INFO - Processing /home/airflow/.local/lib/python3.6/site-packages/airflow/example_dags/example_short_circuit_operator.py took 0.037 seconds
[2022-07-10 08:54:17,033] {scheduler_job.py:182} INFO - Started process (PID=1143) to work on /home/airflow/.local/lib/python3.6/site-packages/airflow/example_dags/example_short_circuit_operator.py
[2022-07-10 08:54:17,034] {scheduler_job.py:629} INFO - Processing file /home/airflow/.local/lib/python3.6/site-packages/airflow/example_dags/example_short_circuit_operator.py for tasks to queue
[2022-07-10 08:54:17,034] {logging_mixin.py:104} INFO - [2022-07-10 08:54:17,034] {dagbag.py:451} INFO - Filling up the DagBag from /home/airflow/.local/lib/python3.6/site-packages/airflow/example_dags/example_short_circuit_operator.py
[2022-07-10 08:54:17,041] {scheduler_job.py:639} INFO - DAG(s) dict_keys(['example_short_circuit_operator']) retrieved from /home/airflow/.local/lib/python3.6/site-packages/airflow/example_dags/example_short_circuit_operator.py
[2022-07-10 08:54:17,054] {logging_mixin.py:104} INFO - [2022-07-10 08:54:17,054] {dag.py:1824} INFO - Sync 1 DAGs
[2022-07-10 08:54:17,063] {logging_mixin.py:104} INFO - [2022-07-10 08:54:17,063] {dag.py:2280} INFO - Setting next_dagrun for example_short_circuit_operator to 2022-07-08 00:00:00+00:00
[2022-07-10 08:54:17,070] {scheduler_job.py:190} INFO - Processing /home/airflow/.local/lib/python3.6/site-packages/airflow/example_dags/example_short_circuit_operator.py took 0.038 seconds
[2022-07-10 08:54:47,902] {scheduler_job.py:182} INFO - Started process (PID=1169) to work on /home/airflow/.local/lib/python3.6/site-packages/airflow/example_dags/example_short_circuit_operator.py
[2022-07-10 08:54:47,903] {scheduler_job.py:629} INFO - Processing file /home/airflow/.local/lib/python3.6/site-packages/airflow/example_dags/example_short_circuit_operator.py for tasks to queue
[2022-07-10 08:54:47,904] {logging_mixin.py:104} INFO - [2022-07-10 08:54:47,904] {dagbag.py:451} INFO - Filling up the DagBag from /home/airflow/.local/lib/python3.6/site-packages/airflow/example_dags/example_short_circuit_operator.py
[2022-07-10 08:54:47,913] {scheduler_job.py:639} INFO - DAG(s) dict_keys(['example_short_circuit_operator']) retrieved from /home/airflow/.local/lib/python3.6/site-packages/airflow/example_dags/example_short_circuit_operator.py
[2022-07-10 08:54:47,925] {logging_mixin.py:104} INFO - [2022-07-10 08:54:47,925] {dag.py:1824} INFO - Sync 1 DAGs
[2022-07-10 08:54:47,936] {logging_mixin.py:104} INFO - [2022-07-10 08:54:47,936] {dag.py:2280} INFO - Setting next_dagrun for example_short_circuit_operator to 2022-07-08 00:00:00+00:00
[2022-07-10 08:54:47,943] {scheduler_job.py:190} INFO - Processing /home/airflow/.local/lib/python3.6/site-packages/airflow/example_dags/example_short_circuit_operator.py took 0.044 seconds
[2022-07-10 08:55:18,764] {scheduler_job.py:182} INFO - Started process (PID=1195) to work on /home/airflow/.local/lib/python3.6/site-packages/airflow/example_dags/example_short_circuit_operator.py
[2022-07-10 08:55:18,764] {scheduler_job.py:629} INFO - Processing file /home/airflow/.local/lib/python3.6/site-packages/airflow/example_dags/example_short_circuit_operator.py for tasks to queue
[2022-07-10 08:55:18,765] {logging_mixin.py:104} INFO - [2022-07-10 08:55:18,765] {dagbag.py:451} INFO - Filling up the DagBag from /home/airflow/.local/lib/python3.6/site-packages/airflow/example_dags/example_short_circuit_operator.py
[2022-07-10 08:55:18,772] {scheduler_job.py:639} INFO - DAG(s) dict_keys(['example_short_circuit_operator']) retrieved from /home/airflow/.local/lib/python3.6/site-packages/airflow/example_dags/example_short_circuit_operator.py
[2022-07-10 08:55:18,786] {logging_mixin.py:104} INFO - [2022-07-10 08:55:18,786] {dag.py:1824} INFO - Sync 1 DAGs
[2022-07-10 08:55:18,795] {logging_mixin.py:104} INFO - [2022-07-10 08:55:18,795] {dag.py:2280} INFO - Setting next_dagrun for example_short_circuit_operator to 2022-07-08 00:00:00+00:00
[2022-07-10 08:55:18,801] {scheduler_job.py:190} INFO - Processing /home/airflow/.local/lib/python3.6/site-packages/airflow/example_dags/example_short_circuit_operator.py took 0.040 seconds
[2022-07-10 08:55:49,709] {scheduler_job.py:182} INFO - Started process (PID=1221) to work on /home/airflow/.local/lib/python3.6/site-packages/airflow/example_dags/example_short_circuit_operator.py
[2022-07-10 08:55:49,710] {scheduler_job.py:629} INFO - Processing file /home/airflow/.local/lib/python3.6/site-packages/airflow/example_dags/example_short_circuit_operator.py for tasks to queue
[2022-07-10 08:55:49,711] {logging_mixin.py:104} INFO - [2022-07-10 08:55:49,711] {dagbag.py:451} INFO - Filling up the DagBag from /home/airflow/.local/lib/python3.6/site-packages/airflow/example_dags/example_short_circuit_operator.py
[2022-07-10 08:55:49,718] {scheduler_job.py:639} INFO - DAG(s) dict_keys(['example_short_circuit_operator']) retrieved from /home/airflow/.local/lib/python3.6/site-packages/airflow/example_dags/example_short_circuit_operator.py
[2022-07-10 08:55:49,730] {logging_mixin.py:104} INFO - [2022-07-10 08:55:49,730] {dag.py:1824} INFO - Sync 1 DAGs
[2022-07-10 08:55:49,739] {logging_mixin.py:104} INFO - [2022-07-10 08:55:49,738] {dag.py:2280} INFO - Setting next_dagrun for example_short_circuit_operator to 2022-07-08 00:00:00+00:00
[2022-07-10 08:55:49,746] {scheduler_job.py:190} INFO - Processing /home/airflow/.local/lib/python3.6/site-packages/airflow/example_dags/example_short_circuit_operator.py took 0.038 seconds
[2022-07-10 08:56:20,760] {scheduler_job.py:182} INFO - Started process (PID=1247) to work on /home/airflow/.local/lib/python3.6/site-packages/airflow/example_dags/example_short_circuit_operator.py
[2022-07-10 08:56:20,761] {scheduler_job.py:629} INFO - Processing file /home/airflow/.local/lib/python3.6/site-packages/airflow/example_dags/example_short_circuit_operator.py for tasks to queue
[2022-07-10 08:56:20,762] {logging_mixin.py:104} INFO - [2022-07-10 08:56:20,762] {dagbag.py:451} INFO - Filling up the DagBag from /home/airflow/.local/lib/python3.6/site-packages/airflow/example_dags/example_short_circuit_operator.py
[2022-07-10 08:56:20,769] {scheduler_job.py:639} INFO - DAG(s) dict_keys(['example_short_circuit_operator']) retrieved from /home/airflow/.local/lib/python3.6/site-packages/airflow/example_dags/example_short_circuit_operator.py
[2022-07-10 08:56:20,781] {logging_mixin.py:104} INFO - [2022-07-10 08:56:20,781] {dag.py:1824} INFO - Sync 1 DAGs
[2022-07-10 08:56:20,790] {logging_mixin.py:104} INFO - [2022-07-10 08:56:20,790] {dag.py:2280} INFO - Setting next_dagrun for example_short_circuit_operator to 2022-07-08 00:00:00+00:00
[2022-07-10 08:56:20,796] {scheduler_job.py:190} INFO - Processing /home/airflow/.local/lib/python3.6/site-packages/airflow/example_dags/example_short_circuit_operator.py took 0.037 seconds
[2022-07-10 08:56:51,619] {scheduler_job.py:182} INFO - Started process (PID=1273) to work on /home/airflow/.local/lib/python3.6/site-packages/airflow/example_dags/example_short_circuit_operator.py
[2022-07-10 08:56:51,619] {scheduler_job.py:629} INFO - Processing file /home/airflow/.local/lib/python3.6/site-packages/airflow/example_dags/example_short_circuit_operator.py for tasks to queue
[2022-07-10 08:56:51,620] {logging_mixin.py:104} INFO - [2022-07-10 08:56:51,620] {dagbag.py:451} INFO - Filling up the DagBag from /home/airflow/.local/lib/python3.6/site-packages/airflow/example_dags/example_short_circuit_operator.py
[2022-07-10 08:56:51,627] {scheduler_job.py:639} INFO - DAG(s) dict_keys(['example_short_circuit_operator']) retrieved from /home/airflow/.local/lib/python3.6/site-packages/airflow/example_dags/example_short_circuit_operator.py
[2022-07-10 08:56:51,641] {logging_mixin.py:104} INFO - [2022-07-10 08:56:51,641] {dag.py:1824} INFO - Sync 1 DAGs
[2022-07-10 08:56:51,652] {logging_mixin.py:104} INFO - [2022-07-10 08:56:51,651] {dag.py:2280} INFO - Setting next_dagrun for example_short_circuit_operator to 2022-07-08 00:00:00+00:00
[2022-07-10 08:56:51,658] {scheduler_job.py:190} INFO - Processing /home/airflow/.local/lib/python3.6/site-packages/airflow/example_dags/example_short_circuit_operator.py took 0.041 seconds
[2022-07-10 08:57:22,559] {scheduler_job.py:182} INFO - Started process (PID=1299) to work on /home/airflow/.local/lib/python3.6/site-packages/airflow/example_dags/example_short_circuit_operator.py
[2022-07-10 08:57:22,560] {scheduler_job.py:629} INFO - Processing file /home/airflow/.local/lib/python3.6/site-packages/airflow/example_dags/example_short_circuit_operator.py for tasks to queue
[2022-07-10 08:57:22,560] {logging_mixin.py:104} INFO - [2022-07-10 08:57:22,560] {dagbag.py:451} INFO - Filling up the DagBag from /home/airflow/.local/lib/python3.6/site-packages/airflow/example_dags/example_short_circuit_operator.py
[2022-07-10 08:57:22,568] {scheduler_job.py:639} INFO - DAG(s) dict_keys(['example_short_circuit_operator']) retrieved from /home/airflow/.local/lib/python3.6/site-packages/airflow/example_dags/example_short_circuit_operator.py
[2022-07-10 08:57:22,580] {logging_mixin.py:104} INFO - [2022-07-10 08:57:22,580] {dag.py:1824} INFO - Sync 1 DAGs
[2022-07-10 08:57:22,589] {logging_mixin.py:104} INFO - [2022-07-10 08:57:22,589] {dag.py:2280} INFO - Setting next_dagrun for example_short_circuit_operator to 2022-07-08 00:00:00+00:00
[2022-07-10 08:57:22,595] {scheduler_job.py:190} INFO - Processing /home/airflow/.local/lib/python3.6/site-packages/airflow/example_dags/example_short_circuit_operator.py took 0.038 seconds
[2022-07-10 08:57:53,380] {scheduler_job.py:182} INFO - Started process (PID=1325) to work on /home/airflow/.local/lib/python3.6/site-packages/airflow/example_dags/example_short_circuit_operator.py
[2022-07-10 08:57:53,381] {scheduler_job.py:629} INFO - Processing file /home/airflow/.local/lib/python3.6/site-packages/airflow/example_dags/example_short_circuit_operator.py for tasks to queue
[2022-07-10 08:57:53,382] {logging_mixin.py:104} INFO - [2022-07-10 08:57:53,382] {dagbag.py:451} INFO - Filling up the DagBag from /home/airflow/.local/lib/python3.6/site-packages/airflow/example_dags/example_short_circuit_operator.py
[2022-07-10 08:57:53,389] {scheduler_job.py:639} INFO - DAG(s) dict_keys(['example_short_circuit_operator']) retrieved from /home/airflow/.local/lib/python3.6/site-packages/airflow/example_dags/example_short_circuit_operator.py
[2022-07-10 08:57:53,402] {logging_mixin.py:104} INFO - [2022-07-10 08:57:53,402] {dag.py:1824} INFO - Sync 1 DAGs
[2022-07-10 08:57:53,412] {logging_mixin.py:104} INFO - [2022-07-10 08:57:53,412] {dag.py:2280} INFO - Setting next_dagrun for example_short_circuit_operator to 2022-07-08 00:00:00+00:00
[2022-07-10 08:57:53,420] {scheduler_job.py:190} INFO - Processing /home/airflow/.local/lib/python3.6/site-packages/airflow/example_dags/example_short_circuit_operator.py took 0.041 seconds
[2022-07-10 08:58:24,401] {scheduler_job.py:182} INFO - Started process (PID=1351) to work on /home/airflow/.local/lib/python3.6/site-packages/airflow/example_dags/example_short_circuit_operator.py
[2022-07-10 08:58:24,402] {scheduler_job.py:629} INFO - Processing file /home/airflow/.local/lib/python3.6/site-packages/airflow/example_dags/example_short_circuit_operator.py for tasks to queue
[2022-07-10 08:58:24,403] {logging_mixin.py:104} INFO - [2022-07-10 08:58:24,403] {dagbag.py:451} INFO - Filling up the DagBag from /home/airflow/.local/lib/python3.6/site-packages/airflow/example_dags/example_short_circuit_operator.py
[2022-07-10 08:58:24,411] {scheduler_job.py:639} INFO - DAG(s) dict_keys(['example_short_circuit_operator']) retrieved from /home/airflow/.local/lib/python3.6/site-packages/airflow/example_dags/example_short_circuit_operator.py
[2022-07-10 08:58:24,426] {logging_mixin.py:104} INFO - [2022-07-10 08:58:24,426] {dag.py:1824} INFO - Sync 1 DAGs
[2022-07-10 08:58:24,435] {logging_mixin.py:104} INFO - [2022-07-10 08:58:24,435] {dag.py:2280} INFO - Setting next_dagrun for example_short_circuit_operator to 2022-07-08 00:00:00+00:00
[2022-07-10 08:58:24,444] {scheduler_job.py:190} INFO - Processing /home/airflow/.local/lib/python3.6/site-packages/airflow/example_dags/example_short_circuit_operator.py took 0.044 seconds
[2022-07-10 08:58:55,241] {scheduler_job.py:182} INFO - Started process (PID=1377) to work on /home/airflow/.local/lib/python3.6/site-packages/airflow/example_dags/example_short_circuit_operator.py
[2022-07-10 08:58:55,242] {scheduler_job.py:629} INFO - Processing file /home/airflow/.local/lib/python3.6/site-packages/airflow/example_dags/example_short_circuit_operator.py for tasks to queue
[2022-07-10 08:58:55,243] {logging_mixin.py:104} INFO - [2022-07-10 08:58:55,243] {dagbag.py:451} INFO - Filling up the DagBag from /home/airflow/.local/lib/python3.6/site-packages/airflow/example_dags/example_short_circuit_operator.py
[2022-07-10 08:58:55,250] {scheduler_job.py:639} INFO - DAG(s) dict_keys(['example_short_circuit_operator']) retrieved from /home/airflow/.local/lib/python3.6/site-packages/airflow/example_dags/example_short_circuit_operator.py
[2022-07-10 08:58:55,263] {logging_mixin.py:104} INFO - [2022-07-10 08:58:55,263] {dag.py:1824} INFO - Sync 1 DAGs
[2022-07-10 08:58:55,273] {logging_mixin.py:104} INFO - [2022-07-10 08:58:55,273] {dag.py:2280} INFO - Setting next_dagrun for example_short_circuit_operator to 2022-07-08 00:00:00+00:00
[2022-07-10 08:58:55,280] {scheduler_job.py:190} INFO - Processing /home/airflow/.local/lib/python3.6/site-packages/airflow/example_dags/example_short_circuit_operator.py took 0.040 seconds
[2022-07-10 08:59:26,001] {scheduler_job.py:182} INFO - Started process (PID=1403) to work on /home/airflow/.local/lib/python3.6/site-packages/airflow/example_dags/example_short_circuit_operator.py
[2022-07-10 08:59:26,002] {scheduler_job.py:629} INFO - Processing file /home/airflow/.local/lib/python3.6/site-packages/airflow/example_dags/example_short_circuit_operator.py for tasks to queue
[2022-07-10 08:59:26,003] {logging_mixin.py:104} INFO - [2022-07-10 08:59:26,003] {dagbag.py:451} INFO - Filling up the DagBag from /home/airflow/.local/lib/python3.6/site-packages/airflow/example_dags/example_short_circuit_operator.py
[2022-07-10 08:59:26,011] {scheduler_job.py:639} INFO - DAG(s) dict_keys(['example_short_circuit_operator']) retrieved from /home/airflow/.local/lib/python3.6/site-packages/airflow/example_dags/example_short_circuit_operator.py
[2022-07-10 08:59:26,024] {logging_mixin.py:104} INFO - [2022-07-10 08:59:26,024] {dag.py:1824} INFO - Sync 1 DAGs
[2022-07-10 08:59:26,033] {logging_mixin.py:104} INFO - [2022-07-10 08:59:26,033] {dag.py:2280} INFO - Setting next_dagrun for example_short_circuit_operator to 2022-07-08 00:00:00+00:00
[2022-07-10 08:59:26,041] {scheduler_job.py:190} INFO - Processing /home/airflow/.local/lib/python3.6/site-packages/airflow/example_dags/example_short_circuit_operator.py took 0.041 seconds
[2022-07-10 08:59:56,863] {scheduler_job.py:182} INFO - Started process (PID=1429) to work on /home/airflow/.local/lib/python3.6/site-packages/airflow/example_dags/example_short_circuit_operator.py
[2022-07-10 08:59:56,865] {scheduler_job.py:629} INFO - Processing file /home/airflow/.local/lib/python3.6/site-packages/airflow/example_dags/example_short_circuit_operator.py for tasks to queue
[2022-07-10 08:59:56,865] {logging_mixin.py:104} INFO - [2022-07-10 08:59:56,865] {dagbag.py:451} INFO - Filling up the DagBag from /home/airflow/.local/lib/python3.6/site-packages/airflow/example_dags/example_short_circuit_operator.py
[2022-07-10 08:59:56,872] {scheduler_job.py:639} INFO - DAG(s) dict_keys(['example_short_circuit_operator']) retrieved from /home/airflow/.local/lib/python3.6/site-packages/airflow/example_dags/example_short_circuit_operator.py
[2022-07-10 08:59:56,886] {logging_mixin.py:104} INFO - [2022-07-10 08:59:56,886] {dag.py:1824} INFO - Sync 1 DAGs
[2022-07-10 08:59:56,896] {logging_mixin.py:104} INFO - [2022-07-10 08:59:56,895] {dag.py:2280} INFO - Setting next_dagrun for example_short_circuit_operator to 2022-07-08 00:00:00+00:00
[2022-07-10 08:59:56,902] {scheduler_job.py:190} INFO - Processing /home/airflow/.local/lib/python3.6/site-packages/airflow/example_dags/example_short_circuit_operator.py took 0.040 seconds
[2022-07-10 09:00:27,638] {scheduler_job.py:182} INFO - Started process (PID=1455) to work on /home/airflow/.local/lib/python3.6/site-packages/airflow/example_dags/example_short_circuit_operator.py
[2022-07-10 09:00:27,639] {scheduler_job.py:629} INFO - Processing file /home/airflow/.local/lib/python3.6/site-packages/airflow/example_dags/example_short_circuit_operator.py for tasks to queue
[2022-07-10 09:00:27,640] {logging_mixin.py:104} INFO - [2022-07-10 09:00:27,640] {dagbag.py:451} INFO - Filling up the DagBag from /home/airflow/.local/lib/python3.6/site-packages/airflow/example_dags/example_short_circuit_operator.py
[2022-07-10 09:00:27,648] {scheduler_job.py:639} INFO - DAG(s) dict_keys(['example_short_circuit_operator']) retrieved from /home/airflow/.local/lib/python3.6/site-packages/airflow/example_dags/example_short_circuit_operator.py
[2022-07-10 09:00:27,661] {logging_mixin.py:104} INFO - [2022-07-10 09:00:27,661] {dag.py:1824} INFO - Sync 1 DAGs
[2022-07-10 09:00:27,671] {logging_mixin.py:104} INFO - [2022-07-10 09:00:27,671] {dag.py:2280} INFO - Setting next_dagrun for example_short_circuit_operator to 2022-07-08 00:00:00+00:00
[2022-07-10 09:00:27,678] {scheduler_job.py:190} INFO - Processing /home/airflow/.local/lib/python3.6/site-packages/airflow/example_dags/example_short_circuit_operator.py took 0.041 seconds
[2022-07-10 09:00:58,515] {scheduler_job.py:182} INFO - Started process (PID=1481) to work on /home/airflow/.local/lib/python3.6/site-packages/airflow/example_dags/example_short_circuit_operator.py
[2022-07-10 09:00:58,516] {scheduler_job.py:629} INFO - Processing file /home/airflow/.local/lib/python3.6/site-packages/airflow/example_dags/example_short_circuit_operator.py for tasks to queue
[2022-07-10 09:00:58,516] {logging_mixin.py:104} INFO - [2022-07-10 09:00:58,516] {dagbag.py:451} INFO - Filling up the DagBag from /home/airflow/.local/lib/python3.6/site-packages/airflow/example_dags/example_short_circuit_operator.py
[2022-07-10 09:00:58,523] {scheduler_job.py:639} INFO - DAG(s) dict_keys(['example_short_circuit_operator']) retrieved from /home/airflow/.local/lib/python3.6/site-packages/airflow/example_dags/example_short_circuit_operator.py
[2022-07-10 09:00:58,535] {logging_mixin.py:104} INFO - [2022-07-10 09:00:58,535] {dag.py:1824} INFO - Sync 1 DAGs
[2022-07-10 09:00:58,544] {logging_mixin.py:104} INFO - [2022-07-10 09:00:58,543] {dag.py:2280} INFO - Setting next_dagrun for example_short_circuit_operator to 2022-07-08 00:00:00+00:00
[2022-07-10 09:00:58,551] {scheduler_job.py:190} INFO - Processing /home/airflow/.local/lib/python3.6/site-packages/airflow/example_dags/example_short_circuit_operator.py took 0.038 seconds
[2022-07-10 09:03:55,488] {scheduler_job.py:182} INFO - Started process (PID=66) to work on /home/airflow/.local/lib/python3.6/site-packages/airflow/example_dags/example_short_circuit_operator.py
[2022-07-10 09:03:55,489] {scheduler_job.py:629} INFO - Processing file /home/airflow/.local/lib/python3.6/site-packages/airflow/example_dags/example_short_circuit_operator.py for tasks to queue
[2022-07-10 09:03:55,490] {logging_mixin.py:104} INFO - [2022-07-10 09:03:55,490] {dagbag.py:451} INFO - Filling up the DagBag from /home/airflow/.local/lib/python3.6/site-packages/airflow/example_dags/example_short_circuit_operator.py
[2022-07-10 09:03:55,497] {scheduler_job.py:639} INFO - DAG(s) dict_keys(['example_short_circuit_operator']) retrieved from /home/airflow/.local/lib/python3.6/site-packages/airflow/example_dags/example_short_circuit_operator.py
[2022-07-10 09:03:55,511] {logging_mixin.py:104} INFO - [2022-07-10 09:03:55,511] {dag.py:1824} INFO - Sync 1 DAGs
[2022-07-10 09:03:55,523] {logging_mixin.py:104} INFO - [2022-07-10 09:03:55,523] {dag.py:2280} INFO - Setting next_dagrun for example_short_circuit_operator to 2022-07-08 00:00:00+00:00
[2022-07-10 09:03:55,533] {scheduler_job.py:190} INFO - Processing /home/airflow/.local/lib/python3.6/site-packages/airflow/example_dags/example_short_circuit_operator.py took 0.046 seconds
[2022-07-10 09:04:26,347] {scheduler_job.py:182} INFO - Started process (PID=92) to work on /home/airflow/.local/lib/python3.6/site-packages/airflow/example_dags/example_short_circuit_operator.py
[2022-07-10 09:04:26,348] {scheduler_job.py:629} INFO - Processing file /home/airflow/.local/lib/python3.6/site-packages/airflow/example_dags/example_short_circuit_operator.py for tasks to queue
[2022-07-10 09:04:26,349] {logging_mixin.py:104} INFO - [2022-07-10 09:04:26,349] {dagbag.py:451} INFO - Filling up the DagBag from /home/airflow/.local/lib/python3.6/site-packages/airflow/example_dags/example_short_circuit_operator.py
[2022-07-10 09:04:26,356] {scheduler_job.py:639} INFO - DAG(s) dict_keys(['example_short_circuit_operator']) retrieved from /home/airflow/.local/lib/python3.6/site-packages/airflow/example_dags/example_short_circuit_operator.py
[2022-07-10 09:04:26,369] {logging_mixin.py:104} INFO - [2022-07-10 09:04:26,368] {dag.py:1824} INFO - Sync 1 DAGs
[2022-07-10 09:04:26,379] {logging_mixin.py:104} INFO - [2022-07-10 09:04:26,379] {dag.py:2280} INFO - Setting next_dagrun for example_short_circuit_operator to 2022-07-08 00:00:00+00:00
[2022-07-10 09:04:26,385] {scheduler_job.py:190} INFO - Processing /home/airflow/.local/lib/python3.6/site-packages/airflow/example_dags/example_short_circuit_operator.py took 0.040 seconds
[2022-07-10 09:04:57,134] {scheduler_job.py:182} INFO - Started process (PID=118) to work on /home/airflow/.local/lib/python3.6/site-packages/airflow/example_dags/example_short_circuit_operator.py
[2022-07-10 09:04:57,135] {scheduler_job.py:629} INFO - Processing file /home/airflow/.local/lib/python3.6/site-packages/airflow/example_dags/example_short_circuit_operator.py for tasks to queue
[2022-07-10 09:04:57,136] {logging_mixin.py:104} INFO - [2022-07-10 09:04:57,136] {dagbag.py:451} INFO - Filling up the DagBag from /home/airflow/.local/lib/python3.6/site-packages/airflow/example_dags/example_short_circuit_operator.py
[2022-07-10 09:04:57,143] {scheduler_job.py:639} INFO - DAG(s) dict_keys(['example_short_circuit_operator']) retrieved from /home/airflow/.local/lib/python3.6/site-packages/airflow/example_dags/example_short_circuit_operator.py
[2022-07-10 09:04:57,155] {logging_mixin.py:104} INFO - [2022-07-10 09:04:57,155] {dag.py:1824} INFO - Sync 1 DAGs
[2022-07-10 09:04:57,168] {logging_mixin.py:104} INFO - [2022-07-10 09:04:57,168] {dag.py:2280} INFO - Setting next_dagrun for example_short_circuit_operator to 2022-07-08 00:00:00+00:00
[2022-07-10 09:04:57,175] {scheduler_job.py:190} INFO - Processing /home/airflow/.local/lib/python3.6/site-packages/airflow/example_dags/example_short_circuit_operator.py took 0.042 seconds
[2022-07-10 09:05:28,014] {scheduler_job.py:182} INFO - Started process (PID=144) to work on /home/airflow/.local/lib/python3.6/site-packages/airflow/example_dags/example_short_circuit_operator.py
[2022-07-10 09:05:28,015] {scheduler_job.py:629} INFO - Processing file /home/airflow/.local/lib/python3.6/site-packages/airflow/example_dags/example_short_circuit_operator.py for tasks to queue
[2022-07-10 09:05:28,015] {logging_mixin.py:104} INFO - [2022-07-10 09:05:28,015] {dagbag.py:451} INFO - Filling up the DagBag from /home/airflow/.local/lib/python3.6/site-packages/airflow/example_dags/example_short_circuit_operator.py
[2022-07-10 09:05:28,022] {scheduler_job.py:639} INFO - DAG(s) dict_keys(['example_short_circuit_operator']) retrieved from /home/airflow/.local/lib/python3.6/site-packages/airflow/example_dags/example_short_circuit_operator.py
[2022-07-10 09:05:28,036] {logging_mixin.py:104} INFO - [2022-07-10 09:05:28,036] {dag.py:1824} INFO - Sync 1 DAGs
[2022-07-10 09:05:28,051] {logging_mixin.py:104} INFO - [2022-07-10 09:05:28,051] {dag.py:2280} INFO - Setting next_dagrun for example_short_circuit_operator to 2022-07-08 00:00:00+00:00
[2022-07-10 09:05:28,057] {scheduler_job.py:190} INFO - Processing /home/airflow/.local/lib/python3.6/site-packages/airflow/example_dags/example_short_circuit_operator.py took 0.045 seconds
[2022-07-10 09:05:58,838] {scheduler_job.py:182} INFO - Started process (PID=170) to work on /home/airflow/.local/lib/python3.6/site-packages/airflow/example_dags/example_short_circuit_operator.py
[2022-07-10 09:05:58,839] {scheduler_job.py:629} INFO - Processing file /home/airflow/.local/lib/python3.6/site-packages/airflow/example_dags/example_short_circuit_operator.py for tasks to queue
[2022-07-10 09:05:58,839] {logging_mixin.py:104} INFO - [2022-07-10 09:05:58,839] {dagbag.py:451} INFO - Filling up the DagBag from /home/airflow/.local/lib/python3.6/site-packages/airflow/example_dags/example_short_circuit_operator.py
[2022-07-10 09:05:58,847] {scheduler_job.py:639} INFO - DAG(s) dict_keys(['example_short_circuit_operator']) retrieved from /home/airflow/.local/lib/python3.6/site-packages/airflow/example_dags/example_short_circuit_operator.py
[2022-07-10 09:05:58,862] {logging_mixin.py:104} INFO - [2022-07-10 09:05:58,862] {dag.py:1824} INFO - Sync 1 DAGs
[2022-07-10 09:05:58,871] {logging_mixin.py:104} INFO - [2022-07-10 09:05:58,871] {dag.py:2280} INFO - Setting next_dagrun for example_short_circuit_operator to 2022-07-08 00:00:00+00:00
[2022-07-10 09:05:58,877] {scheduler_job.py:190} INFO - Processing /home/airflow/.local/lib/python3.6/site-packages/airflow/example_dags/example_short_circuit_operator.py took 0.041 seconds
[2022-07-10 09:06:29,612] {scheduler_job.py:182} INFO - Started process (PID=196) to work on /home/airflow/.local/lib/python3.6/site-packages/airflow/example_dags/example_short_circuit_operator.py
[2022-07-10 09:06:29,613] {scheduler_job.py:629} INFO - Processing file /home/airflow/.local/lib/python3.6/site-packages/airflow/example_dags/example_short_circuit_operator.py for tasks to queue
[2022-07-10 09:06:29,613] {logging_mixin.py:104} INFO - [2022-07-10 09:06:29,613] {dagbag.py:451} INFO - Filling up the DagBag from /home/airflow/.local/lib/python3.6/site-packages/airflow/example_dags/example_short_circuit_operator.py
[2022-07-10 09:06:29,620] {scheduler_job.py:639} INFO - DAG(s) dict_keys(['example_short_circuit_operator']) retrieved from /home/airflow/.local/lib/python3.6/site-packages/airflow/example_dags/example_short_circuit_operator.py
[2022-07-10 09:06:29,634] {logging_mixin.py:104} INFO - [2022-07-10 09:06:29,634] {dag.py:1824} INFO - Sync 1 DAGs
[2022-07-10 09:06:29,644] {logging_mixin.py:104} INFO - [2022-07-10 09:06:29,644] {dag.py:2280} INFO - Setting next_dagrun for example_short_circuit_operator to 2022-07-08 00:00:00+00:00
[2022-07-10 09:06:29,650] {scheduler_job.py:190} INFO - Processing /home/airflow/.local/lib/python3.6/site-packages/airflow/example_dags/example_short_circuit_operator.py took 0.040 seconds
[2022-07-10 09:07:00,426] {scheduler_job.py:182} INFO - Started process (PID=222) to work on /home/airflow/.local/lib/python3.6/site-packages/airflow/example_dags/example_short_circuit_operator.py
[2022-07-10 09:07:00,427] {scheduler_job.py:629} INFO - Processing file /home/airflow/.local/lib/python3.6/site-packages/airflow/example_dags/example_short_circuit_operator.py for tasks to queue
[2022-07-10 09:07:00,427] {logging_mixin.py:104} INFO - [2022-07-10 09:07:00,427] {dagbag.py:451} INFO - Filling up the DagBag from /home/airflow/.local/lib/python3.6/site-packages/airflow/example_dags/example_short_circuit_operator.py
[2022-07-10 09:07:00,434] {scheduler_job.py:639} INFO - DAG(s) dict_keys(['example_short_circuit_operator']) retrieved from /home/airflow/.local/lib/python3.6/site-packages/airflow/example_dags/example_short_circuit_operator.py
[2022-07-10 09:07:00,448] {logging_mixin.py:104} INFO - [2022-07-10 09:07:00,448] {dag.py:1824} INFO - Sync 1 DAGs
[2022-07-10 09:07:00,457] {logging_mixin.py:104} INFO - [2022-07-10 09:07:00,457] {dag.py:2280} INFO - Setting next_dagrun for example_short_circuit_operator to 2022-07-08 00:00:00+00:00
[2022-07-10 09:07:00,463] {scheduler_job.py:190} INFO - Processing /home/airflow/.local/lib/python3.6/site-packages/airflow/example_dags/example_short_circuit_operator.py took 0.039 seconds
[2022-07-10 09:07:31,243] {scheduler_job.py:182} INFO - Started process (PID=248) to work on /home/airflow/.local/lib/python3.6/site-packages/airflow/example_dags/example_short_circuit_operator.py
[2022-07-10 09:07:31,244] {scheduler_job.py:629} INFO - Processing file /home/airflow/.local/lib/python3.6/site-packages/airflow/example_dags/example_short_circuit_operator.py for tasks to queue
[2022-07-10 09:07:31,245] {logging_mixin.py:104} INFO - [2022-07-10 09:07:31,245] {dagbag.py:451} INFO - Filling up the DagBag from /home/airflow/.local/lib/python3.6/site-packages/airflow/example_dags/example_short_circuit_operator.py
[2022-07-10 09:07:31,252] {scheduler_job.py:639} INFO - DAG(s) dict_keys(['example_short_circuit_operator']) retrieved from /home/airflow/.local/lib/python3.6/site-packages/airflow/example_dags/example_short_circuit_operator.py
[2022-07-10 09:07:31,267] {logging_mixin.py:104} INFO - [2022-07-10 09:07:31,267] {dag.py:1824} INFO - Sync 1 DAGs
[2022-07-10 09:07:31,277] {logging_mixin.py:104} INFO - [2022-07-10 09:07:31,277] {dag.py:2280} INFO - Setting next_dagrun for example_short_circuit_operator to 2022-07-08 00:00:00+00:00
[2022-07-10 09:07:31,283] {scheduler_job.py:190} INFO - Processing /home/airflow/.local/lib/python3.6/site-packages/airflow/example_dags/example_short_circuit_operator.py took 0.041 seconds
[2022-07-10 09:08:02,024] {scheduler_job.py:182} INFO - Started process (PID=274) to work on /home/airflow/.local/lib/python3.6/site-packages/airflow/example_dags/example_short_circuit_operator.py
[2022-07-10 09:08:02,025] {scheduler_job.py:629} INFO - Processing file /home/airflow/.local/lib/python3.6/site-packages/airflow/example_dags/example_short_circuit_operator.py for tasks to queue
[2022-07-10 09:08:02,025] {logging_mixin.py:104} INFO - [2022-07-10 09:08:02,025] {dagbag.py:451} INFO - Filling up the DagBag from /home/airflow/.local/lib/python3.6/site-packages/airflow/example_dags/example_short_circuit_operator.py
[2022-07-10 09:08:02,033] {scheduler_job.py:639} INFO - DAG(s) dict_keys(['example_short_circuit_operator']) retrieved from /home/airflow/.local/lib/python3.6/site-packages/airflow/example_dags/example_short_circuit_operator.py
[2022-07-10 09:08:02,048] {logging_mixin.py:104} INFO - [2022-07-10 09:08:02,048] {dag.py:1824} INFO - Sync 1 DAGs
[2022-07-10 09:08:02,058] {logging_mixin.py:104} INFO - [2022-07-10 09:08:02,058] {dag.py:2280} INFO - Setting next_dagrun for example_short_circuit_operator to 2022-07-08 00:00:00+00:00
[2022-07-10 09:08:02,065] {scheduler_job.py:190} INFO - Processing /home/airflow/.local/lib/python3.6/site-packages/airflow/example_dags/example_short_circuit_operator.py took 0.043 seconds
[2022-07-10 09:08:32,984] {scheduler_job.py:182} INFO - Started process (PID=300) to work on /home/airflow/.local/lib/python3.6/site-packages/airflow/example_dags/example_short_circuit_operator.py
[2022-07-10 09:08:32,984] {scheduler_job.py:629} INFO - Processing file /home/airflow/.local/lib/python3.6/site-packages/airflow/example_dags/example_short_circuit_operator.py for tasks to queue
[2022-07-10 09:08:32,985] {logging_mixin.py:104} INFO - [2022-07-10 09:08:32,985] {dagbag.py:451} INFO - Filling up the DagBag from /home/airflow/.local/lib/python3.6/site-packages/airflow/example_dags/example_short_circuit_operator.py
[2022-07-10 09:08:32,997] {scheduler_job.py:639} INFO - DAG(s) dict_keys(['example_short_circuit_operator']) retrieved from /home/airflow/.local/lib/python3.6/site-packages/airflow/example_dags/example_short_circuit_operator.py
[2022-07-10 09:08:33,009] {logging_mixin.py:104} INFO - [2022-07-10 09:08:33,009] {dag.py:1824} INFO - Sync 1 DAGs
[2022-07-10 09:08:33,018] {logging_mixin.py:104} INFO - [2022-07-10 09:08:33,018] {dag.py:2280} INFO - Setting next_dagrun for example_short_circuit_operator to 2022-07-08 00:00:00+00:00
[2022-07-10 09:08:33,024] {scheduler_job.py:190} INFO - Processing /home/airflow/.local/lib/python3.6/site-packages/airflow/example_dags/example_short_circuit_operator.py took 0.042 seconds
[2022-07-10 09:09:04,177] {scheduler_job.py:182} INFO - Started process (PID=326) to work on /home/airflow/.local/lib/python3.6/site-packages/airflow/example_dags/example_short_circuit_operator.py
[2022-07-10 09:09:04,178] {scheduler_job.py:629} INFO - Processing file /home/airflow/.local/lib/python3.6/site-packages/airflow/example_dags/example_short_circuit_operator.py for tasks to queue
[2022-07-10 09:09:04,178] {logging_mixin.py:104} INFO - [2022-07-10 09:09:04,178] {dagbag.py:451} INFO - Filling up the DagBag from /home/airflow/.local/lib/python3.6/site-packages/airflow/example_dags/example_short_circuit_operator.py
[2022-07-10 09:09:04,188] {scheduler_job.py:639} INFO - DAG(s) dict_keys(['example_short_circuit_operator']) retrieved from /home/airflow/.local/lib/python3.6/site-packages/airflow/example_dags/example_short_circuit_operator.py
[2022-07-10 09:09:04,200] {logging_mixin.py:104} INFO - [2022-07-10 09:09:04,200] {dag.py:1824} INFO - Sync 1 DAGs
[2022-07-10 09:09:04,210] {logging_mixin.py:104} INFO - [2022-07-10 09:09:04,210] {dag.py:2280} INFO - Setting next_dagrun for example_short_circuit_operator to 2022-07-08 00:00:00+00:00
[2022-07-10 09:09:04,216] {scheduler_job.py:190} INFO - Processing /home/airflow/.local/lib/python3.6/site-packages/airflow/example_dags/example_short_circuit_operator.py took 0.041 seconds
[2022-07-10 09:09:34,955] {scheduler_job.py:182} INFO - Started process (PID=352) to work on /home/airflow/.local/lib/python3.6/site-packages/airflow/example_dags/example_short_circuit_operator.py
[2022-07-10 09:09:34,957] {scheduler_job.py:629} INFO - Processing file /home/airflow/.local/lib/python3.6/site-packages/airflow/example_dags/example_short_circuit_operator.py for tasks to queue
[2022-07-10 09:09:34,957] {logging_mixin.py:104} INFO - [2022-07-10 09:09:34,957] {dagbag.py:451} INFO - Filling up the DagBag from /home/airflow/.local/lib/python3.6/site-packages/airflow/example_dags/example_short_circuit_operator.py
[2022-07-10 09:09:34,966] {scheduler_job.py:639} INFO - DAG(s) dict_keys(['example_short_circuit_operator']) retrieved from /home/airflow/.local/lib/python3.6/site-packages/airflow/example_dags/example_short_circuit_operator.py
[2022-07-10 09:09:34,979] {logging_mixin.py:104} INFO - [2022-07-10 09:09:34,979] {dag.py:1824} INFO - Sync 1 DAGs
[2022-07-10 09:09:34,990] {logging_mixin.py:104} INFO - [2022-07-10 09:09:34,989] {dag.py:2280} INFO - Setting next_dagrun for example_short_circuit_operator to 2022-07-08 00:00:00+00:00
[2022-07-10 09:09:34,996] {scheduler_job.py:190} INFO - Processing /home/airflow/.local/lib/python3.6/site-packages/airflow/example_dags/example_short_circuit_operator.py took 0.043 seconds
[2022-07-10 09:10:05,693] {scheduler_job.py:182} INFO - Started process (PID=378) to work on /home/airflow/.local/lib/python3.6/site-packages/airflow/example_dags/example_short_circuit_operator.py
[2022-07-10 09:10:05,693] {scheduler_job.py:629} INFO - Processing file /home/airflow/.local/lib/python3.6/site-packages/airflow/example_dags/example_short_circuit_operator.py for tasks to queue
[2022-07-10 09:10:05,694] {logging_mixin.py:104} INFO - [2022-07-10 09:10:05,694] {dagbag.py:451} INFO - Filling up the DagBag from /home/airflow/.local/lib/python3.6/site-packages/airflow/example_dags/example_short_circuit_operator.py
[2022-07-10 09:10:05,703] {scheduler_job.py:639} INFO - DAG(s) dict_keys(['example_short_circuit_operator']) retrieved from /home/airflow/.local/lib/python3.6/site-packages/airflow/example_dags/example_short_circuit_operator.py
[2022-07-10 09:10:05,715] {logging_mixin.py:104} INFO - [2022-07-10 09:10:05,715] {dag.py:1824} INFO - Sync 1 DAGs
[2022-07-10 09:10:05,724] {logging_mixin.py:104} INFO - [2022-07-10 09:10:05,724] {dag.py:2280} INFO - Setting next_dagrun for example_short_circuit_operator to 2022-07-08 00:00:00+00:00
[2022-07-10 09:10:05,730] {scheduler_job.py:190} INFO - Processing /home/airflow/.local/lib/python3.6/site-packages/airflow/example_dags/example_short_circuit_operator.py took 0.039 seconds
[2022-07-10 09:10:36,611] {scheduler_job.py:182} INFO - Started process (PID=404) to work on /home/airflow/.local/lib/python3.6/site-packages/airflow/example_dags/example_short_circuit_operator.py
[2022-07-10 09:10:36,612] {scheduler_job.py:629} INFO - Processing file /home/airflow/.local/lib/python3.6/site-packages/airflow/example_dags/example_short_circuit_operator.py for tasks to queue
[2022-07-10 09:10:36,612] {logging_mixin.py:104} INFO - [2022-07-10 09:10:36,612] {dagbag.py:451} INFO - Filling up the DagBag from /home/airflow/.local/lib/python3.6/site-packages/airflow/example_dags/example_short_circuit_operator.py
[2022-07-10 09:10:36,621] {scheduler_job.py:639} INFO - DAG(s) dict_keys(['example_short_circuit_operator']) retrieved from /home/airflow/.local/lib/python3.6/site-packages/airflow/example_dags/example_short_circuit_operator.py
[2022-07-10 09:10:36,633] {logging_mixin.py:104} INFO - [2022-07-10 09:10:36,633] {dag.py:1824} INFO - Sync 1 DAGs
[2022-07-10 09:10:36,642] {logging_mixin.py:104} INFO - [2022-07-10 09:10:36,642] {dag.py:2280} INFO - Setting next_dagrun for example_short_circuit_operator to 2022-07-08 00:00:00+00:00
[2022-07-10 09:10:36,648] {scheduler_job.py:190} INFO - Processing /home/airflow/.local/lib/python3.6/site-packages/airflow/example_dags/example_short_circuit_operator.py took 0.038 seconds
[2022-07-10 09:11:07,453] {scheduler_job.py:182} INFO - Started process (PID=430) to work on /home/airflow/.local/lib/python3.6/site-packages/airflow/example_dags/example_short_circuit_operator.py
[2022-07-10 09:11:07,456] {scheduler_job.py:629} INFO - Processing file /home/airflow/.local/lib/python3.6/site-packages/airflow/example_dags/example_short_circuit_operator.py for tasks to queue
[2022-07-10 09:11:07,456] {logging_mixin.py:104} INFO - [2022-07-10 09:11:07,456] {dagbag.py:451} INFO - Filling up the DagBag from /home/airflow/.local/lib/python3.6/site-packages/airflow/example_dags/example_short_circuit_operator.py
[2022-07-10 09:11:07,463] {scheduler_job.py:639} INFO - DAG(s) dict_keys(['example_short_circuit_operator']) retrieved from /home/airflow/.local/lib/python3.6/site-packages/airflow/example_dags/example_short_circuit_operator.py
[2022-07-10 09:11:07,474] {logging_mixin.py:104} INFO - [2022-07-10 09:11:07,474] {dag.py:1824} INFO - Sync 1 DAGs
[2022-07-10 09:11:07,483] {logging_mixin.py:104} INFO - [2022-07-10 09:11:07,483] {dag.py:2280} INFO - Setting next_dagrun for example_short_circuit_operator to 2022-07-08 00:00:00+00:00
[2022-07-10 09:11:07,489] {scheduler_job.py:190} INFO - Processing /home/airflow/.local/lib/python3.6/site-packages/airflow/example_dags/example_short_circuit_operator.py took 0.037 seconds
[2022-07-10 09:11:38,278] {scheduler_job.py:182} INFO - Started process (PID=456) to work on /home/airflow/.local/lib/python3.6/site-packages/airflow/example_dags/example_short_circuit_operator.py
[2022-07-10 09:11:38,278] {scheduler_job.py:629} INFO - Processing file /home/airflow/.local/lib/python3.6/site-packages/airflow/example_dags/example_short_circuit_operator.py for tasks to queue
[2022-07-10 09:11:38,279] {logging_mixin.py:104} INFO - [2022-07-10 09:11:38,279] {dagbag.py:451} INFO - Filling up the DagBag from /home/airflow/.local/lib/python3.6/site-packages/airflow/example_dags/example_short_circuit_operator.py
[2022-07-10 09:11:38,285] {scheduler_job.py:639} INFO - DAG(s) dict_keys(['example_short_circuit_operator']) retrieved from /home/airflow/.local/lib/python3.6/site-packages/airflow/example_dags/example_short_circuit_operator.py
[2022-07-10 09:11:38,297] {logging_mixin.py:104} INFO - [2022-07-10 09:11:38,297] {dag.py:1824} INFO - Sync 1 DAGs
[2022-07-10 09:11:38,306] {logging_mixin.py:104} INFO - [2022-07-10 09:11:38,306] {dag.py:2280} INFO - Setting next_dagrun for example_short_circuit_operator to 2022-07-08 00:00:00+00:00
[2022-07-10 09:11:38,312] {scheduler_job.py:190} INFO - Processing /home/airflow/.local/lib/python3.6/site-packages/airflow/example_dags/example_short_circuit_operator.py took 0.036 seconds
[2022-07-10 09:12:08,957] {scheduler_job.py:182} INFO - Started process (PID=482) to work on /home/airflow/.local/lib/python3.6/site-packages/airflow/example_dags/example_short_circuit_operator.py
[2022-07-10 09:12:08,958] {scheduler_job.py:629} INFO - Processing file /home/airflow/.local/lib/python3.6/site-packages/airflow/example_dags/example_short_circuit_operator.py for tasks to queue
[2022-07-10 09:12:08,958] {logging_mixin.py:104} INFO - [2022-07-10 09:12:08,958] {dagbag.py:451} INFO - Filling up the DagBag from /home/airflow/.local/lib/python3.6/site-packages/airflow/example_dags/example_short_circuit_operator.py
[2022-07-10 09:12:08,965] {scheduler_job.py:639} INFO - DAG(s) dict_keys(['example_short_circuit_operator']) retrieved from /home/airflow/.local/lib/python3.6/site-packages/airflow/example_dags/example_short_circuit_operator.py
[2022-07-10 09:12:08,978] {logging_mixin.py:104} INFO - [2022-07-10 09:12:08,978] {dag.py:1824} INFO - Sync 1 DAGs
[2022-07-10 09:12:08,988] {logging_mixin.py:104} INFO - [2022-07-10 09:12:08,988] {dag.py:2280} INFO - Setting next_dagrun for example_short_circuit_operator to 2022-07-08 00:00:00+00:00
[2022-07-10 09:12:08,994] {scheduler_job.py:190} INFO - Processing /home/airflow/.local/lib/python3.6/site-packages/airflow/example_dags/example_short_circuit_operator.py took 0.039 seconds
