[2022-07-10 08:32:42,000] {scheduler_job.py:182} INFO - Started process (PID=60) to work on /home/airflow/.local/lib/python3.6/site-packages/airflow/example_dags/example_task_group.py
[2022-07-10 08:32:42,001] {scheduler_job.py:629} INFO - Processing file /home/airflow/.local/lib/python3.6/site-packages/airflow/example_dags/example_task_group.py for tasks to queue
[2022-07-10 08:32:42,002] {logging_mixin.py:104} INFO - [2022-07-10 08:32:42,002] {dagbag.py:451} INFO - Filling up the DagBag from /home/airflow/.local/lib/python3.6/site-packages/airflow/example_dags/example_task_group.py
[2022-07-10 08:32:42,010] {scheduler_job.py:639} INFO - DAG(s) dict_keys(['example_task_group']) retrieved from /home/airflow/.local/lib/python3.6/site-packages/airflow/example_dags/example_task_group.py
[2022-07-10 08:32:42,024] {logging_mixin.py:104} INFO - [2022-07-10 08:32:42,024] {dag.py:1824} INFO - Sync 1 DAGs
[2022-07-10 08:32:42,034] {logging_mixin.py:104} INFO - [2022-07-10 08:32:42,034] {dag.py:1843} INFO - Creating ORM DAG for example_task_group
[2022-07-10 08:32:42,040] {logging_mixin.py:104} INFO - [2022-07-10 08:32:42,039] {dag.py:2280} INFO - Setting next_dagrun for example_task_group to 2022-07-08 00:00:00+00:00
[2022-07-10 08:32:42,050] {scheduler_job.py:190} INFO - Processing /home/airflow/.local/lib/python3.6/site-packages/airflow/example_dags/example_task_group.py took 0.052 seconds
[2022-07-10 08:33:12,981] {scheduler_job.py:182} INFO - Started process (PID=86) to work on /home/airflow/.local/lib/python3.6/site-packages/airflow/example_dags/example_task_group.py
[2022-07-10 08:33:12,981] {scheduler_job.py:629} INFO - Processing file /home/airflow/.local/lib/python3.6/site-packages/airflow/example_dags/example_task_group.py for tasks to queue
[2022-07-10 08:33:12,982] {logging_mixin.py:104} INFO - [2022-07-10 08:33:12,982] {dagbag.py:451} INFO - Filling up the DagBag from /home/airflow/.local/lib/python3.6/site-packages/airflow/example_dags/example_task_group.py
[2022-07-10 08:33:12,989] {scheduler_job.py:639} INFO - DAG(s) dict_keys(['example_task_group']) retrieved from /home/airflow/.local/lib/python3.6/site-packages/airflow/example_dags/example_task_group.py
[2022-07-10 08:33:13,001] {logging_mixin.py:104} INFO - [2022-07-10 08:33:13,001] {dag.py:1824} INFO - Sync 1 DAGs
[2022-07-10 08:33:13,012] {logging_mixin.py:104} INFO - [2022-07-10 08:33:13,012] {dag.py:2280} INFO - Setting next_dagrun for example_task_group to 2022-07-08 00:00:00+00:00
[2022-07-10 08:33:13,018] {scheduler_job.py:190} INFO - Processing /home/airflow/.local/lib/python3.6/site-packages/airflow/example_dags/example_task_group.py took 0.039 seconds
[2022-07-10 08:33:43,734] {scheduler_job.py:182} INFO - Started process (PID=112) to work on /home/airflow/.local/lib/python3.6/site-packages/airflow/example_dags/example_task_group.py
[2022-07-10 08:33:43,735] {scheduler_job.py:629} INFO - Processing file /home/airflow/.local/lib/python3.6/site-packages/airflow/example_dags/example_task_group.py for tasks to queue
[2022-07-10 08:33:43,735] {logging_mixin.py:104} INFO - [2022-07-10 08:33:43,735] {dagbag.py:451} INFO - Filling up the DagBag from /home/airflow/.local/lib/python3.6/site-packages/airflow/example_dags/example_task_group.py
[2022-07-10 08:33:43,743] {scheduler_job.py:639} INFO - DAG(s) dict_keys(['example_task_group']) retrieved from /home/airflow/.local/lib/python3.6/site-packages/airflow/example_dags/example_task_group.py
[2022-07-10 08:33:43,756] {logging_mixin.py:104} INFO - [2022-07-10 08:33:43,756] {dag.py:1824} INFO - Sync 1 DAGs
[2022-07-10 08:33:43,767] {logging_mixin.py:104} INFO - [2022-07-10 08:33:43,767] {dag.py:2280} INFO - Setting next_dagrun for example_task_group to 2022-07-08 00:00:00+00:00
[2022-07-10 08:33:43,773] {scheduler_job.py:190} INFO - Processing /home/airflow/.local/lib/python3.6/site-packages/airflow/example_dags/example_task_group.py took 0.041 seconds
[2022-07-10 08:34:14,623] {scheduler_job.py:182} INFO - Started process (PID=138) to work on /home/airflow/.local/lib/python3.6/site-packages/airflow/example_dags/example_task_group.py
[2022-07-10 08:34:14,624] {scheduler_job.py:629} INFO - Processing file /home/airflow/.local/lib/python3.6/site-packages/airflow/example_dags/example_task_group.py for tasks to queue
[2022-07-10 08:34:14,625] {logging_mixin.py:104} INFO - [2022-07-10 08:34:14,625] {dagbag.py:451} INFO - Filling up the DagBag from /home/airflow/.local/lib/python3.6/site-packages/airflow/example_dags/example_task_group.py
[2022-07-10 08:34:14,631] {scheduler_job.py:639} INFO - DAG(s) dict_keys(['example_task_group']) retrieved from /home/airflow/.local/lib/python3.6/site-packages/airflow/example_dags/example_task_group.py
[2022-07-10 08:34:14,644] {logging_mixin.py:104} INFO - [2022-07-10 08:34:14,644] {dag.py:1824} INFO - Sync 1 DAGs
[2022-07-10 08:34:14,655] {logging_mixin.py:104} INFO - [2022-07-10 08:34:14,655] {dag.py:2280} INFO - Setting next_dagrun for example_task_group to 2022-07-08 00:00:00+00:00
[2022-07-10 08:34:14,661] {scheduler_job.py:190} INFO - Processing /home/airflow/.local/lib/python3.6/site-packages/airflow/example_dags/example_task_group.py took 0.039 seconds
[2022-07-10 08:34:45,437] {scheduler_job.py:182} INFO - Started process (PID=164) to work on /home/airflow/.local/lib/python3.6/site-packages/airflow/example_dags/example_task_group.py
[2022-07-10 08:34:45,438] {scheduler_job.py:629} INFO - Processing file /home/airflow/.local/lib/python3.6/site-packages/airflow/example_dags/example_task_group.py for tasks to queue
[2022-07-10 08:34:45,438] {logging_mixin.py:104} INFO - [2022-07-10 08:34:45,438] {dagbag.py:451} INFO - Filling up the DagBag from /home/airflow/.local/lib/python3.6/site-packages/airflow/example_dags/example_task_group.py
[2022-07-10 08:34:45,445] {scheduler_job.py:639} INFO - DAG(s) dict_keys(['example_task_group']) retrieved from /home/airflow/.local/lib/python3.6/site-packages/airflow/example_dags/example_task_group.py
[2022-07-10 08:34:45,457] {logging_mixin.py:104} INFO - [2022-07-10 08:34:45,457] {dag.py:1824} INFO - Sync 1 DAGs
[2022-07-10 08:34:45,468] {logging_mixin.py:104} INFO - [2022-07-10 08:34:45,468] {dag.py:2280} INFO - Setting next_dagrun for example_task_group to 2022-07-08 00:00:00+00:00
[2022-07-10 08:34:45,475] {scheduler_job.py:190} INFO - Processing /home/airflow/.local/lib/python3.6/site-packages/airflow/example_dags/example_task_group.py took 0.040 seconds
[2022-07-10 08:35:16,192] {scheduler_job.py:182} INFO - Started process (PID=190) to work on /home/airflow/.local/lib/python3.6/site-packages/airflow/example_dags/example_task_group.py
[2022-07-10 08:35:16,193] {scheduler_job.py:629} INFO - Processing file /home/airflow/.local/lib/python3.6/site-packages/airflow/example_dags/example_task_group.py for tasks to queue
[2022-07-10 08:35:16,194] {logging_mixin.py:104} INFO - [2022-07-10 08:35:16,194] {dagbag.py:451} INFO - Filling up the DagBag from /home/airflow/.local/lib/python3.6/site-packages/airflow/example_dags/example_task_group.py
[2022-07-10 08:35:16,200] {scheduler_job.py:639} INFO - DAG(s) dict_keys(['example_task_group']) retrieved from /home/airflow/.local/lib/python3.6/site-packages/airflow/example_dags/example_task_group.py
[2022-07-10 08:35:16,212] {logging_mixin.py:104} INFO - [2022-07-10 08:35:16,212] {dag.py:1824} INFO - Sync 1 DAGs
[2022-07-10 08:35:16,222] {logging_mixin.py:104} INFO - [2022-07-10 08:35:16,222] {dag.py:2280} INFO - Setting next_dagrun for example_task_group to 2022-07-08 00:00:00+00:00
[2022-07-10 08:35:16,229] {scheduler_job.py:190} INFO - Processing /home/airflow/.local/lib/python3.6/site-packages/airflow/example_dags/example_task_group.py took 0.038 seconds
[2022-07-10 08:35:46,936] {scheduler_job.py:182} INFO - Started process (PID=216) to work on /home/airflow/.local/lib/python3.6/site-packages/airflow/example_dags/example_task_group.py
[2022-07-10 08:35:46,937] {scheduler_job.py:629} INFO - Processing file /home/airflow/.local/lib/python3.6/site-packages/airflow/example_dags/example_task_group.py for tasks to queue
[2022-07-10 08:35:46,938] {logging_mixin.py:104} INFO - [2022-07-10 08:35:46,937] {dagbag.py:451} INFO - Filling up the DagBag from /home/airflow/.local/lib/python3.6/site-packages/airflow/example_dags/example_task_group.py
[2022-07-10 08:35:46,944] {scheduler_job.py:639} INFO - DAG(s) dict_keys(['example_task_group']) retrieved from /home/airflow/.local/lib/python3.6/site-packages/airflow/example_dags/example_task_group.py
[2022-07-10 08:35:46,958] {logging_mixin.py:104} INFO - [2022-07-10 08:35:46,958] {dag.py:1824} INFO - Sync 1 DAGs
[2022-07-10 08:35:46,967] {logging_mixin.py:104} INFO - [2022-07-10 08:35:46,967] {dag.py:2280} INFO - Setting next_dagrun for example_task_group to 2022-07-08 00:00:00+00:00
[2022-07-10 08:35:46,973] {scheduler_job.py:190} INFO - Processing /home/airflow/.local/lib/python3.6/site-packages/airflow/example_dags/example_task_group.py took 0.038 seconds
[2022-07-10 08:36:17,856] {scheduler_job.py:182} INFO - Started process (PID=242) to work on /home/airflow/.local/lib/python3.6/site-packages/airflow/example_dags/example_task_group.py
[2022-07-10 08:36:17,857] {scheduler_job.py:629} INFO - Processing file /home/airflow/.local/lib/python3.6/site-packages/airflow/example_dags/example_task_group.py for tasks to queue
[2022-07-10 08:36:17,857] {logging_mixin.py:104} INFO - [2022-07-10 08:36:17,857] {dagbag.py:451} INFO - Filling up the DagBag from /home/airflow/.local/lib/python3.6/site-packages/airflow/example_dags/example_task_group.py
[2022-07-10 08:36:17,864] {scheduler_job.py:639} INFO - DAG(s) dict_keys(['example_task_group']) retrieved from /home/airflow/.local/lib/python3.6/site-packages/airflow/example_dags/example_task_group.py
[2022-07-10 08:36:17,879] {logging_mixin.py:104} INFO - [2022-07-10 08:36:17,878] {dag.py:1824} INFO - Sync 1 DAGs
[2022-07-10 08:36:17,887] {logging_mixin.py:104} INFO - [2022-07-10 08:36:17,887] {dag.py:2280} INFO - Setting next_dagrun for example_task_group to 2022-07-08 00:00:00+00:00
[2022-07-10 08:36:17,893] {scheduler_job.py:190} INFO - Processing /home/airflow/.local/lib/python3.6/site-packages/airflow/example_dags/example_task_group.py took 0.039 seconds
[2022-07-10 08:36:48,738] {scheduler_job.py:182} INFO - Started process (PID=268) to work on /home/airflow/.local/lib/python3.6/site-packages/airflow/example_dags/example_task_group.py
[2022-07-10 08:36:48,739] {scheduler_job.py:629} INFO - Processing file /home/airflow/.local/lib/python3.6/site-packages/airflow/example_dags/example_task_group.py for tasks to queue
[2022-07-10 08:36:48,741] {logging_mixin.py:104} INFO - [2022-07-10 08:36:48,740] {dagbag.py:451} INFO - Filling up the DagBag from /home/airflow/.local/lib/python3.6/site-packages/airflow/example_dags/example_task_group.py
[2022-07-10 08:36:48,764] {scheduler_job.py:639} INFO - DAG(s) dict_keys(['example_task_group']) retrieved from /home/airflow/.local/lib/python3.6/site-packages/airflow/example_dags/example_task_group.py
[2022-07-10 08:36:48,803] {logging_mixin.py:104} INFO - [2022-07-10 08:36:48,802] {dag.py:1824} INFO - Sync 1 DAGs
[2022-07-10 08:36:48,827] {logging_mixin.py:104} INFO - [2022-07-10 08:36:48,827] {dag.py:2280} INFO - Setting next_dagrun for example_task_group to 2022-07-08 00:00:00+00:00
[2022-07-10 08:36:48,838] {scheduler_job.py:190} INFO - Processing /home/airflow/.local/lib/python3.6/site-packages/airflow/example_dags/example_task_group.py took 0.103 seconds
[2022-07-10 08:37:19,591] {scheduler_job.py:182} INFO - Started process (PID=294) to work on /home/airflow/.local/lib/python3.6/site-packages/airflow/example_dags/example_task_group.py
[2022-07-10 08:37:19,592] {scheduler_job.py:629} INFO - Processing file /home/airflow/.local/lib/python3.6/site-packages/airflow/example_dags/example_task_group.py for tasks to queue
[2022-07-10 08:37:19,592] {logging_mixin.py:104} INFO - [2022-07-10 08:37:19,592] {dagbag.py:451} INFO - Filling up the DagBag from /home/airflow/.local/lib/python3.6/site-packages/airflow/example_dags/example_task_group.py
[2022-07-10 08:37:19,599] {scheduler_job.py:639} INFO - DAG(s) dict_keys(['example_task_group']) retrieved from /home/airflow/.local/lib/python3.6/site-packages/airflow/example_dags/example_task_group.py
[2022-07-10 08:37:19,613] {logging_mixin.py:104} INFO - [2022-07-10 08:37:19,613] {dag.py:1824} INFO - Sync 1 DAGs
[2022-07-10 08:37:19,623] {logging_mixin.py:104} INFO - [2022-07-10 08:37:19,623] {dag.py:2280} INFO - Setting next_dagrun for example_task_group to 2022-07-08 00:00:00+00:00
[2022-07-10 08:37:19,630] {scheduler_job.py:190} INFO - Processing /home/airflow/.local/lib/python3.6/site-packages/airflow/example_dags/example_task_group.py took 0.040 seconds
[2022-07-10 08:37:50,541] {scheduler_job.py:182} INFO - Started process (PID=320) to work on /home/airflow/.local/lib/python3.6/site-packages/airflow/example_dags/example_task_group.py
[2022-07-10 08:37:50,541] {scheduler_job.py:629} INFO - Processing file /home/airflow/.local/lib/python3.6/site-packages/airflow/example_dags/example_task_group.py for tasks to queue
[2022-07-10 08:37:50,542] {logging_mixin.py:104} INFO - [2022-07-10 08:37:50,542] {dagbag.py:451} INFO - Filling up the DagBag from /home/airflow/.local/lib/python3.6/site-packages/airflow/example_dags/example_task_group.py
[2022-07-10 08:37:50,550] {scheduler_job.py:639} INFO - DAG(s) dict_keys(['example_task_group']) retrieved from /home/airflow/.local/lib/python3.6/site-packages/airflow/example_dags/example_task_group.py
[2022-07-10 08:37:50,562] {logging_mixin.py:104} INFO - [2022-07-10 08:37:50,562] {dag.py:1824} INFO - Sync 1 DAGs
[2022-07-10 08:37:50,572] {logging_mixin.py:104} INFO - [2022-07-10 08:37:50,572] {dag.py:2280} INFO - Setting next_dagrun for example_task_group to 2022-07-08 00:00:00+00:00
[2022-07-10 08:37:50,579] {scheduler_job.py:190} INFO - Processing /home/airflow/.local/lib/python3.6/site-packages/airflow/example_dags/example_task_group.py took 0.040 seconds
[2022-07-10 08:38:21,425] {scheduler_job.py:182} INFO - Started process (PID=346) to work on /home/airflow/.local/lib/python3.6/site-packages/airflow/example_dags/example_task_group.py
[2022-07-10 08:38:21,426] {scheduler_job.py:629} INFO - Processing file /home/airflow/.local/lib/python3.6/site-packages/airflow/example_dags/example_task_group.py for tasks to queue
[2022-07-10 08:38:21,426] {logging_mixin.py:104} INFO - [2022-07-10 08:38:21,426] {dagbag.py:451} INFO - Filling up the DagBag from /home/airflow/.local/lib/python3.6/site-packages/airflow/example_dags/example_task_group.py
[2022-07-10 08:38:21,436] {scheduler_job.py:639} INFO - DAG(s) dict_keys(['example_task_group']) retrieved from /home/airflow/.local/lib/python3.6/site-packages/airflow/example_dags/example_task_group.py
[2022-07-10 08:38:21,449] {logging_mixin.py:104} INFO - [2022-07-10 08:38:21,449] {dag.py:1824} INFO - Sync 1 DAGs
[2022-07-10 08:38:21,458] {logging_mixin.py:104} INFO - [2022-07-10 08:38:21,458] {dag.py:2280} INFO - Setting next_dagrun for example_task_group to 2022-07-08 00:00:00+00:00
[2022-07-10 08:38:21,464] {scheduler_job.py:190} INFO - Processing /home/airflow/.local/lib/python3.6/site-packages/airflow/example_dags/example_task_group.py took 0.041 seconds
[2022-07-10 08:38:52,375] {scheduler_job.py:182} INFO - Started process (PID=372) to work on /home/airflow/.local/lib/python3.6/site-packages/airflow/example_dags/example_task_group.py
[2022-07-10 08:38:52,376] {scheduler_job.py:629} INFO - Processing file /home/airflow/.local/lib/python3.6/site-packages/airflow/example_dags/example_task_group.py for tasks to queue
[2022-07-10 08:38:52,377] {logging_mixin.py:104} INFO - [2022-07-10 08:38:52,377] {dagbag.py:451} INFO - Filling up the DagBag from /home/airflow/.local/lib/python3.6/site-packages/airflow/example_dags/example_task_group.py
[2022-07-10 08:38:52,386] {scheduler_job.py:639} INFO - DAG(s) dict_keys(['example_task_group']) retrieved from /home/airflow/.local/lib/python3.6/site-packages/airflow/example_dags/example_task_group.py
[2022-07-10 08:38:52,399] {logging_mixin.py:104} INFO - [2022-07-10 08:38:52,398] {dag.py:1824} INFO - Sync 1 DAGs
[2022-07-10 08:38:52,407] {logging_mixin.py:104} INFO - [2022-07-10 08:38:52,407] {dag.py:2280} INFO - Setting next_dagrun for example_task_group to 2022-07-08 00:00:00+00:00
[2022-07-10 08:38:52,413] {scheduler_job.py:190} INFO - Processing /home/airflow/.local/lib/python3.6/site-packages/airflow/example_dags/example_task_group.py took 0.040 seconds
[2022-07-10 08:39:23,241] {scheduler_job.py:182} INFO - Started process (PID=398) to work on /home/airflow/.local/lib/python3.6/site-packages/airflow/example_dags/example_task_group.py
[2022-07-10 08:39:23,242] {scheduler_job.py:629} INFO - Processing file /home/airflow/.local/lib/python3.6/site-packages/airflow/example_dags/example_task_group.py for tasks to queue
[2022-07-10 08:39:23,243] {logging_mixin.py:104} INFO - [2022-07-10 08:39:23,242] {dagbag.py:451} INFO - Filling up the DagBag from /home/airflow/.local/lib/python3.6/site-packages/airflow/example_dags/example_task_group.py
[2022-07-10 08:39:23,251] {scheduler_job.py:639} INFO - DAG(s) dict_keys(['example_task_group']) retrieved from /home/airflow/.local/lib/python3.6/site-packages/airflow/example_dags/example_task_group.py
[2022-07-10 08:39:23,264] {logging_mixin.py:104} INFO - [2022-07-10 08:39:23,264] {dag.py:1824} INFO - Sync 1 DAGs
[2022-07-10 08:39:23,273] {logging_mixin.py:104} INFO - [2022-07-10 08:39:23,273] {dag.py:2280} INFO - Setting next_dagrun for example_task_group to 2022-07-08 00:00:00+00:00
[2022-07-10 08:39:23,278] {scheduler_job.py:190} INFO - Processing /home/airflow/.local/lib/python3.6/site-packages/airflow/example_dags/example_task_group.py took 0.039 seconds
[2022-07-10 08:39:54,059] {scheduler_job.py:182} INFO - Started process (PID=424) to work on /home/airflow/.local/lib/python3.6/site-packages/airflow/example_dags/example_task_group.py
[2022-07-10 08:39:54,062] {scheduler_job.py:629} INFO - Processing file /home/airflow/.local/lib/python3.6/site-packages/airflow/example_dags/example_task_group.py for tasks to queue
[2022-07-10 08:39:54,062] {logging_mixin.py:104} INFO - [2022-07-10 08:39:54,062] {dagbag.py:451} INFO - Filling up the DagBag from /home/airflow/.local/lib/python3.6/site-packages/airflow/example_dags/example_task_group.py
[2022-07-10 08:39:54,069] {scheduler_job.py:639} INFO - DAG(s) dict_keys(['example_task_group']) retrieved from /home/airflow/.local/lib/python3.6/site-packages/airflow/example_dags/example_task_group.py
[2022-07-10 08:39:54,081] {logging_mixin.py:104} INFO - [2022-07-10 08:39:54,081] {dag.py:1824} INFO - Sync 1 DAGs
[2022-07-10 08:39:54,090] {logging_mixin.py:104} INFO - [2022-07-10 08:39:54,090] {dag.py:2280} INFO - Setting next_dagrun for example_task_group to 2022-07-08 00:00:00+00:00
[2022-07-10 08:39:54,096] {scheduler_job.py:190} INFO - Processing /home/airflow/.local/lib/python3.6/site-packages/airflow/example_dags/example_task_group.py took 0.039 seconds
[2022-07-10 08:40:24,912] {scheduler_job.py:182} INFO - Started process (PID=450) to work on /home/airflow/.local/lib/python3.6/site-packages/airflow/example_dags/example_task_group.py
[2022-07-10 08:40:24,913] {scheduler_job.py:629} INFO - Processing file /home/airflow/.local/lib/python3.6/site-packages/airflow/example_dags/example_task_group.py for tasks to queue
[2022-07-10 08:40:24,913] {logging_mixin.py:104} INFO - [2022-07-10 08:40:24,913] {dagbag.py:451} INFO - Filling up the DagBag from /home/airflow/.local/lib/python3.6/site-packages/airflow/example_dags/example_task_group.py
[2022-07-10 08:40:24,920] {scheduler_job.py:639} INFO - DAG(s) dict_keys(['example_task_group']) retrieved from /home/airflow/.local/lib/python3.6/site-packages/airflow/example_dags/example_task_group.py
[2022-07-10 08:40:24,933] {logging_mixin.py:104} INFO - [2022-07-10 08:40:24,933] {dag.py:1824} INFO - Sync 1 DAGs
[2022-07-10 08:40:24,942] {logging_mixin.py:104} INFO - [2022-07-10 08:40:24,942] {dag.py:2280} INFO - Setting next_dagrun for example_task_group to 2022-07-08 00:00:00+00:00
[2022-07-10 08:40:24,948] {scheduler_job.py:190} INFO - Processing /home/airflow/.local/lib/python3.6/site-packages/airflow/example_dags/example_task_group.py took 0.038 seconds
[2022-07-10 08:40:55,703] {scheduler_job.py:182} INFO - Started process (PID=476) to work on /home/airflow/.local/lib/python3.6/site-packages/airflow/example_dags/example_task_group.py
[2022-07-10 08:40:55,704] {scheduler_job.py:629} INFO - Processing file /home/airflow/.local/lib/python3.6/site-packages/airflow/example_dags/example_task_group.py for tasks to queue
[2022-07-10 08:40:55,704] {logging_mixin.py:104} INFO - [2022-07-10 08:40:55,704] {dagbag.py:451} INFO - Filling up the DagBag from /home/airflow/.local/lib/python3.6/site-packages/airflow/example_dags/example_task_group.py
[2022-07-10 08:40:55,711] {scheduler_job.py:639} INFO - DAG(s) dict_keys(['example_task_group']) retrieved from /home/airflow/.local/lib/python3.6/site-packages/airflow/example_dags/example_task_group.py
[2022-07-10 08:40:55,724] {logging_mixin.py:104} INFO - [2022-07-10 08:40:55,724] {dag.py:1824} INFO - Sync 1 DAGs
[2022-07-10 08:40:55,733] {logging_mixin.py:104} INFO - [2022-07-10 08:40:55,733] {dag.py:2280} INFO - Setting next_dagrun for example_task_group to 2022-07-08 00:00:00+00:00
[2022-07-10 08:40:55,740] {scheduler_job.py:190} INFO - Processing /home/airflow/.local/lib/python3.6/site-packages/airflow/example_dags/example_task_group.py took 0.039 seconds
[2022-07-10 08:41:26,491] {scheduler_job.py:182} INFO - Started process (PID=502) to work on /home/airflow/.local/lib/python3.6/site-packages/airflow/example_dags/example_task_group.py
[2022-07-10 08:41:26,492] {scheduler_job.py:629} INFO - Processing file /home/airflow/.local/lib/python3.6/site-packages/airflow/example_dags/example_task_group.py for tasks to queue
[2022-07-10 08:41:26,493] {logging_mixin.py:104} INFO - [2022-07-10 08:41:26,493] {dagbag.py:451} INFO - Filling up the DagBag from /home/airflow/.local/lib/python3.6/site-packages/airflow/example_dags/example_task_group.py
[2022-07-10 08:41:26,500] {scheduler_job.py:639} INFO - DAG(s) dict_keys(['example_task_group']) retrieved from /home/airflow/.local/lib/python3.6/site-packages/airflow/example_dags/example_task_group.py
[2022-07-10 08:41:26,513] {logging_mixin.py:104} INFO - [2022-07-10 08:41:26,513] {dag.py:1824} INFO - Sync 1 DAGs
[2022-07-10 08:41:26,522] {logging_mixin.py:104} INFO - [2022-07-10 08:41:26,522] {dag.py:2280} INFO - Setting next_dagrun for example_task_group to 2022-07-08 00:00:00+00:00
[2022-07-10 08:41:26,528] {scheduler_job.py:190} INFO - Processing /home/airflow/.local/lib/python3.6/site-packages/airflow/example_dags/example_task_group.py took 0.038 seconds
[2022-07-10 08:41:57,349] {scheduler_job.py:182} INFO - Started process (PID=528) to work on /home/airflow/.local/lib/python3.6/site-packages/airflow/example_dags/example_task_group.py
[2022-07-10 08:41:57,350] {scheduler_job.py:629} INFO - Processing file /home/airflow/.local/lib/python3.6/site-packages/airflow/example_dags/example_task_group.py for tasks to queue
[2022-07-10 08:41:57,351] {logging_mixin.py:104} INFO - [2022-07-10 08:41:57,351] {dagbag.py:451} INFO - Filling up the DagBag from /home/airflow/.local/lib/python3.6/site-packages/airflow/example_dags/example_task_group.py
[2022-07-10 08:41:57,358] {scheduler_job.py:639} INFO - DAG(s) dict_keys(['example_task_group']) retrieved from /home/airflow/.local/lib/python3.6/site-packages/airflow/example_dags/example_task_group.py
[2022-07-10 08:41:57,370] {logging_mixin.py:104} INFO - [2022-07-10 08:41:57,370] {dag.py:1824} INFO - Sync 1 DAGs
[2022-07-10 08:41:57,379] {logging_mixin.py:104} INFO - [2022-07-10 08:41:57,379] {dag.py:2280} INFO - Setting next_dagrun for example_task_group to 2022-07-08 00:00:00+00:00
[2022-07-10 08:41:57,385] {scheduler_job.py:190} INFO - Processing /home/airflow/.local/lib/python3.6/site-packages/airflow/example_dags/example_task_group.py took 0.037 seconds
[2022-07-10 08:42:28,157] {scheduler_job.py:182} INFO - Started process (PID=554) to work on /home/airflow/.local/lib/python3.6/site-packages/airflow/example_dags/example_task_group.py
[2022-07-10 08:42:28,157] {scheduler_job.py:629} INFO - Processing file /home/airflow/.local/lib/python3.6/site-packages/airflow/example_dags/example_task_group.py for tasks to queue
[2022-07-10 08:42:28,158] {logging_mixin.py:104} INFO - [2022-07-10 08:42:28,158] {dagbag.py:451} INFO - Filling up the DagBag from /home/airflow/.local/lib/python3.6/site-packages/airflow/example_dags/example_task_group.py
[2022-07-10 08:42:28,164] {scheduler_job.py:639} INFO - DAG(s) dict_keys(['example_task_group']) retrieved from /home/airflow/.local/lib/python3.6/site-packages/airflow/example_dags/example_task_group.py
[2022-07-10 08:42:28,175] {logging_mixin.py:104} INFO - [2022-07-10 08:42:28,175] {dag.py:1824} INFO - Sync 1 DAGs
[2022-07-10 08:42:28,185] {logging_mixin.py:104} INFO - [2022-07-10 08:42:28,185] {dag.py:2280} INFO - Setting next_dagrun for example_task_group to 2022-07-08 00:00:00+00:00
[2022-07-10 08:42:28,191] {scheduler_job.py:190} INFO - Processing /home/airflow/.local/lib/python3.6/site-packages/airflow/example_dags/example_task_group.py took 0.036 seconds
[2022-07-10 08:42:58,950] {scheduler_job.py:182} INFO - Started process (PID=580) to work on /home/airflow/.local/lib/python3.6/site-packages/airflow/example_dags/example_task_group.py
[2022-07-10 08:42:58,950] {scheduler_job.py:629} INFO - Processing file /home/airflow/.local/lib/python3.6/site-packages/airflow/example_dags/example_task_group.py for tasks to queue
[2022-07-10 08:42:58,951] {logging_mixin.py:104} INFO - [2022-07-10 08:42:58,951] {dagbag.py:451} INFO - Filling up the DagBag from /home/airflow/.local/lib/python3.6/site-packages/airflow/example_dags/example_task_group.py
[2022-07-10 08:42:58,958] {scheduler_job.py:639} INFO - DAG(s) dict_keys(['example_task_group']) retrieved from /home/airflow/.local/lib/python3.6/site-packages/airflow/example_dags/example_task_group.py
[2022-07-10 08:42:58,970] {logging_mixin.py:104} INFO - [2022-07-10 08:42:58,970] {dag.py:1824} INFO - Sync 1 DAGs
[2022-07-10 08:42:58,979] {logging_mixin.py:104} INFO - [2022-07-10 08:42:58,979] {dag.py:2280} INFO - Setting next_dagrun for example_task_group to 2022-07-08 00:00:00+00:00
[2022-07-10 08:42:58,985] {scheduler_job.py:190} INFO - Processing /home/airflow/.local/lib/python3.6/site-packages/airflow/example_dags/example_task_group.py took 0.037 seconds
[2022-07-10 08:43:29,744] {scheduler_job.py:182} INFO - Started process (PID=606) to work on /home/airflow/.local/lib/python3.6/site-packages/airflow/example_dags/example_task_group.py
[2022-07-10 08:43:29,744] {scheduler_job.py:629} INFO - Processing file /home/airflow/.local/lib/python3.6/site-packages/airflow/example_dags/example_task_group.py for tasks to queue
[2022-07-10 08:43:29,745] {logging_mixin.py:104} INFO - [2022-07-10 08:43:29,745] {dagbag.py:451} INFO - Filling up the DagBag from /home/airflow/.local/lib/python3.6/site-packages/airflow/example_dags/example_task_group.py
[2022-07-10 08:43:29,751] {scheduler_job.py:639} INFO - DAG(s) dict_keys(['example_task_group']) retrieved from /home/airflow/.local/lib/python3.6/site-packages/airflow/example_dags/example_task_group.py
[2022-07-10 08:43:29,765] {logging_mixin.py:104} INFO - [2022-07-10 08:43:29,764] {dag.py:1824} INFO - Sync 1 DAGs
[2022-07-10 08:43:29,773] {logging_mixin.py:104} INFO - [2022-07-10 08:43:29,773] {dag.py:2280} INFO - Setting next_dagrun for example_task_group to 2022-07-08 00:00:00+00:00
[2022-07-10 08:43:29,779] {scheduler_job.py:190} INFO - Processing /home/airflow/.local/lib/python3.6/site-packages/airflow/example_dags/example_task_group.py took 0.037 seconds
[2022-07-10 08:44:00,540] {scheduler_job.py:182} INFO - Started process (PID=632) to work on /home/airflow/.local/lib/python3.6/site-packages/airflow/example_dags/example_task_group.py
[2022-07-10 08:44:00,541] {scheduler_job.py:629} INFO - Processing file /home/airflow/.local/lib/python3.6/site-packages/airflow/example_dags/example_task_group.py for tasks to queue
[2022-07-10 08:44:00,541] {logging_mixin.py:104} INFO - [2022-07-10 08:44:00,541] {dagbag.py:451} INFO - Filling up the DagBag from /home/airflow/.local/lib/python3.6/site-packages/airflow/example_dags/example_task_group.py
[2022-07-10 08:44:00,548] {scheduler_job.py:639} INFO - DAG(s) dict_keys(['example_task_group']) retrieved from /home/airflow/.local/lib/python3.6/site-packages/airflow/example_dags/example_task_group.py
[2022-07-10 08:44:00,562] {logging_mixin.py:104} INFO - [2022-07-10 08:44:00,562] {dag.py:1824} INFO - Sync 1 DAGs
[2022-07-10 08:44:00,571] {logging_mixin.py:104} INFO - [2022-07-10 08:44:00,571] {dag.py:2280} INFO - Setting next_dagrun for example_task_group to 2022-07-08 00:00:00+00:00
[2022-07-10 08:44:00,578] {scheduler_job.py:190} INFO - Processing /home/airflow/.local/lib/python3.6/site-packages/airflow/example_dags/example_task_group.py took 0.039 seconds
[2022-07-10 08:44:31,386] {scheduler_job.py:182} INFO - Started process (PID=658) to work on /home/airflow/.local/lib/python3.6/site-packages/airflow/example_dags/example_task_group.py
[2022-07-10 08:44:31,387] {scheduler_job.py:629} INFO - Processing file /home/airflow/.local/lib/python3.6/site-packages/airflow/example_dags/example_task_group.py for tasks to queue
[2022-07-10 08:44:31,387] {logging_mixin.py:104} INFO - [2022-07-10 08:44:31,387] {dagbag.py:451} INFO - Filling up the DagBag from /home/airflow/.local/lib/python3.6/site-packages/airflow/example_dags/example_task_group.py
[2022-07-10 08:44:31,394] {scheduler_job.py:639} INFO - DAG(s) dict_keys(['example_task_group']) retrieved from /home/airflow/.local/lib/python3.6/site-packages/airflow/example_dags/example_task_group.py
[2022-07-10 08:44:31,407] {logging_mixin.py:104} INFO - [2022-07-10 08:44:31,407] {dag.py:1824} INFO - Sync 1 DAGs
[2022-07-10 08:44:31,416] {logging_mixin.py:104} INFO - [2022-07-10 08:44:31,416] {dag.py:2280} INFO - Setting next_dagrun for example_task_group to 2022-07-08 00:00:00+00:00
[2022-07-10 08:44:31,422] {scheduler_job.py:190} INFO - Processing /home/airflow/.local/lib/python3.6/site-packages/airflow/example_dags/example_task_group.py took 0.037 seconds
[2022-07-10 08:45:02,128] {scheduler_job.py:182} INFO - Started process (PID=684) to work on /home/airflow/.local/lib/python3.6/site-packages/airflow/example_dags/example_task_group.py
[2022-07-10 08:45:02,129] {scheduler_job.py:629} INFO - Processing file /home/airflow/.local/lib/python3.6/site-packages/airflow/example_dags/example_task_group.py for tasks to queue
[2022-07-10 08:45:02,130] {logging_mixin.py:104} INFO - [2022-07-10 08:45:02,130] {dagbag.py:451} INFO - Filling up the DagBag from /home/airflow/.local/lib/python3.6/site-packages/airflow/example_dags/example_task_group.py
[2022-07-10 08:45:02,136] {scheduler_job.py:639} INFO - DAG(s) dict_keys(['example_task_group']) retrieved from /home/airflow/.local/lib/python3.6/site-packages/airflow/example_dags/example_task_group.py
[2022-07-10 08:45:02,149] {logging_mixin.py:104} INFO - [2022-07-10 08:45:02,149] {dag.py:1824} INFO - Sync 1 DAGs
[2022-07-10 08:45:02,159] {logging_mixin.py:104} INFO - [2022-07-10 08:45:02,159] {dag.py:2280} INFO - Setting next_dagrun for example_task_group to 2022-07-08 00:00:00+00:00
[2022-07-10 08:45:02,166] {scheduler_job.py:190} INFO - Processing /home/airflow/.local/lib/python3.6/site-packages/airflow/example_dags/example_task_group.py took 0.039 seconds
[2022-07-10 08:45:32,901] {scheduler_job.py:182} INFO - Started process (PID=710) to work on /home/airflow/.local/lib/python3.6/site-packages/airflow/example_dags/example_task_group.py
[2022-07-10 08:45:32,902] {scheduler_job.py:629} INFO - Processing file /home/airflow/.local/lib/python3.6/site-packages/airflow/example_dags/example_task_group.py for tasks to queue
[2022-07-10 08:45:32,903] {logging_mixin.py:104} INFO - [2022-07-10 08:45:32,902] {dagbag.py:451} INFO - Filling up the DagBag from /home/airflow/.local/lib/python3.6/site-packages/airflow/example_dags/example_task_group.py
[2022-07-10 08:45:32,909] {scheduler_job.py:639} INFO - DAG(s) dict_keys(['example_task_group']) retrieved from /home/airflow/.local/lib/python3.6/site-packages/airflow/example_dags/example_task_group.py
[2022-07-10 08:45:32,921] {logging_mixin.py:104} INFO - [2022-07-10 08:45:32,921] {dag.py:1824} INFO - Sync 1 DAGs
[2022-07-10 08:45:32,929] {logging_mixin.py:104} INFO - [2022-07-10 08:45:32,929] {dag.py:2280} INFO - Setting next_dagrun for example_task_group to 2022-07-08 00:00:00+00:00
[2022-07-10 08:45:32,936] {scheduler_job.py:190} INFO - Processing /home/airflow/.local/lib/python3.6/site-packages/airflow/example_dags/example_task_group.py took 0.036 seconds
[2022-07-10 08:46:03,777] {scheduler_job.py:182} INFO - Started process (PID=736) to work on /home/airflow/.local/lib/python3.6/site-packages/airflow/example_dags/example_task_group.py
[2022-07-10 08:46:03,778] {scheduler_job.py:629} INFO - Processing file /home/airflow/.local/lib/python3.6/site-packages/airflow/example_dags/example_task_group.py for tasks to queue
[2022-07-10 08:46:03,778] {logging_mixin.py:104} INFO - [2022-07-10 08:46:03,778] {dagbag.py:451} INFO - Filling up the DagBag from /home/airflow/.local/lib/python3.6/site-packages/airflow/example_dags/example_task_group.py
[2022-07-10 08:46:03,785] {scheduler_job.py:639} INFO - DAG(s) dict_keys(['example_task_group']) retrieved from /home/airflow/.local/lib/python3.6/site-packages/airflow/example_dags/example_task_group.py
[2022-07-10 08:46:03,798] {logging_mixin.py:104} INFO - [2022-07-10 08:46:03,798] {dag.py:1824} INFO - Sync 1 DAGs
[2022-07-10 08:46:03,807] {logging_mixin.py:104} INFO - [2022-07-10 08:46:03,807] {dag.py:2280} INFO - Setting next_dagrun for example_task_group to 2022-07-08 00:00:00+00:00
[2022-07-10 08:46:03,814] {scheduler_job.py:190} INFO - Processing /home/airflow/.local/lib/python3.6/site-packages/airflow/example_dags/example_task_group.py took 0.038 seconds
[2022-07-10 08:46:34,574] {scheduler_job.py:182} INFO - Started process (PID=762) to work on /home/airflow/.local/lib/python3.6/site-packages/airflow/example_dags/example_task_group.py
[2022-07-10 08:46:34,575] {scheduler_job.py:629} INFO - Processing file /home/airflow/.local/lib/python3.6/site-packages/airflow/example_dags/example_task_group.py for tasks to queue
[2022-07-10 08:46:34,576] {logging_mixin.py:104} INFO - [2022-07-10 08:46:34,576] {dagbag.py:451} INFO - Filling up the DagBag from /home/airflow/.local/lib/python3.6/site-packages/airflow/example_dags/example_task_group.py
[2022-07-10 08:46:34,582] {scheduler_job.py:639} INFO - DAG(s) dict_keys(['example_task_group']) retrieved from /home/airflow/.local/lib/python3.6/site-packages/airflow/example_dags/example_task_group.py
[2022-07-10 08:46:34,594] {logging_mixin.py:104} INFO - [2022-07-10 08:46:34,594] {dag.py:1824} INFO - Sync 1 DAGs
[2022-07-10 08:46:34,602] {logging_mixin.py:104} INFO - [2022-07-10 08:46:34,602] {dag.py:2280} INFO - Setting next_dagrun for example_task_group to 2022-07-08 00:00:00+00:00
[2022-07-10 08:46:34,609] {scheduler_job.py:190} INFO - Processing /home/airflow/.local/lib/python3.6/site-packages/airflow/example_dags/example_task_group.py took 0.036 seconds
[2022-07-10 08:47:05,569] {scheduler_job.py:182} INFO - Started process (PID=788) to work on /home/airflow/.local/lib/python3.6/site-packages/airflow/example_dags/example_task_group.py
[2022-07-10 08:47:05,569] {scheduler_job.py:629} INFO - Processing file /home/airflow/.local/lib/python3.6/site-packages/airflow/example_dags/example_task_group.py for tasks to queue
[2022-07-10 08:47:05,570] {logging_mixin.py:104} INFO - [2022-07-10 08:47:05,570] {dagbag.py:451} INFO - Filling up the DagBag from /home/airflow/.local/lib/python3.6/site-packages/airflow/example_dags/example_task_group.py
[2022-07-10 08:47:05,576] {scheduler_job.py:639} INFO - DAG(s) dict_keys(['example_task_group']) retrieved from /home/airflow/.local/lib/python3.6/site-packages/airflow/example_dags/example_task_group.py
[2022-07-10 08:47:05,588] {logging_mixin.py:104} INFO - [2022-07-10 08:47:05,588] {dag.py:1824} INFO - Sync 1 DAGs
[2022-07-10 08:47:05,597] {logging_mixin.py:104} INFO - [2022-07-10 08:47:05,597] {dag.py:2280} INFO - Setting next_dagrun for example_task_group to 2022-07-08 00:00:00+00:00
[2022-07-10 08:47:05,604] {scheduler_job.py:190} INFO - Processing /home/airflow/.local/lib/python3.6/site-packages/airflow/example_dags/example_task_group.py took 0.037 seconds
[2022-07-10 08:47:36,425] {scheduler_job.py:182} INFO - Started process (PID=814) to work on /home/airflow/.local/lib/python3.6/site-packages/airflow/example_dags/example_task_group.py
[2022-07-10 08:47:36,426] {scheduler_job.py:629} INFO - Processing file /home/airflow/.local/lib/python3.6/site-packages/airflow/example_dags/example_task_group.py for tasks to queue
[2022-07-10 08:47:36,426] {logging_mixin.py:104} INFO - [2022-07-10 08:47:36,426] {dagbag.py:451} INFO - Filling up the DagBag from /home/airflow/.local/lib/python3.6/site-packages/airflow/example_dags/example_task_group.py
[2022-07-10 08:47:36,433] {scheduler_job.py:639} INFO - DAG(s) dict_keys(['example_task_group']) retrieved from /home/airflow/.local/lib/python3.6/site-packages/airflow/example_dags/example_task_group.py
[2022-07-10 08:47:36,446] {logging_mixin.py:104} INFO - [2022-07-10 08:47:36,446] {dag.py:1824} INFO - Sync 1 DAGs
[2022-07-10 08:47:36,455] {logging_mixin.py:104} INFO - [2022-07-10 08:47:36,455] {dag.py:2280} INFO - Setting next_dagrun for example_task_group to 2022-07-08 00:00:00+00:00
[2022-07-10 08:47:36,461] {scheduler_job.py:190} INFO - Processing /home/airflow/.local/lib/python3.6/site-packages/airflow/example_dags/example_task_group.py took 0.038 seconds
[2022-07-10 08:48:07,186] {scheduler_job.py:182} INFO - Started process (PID=840) to work on /home/airflow/.local/lib/python3.6/site-packages/airflow/example_dags/example_task_group.py
[2022-07-10 08:48:07,187] {scheduler_job.py:629} INFO - Processing file /home/airflow/.local/lib/python3.6/site-packages/airflow/example_dags/example_task_group.py for tasks to queue
[2022-07-10 08:48:07,188] {logging_mixin.py:104} INFO - [2022-07-10 08:48:07,188] {dagbag.py:451} INFO - Filling up the DagBag from /home/airflow/.local/lib/python3.6/site-packages/airflow/example_dags/example_task_group.py
[2022-07-10 08:48:07,195] {scheduler_job.py:639} INFO - DAG(s) dict_keys(['example_task_group']) retrieved from /home/airflow/.local/lib/python3.6/site-packages/airflow/example_dags/example_task_group.py
[2022-07-10 08:48:07,207] {logging_mixin.py:104} INFO - [2022-07-10 08:48:07,207] {dag.py:1824} INFO - Sync 1 DAGs
[2022-07-10 08:48:07,217] {logging_mixin.py:104} INFO - [2022-07-10 08:48:07,216] {dag.py:2280} INFO - Setting next_dagrun for example_task_group to 2022-07-08 00:00:00+00:00
[2022-07-10 08:48:07,223] {scheduler_job.py:190} INFO - Processing /home/airflow/.local/lib/python3.6/site-packages/airflow/example_dags/example_task_group.py took 0.039 seconds
[2022-07-10 08:48:38,099] {scheduler_job.py:182} INFO - Started process (PID=866) to work on /home/airflow/.local/lib/python3.6/site-packages/airflow/example_dags/example_task_group.py
[2022-07-10 08:48:38,099] {scheduler_job.py:629} INFO - Processing file /home/airflow/.local/lib/python3.6/site-packages/airflow/example_dags/example_task_group.py for tasks to queue
[2022-07-10 08:48:38,100] {logging_mixin.py:104} INFO - [2022-07-10 08:48:38,100] {dagbag.py:451} INFO - Filling up the DagBag from /home/airflow/.local/lib/python3.6/site-packages/airflow/example_dags/example_task_group.py
[2022-07-10 08:48:38,107] {scheduler_job.py:639} INFO - DAG(s) dict_keys(['example_task_group']) retrieved from /home/airflow/.local/lib/python3.6/site-packages/airflow/example_dags/example_task_group.py
[2022-07-10 08:48:38,120] {logging_mixin.py:104} INFO - [2022-07-10 08:48:38,119] {dag.py:1824} INFO - Sync 1 DAGs
[2022-07-10 08:48:38,128] {logging_mixin.py:104} INFO - [2022-07-10 08:48:38,128] {dag.py:2280} INFO - Setting next_dagrun for example_task_group to 2022-07-08 00:00:00+00:00
[2022-07-10 08:48:38,135] {scheduler_job.py:190} INFO - Processing /home/airflow/.local/lib/python3.6/site-packages/airflow/example_dags/example_task_group.py took 0.039 seconds
[2022-07-10 08:49:08,919] {scheduler_job.py:182} INFO - Started process (PID=892) to work on /home/airflow/.local/lib/python3.6/site-packages/airflow/example_dags/example_task_group.py
[2022-07-10 08:49:08,920] {scheduler_job.py:629} INFO - Processing file /home/airflow/.local/lib/python3.6/site-packages/airflow/example_dags/example_task_group.py for tasks to queue
[2022-07-10 08:49:08,920] {logging_mixin.py:104} INFO - [2022-07-10 08:49:08,920] {dagbag.py:451} INFO - Filling up the DagBag from /home/airflow/.local/lib/python3.6/site-packages/airflow/example_dags/example_task_group.py
[2022-07-10 08:49:08,927] {scheduler_job.py:639} INFO - DAG(s) dict_keys(['example_task_group']) retrieved from /home/airflow/.local/lib/python3.6/site-packages/airflow/example_dags/example_task_group.py
[2022-07-10 08:49:08,938] {logging_mixin.py:104} INFO - [2022-07-10 08:49:08,938] {dag.py:1824} INFO - Sync 1 DAGs
[2022-07-10 08:49:08,947] {logging_mixin.py:104} INFO - [2022-07-10 08:49:08,947] {dag.py:2280} INFO - Setting next_dagrun for example_task_group to 2022-07-08 00:00:00+00:00
[2022-07-10 08:49:08,954] {scheduler_job.py:190} INFO - Processing /home/airflow/.local/lib/python3.6/site-packages/airflow/example_dags/example_task_group.py took 0.036 seconds
[2022-07-10 08:49:39,711] {scheduler_job.py:182} INFO - Started process (PID=918) to work on /home/airflow/.local/lib/python3.6/site-packages/airflow/example_dags/example_task_group.py
[2022-07-10 08:49:39,712] {scheduler_job.py:629} INFO - Processing file /home/airflow/.local/lib/python3.6/site-packages/airflow/example_dags/example_task_group.py for tasks to queue
[2022-07-10 08:49:39,713] {logging_mixin.py:104} INFO - [2022-07-10 08:49:39,713] {dagbag.py:451} INFO - Filling up the DagBag from /home/airflow/.local/lib/python3.6/site-packages/airflow/example_dags/example_task_group.py
[2022-07-10 08:49:39,720] {scheduler_job.py:639} INFO - DAG(s) dict_keys(['example_task_group']) retrieved from /home/airflow/.local/lib/python3.6/site-packages/airflow/example_dags/example_task_group.py
[2022-07-10 08:49:39,733] {logging_mixin.py:104} INFO - [2022-07-10 08:49:39,733] {dag.py:1824} INFO - Sync 1 DAGs
[2022-07-10 08:49:39,742] {logging_mixin.py:104} INFO - [2022-07-10 08:49:39,742] {dag.py:2280} INFO - Setting next_dagrun for example_task_group to 2022-07-08 00:00:00+00:00
[2022-07-10 08:49:39,748] {scheduler_job.py:190} INFO - Processing /home/airflow/.local/lib/python3.6/site-packages/airflow/example_dags/example_task_group.py took 0.038 seconds
[2022-07-10 08:50:10,555] {scheduler_job.py:182} INFO - Started process (PID=944) to work on /home/airflow/.local/lib/python3.6/site-packages/airflow/example_dags/example_task_group.py
[2022-07-10 08:50:10,556] {scheduler_job.py:629} INFO - Processing file /home/airflow/.local/lib/python3.6/site-packages/airflow/example_dags/example_task_group.py for tasks to queue
[2022-07-10 08:50:10,556] {logging_mixin.py:104} INFO - [2022-07-10 08:50:10,556] {dagbag.py:451} INFO - Filling up the DagBag from /home/airflow/.local/lib/python3.6/site-packages/airflow/example_dags/example_task_group.py
[2022-07-10 08:50:10,563] {scheduler_job.py:639} INFO - DAG(s) dict_keys(['example_task_group']) retrieved from /home/airflow/.local/lib/python3.6/site-packages/airflow/example_dags/example_task_group.py
[2022-07-10 08:50:10,576] {logging_mixin.py:104} INFO - [2022-07-10 08:50:10,576] {dag.py:1824} INFO - Sync 1 DAGs
[2022-07-10 08:50:10,585] {logging_mixin.py:104} INFO - [2022-07-10 08:50:10,585] {dag.py:2280} INFO - Setting next_dagrun for example_task_group to 2022-07-08 00:00:00+00:00
[2022-07-10 08:50:10,592] {scheduler_job.py:190} INFO - Processing /home/airflow/.local/lib/python3.6/site-packages/airflow/example_dags/example_task_group.py took 0.039 seconds
[2022-07-10 08:50:41,362] {scheduler_job.py:182} INFO - Started process (PID=970) to work on /home/airflow/.local/lib/python3.6/site-packages/airflow/example_dags/example_task_group.py
[2022-07-10 08:50:41,363] {scheduler_job.py:629} INFO - Processing file /home/airflow/.local/lib/python3.6/site-packages/airflow/example_dags/example_task_group.py for tasks to queue
[2022-07-10 08:50:41,363] {logging_mixin.py:104} INFO - [2022-07-10 08:50:41,363] {dagbag.py:451} INFO - Filling up the DagBag from /home/airflow/.local/lib/python3.6/site-packages/airflow/example_dags/example_task_group.py
[2022-07-10 08:50:41,370] {scheduler_job.py:639} INFO - DAG(s) dict_keys(['example_task_group']) retrieved from /home/airflow/.local/lib/python3.6/site-packages/airflow/example_dags/example_task_group.py
[2022-07-10 08:50:41,382] {logging_mixin.py:104} INFO - [2022-07-10 08:50:41,382] {dag.py:1824} INFO - Sync 1 DAGs
[2022-07-10 08:50:41,390] {logging_mixin.py:104} INFO - [2022-07-10 08:50:41,390] {dag.py:2280} INFO - Setting next_dagrun for example_task_group to 2022-07-08 00:00:00+00:00
[2022-07-10 08:50:41,397] {scheduler_job.py:190} INFO - Processing /home/airflow/.local/lib/python3.6/site-packages/airflow/example_dags/example_task_group.py took 0.036 seconds
[2022-07-10 08:51:12,156] {scheduler_job.py:182} INFO - Started process (PID=996) to work on /home/airflow/.local/lib/python3.6/site-packages/airflow/example_dags/example_task_group.py
[2022-07-10 08:51:12,157] {scheduler_job.py:629} INFO - Processing file /home/airflow/.local/lib/python3.6/site-packages/airflow/example_dags/example_task_group.py for tasks to queue
[2022-07-10 08:51:12,158] {logging_mixin.py:104} INFO - [2022-07-10 08:51:12,158] {dagbag.py:451} INFO - Filling up the DagBag from /home/airflow/.local/lib/python3.6/site-packages/airflow/example_dags/example_task_group.py
[2022-07-10 08:51:12,164] {scheduler_job.py:639} INFO - DAG(s) dict_keys(['example_task_group']) retrieved from /home/airflow/.local/lib/python3.6/site-packages/airflow/example_dags/example_task_group.py
[2022-07-10 08:51:12,176] {logging_mixin.py:104} INFO - [2022-07-10 08:51:12,176] {dag.py:1824} INFO - Sync 1 DAGs
[2022-07-10 08:51:12,184] {logging_mixin.py:104} INFO - [2022-07-10 08:51:12,184] {dag.py:2280} INFO - Setting next_dagrun for example_task_group to 2022-07-08 00:00:00+00:00
[2022-07-10 08:51:12,190] {scheduler_job.py:190} INFO - Processing /home/airflow/.local/lib/python3.6/site-packages/airflow/example_dags/example_task_group.py took 0.035 seconds
[2022-07-10 08:51:43,000] {scheduler_job.py:182} INFO - Started process (PID=1022) to work on /home/airflow/.local/lib/python3.6/site-packages/airflow/example_dags/example_task_group.py
[2022-07-10 08:51:43,001] {scheduler_job.py:629} INFO - Processing file /home/airflow/.local/lib/python3.6/site-packages/airflow/example_dags/example_task_group.py for tasks to queue
[2022-07-10 08:51:43,001] {logging_mixin.py:104} INFO - [2022-07-10 08:51:43,001] {dagbag.py:451} INFO - Filling up the DagBag from /home/airflow/.local/lib/python3.6/site-packages/airflow/example_dags/example_task_group.py
[2022-07-10 08:51:43,008] {scheduler_job.py:639} INFO - DAG(s) dict_keys(['example_task_group']) retrieved from /home/airflow/.local/lib/python3.6/site-packages/airflow/example_dags/example_task_group.py
[2022-07-10 08:51:43,021] {logging_mixin.py:104} INFO - [2022-07-10 08:51:43,021] {dag.py:1824} INFO - Sync 1 DAGs
[2022-07-10 08:51:43,030] {logging_mixin.py:104} INFO - [2022-07-10 08:51:43,030] {dag.py:2280} INFO - Setting next_dagrun for example_task_group to 2022-07-08 00:00:00+00:00
[2022-07-10 08:51:43,036] {scheduler_job.py:190} INFO - Processing /home/airflow/.local/lib/python3.6/site-packages/airflow/example_dags/example_task_group.py took 0.038 seconds
[2022-07-10 08:52:13,852] {scheduler_job.py:182} INFO - Started process (PID=1048) to work on /home/airflow/.local/lib/python3.6/site-packages/airflow/example_dags/example_task_group.py
[2022-07-10 08:52:13,853] {scheduler_job.py:629} INFO - Processing file /home/airflow/.local/lib/python3.6/site-packages/airflow/example_dags/example_task_group.py for tasks to queue
[2022-07-10 08:52:13,854] {logging_mixin.py:104} INFO - [2022-07-10 08:52:13,854] {dagbag.py:451} INFO - Filling up the DagBag from /home/airflow/.local/lib/python3.6/site-packages/airflow/example_dags/example_task_group.py
[2022-07-10 08:52:13,861] {scheduler_job.py:639} INFO - DAG(s) dict_keys(['example_task_group']) retrieved from /home/airflow/.local/lib/python3.6/site-packages/airflow/example_dags/example_task_group.py
[2022-07-10 08:52:13,873] {logging_mixin.py:104} INFO - [2022-07-10 08:52:13,873] {dag.py:1824} INFO - Sync 1 DAGs
[2022-07-10 08:52:13,882] {logging_mixin.py:104} INFO - [2022-07-10 08:52:13,882] {dag.py:2280} INFO - Setting next_dagrun for example_task_group to 2022-07-08 00:00:00+00:00
[2022-07-10 08:52:13,889] {scheduler_job.py:190} INFO - Processing /home/airflow/.local/lib/python3.6/site-packages/airflow/example_dags/example_task_group.py took 0.038 seconds
[2022-07-10 08:52:44,674] {scheduler_job.py:182} INFO - Started process (PID=1074) to work on /home/airflow/.local/lib/python3.6/site-packages/airflow/example_dags/example_task_group.py
[2022-07-10 08:52:44,674] {scheduler_job.py:629} INFO - Processing file /home/airflow/.local/lib/python3.6/site-packages/airflow/example_dags/example_task_group.py for tasks to queue
[2022-07-10 08:52:44,675] {logging_mixin.py:104} INFO - [2022-07-10 08:52:44,675] {dagbag.py:451} INFO - Filling up the DagBag from /home/airflow/.local/lib/python3.6/site-packages/airflow/example_dags/example_task_group.py
[2022-07-10 08:52:44,681] {scheduler_job.py:639} INFO - DAG(s) dict_keys(['example_task_group']) retrieved from /home/airflow/.local/lib/python3.6/site-packages/airflow/example_dags/example_task_group.py
[2022-07-10 08:52:44,693] {logging_mixin.py:104} INFO - [2022-07-10 08:52:44,693] {dag.py:1824} INFO - Sync 1 DAGs
[2022-07-10 08:52:44,701] {logging_mixin.py:104} INFO - [2022-07-10 08:52:44,701] {dag.py:2280} INFO - Setting next_dagrun for example_task_group to 2022-07-08 00:00:00+00:00
[2022-07-10 08:52:44,707] {scheduler_job.py:190} INFO - Processing /home/airflow/.local/lib/python3.6/site-packages/airflow/example_dags/example_task_group.py took 0.035 seconds
[2022-07-10 08:53:15,589] {scheduler_job.py:182} INFO - Started process (PID=1100) to work on /home/airflow/.local/lib/python3.6/site-packages/airflow/example_dags/example_task_group.py
[2022-07-10 08:53:15,590] {scheduler_job.py:629} INFO - Processing file /home/airflow/.local/lib/python3.6/site-packages/airflow/example_dags/example_task_group.py for tasks to queue
[2022-07-10 08:53:15,590] {logging_mixin.py:104} INFO - [2022-07-10 08:53:15,590] {dagbag.py:451} INFO - Filling up the DagBag from /home/airflow/.local/lib/python3.6/site-packages/airflow/example_dags/example_task_group.py
[2022-07-10 08:53:15,598] {scheduler_job.py:639} INFO - DAG(s) dict_keys(['example_task_group']) retrieved from /home/airflow/.local/lib/python3.6/site-packages/airflow/example_dags/example_task_group.py
[2022-07-10 08:53:15,611] {logging_mixin.py:104} INFO - [2022-07-10 08:53:15,611] {dag.py:1824} INFO - Sync 1 DAGs
[2022-07-10 08:53:15,620] {logging_mixin.py:104} INFO - [2022-07-10 08:53:15,620] {dag.py:2280} INFO - Setting next_dagrun for example_task_group to 2022-07-08 00:00:00+00:00
[2022-07-10 08:53:15,626] {scheduler_job.py:190} INFO - Processing /home/airflow/.local/lib/python3.6/site-packages/airflow/example_dags/example_task_group.py took 0.039 seconds
[2022-07-10 08:53:46,471] {scheduler_job.py:182} INFO - Started process (PID=1126) to work on /home/airflow/.local/lib/python3.6/site-packages/airflow/example_dags/example_task_group.py
[2022-07-10 08:53:46,472] {scheduler_job.py:629} INFO - Processing file /home/airflow/.local/lib/python3.6/site-packages/airflow/example_dags/example_task_group.py for tasks to queue
[2022-07-10 08:53:46,473] {logging_mixin.py:104} INFO - [2022-07-10 08:53:46,472] {dagbag.py:451} INFO - Filling up the DagBag from /home/airflow/.local/lib/python3.6/site-packages/airflow/example_dags/example_task_group.py
[2022-07-10 08:53:46,479] {scheduler_job.py:639} INFO - DAG(s) dict_keys(['example_task_group']) retrieved from /home/airflow/.local/lib/python3.6/site-packages/airflow/example_dags/example_task_group.py
[2022-07-10 08:53:46,495] {logging_mixin.py:104} INFO - [2022-07-10 08:53:46,495] {dag.py:1824} INFO - Sync 1 DAGs
[2022-07-10 08:53:46,506] {logging_mixin.py:104} INFO - [2022-07-10 08:53:46,506] {dag.py:2280} INFO - Setting next_dagrun for example_task_group to 2022-07-08 00:00:00+00:00
[2022-07-10 08:53:46,515] {scheduler_job.py:190} INFO - Processing /home/airflow/.local/lib/python3.6/site-packages/airflow/example_dags/example_task_group.py took 0.045 seconds
[2022-07-10 08:54:17,335] {scheduler_job.py:182} INFO - Started process (PID=1152) to work on /home/airflow/.local/lib/python3.6/site-packages/airflow/example_dags/example_task_group.py
[2022-07-10 08:54:17,335] {scheduler_job.py:629} INFO - Processing file /home/airflow/.local/lib/python3.6/site-packages/airflow/example_dags/example_task_group.py for tasks to queue
[2022-07-10 08:54:17,336] {logging_mixin.py:104} INFO - [2022-07-10 08:54:17,336] {dagbag.py:451} INFO - Filling up the DagBag from /home/airflow/.local/lib/python3.6/site-packages/airflow/example_dags/example_task_group.py
[2022-07-10 08:54:17,343] {scheduler_job.py:639} INFO - DAG(s) dict_keys(['example_task_group']) retrieved from /home/airflow/.local/lib/python3.6/site-packages/airflow/example_dags/example_task_group.py
[2022-07-10 08:54:17,356] {logging_mixin.py:104} INFO - [2022-07-10 08:54:17,356] {dag.py:1824} INFO - Sync 1 DAGs
[2022-07-10 08:54:17,365] {logging_mixin.py:104} INFO - [2022-07-10 08:54:17,365] {dag.py:2280} INFO - Setting next_dagrun for example_task_group to 2022-07-08 00:00:00+00:00
[2022-07-10 08:54:17,372] {scheduler_job.py:190} INFO - Processing /home/airflow/.local/lib/python3.6/site-packages/airflow/example_dags/example_task_group.py took 0.039 seconds
[2022-07-10 08:54:48,244] {scheduler_job.py:182} INFO - Started process (PID=1178) to work on /home/airflow/.local/lib/python3.6/site-packages/airflow/example_dags/example_task_group.py
[2022-07-10 08:54:48,245] {scheduler_job.py:629} INFO - Processing file /home/airflow/.local/lib/python3.6/site-packages/airflow/example_dags/example_task_group.py for tasks to queue
[2022-07-10 08:54:48,246] {logging_mixin.py:104} INFO - [2022-07-10 08:54:48,246] {dagbag.py:451} INFO - Filling up the DagBag from /home/airflow/.local/lib/python3.6/site-packages/airflow/example_dags/example_task_group.py
[2022-07-10 08:54:48,253] {scheduler_job.py:639} INFO - DAG(s) dict_keys(['example_task_group']) retrieved from /home/airflow/.local/lib/python3.6/site-packages/airflow/example_dags/example_task_group.py
[2022-07-10 08:54:48,266] {logging_mixin.py:104} INFO - [2022-07-10 08:54:48,266] {dag.py:1824} INFO - Sync 1 DAGs
[2022-07-10 08:54:48,276] {logging_mixin.py:104} INFO - [2022-07-10 08:54:48,276] {dag.py:2280} INFO - Setting next_dagrun for example_task_group to 2022-07-08 00:00:00+00:00
[2022-07-10 08:54:48,282] {scheduler_job.py:190} INFO - Processing /home/airflow/.local/lib/python3.6/site-packages/airflow/example_dags/example_task_group.py took 0.039 seconds
[2022-07-10 08:55:19,000] {scheduler_job.py:182} INFO - Started process (PID=1204) to work on /home/airflow/.local/lib/python3.6/site-packages/airflow/example_dags/example_task_group.py
[2022-07-10 08:55:19,001] {scheduler_job.py:629} INFO - Processing file /home/airflow/.local/lib/python3.6/site-packages/airflow/example_dags/example_task_group.py for tasks to queue
[2022-07-10 08:55:19,001] {logging_mixin.py:104} INFO - [2022-07-10 08:55:19,001] {dagbag.py:451} INFO - Filling up the DagBag from /home/airflow/.local/lib/python3.6/site-packages/airflow/example_dags/example_task_group.py
[2022-07-10 08:55:19,008] {scheduler_job.py:639} INFO - DAG(s) dict_keys(['example_task_group']) retrieved from /home/airflow/.local/lib/python3.6/site-packages/airflow/example_dags/example_task_group.py
[2022-07-10 08:55:19,019] {logging_mixin.py:104} INFO - [2022-07-10 08:55:19,019] {dag.py:1824} INFO - Sync 1 DAGs
[2022-07-10 08:55:19,028] {logging_mixin.py:104} INFO - [2022-07-10 08:55:19,028] {dag.py:2280} INFO - Setting next_dagrun for example_task_group to 2022-07-08 00:00:00+00:00
[2022-07-10 08:55:19,034] {scheduler_job.py:190} INFO - Processing /home/airflow/.local/lib/python3.6/site-packages/airflow/example_dags/example_task_group.py took 0.035 seconds
[2022-07-10 08:55:50,109] {scheduler_job.py:182} INFO - Started process (PID=1230) to work on /home/airflow/.local/lib/python3.6/site-packages/airflow/example_dags/example_task_group.py
[2022-07-10 08:55:50,110] {scheduler_job.py:629} INFO - Processing file /home/airflow/.local/lib/python3.6/site-packages/airflow/example_dags/example_task_group.py for tasks to queue
[2022-07-10 08:55:50,110] {logging_mixin.py:104} INFO - [2022-07-10 08:55:50,110] {dagbag.py:451} INFO - Filling up the DagBag from /home/airflow/.local/lib/python3.6/site-packages/airflow/example_dags/example_task_group.py
[2022-07-10 08:55:50,117] {scheduler_job.py:639} INFO - DAG(s) dict_keys(['example_task_group']) retrieved from /home/airflow/.local/lib/python3.6/site-packages/airflow/example_dags/example_task_group.py
[2022-07-10 08:55:50,131] {logging_mixin.py:104} INFO - [2022-07-10 08:55:50,131] {dag.py:1824} INFO - Sync 1 DAGs
[2022-07-10 08:55:50,141] {logging_mixin.py:104} INFO - [2022-07-10 08:55:50,141] {dag.py:2280} INFO - Setting next_dagrun for example_task_group to 2022-07-08 00:00:00+00:00
[2022-07-10 08:55:50,147] {scheduler_job.py:190} INFO - Processing /home/airflow/.local/lib/python3.6/site-packages/airflow/example_dags/example_task_group.py took 0.040 seconds
[2022-07-10 08:56:21,091] {scheduler_job.py:182} INFO - Started process (PID=1256) to work on /home/airflow/.local/lib/python3.6/site-packages/airflow/example_dags/example_task_group.py
[2022-07-10 08:56:21,092] {scheduler_job.py:629} INFO - Processing file /home/airflow/.local/lib/python3.6/site-packages/airflow/example_dags/example_task_group.py for tasks to queue
[2022-07-10 08:56:21,093] {logging_mixin.py:104} INFO - [2022-07-10 08:56:21,092] {dagbag.py:451} INFO - Filling up the DagBag from /home/airflow/.local/lib/python3.6/site-packages/airflow/example_dags/example_task_group.py
[2022-07-10 08:56:21,099] {scheduler_job.py:639} INFO - DAG(s) dict_keys(['example_task_group']) retrieved from /home/airflow/.local/lib/python3.6/site-packages/airflow/example_dags/example_task_group.py
[2022-07-10 08:56:21,112] {logging_mixin.py:104} INFO - [2022-07-10 08:56:21,112] {dag.py:1824} INFO - Sync 1 DAGs
[2022-07-10 08:56:21,122] {logging_mixin.py:104} INFO - [2022-07-10 08:56:21,122] {dag.py:2280} INFO - Setting next_dagrun for example_task_group to 2022-07-08 00:00:00+00:00
[2022-07-10 08:56:21,129] {scheduler_job.py:190} INFO - Processing /home/airflow/.local/lib/python3.6/site-packages/airflow/example_dags/example_task_group.py took 0.039 seconds
[2022-07-10 08:56:51,862] {scheduler_job.py:182} INFO - Started process (PID=1282) to work on /home/airflow/.local/lib/python3.6/site-packages/airflow/example_dags/example_task_group.py
[2022-07-10 08:56:51,863] {scheduler_job.py:629} INFO - Processing file /home/airflow/.local/lib/python3.6/site-packages/airflow/example_dags/example_task_group.py for tasks to queue
[2022-07-10 08:56:51,863] {logging_mixin.py:104} INFO - [2022-07-10 08:56:51,863] {dagbag.py:451} INFO - Filling up the DagBag from /home/airflow/.local/lib/python3.6/site-packages/airflow/example_dags/example_task_group.py
[2022-07-10 08:56:51,870] {scheduler_job.py:639} INFO - DAG(s) dict_keys(['example_task_group']) retrieved from /home/airflow/.local/lib/python3.6/site-packages/airflow/example_dags/example_task_group.py
[2022-07-10 08:56:51,883] {logging_mixin.py:104} INFO - [2022-07-10 08:56:51,883] {dag.py:1824} INFO - Sync 1 DAGs
[2022-07-10 08:56:51,893] {logging_mixin.py:104} INFO - [2022-07-10 08:56:51,893] {dag.py:2280} INFO - Setting next_dagrun for example_task_group to 2022-07-08 00:00:00+00:00
[2022-07-10 08:56:51,900] {scheduler_job.py:190} INFO - Processing /home/airflow/.local/lib/python3.6/site-packages/airflow/example_dags/example_task_group.py took 0.039 seconds
[2022-07-10 08:57:22,844] {scheduler_job.py:182} INFO - Started process (PID=1308) to work on /home/airflow/.local/lib/python3.6/site-packages/airflow/example_dags/example_task_group.py
[2022-07-10 08:57:22,845] {scheduler_job.py:629} INFO - Processing file /home/airflow/.local/lib/python3.6/site-packages/airflow/example_dags/example_task_group.py for tasks to queue
[2022-07-10 08:57:22,846] {logging_mixin.py:104} INFO - [2022-07-10 08:57:22,846] {dagbag.py:451} INFO - Filling up the DagBag from /home/airflow/.local/lib/python3.6/site-packages/airflow/example_dags/example_task_group.py
[2022-07-10 08:57:22,859] {scheduler_job.py:639} INFO - DAG(s) dict_keys(['example_task_group']) retrieved from /home/airflow/.local/lib/python3.6/site-packages/airflow/example_dags/example_task_group.py
[2022-07-10 08:57:22,884] {logging_mixin.py:104} INFO - [2022-07-10 08:57:22,884] {dag.py:1824} INFO - Sync 1 DAGs
[2022-07-10 08:57:22,896] {logging_mixin.py:104} INFO - [2022-07-10 08:57:22,896] {dag.py:2280} INFO - Setting next_dagrun for example_task_group to 2022-07-08 00:00:00+00:00
[2022-07-10 08:57:22,903] {scheduler_job.py:190} INFO - Processing /home/airflow/.local/lib/python3.6/site-packages/airflow/example_dags/example_task_group.py took 0.062 seconds
[2022-07-10 08:57:53,672] {scheduler_job.py:182} INFO - Started process (PID=1334) to work on /home/airflow/.local/lib/python3.6/site-packages/airflow/example_dags/example_task_group.py
[2022-07-10 08:57:53,673] {scheduler_job.py:629} INFO - Processing file /home/airflow/.local/lib/python3.6/site-packages/airflow/example_dags/example_task_group.py for tasks to queue
[2022-07-10 08:57:53,673] {logging_mixin.py:104} INFO - [2022-07-10 08:57:53,673] {dagbag.py:451} INFO - Filling up the DagBag from /home/airflow/.local/lib/python3.6/site-packages/airflow/example_dags/example_task_group.py
[2022-07-10 08:57:53,680] {scheduler_job.py:639} INFO - DAG(s) dict_keys(['example_task_group']) retrieved from /home/airflow/.local/lib/python3.6/site-packages/airflow/example_dags/example_task_group.py
[2022-07-10 08:57:53,695] {logging_mixin.py:104} INFO - [2022-07-10 08:57:53,695] {dag.py:1824} INFO - Sync 1 DAGs
[2022-07-10 08:57:53,705] {logging_mixin.py:104} INFO - [2022-07-10 08:57:53,705] {dag.py:2280} INFO - Setting next_dagrun for example_task_group to 2022-07-08 00:00:00+00:00
[2022-07-10 08:57:53,713] {scheduler_job.py:190} INFO - Processing /home/airflow/.local/lib/python3.6/site-packages/airflow/example_dags/example_task_group.py took 0.043 seconds
[2022-07-10 08:58:24,714] {scheduler_job.py:182} INFO - Started process (PID=1360) to work on /home/airflow/.local/lib/python3.6/site-packages/airflow/example_dags/example_task_group.py
[2022-07-10 08:58:24,715] {scheduler_job.py:629} INFO - Processing file /home/airflow/.local/lib/python3.6/site-packages/airflow/example_dags/example_task_group.py for tasks to queue
[2022-07-10 08:58:24,715] {logging_mixin.py:104} INFO - [2022-07-10 08:58:24,715] {dagbag.py:451} INFO - Filling up the DagBag from /home/airflow/.local/lib/python3.6/site-packages/airflow/example_dags/example_task_group.py
[2022-07-10 08:58:24,724] {scheduler_job.py:639} INFO - DAG(s) dict_keys(['example_task_group']) retrieved from /home/airflow/.local/lib/python3.6/site-packages/airflow/example_dags/example_task_group.py
[2022-07-10 08:58:24,737] {logging_mixin.py:104} INFO - [2022-07-10 08:58:24,737] {dag.py:1824} INFO - Sync 1 DAGs
[2022-07-10 08:58:24,747] {logging_mixin.py:104} INFO - [2022-07-10 08:58:24,747] {dag.py:2280} INFO - Setting next_dagrun for example_task_group to 2022-07-08 00:00:00+00:00
[2022-07-10 08:58:24,755] {scheduler_job.py:190} INFO - Processing /home/airflow/.local/lib/python3.6/site-packages/airflow/example_dags/example_task_group.py took 0.042 seconds
[2022-07-10 08:58:55,474] {scheduler_job.py:182} INFO - Started process (PID=1386) to work on /home/airflow/.local/lib/python3.6/site-packages/airflow/example_dags/example_task_group.py
[2022-07-10 08:58:55,475] {scheduler_job.py:629} INFO - Processing file /home/airflow/.local/lib/python3.6/site-packages/airflow/example_dags/example_task_group.py for tasks to queue
[2022-07-10 08:58:55,476] {logging_mixin.py:104} INFO - [2022-07-10 08:58:55,476] {dagbag.py:451} INFO - Filling up the DagBag from /home/airflow/.local/lib/python3.6/site-packages/airflow/example_dags/example_task_group.py
[2022-07-10 08:58:55,482] {scheduler_job.py:639} INFO - DAG(s) dict_keys(['example_task_group']) retrieved from /home/airflow/.local/lib/python3.6/site-packages/airflow/example_dags/example_task_group.py
[2022-07-10 08:58:55,494] {logging_mixin.py:104} INFO - [2022-07-10 08:58:55,494] {dag.py:1824} INFO - Sync 1 DAGs
[2022-07-10 08:58:55,503] {logging_mixin.py:104} INFO - [2022-07-10 08:58:55,503] {dag.py:2280} INFO - Setting next_dagrun for example_task_group to 2022-07-08 00:00:00+00:00
[2022-07-10 08:58:55,510] {scheduler_job.py:190} INFO - Processing /home/airflow/.local/lib/python3.6/site-packages/airflow/example_dags/example_task_group.py took 0.037 seconds
[2022-07-10 08:59:26,331] {scheduler_job.py:182} INFO - Started process (PID=1412) to work on /home/airflow/.local/lib/python3.6/site-packages/airflow/example_dags/example_task_group.py
[2022-07-10 08:59:26,332] {scheduler_job.py:629} INFO - Processing file /home/airflow/.local/lib/python3.6/site-packages/airflow/example_dags/example_task_group.py for tasks to queue
[2022-07-10 08:59:26,332] {logging_mixin.py:104} INFO - [2022-07-10 08:59:26,332] {dagbag.py:451} INFO - Filling up the DagBag from /home/airflow/.local/lib/python3.6/site-packages/airflow/example_dags/example_task_group.py
[2022-07-10 08:59:26,339] {scheduler_job.py:639} INFO - DAG(s) dict_keys(['example_task_group']) retrieved from /home/airflow/.local/lib/python3.6/site-packages/airflow/example_dags/example_task_group.py
[2022-07-10 08:59:26,352] {logging_mixin.py:104} INFO - [2022-07-10 08:59:26,352] {dag.py:1824} INFO - Sync 1 DAGs
[2022-07-10 08:59:26,361] {logging_mixin.py:104} INFO - [2022-07-10 08:59:26,361] {dag.py:2280} INFO - Setting next_dagrun for example_task_group to 2022-07-08 00:00:00+00:00
[2022-07-10 08:59:26,367] {scheduler_job.py:190} INFO - Processing /home/airflow/.local/lib/python3.6/site-packages/airflow/example_dags/example_task_group.py took 0.038 seconds
[2022-07-10 08:59:57,103] {scheduler_job.py:182} INFO - Started process (PID=1438) to work on /home/airflow/.local/lib/python3.6/site-packages/airflow/example_dags/example_task_group.py
[2022-07-10 08:59:57,104] {scheduler_job.py:629} INFO - Processing file /home/airflow/.local/lib/python3.6/site-packages/airflow/example_dags/example_task_group.py for tasks to queue
[2022-07-10 08:59:57,104] {logging_mixin.py:104} INFO - [2022-07-10 08:59:57,104] {dagbag.py:451} INFO - Filling up the DagBag from /home/airflow/.local/lib/python3.6/site-packages/airflow/example_dags/example_task_group.py
[2022-07-10 08:59:57,111] {scheduler_job.py:639} INFO - DAG(s) dict_keys(['example_task_group']) retrieved from /home/airflow/.local/lib/python3.6/site-packages/airflow/example_dags/example_task_group.py
[2022-07-10 08:59:57,122] {logging_mixin.py:104} INFO - [2022-07-10 08:59:57,122] {dag.py:1824} INFO - Sync 1 DAGs
[2022-07-10 08:59:57,131] {logging_mixin.py:104} INFO - [2022-07-10 08:59:57,131] {dag.py:2280} INFO - Setting next_dagrun for example_task_group to 2022-07-08 00:00:00+00:00
[2022-07-10 08:59:57,137] {scheduler_job.py:190} INFO - Processing /home/airflow/.local/lib/python3.6/site-packages/airflow/example_dags/example_task_group.py took 0.036 seconds
[2022-07-10 09:00:27,892] {scheduler_job.py:182} INFO - Started process (PID=1464) to work on /home/airflow/.local/lib/python3.6/site-packages/airflow/example_dags/example_task_group.py
[2022-07-10 09:00:27,893] {scheduler_job.py:629} INFO - Processing file /home/airflow/.local/lib/python3.6/site-packages/airflow/example_dags/example_task_group.py for tasks to queue
[2022-07-10 09:00:27,894] {logging_mixin.py:104} INFO - [2022-07-10 09:00:27,894] {dagbag.py:451} INFO - Filling up the DagBag from /home/airflow/.local/lib/python3.6/site-packages/airflow/example_dags/example_task_group.py
[2022-07-10 09:00:27,901] {scheduler_job.py:639} INFO - DAG(s) dict_keys(['example_task_group']) retrieved from /home/airflow/.local/lib/python3.6/site-packages/airflow/example_dags/example_task_group.py
[2022-07-10 09:00:27,915] {logging_mixin.py:104} INFO - [2022-07-10 09:00:27,914] {dag.py:1824} INFO - Sync 1 DAGs
[2022-07-10 09:00:27,924] {logging_mixin.py:104} INFO - [2022-07-10 09:00:27,924] {dag.py:2280} INFO - Setting next_dagrun for example_task_group to 2022-07-08 00:00:00+00:00
[2022-07-10 09:00:27,932] {scheduler_job.py:190} INFO - Processing /home/airflow/.local/lib/python3.6/site-packages/airflow/example_dags/example_task_group.py took 0.041 seconds
[2022-07-10 09:00:58,789] {scheduler_job.py:182} INFO - Started process (PID=1490) to work on /home/airflow/.local/lib/python3.6/site-packages/airflow/example_dags/example_task_group.py
[2022-07-10 09:00:58,790] {scheduler_job.py:629} INFO - Processing file /home/airflow/.local/lib/python3.6/site-packages/airflow/example_dags/example_task_group.py for tasks to queue
[2022-07-10 09:00:58,790] {logging_mixin.py:104} INFO - [2022-07-10 09:00:58,790] {dagbag.py:451} INFO - Filling up the DagBag from /home/airflow/.local/lib/python3.6/site-packages/airflow/example_dags/example_task_group.py
[2022-07-10 09:00:58,798] {scheduler_job.py:639} INFO - DAG(s) dict_keys(['example_task_group']) retrieved from /home/airflow/.local/lib/python3.6/site-packages/airflow/example_dags/example_task_group.py
[2022-07-10 09:00:58,811] {logging_mixin.py:104} INFO - [2022-07-10 09:00:58,811] {dag.py:1824} INFO - Sync 1 DAGs
[2022-07-10 09:00:58,820] {logging_mixin.py:104} INFO - [2022-07-10 09:00:58,820] {dag.py:2280} INFO - Setting next_dagrun for example_task_group to 2022-07-08 00:00:00+00:00
[2022-07-10 09:00:58,826] {scheduler_job.py:190} INFO - Processing /home/airflow/.local/lib/python3.6/site-packages/airflow/example_dags/example_task_group.py took 0.039 seconds
[2022-07-10 09:03:55,422] {scheduler_job.py:182} INFO - Started process (PID=64) to work on /home/airflow/.local/lib/python3.6/site-packages/airflow/example_dags/example_task_group.py
[2022-07-10 09:03:55,423] {scheduler_job.py:629} INFO - Processing file /home/airflow/.local/lib/python3.6/site-packages/airflow/example_dags/example_task_group.py for tasks to queue
[2022-07-10 09:03:55,424] {logging_mixin.py:104} INFO - [2022-07-10 09:03:55,424] {dagbag.py:451} INFO - Filling up the DagBag from /home/airflow/.local/lib/python3.6/site-packages/airflow/example_dags/example_task_group.py
[2022-07-10 09:03:55,431] {scheduler_job.py:639} INFO - DAG(s) dict_keys(['example_task_group']) retrieved from /home/airflow/.local/lib/python3.6/site-packages/airflow/example_dags/example_task_group.py
[2022-07-10 09:03:55,448] {logging_mixin.py:104} INFO - [2022-07-10 09:03:55,448] {dag.py:1824} INFO - Sync 1 DAGs
[2022-07-10 09:03:55,465] {logging_mixin.py:104} INFO - [2022-07-10 09:03:55,465] {dag.py:2280} INFO - Setting next_dagrun for example_task_group to 2022-07-08 00:00:00+00:00
[2022-07-10 09:03:55,474] {scheduler_job.py:190} INFO - Processing /home/airflow/.local/lib/python3.6/site-packages/airflow/example_dags/example_task_group.py took 0.054 seconds
[2022-07-10 09:04:26,297] {scheduler_job.py:182} INFO - Started process (PID=90) to work on /home/airflow/.local/lib/python3.6/site-packages/airflow/example_dags/example_task_group.py
[2022-07-10 09:04:26,298] {scheduler_job.py:629} INFO - Processing file /home/airflow/.local/lib/python3.6/site-packages/airflow/example_dags/example_task_group.py for tasks to queue
[2022-07-10 09:04:26,299] {logging_mixin.py:104} INFO - [2022-07-10 09:04:26,298] {dagbag.py:451} INFO - Filling up the DagBag from /home/airflow/.local/lib/python3.6/site-packages/airflow/example_dags/example_task_group.py
[2022-07-10 09:04:26,305] {scheduler_job.py:639} INFO - DAG(s) dict_keys(['example_task_group']) retrieved from /home/airflow/.local/lib/python3.6/site-packages/airflow/example_dags/example_task_group.py
[2022-07-10 09:04:26,317] {logging_mixin.py:104} INFO - [2022-07-10 09:04:26,317] {dag.py:1824} INFO - Sync 1 DAGs
[2022-07-10 09:04:26,328] {logging_mixin.py:104} INFO - [2022-07-10 09:04:26,327] {dag.py:2280} INFO - Setting next_dagrun for example_task_group to 2022-07-08 00:00:00+00:00
[2022-07-10 09:04:26,334] {scheduler_job.py:190} INFO - Processing /home/airflow/.local/lib/python3.6/site-packages/airflow/example_dags/example_task_group.py took 0.038 seconds
[2022-07-10 09:04:57,081] {scheduler_job.py:182} INFO - Started process (PID=116) to work on /home/airflow/.local/lib/python3.6/site-packages/airflow/example_dags/example_task_group.py
[2022-07-10 09:04:57,082] {scheduler_job.py:629} INFO - Processing file /home/airflow/.local/lib/python3.6/site-packages/airflow/example_dags/example_task_group.py for tasks to queue
[2022-07-10 09:04:57,083] {logging_mixin.py:104} INFO - [2022-07-10 09:04:57,082] {dagbag.py:451} INFO - Filling up the DagBag from /home/airflow/.local/lib/python3.6/site-packages/airflow/example_dags/example_task_group.py
[2022-07-10 09:04:57,090] {scheduler_job.py:639} INFO - DAG(s) dict_keys(['example_task_group']) retrieved from /home/airflow/.local/lib/python3.6/site-packages/airflow/example_dags/example_task_group.py
[2022-07-10 09:04:57,103] {logging_mixin.py:104} INFO - [2022-07-10 09:04:57,103] {dag.py:1824} INFO - Sync 1 DAGs
[2022-07-10 09:04:57,115] {logging_mixin.py:104} INFO - [2022-07-10 09:04:57,115] {dag.py:2280} INFO - Setting next_dagrun for example_task_group to 2022-07-08 00:00:00+00:00
[2022-07-10 09:04:57,121] {scheduler_job.py:190} INFO - Processing /home/airflow/.local/lib/python3.6/site-packages/airflow/example_dags/example_task_group.py took 0.042 seconds
[2022-07-10 09:05:27,899] {scheduler_job.py:182} INFO - Started process (PID=142) to work on /home/airflow/.local/lib/python3.6/site-packages/airflow/example_dags/example_task_group.py
[2022-07-10 09:05:27,900] {scheduler_job.py:629} INFO - Processing file /home/airflow/.local/lib/python3.6/site-packages/airflow/example_dags/example_task_group.py for tasks to queue
[2022-07-10 09:05:27,900] {logging_mixin.py:104} INFO - [2022-07-10 09:05:27,900] {dagbag.py:451} INFO - Filling up the DagBag from /home/airflow/.local/lib/python3.6/site-packages/airflow/example_dags/example_task_group.py
[2022-07-10 09:05:27,907] {scheduler_job.py:639} INFO - DAG(s) dict_keys(['example_task_group']) retrieved from /home/airflow/.local/lib/python3.6/site-packages/airflow/example_dags/example_task_group.py
[2022-07-10 09:05:27,920] {logging_mixin.py:104} INFO - [2022-07-10 09:05:27,920] {dag.py:1824} INFO - Sync 1 DAGs
[2022-07-10 09:05:27,931] {logging_mixin.py:104} INFO - [2022-07-10 09:05:27,931] {dag.py:2280} INFO - Setting next_dagrun for example_task_group to 2022-07-08 00:00:00+00:00
[2022-07-10 09:05:27,938] {scheduler_job.py:190} INFO - Processing /home/airflow/.local/lib/python3.6/site-packages/airflow/example_dags/example_task_group.py took 0.040 seconds
[2022-07-10 09:05:58,788] {scheduler_job.py:182} INFO - Started process (PID=168) to work on /home/airflow/.local/lib/python3.6/site-packages/airflow/example_dags/example_task_group.py
[2022-07-10 09:05:58,789] {scheduler_job.py:629} INFO - Processing file /home/airflow/.local/lib/python3.6/site-packages/airflow/example_dags/example_task_group.py for tasks to queue
[2022-07-10 09:05:58,790] {logging_mixin.py:104} INFO - [2022-07-10 09:05:58,790] {dagbag.py:451} INFO - Filling up the DagBag from /home/airflow/.local/lib/python3.6/site-packages/airflow/example_dags/example_task_group.py
[2022-07-10 09:05:58,796] {scheduler_job.py:639} INFO - DAG(s) dict_keys(['example_task_group']) retrieved from /home/airflow/.local/lib/python3.6/site-packages/airflow/example_dags/example_task_group.py
[2022-07-10 09:05:58,809] {logging_mixin.py:104} INFO - [2022-07-10 09:05:58,809] {dag.py:1824} INFO - Sync 1 DAGs
[2022-07-10 09:05:58,820] {logging_mixin.py:104} INFO - [2022-07-10 09:05:58,819] {dag.py:2280} INFO - Setting next_dagrun for example_task_group to 2022-07-08 00:00:00+00:00
[2022-07-10 09:05:58,826] {scheduler_job.py:190} INFO - Processing /home/airflow/.local/lib/python3.6/site-packages/airflow/example_dags/example_task_group.py took 0.039 seconds
[2022-07-10 09:06:29,560] {scheduler_job.py:182} INFO - Started process (PID=194) to work on /home/airflow/.local/lib/python3.6/site-packages/airflow/example_dags/example_task_group.py
[2022-07-10 09:06:29,561] {scheduler_job.py:629} INFO - Processing file /home/airflow/.local/lib/python3.6/site-packages/airflow/example_dags/example_task_group.py for tasks to queue
[2022-07-10 09:06:29,561] {logging_mixin.py:104} INFO - [2022-07-10 09:06:29,561] {dagbag.py:451} INFO - Filling up the DagBag from /home/airflow/.local/lib/python3.6/site-packages/airflow/example_dags/example_task_group.py
[2022-07-10 09:06:29,568] {scheduler_job.py:639} INFO - DAG(s) dict_keys(['example_task_group']) retrieved from /home/airflow/.local/lib/python3.6/site-packages/airflow/example_dags/example_task_group.py
[2022-07-10 09:06:29,581] {logging_mixin.py:104} INFO - [2022-07-10 09:06:29,581] {dag.py:1824} INFO - Sync 1 DAGs
[2022-07-10 09:06:29,592] {logging_mixin.py:104} INFO - [2022-07-10 09:06:29,592] {dag.py:2280} INFO - Setting next_dagrun for example_task_group to 2022-07-08 00:00:00+00:00
[2022-07-10 09:06:29,599] {scheduler_job.py:190} INFO - Processing /home/airflow/.local/lib/python3.6/site-packages/airflow/example_dags/example_task_group.py took 0.041 seconds
[2022-07-10 09:07:00,368] {scheduler_job.py:182} INFO - Started process (PID=220) to work on /home/airflow/.local/lib/python3.6/site-packages/airflow/example_dags/example_task_group.py
[2022-07-10 09:07:00,369] {scheduler_job.py:629} INFO - Processing file /home/airflow/.local/lib/python3.6/site-packages/airflow/example_dags/example_task_group.py for tasks to queue
[2022-07-10 09:07:00,369] {logging_mixin.py:104} INFO - [2022-07-10 09:07:00,369] {dagbag.py:451} INFO - Filling up the DagBag from /home/airflow/.local/lib/python3.6/site-packages/airflow/example_dags/example_task_group.py
[2022-07-10 09:07:00,376] {scheduler_job.py:639} INFO - DAG(s) dict_keys(['example_task_group']) retrieved from /home/airflow/.local/lib/python3.6/site-packages/airflow/example_dags/example_task_group.py
[2022-07-10 09:07:00,390] {logging_mixin.py:104} INFO - [2022-07-10 09:07:00,390] {dag.py:1824} INFO - Sync 1 DAGs
[2022-07-10 09:07:00,399] {logging_mixin.py:104} INFO - [2022-07-10 09:07:00,399] {dag.py:2280} INFO - Setting next_dagrun for example_task_group to 2022-07-08 00:00:00+00:00
[2022-07-10 09:07:00,405] {scheduler_job.py:190} INFO - Processing /home/airflow/.local/lib/python3.6/site-packages/airflow/example_dags/example_task_group.py took 0.039 seconds
[2022-07-10 09:07:31,192] {scheduler_job.py:182} INFO - Started process (PID=246) to work on /home/airflow/.local/lib/python3.6/site-packages/airflow/example_dags/example_task_group.py
[2022-07-10 09:07:31,193] {scheduler_job.py:629} INFO - Processing file /home/airflow/.local/lib/python3.6/site-packages/airflow/example_dags/example_task_group.py for tasks to queue
[2022-07-10 09:07:31,193] {logging_mixin.py:104} INFO - [2022-07-10 09:07:31,193] {dagbag.py:451} INFO - Filling up the DagBag from /home/airflow/.local/lib/python3.6/site-packages/airflow/example_dags/example_task_group.py
[2022-07-10 09:07:31,200] {scheduler_job.py:639} INFO - DAG(s) dict_keys(['example_task_group']) retrieved from /home/airflow/.local/lib/python3.6/site-packages/airflow/example_dags/example_task_group.py
[2022-07-10 09:07:31,216] {logging_mixin.py:104} INFO - [2022-07-10 09:07:31,216] {dag.py:1824} INFO - Sync 1 DAGs
[2022-07-10 09:07:31,224] {logging_mixin.py:104} INFO - [2022-07-10 09:07:31,224] {dag.py:2280} INFO - Setting next_dagrun for example_task_group to 2022-07-08 00:00:00+00:00
[2022-07-10 09:07:31,231] {scheduler_job.py:190} INFO - Processing /home/airflow/.local/lib/python3.6/site-packages/airflow/example_dags/example_task_group.py took 0.041 seconds
[2022-07-10 09:08:01,972] {scheduler_job.py:182} INFO - Started process (PID=272) to work on /home/airflow/.local/lib/python3.6/site-packages/airflow/example_dags/example_task_group.py
[2022-07-10 09:08:01,972] {scheduler_job.py:629} INFO - Processing file /home/airflow/.local/lib/python3.6/site-packages/airflow/example_dags/example_task_group.py for tasks to queue
[2022-07-10 09:08:01,973] {logging_mixin.py:104} INFO - [2022-07-10 09:08:01,973] {dagbag.py:451} INFO - Filling up the DagBag from /home/airflow/.local/lib/python3.6/site-packages/airflow/example_dags/example_task_group.py
[2022-07-10 09:08:01,980] {scheduler_job.py:639} INFO - DAG(s) dict_keys(['example_task_group']) retrieved from /home/airflow/.local/lib/python3.6/site-packages/airflow/example_dags/example_task_group.py
[2022-07-10 09:08:01,994] {logging_mixin.py:104} INFO - [2022-07-10 09:08:01,994] {dag.py:1824} INFO - Sync 1 DAGs
[2022-07-10 09:08:02,004] {logging_mixin.py:104} INFO - [2022-07-10 09:08:02,004] {dag.py:2280} INFO - Setting next_dagrun for example_task_group to 2022-07-08 00:00:00+00:00
[2022-07-10 09:08:02,010] {scheduler_job.py:190} INFO - Processing /home/airflow/.local/lib/python3.6/site-packages/airflow/example_dags/example_task_group.py took 0.040 seconds
[2022-07-10 09:08:32,922] {scheduler_job.py:182} INFO - Started process (PID=298) to work on /home/airflow/.local/lib/python3.6/site-packages/airflow/example_dags/example_task_group.py
[2022-07-10 09:08:32,923] {scheduler_job.py:629} INFO - Processing file /home/airflow/.local/lib/python3.6/site-packages/airflow/example_dags/example_task_group.py for tasks to queue
[2022-07-10 09:08:32,924] {logging_mixin.py:104} INFO - [2022-07-10 09:08:32,924] {dagbag.py:451} INFO - Filling up the DagBag from /home/airflow/.local/lib/python3.6/site-packages/airflow/example_dags/example_task_group.py
[2022-07-10 09:08:32,932] {scheduler_job.py:639} INFO - DAG(s) dict_keys(['example_task_group']) retrieved from /home/airflow/.local/lib/python3.6/site-packages/airflow/example_dags/example_task_group.py
[2022-07-10 09:08:32,951] {logging_mixin.py:104} INFO - [2022-07-10 09:08:32,951] {dag.py:1824} INFO - Sync 1 DAGs
[2022-07-10 09:08:32,963] {logging_mixin.py:104} INFO - [2022-07-10 09:08:32,963] {dag.py:2280} INFO - Setting next_dagrun for example_task_group to 2022-07-08 00:00:00+00:00
[2022-07-10 09:08:32,970] {scheduler_job.py:190} INFO - Processing /home/airflow/.local/lib/python3.6/site-packages/airflow/example_dags/example_task_group.py took 0.050 seconds
[2022-07-10 09:09:03,975] {scheduler_job.py:182} INFO - Started process (PID=324) to work on /home/airflow/.local/lib/python3.6/site-packages/airflow/example_dags/example_task_group.py
[2022-07-10 09:09:03,976] {scheduler_job.py:629} INFO - Processing file /home/airflow/.local/lib/python3.6/site-packages/airflow/example_dags/example_task_group.py for tasks to queue
[2022-07-10 09:09:03,977] {logging_mixin.py:104} INFO - [2022-07-10 09:09:03,977] {dagbag.py:451} INFO - Filling up the DagBag from /home/airflow/.local/lib/python3.6/site-packages/airflow/example_dags/example_task_group.py
[2022-07-10 09:09:03,985] {scheduler_job.py:639} INFO - DAG(s) dict_keys(['example_task_group']) retrieved from /home/airflow/.local/lib/python3.6/site-packages/airflow/example_dags/example_task_group.py
[2022-07-10 09:09:03,997] {logging_mixin.py:104} INFO - [2022-07-10 09:09:03,997] {dag.py:1824} INFO - Sync 1 DAGs
[2022-07-10 09:09:04,008] {logging_mixin.py:104} INFO - [2022-07-10 09:09:04,008] {dag.py:2280} INFO - Setting next_dagrun for example_task_group to 2022-07-08 00:00:00+00:00
[2022-07-10 09:09:04,016] {scheduler_job.py:190} INFO - Processing /home/airflow/.local/lib/python3.6/site-packages/airflow/example_dags/example_task_group.py took 0.042 seconds
[2022-07-10 09:09:34,902] {scheduler_job.py:182} INFO - Started process (PID=350) to work on /home/airflow/.local/lib/python3.6/site-packages/airflow/example_dags/example_task_group.py
[2022-07-10 09:09:34,902] {scheduler_job.py:629} INFO - Processing file /home/airflow/.local/lib/python3.6/site-packages/airflow/example_dags/example_task_group.py for tasks to queue
[2022-07-10 09:09:34,903] {logging_mixin.py:104} INFO - [2022-07-10 09:09:34,903] {dagbag.py:451} INFO - Filling up the DagBag from /home/airflow/.local/lib/python3.6/site-packages/airflow/example_dags/example_task_group.py
[2022-07-10 09:09:34,912] {scheduler_job.py:639} INFO - DAG(s) dict_keys(['example_task_group']) retrieved from /home/airflow/.local/lib/python3.6/site-packages/airflow/example_dags/example_task_group.py
[2022-07-10 09:09:34,925] {logging_mixin.py:104} INFO - [2022-07-10 09:09:34,925] {dag.py:1824} INFO - Sync 1 DAGs
[2022-07-10 09:09:34,935] {logging_mixin.py:104} INFO - [2022-07-10 09:09:34,935] {dag.py:2280} INFO - Setting next_dagrun for example_task_group to 2022-07-08 00:00:00+00:00
[2022-07-10 09:09:34,942] {scheduler_job.py:190} INFO - Processing /home/airflow/.local/lib/python3.6/site-packages/airflow/example_dags/example_task_group.py took 0.042 seconds
[2022-07-10 09:10:05,636] {scheduler_job.py:182} INFO - Started process (PID=376) to work on /home/airflow/.local/lib/python3.6/site-packages/airflow/example_dags/example_task_group.py
[2022-07-10 09:10:05,637] {scheduler_job.py:629} INFO - Processing file /home/airflow/.local/lib/python3.6/site-packages/airflow/example_dags/example_task_group.py for tasks to queue
[2022-07-10 09:10:05,637] {logging_mixin.py:104} INFO - [2022-07-10 09:10:05,637] {dagbag.py:451} INFO - Filling up the DagBag from /home/airflow/.local/lib/python3.6/site-packages/airflow/example_dags/example_task_group.py
[2022-07-10 09:10:05,647] {scheduler_job.py:639} INFO - DAG(s) dict_keys(['example_task_group']) retrieved from /home/airflow/.local/lib/python3.6/site-packages/airflow/example_dags/example_task_group.py
[2022-07-10 09:10:05,662] {logging_mixin.py:104} INFO - [2022-07-10 09:10:05,662] {dag.py:1824} INFO - Sync 1 DAGs
[2022-07-10 09:10:05,673] {logging_mixin.py:104} INFO - [2022-07-10 09:10:05,673] {dag.py:2280} INFO - Setting next_dagrun for example_task_group to 2022-07-08 00:00:00+00:00
[2022-07-10 09:10:05,679] {scheduler_job.py:190} INFO - Processing /home/airflow/.local/lib/python3.6/site-packages/airflow/example_dags/example_task_group.py took 0.046 seconds
[2022-07-10 09:10:36,561] {scheduler_job.py:182} INFO - Started process (PID=402) to work on /home/airflow/.local/lib/python3.6/site-packages/airflow/example_dags/example_task_group.py
[2022-07-10 09:10:36,561] {scheduler_job.py:629} INFO - Processing file /home/airflow/.local/lib/python3.6/site-packages/airflow/example_dags/example_task_group.py for tasks to queue
[2022-07-10 09:10:36,562] {logging_mixin.py:104} INFO - [2022-07-10 09:10:36,562] {dagbag.py:451} INFO - Filling up the DagBag from /home/airflow/.local/lib/python3.6/site-packages/airflow/example_dags/example_task_group.py
[2022-07-10 09:10:36,570] {scheduler_job.py:639} INFO - DAG(s) dict_keys(['example_task_group']) retrieved from /home/airflow/.local/lib/python3.6/site-packages/airflow/example_dags/example_task_group.py
[2022-07-10 09:10:36,581] {logging_mixin.py:104} INFO - [2022-07-10 09:10:36,581] {dag.py:1824} INFO - Sync 1 DAGs
[2022-07-10 09:10:36,589] {logging_mixin.py:104} INFO - [2022-07-10 09:10:36,589] {dag.py:2280} INFO - Setting next_dagrun for example_task_group to 2022-07-08 00:00:00+00:00
[2022-07-10 09:10:36,596] {scheduler_job.py:190} INFO - Processing /home/airflow/.local/lib/python3.6/site-packages/airflow/example_dags/example_task_group.py took 0.037 seconds
[2022-07-10 09:11:07,341] {scheduler_job.py:182} INFO - Started process (PID=428) to work on /home/airflow/.local/lib/python3.6/site-packages/airflow/example_dags/example_task_group.py
[2022-07-10 09:11:07,343] {scheduler_job.py:629} INFO - Processing file /home/airflow/.local/lib/python3.6/site-packages/airflow/example_dags/example_task_group.py for tasks to queue
[2022-07-10 09:11:07,344] {logging_mixin.py:104} INFO - [2022-07-10 09:11:07,344] {dagbag.py:451} INFO - Filling up the DagBag from /home/airflow/.local/lib/python3.6/site-packages/airflow/example_dags/example_task_group.py
[2022-07-10 09:11:07,351] {scheduler_job.py:639} INFO - DAG(s) dict_keys(['example_task_group']) retrieved from /home/airflow/.local/lib/python3.6/site-packages/airflow/example_dags/example_task_group.py
[2022-07-10 09:11:07,363] {logging_mixin.py:104} INFO - [2022-07-10 09:11:07,363] {dag.py:1824} INFO - Sync 1 DAGs
[2022-07-10 09:11:07,372] {logging_mixin.py:104} INFO - [2022-07-10 09:11:07,372] {dag.py:2280} INFO - Setting next_dagrun for example_task_group to 2022-07-08 00:00:00+00:00
[2022-07-10 09:11:07,378] {scheduler_job.py:190} INFO - Processing /home/airflow/.local/lib/python3.6/site-packages/airflow/example_dags/example_task_group.py took 0.039 seconds
[2022-07-10 09:11:38,167] {scheduler_job.py:182} INFO - Started process (PID=454) to work on /home/airflow/.local/lib/python3.6/site-packages/airflow/example_dags/example_task_group.py
[2022-07-10 09:11:38,168] {scheduler_job.py:629} INFO - Processing file /home/airflow/.local/lib/python3.6/site-packages/airflow/example_dags/example_task_group.py for tasks to queue
[2022-07-10 09:11:38,168] {logging_mixin.py:104} INFO - [2022-07-10 09:11:38,168] {dagbag.py:451} INFO - Filling up the DagBag from /home/airflow/.local/lib/python3.6/site-packages/airflow/example_dags/example_task_group.py
[2022-07-10 09:11:38,175] {scheduler_job.py:639} INFO - DAG(s) dict_keys(['example_task_group']) retrieved from /home/airflow/.local/lib/python3.6/site-packages/airflow/example_dags/example_task_group.py
[2022-07-10 09:11:38,187] {logging_mixin.py:104} INFO - [2022-07-10 09:11:38,187] {dag.py:1824} INFO - Sync 1 DAGs
[2022-07-10 09:11:38,197] {logging_mixin.py:104} INFO - [2022-07-10 09:11:38,197] {dag.py:2280} INFO - Setting next_dagrun for example_task_group to 2022-07-08 00:00:00+00:00
[2022-07-10 09:11:38,203] {scheduler_job.py:190} INFO - Processing /home/airflow/.local/lib/python3.6/site-packages/airflow/example_dags/example_task_group.py took 0.037 seconds
[2022-07-10 09:12:08,908] {scheduler_job.py:182} INFO - Started process (PID=480) to work on /home/airflow/.local/lib/python3.6/site-packages/airflow/example_dags/example_task_group.py
[2022-07-10 09:12:08,909] {scheduler_job.py:629} INFO - Processing file /home/airflow/.local/lib/python3.6/site-packages/airflow/example_dags/example_task_group.py for tasks to queue
[2022-07-10 09:12:08,909] {logging_mixin.py:104} INFO - [2022-07-10 09:12:08,909] {dagbag.py:451} INFO - Filling up the DagBag from /home/airflow/.local/lib/python3.6/site-packages/airflow/example_dags/example_task_group.py
[2022-07-10 09:12:08,916] {scheduler_job.py:639} INFO - DAG(s) dict_keys(['example_task_group']) retrieved from /home/airflow/.local/lib/python3.6/site-packages/airflow/example_dags/example_task_group.py
[2022-07-10 09:12:08,929] {logging_mixin.py:104} INFO - [2022-07-10 09:12:08,929] {dag.py:1824} INFO - Sync 1 DAGs
[2022-07-10 09:12:08,938] {logging_mixin.py:104} INFO - [2022-07-10 09:12:08,938] {dag.py:2280} INFO - Setting next_dagrun for example_task_group to 2022-07-08 00:00:00+00:00
[2022-07-10 09:12:08,944] {scheduler_job.py:190} INFO - Processing /home/airflow/.local/lib/python3.6/site-packages/airflow/example_dags/example_task_group.py took 0.038 seconds
