[2022-07-10 08:32:42,144] {scheduler_job.py:182} INFO - Started process (PID=62) to work on /home/airflow/.local/lib/python3.6/site-packages/airflow/example_dags/example_python_operator.py
[2022-07-10 08:32:42,145] {scheduler_job.py:629} INFO - Processing file /home/airflow/.local/lib/python3.6/site-packages/airflow/example_dags/example_python_operator.py for tasks to queue
[2022-07-10 08:32:42,146] {logging_mixin.py:104} INFO - [2022-07-10 08:32:42,146] {dagbag.py:451} INFO - Filling up the DagBag from /home/airflow/.local/lib/python3.6/site-packages/airflow/example_dags/example_python_operator.py
[2022-07-10 08:32:42,154] {scheduler_job.py:639} INFO - DAG(s) dict_keys(['example_python_operator']) retrieved from /home/airflow/.local/lib/python3.6/site-packages/airflow/example_dags/example_python_operator.py
[2022-07-10 08:32:42,169] {logging_mixin.py:104} INFO - [2022-07-10 08:32:42,169] {dag.py:1824} INFO - Sync 1 DAGs
[2022-07-10 08:32:42,179] {logging_mixin.py:104} INFO - [2022-07-10 08:32:42,179] {dag.py:1843} INFO - Creating ORM DAG for example_python_operator
[2022-07-10 08:32:42,183] {logging_mixin.py:104} INFO - [2022-07-10 08:32:42,183] {dag.py:2280} INFO - Setting next_dagrun for example_python_operator to None
[2022-07-10 08:32:42,193] {scheduler_job.py:190} INFO - Processing /home/airflow/.local/lib/python3.6/site-packages/airflow/example_dags/example_python_operator.py took 0.051 seconds
[2022-07-10 08:33:13,034] {scheduler_job.py:182} INFO - Started process (PID=88) to work on /home/airflow/.local/lib/python3.6/site-packages/airflow/example_dags/example_python_operator.py
[2022-07-10 08:33:13,035] {scheduler_job.py:629} INFO - Processing file /home/airflow/.local/lib/python3.6/site-packages/airflow/example_dags/example_python_operator.py for tasks to queue
[2022-07-10 08:33:13,036] {logging_mixin.py:104} INFO - [2022-07-10 08:33:13,036] {dagbag.py:451} INFO - Filling up the DagBag from /home/airflow/.local/lib/python3.6/site-packages/airflow/example_dags/example_python_operator.py
[2022-07-10 08:33:13,043] {scheduler_job.py:639} INFO - DAG(s) dict_keys(['example_python_operator']) retrieved from /home/airflow/.local/lib/python3.6/site-packages/airflow/example_dags/example_python_operator.py
[2022-07-10 08:33:13,055] {logging_mixin.py:104} INFO - [2022-07-10 08:33:13,055] {dag.py:1824} INFO - Sync 1 DAGs
[2022-07-10 08:33:13,065] {logging_mixin.py:104} INFO - [2022-07-10 08:33:13,065] {dag.py:2280} INFO - Setting next_dagrun for example_python_operator to None
[2022-07-10 08:33:13,071] {scheduler_job.py:190} INFO - Processing /home/airflow/.local/lib/python3.6/site-packages/airflow/example_dags/example_python_operator.py took 0.039 seconds
[2022-07-10 08:33:43,786] {scheduler_job.py:182} INFO - Started process (PID=114) to work on /home/airflow/.local/lib/python3.6/site-packages/airflow/example_dags/example_python_operator.py
[2022-07-10 08:33:43,787] {scheduler_job.py:629} INFO - Processing file /home/airflow/.local/lib/python3.6/site-packages/airflow/example_dags/example_python_operator.py for tasks to queue
[2022-07-10 08:33:43,788] {logging_mixin.py:104} INFO - [2022-07-10 08:33:43,788] {dagbag.py:451} INFO - Filling up the DagBag from /home/airflow/.local/lib/python3.6/site-packages/airflow/example_dags/example_python_operator.py
[2022-07-10 08:33:43,795] {scheduler_job.py:639} INFO - DAG(s) dict_keys(['example_python_operator']) retrieved from /home/airflow/.local/lib/python3.6/site-packages/airflow/example_dags/example_python_operator.py
[2022-07-10 08:33:43,807] {logging_mixin.py:104} INFO - [2022-07-10 08:33:43,807] {dag.py:1824} INFO - Sync 1 DAGs
[2022-07-10 08:33:43,818] {logging_mixin.py:104} INFO - [2022-07-10 08:33:43,818] {dag.py:2280} INFO - Setting next_dagrun for example_python_operator to None
[2022-07-10 08:33:43,824] {scheduler_job.py:190} INFO - Processing /home/airflow/.local/lib/python3.6/site-packages/airflow/example_dags/example_python_operator.py took 0.039 seconds
[2022-07-10 08:34:14,675] {scheduler_job.py:182} INFO - Started process (PID=140) to work on /home/airflow/.local/lib/python3.6/site-packages/airflow/example_dags/example_python_operator.py
[2022-07-10 08:34:14,676] {scheduler_job.py:629} INFO - Processing file /home/airflow/.local/lib/python3.6/site-packages/airflow/example_dags/example_python_operator.py for tasks to queue
[2022-07-10 08:34:14,676] {logging_mixin.py:104} INFO - [2022-07-10 08:34:14,676] {dagbag.py:451} INFO - Filling up the DagBag from /home/airflow/.local/lib/python3.6/site-packages/airflow/example_dags/example_python_operator.py
[2022-07-10 08:34:14,683] {scheduler_job.py:639} INFO - DAG(s) dict_keys(['example_python_operator']) retrieved from /home/airflow/.local/lib/python3.6/site-packages/airflow/example_dags/example_python_operator.py
[2022-07-10 08:34:14,695] {logging_mixin.py:104} INFO - [2022-07-10 08:34:14,695] {dag.py:1824} INFO - Sync 1 DAGs
[2022-07-10 08:34:14,705] {logging_mixin.py:104} INFO - [2022-07-10 08:34:14,705] {dag.py:2280} INFO - Setting next_dagrun for example_python_operator to None
[2022-07-10 08:34:14,711] {scheduler_job.py:190} INFO - Processing /home/airflow/.local/lib/python3.6/site-packages/airflow/example_dags/example_python_operator.py took 0.037 seconds
[2022-07-10 08:34:45,492] {scheduler_job.py:182} INFO - Started process (PID=166) to work on /home/airflow/.local/lib/python3.6/site-packages/airflow/example_dags/example_python_operator.py
[2022-07-10 08:34:45,492] {scheduler_job.py:629} INFO - Processing file /home/airflow/.local/lib/python3.6/site-packages/airflow/example_dags/example_python_operator.py for tasks to queue
[2022-07-10 08:34:45,493] {logging_mixin.py:104} INFO - [2022-07-10 08:34:45,493] {dagbag.py:451} INFO - Filling up the DagBag from /home/airflow/.local/lib/python3.6/site-packages/airflow/example_dags/example_python_operator.py
[2022-07-10 08:34:45,500] {scheduler_job.py:639} INFO - DAG(s) dict_keys(['example_python_operator']) retrieved from /home/airflow/.local/lib/python3.6/site-packages/airflow/example_dags/example_python_operator.py
[2022-07-10 08:34:45,513] {logging_mixin.py:104} INFO - [2022-07-10 08:34:45,513] {dag.py:1824} INFO - Sync 1 DAGs
[2022-07-10 08:34:45,524] {logging_mixin.py:104} INFO - [2022-07-10 08:34:45,524] {dag.py:2280} INFO - Setting next_dagrun for example_python_operator to None
[2022-07-10 08:34:45,530] {scheduler_job.py:190} INFO - Processing /home/airflow/.local/lib/python3.6/site-packages/airflow/example_dags/example_python_operator.py took 0.040 seconds
[2022-07-10 08:35:16,242] {scheduler_job.py:182} INFO - Started process (PID=192) to work on /home/airflow/.local/lib/python3.6/site-packages/airflow/example_dags/example_python_operator.py
[2022-07-10 08:35:16,243] {scheduler_job.py:629} INFO - Processing file /home/airflow/.local/lib/python3.6/site-packages/airflow/example_dags/example_python_operator.py for tasks to queue
[2022-07-10 08:35:16,243] {logging_mixin.py:104} INFO - [2022-07-10 08:35:16,243] {dagbag.py:451} INFO - Filling up the DagBag from /home/airflow/.local/lib/python3.6/site-packages/airflow/example_dags/example_python_operator.py
[2022-07-10 08:35:16,252] {scheduler_job.py:639} INFO - DAG(s) dict_keys(['example_python_operator']) retrieved from /home/airflow/.local/lib/python3.6/site-packages/airflow/example_dags/example_python_operator.py
[2022-07-10 08:35:16,267] {logging_mixin.py:104} INFO - [2022-07-10 08:35:16,267] {dag.py:1824} INFO - Sync 1 DAGs
[2022-07-10 08:35:16,277] {logging_mixin.py:104} INFO - [2022-07-10 08:35:16,277] {dag.py:2280} INFO - Setting next_dagrun for example_python_operator to None
[2022-07-10 08:35:16,284] {scheduler_job.py:190} INFO - Processing /home/airflow/.local/lib/python3.6/site-packages/airflow/example_dags/example_python_operator.py took 0.044 seconds
[2022-07-10 08:35:46,986] {scheduler_job.py:182} INFO - Started process (PID=218) to work on /home/airflow/.local/lib/python3.6/site-packages/airflow/example_dags/example_python_operator.py
[2022-07-10 08:35:46,987] {scheduler_job.py:629} INFO - Processing file /home/airflow/.local/lib/python3.6/site-packages/airflow/example_dags/example_python_operator.py for tasks to queue
[2022-07-10 08:35:46,987] {logging_mixin.py:104} INFO - [2022-07-10 08:35:46,987] {dagbag.py:451} INFO - Filling up the DagBag from /home/airflow/.local/lib/python3.6/site-packages/airflow/example_dags/example_python_operator.py
[2022-07-10 08:35:46,994] {scheduler_job.py:639} INFO - DAG(s) dict_keys(['example_python_operator']) retrieved from /home/airflow/.local/lib/python3.6/site-packages/airflow/example_dags/example_python_operator.py
[2022-07-10 08:35:47,008] {logging_mixin.py:104} INFO - [2022-07-10 08:35:47,008] {dag.py:1824} INFO - Sync 1 DAGs
[2022-07-10 08:35:47,017] {logging_mixin.py:104} INFO - [2022-07-10 08:35:47,017] {dag.py:2280} INFO - Setting next_dagrun for example_python_operator to None
[2022-07-10 08:35:47,023] {scheduler_job.py:190} INFO - Processing /home/airflow/.local/lib/python3.6/site-packages/airflow/example_dags/example_python_operator.py took 0.039 seconds
[2022-07-10 08:36:17,908] {scheduler_job.py:182} INFO - Started process (PID=244) to work on /home/airflow/.local/lib/python3.6/site-packages/airflow/example_dags/example_python_operator.py
[2022-07-10 08:36:17,909] {scheduler_job.py:629} INFO - Processing file /home/airflow/.local/lib/python3.6/site-packages/airflow/example_dags/example_python_operator.py for tasks to queue
[2022-07-10 08:36:17,909] {logging_mixin.py:104} INFO - [2022-07-10 08:36:17,909] {dagbag.py:451} INFO - Filling up the DagBag from /home/airflow/.local/lib/python3.6/site-packages/airflow/example_dags/example_python_operator.py
[2022-07-10 08:36:17,916] {scheduler_job.py:639} INFO - DAG(s) dict_keys(['example_python_operator']) retrieved from /home/airflow/.local/lib/python3.6/site-packages/airflow/example_dags/example_python_operator.py
[2022-07-10 08:36:17,929] {logging_mixin.py:104} INFO - [2022-07-10 08:36:17,929] {dag.py:1824} INFO - Sync 1 DAGs
[2022-07-10 08:36:17,937] {logging_mixin.py:104} INFO - [2022-07-10 08:36:17,937] {dag.py:2280} INFO - Setting next_dagrun for example_python_operator to None
[2022-07-10 08:36:17,944] {scheduler_job.py:190} INFO - Processing /home/airflow/.local/lib/python3.6/site-packages/airflow/example_dags/example_python_operator.py took 0.037 seconds
[2022-07-10 08:36:48,868] {scheduler_job.py:182} INFO - Started process (PID=270) to work on /home/airflow/.local/lib/python3.6/site-packages/airflow/example_dags/example_python_operator.py
[2022-07-10 08:36:48,870] {scheduler_job.py:629} INFO - Processing file /home/airflow/.local/lib/python3.6/site-packages/airflow/example_dags/example_python_operator.py for tasks to queue
[2022-07-10 08:36:48,870] {logging_mixin.py:104} INFO - [2022-07-10 08:36:48,870] {dagbag.py:451} INFO - Filling up the DagBag from /home/airflow/.local/lib/python3.6/site-packages/airflow/example_dags/example_python_operator.py
[2022-07-10 08:36:48,880] {scheduler_job.py:639} INFO - DAG(s) dict_keys(['example_python_operator']) retrieved from /home/airflow/.local/lib/python3.6/site-packages/airflow/example_dags/example_python_operator.py
[2022-07-10 08:36:48,897] {logging_mixin.py:104} INFO - [2022-07-10 08:36:48,896] {dag.py:1824} INFO - Sync 1 DAGs
[2022-07-10 08:36:48,905] {logging_mixin.py:104} INFO - [2022-07-10 08:36:48,905] {dag.py:2280} INFO - Setting next_dagrun for example_python_operator to None
[2022-07-10 08:36:48,911] {scheduler_job.py:190} INFO - Processing /home/airflow/.local/lib/python3.6/site-packages/airflow/example_dags/example_python_operator.py took 0.046 seconds
[2022-07-10 08:37:19,642] {scheduler_job.py:182} INFO - Started process (PID=296) to work on /home/airflow/.local/lib/python3.6/site-packages/airflow/example_dags/example_python_operator.py
[2022-07-10 08:37:19,642] {scheduler_job.py:629} INFO - Processing file /home/airflow/.local/lib/python3.6/site-packages/airflow/example_dags/example_python_operator.py for tasks to queue
[2022-07-10 08:37:19,643] {logging_mixin.py:104} INFO - [2022-07-10 08:37:19,643] {dagbag.py:451} INFO - Filling up the DagBag from /home/airflow/.local/lib/python3.6/site-packages/airflow/example_dags/example_python_operator.py
[2022-07-10 08:37:19,652] {scheduler_job.py:639} INFO - DAG(s) dict_keys(['example_python_operator']) retrieved from /home/airflow/.local/lib/python3.6/site-packages/airflow/example_dags/example_python_operator.py
[2022-07-10 08:37:19,664] {logging_mixin.py:104} INFO - [2022-07-10 08:37:19,664] {dag.py:1824} INFO - Sync 1 DAGs
[2022-07-10 08:37:19,673] {logging_mixin.py:104} INFO - [2022-07-10 08:37:19,673] {dag.py:2280} INFO - Setting next_dagrun for example_python_operator to None
[2022-07-10 08:37:19,680] {scheduler_job.py:190} INFO - Processing /home/airflow/.local/lib/python3.6/site-packages/airflow/example_dags/example_python_operator.py took 0.040 seconds
[2022-07-10 08:37:50,592] {scheduler_job.py:182} INFO - Started process (PID=322) to work on /home/airflow/.local/lib/python3.6/site-packages/airflow/example_dags/example_python_operator.py
[2022-07-10 08:37:50,593] {scheduler_job.py:629} INFO - Processing file /home/airflow/.local/lib/python3.6/site-packages/airflow/example_dags/example_python_operator.py for tasks to queue
[2022-07-10 08:37:50,593] {logging_mixin.py:104} INFO - [2022-07-10 08:37:50,593] {dagbag.py:451} INFO - Filling up the DagBag from /home/airflow/.local/lib/python3.6/site-packages/airflow/example_dags/example_python_operator.py
[2022-07-10 08:37:50,602] {scheduler_job.py:639} INFO - DAG(s) dict_keys(['example_python_operator']) retrieved from /home/airflow/.local/lib/python3.6/site-packages/airflow/example_dags/example_python_operator.py
[2022-07-10 08:37:50,614] {logging_mixin.py:104} INFO - [2022-07-10 08:37:50,614] {dag.py:1824} INFO - Sync 1 DAGs
[2022-07-10 08:37:50,623] {logging_mixin.py:104} INFO - [2022-07-10 08:37:50,623] {dag.py:2280} INFO - Setting next_dagrun for example_python_operator to None
[2022-07-10 08:37:50,629] {scheduler_job.py:190} INFO - Processing /home/airflow/.local/lib/python3.6/site-packages/airflow/example_dags/example_python_operator.py took 0.039 seconds
[2022-07-10 08:38:21,476] {scheduler_job.py:182} INFO - Started process (PID=348) to work on /home/airflow/.local/lib/python3.6/site-packages/airflow/example_dags/example_python_operator.py
[2022-07-10 08:38:21,477] {scheduler_job.py:629} INFO - Processing file /home/airflow/.local/lib/python3.6/site-packages/airflow/example_dags/example_python_operator.py for tasks to queue
[2022-07-10 08:38:21,477] {logging_mixin.py:104} INFO - [2022-07-10 08:38:21,477] {dagbag.py:451} INFO - Filling up the DagBag from /home/airflow/.local/lib/python3.6/site-packages/airflow/example_dags/example_python_operator.py
[2022-07-10 08:38:21,487] {scheduler_job.py:639} INFO - DAG(s) dict_keys(['example_python_operator']) retrieved from /home/airflow/.local/lib/python3.6/site-packages/airflow/example_dags/example_python_operator.py
[2022-07-10 08:38:21,500] {logging_mixin.py:104} INFO - [2022-07-10 08:38:21,500] {dag.py:1824} INFO - Sync 1 DAGs
[2022-07-10 08:38:21,509] {logging_mixin.py:104} INFO - [2022-07-10 08:38:21,509] {dag.py:2280} INFO - Setting next_dagrun for example_python_operator to None
[2022-07-10 08:38:21,517] {scheduler_job.py:190} INFO - Processing /home/airflow/.local/lib/python3.6/site-packages/airflow/example_dags/example_python_operator.py took 0.042 seconds
[2022-07-10 08:38:52,425] {scheduler_job.py:182} INFO - Started process (PID=374) to work on /home/airflow/.local/lib/python3.6/site-packages/airflow/example_dags/example_python_operator.py
[2022-07-10 08:38:52,426] {scheduler_job.py:629} INFO - Processing file /home/airflow/.local/lib/python3.6/site-packages/airflow/example_dags/example_python_operator.py for tasks to queue
[2022-07-10 08:38:52,426] {logging_mixin.py:104} INFO - [2022-07-10 08:38:52,426] {dagbag.py:451} INFO - Filling up the DagBag from /home/airflow/.local/lib/python3.6/site-packages/airflow/example_dags/example_python_operator.py
[2022-07-10 08:38:52,437] {scheduler_job.py:639} INFO - DAG(s) dict_keys(['example_python_operator']) retrieved from /home/airflow/.local/lib/python3.6/site-packages/airflow/example_dags/example_python_operator.py
[2022-07-10 08:38:52,450] {logging_mixin.py:104} INFO - [2022-07-10 08:38:52,450] {dag.py:1824} INFO - Sync 1 DAGs
[2022-07-10 08:38:52,459] {logging_mixin.py:104} INFO - [2022-07-10 08:38:52,458] {dag.py:2280} INFO - Setting next_dagrun for example_python_operator to None
[2022-07-10 08:38:52,464] {scheduler_job.py:190} INFO - Processing /home/airflow/.local/lib/python3.6/site-packages/airflow/example_dags/example_python_operator.py took 0.041 seconds
[2022-07-10 08:39:23,290] {scheduler_job.py:182} INFO - Started process (PID=400) to work on /home/airflow/.local/lib/python3.6/site-packages/airflow/example_dags/example_python_operator.py
[2022-07-10 08:39:23,291] {scheduler_job.py:629} INFO - Processing file /home/airflow/.local/lib/python3.6/site-packages/airflow/example_dags/example_python_operator.py for tasks to queue
[2022-07-10 08:39:23,292] {logging_mixin.py:104} INFO - [2022-07-10 08:39:23,292] {dagbag.py:451} INFO - Filling up the DagBag from /home/airflow/.local/lib/python3.6/site-packages/airflow/example_dags/example_python_operator.py
[2022-07-10 08:39:23,301] {scheduler_job.py:639} INFO - DAG(s) dict_keys(['example_python_operator']) retrieved from /home/airflow/.local/lib/python3.6/site-packages/airflow/example_dags/example_python_operator.py
[2022-07-10 08:39:23,313] {logging_mixin.py:104} INFO - [2022-07-10 08:39:23,313] {dag.py:1824} INFO - Sync 1 DAGs
[2022-07-10 08:39:23,322] {logging_mixin.py:104} INFO - [2022-07-10 08:39:23,322] {dag.py:2280} INFO - Setting next_dagrun for example_python_operator to None
[2022-07-10 08:39:23,328] {scheduler_job.py:190} INFO - Processing /home/airflow/.local/lib/python3.6/site-packages/airflow/example_dags/example_python_operator.py took 0.039 seconds
[2022-07-10 08:39:54,108] {scheduler_job.py:182} INFO - Started process (PID=426) to work on /home/airflow/.local/lib/python3.6/site-packages/airflow/example_dags/example_python_operator.py
[2022-07-10 08:39:54,111] {scheduler_job.py:629} INFO - Processing file /home/airflow/.local/lib/python3.6/site-packages/airflow/example_dags/example_python_operator.py for tasks to queue
[2022-07-10 08:39:54,112] {logging_mixin.py:104} INFO - [2022-07-10 08:39:54,112] {dagbag.py:451} INFO - Filling up the DagBag from /home/airflow/.local/lib/python3.6/site-packages/airflow/example_dags/example_python_operator.py
[2022-07-10 08:39:54,120] {scheduler_job.py:639} INFO - DAG(s) dict_keys(['example_python_operator']) retrieved from /home/airflow/.local/lib/python3.6/site-packages/airflow/example_dags/example_python_operator.py
[2022-07-10 08:39:54,133] {logging_mixin.py:104} INFO - [2022-07-10 08:39:54,133] {dag.py:1824} INFO - Sync 1 DAGs
[2022-07-10 08:39:54,141] {logging_mixin.py:104} INFO - [2022-07-10 08:39:54,141] {dag.py:2280} INFO - Setting next_dagrun for example_python_operator to None
[2022-07-10 08:39:54,147] {scheduler_job.py:190} INFO - Processing /home/airflow/.local/lib/python3.6/site-packages/airflow/example_dags/example_python_operator.py took 0.041 seconds
[2022-07-10 08:40:24,960] {scheduler_job.py:182} INFO - Started process (PID=452) to work on /home/airflow/.local/lib/python3.6/site-packages/airflow/example_dags/example_python_operator.py
[2022-07-10 08:40:24,961] {scheduler_job.py:629} INFO - Processing file /home/airflow/.local/lib/python3.6/site-packages/airflow/example_dags/example_python_operator.py for tasks to queue
[2022-07-10 08:40:24,962] {logging_mixin.py:104} INFO - [2022-07-10 08:40:24,962] {dagbag.py:451} INFO - Filling up the DagBag from /home/airflow/.local/lib/python3.6/site-packages/airflow/example_dags/example_python_operator.py
[2022-07-10 08:40:24,969] {scheduler_job.py:639} INFO - DAG(s) dict_keys(['example_python_operator']) retrieved from /home/airflow/.local/lib/python3.6/site-packages/airflow/example_dags/example_python_operator.py
[2022-07-10 08:40:24,982] {logging_mixin.py:104} INFO - [2022-07-10 08:40:24,982] {dag.py:1824} INFO - Sync 1 DAGs
[2022-07-10 08:40:24,991] {logging_mixin.py:104} INFO - [2022-07-10 08:40:24,991] {dag.py:2280} INFO - Setting next_dagrun for example_python_operator to None
[2022-07-10 08:40:24,998] {scheduler_job.py:190} INFO - Processing /home/airflow/.local/lib/python3.6/site-packages/airflow/example_dags/example_python_operator.py took 0.039 seconds
[2022-07-10 08:40:55,757] {scheduler_job.py:182} INFO - Started process (PID=478) to work on /home/airflow/.local/lib/python3.6/site-packages/airflow/example_dags/example_python_operator.py
[2022-07-10 08:40:55,757] {scheduler_job.py:629} INFO - Processing file /home/airflow/.local/lib/python3.6/site-packages/airflow/example_dags/example_python_operator.py for tasks to queue
[2022-07-10 08:40:55,758] {logging_mixin.py:104} INFO - [2022-07-10 08:40:55,758] {dagbag.py:451} INFO - Filling up the DagBag from /home/airflow/.local/lib/python3.6/site-packages/airflow/example_dags/example_python_operator.py
[2022-07-10 08:40:55,765] {scheduler_job.py:639} INFO - DAG(s) dict_keys(['example_python_operator']) retrieved from /home/airflow/.local/lib/python3.6/site-packages/airflow/example_dags/example_python_operator.py
[2022-07-10 08:40:55,777] {logging_mixin.py:104} INFO - [2022-07-10 08:40:55,777] {dag.py:1824} INFO - Sync 1 DAGs
[2022-07-10 08:40:55,786] {logging_mixin.py:104} INFO - [2022-07-10 08:40:55,786] {dag.py:2280} INFO - Setting next_dagrun for example_python_operator to None
[2022-07-10 08:40:55,792] {scheduler_job.py:190} INFO - Processing /home/airflow/.local/lib/python3.6/site-packages/airflow/example_dags/example_python_operator.py took 0.037 seconds
[2022-07-10 08:41:26,543] {scheduler_job.py:182} INFO - Started process (PID=504) to work on /home/airflow/.local/lib/python3.6/site-packages/airflow/example_dags/example_python_operator.py
[2022-07-10 08:41:26,544] {scheduler_job.py:629} INFO - Processing file /home/airflow/.local/lib/python3.6/site-packages/airflow/example_dags/example_python_operator.py for tasks to queue
[2022-07-10 08:41:26,544] {logging_mixin.py:104} INFO - [2022-07-10 08:41:26,544] {dagbag.py:451} INFO - Filling up the DagBag from /home/airflow/.local/lib/python3.6/site-packages/airflow/example_dags/example_python_operator.py
[2022-07-10 08:41:26,551] {scheduler_job.py:639} INFO - DAG(s) dict_keys(['example_python_operator']) retrieved from /home/airflow/.local/lib/python3.6/site-packages/airflow/example_dags/example_python_operator.py
[2022-07-10 08:41:26,564] {logging_mixin.py:104} INFO - [2022-07-10 08:41:26,564] {dag.py:1824} INFO - Sync 1 DAGs
[2022-07-10 08:41:26,572] {logging_mixin.py:104} INFO - [2022-07-10 08:41:26,572] {dag.py:2280} INFO - Setting next_dagrun for example_python_operator to None
[2022-07-10 08:41:26,578] {scheduler_job.py:190} INFO - Processing /home/airflow/.local/lib/python3.6/site-packages/airflow/example_dags/example_python_operator.py took 0.037 seconds
[2022-07-10 08:41:57,401] {scheduler_job.py:182} INFO - Started process (PID=530) to work on /home/airflow/.local/lib/python3.6/site-packages/airflow/example_dags/example_python_operator.py
[2022-07-10 08:41:57,402] {scheduler_job.py:629} INFO - Processing file /home/airflow/.local/lib/python3.6/site-packages/airflow/example_dags/example_python_operator.py for tasks to queue
[2022-07-10 08:41:57,402] {logging_mixin.py:104} INFO - [2022-07-10 08:41:57,402] {dagbag.py:451} INFO - Filling up the DagBag from /home/airflow/.local/lib/python3.6/site-packages/airflow/example_dags/example_python_operator.py
[2022-07-10 08:41:57,409] {scheduler_job.py:639} INFO - DAG(s) dict_keys(['example_python_operator']) retrieved from /home/airflow/.local/lib/python3.6/site-packages/airflow/example_dags/example_python_operator.py
[2022-07-10 08:41:57,422] {logging_mixin.py:104} INFO - [2022-07-10 08:41:57,422] {dag.py:1824} INFO - Sync 1 DAGs
[2022-07-10 08:41:57,430] {logging_mixin.py:104} INFO - [2022-07-10 08:41:57,430] {dag.py:2280} INFO - Setting next_dagrun for example_python_operator to None
[2022-07-10 08:41:57,436] {scheduler_job.py:190} INFO - Processing /home/airflow/.local/lib/python3.6/site-packages/airflow/example_dags/example_python_operator.py took 0.037 seconds
[2022-07-10 08:42:28,207] {scheduler_job.py:182} INFO - Started process (PID=556) to work on /home/airflow/.local/lib/python3.6/site-packages/airflow/example_dags/example_python_operator.py
[2022-07-10 08:42:28,208] {scheduler_job.py:629} INFO - Processing file /home/airflow/.local/lib/python3.6/site-packages/airflow/example_dags/example_python_operator.py for tasks to queue
[2022-07-10 08:42:28,208] {logging_mixin.py:104} INFO - [2022-07-10 08:42:28,208] {dagbag.py:451} INFO - Filling up the DagBag from /home/airflow/.local/lib/python3.6/site-packages/airflow/example_dags/example_python_operator.py
[2022-07-10 08:42:28,216] {scheduler_job.py:639} INFO - DAG(s) dict_keys(['example_python_operator']) retrieved from /home/airflow/.local/lib/python3.6/site-packages/airflow/example_dags/example_python_operator.py
[2022-07-10 08:42:28,228] {logging_mixin.py:104} INFO - [2022-07-10 08:42:28,228] {dag.py:1824} INFO - Sync 1 DAGs
[2022-07-10 08:42:28,237] {logging_mixin.py:104} INFO - [2022-07-10 08:42:28,237] {dag.py:2280} INFO - Setting next_dagrun for example_python_operator to None
[2022-07-10 08:42:28,244] {scheduler_job.py:190} INFO - Processing /home/airflow/.local/lib/python3.6/site-packages/airflow/example_dags/example_python_operator.py took 0.038 seconds
[2022-07-10 08:42:59,000] {scheduler_job.py:182} INFO - Started process (PID=582) to work on /home/airflow/.local/lib/python3.6/site-packages/airflow/example_dags/example_python_operator.py
[2022-07-10 08:42:59,001] {scheduler_job.py:629} INFO - Processing file /home/airflow/.local/lib/python3.6/site-packages/airflow/example_dags/example_python_operator.py for tasks to queue
[2022-07-10 08:42:59,001] {logging_mixin.py:104} INFO - [2022-07-10 08:42:59,001] {dagbag.py:451} INFO - Filling up the DagBag from /home/airflow/.local/lib/python3.6/site-packages/airflow/example_dags/example_python_operator.py
[2022-07-10 08:42:59,008] {scheduler_job.py:639} INFO - DAG(s) dict_keys(['example_python_operator']) retrieved from /home/airflow/.local/lib/python3.6/site-packages/airflow/example_dags/example_python_operator.py
[2022-07-10 08:42:59,021] {logging_mixin.py:104} INFO - [2022-07-10 08:42:59,021] {dag.py:1824} INFO - Sync 1 DAGs
[2022-07-10 08:42:59,030] {logging_mixin.py:104} INFO - [2022-07-10 08:42:59,030] {dag.py:2280} INFO - Setting next_dagrun for example_python_operator to None
[2022-07-10 08:42:59,036] {scheduler_job.py:190} INFO - Processing /home/airflow/.local/lib/python3.6/site-packages/airflow/example_dags/example_python_operator.py took 0.038 seconds
[2022-07-10 08:43:29,791] {scheduler_job.py:182} INFO - Started process (PID=608) to work on /home/airflow/.local/lib/python3.6/site-packages/airflow/example_dags/example_python_operator.py
[2022-07-10 08:43:29,792] {scheduler_job.py:629} INFO - Processing file /home/airflow/.local/lib/python3.6/site-packages/airflow/example_dags/example_python_operator.py for tasks to queue
[2022-07-10 08:43:29,792] {logging_mixin.py:104} INFO - [2022-07-10 08:43:29,792] {dagbag.py:451} INFO - Filling up the DagBag from /home/airflow/.local/lib/python3.6/site-packages/airflow/example_dags/example_python_operator.py
[2022-07-10 08:43:29,800] {scheduler_job.py:639} INFO - DAG(s) dict_keys(['example_python_operator']) retrieved from /home/airflow/.local/lib/python3.6/site-packages/airflow/example_dags/example_python_operator.py
[2022-07-10 08:43:29,814] {logging_mixin.py:104} INFO - [2022-07-10 08:43:29,814] {dag.py:1824} INFO - Sync 1 DAGs
[2022-07-10 08:43:29,823] {logging_mixin.py:104} INFO - [2022-07-10 08:43:29,822] {dag.py:2280} INFO - Setting next_dagrun for example_python_operator to None
[2022-07-10 08:43:29,829] {scheduler_job.py:190} INFO - Processing /home/airflow/.local/lib/python3.6/site-packages/airflow/example_dags/example_python_operator.py took 0.039 seconds
[2022-07-10 08:44:00,590] {scheduler_job.py:182} INFO - Started process (PID=634) to work on /home/airflow/.local/lib/python3.6/site-packages/airflow/example_dags/example_python_operator.py
[2022-07-10 08:44:00,591] {scheduler_job.py:629} INFO - Processing file /home/airflow/.local/lib/python3.6/site-packages/airflow/example_dags/example_python_operator.py for tasks to queue
[2022-07-10 08:44:00,592] {logging_mixin.py:104} INFO - [2022-07-10 08:44:00,592] {dagbag.py:451} INFO - Filling up the DagBag from /home/airflow/.local/lib/python3.6/site-packages/airflow/example_dags/example_python_operator.py
[2022-07-10 08:44:00,599] {scheduler_job.py:639} INFO - DAG(s) dict_keys(['example_python_operator']) retrieved from /home/airflow/.local/lib/python3.6/site-packages/airflow/example_dags/example_python_operator.py
[2022-07-10 08:44:00,613] {logging_mixin.py:104} INFO - [2022-07-10 08:44:00,613] {dag.py:1824} INFO - Sync 1 DAGs
[2022-07-10 08:44:00,623] {logging_mixin.py:104} INFO - [2022-07-10 08:44:00,623] {dag.py:2280} INFO - Setting next_dagrun for example_python_operator to None
[2022-07-10 08:44:00,629] {scheduler_job.py:190} INFO - Processing /home/airflow/.local/lib/python3.6/site-packages/airflow/example_dags/example_python_operator.py took 0.041 seconds
[2022-07-10 08:44:31,437] {scheduler_job.py:182} INFO - Started process (PID=660) to work on /home/airflow/.local/lib/python3.6/site-packages/airflow/example_dags/example_python_operator.py
[2022-07-10 08:44:31,438] {scheduler_job.py:629} INFO - Processing file /home/airflow/.local/lib/python3.6/site-packages/airflow/example_dags/example_python_operator.py for tasks to queue
[2022-07-10 08:44:31,439] {logging_mixin.py:104} INFO - [2022-07-10 08:44:31,439] {dagbag.py:451} INFO - Filling up the DagBag from /home/airflow/.local/lib/python3.6/site-packages/airflow/example_dags/example_python_operator.py
[2022-07-10 08:44:31,446] {scheduler_job.py:639} INFO - DAG(s) dict_keys(['example_python_operator']) retrieved from /home/airflow/.local/lib/python3.6/site-packages/airflow/example_dags/example_python_operator.py
[2022-07-10 08:44:31,458] {logging_mixin.py:104} INFO - [2022-07-10 08:44:31,458] {dag.py:1824} INFO - Sync 1 DAGs
[2022-07-10 08:44:31,467] {logging_mixin.py:104} INFO - [2022-07-10 08:44:31,467] {dag.py:2280} INFO - Setting next_dagrun for example_python_operator to None
[2022-07-10 08:44:31,473] {scheduler_job.py:190} INFO - Processing /home/airflow/.local/lib/python3.6/site-packages/airflow/example_dags/example_python_operator.py took 0.037 seconds
[2022-07-10 08:45:02,178] {scheduler_job.py:182} INFO - Started process (PID=686) to work on /home/airflow/.local/lib/python3.6/site-packages/airflow/example_dags/example_python_operator.py
[2022-07-10 08:45:02,179] {scheduler_job.py:629} INFO - Processing file /home/airflow/.local/lib/python3.6/site-packages/airflow/example_dags/example_python_operator.py for tasks to queue
[2022-07-10 08:45:02,180] {logging_mixin.py:104} INFO - [2022-07-10 08:45:02,179] {dagbag.py:451} INFO - Filling up the DagBag from /home/airflow/.local/lib/python3.6/site-packages/airflow/example_dags/example_python_operator.py
[2022-07-10 08:45:02,186] {scheduler_job.py:639} INFO - DAG(s) dict_keys(['example_python_operator']) retrieved from /home/airflow/.local/lib/python3.6/site-packages/airflow/example_dags/example_python_operator.py
[2022-07-10 08:45:02,200] {logging_mixin.py:104} INFO - [2022-07-10 08:45:02,199] {dag.py:1824} INFO - Sync 1 DAGs
[2022-07-10 08:45:02,209] {logging_mixin.py:104} INFO - [2022-07-10 08:45:02,209] {dag.py:2280} INFO - Setting next_dagrun for example_python_operator to None
[2022-07-10 08:45:02,215] {scheduler_job.py:190} INFO - Processing /home/airflow/.local/lib/python3.6/site-packages/airflow/example_dags/example_python_operator.py took 0.038 seconds
[2022-07-10 08:45:32,950] {scheduler_job.py:182} INFO - Started process (PID=712) to work on /home/airflow/.local/lib/python3.6/site-packages/airflow/example_dags/example_python_operator.py
[2022-07-10 08:45:32,951] {scheduler_job.py:629} INFO - Processing file /home/airflow/.local/lib/python3.6/site-packages/airflow/example_dags/example_python_operator.py for tasks to queue
[2022-07-10 08:45:32,951] {logging_mixin.py:104} INFO - [2022-07-10 08:45:32,951] {dagbag.py:451} INFO - Filling up the DagBag from /home/airflow/.local/lib/python3.6/site-packages/airflow/example_dags/example_python_operator.py
[2022-07-10 08:45:32,958] {scheduler_job.py:639} INFO - DAG(s) dict_keys(['example_python_operator']) retrieved from /home/airflow/.local/lib/python3.6/site-packages/airflow/example_dags/example_python_operator.py
[2022-07-10 08:45:32,971] {logging_mixin.py:104} INFO - [2022-07-10 08:45:32,971] {dag.py:1824} INFO - Sync 1 DAGs
[2022-07-10 08:45:32,980] {logging_mixin.py:104} INFO - [2022-07-10 08:45:32,979] {dag.py:2280} INFO - Setting next_dagrun for example_python_operator to None
[2022-07-10 08:45:32,986] {scheduler_job.py:190} INFO - Processing /home/airflow/.local/lib/python3.6/site-packages/airflow/example_dags/example_python_operator.py took 0.038 seconds
[2022-07-10 08:46:03,826] {scheduler_job.py:182} INFO - Started process (PID=738) to work on /home/airflow/.local/lib/python3.6/site-packages/airflow/example_dags/example_python_operator.py
[2022-07-10 08:46:03,827] {scheduler_job.py:629} INFO - Processing file /home/airflow/.local/lib/python3.6/site-packages/airflow/example_dags/example_python_operator.py for tasks to queue
[2022-07-10 08:46:03,827] {logging_mixin.py:104} INFO - [2022-07-10 08:46:03,827] {dagbag.py:451} INFO - Filling up the DagBag from /home/airflow/.local/lib/python3.6/site-packages/airflow/example_dags/example_python_operator.py
[2022-07-10 08:46:03,834] {scheduler_job.py:639} INFO - DAG(s) dict_keys(['example_python_operator']) retrieved from /home/airflow/.local/lib/python3.6/site-packages/airflow/example_dags/example_python_operator.py
[2022-07-10 08:46:03,848] {logging_mixin.py:104} INFO - [2022-07-10 08:46:03,847] {dag.py:1824} INFO - Sync 1 DAGs
[2022-07-10 08:46:03,858] {logging_mixin.py:104} INFO - [2022-07-10 08:46:03,858] {dag.py:2280} INFO - Setting next_dagrun for example_python_operator to None
[2022-07-10 08:46:03,864] {scheduler_job.py:190} INFO - Processing /home/airflow/.local/lib/python3.6/site-packages/airflow/example_dags/example_python_operator.py took 0.039 seconds
[2022-07-10 08:46:34,621] {scheduler_job.py:182} INFO - Started process (PID=764) to work on /home/airflow/.local/lib/python3.6/site-packages/airflow/example_dags/example_python_operator.py
[2022-07-10 08:46:34,622] {scheduler_job.py:629} INFO - Processing file /home/airflow/.local/lib/python3.6/site-packages/airflow/example_dags/example_python_operator.py for tasks to queue
[2022-07-10 08:46:34,623] {logging_mixin.py:104} INFO - [2022-07-10 08:46:34,623] {dagbag.py:451} INFO - Filling up the DagBag from /home/airflow/.local/lib/python3.6/site-packages/airflow/example_dags/example_python_operator.py
[2022-07-10 08:46:34,630] {scheduler_job.py:639} INFO - DAG(s) dict_keys(['example_python_operator']) retrieved from /home/airflow/.local/lib/python3.6/site-packages/airflow/example_dags/example_python_operator.py
[2022-07-10 08:46:34,642] {logging_mixin.py:104} INFO - [2022-07-10 08:46:34,642] {dag.py:1824} INFO - Sync 1 DAGs
[2022-07-10 08:46:34,651] {logging_mixin.py:104} INFO - [2022-07-10 08:46:34,651] {dag.py:2280} INFO - Setting next_dagrun for example_python_operator to None
[2022-07-10 08:46:34,658] {scheduler_job.py:190} INFO - Processing /home/airflow/.local/lib/python3.6/site-packages/airflow/example_dags/example_python_operator.py took 0.038 seconds
[2022-07-10 08:47:05,617] {scheduler_job.py:182} INFO - Started process (PID=790) to work on /home/airflow/.local/lib/python3.6/site-packages/airflow/example_dags/example_python_operator.py
[2022-07-10 08:47:05,617] {scheduler_job.py:629} INFO - Processing file /home/airflow/.local/lib/python3.6/site-packages/airflow/example_dags/example_python_operator.py for tasks to queue
[2022-07-10 08:47:05,618] {logging_mixin.py:104} INFO - [2022-07-10 08:47:05,618] {dagbag.py:451} INFO - Filling up the DagBag from /home/airflow/.local/lib/python3.6/site-packages/airflow/example_dags/example_python_operator.py
[2022-07-10 08:47:05,625] {scheduler_job.py:639} INFO - DAG(s) dict_keys(['example_python_operator']) retrieved from /home/airflow/.local/lib/python3.6/site-packages/airflow/example_dags/example_python_operator.py
[2022-07-10 08:47:05,637] {logging_mixin.py:104} INFO - [2022-07-10 08:47:05,637] {dag.py:1824} INFO - Sync 1 DAGs
[2022-07-10 08:47:05,646] {logging_mixin.py:104} INFO - [2022-07-10 08:47:05,646] {dag.py:2280} INFO - Setting next_dagrun for example_python_operator to None
[2022-07-10 08:47:05,652] {scheduler_job.py:190} INFO - Processing /home/airflow/.local/lib/python3.6/site-packages/airflow/example_dags/example_python_operator.py took 0.037 seconds
[2022-07-10 08:47:36,477] {scheduler_job.py:182} INFO - Started process (PID=816) to work on /home/airflow/.local/lib/python3.6/site-packages/airflow/example_dags/example_python_operator.py
[2022-07-10 08:47:36,478] {scheduler_job.py:629} INFO - Processing file /home/airflow/.local/lib/python3.6/site-packages/airflow/example_dags/example_python_operator.py for tasks to queue
[2022-07-10 08:47:36,478] {logging_mixin.py:104} INFO - [2022-07-10 08:47:36,478] {dagbag.py:451} INFO - Filling up the DagBag from /home/airflow/.local/lib/python3.6/site-packages/airflow/example_dags/example_python_operator.py
[2022-07-10 08:47:36,485] {scheduler_job.py:639} INFO - DAG(s) dict_keys(['example_python_operator']) retrieved from /home/airflow/.local/lib/python3.6/site-packages/airflow/example_dags/example_python_operator.py
[2022-07-10 08:47:36,498] {logging_mixin.py:104} INFO - [2022-07-10 08:47:36,498] {dag.py:1824} INFO - Sync 1 DAGs
[2022-07-10 08:47:36,507] {logging_mixin.py:104} INFO - [2022-07-10 08:47:36,507] {dag.py:2280} INFO - Setting next_dagrun for example_python_operator to None
[2022-07-10 08:47:36,513] {scheduler_job.py:190} INFO - Processing /home/airflow/.local/lib/python3.6/site-packages/airflow/example_dags/example_python_operator.py took 0.038 seconds
[2022-07-10 08:48:07,235] {scheduler_job.py:182} INFO - Started process (PID=842) to work on /home/airflow/.local/lib/python3.6/site-packages/airflow/example_dags/example_python_operator.py
[2022-07-10 08:48:07,236] {scheduler_job.py:629} INFO - Processing file /home/airflow/.local/lib/python3.6/site-packages/airflow/example_dags/example_python_operator.py for tasks to queue
[2022-07-10 08:48:07,236] {logging_mixin.py:104} INFO - [2022-07-10 08:48:07,236] {dagbag.py:451} INFO - Filling up the DagBag from /home/airflow/.local/lib/python3.6/site-packages/airflow/example_dags/example_python_operator.py
[2022-07-10 08:48:07,243] {scheduler_job.py:639} INFO - DAG(s) dict_keys(['example_python_operator']) retrieved from /home/airflow/.local/lib/python3.6/site-packages/airflow/example_dags/example_python_operator.py
[2022-07-10 08:48:07,255] {logging_mixin.py:104} INFO - [2022-07-10 08:48:07,255] {dag.py:1824} INFO - Sync 1 DAGs
[2022-07-10 08:48:07,264] {logging_mixin.py:104} INFO - [2022-07-10 08:48:07,264] {dag.py:2280} INFO - Setting next_dagrun for example_python_operator to None
[2022-07-10 08:48:07,271] {scheduler_job.py:190} INFO - Processing /home/airflow/.local/lib/python3.6/site-packages/airflow/example_dags/example_python_operator.py took 0.038 seconds
[2022-07-10 08:48:38,150] {scheduler_job.py:182} INFO - Started process (PID=868) to work on /home/airflow/.local/lib/python3.6/site-packages/airflow/example_dags/example_python_operator.py
[2022-07-10 08:48:38,151] {scheduler_job.py:629} INFO - Processing file /home/airflow/.local/lib/python3.6/site-packages/airflow/example_dags/example_python_operator.py for tasks to queue
[2022-07-10 08:48:38,151] {logging_mixin.py:104} INFO - [2022-07-10 08:48:38,151] {dagbag.py:451} INFO - Filling up the DagBag from /home/airflow/.local/lib/python3.6/site-packages/airflow/example_dags/example_python_operator.py
[2022-07-10 08:48:38,158] {scheduler_job.py:639} INFO - DAG(s) dict_keys(['example_python_operator']) retrieved from /home/airflow/.local/lib/python3.6/site-packages/airflow/example_dags/example_python_operator.py
[2022-07-10 08:48:38,170] {logging_mixin.py:104} INFO - [2022-07-10 08:48:38,170] {dag.py:1824} INFO - Sync 1 DAGs
[2022-07-10 08:48:38,179] {logging_mixin.py:104} INFO - [2022-07-10 08:48:38,179] {dag.py:2280} INFO - Setting next_dagrun for example_python_operator to None
[2022-07-10 08:48:38,185] {scheduler_job.py:190} INFO - Processing /home/airflow/.local/lib/python3.6/site-packages/airflow/example_dags/example_python_operator.py took 0.037 seconds
[2022-07-10 08:49:08,968] {scheduler_job.py:182} INFO - Started process (PID=894) to work on /home/airflow/.local/lib/python3.6/site-packages/airflow/example_dags/example_python_operator.py
[2022-07-10 08:49:08,969] {scheduler_job.py:629} INFO - Processing file /home/airflow/.local/lib/python3.6/site-packages/airflow/example_dags/example_python_operator.py for tasks to queue
[2022-07-10 08:49:08,970] {logging_mixin.py:104} INFO - [2022-07-10 08:49:08,970] {dagbag.py:451} INFO - Filling up the DagBag from /home/airflow/.local/lib/python3.6/site-packages/airflow/example_dags/example_python_operator.py
[2022-07-10 08:49:08,977] {scheduler_job.py:639} INFO - DAG(s) dict_keys(['example_python_operator']) retrieved from /home/airflow/.local/lib/python3.6/site-packages/airflow/example_dags/example_python_operator.py
[2022-07-10 08:49:08,990] {logging_mixin.py:104} INFO - [2022-07-10 08:49:08,989] {dag.py:1824} INFO - Sync 1 DAGs
[2022-07-10 08:49:08,999] {logging_mixin.py:104} INFO - [2022-07-10 08:49:08,998] {dag.py:2280} INFO - Setting next_dagrun for example_python_operator to None
[2022-07-10 08:49:09,005] {scheduler_job.py:190} INFO - Processing /home/airflow/.local/lib/python3.6/site-packages/airflow/example_dags/example_python_operator.py took 0.038 seconds
[2022-07-10 08:49:39,760] {scheduler_job.py:182} INFO - Started process (PID=920) to work on /home/airflow/.local/lib/python3.6/site-packages/airflow/example_dags/example_python_operator.py
[2022-07-10 08:49:39,761] {scheduler_job.py:629} INFO - Processing file /home/airflow/.local/lib/python3.6/site-packages/airflow/example_dags/example_python_operator.py for tasks to queue
[2022-07-10 08:49:39,761] {logging_mixin.py:104} INFO - [2022-07-10 08:49:39,761] {dagbag.py:451} INFO - Filling up the DagBag from /home/airflow/.local/lib/python3.6/site-packages/airflow/example_dags/example_python_operator.py
[2022-07-10 08:49:39,768] {scheduler_job.py:639} INFO - DAG(s) dict_keys(['example_python_operator']) retrieved from /home/airflow/.local/lib/python3.6/site-packages/airflow/example_dags/example_python_operator.py
[2022-07-10 08:49:39,783] {logging_mixin.py:104} INFO - [2022-07-10 08:49:39,783] {dag.py:1824} INFO - Sync 1 DAGs
[2022-07-10 08:49:39,793] {logging_mixin.py:104} INFO - [2022-07-10 08:49:39,793] {dag.py:2280} INFO - Setting next_dagrun for example_python_operator to None
[2022-07-10 08:49:39,799] {scheduler_job.py:190} INFO - Processing /home/airflow/.local/lib/python3.6/site-packages/airflow/example_dags/example_python_operator.py took 0.041 seconds
[2022-07-10 08:50:10,604] {scheduler_job.py:182} INFO - Started process (PID=946) to work on /home/airflow/.local/lib/python3.6/site-packages/airflow/example_dags/example_python_operator.py
[2022-07-10 08:50:10,605] {scheduler_job.py:629} INFO - Processing file /home/airflow/.local/lib/python3.6/site-packages/airflow/example_dags/example_python_operator.py for tasks to queue
[2022-07-10 08:50:10,605] {logging_mixin.py:104} INFO - [2022-07-10 08:50:10,605] {dagbag.py:451} INFO - Filling up the DagBag from /home/airflow/.local/lib/python3.6/site-packages/airflow/example_dags/example_python_operator.py
[2022-07-10 08:50:10,613] {scheduler_job.py:639} INFO - DAG(s) dict_keys(['example_python_operator']) retrieved from /home/airflow/.local/lib/python3.6/site-packages/airflow/example_dags/example_python_operator.py
[2022-07-10 08:50:10,625] {logging_mixin.py:104} INFO - [2022-07-10 08:50:10,625] {dag.py:1824} INFO - Sync 1 DAGs
[2022-07-10 08:50:10,634] {logging_mixin.py:104} INFO - [2022-07-10 08:50:10,634] {dag.py:2280} INFO - Setting next_dagrun for example_python_operator to None
[2022-07-10 08:50:10,641] {scheduler_job.py:190} INFO - Processing /home/airflow/.local/lib/python3.6/site-packages/airflow/example_dags/example_python_operator.py took 0.039 seconds
[2022-07-10 08:50:41,409] {scheduler_job.py:182} INFO - Started process (PID=972) to work on /home/airflow/.local/lib/python3.6/site-packages/airflow/example_dags/example_python_operator.py
[2022-07-10 08:50:41,410] {scheduler_job.py:629} INFO - Processing file /home/airflow/.local/lib/python3.6/site-packages/airflow/example_dags/example_python_operator.py for tasks to queue
[2022-07-10 08:50:41,410] {logging_mixin.py:104} INFO - [2022-07-10 08:50:41,410] {dagbag.py:451} INFO - Filling up the DagBag from /home/airflow/.local/lib/python3.6/site-packages/airflow/example_dags/example_python_operator.py
[2022-07-10 08:50:41,418] {scheduler_job.py:639} INFO - DAG(s) dict_keys(['example_python_operator']) retrieved from /home/airflow/.local/lib/python3.6/site-packages/airflow/example_dags/example_python_operator.py
[2022-07-10 08:50:41,431] {logging_mixin.py:104} INFO - [2022-07-10 08:50:41,431] {dag.py:1824} INFO - Sync 1 DAGs
[2022-07-10 08:50:41,440] {logging_mixin.py:104} INFO - [2022-07-10 08:50:41,439] {dag.py:2280} INFO - Setting next_dagrun for example_python_operator to None
[2022-07-10 08:50:41,446] {scheduler_job.py:190} INFO - Processing /home/airflow/.local/lib/python3.6/site-packages/airflow/example_dags/example_python_operator.py took 0.039 seconds
[2022-07-10 08:51:12,257] {scheduler_job.py:182} INFO - Started process (PID=998) to work on /home/airflow/.local/lib/python3.6/site-packages/airflow/example_dags/example_python_operator.py
[2022-07-10 08:51:12,258] {scheduler_job.py:629} INFO - Processing file /home/airflow/.local/lib/python3.6/site-packages/airflow/example_dags/example_python_operator.py for tasks to queue
[2022-07-10 08:51:12,258] {logging_mixin.py:104} INFO - [2022-07-10 08:51:12,258] {dagbag.py:451} INFO - Filling up the DagBag from /home/airflow/.local/lib/python3.6/site-packages/airflow/example_dags/example_python_operator.py
[2022-07-10 08:51:12,265] {scheduler_job.py:639} INFO - DAG(s) dict_keys(['example_python_operator']) retrieved from /home/airflow/.local/lib/python3.6/site-packages/airflow/example_dags/example_python_operator.py
[2022-07-10 08:51:12,277] {logging_mixin.py:104} INFO - [2022-07-10 08:51:12,277] {dag.py:1824} INFO - Sync 1 DAGs
[2022-07-10 08:51:12,286] {logging_mixin.py:104} INFO - [2022-07-10 08:51:12,286] {dag.py:2280} INFO - Setting next_dagrun for example_python_operator to None
[2022-07-10 08:51:12,292] {scheduler_job.py:190} INFO - Processing /home/airflow/.local/lib/python3.6/site-packages/airflow/example_dags/example_python_operator.py took 0.037 seconds
[2022-07-10 08:51:43,048] {scheduler_job.py:182} INFO - Started process (PID=1024) to work on /home/airflow/.local/lib/python3.6/site-packages/airflow/example_dags/example_python_operator.py
[2022-07-10 08:51:43,049] {scheduler_job.py:629} INFO - Processing file /home/airflow/.local/lib/python3.6/site-packages/airflow/example_dags/example_python_operator.py for tasks to queue
[2022-07-10 08:51:43,050] {logging_mixin.py:104} INFO - [2022-07-10 08:51:43,050] {dagbag.py:451} INFO - Filling up the DagBag from /home/airflow/.local/lib/python3.6/site-packages/airflow/example_dags/example_python_operator.py
[2022-07-10 08:51:43,057] {scheduler_job.py:639} INFO - DAG(s) dict_keys(['example_python_operator']) retrieved from /home/airflow/.local/lib/python3.6/site-packages/airflow/example_dags/example_python_operator.py
[2022-07-10 08:51:43,071] {logging_mixin.py:104} INFO - [2022-07-10 08:51:43,071] {dag.py:1824} INFO - Sync 1 DAGs
[2022-07-10 08:51:43,080] {logging_mixin.py:104} INFO - [2022-07-10 08:51:43,080] {dag.py:2280} INFO - Setting next_dagrun for example_python_operator to None
[2022-07-10 08:51:43,086] {scheduler_job.py:190} INFO - Processing /home/airflow/.local/lib/python3.6/site-packages/airflow/example_dags/example_python_operator.py took 0.039 seconds
[2022-07-10 08:52:13,904] {scheduler_job.py:182} INFO - Started process (PID=1050) to work on /home/airflow/.local/lib/python3.6/site-packages/airflow/example_dags/example_python_operator.py
[2022-07-10 08:52:13,904] {scheduler_job.py:629} INFO - Processing file /home/airflow/.local/lib/python3.6/site-packages/airflow/example_dags/example_python_operator.py for tasks to queue
[2022-07-10 08:52:13,905] {logging_mixin.py:104} INFO - [2022-07-10 08:52:13,905] {dagbag.py:451} INFO - Filling up the DagBag from /home/airflow/.local/lib/python3.6/site-packages/airflow/example_dags/example_python_operator.py
[2022-07-10 08:52:13,912] {scheduler_job.py:639} INFO - DAG(s) dict_keys(['example_python_operator']) retrieved from /home/airflow/.local/lib/python3.6/site-packages/airflow/example_dags/example_python_operator.py
[2022-07-10 08:52:13,924] {logging_mixin.py:104} INFO - [2022-07-10 08:52:13,924] {dag.py:1824} INFO - Sync 1 DAGs
[2022-07-10 08:52:13,933] {logging_mixin.py:104} INFO - [2022-07-10 08:52:13,933] {dag.py:2280} INFO - Setting next_dagrun for example_python_operator to None
[2022-07-10 08:52:13,939] {scheduler_job.py:190} INFO - Processing /home/airflow/.local/lib/python3.6/site-packages/airflow/example_dags/example_python_operator.py took 0.037 seconds
[2022-07-10 08:52:44,775] {scheduler_job.py:182} INFO - Started process (PID=1076) to work on /home/airflow/.local/lib/python3.6/site-packages/airflow/example_dags/example_python_operator.py
[2022-07-10 08:52:44,776] {scheduler_job.py:629} INFO - Processing file /home/airflow/.local/lib/python3.6/site-packages/airflow/example_dags/example_python_operator.py for tasks to queue
[2022-07-10 08:52:44,777] {logging_mixin.py:104} INFO - [2022-07-10 08:52:44,777] {dagbag.py:451} INFO - Filling up the DagBag from /home/airflow/.local/lib/python3.6/site-packages/airflow/example_dags/example_python_operator.py
[2022-07-10 08:52:44,784] {scheduler_job.py:639} INFO - DAG(s) dict_keys(['example_python_operator']) retrieved from /home/airflow/.local/lib/python3.6/site-packages/airflow/example_dags/example_python_operator.py
[2022-07-10 08:52:44,796] {logging_mixin.py:104} INFO - [2022-07-10 08:52:44,796] {dag.py:1824} INFO - Sync 1 DAGs
[2022-07-10 08:52:44,804] {logging_mixin.py:104} INFO - [2022-07-10 08:52:44,804] {dag.py:2280} INFO - Setting next_dagrun for example_python_operator to None
[2022-07-10 08:52:44,811] {scheduler_job.py:190} INFO - Processing /home/airflow/.local/lib/python3.6/site-packages/airflow/example_dags/example_python_operator.py took 0.037 seconds
[2022-07-10 08:53:15,642] {scheduler_job.py:182} INFO - Started process (PID=1102) to work on /home/airflow/.local/lib/python3.6/site-packages/airflow/example_dags/example_python_operator.py
[2022-07-10 08:53:15,643] {scheduler_job.py:629} INFO - Processing file /home/airflow/.local/lib/python3.6/site-packages/airflow/example_dags/example_python_operator.py for tasks to queue
[2022-07-10 08:53:15,643] {logging_mixin.py:104} INFO - [2022-07-10 08:53:15,643] {dagbag.py:451} INFO - Filling up the DagBag from /home/airflow/.local/lib/python3.6/site-packages/airflow/example_dags/example_python_operator.py
[2022-07-10 08:53:15,651] {scheduler_job.py:639} INFO - DAG(s) dict_keys(['example_python_operator']) retrieved from /home/airflow/.local/lib/python3.6/site-packages/airflow/example_dags/example_python_operator.py
[2022-07-10 08:53:15,664] {logging_mixin.py:104} INFO - [2022-07-10 08:53:15,664] {dag.py:1824} INFO - Sync 1 DAGs
[2022-07-10 08:53:15,674] {logging_mixin.py:104} INFO - [2022-07-10 08:53:15,674] {dag.py:2280} INFO - Setting next_dagrun for example_python_operator to None
[2022-07-10 08:53:15,680] {scheduler_job.py:190} INFO - Processing /home/airflow/.local/lib/python3.6/site-packages/airflow/example_dags/example_python_operator.py took 0.039 seconds
[2022-07-10 08:53:46,540] {scheduler_job.py:182} INFO - Started process (PID=1128) to work on /home/airflow/.local/lib/python3.6/site-packages/airflow/example_dags/example_python_operator.py
[2022-07-10 08:53:46,542] {scheduler_job.py:629} INFO - Processing file /home/airflow/.local/lib/python3.6/site-packages/airflow/example_dags/example_python_operator.py for tasks to queue
[2022-07-10 08:53:46,542] {logging_mixin.py:104} INFO - [2022-07-10 08:53:46,542] {dagbag.py:451} INFO - Filling up the DagBag from /home/airflow/.local/lib/python3.6/site-packages/airflow/example_dags/example_python_operator.py
[2022-07-10 08:53:46,552] {scheduler_job.py:639} INFO - DAG(s) dict_keys(['example_python_operator']) retrieved from /home/airflow/.local/lib/python3.6/site-packages/airflow/example_dags/example_python_operator.py
[2022-07-10 08:53:46,569] {logging_mixin.py:104} INFO - [2022-07-10 08:53:46,569] {dag.py:1824} INFO - Sync 1 DAGs
[2022-07-10 08:53:46,578] {logging_mixin.py:104} INFO - [2022-07-10 08:53:46,578] {dag.py:2280} INFO - Setting next_dagrun for example_python_operator to None
[2022-07-10 08:53:46,585] {scheduler_job.py:190} INFO - Processing /home/airflow/.local/lib/python3.6/site-packages/airflow/example_dags/example_python_operator.py took 0.050 seconds
[2022-07-10 08:54:17,388] {scheduler_job.py:182} INFO - Started process (PID=1154) to work on /home/airflow/.local/lib/python3.6/site-packages/airflow/example_dags/example_python_operator.py
[2022-07-10 08:54:17,389] {scheduler_job.py:629} INFO - Processing file /home/airflow/.local/lib/python3.6/site-packages/airflow/example_dags/example_python_operator.py for tasks to queue
[2022-07-10 08:54:17,389] {logging_mixin.py:104} INFO - [2022-07-10 08:54:17,389] {dagbag.py:451} INFO - Filling up the DagBag from /home/airflow/.local/lib/python3.6/site-packages/airflow/example_dags/example_python_operator.py
[2022-07-10 08:54:17,397] {scheduler_job.py:639} INFO - DAG(s) dict_keys(['example_python_operator']) retrieved from /home/airflow/.local/lib/python3.6/site-packages/airflow/example_dags/example_python_operator.py
[2022-07-10 08:54:17,409] {logging_mixin.py:104} INFO - [2022-07-10 08:54:17,409] {dag.py:1824} INFO - Sync 1 DAGs
[2022-07-10 08:54:17,418] {logging_mixin.py:104} INFO - [2022-07-10 08:54:17,418] {dag.py:2280} INFO - Setting next_dagrun for example_python_operator to None
[2022-07-10 08:54:17,425] {scheduler_job.py:190} INFO - Processing /home/airflow/.local/lib/python3.6/site-packages/airflow/example_dags/example_python_operator.py took 0.039 seconds
[2022-07-10 08:54:48,294] {scheduler_job.py:182} INFO - Started process (PID=1180) to work on /home/airflow/.local/lib/python3.6/site-packages/airflow/example_dags/example_python_operator.py
[2022-07-10 08:54:48,295] {scheduler_job.py:629} INFO - Processing file /home/airflow/.local/lib/python3.6/site-packages/airflow/example_dags/example_python_operator.py for tasks to queue
[2022-07-10 08:54:48,296] {logging_mixin.py:104} INFO - [2022-07-10 08:54:48,296] {dagbag.py:451} INFO - Filling up the DagBag from /home/airflow/.local/lib/python3.6/site-packages/airflow/example_dags/example_python_operator.py
[2022-07-10 08:54:48,304] {scheduler_job.py:639} INFO - DAG(s) dict_keys(['example_python_operator']) retrieved from /home/airflow/.local/lib/python3.6/site-packages/airflow/example_dags/example_python_operator.py
[2022-07-10 08:54:48,317] {logging_mixin.py:104} INFO - [2022-07-10 08:54:48,317] {dag.py:1824} INFO - Sync 1 DAGs
[2022-07-10 08:54:48,326] {logging_mixin.py:104} INFO - [2022-07-10 08:54:48,326] {dag.py:2280} INFO - Setting next_dagrun for example_python_operator to None
[2022-07-10 08:54:48,332] {scheduler_job.py:190} INFO - Processing /home/airflow/.local/lib/python3.6/site-packages/airflow/example_dags/example_python_operator.py took 0.039 seconds
[2022-07-10 08:55:19,049] {scheduler_job.py:182} INFO - Started process (PID=1206) to work on /home/airflow/.local/lib/python3.6/site-packages/airflow/example_dags/example_python_operator.py
[2022-07-10 08:55:19,050] {scheduler_job.py:629} INFO - Processing file /home/airflow/.local/lib/python3.6/site-packages/airflow/example_dags/example_python_operator.py for tasks to queue
[2022-07-10 08:55:19,051] {logging_mixin.py:104} INFO - [2022-07-10 08:55:19,051] {dagbag.py:451} INFO - Filling up the DagBag from /home/airflow/.local/lib/python3.6/site-packages/airflow/example_dags/example_python_operator.py
[2022-07-10 08:55:19,058] {scheduler_job.py:639} INFO - DAG(s) dict_keys(['example_python_operator']) retrieved from /home/airflow/.local/lib/python3.6/site-packages/airflow/example_dags/example_python_operator.py
[2022-07-10 08:55:19,070] {logging_mixin.py:104} INFO - [2022-07-10 08:55:19,070] {dag.py:1824} INFO - Sync 1 DAGs
[2022-07-10 08:55:19,079] {logging_mixin.py:104} INFO - [2022-07-10 08:55:19,079] {dag.py:2280} INFO - Setting next_dagrun for example_python_operator to None
[2022-07-10 08:55:19,085] {scheduler_job.py:190} INFO - Processing /home/airflow/.local/lib/python3.6/site-packages/airflow/example_dags/example_python_operator.py took 0.038 seconds
[2022-07-10 08:55:50,162] {scheduler_job.py:182} INFO - Started process (PID=1232) to work on /home/airflow/.local/lib/python3.6/site-packages/airflow/example_dags/example_python_operator.py
[2022-07-10 08:55:50,163] {scheduler_job.py:629} INFO - Processing file /home/airflow/.local/lib/python3.6/site-packages/airflow/example_dags/example_python_operator.py for tasks to queue
[2022-07-10 08:55:50,163] {logging_mixin.py:104} INFO - [2022-07-10 08:55:50,163] {dagbag.py:451} INFO - Filling up the DagBag from /home/airflow/.local/lib/python3.6/site-packages/airflow/example_dags/example_python_operator.py
[2022-07-10 08:55:50,171] {scheduler_job.py:639} INFO - DAG(s) dict_keys(['example_python_operator']) retrieved from /home/airflow/.local/lib/python3.6/site-packages/airflow/example_dags/example_python_operator.py
[2022-07-10 08:55:50,184] {logging_mixin.py:104} INFO - [2022-07-10 08:55:50,184] {dag.py:1824} INFO - Sync 1 DAGs
[2022-07-10 08:55:50,194] {logging_mixin.py:104} INFO - [2022-07-10 08:55:50,194] {dag.py:2280} INFO - Setting next_dagrun for example_python_operator to None
[2022-07-10 08:55:50,200] {scheduler_job.py:190} INFO - Processing /home/airflow/.local/lib/python3.6/site-packages/airflow/example_dags/example_python_operator.py took 0.040 seconds
[2022-07-10 08:56:21,147] {scheduler_job.py:182} INFO - Started process (PID=1258) to work on /home/airflow/.local/lib/python3.6/site-packages/airflow/example_dags/example_python_operator.py
[2022-07-10 08:56:21,148] {scheduler_job.py:629} INFO - Processing file /home/airflow/.local/lib/python3.6/site-packages/airflow/example_dags/example_python_operator.py for tasks to queue
[2022-07-10 08:56:21,148] {logging_mixin.py:104} INFO - [2022-07-10 08:56:21,148] {dagbag.py:451} INFO - Filling up the DagBag from /home/airflow/.local/lib/python3.6/site-packages/airflow/example_dags/example_python_operator.py
[2022-07-10 08:56:21,156] {scheduler_job.py:639} INFO - DAG(s) dict_keys(['example_python_operator']) retrieved from /home/airflow/.local/lib/python3.6/site-packages/airflow/example_dags/example_python_operator.py
[2022-07-10 08:56:21,169] {logging_mixin.py:104} INFO - [2022-07-10 08:56:21,169] {dag.py:1824} INFO - Sync 1 DAGs
[2022-07-10 08:56:21,178] {logging_mixin.py:104} INFO - [2022-07-10 08:56:21,178] {dag.py:2280} INFO - Setting next_dagrun for example_python_operator to None
[2022-07-10 08:56:21,184] {scheduler_job.py:190} INFO - Processing /home/airflow/.local/lib/python3.6/site-packages/airflow/example_dags/example_python_operator.py took 0.039 seconds
[2022-07-10 08:56:51,972] {scheduler_job.py:182} INFO - Started process (PID=1284) to work on /home/airflow/.local/lib/python3.6/site-packages/airflow/example_dags/example_python_operator.py
[2022-07-10 08:56:51,973] {scheduler_job.py:629} INFO - Processing file /home/airflow/.local/lib/python3.6/site-packages/airflow/example_dags/example_python_operator.py for tasks to queue
[2022-07-10 08:56:51,974] {logging_mixin.py:104} INFO - [2022-07-10 08:56:51,974] {dagbag.py:451} INFO - Filling up the DagBag from /home/airflow/.local/lib/python3.6/site-packages/airflow/example_dags/example_python_operator.py
[2022-07-10 08:56:51,981] {scheduler_job.py:639} INFO - DAG(s) dict_keys(['example_python_operator']) retrieved from /home/airflow/.local/lib/python3.6/site-packages/airflow/example_dags/example_python_operator.py
[2022-07-10 08:56:51,994] {logging_mixin.py:104} INFO - [2022-07-10 08:56:51,994] {dag.py:1824} INFO - Sync 1 DAGs
[2022-07-10 08:56:52,005] {logging_mixin.py:104} INFO - [2022-07-10 08:56:52,005] {dag.py:2280} INFO - Setting next_dagrun for example_python_operator to None
[2022-07-10 08:56:52,012] {scheduler_job.py:190} INFO - Processing /home/airflow/.local/lib/python3.6/site-packages/airflow/example_dags/example_python_operator.py took 0.041 seconds
[2022-07-10 08:57:22,924] {scheduler_job.py:182} INFO - Started process (PID=1310) to work on /home/airflow/.local/lib/python3.6/site-packages/airflow/example_dags/example_python_operator.py
[2022-07-10 08:57:22,925] {scheduler_job.py:629} INFO - Processing file /home/airflow/.local/lib/python3.6/site-packages/airflow/example_dags/example_python_operator.py for tasks to queue
[2022-07-10 08:57:22,926] {logging_mixin.py:104} INFO - [2022-07-10 08:57:22,926] {dagbag.py:451} INFO - Filling up the DagBag from /home/airflow/.local/lib/python3.6/site-packages/airflow/example_dags/example_python_operator.py
[2022-07-10 08:57:22,935] {scheduler_job.py:639} INFO - DAG(s) dict_keys(['example_python_operator']) retrieved from /home/airflow/.local/lib/python3.6/site-packages/airflow/example_dags/example_python_operator.py
[2022-07-10 08:57:22,949] {logging_mixin.py:104} INFO - [2022-07-10 08:57:22,949] {dag.py:1824} INFO - Sync 1 DAGs
[2022-07-10 08:57:22,959] {logging_mixin.py:104} INFO - [2022-07-10 08:57:22,959] {dag.py:2280} INFO - Setting next_dagrun for example_python_operator to None
[2022-07-10 08:57:22,967] {scheduler_job.py:190} INFO - Processing /home/airflow/.local/lib/python3.6/site-packages/airflow/example_dags/example_python_operator.py took 0.045 seconds
[2022-07-10 08:57:53,732] {scheduler_job.py:182} INFO - Started process (PID=1336) to work on /home/airflow/.local/lib/python3.6/site-packages/airflow/example_dags/example_python_operator.py
[2022-07-10 08:57:53,733] {scheduler_job.py:629} INFO - Processing file /home/airflow/.local/lib/python3.6/site-packages/airflow/example_dags/example_python_operator.py for tasks to queue
[2022-07-10 08:57:53,734] {logging_mixin.py:104} INFO - [2022-07-10 08:57:53,734] {dagbag.py:451} INFO - Filling up the DagBag from /home/airflow/.local/lib/python3.6/site-packages/airflow/example_dags/example_python_operator.py
[2022-07-10 08:57:53,741] {scheduler_job.py:639} INFO - DAG(s) dict_keys(['example_python_operator']) retrieved from /home/airflow/.local/lib/python3.6/site-packages/airflow/example_dags/example_python_operator.py
[2022-07-10 08:57:53,755] {logging_mixin.py:104} INFO - [2022-07-10 08:57:53,755] {dag.py:1824} INFO - Sync 1 DAGs
[2022-07-10 08:57:53,764] {logging_mixin.py:104} INFO - [2022-07-10 08:57:53,764] {dag.py:2280} INFO - Setting next_dagrun for example_python_operator to None
[2022-07-10 08:57:53,772] {scheduler_job.py:190} INFO - Processing /home/airflow/.local/lib/python3.6/site-packages/airflow/example_dags/example_python_operator.py took 0.042 seconds
[2022-07-10 08:58:24,770] {scheduler_job.py:182} INFO - Started process (PID=1362) to work on /home/airflow/.local/lib/python3.6/site-packages/airflow/example_dags/example_python_operator.py
[2022-07-10 08:58:24,770] {scheduler_job.py:629} INFO - Processing file /home/airflow/.local/lib/python3.6/site-packages/airflow/example_dags/example_python_operator.py for tasks to queue
[2022-07-10 08:58:24,771] {logging_mixin.py:104} INFO - [2022-07-10 08:58:24,771] {dagbag.py:451} INFO - Filling up the DagBag from /home/airflow/.local/lib/python3.6/site-packages/airflow/example_dags/example_python_operator.py
[2022-07-10 08:58:24,779] {scheduler_job.py:639} INFO - DAG(s) dict_keys(['example_python_operator']) retrieved from /home/airflow/.local/lib/python3.6/site-packages/airflow/example_dags/example_python_operator.py
[2022-07-10 08:58:24,796] {logging_mixin.py:104} INFO - [2022-07-10 08:58:24,796] {dag.py:1824} INFO - Sync 1 DAGs
[2022-07-10 08:58:24,805] {logging_mixin.py:104} INFO - [2022-07-10 08:58:24,805] {dag.py:2280} INFO - Setting next_dagrun for example_python_operator to None
[2022-07-10 08:58:24,812] {scheduler_job.py:190} INFO - Processing /home/airflow/.local/lib/python3.6/site-packages/airflow/example_dags/example_python_operator.py took 0.044 seconds
[2022-07-10 08:58:55,525] {scheduler_job.py:182} INFO - Started process (PID=1388) to work on /home/airflow/.local/lib/python3.6/site-packages/airflow/example_dags/example_python_operator.py
[2022-07-10 08:58:55,526] {scheduler_job.py:629} INFO - Processing file /home/airflow/.local/lib/python3.6/site-packages/airflow/example_dags/example_python_operator.py for tasks to queue
[2022-07-10 08:58:55,526] {logging_mixin.py:104} INFO - [2022-07-10 08:58:55,526] {dagbag.py:451} INFO - Filling up the DagBag from /home/airflow/.local/lib/python3.6/site-packages/airflow/example_dags/example_python_operator.py
[2022-07-10 08:58:55,534] {scheduler_job.py:639} INFO - DAG(s) dict_keys(['example_python_operator']) retrieved from /home/airflow/.local/lib/python3.6/site-packages/airflow/example_dags/example_python_operator.py
[2022-07-10 08:58:55,546] {logging_mixin.py:104} INFO - [2022-07-10 08:58:55,546] {dag.py:1824} INFO - Sync 1 DAGs
[2022-07-10 08:58:55,555] {logging_mixin.py:104} INFO - [2022-07-10 08:58:55,555] {dag.py:2280} INFO - Setting next_dagrun for example_python_operator to None
[2022-07-10 08:58:55,561] {scheduler_job.py:190} INFO - Processing /home/airflow/.local/lib/python3.6/site-packages/airflow/example_dags/example_python_operator.py took 0.038 seconds
[2022-07-10 08:59:26,384] {scheduler_job.py:182} INFO - Started process (PID=1414) to work on /home/airflow/.local/lib/python3.6/site-packages/airflow/example_dags/example_python_operator.py
[2022-07-10 08:59:26,385] {scheduler_job.py:629} INFO - Processing file /home/airflow/.local/lib/python3.6/site-packages/airflow/example_dags/example_python_operator.py for tasks to queue
[2022-07-10 08:59:26,385] {logging_mixin.py:104} INFO - [2022-07-10 08:59:26,385] {dagbag.py:451} INFO - Filling up the DagBag from /home/airflow/.local/lib/python3.6/site-packages/airflow/example_dags/example_python_operator.py
[2022-07-10 08:59:26,393] {scheduler_job.py:639} INFO - DAG(s) dict_keys(['example_python_operator']) retrieved from /home/airflow/.local/lib/python3.6/site-packages/airflow/example_dags/example_python_operator.py
[2022-07-10 08:59:26,406] {logging_mixin.py:104} INFO - [2022-07-10 08:59:26,406] {dag.py:1824} INFO - Sync 1 DAGs
[2022-07-10 08:59:26,415] {logging_mixin.py:104} INFO - [2022-07-10 08:59:26,415] {dag.py:2280} INFO - Setting next_dagrun for example_python_operator to None
[2022-07-10 08:59:26,421] {scheduler_job.py:190} INFO - Processing /home/airflow/.local/lib/python3.6/site-packages/airflow/example_dags/example_python_operator.py took 0.039 seconds
[2022-07-10 08:59:57,152] {scheduler_job.py:182} INFO - Started process (PID=1440) to work on /home/airflow/.local/lib/python3.6/site-packages/airflow/example_dags/example_python_operator.py
[2022-07-10 08:59:57,154] {scheduler_job.py:629} INFO - Processing file /home/airflow/.local/lib/python3.6/site-packages/airflow/example_dags/example_python_operator.py for tasks to queue
[2022-07-10 08:59:57,154] {logging_mixin.py:104} INFO - [2022-07-10 08:59:57,154] {dagbag.py:451} INFO - Filling up the DagBag from /home/airflow/.local/lib/python3.6/site-packages/airflow/example_dags/example_python_operator.py
[2022-07-10 08:59:57,162] {scheduler_job.py:639} INFO - DAG(s) dict_keys(['example_python_operator']) retrieved from /home/airflow/.local/lib/python3.6/site-packages/airflow/example_dags/example_python_operator.py
[2022-07-10 08:59:57,175] {logging_mixin.py:104} INFO - [2022-07-10 08:59:57,175] {dag.py:1824} INFO - Sync 1 DAGs
[2022-07-10 08:59:57,184] {logging_mixin.py:104} INFO - [2022-07-10 08:59:57,184] {dag.py:2280} INFO - Setting next_dagrun for example_python_operator to None
[2022-07-10 08:59:57,191] {scheduler_job.py:190} INFO - Processing /home/airflow/.local/lib/python3.6/site-packages/airflow/example_dags/example_python_operator.py took 0.040 seconds
[2022-07-10 09:00:27,946] {scheduler_job.py:182} INFO - Started process (PID=1466) to work on /home/airflow/.local/lib/python3.6/site-packages/airflow/example_dags/example_python_operator.py
[2022-07-10 09:00:27,947] {scheduler_job.py:629} INFO - Processing file /home/airflow/.local/lib/python3.6/site-packages/airflow/example_dags/example_python_operator.py for tasks to queue
[2022-07-10 09:00:27,948] {logging_mixin.py:104} INFO - [2022-07-10 09:00:27,948] {dagbag.py:451} INFO - Filling up the DagBag from /home/airflow/.local/lib/python3.6/site-packages/airflow/example_dags/example_python_operator.py
[2022-07-10 09:00:27,955] {scheduler_job.py:639} INFO - DAG(s) dict_keys(['example_python_operator']) retrieved from /home/airflow/.local/lib/python3.6/site-packages/airflow/example_dags/example_python_operator.py
[2022-07-10 09:00:27,969] {logging_mixin.py:104} INFO - [2022-07-10 09:00:27,969] {dag.py:1824} INFO - Sync 1 DAGs
[2022-07-10 09:00:27,980] {logging_mixin.py:104} INFO - [2022-07-10 09:00:27,980] {dag.py:2280} INFO - Setting next_dagrun for example_python_operator to None
[2022-07-10 09:00:27,987] {scheduler_job.py:190} INFO - Processing /home/airflow/.local/lib/python3.6/site-packages/airflow/example_dags/example_python_operator.py took 0.043 seconds
[2022-07-10 09:00:58,839] {scheduler_job.py:182} INFO - Started process (PID=1492) to work on /home/airflow/.local/lib/python3.6/site-packages/airflow/example_dags/example_python_operator.py
[2022-07-10 09:00:58,840] {scheduler_job.py:629} INFO - Processing file /home/airflow/.local/lib/python3.6/site-packages/airflow/example_dags/example_python_operator.py for tasks to queue
[2022-07-10 09:00:58,841] {logging_mixin.py:104} INFO - [2022-07-10 09:00:58,841] {dagbag.py:451} INFO - Filling up the DagBag from /home/airflow/.local/lib/python3.6/site-packages/airflow/example_dags/example_python_operator.py
[2022-07-10 09:00:58,848] {scheduler_job.py:639} INFO - DAG(s) dict_keys(['example_python_operator']) retrieved from /home/airflow/.local/lib/python3.6/site-packages/airflow/example_dags/example_python_operator.py
[2022-07-10 09:00:58,862] {logging_mixin.py:104} INFO - [2022-07-10 09:00:58,862] {dag.py:1824} INFO - Sync 1 DAGs
[2022-07-10 09:00:58,871] {logging_mixin.py:104} INFO - [2022-07-10 09:00:58,871] {dag.py:2280} INFO - Setting next_dagrun for example_python_operator to None
[2022-07-10 09:00:58,877] {scheduler_job.py:190} INFO - Processing /home/airflow/.local/lib/python3.6/site-packages/airflow/example_dags/example_python_operator.py took 0.040 seconds
[2022-07-10 09:03:55,066] {scheduler_job.py:182} INFO - Started process (PID=53) to work on /home/airflow/.local/lib/python3.6/site-packages/airflow/example_dags/example_python_operator.py
[2022-07-10 09:03:55,067] {scheduler_job.py:629} INFO - Processing file /home/airflow/.local/lib/python3.6/site-packages/airflow/example_dags/example_python_operator.py for tasks to queue
[2022-07-10 09:03:55,067] {logging_mixin.py:104} INFO - [2022-07-10 09:03:55,067] {dagbag.py:451} INFO - Filling up the DagBag from /home/airflow/.local/lib/python3.6/site-packages/airflow/example_dags/example_python_operator.py
[2022-07-10 09:03:55,075] {scheduler_job.py:639} INFO - DAG(s) dict_keys(['example_python_operator']) retrieved from /home/airflow/.local/lib/python3.6/site-packages/airflow/example_dags/example_python_operator.py
[2022-07-10 09:03:55,093] {logging_mixin.py:104} INFO - [2022-07-10 09:03:55,093] {dag.py:1824} INFO - Sync 1 DAGs
[2022-07-10 09:03:55,110] {logging_mixin.py:104} INFO - [2022-07-10 09:03:55,110] {dag.py:2280} INFO - Setting next_dagrun for example_python_operator to None
[2022-07-10 09:03:55,118] {scheduler_job.py:190} INFO - Processing /home/airflow/.local/lib/python3.6/site-packages/airflow/example_dags/example_python_operator.py took 0.054 seconds
[2022-07-10 09:04:25,951] {scheduler_job.py:182} INFO - Started process (PID=79) to work on /home/airflow/.local/lib/python3.6/site-packages/airflow/example_dags/example_python_operator.py
[2022-07-10 09:04:25,952] {scheduler_job.py:629} INFO - Processing file /home/airflow/.local/lib/python3.6/site-packages/airflow/example_dags/example_python_operator.py for tasks to queue
[2022-07-10 09:04:25,953] {logging_mixin.py:104} INFO - [2022-07-10 09:04:25,953] {dagbag.py:451} INFO - Filling up the DagBag from /home/airflow/.local/lib/python3.6/site-packages/airflow/example_dags/example_python_operator.py
[2022-07-10 09:04:25,960] {scheduler_job.py:639} INFO - DAG(s) dict_keys(['example_python_operator']) retrieved from /home/airflow/.local/lib/python3.6/site-packages/airflow/example_dags/example_python_operator.py
[2022-07-10 09:04:25,972] {logging_mixin.py:104} INFO - [2022-07-10 09:04:25,972] {dag.py:1824} INFO - Sync 1 DAGs
[2022-07-10 09:04:25,984] {logging_mixin.py:104} INFO - [2022-07-10 09:04:25,984] {dag.py:2280} INFO - Setting next_dagrun for example_python_operator to None
[2022-07-10 09:04:25,991] {scheduler_job.py:190} INFO - Processing /home/airflow/.local/lib/python3.6/site-packages/airflow/example_dags/example_python_operator.py took 0.042 seconds
[2022-07-10 09:04:56,740] {scheduler_job.py:182} INFO - Started process (PID=105) to work on /home/airflow/.local/lib/python3.6/site-packages/airflow/example_dags/example_python_operator.py
[2022-07-10 09:04:56,740] {scheduler_job.py:629} INFO - Processing file /home/airflow/.local/lib/python3.6/site-packages/airflow/example_dags/example_python_operator.py for tasks to queue
[2022-07-10 09:04:56,741] {logging_mixin.py:104} INFO - [2022-07-10 09:04:56,741] {dagbag.py:451} INFO - Filling up the DagBag from /home/airflow/.local/lib/python3.6/site-packages/airflow/example_dags/example_python_operator.py
[2022-07-10 09:04:56,748] {scheduler_job.py:639} INFO - DAG(s) dict_keys(['example_python_operator']) retrieved from /home/airflow/.local/lib/python3.6/site-packages/airflow/example_dags/example_python_operator.py
[2022-07-10 09:04:56,761] {logging_mixin.py:104} INFO - [2022-07-10 09:04:56,760] {dag.py:1824} INFO - Sync 1 DAGs
[2022-07-10 09:04:56,771] {logging_mixin.py:104} INFO - [2022-07-10 09:04:56,771] {dag.py:2280} INFO - Setting next_dagrun for example_python_operator to None
[2022-07-10 09:04:56,778] {scheduler_job.py:190} INFO - Processing /home/airflow/.local/lib/python3.6/site-packages/airflow/example_dags/example_python_operator.py took 0.040 seconds
[2022-07-10 09:05:27,610] {scheduler_job.py:182} INFO - Started process (PID=131) to work on /home/airflow/.local/lib/python3.6/site-packages/airflow/example_dags/example_python_operator.py
[2022-07-10 09:05:27,611] {scheduler_job.py:629} INFO - Processing file /home/airflow/.local/lib/python3.6/site-packages/airflow/example_dags/example_python_operator.py for tasks to queue
[2022-07-10 09:05:27,612] {logging_mixin.py:104} INFO - [2022-07-10 09:05:27,612] {dagbag.py:451} INFO - Filling up the DagBag from /home/airflow/.local/lib/python3.6/site-packages/airflow/example_dags/example_python_operator.py
[2022-07-10 09:05:27,620] {scheduler_job.py:639} INFO - DAG(s) dict_keys(['example_python_operator']) retrieved from /home/airflow/.local/lib/python3.6/site-packages/airflow/example_dags/example_python_operator.py
[2022-07-10 09:05:27,632] {logging_mixin.py:104} INFO - [2022-07-10 09:05:27,632] {dag.py:1824} INFO - Sync 1 DAGs
[2022-07-10 09:05:27,643] {logging_mixin.py:104} INFO - [2022-07-10 09:05:27,643] {dag.py:2280} INFO - Setting next_dagrun for example_python_operator to None
[2022-07-10 09:05:27,650] {scheduler_job.py:190} INFO - Processing /home/airflow/.local/lib/python3.6/site-packages/airflow/example_dags/example_python_operator.py took 0.041 seconds
[2022-07-10 09:05:58,441] {scheduler_job.py:182} INFO - Started process (PID=157) to work on /home/airflow/.local/lib/python3.6/site-packages/airflow/example_dags/example_python_operator.py
[2022-07-10 09:05:58,441] {scheduler_job.py:629} INFO - Processing file /home/airflow/.local/lib/python3.6/site-packages/airflow/example_dags/example_python_operator.py for tasks to queue
[2022-07-10 09:05:58,442] {logging_mixin.py:104} INFO - [2022-07-10 09:05:58,442] {dagbag.py:451} INFO - Filling up the DagBag from /home/airflow/.local/lib/python3.6/site-packages/airflow/example_dags/example_python_operator.py
[2022-07-10 09:05:58,449] {scheduler_job.py:639} INFO - DAG(s) dict_keys(['example_python_operator']) retrieved from /home/airflow/.local/lib/python3.6/site-packages/airflow/example_dags/example_python_operator.py
[2022-07-10 09:05:58,461] {logging_mixin.py:104} INFO - [2022-07-10 09:05:58,461] {dag.py:1824} INFO - Sync 1 DAGs
[2022-07-10 09:05:58,472] {logging_mixin.py:104} INFO - [2022-07-10 09:05:58,472] {dag.py:2280} INFO - Setting next_dagrun for example_python_operator to None
[2022-07-10 09:05:58,478] {scheduler_job.py:190} INFO - Processing /home/airflow/.local/lib/python3.6/site-packages/airflow/example_dags/example_python_operator.py took 0.040 seconds
[2022-07-10 09:06:29,290] {scheduler_job.py:182} INFO - Started process (PID=183) to work on /home/airflow/.local/lib/python3.6/site-packages/airflow/example_dags/example_python_operator.py
[2022-07-10 09:06:29,291] {scheduler_job.py:629} INFO - Processing file /home/airflow/.local/lib/python3.6/site-packages/airflow/example_dags/example_python_operator.py for tasks to queue
[2022-07-10 09:06:29,292] {logging_mixin.py:104} INFO - [2022-07-10 09:06:29,292] {dagbag.py:451} INFO - Filling up the DagBag from /home/airflow/.local/lib/python3.6/site-packages/airflow/example_dags/example_python_operator.py
[2022-07-10 09:06:29,298] {scheduler_job.py:639} INFO - DAG(s) dict_keys(['example_python_operator']) retrieved from /home/airflow/.local/lib/python3.6/site-packages/airflow/example_dags/example_python_operator.py
[2022-07-10 09:06:29,313] {logging_mixin.py:104} INFO - [2022-07-10 09:06:29,312] {dag.py:1824} INFO - Sync 1 DAGs
[2022-07-10 09:06:29,322] {logging_mixin.py:104} INFO - [2022-07-10 09:06:29,321] {dag.py:2280} INFO - Setting next_dagrun for example_python_operator to None
[2022-07-10 09:06:29,328] {scheduler_job.py:190} INFO - Processing /home/airflow/.local/lib/python3.6/site-packages/airflow/example_dags/example_python_operator.py took 0.039 seconds
[2022-07-10 09:07:00,014] {scheduler_job.py:182} INFO - Started process (PID=209) to work on /home/airflow/.local/lib/python3.6/site-packages/airflow/example_dags/example_python_operator.py
[2022-07-10 09:07:00,015] {scheduler_job.py:629} INFO - Processing file /home/airflow/.local/lib/python3.6/site-packages/airflow/example_dags/example_python_operator.py for tasks to queue
[2022-07-10 09:07:00,016] {logging_mixin.py:104} INFO - [2022-07-10 09:07:00,016] {dagbag.py:451} INFO - Filling up the DagBag from /home/airflow/.local/lib/python3.6/site-packages/airflow/example_dags/example_python_operator.py
[2022-07-10 09:07:00,023] {scheduler_job.py:639} INFO - DAG(s) dict_keys(['example_python_operator']) retrieved from /home/airflow/.local/lib/python3.6/site-packages/airflow/example_dags/example_python_operator.py
[2022-07-10 09:07:00,038] {logging_mixin.py:104} INFO - [2022-07-10 09:07:00,038] {dag.py:1824} INFO - Sync 1 DAGs
[2022-07-10 09:07:00,046] {logging_mixin.py:104} INFO - [2022-07-10 09:07:00,046] {dag.py:2280} INFO - Setting next_dagrun for example_python_operator to None
[2022-07-10 09:07:00,052] {scheduler_job.py:190} INFO - Processing /home/airflow/.local/lib/python3.6/site-packages/airflow/example_dags/example_python_operator.py took 0.039 seconds
[2022-07-10 09:07:30,916] {scheduler_job.py:182} INFO - Started process (PID=235) to work on /home/airflow/.local/lib/python3.6/site-packages/airflow/example_dags/example_python_operator.py
[2022-07-10 09:07:30,917] {scheduler_job.py:629} INFO - Processing file /home/airflow/.local/lib/python3.6/site-packages/airflow/example_dags/example_python_operator.py for tasks to queue
[2022-07-10 09:07:30,917] {logging_mixin.py:104} INFO - [2022-07-10 09:07:30,917] {dagbag.py:451} INFO - Filling up the DagBag from /home/airflow/.local/lib/python3.6/site-packages/airflow/example_dags/example_python_operator.py
[2022-07-10 09:07:30,924] {scheduler_job.py:639} INFO - DAG(s) dict_keys(['example_python_operator']) retrieved from /home/airflow/.local/lib/python3.6/site-packages/airflow/example_dags/example_python_operator.py
[2022-07-10 09:07:30,938] {logging_mixin.py:104} INFO - [2022-07-10 09:07:30,938] {dag.py:1824} INFO - Sync 1 DAGs
[2022-07-10 09:07:30,947] {logging_mixin.py:104} INFO - [2022-07-10 09:07:30,947] {dag.py:2280} INFO - Setting next_dagrun for example_python_operator to None
[2022-07-10 09:07:30,953] {scheduler_job.py:190} INFO - Processing /home/airflow/.local/lib/python3.6/site-packages/airflow/example_dags/example_python_operator.py took 0.039 seconds
[2022-07-10 09:08:01,638] {scheduler_job.py:182} INFO - Started process (PID=261) to work on /home/airflow/.local/lib/python3.6/site-packages/airflow/example_dags/example_python_operator.py
[2022-07-10 09:08:01,639] {scheduler_job.py:629} INFO - Processing file /home/airflow/.local/lib/python3.6/site-packages/airflow/example_dags/example_python_operator.py for tasks to queue
[2022-07-10 09:08:01,640] {logging_mixin.py:104} INFO - [2022-07-10 09:08:01,639] {dagbag.py:451} INFO - Filling up the DagBag from /home/airflow/.local/lib/python3.6/site-packages/airflow/example_dags/example_python_operator.py
[2022-07-10 09:08:01,646] {scheduler_job.py:639} INFO - DAG(s) dict_keys(['example_python_operator']) retrieved from /home/airflow/.local/lib/python3.6/site-packages/airflow/example_dags/example_python_operator.py
[2022-07-10 09:08:01,660] {logging_mixin.py:104} INFO - [2022-07-10 09:08:01,660] {dag.py:1824} INFO - Sync 1 DAGs
[2022-07-10 09:08:01,669] {logging_mixin.py:104} INFO - [2022-07-10 09:08:01,669] {dag.py:2280} INFO - Setting next_dagrun for example_python_operator to None
[2022-07-10 09:08:01,675] {scheduler_job.py:190} INFO - Processing /home/airflow/.local/lib/python3.6/site-packages/airflow/example_dags/example_python_operator.py took 0.038 seconds
[2022-07-10 09:08:32,503] {scheduler_job.py:182} INFO - Started process (PID=287) to work on /home/airflow/.local/lib/python3.6/site-packages/airflow/example_dags/example_python_operator.py
[2022-07-10 09:08:32,504] {scheduler_job.py:629} INFO - Processing file /home/airflow/.local/lib/python3.6/site-packages/airflow/example_dags/example_python_operator.py for tasks to queue
[2022-07-10 09:08:32,505] {logging_mixin.py:104} INFO - [2022-07-10 09:08:32,505] {dagbag.py:451} INFO - Filling up the DagBag from /home/airflow/.local/lib/python3.6/site-packages/airflow/example_dags/example_python_operator.py
[2022-07-10 09:08:32,513] {scheduler_job.py:639} INFO - DAG(s) dict_keys(['example_python_operator']) retrieved from /home/airflow/.local/lib/python3.6/site-packages/airflow/example_dags/example_python_operator.py
[2022-07-10 09:08:32,526] {logging_mixin.py:104} INFO - [2022-07-10 09:08:32,526] {dag.py:1824} INFO - Sync 1 DAGs
[2022-07-10 09:08:32,535] {logging_mixin.py:104} INFO - [2022-07-10 09:08:32,535] {dag.py:2280} INFO - Setting next_dagrun for example_python_operator to None
[2022-07-10 09:08:32,541] {scheduler_job.py:190} INFO - Processing /home/airflow/.local/lib/python3.6/site-packages/airflow/example_dags/example_python_operator.py took 0.039 seconds
[2022-07-10 09:09:03,609] {scheduler_job.py:182} INFO - Started process (PID=313) to work on /home/airflow/.local/lib/python3.6/site-packages/airflow/example_dags/example_python_operator.py
[2022-07-10 09:09:03,610] {scheduler_job.py:629} INFO - Processing file /home/airflow/.local/lib/python3.6/site-packages/airflow/example_dags/example_python_operator.py for tasks to queue
[2022-07-10 09:09:03,611] {logging_mixin.py:104} INFO - [2022-07-10 09:09:03,611] {dagbag.py:451} INFO - Filling up the DagBag from /home/airflow/.local/lib/python3.6/site-packages/airflow/example_dags/example_python_operator.py
[2022-07-10 09:09:03,629] {scheduler_job.py:639} INFO - DAG(s) dict_keys(['example_python_operator']) retrieved from /home/airflow/.local/lib/python3.6/site-packages/airflow/example_dags/example_python_operator.py
[2022-07-10 09:09:03,648] {logging_mixin.py:104} INFO - [2022-07-10 09:09:03,648] {dag.py:1824} INFO - Sync 1 DAGs
[2022-07-10 09:09:03,663] {logging_mixin.py:104} INFO - [2022-07-10 09:09:03,663] {dag.py:2280} INFO - Setting next_dagrun for example_python_operator to None
[2022-07-10 09:09:03,669] {scheduler_job.py:190} INFO - Processing /home/airflow/.local/lib/python3.6/site-packages/airflow/example_dags/example_python_operator.py took 0.064 seconds
[2022-07-10 09:09:34,544] {scheduler_job.py:182} INFO - Started process (PID=339) to work on /home/airflow/.local/lib/python3.6/site-packages/airflow/example_dags/example_python_operator.py
[2022-07-10 09:09:34,545] {scheduler_job.py:629} INFO - Processing file /home/airflow/.local/lib/python3.6/site-packages/airflow/example_dags/example_python_operator.py for tasks to queue
[2022-07-10 09:09:34,545] {logging_mixin.py:104} INFO - [2022-07-10 09:09:34,545] {dagbag.py:451} INFO - Filling up the DagBag from /home/airflow/.local/lib/python3.6/site-packages/airflow/example_dags/example_python_operator.py
[2022-07-10 09:09:34,554] {scheduler_job.py:639} INFO - DAG(s) dict_keys(['example_python_operator']) retrieved from /home/airflow/.local/lib/python3.6/site-packages/airflow/example_dags/example_python_operator.py
[2022-07-10 09:09:34,567] {logging_mixin.py:104} INFO - [2022-07-10 09:09:34,567] {dag.py:1824} INFO - Sync 1 DAGs
[2022-07-10 09:09:34,577] {logging_mixin.py:104} INFO - [2022-07-10 09:09:34,577] {dag.py:2280} INFO - Setting next_dagrun for example_python_operator to None
[2022-07-10 09:09:34,583] {scheduler_job.py:190} INFO - Processing /home/airflow/.local/lib/python3.6/site-packages/airflow/example_dags/example_python_operator.py took 0.041 seconds
[2022-07-10 09:10:05,309] {scheduler_job.py:182} INFO - Started process (PID=365) to work on /home/airflow/.local/lib/python3.6/site-packages/airflow/example_dags/example_python_operator.py
[2022-07-10 09:10:05,310] {scheduler_job.py:629} INFO - Processing file /home/airflow/.local/lib/python3.6/site-packages/airflow/example_dags/example_python_operator.py for tasks to queue
[2022-07-10 09:10:05,311] {logging_mixin.py:104} INFO - [2022-07-10 09:10:05,310] {dagbag.py:451} INFO - Filling up the DagBag from /home/airflow/.local/lib/python3.6/site-packages/airflow/example_dags/example_python_operator.py
[2022-07-10 09:10:05,319] {scheduler_job.py:639} INFO - DAG(s) dict_keys(['example_python_operator']) retrieved from /home/airflow/.local/lib/python3.6/site-packages/airflow/example_dags/example_python_operator.py
[2022-07-10 09:10:05,331] {logging_mixin.py:104} INFO - [2022-07-10 09:10:05,331] {dag.py:1824} INFO - Sync 1 DAGs
[2022-07-10 09:10:05,340] {logging_mixin.py:104} INFO - [2022-07-10 09:10:05,340] {dag.py:2280} INFO - Setting next_dagrun for example_python_operator to None
[2022-07-10 09:10:05,346] {scheduler_job.py:190} INFO - Processing /home/airflow/.local/lib/python3.6/site-packages/airflow/example_dags/example_python_operator.py took 0.038 seconds
[2022-07-10 09:10:36,209] {scheduler_job.py:182} INFO - Started process (PID=391) to work on /home/airflow/.local/lib/python3.6/site-packages/airflow/example_dags/example_python_operator.py
[2022-07-10 09:10:36,210] {scheduler_job.py:629} INFO - Processing file /home/airflow/.local/lib/python3.6/site-packages/airflow/example_dags/example_python_operator.py for tasks to queue
[2022-07-10 09:10:36,211] {logging_mixin.py:104} INFO - [2022-07-10 09:10:36,210] {dagbag.py:451} INFO - Filling up the DagBag from /home/airflow/.local/lib/python3.6/site-packages/airflow/example_dags/example_python_operator.py
[2022-07-10 09:10:36,219] {scheduler_job.py:639} INFO - DAG(s) dict_keys(['example_python_operator']) retrieved from /home/airflow/.local/lib/python3.6/site-packages/airflow/example_dags/example_python_operator.py
[2022-07-10 09:10:36,232] {logging_mixin.py:104} INFO - [2022-07-10 09:10:36,231] {dag.py:1824} INFO - Sync 1 DAGs
[2022-07-10 09:10:36,240] {logging_mixin.py:104} INFO - [2022-07-10 09:10:36,240] {dag.py:2280} INFO - Setting next_dagrun for example_python_operator to None
[2022-07-10 09:10:36,246] {scheduler_job.py:190} INFO - Processing /home/airflow/.local/lib/python3.6/site-packages/airflow/example_dags/example_python_operator.py took 0.038 seconds
[2022-07-10 09:11:06,975] {scheduler_job.py:182} INFO - Started process (PID=417) to work on /home/airflow/.local/lib/python3.6/site-packages/airflow/example_dags/example_python_operator.py
[2022-07-10 09:11:06,978] {scheduler_job.py:629} INFO - Processing file /home/airflow/.local/lib/python3.6/site-packages/airflow/example_dags/example_python_operator.py for tasks to queue
[2022-07-10 09:11:06,979] {logging_mixin.py:104} INFO - [2022-07-10 09:11:06,979] {dagbag.py:451} INFO - Filling up the DagBag from /home/airflow/.local/lib/python3.6/site-packages/airflow/example_dags/example_python_operator.py
[2022-07-10 09:11:06,985] {scheduler_job.py:639} INFO - DAG(s) dict_keys(['example_python_operator']) retrieved from /home/airflow/.local/lib/python3.6/site-packages/airflow/example_dags/example_python_operator.py
[2022-07-10 09:11:06,998] {logging_mixin.py:104} INFO - [2022-07-10 09:11:06,998] {dag.py:1824} INFO - Sync 1 DAGs
[2022-07-10 09:11:07,007] {logging_mixin.py:104} INFO - [2022-07-10 09:11:07,006] {dag.py:2280} INFO - Setting next_dagrun for example_python_operator to None
[2022-07-10 09:11:07,013] {scheduler_job.py:190} INFO - Processing /home/airflow/.local/lib/python3.6/site-packages/airflow/example_dags/example_python_operator.py took 0.040 seconds
[2022-07-10 09:11:37,808] {scheduler_job.py:182} INFO - Started process (PID=443) to work on /home/airflow/.local/lib/python3.6/site-packages/airflow/example_dags/example_python_operator.py
[2022-07-10 09:11:37,809] {scheduler_job.py:629} INFO - Processing file /home/airflow/.local/lib/python3.6/site-packages/airflow/example_dags/example_python_operator.py for tasks to queue
[2022-07-10 09:11:37,810] {logging_mixin.py:104} INFO - [2022-07-10 09:11:37,809] {dagbag.py:451} INFO - Filling up the DagBag from /home/airflow/.local/lib/python3.6/site-packages/airflow/example_dags/example_python_operator.py
[2022-07-10 09:11:37,816] {scheduler_job.py:639} INFO - DAG(s) dict_keys(['example_python_operator']) retrieved from /home/airflow/.local/lib/python3.6/site-packages/airflow/example_dags/example_python_operator.py
[2022-07-10 09:11:37,828] {logging_mixin.py:104} INFO - [2022-07-10 09:11:37,828] {dag.py:1824} INFO - Sync 1 DAGs
[2022-07-10 09:11:37,838] {logging_mixin.py:104} INFO - [2022-07-10 09:11:37,838] {dag.py:2280} INFO - Setting next_dagrun for example_python_operator to None
[2022-07-10 09:11:37,844] {scheduler_job.py:190} INFO - Processing /home/airflow/.local/lib/python3.6/site-packages/airflow/example_dags/example_python_operator.py took 0.037 seconds
[2022-07-10 09:12:08,579] {scheduler_job.py:182} INFO - Started process (PID=469) to work on /home/airflow/.local/lib/python3.6/site-packages/airflow/example_dags/example_python_operator.py
[2022-07-10 09:12:08,580] {scheduler_job.py:629} INFO - Processing file /home/airflow/.local/lib/python3.6/site-packages/airflow/example_dags/example_python_operator.py for tasks to queue
[2022-07-10 09:12:08,581] {logging_mixin.py:104} INFO - [2022-07-10 09:12:08,581] {dagbag.py:451} INFO - Filling up the DagBag from /home/airflow/.local/lib/python3.6/site-packages/airflow/example_dags/example_python_operator.py
[2022-07-10 09:12:08,589] {scheduler_job.py:639} INFO - DAG(s) dict_keys(['example_python_operator']) retrieved from /home/airflow/.local/lib/python3.6/site-packages/airflow/example_dags/example_python_operator.py
[2022-07-10 09:12:08,600] {logging_mixin.py:104} INFO - [2022-07-10 09:12:08,600] {dag.py:1824} INFO - Sync 1 DAGs
[2022-07-10 09:12:08,609] {logging_mixin.py:104} INFO - [2022-07-10 09:12:08,609] {dag.py:2280} INFO - Setting next_dagrun for example_python_operator to None
[2022-07-10 09:12:08,615] {scheduler_job.py:190} INFO - Processing /home/airflow/.local/lib/python3.6/site-packages/airflow/example_dags/example_python_operator.py took 0.038 seconds
