[2022-07-10 08:32:42,071] {scheduler_job.py:182} INFO - Started process (PID=61) to work on /home/airflow/.local/lib/python3.6/site-packages/airflow/example_dags/example_kubernetes_executor_config.py
[2022-07-10 08:32:42,072] {scheduler_job.py:629} INFO - Processing file /home/airflow/.local/lib/python3.6/site-packages/airflow/example_dags/example_kubernetes_executor_config.py for tasks to queue
[2022-07-10 08:32:42,073] {logging_mixin.py:104} INFO - [2022-07-10 08:32:42,072] {dagbag.py:451} INFO - Filling up the DagBag from /home/airflow/.local/lib/python3.6/site-packages/airflow/example_dags/example_kubernetes_executor_config.py
[2022-07-10 08:32:42,081] {scheduler_job.py:639} INFO - DAG(s) dict_keys(['example_kubernetes_executor_config']) retrieved from /home/airflow/.local/lib/python3.6/site-packages/airflow/example_dags/example_kubernetes_executor_config.py
[2022-07-10 08:32:42,099] {logging_mixin.py:104} INFO - [2022-07-10 08:32:42,099] {dag.py:1824} INFO - Sync 1 DAGs
[2022-07-10 08:32:42,107] {logging_mixin.py:104} INFO - [2022-07-10 08:32:42,107] {dag.py:1843} INFO - Creating ORM DAG for example_kubernetes_executor_config
[2022-07-10 08:32:42,111] {logging_mixin.py:104} INFO - [2022-07-10 08:32:42,111] {dag.py:2280} INFO - Setting next_dagrun for example_kubernetes_executor_config to None
[2022-07-10 08:32:42,123] {scheduler_job.py:190} INFO - Processing /home/airflow/.local/lib/python3.6/site-packages/airflow/example_dags/example_kubernetes_executor_config.py took 0.054 seconds
[2022-07-10 08:33:12,981] {scheduler_job.py:182} INFO - Started process (PID=87) to work on /home/airflow/.local/lib/python3.6/site-packages/airflow/example_dags/example_kubernetes_executor_config.py
[2022-07-10 08:33:12,981] {scheduler_job.py:629} INFO - Processing file /home/airflow/.local/lib/python3.6/site-packages/airflow/example_dags/example_kubernetes_executor_config.py for tasks to queue
[2022-07-10 08:33:12,982] {logging_mixin.py:104} INFO - [2022-07-10 08:33:12,982] {dagbag.py:451} INFO - Filling up the DagBag from /home/airflow/.local/lib/python3.6/site-packages/airflow/example_dags/example_kubernetes_executor_config.py
[2022-07-10 08:33:12,989] {scheduler_job.py:639} INFO - DAG(s) dict_keys(['example_kubernetes_executor_config']) retrieved from /home/airflow/.local/lib/python3.6/site-packages/airflow/example_dags/example_kubernetes_executor_config.py
[2022-07-10 08:33:13,002] {logging_mixin.py:104} INFO - [2022-07-10 08:33:13,002] {dag.py:1824} INFO - Sync 1 DAGs
[2022-07-10 08:33:13,013] {logging_mixin.py:104} INFO - [2022-07-10 08:33:13,013] {dag.py:2280} INFO - Setting next_dagrun for example_kubernetes_executor_config to None
[2022-07-10 08:33:13,019] {scheduler_job.py:190} INFO - Processing /home/airflow/.local/lib/python3.6/site-packages/airflow/example_dags/example_kubernetes_executor_config.py took 0.040 seconds
[2022-07-10 08:33:43,786] {scheduler_job.py:182} INFO - Started process (PID=113) to work on /home/airflow/.local/lib/python3.6/site-packages/airflow/example_dags/example_kubernetes_executor_config.py
[2022-07-10 08:33:43,787] {scheduler_job.py:629} INFO - Processing file /home/airflow/.local/lib/python3.6/site-packages/airflow/example_dags/example_kubernetes_executor_config.py for tasks to queue
[2022-07-10 08:33:43,788] {logging_mixin.py:104} INFO - [2022-07-10 08:33:43,788] {dagbag.py:451} INFO - Filling up the DagBag from /home/airflow/.local/lib/python3.6/site-packages/airflow/example_dags/example_kubernetes_executor_config.py
[2022-07-10 08:33:43,795] {scheduler_job.py:639} INFO - DAG(s) dict_keys(['example_kubernetes_executor_config']) retrieved from /home/airflow/.local/lib/python3.6/site-packages/airflow/example_dags/example_kubernetes_executor_config.py
[2022-07-10 08:33:43,810] {logging_mixin.py:104} INFO - [2022-07-10 08:33:43,810] {dag.py:1824} INFO - Sync 1 DAGs
[2022-07-10 08:33:43,819] {logging_mixin.py:104} INFO - [2022-07-10 08:33:43,819] {dag.py:2280} INFO - Setting next_dagrun for example_kubernetes_executor_config to None
[2022-07-10 08:33:43,825] {scheduler_job.py:190} INFO - Processing /home/airflow/.local/lib/python3.6/site-packages/airflow/example_dags/example_kubernetes_executor_config.py took 0.040 seconds
[2022-07-10 08:34:14,623] {scheduler_job.py:182} INFO - Started process (PID=139) to work on /home/airflow/.local/lib/python3.6/site-packages/airflow/example_dags/example_kubernetes_executor_config.py
[2022-07-10 08:34:14,624] {scheduler_job.py:629} INFO - Processing file /home/airflow/.local/lib/python3.6/site-packages/airflow/example_dags/example_kubernetes_executor_config.py for tasks to queue
[2022-07-10 08:34:14,625] {logging_mixin.py:104} INFO - [2022-07-10 08:34:14,625] {dagbag.py:451} INFO - Filling up the DagBag from /home/airflow/.local/lib/python3.6/site-packages/airflow/example_dags/example_kubernetes_executor_config.py
[2022-07-10 08:34:14,632] {scheduler_job.py:639} INFO - DAG(s) dict_keys(['example_kubernetes_executor_config']) retrieved from /home/airflow/.local/lib/python3.6/site-packages/airflow/example_dags/example_kubernetes_executor_config.py
[2022-07-10 08:34:14,646] {logging_mixin.py:104} INFO - [2022-07-10 08:34:14,646] {dag.py:1824} INFO - Sync 1 DAGs
[2022-07-10 08:34:14,655] {logging_mixin.py:104} INFO - [2022-07-10 08:34:14,655] {dag.py:2280} INFO - Setting next_dagrun for example_kubernetes_executor_config to None
[2022-07-10 08:34:14,661] {scheduler_job.py:190} INFO - Processing /home/airflow/.local/lib/python3.6/site-packages/airflow/example_dags/example_kubernetes_executor_config.py took 0.040 seconds
[2022-07-10 08:34:45,437] {scheduler_job.py:182} INFO - Started process (PID=165) to work on /home/airflow/.local/lib/python3.6/site-packages/airflow/example_dags/example_kubernetes_executor_config.py
[2022-07-10 08:34:45,438] {scheduler_job.py:629} INFO - Processing file /home/airflow/.local/lib/python3.6/site-packages/airflow/example_dags/example_kubernetes_executor_config.py for tasks to queue
[2022-07-10 08:34:45,438] {logging_mixin.py:104} INFO - [2022-07-10 08:34:45,438] {dagbag.py:451} INFO - Filling up the DagBag from /home/airflow/.local/lib/python3.6/site-packages/airflow/example_dags/example_kubernetes_executor_config.py
[2022-07-10 08:34:45,446] {scheduler_job.py:639} INFO - DAG(s) dict_keys(['example_kubernetes_executor_config']) retrieved from /home/airflow/.local/lib/python3.6/site-packages/airflow/example_dags/example_kubernetes_executor_config.py
[2022-07-10 08:34:45,460] {logging_mixin.py:104} INFO - [2022-07-10 08:34:45,460] {dag.py:1824} INFO - Sync 1 DAGs
[2022-07-10 08:34:45,468] {logging_mixin.py:104} INFO - [2022-07-10 08:34:45,468] {dag.py:2280} INFO - Setting next_dagrun for example_kubernetes_executor_config to None
[2022-07-10 08:34:45,474] {scheduler_job.py:190} INFO - Processing /home/airflow/.local/lib/python3.6/site-packages/airflow/example_dags/example_kubernetes_executor_config.py took 0.039 seconds
[2022-07-10 08:35:16,235] {scheduler_job.py:182} INFO - Started process (PID=191) to work on /home/airflow/.local/lib/python3.6/site-packages/airflow/example_dags/example_kubernetes_executor_config.py
[2022-07-10 08:35:16,237] {scheduler_job.py:629} INFO - Processing file /home/airflow/.local/lib/python3.6/site-packages/airflow/example_dags/example_kubernetes_executor_config.py for tasks to queue
[2022-07-10 08:35:16,237] {logging_mixin.py:104} INFO - [2022-07-10 08:35:16,237] {dagbag.py:451} INFO - Filling up the DagBag from /home/airflow/.local/lib/python3.6/site-packages/airflow/example_dags/example_kubernetes_executor_config.py
[2022-07-10 08:35:16,245] {scheduler_job.py:639} INFO - DAG(s) dict_keys(['example_kubernetes_executor_config']) retrieved from /home/airflow/.local/lib/python3.6/site-packages/airflow/example_dags/example_kubernetes_executor_config.py
[2022-07-10 08:35:16,260] {logging_mixin.py:104} INFO - [2022-07-10 08:35:16,260] {dag.py:1824} INFO - Sync 1 DAGs
[2022-07-10 08:35:16,269] {logging_mixin.py:104} INFO - [2022-07-10 08:35:16,269] {dag.py:2280} INFO - Setting next_dagrun for example_kubernetes_executor_config to None
[2022-07-10 08:35:16,274] {scheduler_job.py:190} INFO - Processing /home/airflow/.local/lib/python3.6/site-packages/airflow/example_dags/example_kubernetes_executor_config.py took 0.041 seconds
[2022-07-10 08:35:46,986] {scheduler_job.py:182} INFO - Started process (PID=217) to work on /home/airflow/.local/lib/python3.6/site-packages/airflow/example_dags/example_kubernetes_executor_config.py
[2022-07-10 08:35:46,986] {scheduler_job.py:629} INFO - Processing file /home/airflow/.local/lib/python3.6/site-packages/airflow/example_dags/example_kubernetes_executor_config.py for tasks to queue
[2022-07-10 08:35:46,987] {logging_mixin.py:104} INFO - [2022-07-10 08:35:46,987] {dagbag.py:451} INFO - Filling up the DagBag from /home/airflow/.local/lib/python3.6/site-packages/airflow/example_dags/example_kubernetes_executor_config.py
[2022-07-10 08:35:46,994] {scheduler_job.py:639} INFO - DAG(s) dict_keys(['example_kubernetes_executor_config']) retrieved from /home/airflow/.local/lib/python3.6/site-packages/airflow/example_dags/example_kubernetes_executor_config.py
[2022-07-10 08:35:47,008] {logging_mixin.py:104} INFO - [2022-07-10 08:35:47,008] {dag.py:1824} INFO - Sync 1 DAGs
[2022-07-10 08:35:47,017] {logging_mixin.py:104} INFO - [2022-07-10 08:35:47,017] {dag.py:2280} INFO - Setting next_dagrun for example_kubernetes_executor_config to None
[2022-07-10 08:35:47,023] {scheduler_job.py:190} INFO - Processing /home/airflow/.local/lib/python3.6/site-packages/airflow/example_dags/example_kubernetes_executor_config.py took 0.039 seconds
[2022-07-10 08:36:17,856] {scheduler_job.py:182} INFO - Started process (PID=243) to work on /home/airflow/.local/lib/python3.6/site-packages/airflow/example_dags/example_kubernetes_executor_config.py
[2022-07-10 08:36:17,857] {scheduler_job.py:629} INFO - Processing file /home/airflow/.local/lib/python3.6/site-packages/airflow/example_dags/example_kubernetes_executor_config.py for tasks to queue
[2022-07-10 08:36:17,857] {logging_mixin.py:104} INFO - [2022-07-10 08:36:17,857] {dagbag.py:451} INFO - Filling up the DagBag from /home/airflow/.local/lib/python3.6/site-packages/airflow/example_dags/example_kubernetes_executor_config.py
[2022-07-10 08:36:17,865] {scheduler_job.py:639} INFO - DAG(s) dict_keys(['example_kubernetes_executor_config']) retrieved from /home/airflow/.local/lib/python3.6/site-packages/airflow/example_dags/example_kubernetes_executor_config.py
[2022-07-10 08:36:17,879] {logging_mixin.py:104} INFO - [2022-07-10 08:36:17,879] {dag.py:1824} INFO - Sync 1 DAGs
[2022-07-10 08:36:17,887] {logging_mixin.py:104} INFO - [2022-07-10 08:36:17,887] {dag.py:2280} INFO - Setting next_dagrun for example_kubernetes_executor_config to None
[2022-07-10 08:36:17,894] {scheduler_job.py:190} INFO - Processing /home/airflow/.local/lib/python3.6/site-packages/airflow/example_dags/example_kubernetes_executor_config.py took 0.039 seconds
[2022-07-10 08:36:48,745] {scheduler_job.py:182} INFO - Started process (PID=269) to work on /home/airflow/.local/lib/python3.6/site-packages/airflow/example_dags/example_kubernetes_executor_config.py
[2022-07-10 08:36:48,747] {scheduler_job.py:629} INFO - Processing file /home/airflow/.local/lib/python3.6/site-packages/airflow/example_dags/example_kubernetes_executor_config.py for tasks to queue
[2022-07-10 08:36:48,748] {logging_mixin.py:104} INFO - [2022-07-10 08:36:48,748] {dagbag.py:451} INFO - Filling up the DagBag from /home/airflow/.local/lib/python3.6/site-packages/airflow/example_dags/example_kubernetes_executor_config.py
[2022-07-10 08:36:48,771] {scheduler_job.py:639} INFO - DAG(s) dict_keys(['example_kubernetes_executor_config']) retrieved from /home/airflow/.local/lib/python3.6/site-packages/airflow/example_dags/example_kubernetes_executor_config.py
[2022-07-10 08:36:48,812] {logging_mixin.py:104} INFO - [2022-07-10 08:36:48,811] {dag.py:1824} INFO - Sync 1 DAGs
[2022-07-10 08:36:48,831] {logging_mixin.py:104} INFO - [2022-07-10 08:36:48,830] {dag.py:2280} INFO - Setting next_dagrun for example_kubernetes_executor_config to None
[2022-07-10 08:36:48,841] {scheduler_job.py:190} INFO - Processing /home/airflow/.local/lib/python3.6/site-packages/airflow/example_dags/example_kubernetes_executor_config.py took 0.098 seconds
[2022-07-10 08:37:19,628] {scheduler_job.py:182} INFO - Started process (PID=295) to work on /home/airflow/.local/lib/python3.6/site-packages/airflow/example_dags/example_kubernetes_executor_config.py
[2022-07-10 08:37:19,629] {scheduler_job.py:629} INFO - Processing file /home/airflow/.local/lib/python3.6/site-packages/airflow/example_dags/example_kubernetes_executor_config.py for tasks to queue
[2022-07-10 08:37:19,629] {logging_mixin.py:104} INFO - [2022-07-10 08:37:19,629] {dagbag.py:451} INFO - Filling up the DagBag from /home/airflow/.local/lib/python3.6/site-packages/airflow/example_dags/example_kubernetes_executor_config.py
[2022-07-10 08:37:19,640] {scheduler_job.py:639} INFO - DAG(s) dict_keys(['example_kubernetes_executor_config']) retrieved from /home/airflow/.local/lib/python3.6/site-packages/airflow/example_dags/example_kubernetes_executor_config.py
[2022-07-10 08:37:19,654] {logging_mixin.py:104} INFO - [2022-07-10 08:37:19,653] {dag.py:1824} INFO - Sync 1 DAGs
[2022-07-10 08:37:19,662] {logging_mixin.py:104} INFO - [2022-07-10 08:37:19,662] {dag.py:2280} INFO - Setting next_dagrun for example_kubernetes_executor_config to None
[2022-07-10 08:37:19,668] {scheduler_job.py:190} INFO - Processing /home/airflow/.local/lib/python3.6/site-packages/airflow/example_dags/example_kubernetes_executor_config.py took 0.041 seconds
[2022-07-10 08:37:50,584] {scheduler_job.py:182} INFO - Started process (PID=321) to work on /home/airflow/.local/lib/python3.6/site-packages/airflow/example_dags/example_kubernetes_executor_config.py
[2022-07-10 08:37:50,585] {scheduler_job.py:629} INFO - Processing file /home/airflow/.local/lib/python3.6/site-packages/airflow/example_dags/example_kubernetes_executor_config.py for tasks to queue
[2022-07-10 08:37:50,586] {logging_mixin.py:104} INFO - [2022-07-10 08:37:50,586] {dagbag.py:451} INFO - Filling up the DagBag from /home/airflow/.local/lib/python3.6/site-packages/airflow/example_dags/example_kubernetes_executor_config.py
[2022-07-10 08:37:50,596] {scheduler_job.py:639} INFO - DAG(s) dict_keys(['example_kubernetes_executor_config']) retrieved from /home/airflow/.local/lib/python3.6/site-packages/airflow/example_dags/example_kubernetes_executor_config.py
[2022-07-10 08:37:50,610] {logging_mixin.py:104} INFO - [2022-07-10 08:37:50,609] {dag.py:1824} INFO - Sync 1 DAGs
[2022-07-10 08:37:50,619] {logging_mixin.py:104} INFO - [2022-07-10 08:37:50,618] {dag.py:2280} INFO - Setting next_dagrun for example_kubernetes_executor_config to None
[2022-07-10 08:37:50,624] {scheduler_job.py:190} INFO - Processing /home/airflow/.local/lib/python3.6/site-packages/airflow/example_dags/example_kubernetes_executor_config.py took 0.041 seconds
[2022-07-10 08:38:21,440] {scheduler_job.py:182} INFO - Started process (PID=347) to work on /home/airflow/.local/lib/python3.6/site-packages/airflow/example_dags/example_kubernetes_executor_config.py
[2022-07-10 08:38:21,440] {scheduler_job.py:629} INFO - Processing file /home/airflow/.local/lib/python3.6/site-packages/airflow/example_dags/example_kubernetes_executor_config.py for tasks to queue
[2022-07-10 08:38:21,441] {logging_mixin.py:104} INFO - [2022-07-10 08:38:21,441] {dagbag.py:451} INFO - Filling up the DagBag from /home/airflow/.local/lib/python3.6/site-packages/airflow/example_dags/example_kubernetes_executor_config.py
[2022-07-10 08:38:21,450] {scheduler_job.py:639} INFO - DAG(s) dict_keys(['example_kubernetes_executor_config']) retrieved from /home/airflow/.local/lib/python3.6/site-packages/airflow/example_dags/example_kubernetes_executor_config.py
[2022-07-10 08:38:21,463] {logging_mixin.py:104} INFO - [2022-07-10 08:38:21,463] {dag.py:1824} INFO - Sync 1 DAGs
[2022-07-10 08:38:21,473] {logging_mixin.py:104} INFO - [2022-07-10 08:38:21,473] {dag.py:2280} INFO - Setting next_dagrun for example_kubernetes_executor_config to None
[2022-07-10 08:38:21,480] {scheduler_job.py:190} INFO - Processing /home/airflow/.local/lib/python3.6/site-packages/airflow/example_dags/example_kubernetes_executor_config.py took 0.042 seconds
[2022-07-10 08:38:52,389] {scheduler_job.py:182} INFO - Started process (PID=373) to work on /home/airflow/.local/lib/python3.6/site-packages/airflow/example_dags/example_kubernetes_executor_config.py
[2022-07-10 08:38:52,390] {scheduler_job.py:629} INFO - Processing file /home/airflow/.local/lib/python3.6/site-packages/airflow/example_dags/example_kubernetes_executor_config.py for tasks to queue
[2022-07-10 08:38:52,390] {logging_mixin.py:104} INFO - [2022-07-10 08:38:52,390] {dagbag.py:451} INFO - Filling up the DagBag from /home/airflow/.local/lib/python3.6/site-packages/airflow/example_dags/example_kubernetes_executor_config.py
[2022-07-10 08:38:52,399] {scheduler_job.py:639} INFO - DAG(s) dict_keys(['example_kubernetes_executor_config']) retrieved from /home/airflow/.local/lib/python3.6/site-packages/airflow/example_dags/example_kubernetes_executor_config.py
[2022-07-10 08:38:52,412] {logging_mixin.py:104} INFO - [2022-07-10 08:38:52,412] {dag.py:1824} INFO - Sync 1 DAGs
[2022-07-10 08:38:52,422] {logging_mixin.py:104} INFO - [2022-07-10 08:38:52,422] {dag.py:2280} INFO - Setting next_dagrun for example_kubernetes_executor_config to None
[2022-07-10 08:38:52,428] {scheduler_job.py:190} INFO - Processing /home/airflow/.local/lib/python3.6/site-packages/airflow/example_dags/example_kubernetes_executor_config.py took 0.041 seconds
[2022-07-10 08:39:23,249] {scheduler_job.py:182} INFO - Started process (PID=399) to work on /home/airflow/.local/lib/python3.6/site-packages/airflow/example_dags/example_kubernetes_executor_config.py
[2022-07-10 08:39:23,250] {scheduler_job.py:629} INFO - Processing file /home/airflow/.local/lib/python3.6/site-packages/airflow/example_dags/example_kubernetes_executor_config.py for tasks to queue
[2022-07-10 08:39:23,250] {logging_mixin.py:104} INFO - [2022-07-10 08:39:23,250] {dagbag.py:451} INFO - Filling up the DagBag from /home/airflow/.local/lib/python3.6/site-packages/airflow/example_dags/example_kubernetes_executor_config.py
[2022-07-10 08:39:23,259] {scheduler_job.py:639} INFO - DAG(s) dict_keys(['example_kubernetes_executor_config']) retrieved from /home/airflow/.local/lib/python3.6/site-packages/airflow/example_dags/example_kubernetes_executor_config.py
[2022-07-10 08:39:23,273] {logging_mixin.py:104} INFO - [2022-07-10 08:39:23,272] {dag.py:1824} INFO - Sync 1 DAGs
[2022-07-10 08:39:23,281] {logging_mixin.py:104} INFO - [2022-07-10 08:39:23,281] {dag.py:2280} INFO - Setting next_dagrun for example_kubernetes_executor_config to None
[2022-07-10 08:39:23,288] {scheduler_job.py:190} INFO - Processing /home/airflow/.local/lib/python3.6/site-packages/airflow/example_dags/example_kubernetes_executor_config.py took 0.041 seconds
[2022-07-10 08:39:54,070] {scheduler_job.py:182} INFO - Started process (PID=425) to work on /home/airflow/.local/lib/python3.6/site-packages/airflow/example_dags/example_kubernetes_executor_config.py
[2022-07-10 08:39:54,073] {scheduler_job.py:629} INFO - Processing file /home/airflow/.local/lib/python3.6/site-packages/airflow/example_dags/example_kubernetes_executor_config.py for tasks to queue
[2022-07-10 08:39:54,073] {logging_mixin.py:104} INFO - [2022-07-10 08:39:54,073] {dagbag.py:451} INFO - Filling up the DagBag from /home/airflow/.local/lib/python3.6/site-packages/airflow/example_dags/example_kubernetes_executor_config.py
[2022-07-10 08:39:54,081] {scheduler_job.py:639} INFO - DAG(s) dict_keys(['example_kubernetes_executor_config']) retrieved from /home/airflow/.local/lib/python3.6/site-packages/airflow/example_dags/example_kubernetes_executor_config.py
[2022-07-10 08:39:54,094] {logging_mixin.py:104} INFO - [2022-07-10 08:39:54,094] {dag.py:1824} INFO - Sync 1 DAGs
[2022-07-10 08:39:54,103] {logging_mixin.py:104} INFO - [2022-07-10 08:39:54,103] {dag.py:2280} INFO - Setting next_dagrun for example_kubernetes_executor_config to None
[2022-07-10 08:39:54,109] {scheduler_job.py:190} INFO - Processing /home/airflow/.local/lib/python3.6/site-packages/airflow/example_dags/example_kubernetes_executor_config.py took 0.041 seconds
[2022-07-10 08:40:24,921] {scheduler_job.py:182} INFO - Started process (PID=451) to work on /home/airflow/.local/lib/python3.6/site-packages/airflow/example_dags/example_kubernetes_executor_config.py
[2022-07-10 08:40:24,922] {scheduler_job.py:629} INFO - Processing file /home/airflow/.local/lib/python3.6/site-packages/airflow/example_dags/example_kubernetes_executor_config.py for tasks to queue
[2022-07-10 08:40:24,922] {logging_mixin.py:104} INFO - [2022-07-10 08:40:24,922] {dagbag.py:451} INFO - Filling up the DagBag from /home/airflow/.local/lib/python3.6/site-packages/airflow/example_dags/example_kubernetes_executor_config.py
[2022-07-10 08:40:24,930] {scheduler_job.py:639} INFO - DAG(s) dict_keys(['example_kubernetes_executor_config']) retrieved from /home/airflow/.local/lib/python3.6/site-packages/airflow/example_dags/example_kubernetes_executor_config.py
[2022-07-10 08:40:24,944] {logging_mixin.py:104} INFO - [2022-07-10 08:40:24,944] {dag.py:1824} INFO - Sync 1 DAGs
[2022-07-10 08:40:24,953] {logging_mixin.py:104} INFO - [2022-07-10 08:40:24,953] {dag.py:2280} INFO - Setting next_dagrun for example_kubernetes_executor_config to None
[2022-07-10 08:40:24,959] {scheduler_job.py:190} INFO - Processing /home/airflow/.local/lib/python3.6/site-packages/airflow/example_dags/example_kubernetes_executor_config.py took 0.040 seconds
[2022-07-10 08:40:55,703] {scheduler_job.py:182} INFO - Started process (PID=477) to work on /home/airflow/.local/lib/python3.6/site-packages/airflow/example_dags/example_kubernetes_executor_config.py
[2022-07-10 08:40:55,704] {scheduler_job.py:629} INFO - Processing file /home/airflow/.local/lib/python3.6/site-packages/airflow/example_dags/example_kubernetes_executor_config.py for tasks to queue
[2022-07-10 08:40:55,704] {logging_mixin.py:104} INFO - [2022-07-10 08:40:55,704] {dagbag.py:451} INFO - Filling up the DagBag from /home/airflow/.local/lib/python3.6/site-packages/airflow/example_dags/example_kubernetes_executor_config.py
[2022-07-10 08:40:55,712] {scheduler_job.py:639} INFO - DAG(s) dict_keys(['example_kubernetes_executor_config']) retrieved from /home/airflow/.local/lib/python3.6/site-packages/airflow/example_dags/example_kubernetes_executor_config.py
[2022-07-10 08:40:55,725] {logging_mixin.py:104} INFO - [2022-07-10 08:40:55,725] {dag.py:1824} INFO - Sync 1 DAGs
[2022-07-10 08:40:55,733] {logging_mixin.py:104} INFO - [2022-07-10 08:40:55,733] {dag.py:2280} INFO - Setting next_dagrun for example_kubernetes_executor_config to None
[2022-07-10 08:40:55,740] {scheduler_job.py:190} INFO - Processing /home/airflow/.local/lib/python3.6/site-packages/airflow/example_dags/example_kubernetes_executor_config.py took 0.038 seconds
[2022-07-10 08:41:26,491] {scheduler_job.py:182} INFO - Started process (PID=503) to work on /home/airflow/.local/lib/python3.6/site-packages/airflow/example_dags/example_kubernetes_executor_config.py
[2022-07-10 08:41:26,492] {scheduler_job.py:629} INFO - Processing file /home/airflow/.local/lib/python3.6/site-packages/airflow/example_dags/example_kubernetes_executor_config.py for tasks to queue
[2022-07-10 08:41:26,493] {logging_mixin.py:104} INFO - [2022-07-10 08:41:26,493] {dagbag.py:451} INFO - Filling up the DagBag from /home/airflow/.local/lib/python3.6/site-packages/airflow/example_dags/example_kubernetes_executor_config.py
[2022-07-10 08:41:26,501] {scheduler_job.py:639} INFO - DAG(s) dict_keys(['example_kubernetes_executor_config']) retrieved from /home/airflow/.local/lib/python3.6/site-packages/airflow/example_dags/example_kubernetes_executor_config.py
[2022-07-10 08:41:26,513] {logging_mixin.py:104} INFO - [2022-07-10 08:41:26,513] {dag.py:1824} INFO - Sync 1 DAGs
[2022-07-10 08:41:26,522] {logging_mixin.py:104} INFO - [2022-07-10 08:41:26,522] {dag.py:2280} INFO - Setting next_dagrun for example_kubernetes_executor_config to None
[2022-07-10 08:41:26,528] {scheduler_job.py:190} INFO - Processing /home/airflow/.local/lib/python3.6/site-packages/airflow/example_dags/example_kubernetes_executor_config.py took 0.038 seconds
[2022-07-10 08:41:57,349] {scheduler_job.py:182} INFO - Started process (PID=529) to work on /home/airflow/.local/lib/python3.6/site-packages/airflow/example_dags/example_kubernetes_executor_config.py
[2022-07-10 08:41:57,350] {scheduler_job.py:629} INFO - Processing file /home/airflow/.local/lib/python3.6/site-packages/airflow/example_dags/example_kubernetes_executor_config.py for tasks to queue
[2022-07-10 08:41:57,351] {logging_mixin.py:104} INFO - [2022-07-10 08:41:57,351] {dagbag.py:451} INFO - Filling up the DagBag from /home/airflow/.local/lib/python3.6/site-packages/airflow/example_dags/example_kubernetes_executor_config.py
[2022-07-10 08:41:57,358] {scheduler_job.py:639} INFO - DAG(s) dict_keys(['example_kubernetes_executor_config']) retrieved from /home/airflow/.local/lib/python3.6/site-packages/airflow/example_dags/example_kubernetes_executor_config.py
[2022-07-10 08:41:57,371] {logging_mixin.py:104} INFO - [2022-07-10 08:41:57,371] {dag.py:1824} INFO - Sync 1 DAGs
[2022-07-10 08:41:57,379] {logging_mixin.py:104} INFO - [2022-07-10 08:41:57,379] {dag.py:2280} INFO - Setting next_dagrun for example_kubernetes_executor_config to None
[2022-07-10 08:41:57,385] {scheduler_job.py:190} INFO - Processing /home/airflow/.local/lib/python3.6/site-packages/airflow/example_dags/example_kubernetes_executor_config.py took 0.038 seconds
[2022-07-10 08:42:28,207] {scheduler_job.py:182} INFO - Started process (PID=555) to work on /home/airflow/.local/lib/python3.6/site-packages/airflow/example_dags/example_kubernetes_executor_config.py
[2022-07-10 08:42:28,208] {scheduler_job.py:629} INFO - Processing file /home/airflow/.local/lib/python3.6/site-packages/airflow/example_dags/example_kubernetes_executor_config.py for tasks to queue
[2022-07-10 08:42:28,209] {logging_mixin.py:104} INFO - [2022-07-10 08:42:28,208] {dagbag.py:451} INFO - Filling up the DagBag from /home/airflow/.local/lib/python3.6/site-packages/airflow/example_dags/example_kubernetes_executor_config.py
[2022-07-10 08:42:28,216] {scheduler_job.py:639} INFO - DAG(s) dict_keys(['example_kubernetes_executor_config']) retrieved from /home/airflow/.local/lib/python3.6/site-packages/airflow/example_dags/example_kubernetes_executor_config.py
[2022-07-10 08:42:28,229] {logging_mixin.py:104} INFO - [2022-07-10 08:42:28,229] {dag.py:1824} INFO - Sync 1 DAGs
[2022-07-10 08:42:28,237] {logging_mixin.py:104} INFO - [2022-07-10 08:42:28,237] {dag.py:2280} INFO - Setting next_dagrun for example_kubernetes_executor_config to None
[2022-07-10 08:42:28,243] {scheduler_job.py:190} INFO - Processing /home/airflow/.local/lib/python3.6/site-packages/airflow/example_dags/example_kubernetes_executor_config.py took 0.037 seconds
[2022-07-10 08:42:58,950] {scheduler_job.py:182} INFO - Started process (PID=581) to work on /home/airflow/.local/lib/python3.6/site-packages/airflow/example_dags/example_kubernetes_executor_config.py
[2022-07-10 08:42:58,951] {scheduler_job.py:629} INFO - Processing file /home/airflow/.local/lib/python3.6/site-packages/airflow/example_dags/example_kubernetes_executor_config.py for tasks to queue
[2022-07-10 08:42:58,951] {logging_mixin.py:104} INFO - [2022-07-10 08:42:58,951] {dagbag.py:451} INFO - Filling up the DagBag from /home/airflow/.local/lib/python3.6/site-packages/airflow/example_dags/example_kubernetes_executor_config.py
[2022-07-10 08:42:58,958] {scheduler_job.py:639} INFO - DAG(s) dict_keys(['example_kubernetes_executor_config']) retrieved from /home/airflow/.local/lib/python3.6/site-packages/airflow/example_dags/example_kubernetes_executor_config.py
[2022-07-10 08:42:58,971] {logging_mixin.py:104} INFO - [2022-07-10 08:42:58,971] {dag.py:1824} INFO - Sync 1 DAGs
[2022-07-10 08:42:58,979] {logging_mixin.py:104} INFO - [2022-07-10 08:42:58,979] {dag.py:2280} INFO - Setting next_dagrun for example_kubernetes_executor_config to None
[2022-07-10 08:42:58,985] {scheduler_job.py:190} INFO - Processing /home/airflow/.local/lib/python3.6/site-packages/airflow/example_dags/example_kubernetes_executor_config.py took 0.037 seconds
[2022-07-10 08:43:29,763] {scheduler_job.py:182} INFO - Started process (PID=607) to work on /home/airflow/.local/lib/python3.6/site-packages/airflow/example_dags/example_kubernetes_executor_config.py
[2022-07-10 08:43:29,764] {scheduler_job.py:629} INFO - Processing file /home/airflow/.local/lib/python3.6/site-packages/airflow/example_dags/example_kubernetes_executor_config.py for tasks to queue
[2022-07-10 08:43:29,764] {logging_mixin.py:104} INFO - [2022-07-10 08:43:29,764] {dagbag.py:451} INFO - Filling up the DagBag from /home/airflow/.local/lib/python3.6/site-packages/airflow/example_dags/example_kubernetes_executor_config.py
[2022-07-10 08:43:29,772] {scheduler_job.py:639} INFO - DAG(s) dict_keys(['example_kubernetes_executor_config']) retrieved from /home/airflow/.local/lib/python3.6/site-packages/airflow/example_dags/example_kubernetes_executor_config.py
[2022-07-10 08:43:29,785] {logging_mixin.py:104} INFO - [2022-07-10 08:43:29,785] {dag.py:1824} INFO - Sync 1 DAGs
[2022-07-10 08:43:29,795] {logging_mixin.py:104} INFO - [2022-07-10 08:43:29,795] {dag.py:2280} INFO - Setting next_dagrun for example_kubernetes_executor_config to None
[2022-07-10 08:43:29,802] {scheduler_job.py:190} INFO - Processing /home/airflow/.local/lib/python3.6/site-packages/airflow/example_dags/example_kubernetes_executor_config.py took 0.041 seconds
[2022-07-10 08:44:00,561] {scheduler_job.py:182} INFO - Started process (PID=633) to work on /home/airflow/.local/lib/python3.6/site-packages/airflow/example_dags/example_kubernetes_executor_config.py
[2022-07-10 08:44:00,562] {scheduler_job.py:629} INFO - Processing file /home/airflow/.local/lib/python3.6/site-packages/airflow/example_dags/example_kubernetes_executor_config.py for tasks to queue
[2022-07-10 08:44:00,562] {logging_mixin.py:104} INFO - [2022-07-10 08:44:00,562] {dagbag.py:451} INFO - Filling up the DagBag from /home/airflow/.local/lib/python3.6/site-packages/airflow/example_dags/example_kubernetes_executor_config.py
[2022-07-10 08:44:00,570] {scheduler_job.py:639} INFO - DAG(s) dict_keys(['example_kubernetes_executor_config']) retrieved from /home/airflow/.local/lib/python3.6/site-packages/airflow/example_dags/example_kubernetes_executor_config.py
[2022-07-10 08:44:00,584] {logging_mixin.py:104} INFO - [2022-07-10 08:44:00,584] {dag.py:1824} INFO - Sync 1 DAGs
[2022-07-10 08:44:00,595] {logging_mixin.py:104} INFO - [2022-07-10 08:44:00,595] {dag.py:2280} INFO - Setting next_dagrun for example_kubernetes_executor_config to None
[2022-07-10 08:44:00,602] {scheduler_job.py:190} INFO - Processing /home/airflow/.local/lib/python3.6/site-packages/airflow/example_dags/example_kubernetes_executor_config.py took 0.043 seconds
[2022-07-10 08:44:31,386] {scheduler_job.py:182} INFO - Started process (PID=659) to work on /home/airflow/.local/lib/python3.6/site-packages/airflow/example_dags/example_kubernetes_executor_config.py
[2022-07-10 08:44:31,387] {scheduler_job.py:629} INFO - Processing file /home/airflow/.local/lib/python3.6/site-packages/airflow/example_dags/example_kubernetes_executor_config.py for tasks to queue
[2022-07-10 08:44:31,387] {logging_mixin.py:104} INFO - [2022-07-10 08:44:31,387] {dagbag.py:451} INFO - Filling up the DagBag from /home/airflow/.local/lib/python3.6/site-packages/airflow/example_dags/example_kubernetes_executor_config.py
[2022-07-10 08:44:31,395] {scheduler_job.py:639} INFO - DAG(s) dict_keys(['example_kubernetes_executor_config']) retrieved from /home/airflow/.local/lib/python3.6/site-packages/airflow/example_dags/example_kubernetes_executor_config.py
[2022-07-10 08:44:31,407] {logging_mixin.py:104} INFO - [2022-07-10 08:44:31,407] {dag.py:1824} INFO - Sync 1 DAGs
[2022-07-10 08:44:31,416] {logging_mixin.py:104} INFO - [2022-07-10 08:44:31,416] {dag.py:2280} INFO - Setting next_dagrun for example_kubernetes_executor_config to None
[2022-07-10 08:44:31,422] {scheduler_job.py:190} INFO - Processing /home/airflow/.local/lib/python3.6/site-packages/airflow/example_dags/example_kubernetes_executor_config.py took 0.037 seconds
[2022-07-10 08:45:02,149] {scheduler_job.py:182} INFO - Started process (PID=685) to work on /home/airflow/.local/lib/python3.6/site-packages/airflow/example_dags/example_kubernetes_executor_config.py
[2022-07-10 08:45:02,150] {scheduler_job.py:629} INFO - Processing file /home/airflow/.local/lib/python3.6/site-packages/airflow/example_dags/example_kubernetes_executor_config.py for tasks to queue
[2022-07-10 08:45:02,150] {logging_mixin.py:104} INFO - [2022-07-10 08:45:02,150] {dagbag.py:451} INFO - Filling up the DagBag from /home/airflow/.local/lib/python3.6/site-packages/airflow/example_dags/example_kubernetes_executor_config.py
[2022-07-10 08:45:02,158] {scheduler_job.py:639} INFO - DAG(s) dict_keys(['example_kubernetes_executor_config']) retrieved from /home/airflow/.local/lib/python3.6/site-packages/airflow/example_dags/example_kubernetes_executor_config.py
[2022-07-10 08:45:02,171] {logging_mixin.py:104} INFO - [2022-07-10 08:45:02,171] {dag.py:1824} INFO - Sync 1 DAGs
[2022-07-10 08:45:02,181] {logging_mixin.py:104} INFO - [2022-07-10 08:45:02,181] {dag.py:2280} INFO - Setting next_dagrun for example_kubernetes_executor_config to None
[2022-07-10 08:45:02,187] {scheduler_job.py:190} INFO - Processing /home/airflow/.local/lib/python3.6/site-packages/airflow/example_dags/example_kubernetes_executor_config.py took 0.040 seconds
[2022-07-10 08:45:32,950] {scheduler_job.py:182} INFO - Started process (PID=711) to work on /home/airflow/.local/lib/python3.6/site-packages/airflow/example_dags/example_kubernetes_executor_config.py
[2022-07-10 08:45:32,951] {scheduler_job.py:629} INFO - Processing file /home/airflow/.local/lib/python3.6/site-packages/airflow/example_dags/example_kubernetes_executor_config.py for tasks to queue
[2022-07-10 08:45:32,951] {logging_mixin.py:104} INFO - [2022-07-10 08:45:32,951] {dagbag.py:451} INFO - Filling up the DagBag from /home/airflow/.local/lib/python3.6/site-packages/airflow/example_dags/example_kubernetes_executor_config.py
[2022-07-10 08:45:32,958] {scheduler_job.py:639} INFO - DAG(s) dict_keys(['example_kubernetes_executor_config']) retrieved from /home/airflow/.local/lib/python3.6/site-packages/airflow/example_dags/example_kubernetes_executor_config.py
[2022-07-10 08:45:32,972] {logging_mixin.py:104} INFO - [2022-07-10 08:45:32,971] {dag.py:1824} INFO - Sync 1 DAGs
[2022-07-10 08:45:32,980] {logging_mixin.py:104} INFO - [2022-07-10 08:45:32,980] {dag.py:2280} INFO - Setting next_dagrun for example_kubernetes_executor_config to None
[2022-07-10 08:45:32,987] {scheduler_job.py:190} INFO - Processing /home/airflow/.local/lib/python3.6/site-packages/airflow/example_dags/example_kubernetes_executor_config.py took 0.039 seconds
[2022-07-10 08:46:03,800] {scheduler_job.py:182} INFO - Started process (PID=737) to work on /home/airflow/.local/lib/python3.6/site-packages/airflow/example_dags/example_kubernetes_executor_config.py
[2022-07-10 08:46:03,800] {scheduler_job.py:629} INFO - Processing file /home/airflow/.local/lib/python3.6/site-packages/airflow/example_dags/example_kubernetes_executor_config.py for tasks to queue
[2022-07-10 08:46:03,801] {logging_mixin.py:104} INFO - [2022-07-10 08:46:03,801] {dagbag.py:451} INFO - Filling up the DagBag from /home/airflow/.local/lib/python3.6/site-packages/airflow/example_dags/example_kubernetes_executor_config.py
[2022-07-10 08:46:03,809] {scheduler_job.py:639} INFO - DAG(s) dict_keys(['example_kubernetes_executor_config']) retrieved from /home/airflow/.local/lib/python3.6/site-packages/airflow/example_dags/example_kubernetes_executor_config.py
[2022-07-10 08:46:03,823] {logging_mixin.py:104} INFO - [2022-07-10 08:46:03,823] {dag.py:1824} INFO - Sync 1 DAGs
[2022-07-10 08:46:03,832] {logging_mixin.py:104} INFO - [2022-07-10 08:46:03,832] {dag.py:2280} INFO - Setting next_dagrun for example_kubernetes_executor_config to None
[2022-07-10 08:46:03,838] {scheduler_job.py:190} INFO - Processing /home/airflow/.local/lib/python3.6/site-packages/airflow/example_dags/example_kubernetes_executor_config.py took 0.040 seconds
[2022-07-10 08:46:34,621] {scheduler_job.py:182} INFO - Started process (PID=763) to work on /home/airflow/.local/lib/python3.6/site-packages/airflow/example_dags/example_kubernetes_executor_config.py
[2022-07-10 08:46:34,622] {scheduler_job.py:629} INFO - Processing file /home/airflow/.local/lib/python3.6/site-packages/airflow/example_dags/example_kubernetes_executor_config.py for tasks to queue
[2022-07-10 08:46:34,623] {logging_mixin.py:104} INFO - [2022-07-10 08:46:34,623] {dagbag.py:451} INFO - Filling up the DagBag from /home/airflow/.local/lib/python3.6/site-packages/airflow/example_dags/example_kubernetes_executor_config.py
[2022-07-10 08:46:34,630] {scheduler_job.py:639} INFO - DAG(s) dict_keys(['example_kubernetes_executor_config']) retrieved from /home/airflow/.local/lib/python3.6/site-packages/airflow/example_dags/example_kubernetes_executor_config.py
[2022-07-10 08:46:34,643] {logging_mixin.py:104} INFO - [2022-07-10 08:46:34,643] {dag.py:1824} INFO - Sync 1 DAGs
[2022-07-10 08:46:34,651] {logging_mixin.py:104} INFO - [2022-07-10 08:46:34,651] {dag.py:2280} INFO - Setting next_dagrun for example_kubernetes_executor_config to None
[2022-07-10 08:46:34,657] {scheduler_job.py:190} INFO - Processing /home/airflow/.local/lib/python3.6/site-packages/airflow/example_dags/example_kubernetes_executor_config.py took 0.038 seconds
[2022-07-10 08:47:05,611] {scheduler_job.py:182} INFO - Started process (PID=789) to work on /home/airflow/.local/lib/python3.6/site-packages/airflow/example_dags/example_kubernetes_executor_config.py
[2022-07-10 08:47:05,612] {scheduler_job.py:629} INFO - Processing file /home/airflow/.local/lib/python3.6/site-packages/airflow/example_dags/example_kubernetes_executor_config.py for tasks to queue
[2022-07-10 08:47:05,613] {logging_mixin.py:104} INFO - [2022-07-10 08:47:05,613] {dagbag.py:451} INFO - Filling up the DagBag from /home/airflow/.local/lib/python3.6/site-packages/airflow/example_dags/example_kubernetes_executor_config.py
[2022-07-10 08:47:05,621] {scheduler_job.py:639} INFO - DAG(s) dict_keys(['example_kubernetes_executor_config']) retrieved from /home/airflow/.local/lib/python3.6/site-packages/airflow/example_dags/example_kubernetes_executor_config.py
[2022-07-10 08:47:05,636] {logging_mixin.py:104} INFO - [2022-07-10 08:47:05,636] {dag.py:1824} INFO - Sync 1 DAGs
[2022-07-10 08:47:05,646] {logging_mixin.py:104} INFO - [2022-07-10 08:47:05,646] {dag.py:2280} INFO - Setting next_dagrun for example_kubernetes_executor_config to None
[2022-07-10 08:47:05,653] {scheduler_job.py:190} INFO - Processing /home/airflow/.local/lib/python3.6/site-packages/airflow/example_dags/example_kubernetes_executor_config.py took 0.043 seconds
[2022-07-10 08:47:36,477] {scheduler_job.py:182} INFO - Started process (PID=815) to work on /home/airflow/.local/lib/python3.6/site-packages/airflow/example_dags/example_kubernetes_executor_config.py
[2022-07-10 08:47:36,478] {scheduler_job.py:629} INFO - Processing file /home/airflow/.local/lib/python3.6/site-packages/airflow/example_dags/example_kubernetes_executor_config.py for tasks to queue
[2022-07-10 08:47:36,478] {logging_mixin.py:104} INFO - [2022-07-10 08:47:36,478] {dagbag.py:451} INFO - Filling up the DagBag from /home/airflow/.local/lib/python3.6/site-packages/airflow/example_dags/example_kubernetes_executor_config.py
[2022-07-10 08:47:36,485] {scheduler_job.py:639} INFO - DAG(s) dict_keys(['example_kubernetes_executor_config']) retrieved from /home/airflow/.local/lib/python3.6/site-packages/airflow/example_dags/example_kubernetes_executor_config.py
[2022-07-10 08:47:36,498] {logging_mixin.py:104} INFO - [2022-07-10 08:47:36,498] {dag.py:1824} INFO - Sync 1 DAGs
[2022-07-10 08:47:36,507] {logging_mixin.py:104} INFO - [2022-07-10 08:47:36,507] {dag.py:2280} INFO - Setting next_dagrun for example_kubernetes_executor_config to None
[2022-07-10 08:47:36,513] {scheduler_job.py:190} INFO - Processing /home/airflow/.local/lib/python3.6/site-packages/airflow/example_dags/example_kubernetes_executor_config.py took 0.037 seconds
[2022-07-10 08:48:07,224] {scheduler_job.py:182} INFO - Started process (PID=841) to work on /home/airflow/.local/lib/python3.6/site-packages/airflow/example_dags/example_kubernetes_executor_config.py
[2022-07-10 08:48:07,225] {scheduler_job.py:629} INFO - Processing file /home/airflow/.local/lib/python3.6/site-packages/airflow/example_dags/example_kubernetes_executor_config.py for tasks to queue
[2022-07-10 08:48:07,225] {logging_mixin.py:104} INFO - [2022-07-10 08:48:07,225] {dagbag.py:451} INFO - Filling up the DagBag from /home/airflow/.local/lib/python3.6/site-packages/airflow/example_dags/example_kubernetes_executor_config.py
[2022-07-10 08:48:07,234] {scheduler_job.py:639} INFO - DAG(s) dict_keys(['example_kubernetes_executor_config']) retrieved from /home/airflow/.local/lib/python3.6/site-packages/airflow/example_dags/example_kubernetes_executor_config.py
[2022-07-10 08:48:07,248] {logging_mixin.py:104} INFO - [2022-07-10 08:48:07,248] {dag.py:1824} INFO - Sync 1 DAGs
[2022-07-10 08:48:07,257] {logging_mixin.py:104} INFO - [2022-07-10 08:48:07,257] {dag.py:2280} INFO - Setting next_dagrun for example_kubernetes_executor_config to None
[2022-07-10 08:48:07,263] {scheduler_job.py:190} INFO - Processing /home/airflow/.local/lib/python3.6/site-packages/airflow/example_dags/example_kubernetes_executor_config.py took 0.041 seconds
[2022-07-10 08:48:38,099] {scheduler_job.py:182} INFO - Started process (PID=867) to work on /home/airflow/.local/lib/python3.6/site-packages/airflow/example_dags/example_kubernetes_executor_config.py
[2022-07-10 08:48:38,099] {scheduler_job.py:629} INFO - Processing file /home/airflow/.local/lib/python3.6/site-packages/airflow/example_dags/example_kubernetes_executor_config.py for tasks to queue
[2022-07-10 08:48:38,100] {logging_mixin.py:104} INFO - [2022-07-10 08:48:38,100] {dagbag.py:451} INFO - Filling up the DagBag from /home/airflow/.local/lib/python3.6/site-packages/airflow/example_dags/example_kubernetes_executor_config.py
[2022-07-10 08:48:38,107] {scheduler_job.py:639} INFO - DAG(s) dict_keys(['example_kubernetes_executor_config']) retrieved from /home/airflow/.local/lib/python3.6/site-packages/airflow/example_dags/example_kubernetes_executor_config.py
[2022-07-10 08:48:38,120] {logging_mixin.py:104} INFO - [2022-07-10 08:48:38,120] {dag.py:1824} INFO - Sync 1 DAGs
[2022-07-10 08:48:38,128] {logging_mixin.py:104} INFO - [2022-07-10 08:48:38,128] {dag.py:2280} INFO - Setting next_dagrun for example_kubernetes_executor_config to None
[2022-07-10 08:48:38,135] {scheduler_job.py:190} INFO - Processing /home/airflow/.local/lib/python3.6/site-packages/airflow/example_dags/example_kubernetes_executor_config.py took 0.038 seconds
[2022-07-10 08:49:08,968] {scheduler_job.py:182} INFO - Started process (PID=893) to work on /home/airflow/.local/lib/python3.6/site-packages/airflow/example_dags/example_kubernetes_executor_config.py
[2022-07-10 08:49:08,969] {scheduler_job.py:629} INFO - Processing file /home/airflow/.local/lib/python3.6/site-packages/airflow/example_dags/example_kubernetes_executor_config.py for tasks to queue
[2022-07-10 08:49:08,970] {logging_mixin.py:104} INFO - [2022-07-10 08:49:08,970] {dagbag.py:451} INFO - Filling up the DagBag from /home/airflow/.local/lib/python3.6/site-packages/airflow/example_dags/example_kubernetes_executor_config.py
[2022-07-10 08:49:08,977] {scheduler_job.py:639} INFO - DAG(s) dict_keys(['example_kubernetes_executor_config']) retrieved from /home/airflow/.local/lib/python3.6/site-packages/airflow/example_dags/example_kubernetes_executor_config.py
[2022-07-10 08:49:08,990] {logging_mixin.py:104} INFO - [2022-07-10 08:49:08,990] {dag.py:1824} INFO - Sync 1 DAGs
[2022-07-10 08:49:08,999] {logging_mixin.py:104} INFO - [2022-07-10 08:49:08,998] {dag.py:2280} INFO - Setting next_dagrun for example_kubernetes_executor_config to None
[2022-07-10 08:49:09,005] {scheduler_job.py:190} INFO - Processing /home/airflow/.local/lib/python3.6/site-packages/airflow/example_dags/example_kubernetes_executor_config.py took 0.038 seconds
[2022-07-10 08:49:39,727] {scheduler_job.py:182} INFO - Started process (PID=919) to work on /home/airflow/.local/lib/python3.6/site-packages/airflow/example_dags/example_kubernetes_executor_config.py
[2022-07-10 08:49:39,728] {scheduler_job.py:629} INFO - Processing file /home/airflow/.local/lib/python3.6/site-packages/airflow/example_dags/example_kubernetes_executor_config.py for tasks to queue
[2022-07-10 08:49:39,729] {logging_mixin.py:104} INFO - [2022-07-10 08:49:39,729] {dagbag.py:451} INFO - Filling up the DagBag from /home/airflow/.local/lib/python3.6/site-packages/airflow/example_dags/example_kubernetes_executor_config.py
[2022-07-10 08:49:39,736] {scheduler_job.py:639} INFO - DAG(s) dict_keys(['example_kubernetes_executor_config']) retrieved from /home/airflow/.local/lib/python3.6/site-packages/airflow/example_dags/example_kubernetes_executor_config.py
[2022-07-10 08:49:39,749] {logging_mixin.py:104} INFO - [2022-07-10 08:49:39,748] {dag.py:1824} INFO - Sync 1 DAGs
[2022-07-10 08:49:39,758] {logging_mixin.py:104} INFO - [2022-07-10 08:49:39,758] {dag.py:2280} INFO - Setting next_dagrun for example_kubernetes_executor_config to None
[2022-07-10 08:49:39,764] {scheduler_job.py:190} INFO - Processing /home/airflow/.local/lib/python3.6/site-packages/airflow/example_dags/example_kubernetes_executor_config.py took 0.039 seconds
[2022-07-10 08:50:10,593] {scheduler_job.py:182} INFO - Started process (PID=945) to work on /home/airflow/.local/lib/python3.6/site-packages/airflow/example_dags/example_kubernetes_executor_config.py
[2022-07-10 08:50:10,594] {scheduler_job.py:629} INFO - Processing file /home/airflow/.local/lib/python3.6/site-packages/airflow/example_dags/example_kubernetes_executor_config.py for tasks to queue
[2022-07-10 08:50:10,594] {logging_mixin.py:104} INFO - [2022-07-10 08:50:10,594] {dagbag.py:451} INFO - Filling up the DagBag from /home/airflow/.local/lib/python3.6/site-packages/airflow/example_dags/example_kubernetes_executor_config.py
[2022-07-10 08:50:10,602] {scheduler_job.py:639} INFO - DAG(s) dict_keys(['example_kubernetes_executor_config']) retrieved from /home/airflow/.local/lib/python3.6/site-packages/airflow/example_dags/example_kubernetes_executor_config.py
[2022-07-10 08:50:10,616] {logging_mixin.py:104} INFO - [2022-07-10 08:50:10,616] {dag.py:1824} INFO - Sync 1 DAGs
[2022-07-10 08:50:10,626] {logging_mixin.py:104} INFO - [2022-07-10 08:50:10,625] {dag.py:2280} INFO - Setting next_dagrun for example_kubernetes_executor_config to None
[2022-07-10 08:50:10,631] {scheduler_job.py:190} INFO - Processing /home/airflow/.local/lib/python3.6/site-packages/airflow/example_dags/example_kubernetes_executor_config.py took 0.040 seconds
[2022-07-10 08:50:41,403] {scheduler_job.py:182} INFO - Started process (PID=971) to work on /home/airflow/.local/lib/python3.6/site-packages/airflow/example_dags/example_kubernetes_executor_config.py
[2022-07-10 08:50:41,404] {scheduler_job.py:629} INFO - Processing file /home/airflow/.local/lib/python3.6/site-packages/airflow/example_dags/example_kubernetes_executor_config.py for tasks to queue
[2022-07-10 08:50:41,404] {logging_mixin.py:104} INFO - [2022-07-10 08:50:41,404] {dagbag.py:451} INFO - Filling up the DagBag from /home/airflow/.local/lib/python3.6/site-packages/airflow/example_dags/example_kubernetes_executor_config.py
[2022-07-10 08:50:41,412] {scheduler_job.py:639} INFO - DAG(s) dict_keys(['example_kubernetes_executor_config']) retrieved from /home/airflow/.local/lib/python3.6/site-packages/airflow/example_dags/example_kubernetes_executor_config.py
[2022-07-10 08:50:41,426] {logging_mixin.py:104} INFO - [2022-07-10 08:50:41,426] {dag.py:1824} INFO - Sync 1 DAGs
[2022-07-10 08:50:41,436] {logging_mixin.py:104} INFO - [2022-07-10 08:50:41,436] {dag.py:2280} INFO - Setting next_dagrun for example_kubernetes_executor_config to None
[2022-07-10 08:50:41,441] {scheduler_job.py:190} INFO - Processing /home/airflow/.local/lib/python3.6/site-packages/airflow/example_dags/example_kubernetes_executor_config.py took 0.040 seconds
[2022-07-10 08:51:12,204] {scheduler_job.py:182} INFO - Started process (PID=997) to work on /home/airflow/.local/lib/python3.6/site-packages/airflow/example_dags/example_kubernetes_executor_config.py
[2022-07-10 08:51:12,205] {scheduler_job.py:629} INFO - Processing file /home/airflow/.local/lib/python3.6/site-packages/airflow/example_dags/example_kubernetes_executor_config.py for tasks to queue
[2022-07-10 08:51:12,205] {logging_mixin.py:104} INFO - [2022-07-10 08:51:12,205] {dagbag.py:451} INFO - Filling up the DagBag from /home/airflow/.local/lib/python3.6/site-packages/airflow/example_dags/example_kubernetes_executor_config.py
[2022-07-10 08:51:12,213] {scheduler_job.py:639} INFO - DAG(s) dict_keys(['example_kubernetes_executor_config']) retrieved from /home/airflow/.local/lib/python3.6/site-packages/airflow/example_dags/example_kubernetes_executor_config.py
[2022-07-10 08:51:12,227] {logging_mixin.py:104} INFO - [2022-07-10 08:51:12,227] {dag.py:1824} INFO - Sync 1 DAGs
[2022-07-10 08:51:12,235] {logging_mixin.py:104} INFO - [2022-07-10 08:51:12,235] {dag.py:2280} INFO - Setting next_dagrun for example_kubernetes_executor_config to None
[2022-07-10 08:51:12,241] {scheduler_job.py:190} INFO - Processing /home/airflow/.local/lib/python3.6/site-packages/airflow/example_dags/example_kubernetes_executor_config.py took 0.039 seconds
[2022-07-10 08:51:43,008] {scheduler_job.py:182} INFO - Started process (PID=1023) to work on /home/airflow/.local/lib/python3.6/site-packages/airflow/example_dags/example_kubernetes_executor_config.py
[2022-07-10 08:51:43,009] {scheduler_job.py:629} INFO - Processing file /home/airflow/.local/lib/python3.6/site-packages/airflow/example_dags/example_kubernetes_executor_config.py for tasks to queue
[2022-07-10 08:51:43,010] {logging_mixin.py:104} INFO - [2022-07-10 08:51:43,010] {dagbag.py:451} INFO - Filling up the DagBag from /home/airflow/.local/lib/python3.6/site-packages/airflow/example_dags/example_kubernetes_executor_config.py
[2022-07-10 08:51:43,017] {scheduler_job.py:639} INFO - DAG(s) dict_keys(['example_kubernetes_executor_config']) retrieved from /home/airflow/.local/lib/python3.6/site-packages/airflow/example_dags/example_kubernetes_executor_config.py
[2022-07-10 08:51:43,030] {logging_mixin.py:104} INFO - [2022-07-10 08:51:43,030] {dag.py:1824} INFO - Sync 1 DAGs
[2022-07-10 08:51:43,039] {logging_mixin.py:104} INFO - [2022-07-10 08:51:43,039] {dag.py:2280} INFO - Setting next_dagrun for example_kubernetes_executor_config to None
[2022-07-10 08:51:43,046] {scheduler_job.py:190} INFO - Processing /home/airflow/.local/lib/python3.6/site-packages/airflow/example_dags/example_kubernetes_executor_config.py took 0.039 seconds
[2022-07-10 08:52:13,852] {scheduler_job.py:182} INFO - Started process (PID=1049) to work on /home/airflow/.local/lib/python3.6/site-packages/airflow/example_dags/example_kubernetes_executor_config.py
[2022-07-10 08:52:13,853] {scheduler_job.py:629} INFO - Processing file /home/airflow/.local/lib/python3.6/site-packages/airflow/example_dags/example_kubernetes_executor_config.py for tasks to queue
[2022-07-10 08:52:13,854] {logging_mixin.py:104} INFO - [2022-07-10 08:52:13,854] {dagbag.py:451} INFO - Filling up the DagBag from /home/airflow/.local/lib/python3.6/site-packages/airflow/example_dags/example_kubernetes_executor_config.py
[2022-07-10 08:52:13,861] {scheduler_job.py:639} INFO - DAG(s) dict_keys(['example_kubernetes_executor_config']) retrieved from /home/airflow/.local/lib/python3.6/site-packages/airflow/example_dags/example_kubernetes_executor_config.py
[2022-07-10 08:52:13,874] {logging_mixin.py:104} INFO - [2022-07-10 08:52:13,874] {dag.py:1824} INFO - Sync 1 DAGs
[2022-07-10 08:52:13,882] {logging_mixin.py:104} INFO - [2022-07-10 08:52:13,882] {dag.py:2280} INFO - Setting next_dagrun for example_kubernetes_executor_config to None
[2022-07-10 08:52:13,888] {scheduler_job.py:190} INFO - Processing /home/airflow/.local/lib/python3.6/site-packages/airflow/example_dags/example_kubernetes_executor_config.py took 0.037 seconds
[2022-07-10 08:52:44,723] {scheduler_job.py:182} INFO - Started process (PID=1075) to work on /home/airflow/.local/lib/python3.6/site-packages/airflow/example_dags/example_kubernetes_executor_config.py
[2022-07-10 08:52:44,723] {scheduler_job.py:629} INFO - Processing file /home/airflow/.local/lib/python3.6/site-packages/airflow/example_dags/example_kubernetes_executor_config.py for tasks to queue
[2022-07-10 08:52:44,724] {logging_mixin.py:104} INFO - [2022-07-10 08:52:44,724] {dagbag.py:451} INFO - Filling up the DagBag from /home/airflow/.local/lib/python3.6/site-packages/airflow/example_dags/example_kubernetes_executor_config.py
[2022-07-10 08:52:44,732] {scheduler_job.py:639} INFO - DAG(s) dict_keys(['example_kubernetes_executor_config']) retrieved from /home/airflow/.local/lib/python3.6/site-packages/airflow/example_dags/example_kubernetes_executor_config.py
[2022-07-10 08:52:44,746] {logging_mixin.py:104} INFO - [2022-07-10 08:52:44,746] {dag.py:1824} INFO - Sync 1 DAGs
[2022-07-10 08:52:44,754] {logging_mixin.py:104} INFO - [2022-07-10 08:52:44,754] {dag.py:2280} INFO - Setting next_dagrun for example_kubernetes_executor_config to None
[2022-07-10 08:52:44,760] {scheduler_job.py:190} INFO - Processing /home/airflow/.local/lib/python3.6/site-packages/airflow/example_dags/example_kubernetes_executor_config.py took 0.039 seconds
[2022-07-10 08:53:15,589] {scheduler_job.py:182} INFO - Started process (PID=1101) to work on /home/airflow/.local/lib/python3.6/site-packages/airflow/example_dags/example_kubernetes_executor_config.py
[2022-07-10 08:53:15,590] {scheduler_job.py:629} INFO - Processing file /home/airflow/.local/lib/python3.6/site-packages/airflow/example_dags/example_kubernetes_executor_config.py for tasks to queue
[2022-07-10 08:53:15,590] {logging_mixin.py:104} INFO - [2022-07-10 08:53:15,590] {dagbag.py:451} INFO - Filling up the DagBag from /home/airflow/.local/lib/python3.6/site-packages/airflow/example_dags/example_kubernetes_executor_config.py
[2022-07-10 08:53:15,598] {scheduler_job.py:639} INFO - DAG(s) dict_keys(['example_kubernetes_executor_config']) retrieved from /home/airflow/.local/lib/python3.6/site-packages/airflow/example_dags/example_kubernetes_executor_config.py
[2022-07-10 08:53:15,612] {logging_mixin.py:104} INFO - [2022-07-10 08:53:15,612] {dag.py:1824} INFO - Sync 1 DAGs
[2022-07-10 08:53:15,620] {logging_mixin.py:104} INFO - [2022-07-10 08:53:15,620] {dag.py:2280} INFO - Setting next_dagrun for example_kubernetes_executor_config to None
[2022-07-10 08:53:15,627] {scheduler_job.py:190} INFO - Processing /home/airflow/.local/lib/python3.6/site-packages/airflow/example_dags/example_kubernetes_executor_config.py took 0.040 seconds
[2022-07-10 08:53:46,471] {scheduler_job.py:182} INFO - Started process (PID=1127) to work on /home/airflow/.local/lib/python3.6/site-packages/airflow/example_dags/example_kubernetes_executor_config.py
[2022-07-10 08:53:46,472] {scheduler_job.py:629} INFO - Processing file /home/airflow/.local/lib/python3.6/site-packages/airflow/example_dags/example_kubernetes_executor_config.py for tasks to queue
[2022-07-10 08:53:46,473] {logging_mixin.py:104} INFO - [2022-07-10 08:53:46,472] {dagbag.py:451} INFO - Filling up the DagBag from /home/airflow/.local/lib/python3.6/site-packages/airflow/example_dags/example_kubernetes_executor_config.py
[2022-07-10 08:53:46,481] {scheduler_job.py:639} INFO - DAG(s) dict_keys(['example_kubernetes_executor_config']) retrieved from /home/airflow/.local/lib/python3.6/site-packages/airflow/example_dags/example_kubernetes_executor_config.py
[2022-07-10 08:53:46,508] {logging_mixin.py:104} INFO - [2022-07-10 08:53:46,508] {dag.py:1824} INFO - Sync 1 DAGs
[2022-07-10 08:53:46,519] {logging_mixin.py:104} INFO - [2022-07-10 08:53:46,519] {dag.py:2280} INFO - Setting next_dagrun for example_kubernetes_executor_config to None
[2022-07-10 08:53:46,528] {scheduler_job.py:190} INFO - Processing /home/airflow/.local/lib/python3.6/site-packages/airflow/example_dags/example_kubernetes_executor_config.py took 0.059 seconds
[2022-07-10 08:54:17,388] {scheduler_job.py:182} INFO - Started process (PID=1153) to work on /home/airflow/.local/lib/python3.6/site-packages/airflow/example_dags/example_kubernetes_executor_config.py
[2022-07-10 08:54:17,389] {scheduler_job.py:629} INFO - Processing file /home/airflow/.local/lib/python3.6/site-packages/airflow/example_dags/example_kubernetes_executor_config.py for tasks to queue
[2022-07-10 08:54:17,389] {logging_mixin.py:104} INFO - [2022-07-10 08:54:17,389] {dagbag.py:451} INFO - Filling up the DagBag from /home/airflow/.local/lib/python3.6/site-packages/airflow/example_dags/example_kubernetes_executor_config.py
[2022-07-10 08:54:17,397] {scheduler_job.py:639} INFO - DAG(s) dict_keys(['example_kubernetes_executor_config']) retrieved from /home/airflow/.local/lib/python3.6/site-packages/airflow/example_dags/example_kubernetes_executor_config.py
[2022-07-10 08:54:17,410] {logging_mixin.py:104} INFO - [2022-07-10 08:54:17,410] {dag.py:1824} INFO - Sync 1 DAGs
[2022-07-10 08:54:17,418] {logging_mixin.py:104} INFO - [2022-07-10 08:54:17,418] {dag.py:2280} INFO - Setting next_dagrun for example_kubernetes_executor_config to None
[2022-07-10 08:54:17,424] {scheduler_job.py:190} INFO - Processing /home/airflow/.local/lib/python3.6/site-packages/airflow/example_dags/example_kubernetes_executor_config.py took 0.038 seconds
[2022-07-10 08:54:48,256] {scheduler_job.py:182} INFO - Started process (PID=1179) to work on /home/airflow/.local/lib/python3.6/site-packages/airflow/example_dags/example_kubernetes_executor_config.py
[2022-07-10 08:54:48,257] {scheduler_job.py:629} INFO - Processing file /home/airflow/.local/lib/python3.6/site-packages/airflow/example_dags/example_kubernetes_executor_config.py for tasks to queue
[2022-07-10 08:54:48,258] {logging_mixin.py:104} INFO - [2022-07-10 08:54:48,258] {dagbag.py:451} INFO - Filling up the DagBag from /home/airflow/.local/lib/python3.6/site-packages/airflow/example_dags/example_kubernetes_executor_config.py
[2022-07-10 08:54:48,265] {scheduler_job.py:639} INFO - DAG(s) dict_keys(['example_kubernetes_executor_config']) retrieved from /home/airflow/.local/lib/python3.6/site-packages/airflow/example_dags/example_kubernetes_executor_config.py
[2022-07-10 08:54:48,278] {logging_mixin.py:104} INFO - [2022-07-10 08:54:48,278] {dag.py:1824} INFO - Sync 1 DAGs
[2022-07-10 08:54:48,288] {logging_mixin.py:104} INFO - [2022-07-10 08:54:48,288] {dag.py:2280} INFO - Setting next_dagrun for example_kubernetes_executor_config to None
[2022-07-10 08:54:48,295] {scheduler_job.py:190} INFO - Processing /home/airflow/.local/lib/python3.6/site-packages/airflow/example_dags/example_kubernetes_executor_config.py took 0.041 seconds
[2022-07-10 08:55:19,049] {scheduler_job.py:182} INFO - Started process (PID=1205) to work on /home/airflow/.local/lib/python3.6/site-packages/airflow/example_dags/example_kubernetes_executor_config.py
[2022-07-10 08:55:19,050] {scheduler_job.py:629} INFO - Processing file /home/airflow/.local/lib/python3.6/site-packages/airflow/example_dags/example_kubernetes_executor_config.py for tasks to queue
[2022-07-10 08:55:19,051] {logging_mixin.py:104} INFO - [2022-07-10 08:55:19,051] {dagbag.py:451} INFO - Filling up the DagBag from /home/airflow/.local/lib/python3.6/site-packages/airflow/example_dags/example_kubernetes_executor_config.py
[2022-07-10 08:55:19,058] {scheduler_job.py:639} INFO - DAG(s) dict_keys(['example_kubernetes_executor_config']) retrieved from /home/airflow/.local/lib/python3.6/site-packages/airflow/example_dags/example_kubernetes_executor_config.py
[2022-07-10 08:55:19,071] {logging_mixin.py:104} INFO - [2022-07-10 08:55:19,071] {dag.py:1824} INFO - Sync 1 DAGs
[2022-07-10 08:55:19,079] {logging_mixin.py:104} INFO - [2022-07-10 08:55:19,079] {dag.py:2280} INFO - Setting next_dagrun for example_kubernetes_executor_config to None
[2022-07-10 08:55:19,086] {scheduler_job.py:190} INFO - Processing /home/airflow/.local/lib/python3.6/site-packages/airflow/example_dags/example_kubernetes_executor_config.py took 0.038 seconds
[2022-07-10 08:55:50,134] {scheduler_job.py:182} INFO - Started process (PID=1231) to work on /home/airflow/.local/lib/python3.6/site-packages/airflow/example_dags/example_kubernetes_executor_config.py
[2022-07-10 08:55:50,135] {scheduler_job.py:629} INFO - Processing file /home/airflow/.local/lib/python3.6/site-packages/airflow/example_dags/example_kubernetes_executor_config.py for tasks to queue
[2022-07-10 08:55:50,136] {logging_mixin.py:104} INFO - [2022-07-10 08:55:50,136] {dagbag.py:451} INFO - Filling up the DagBag from /home/airflow/.local/lib/python3.6/site-packages/airflow/example_dags/example_kubernetes_executor_config.py
[2022-07-10 08:55:50,144] {scheduler_job.py:639} INFO - DAG(s) dict_keys(['example_kubernetes_executor_config']) retrieved from /home/airflow/.local/lib/python3.6/site-packages/airflow/example_dags/example_kubernetes_executor_config.py
[2022-07-10 08:55:50,159] {logging_mixin.py:104} INFO - [2022-07-10 08:55:50,159] {dag.py:1824} INFO - Sync 1 DAGs
[2022-07-10 08:55:50,170] {logging_mixin.py:104} INFO - [2022-07-10 08:55:50,169] {dag.py:2280} INFO - Setting next_dagrun for example_kubernetes_executor_config to None
[2022-07-10 08:55:50,176] {scheduler_job.py:190} INFO - Processing /home/airflow/.local/lib/python3.6/site-packages/airflow/example_dags/example_kubernetes_executor_config.py took 0.043 seconds
[2022-07-10 08:56:21,091] {scheduler_job.py:182} INFO - Started process (PID=1257) to work on /home/airflow/.local/lib/python3.6/site-packages/airflow/example_dags/example_kubernetes_executor_config.py
[2022-07-10 08:56:21,092] {scheduler_job.py:629} INFO - Processing file /home/airflow/.local/lib/python3.6/site-packages/airflow/example_dags/example_kubernetes_executor_config.py for tasks to queue
[2022-07-10 08:56:21,093] {logging_mixin.py:104} INFO - [2022-07-10 08:56:21,092] {dagbag.py:451} INFO - Filling up the DagBag from /home/airflow/.local/lib/python3.6/site-packages/airflow/example_dags/example_kubernetes_executor_config.py
[2022-07-10 08:56:21,100] {scheduler_job.py:639} INFO - DAG(s) dict_keys(['example_kubernetes_executor_config']) retrieved from /home/airflow/.local/lib/python3.6/site-packages/airflow/example_dags/example_kubernetes_executor_config.py
[2022-07-10 08:56:21,113] {logging_mixin.py:104} INFO - [2022-07-10 08:56:21,113] {dag.py:1824} INFO - Sync 1 DAGs
[2022-07-10 08:56:21,122] {logging_mixin.py:104} INFO - [2022-07-10 08:56:21,122] {dag.py:2280} INFO - Setting next_dagrun for example_kubernetes_executor_config to None
[2022-07-10 08:56:21,129] {scheduler_job.py:190} INFO - Processing /home/airflow/.local/lib/python3.6/site-packages/airflow/example_dags/example_kubernetes_executor_config.py took 0.040 seconds
[2022-07-10 08:56:51,916] {scheduler_job.py:182} INFO - Started process (PID=1283) to work on /home/airflow/.local/lib/python3.6/site-packages/airflow/example_dags/example_kubernetes_executor_config.py
[2022-07-10 08:56:51,917] {scheduler_job.py:629} INFO - Processing file /home/airflow/.local/lib/python3.6/site-packages/airflow/example_dags/example_kubernetes_executor_config.py for tasks to queue
[2022-07-10 08:56:51,917] {logging_mixin.py:104} INFO - [2022-07-10 08:56:51,917] {dagbag.py:451} INFO - Filling up the DagBag from /home/airflow/.local/lib/python3.6/site-packages/airflow/example_dags/example_kubernetes_executor_config.py
[2022-07-10 08:56:51,925] {scheduler_job.py:639} INFO - DAG(s) dict_keys(['example_kubernetes_executor_config']) retrieved from /home/airflow/.local/lib/python3.6/site-packages/airflow/example_dags/example_kubernetes_executor_config.py
[2022-07-10 08:56:51,939] {logging_mixin.py:104} INFO - [2022-07-10 08:56:51,939] {dag.py:1824} INFO - Sync 1 DAGs
[2022-07-10 08:56:51,948] {logging_mixin.py:104} INFO - [2022-07-10 08:56:51,948] {dag.py:2280} INFO - Setting next_dagrun for example_kubernetes_executor_config to None
[2022-07-10 08:56:51,955] {scheduler_job.py:190} INFO - Processing /home/airflow/.local/lib/python3.6/site-packages/airflow/example_dags/example_kubernetes_executor_config.py took 0.041 seconds
[2022-07-10 08:57:22,844] {scheduler_job.py:182} INFO - Started process (PID=1309) to work on /home/airflow/.local/lib/python3.6/site-packages/airflow/example_dags/example_kubernetes_executor_config.py
[2022-07-10 08:57:22,845] {scheduler_job.py:629} INFO - Processing file /home/airflow/.local/lib/python3.6/site-packages/airflow/example_dags/example_kubernetes_executor_config.py for tasks to queue
[2022-07-10 08:57:22,846] {logging_mixin.py:104} INFO - [2022-07-10 08:57:22,846] {dagbag.py:451} INFO - Filling up the DagBag from /home/airflow/.local/lib/python3.6/site-packages/airflow/example_dags/example_kubernetes_executor_config.py
[2022-07-10 08:57:22,860] {scheduler_job.py:639} INFO - DAG(s) dict_keys(['example_kubernetes_executor_config']) retrieved from /home/airflow/.local/lib/python3.6/site-packages/airflow/example_dags/example_kubernetes_executor_config.py
[2022-07-10 08:57:22,881] {logging_mixin.py:104} INFO - [2022-07-10 08:57:22,881] {dag.py:1824} INFO - Sync 1 DAGs
[2022-07-10 08:57:22,895] {logging_mixin.py:104} INFO - [2022-07-10 08:57:22,895] {dag.py:2280} INFO - Setting next_dagrun for example_kubernetes_executor_config to None
[2022-07-10 08:57:22,903] {scheduler_job.py:190} INFO - Processing /home/airflow/.local/lib/python3.6/site-packages/airflow/example_dags/example_kubernetes_executor_config.py took 0.062 seconds
[2022-07-10 08:57:53,673] {scheduler_job.py:182} INFO - Started process (PID=1335) to work on /home/airflow/.local/lib/python3.6/site-packages/airflow/example_dags/example_kubernetes_executor_config.py
[2022-07-10 08:57:53,674] {scheduler_job.py:629} INFO - Processing file /home/airflow/.local/lib/python3.6/site-packages/airflow/example_dags/example_kubernetes_executor_config.py for tasks to queue
[2022-07-10 08:57:53,674] {logging_mixin.py:104} INFO - [2022-07-10 08:57:53,674] {dagbag.py:451} INFO - Filling up the DagBag from /home/airflow/.local/lib/python3.6/site-packages/airflow/example_dags/example_kubernetes_executor_config.py
[2022-07-10 08:57:53,682] {scheduler_job.py:639} INFO - DAG(s) dict_keys(['example_kubernetes_executor_config']) retrieved from /home/airflow/.local/lib/python3.6/site-packages/airflow/example_dags/example_kubernetes_executor_config.py
[2022-07-10 08:57:53,696] {logging_mixin.py:104} INFO - [2022-07-10 08:57:53,696] {dag.py:1824} INFO - Sync 1 DAGs
[2022-07-10 08:57:53,705] {logging_mixin.py:104} INFO - [2022-07-10 08:57:53,705] {dag.py:2280} INFO - Setting next_dagrun for example_kubernetes_executor_config to None
[2022-07-10 08:57:53,713] {scheduler_job.py:190} INFO - Processing /home/airflow/.local/lib/python3.6/site-packages/airflow/example_dags/example_kubernetes_executor_config.py took 0.042 seconds
[2022-07-10 08:58:24,729] {scheduler_job.py:182} INFO - Started process (PID=1361) to work on /home/airflow/.local/lib/python3.6/site-packages/airflow/example_dags/example_kubernetes_executor_config.py
[2022-07-10 08:58:24,730] {scheduler_job.py:629} INFO - Processing file /home/airflow/.local/lib/python3.6/site-packages/airflow/example_dags/example_kubernetes_executor_config.py for tasks to queue
[2022-07-10 08:58:24,731] {logging_mixin.py:104} INFO - [2022-07-10 08:58:24,731] {dagbag.py:451} INFO - Filling up the DagBag from /home/airflow/.local/lib/python3.6/site-packages/airflow/example_dags/example_kubernetes_executor_config.py
[2022-07-10 08:58:24,739] {scheduler_job.py:639} INFO - DAG(s) dict_keys(['example_kubernetes_executor_config']) retrieved from /home/airflow/.local/lib/python3.6/site-packages/airflow/example_dags/example_kubernetes_executor_config.py
[2022-07-10 08:58:24,753] {logging_mixin.py:104} INFO - [2022-07-10 08:58:24,753] {dag.py:1824} INFO - Sync 1 DAGs
[2022-07-10 08:58:24,764] {logging_mixin.py:104} INFO - [2022-07-10 08:58:24,764] {dag.py:2280} INFO - Setting next_dagrun for example_kubernetes_executor_config to None
[2022-07-10 08:58:24,771] {scheduler_job.py:190} INFO - Processing /home/airflow/.local/lib/python3.6/site-packages/airflow/example_dags/example_kubernetes_executor_config.py took 0.044 seconds
[2022-07-10 08:58:55,525] {scheduler_job.py:182} INFO - Started process (PID=1387) to work on /home/airflow/.local/lib/python3.6/site-packages/airflow/example_dags/example_kubernetes_executor_config.py
[2022-07-10 08:58:55,526] {scheduler_job.py:629} INFO - Processing file /home/airflow/.local/lib/python3.6/site-packages/airflow/example_dags/example_kubernetes_executor_config.py for tasks to queue
[2022-07-10 08:58:55,526] {logging_mixin.py:104} INFO - [2022-07-10 08:58:55,526] {dagbag.py:451} INFO - Filling up the DagBag from /home/airflow/.local/lib/python3.6/site-packages/airflow/example_dags/example_kubernetes_executor_config.py
[2022-07-10 08:58:55,534] {scheduler_job.py:639} INFO - DAG(s) dict_keys(['example_kubernetes_executor_config']) retrieved from /home/airflow/.local/lib/python3.6/site-packages/airflow/example_dags/example_kubernetes_executor_config.py
[2022-07-10 08:58:55,547] {logging_mixin.py:104} INFO - [2022-07-10 08:58:55,546] {dag.py:1824} INFO - Sync 1 DAGs
[2022-07-10 08:58:55,555] {logging_mixin.py:104} INFO - [2022-07-10 08:58:55,555] {dag.py:2280} INFO - Setting next_dagrun for example_kubernetes_executor_config to None
[2022-07-10 08:58:55,561] {scheduler_job.py:190} INFO - Processing /home/airflow/.local/lib/python3.6/site-packages/airflow/example_dags/example_kubernetes_executor_config.py took 0.038 seconds
[2022-07-10 08:59:26,384] {scheduler_job.py:182} INFO - Started process (PID=1413) to work on /home/airflow/.local/lib/python3.6/site-packages/airflow/example_dags/example_kubernetes_executor_config.py
[2022-07-10 08:59:26,385] {scheduler_job.py:629} INFO - Processing file /home/airflow/.local/lib/python3.6/site-packages/airflow/example_dags/example_kubernetes_executor_config.py for tasks to queue
[2022-07-10 08:59:26,385] {logging_mixin.py:104} INFO - [2022-07-10 08:59:26,385] {dagbag.py:451} INFO - Filling up the DagBag from /home/airflow/.local/lib/python3.6/site-packages/airflow/example_dags/example_kubernetes_executor_config.py
[2022-07-10 08:59:26,393] {scheduler_job.py:639} INFO - DAG(s) dict_keys(['example_kubernetes_executor_config']) retrieved from /home/airflow/.local/lib/python3.6/site-packages/airflow/example_dags/example_kubernetes_executor_config.py
[2022-07-10 08:59:26,406] {logging_mixin.py:104} INFO - [2022-07-10 08:59:26,406] {dag.py:1824} INFO - Sync 1 DAGs
[2022-07-10 08:59:26,415] {logging_mixin.py:104} INFO - [2022-07-10 08:59:26,415] {dag.py:2280} INFO - Setting next_dagrun for example_kubernetes_executor_config to None
[2022-07-10 08:59:26,421] {scheduler_job.py:190} INFO - Processing /home/airflow/.local/lib/python3.6/site-packages/airflow/example_dags/example_kubernetes_executor_config.py took 0.039 seconds
[2022-07-10 08:59:57,153] {scheduler_job.py:182} INFO - Started process (PID=1439) to work on /home/airflow/.local/lib/python3.6/site-packages/airflow/example_dags/example_kubernetes_executor_config.py
[2022-07-10 08:59:57,154] {scheduler_job.py:629} INFO - Processing file /home/airflow/.local/lib/python3.6/site-packages/airflow/example_dags/example_kubernetes_executor_config.py for tasks to queue
[2022-07-10 08:59:57,154] {logging_mixin.py:104} INFO - [2022-07-10 08:59:57,154] {dagbag.py:451} INFO - Filling up the DagBag from /home/airflow/.local/lib/python3.6/site-packages/airflow/example_dags/example_kubernetes_executor_config.py
[2022-07-10 08:59:57,162] {scheduler_job.py:639} INFO - DAG(s) dict_keys(['example_kubernetes_executor_config']) retrieved from /home/airflow/.local/lib/python3.6/site-packages/airflow/example_dags/example_kubernetes_executor_config.py
[2022-07-10 08:59:57,175] {logging_mixin.py:104} INFO - [2022-07-10 08:59:57,175] {dag.py:1824} INFO - Sync 1 DAGs
[2022-07-10 08:59:57,184] {logging_mixin.py:104} INFO - [2022-07-10 08:59:57,184] {dag.py:2280} INFO - Setting next_dagrun for example_kubernetes_executor_config to None
[2022-07-10 08:59:57,191] {scheduler_job.py:190} INFO - Processing /home/airflow/.local/lib/python3.6/site-packages/airflow/example_dags/example_kubernetes_executor_config.py took 0.040 seconds
[2022-07-10 09:00:27,940] {scheduler_job.py:182} INFO - Started process (PID=1465) to work on /home/airflow/.local/lib/python3.6/site-packages/airflow/example_dags/example_kubernetes_executor_config.py
[2022-07-10 09:00:27,941] {scheduler_job.py:629} INFO - Processing file /home/airflow/.local/lib/python3.6/site-packages/airflow/example_dags/example_kubernetes_executor_config.py for tasks to queue
[2022-07-10 09:00:27,941] {logging_mixin.py:104} INFO - [2022-07-10 09:00:27,941] {dagbag.py:451} INFO - Filling up the DagBag from /home/airflow/.local/lib/python3.6/site-packages/airflow/example_dags/example_kubernetes_executor_config.py
[2022-07-10 09:00:27,950] {scheduler_job.py:639} INFO - DAG(s) dict_keys(['example_kubernetes_executor_config']) retrieved from /home/airflow/.local/lib/python3.6/site-packages/airflow/example_dags/example_kubernetes_executor_config.py
[2022-07-10 09:00:27,964] {logging_mixin.py:104} INFO - [2022-07-10 09:00:27,964] {dag.py:1824} INFO - Sync 1 DAGs
[2022-07-10 09:00:27,974] {logging_mixin.py:104} INFO - [2022-07-10 09:00:27,974] {dag.py:2280} INFO - Setting next_dagrun for example_kubernetes_executor_config to None
[2022-07-10 09:00:27,981] {scheduler_job.py:190} INFO - Processing /home/airflow/.local/lib/python3.6/site-packages/airflow/example_dags/example_kubernetes_executor_config.py took 0.043 seconds
[2022-07-10 09:00:58,803] {scheduler_job.py:182} INFO - Started process (PID=1491) to work on /home/airflow/.local/lib/python3.6/site-packages/airflow/example_dags/example_kubernetes_executor_config.py
[2022-07-10 09:00:58,804] {scheduler_job.py:629} INFO - Processing file /home/airflow/.local/lib/python3.6/site-packages/airflow/example_dags/example_kubernetes_executor_config.py for tasks to queue
[2022-07-10 09:00:58,804] {logging_mixin.py:104} INFO - [2022-07-10 09:00:58,804] {dagbag.py:451} INFO - Filling up the DagBag from /home/airflow/.local/lib/python3.6/site-packages/airflow/example_dags/example_kubernetes_executor_config.py
[2022-07-10 09:00:58,812] {scheduler_job.py:639} INFO - DAG(s) dict_keys(['example_kubernetes_executor_config']) retrieved from /home/airflow/.local/lib/python3.6/site-packages/airflow/example_dags/example_kubernetes_executor_config.py
[2022-07-10 09:00:58,825] {logging_mixin.py:104} INFO - [2022-07-10 09:00:58,824] {dag.py:1824} INFO - Sync 1 DAGs
[2022-07-10 09:00:58,835] {logging_mixin.py:104} INFO - [2022-07-10 09:00:58,835] {dag.py:2280} INFO - Setting next_dagrun for example_kubernetes_executor_config to None
[2022-07-10 09:00:58,841] {scheduler_job.py:190} INFO - Processing /home/airflow/.local/lib/python3.6/site-packages/airflow/example_dags/example_kubernetes_executor_config.py took 0.040 seconds
[2022-07-10 09:03:55,165] {scheduler_job.py:182} INFO - Started process (PID=56) to work on /home/airflow/.local/lib/python3.6/site-packages/airflow/example_dags/example_kubernetes_executor_config.py
[2022-07-10 09:03:55,166] {scheduler_job.py:629} INFO - Processing file /home/airflow/.local/lib/python3.6/site-packages/airflow/example_dags/example_kubernetes_executor_config.py for tasks to queue
[2022-07-10 09:03:55,167] {logging_mixin.py:104} INFO - [2022-07-10 09:03:55,167] {dagbag.py:451} INFO - Filling up the DagBag from /home/airflow/.local/lib/python3.6/site-packages/airflow/example_dags/example_kubernetes_executor_config.py
[2022-07-10 09:03:55,179] {scheduler_job.py:639} INFO - DAG(s) dict_keys(['example_kubernetes_executor_config']) retrieved from /home/airflow/.local/lib/python3.6/site-packages/airflow/example_dags/example_kubernetes_executor_config.py
[2022-07-10 09:03:55,199] {logging_mixin.py:104} INFO - [2022-07-10 09:03:55,198] {dag.py:1824} INFO - Sync 1 DAGs
[2022-07-10 09:03:55,214] {logging_mixin.py:104} INFO - [2022-07-10 09:03:55,214] {dag.py:2280} INFO - Setting next_dagrun for example_kubernetes_executor_config to None
[2022-07-10 09:03:55,222] {scheduler_job.py:190} INFO - Processing /home/airflow/.local/lib/python3.6/site-packages/airflow/example_dags/example_kubernetes_executor_config.py took 0.059 seconds
[2022-07-10 09:04:26,058] {scheduler_job.py:182} INFO - Started process (PID=82) to work on /home/airflow/.local/lib/python3.6/site-packages/airflow/example_dags/example_kubernetes_executor_config.py
[2022-07-10 09:04:26,059] {scheduler_job.py:629} INFO - Processing file /home/airflow/.local/lib/python3.6/site-packages/airflow/example_dags/example_kubernetes_executor_config.py for tasks to queue
[2022-07-10 09:04:26,060] {logging_mixin.py:104} INFO - [2022-07-10 09:04:26,060] {dagbag.py:451} INFO - Filling up the DagBag from /home/airflow/.local/lib/python3.6/site-packages/airflow/example_dags/example_kubernetes_executor_config.py
[2022-07-10 09:04:26,067] {scheduler_job.py:639} INFO - DAG(s) dict_keys(['example_kubernetes_executor_config']) retrieved from /home/airflow/.local/lib/python3.6/site-packages/airflow/example_dags/example_kubernetes_executor_config.py
[2022-07-10 09:04:26,081] {logging_mixin.py:104} INFO - [2022-07-10 09:04:26,081] {dag.py:1824} INFO - Sync 1 DAGs
[2022-07-10 09:04:26,091] {logging_mixin.py:104} INFO - [2022-07-10 09:04:26,091] {dag.py:2280} INFO - Setting next_dagrun for example_kubernetes_executor_config to None
[2022-07-10 09:04:26,097] {scheduler_job.py:190} INFO - Processing /home/airflow/.local/lib/python3.6/site-packages/airflow/example_dags/example_kubernetes_executor_config.py took 0.041 seconds
[2022-07-10 09:04:56,853] {scheduler_job.py:182} INFO - Started process (PID=108) to work on /home/airflow/.local/lib/python3.6/site-packages/airflow/example_dags/example_kubernetes_executor_config.py
[2022-07-10 09:04:56,854] {scheduler_job.py:629} INFO - Processing file /home/airflow/.local/lib/python3.6/site-packages/airflow/example_dags/example_kubernetes_executor_config.py for tasks to queue
[2022-07-10 09:04:56,854] {logging_mixin.py:104} INFO - [2022-07-10 09:04:56,854] {dagbag.py:451} INFO - Filling up the DagBag from /home/airflow/.local/lib/python3.6/site-packages/airflow/example_dags/example_kubernetes_executor_config.py
[2022-07-10 09:04:56,863] {scheduler_job.py:639} INFO - DAG(s) dict_keys(['example_kubernetes_executor_config']) retrieved from /home/airflow/.local/lib/python3.6/site-packages/airflow/example_dags/example_kubernetes_executor_config.py
[2022-07-10 09:04:56,878] {logging_mixin.py:104} INFO - [2022-07-10 09:04:56,878] {dag.py:1824} INFO - Sync 1 DAGs
[2022-07-10 09:04:56,888] {logging_mixin.py:104} INFO - [2022-07-10 09:04:56,888] {dag.py:2280} INFO - Setting next_dagrun for example_kubernetes_executor_config to None
[2022-07-10 09:04:56,894] {scheduler_job.py:190} INFO - Processing /home/airflow/.local/lib/python3.6/site-packages/airflow/example_dags/example_kubernetes_executor_config.py took 0.044 seconds
[2022-07-10 09:05:27,715] {scheduler_job.py:182} INFO - Started process (PID=134) to work on /home/airflow/.local/lib/python3.6/site-packages/airflow/example_dags/example_kubernetes_executor_config.py
[2022-07-10 09:05:27,716] {scheduler_job.py:629} INFO - Processing file /home/airflow/.local/lib/python3.6/site-packages/airflow/example_dags/example_kubernetes_executor_config.py for tasks to queue
[2022-07-10 09:05:27,717] {logging_mixin.py:104} INFO - [2022-07-10 09:05:27,717] {dagbag.py:451} INFO - Filling up the DagBag from /home/airflow/.local/lib/python3.6/site-packages/airflow/example_dags/example_kubernetes_executor_config.py
[2022-07-10 09:05:27,724] {scheduler_job.py:639} INFO - DAG(s) dict_keys(['example_kubernetes_executor_config']) retrieved from /home/airflow/.local/lib/python3.6/site-packages/airflow/example_dags/example_kubernetes_executor_config.py
[2022-07-10 09:05:27,739] {logging_mixin.py:104} INFO - [2022-07-10 09:05:27,739] {dag.py:1824} INFO - Sync 1 DAGs
[2022-07-10 09:05:27,748] {logging_mixin.py:104} INFO - [2022-07-10 09:05:27,748] {dag.py:2280} INFO - Setting next_dagrun for example_kubernetes_executor_config to None
[2022-07-10 09:05:27,755] {scheduler_job.py:190} INFO - Processing /home/airflow/.local/lib/python3.6/site-packages/airflow/example_dags/example_kubernetes_executor_config.py took 0.041 seconds
[2022-07-10 09:05:58,550] {scheduler_job.py:182} INFO - Started process (PID=160) to work on /home/airflow/.local/lib/python3.6/site-packages/airflow/example_dags/example_kubernetes_executor_config.py
[2022-07-10 09:05:58,551] {scheduler_job.py:629} INFO - Processing file /home/airflow/.local/lib/python3.6/site-packages/airflow/example_dags/example_kubernetes_executor_config.py for tasks to queue
[2022-07-10 09:05:58,551] {logging_mixin.py:104} INFO - [2022-07-10 09:05:58,551] {dagbag.py:451} INFO - Filling up the DagBag from /home/airflow/.local/lib/python3.6/site-packages/airflow/example_dags/example_kubernetes_executor_config.py
[2022-07-10 09:05:58,559] {scheduler_job.py:639} INFO - DAG(s) dict_keys(['example_kubernetes_executor_config']) retrieved from /home/airflow/.local/lib/python3.6/site-packages/airflow/example_dags/example_kubernetes_executor_config.py
[2022-07-10 09:05:58,575] {logging_mixin.py:104} INFO - [2022-07-10 09:05:58,575] {dag.py:1824} INFO - Sync 1 DAGs
[2022-07-10 09:05:58,584] {logging_mixin.py:104} INFO - [2022-07-10 09:05:58,583] {dag.py:2280} INFO - Setting next_dagrun for example_kubernetes_executor_config to None
[2022-07-10 09:05:58,590] {scheduler_job.py:190} INFO - Processing /home/airflow/.local/lib/python3.6/site-packages/airflow/example_dags/example_kubernetes_executor_config.py took 0.041 seconds
[2022-07-10 09:06:29,345] {scheduler_job.py:182} INFO - Started process (PID=186) to work on /home/airflow/.local/lib/python3.6/site-packages/airflow/example_dags/example_kubernetes_executor_config.py
[2022-07-10 09:06:29,346] {scheduler_job.py:629} INFO - Processing file /home/airflow/.local/lib/python3.6/site-packages/airflow/example_dags/example_kubernetes_executor_config.py for tasks to queue
[2022-07-10 09:06:29,346] {logging_mixin.py:104} INFO - [2022-07-10 09:06:29,346] {dagbag.py:451} INFO - Filling up the DagBag from /home/airflow/.local/lib/python3.6/site-packages/airflow/example_dags/example_kubernetes_executor_config.py
[2022-07-10 09:06:29,353] {scheduler_job.py:639} INFO - DAG(s) dict_keys(['example_kubernetes_executor_config']) retrieved from /home/airflow/.local/lib/python3.6/site-packages/airflow/example_dags/example_kubernetes_executor_config.py
[2022-07-10 09:06:29,368] {logging_mixin.py:104} INFO - [2022-07-10 09:06:29,368] {dag.py:1824} INFO - Sync 1 DAGs
[2022-07-10 09:06:29,377] {logging_mixin.py:104} INFO - [2022-07-10 09:06:29,377] {dag.py:2280} INFO - Setting next_dagrun for example_kubernetes_executor_config to None
[2022-07-10 09:06:29,383] {scheduler_job.py:190} INFO - Processing /home/airflow/.local/lib/python3.6/site-packages/airflow/example_dags/example_kubernetes_executor_config.py took 0.040 seconds
[2022-07-10 09:07:00,127] {scheduler_job.py:182} INFO - Started process (PID=212) to work on /home/airflow/.local/lib/python3.6/site-packages/airflow/example_dags/example_kubernetes_executor_config.py
[2022-07-10 09:07:00,127] {scheduler_job.py:629} INFO - Processing file /home/airflow/.local/lib/python3.6/site-packages/airflow/example_dags/example_kubernetes_executor_config.py for tasks to queue
[2022-07-10 09:07:00,128] {logging_mixin.py:104} INFO - [2022-07-10 09:07:00,128] {dagbag.py:451} INFO - Filling up the DagBag from /home/airflow/.local/lib/python3.6/site-packages/airflow/example_dags/example_kubernetes_executor_config.py
[2022-07-10 09:07:00,135] {scheduler_job.py:639} INFO - DAG(s) dict_keys(['example_kubernetes_executor_config']) retrieved from /home/airflow/.local/lib/python3.6/site-packages/airflow/example_dags/example_kubernetes_executor_config.py
[2022-07-10 09:07:00,149] {logging_mixin.py:104} INFO - [2022-07-10 09:07:00,149] {dag.py:1824} INFO - Sync 1 DAGs
[2022-07-10 09:07:00,158] {logging_mixin.py:104} INFO - [2022-07-10 09:07:00,158] {dag.py:2280} INFO - Setting next_dagrun for example_kubernetes_executor_config to None
[2022-07-10 09:07:00,165] {scheduler_job.py:190} INFO - Processing /home/airflow/.local/lib/python3.6/site-packages/airflow/example_dags/example_kubernetes_executor_config.py took 0.040 seconds
[2022-07-10 09:07:30,973] {scheduler_job.py:182} INFO - Started process (PID=238) to work on /home/airflow/.local/lib/python3.6/site-packages/airflow/example_dags/example_kubernetes_executor_config.py
[2022-07-10 09:07:30,973] {scheduler_job.py:629} INFO - Processing file /home/airflow/.local/lib/python3.6/site-packages/airflow/example_dags/example_kubernetes_executor_config.py for tasks to queue
[2022-07-10 09:07:30,974] {logging_mixin.py:104} INFO - [2022-07-10 09:07:30,974] {dagbag.py:451} INFO - Filling up the DagBag from /home/airflow/.local/lib/python3.6/site-packages/airflow/example_dags/example_kubernetes_executor_config.py
[2022-07-10 09:07:30,983] {scheduler_job.py:639} INFO - DAG(s) dict_keys(['example_kubernetes_executor_config']) retrieved from /home/airflow/.local/lib/python3.6/site-packages/airflow/example_dags/example_kubernetes_executor_config.py
[2022-07-10 09:07:30,997] {logging_mixin.py:104} INFO - [2022-07-10 09:07:30,997] {dag.py:1824} INFO - Sync 1 DAGs
[2022-07-10 09:07:31,006] {logging_mixin.py:104} INFO - [2022-07-10 09:07:31,006] {dag.py:2280} INFO - Setting next_dagrun for example_kubernetes_executor_config to None
[2022-07-10 09:07:31,012] {scheduler_job.py:190} INFO - Processing /home/airflow/.local/lib/python3.6/site-packages/airflow/example_dags/example_kubernetes_executor_config.py took 0.042 seconds
[2022-07-10 09:08:01,747] {scheduler_job.py:182} INFO - Started process (PID=264) to work on /home/airflow/.local/lib/python3.6/site-packages/airflow/example_dags/example_kubernetes_executor_config.py
[2022-07-10 09:08:01,748] {scheduler_job.py:629} INFO - Processing file /home/airflow/.local/lib/python3.6/site-packages/airflow/example_dags/example_kubernetes_executor_config.py for tasks to queue
[2022-07-10 09:08:01,749] {logging_mixin.py:104} INFO - [2022-07-10 09:08:01,749] {dagbag.py:451} INFO - Filling up the DagBag from /home/airflow/.local/lib/python3.6/site-packages/airflow/example_dags/example_kubernetes_executor_config.py
[2022-07-10 09:08:01,756] {scheduler_job.py:639} INFO - DAG(s) dict_keys(['example_kubernetes_executor_config']) retrieved from /home/airflow/.local/lib/python3.6/site-packages/airflow/example_dags/example_kubernetes_executor_config.py
[2022-07-10 09:08:01,771] {logging_mixin.py:104} INFO - [2022-07-10 09:08:01,770] {dag.py:1824} INFO - Sync 1 DAGs
[2022-07-10 09:08:01,779] {logging_mixin.py:104} INFO - [2022-07-10 09:08:01,779] {dag.py:2280} INFO - Setting next_dagrun for example_kubernetes_executor_config to None
[2022-07-10 09:08:01,785] {scheduler_job.py:190} INFO - Processing /home/airflow/.local/lib/python3.6/site-packages/airflow/example_dags/example_kubernetes_executor_config.py took 0.040 seconds
[2022-07-10 09:08:32,560] {scheduler_job.py:182} INFO - Started process (PID=290) to work on /home/airflow/.local/lib/python3.6/site-packages/airflow/example_dags/example_kubernetes_executor_config.py
[2022-07-10 09:08:32,560] {scheduler_job.py:629} INFO - Processing file /home/airflow/.local/lib/python3.6/site-packages/airflow/example_dags/example_kubernetes_executor_config.py for tasks to queue
[2022-07-10 09:08:32,561] {logging_mixin.py:104} INFO - [2022-07-10 09:08:32,561] {dagbag.py:451} INFO - Filling up the DagBag from /home/airflow/.local/lib/python3.6/site-packages/airflow/example_dags/example_kubernetes_executor_config.py
[2022-07-10 09:08:32,571] {scheduler_job.py:639} INFO - DAG(s) dict_keys(['example_kubernetes_executor_config']) retrieved from /home/airflow/.local/lib/python3.6/site-packages/airflow/example_dags/example_kubernetes_executor_config.py
[2022-07-10 09:08:32,583] {logging_mixin.py:104} INFO - [2022-07-10 09:08:32,583] {dag.py:1824} INFO - Sync 1 DAGs
[2022-07-10 09:08:32,592] {logging_mixin.py:104} INFO - [2022-07-10 09:08:32,592] {dag.py:2280} INFO - Setting next_dagrun for example_kubernetes_executor_config to None
[2022-07-10 09:08:32,599] {scheduler_job.py:190} INFO - Processing /home/airflow/.local/lib/python3.6/site-packages/airflow/example_dags/example_kubernetes_executor_config.py took 0.041 seconds
[2022-07-10 09:09:03,687] {scheduler_job.py:182} INFO - Started process (PID=316) to work on /home/airflow/.local/lib/python3.6/site-packages/airflow/example_dags/example_kubernetes_executor_config.py
[2022-07-10 09:09:03,688] {scheduler_job.py:629} INFO - Processing file /home/airflow/.local/lib/python3.6/site-packages/airflow/example_dags/example_kubernetes_executor_config.py for tasks to queue
[2022-07-10 09:09:03,688] {logging_mixin.py:104} INFO - [2022-07-10 09:09:03,688] {dagbag.py:451} INFO - Filling up the DagBag from /home/airflow/.local/lib/python3.6/site-packages/airflow/example_dags/example_kubernetes_executor_config.py
[2022-07-10 09:09:03,698] {scheduler_job.py:639} INFO - DAG(s) dict_keys(['example_kubernetes_executor_config']) retrieved from /home/airflow/.local/lib/python3.6/site-packages/airflow/example_dags/example_kubernetes_executor_config.py
[2022-07-10 09:09:03,711] {logging_mixin.py:104} INFO - [2022-07-10 09:09:03,711] {dag.py:1824} INFO - Sync 1 DAGs
[2022-07-10 09:09:03,721] {logging_mixin.py:104} INFO - [2022-07-10 09:09:03,721] {dag.py:2280} INFO - Setting next_dagrun for example_kubernetes_executor_config to None
[2022-07-10 09:09:03,727] {scheduler_job.py:190} INFO - Processing /home/airflow/.local/lib/python3.6/site-packages/airflow/example_dags/example_kubernetes_executor_config.py took 0.042 seconds
[2022-07-10 09:09:34,663] {scheduler_job.py:182} INFO - Started process (PID=342) to work on /home/airflow/.local/lib/python3.6/site-packages/airflow/example_dags/example_kubernetes_executor_config.py
[2022-07-10 09:09:34,664] {scheduler_job.py:629} INFO - Processing file /home/airflow/.local/lib/python3.6/site-packages/airflow/example_dags/example_kubernetes_executor_config.py for tasks to queue
[2022-07-10 09:09:34,665] {logging_mixin.py:104} INFO - [2022-07-10 09:09:34,664] {dagbag.py:451} INFO - Filling up the DagBag from /home/airflow/.local/lib/python3.6/site-packages/airflow/example_dags/example_kubernetes_executor_config.py
[2022-07-10 09:09:34,675] {scheduler_job.py:639} INFO - DAG(s) dict_keys(['example_kubernetes_executor_config']) retrieved from /home/airflow/.local/lib/python3.6/site-packages/airflow/example_dags/example_kubernetes_executor_config.py
[2022-07-10 09:09:34,689] {logging_mixin.py:104} INFO - [2022-07-10 09:09:34,689] {dag.py:1824} INFO - Sync 1 DAGs
[2022-07-10 09:09:34,698] {logging_mixin.py:104} INFO - [2022-07-10 09:09:34,698] {dag.py:2280} INFO - Setting next_dagrun for example_kubernetes_executor_config to None
[2022-07-10 09:09:34,706] {scheduler_job.py:190} INFO - Processing /home/airflow/.local/lib/python3.6/site-packages/airflow/example_dags/example_kubernetes_executor_config.py took 0.044 seconds
[2022-07-10 09:10:05,421] {scheduler_job.py:182} INFO - Started process (PID=368) to work on /home/airflow/.local/lib/python3.6/site-packages/airflow/example_dags/example_kubernetes_executor_config.py
[2022-07-10 09:10:05,422] {scheduler_job.py:629} INFO - Processing file /home/airflow/.local/lib/python3.6/site-packages/airflow/example_dags/example_kubernetes_executor_config.py for tasks to queue
[2022-07-10 09:10:05,423] {logging_mixin.py:104} INFO - [2022-07-10 09:10:05,423] {dagbag.py:451} INFO - Filling up the DagBag from /home/airflow/.local/lib/python3.6/site-packages/airflow/example_dags/example_kubernetes_executor_config.py
[2022-07-10 09:10:05,432] {scheduler_job.py:639} INFO - DAG(s) dict_keys(['example_kubernetes_executor_config']) retrieved from /home/airflow/.local/lib/python3.6/site-packages/airflow/example_dags/example_kubernetes_executor_config.py
[2022-07-10 09:10:05,444] {logging_mixin.py:104} INFO - [2022-07-10 09:10:05,444] {dag.py:1824} INFO - Sync 1 DAGs
[2022-07-10 09:10:05,453] {logging_mixin.py:104} INFO - [2022-07-10 09:10:05,452] {dag.py:2280} INFO - Setting next_dagrun for example_kubernetes_executor_config to None
[2022-07-10 09:10:05,458] {scheduler_job.py:190} INFO - Processing /home/airflow/.local/lib/python3.6/site-packages/airflow/example_dags/example_kubernetes_executor_config.py took 0.038 seconds
[2022-07-10 09:10:36,319] {scheduler_job.py:182} INFO - Started process (PID=394) to work on /home/airflow/.local/lib/python3.6/site-packages/airflow/example_dags/example_kubernetes_executor_config.py
[2022-07-10 09:10:36,320] {scheduler_job.py:629} INFO - Processing file /home/airflow/.local/lib/python3.6/site-packages/airflow/example_dags/example_kubernetes_executor_config.py for tasks to queue
[2022-07-10 09:10:36,321] {logging_mixin.py:104} INFO - [2022-07-10 09:10:36,321] {dagbag.py:451} INFO - Filling up the DagBag from /home/airflow/.local/lib/python3.6/site-packages/airflow/example_dags/example_kubernetes_executor_config.py
[2022-07-10 09:10:36,330] {scheduler_job.py:639} INFO - DAG(s) dict_keys(['example_kubernetes_executor_config']) retrieved from /home/airflow/.local/lib/python3.6/site-packages/airflow/example_dags/example_kubernetes_executor_config.py
[2022-07-10 09:10:36,342] {logging_mixin.py:104} INFO - [2022-07-10 09:10:36,341] {dag.py:1824} INFO - Sync 1 DAGs
[2022-07-10 09:10:36,350] {logging_mixin.py:104} INFO - [2022-07-10 09:10:36,350] {dag.py:2280} INFO - Setting next_dagrun for example_kubernetes_executor_config to None
[2022-07-10 09:10:36,356] {scheduler_job.py:190} INFO - Processing /home/airflow/.local/lib/python3.6/site-packages/airflow/example_dags/example_kubernetes_executor_config.py took 0.038 seconds
[2022-07-10 09:11:07,088] {scheduler_job.py:182} INFO - Started process (PID=420) to work on /home/airflow/.local/lib/python3.6/site-packages/airflow/example_dags/example_kubernetes_executor_config.py
[2022-07-10 09:11:07,091] {scheduler_job.py:629} INFO - Processing file /home/airflow/.local/lib/python3.6/site-packages/airflow/example_dags/example_kubernetes_executor_config.py for tasks to queue
[2022-07-10 09:11:07,091] {logging_mixin.py:104} INFO - [2022-07-10 09:11:07,091] {dagbag.py:451} INFO - Filling up the DagBag from /home/airflow/.local/lib/python3.6/site-packages/airflow/example_dags/example_kubernetes_executor_config.py
[2022-07-10 09:11:07,098] {scheduler_job.py:639} INFO - DAG(s) dict_keys(['example_kubernetes_executor_config']) retrieved from /home/airflow/.local/lib/python3.6/site-packages/airflow/example_dags/example_kubernetes_executor_config.py
[2022-07-10 09:11:07,111] {logging_mixin.py:104} INFO - [2022-07-10 09:11:07,110] {dag.py:1824} INFO - Sync 1 DAGs
[2022-07-10 09:11:07,121] {logging_mixin.py:104} INFO - [2022-07-10 09:11:07,121] {dag.py:2280} INFO - Setting next_dagrun for example_kubernetes_executor_config to None
[2022-07-10 09:11:07,128] {scheduler_job.py:190} INFO - Processing /home/airflow/.local/lib/python3.6/site-packages/airflow/example_dags/example_kubernetes_executor_config.py took 0.042 seconds
[2022-07-10 09:11:37,914] {scheduler_job.py:182} INFO - Started process (PID=446) to work on /home/airflow/.local/lib/python3.6/site-packages/airflow/example_dags/example_kubernetes_executor_config.py
[2022-07-10 09:11:37,915] {scheduler_job.py:629} INFO - Processing file /home/airflow/.local/lib/python3.6/site-packages/airflow/example_dags/example_kubernetes_executor_config.py for tasks to queue
[2022-07-10 09:11:37,916] {logging_mixin.py:104} INFO - [2022-07-10 09:11:37,915] {dagbag.py:451} INFO - Filling up the DagBag from /home/airflow/.local/lib/python3.6/site-packages/airflow/example_dags/example_kubernetes_executor_config.py
[2022-07-10 09:11:37,923] {scheduler_job.py:639} INFO - DAG(s) dict_keys(['example_kubernetes_executor_config']) retrieved from /home/airflow/.local/lib/python3.6/site-packages/airflow/example_dags/example_kubernetes_executor_config.py
[2022-07-10 09:11:37,935] {logging_mixin.py:104} INFO - [2022-07-10 09:11:37,934] {dag.py:1824} INFO - Sync 1 DAGs
[2022-07-10 09:11:37,944] {logging_mixin.py:104} INFO - [2022-07-10 09:11:37,944] {dag.py:2280} INFO - Setting next_dagrun for example_kubernetes_executor_config to None
[2022-07-10 09:11:37,952] {scheduler_job.py:190} INFO - Processing /home/airflow/.local/lib/python3.6/site-packages/airflow/example_dags/example_kubernetes_executor_config.py took 0.039 seconds
[2022-07-10 09:12:08,688] {scheduler_job.py:182} INFO - Started process (PID=472) to work on /home/airflow/.local/lib/python3.6/site-packages/airflow/example_dags/example_kubernetes_executor_config.py
[2022-07-10 09:12:08,689] {scheduler_job.py:629} INFO - Processing file /home/airflow/.local/lib/python3.6/site-packages/airflow/example_dags/example_kubernetes_executor_config.py for tasks to queue
[2022-07-10 09:12:08,690] {logging_mixin.py:104} INFO - [2022-07-10 09:12:08,689] {dagbag.py:451} INFO - Filling up the DagBag from /home/airflow/.local/lib/python3.6/site-packages/airflow/example_dags/example_kubernetes_executor_config.py
[2022-07-10 09:12:08,697] {scheduler_job.py:639} INFO - DAG(s) dict_keys(['example_kubernetes_executor_config']) retrieved from /home/airflow/.local/lib/python3.6/site-packages/airflow/example_dags/example_kubernetes_executor_config.py
[2022-07-10 09:12:08,712] {logging_mixin.py:104} INFO - [2022-07-10 09:12:08,712] {dag.py:1824} INFO - Sync 1 DAGs
[2022-07-10 09:12:08,722] {logging_mixin.py:104} INFO - [2022-07-10 09:12:08,722] {dag.py:2280} INFO - Setting next_dagrun for example_kubernetes_executor_config to None
[2022-07-10 09:12:08,727] {scheduler_job.py:190} INFO - Processing /home/airflow/.local/lib/python3.6/site-packages/airflow/example_dags/example_kubernetes_executor_config.py took 0.041 seconds
