[2022-07-10 08:32:41,598] {scheduler_job.py:182} INFO - Started process (PID=49) to work on /home/airflow/.local/lib/python3.6/site-packages/airflow/example_dags/example_nested_branch_dag.py
[2022-07-10 08:32:41,599] {scheduler_job.py:629} INFO - Processing file /home/airflow/.local/lib/python3.6/site-packages/airflow/example_dags/example_nested_branch_dag.py for tasks to queue
[2022-07-10 08:32:41,599] {logging_mixin.py:104} INFO - [2022-07-10 08:32:41,599] {dagbag.py:451} INFO - Filling up the DagBag from /home/airflow/.local/lib/python3.6/site-packages/airflow/example_dags/example_nested_branch_dag.py
[2022-07-10 08:32:41,610] {scheduler_job.py:639} INFO - DAG(s) dict_keys(['example_nested_branch_dag']) retrieved from /home/airflow/.local/lib/python3.6/site-packages/airflow/example_dags/example_nested_branch_dag.py
[2022-07-10 08:32:41,626] {logging_mixin.py:104} INFO - [2022-07-10 08:32:41,626] {dag.py:1824} INFO - Sync 1 DAGs
[2022-07-10 08:32:41,638] {logging_mixin.py:104} INFO - [2022-07-10 08:32:41,638] {dag.py:1843} INFO - Creating ORM DAG for example_nested_branch_dag
[2022-07-10 08:32:41,646] {logging_mixin.py:104} INFO - [2022-07-10 08:32:41,646] {dag.py:2280} INFO - Setting next_dagrun for example_nested_branch_dag to 2022-07-08 00:00:00+00:00
[2022-07-10 08:32:41,657] {scheduler_job.py:190} INFO - Processing /home/airflow/.local/lib/python3.6/site-packages/airflow/example_dags/example_nested_branch_dag.py took 0.062 seconds
[2022-07-10 08:33:12,577] {scheduler_job.py:182} INFO - Started process (PID=75) to work on /home/airflow/.local/lib/python3.6/site-packages/airflow/example_dags/example_nested_branch_dag.py
[2022-07-10 08:33:12,578] {scheduler_job.py:629} INFO - Processing file /home/airflow/.local/lib/python3.6/site-packages/airflow/example_dags/example_nested_branch_dag.py for tasks to queue
[2022-07-10 08:33:12,579] {logging_mixin.py:104} INFO - [2022-07-10 08:33:12,579] {dagbag.py:451} INFO - Filling up the DagBag from /home/airflow/.local/lib/python3.6/site-packages/airflow/example_dags/example_nested_branch_dag.py
[2022-07-10 08:33:12,587] {scheduler_job.py:639} INFO - DAG(s) dict_keys(['example_nested_branch_dag']) retrieved from /home/airflow/.local/lib/python3.6/site-packages/airflow/example_dags/example_nested_branch_dag.py
[2022-07-10 08:33:12,600] {logging_mixin.py:104} INFO - [2022-07-10 08:33:12,600] {dag.py:1824} INFO - Sync 1 DAGs
[2022-07-10 08:33:12,615] {logging_mixin.py:104} INFO - [2022-07-10 08:33:12,615] {dag.py:2280} INFO - Setting next_dagrun for example_nested_branch_dag to 2022-07-08 00:00:00+00:00
[2022-07-10 08:33:12,622] {scheduler_job.py:190} INFO - Processing /home/airflow/.local/lib/python3.6/site-packages/airflow/example_dags/example_nested_branch_dag.py took 0.047 seconds
[2022-07-10 08:33:43,445] {scheduler_job.py:182} INFO - Started process (PID=101) to work on /home/airflow/.local/lib/python3.6/site-packages/airflow/example_dags/example_nested_branch_dag.py
[2022-07-10 08:33:43,445] {scheduler_job.py:629} INFO - Processing file /home/airflow/.local/lib/python3.6/site-packages/airflow/example_dags/example_nested_branch_dag.py for tasks to queue
[2022-07-10 08:33:43,446] {logging_mixin.py:104} INFO - [2022-07-10 08:33:43,446] {dagbag.py:451} INFO - Filling up the DagBag from /home/airflow/.local/lib/python3.6/site-packages/airflow/example_dags/example_nested_branch_dag.py
[2022-07-10 08:33:43,454] {scheduler_job.py:639} INFO - DAG(s) dict_keys(['example_nested_branch_dag']) retrieved from /home/airflow/.local/lib/python3.6/site-packages/airflow/example_dags/example_nested_branch_dag.py
[2022-07-10 08:33:43,467] {logging_mixin.py:104} INFO - [2022-07-10 08:33:43,467] {dag.py:1824} INFO - Sync 1 DAGs
[2022-07-10 08:33:43,481] {logging_mixin.py:104} INFO - [2022-07-10 08:33:43,481] {dag.py:2280} INFO - Setting next_dagrun for example_nested_branch_dag to 2022-07-08 00:00:00+00:00
[2022-07-10 08:33:43,487] {scheduler_job.py:190} INFO - Processing /home/airflow/.local/lib/python3.6/site-packages/airflow/example_dags/example_nested_branch_dag.py took 0.044 seconds
[2022-07-10 08:34:14,287] {scheduler_job.py:182} INFO - Started process (PID=127) to work on /home/airflow/.local/lib/python3.6/site-packages/airflow/example_dags/example_nested_branch_dag.py
[2022-07-10 08:34:14,288] {scheduler_job.py:629} INFO - Processing file /home/airflow/.local/lib/python3.6/site-packages/airflow/example_dags/example_nested_branch_dag.py for tasks to queue
[2022-07-10 08:34:14,288] {logging_mixin.py:104} INFO - [2022-07-10 08:34:14,288] {dagbag.py:451} INFO - Filling up the DagBag from /home/airflow/.local/lib/python3.6/site-packages/airflow/example_dags/example_nested_branch_dag.py
[2022-07-10 08:34:14,297] {scheduler_job.py:639} INFO - DAG(s) dict_keys(['example_nested_branch_dag']) retrieved from /home/airflow/.local/lib/python3.6/site-packages/airflow/example_dags/example_nested_branch_dag.py
[2022-07-10 08:34:14,312] {logging_mixin.py:104} INFO - [2022-07-10 08:34:14,312] {dag.py:1824} INFO - Sync 1 DAGs
[2022-07-10 08:34:14,325] {logging_mixin.py:104} INFO - [2022-07-10 08:34:14,325] {dag.py:2280} INFO - Setting next_dagrun for example_nested_branch_dag to 2022-07-08 00:00:00+00:00
[2022-07-10 08:34:14,331] {scheduler_job.py:190} INFO - Processing /home/airflow/.local/lib/python3.6/site-packages/airflow/example_dags/example_nested_branch_dag.py took 0.045 seconds
[2022-07-10 08:34:45,109] {scheduler_job.py:182} INFO - Started process (PID=153) to work on /home/airflow/.local/lib/python3.6/site-packages/airflow/example_dags/example_nested_branch_dag.py
[2022-07-10 08:34:45,110] {scheduler_job.py:629} INFO - Processing file /home/airflow/.local/lib/python3.6/site-packages/airflow/example_dags/example_nested_branch_dag.py for tasks to queue
[2022-07-10 08:34:45,111] {logging_mixin.py:104} INFO - [2022-07-10 08:34:45,110] {dagbag.py:451} INFO - Filling up the DagBag from /home/airflow/.local/lib/python3.6/site-packages/airflow/example_dags/example_nested_branch_dag.py
[2022-07-10 08:34:45,119] {scheduler_job.py:639} INFO - DAG(s) dict_keys(['example_nested_branch_dag']) retrieved from /home/airflow/.local/lib/python3.6/site-packages/airflow/example_dags/example_nested_branch_dag.py
[2022-07-10 08:34:45,132] {logging_mixin.py:104} INFO - [2022-07-10 08:34:45,132] {dag.py:1824} INFO - Sync 1 DAGs
[2022-07-10 08:34:45,144] {logging_mixin.py:104} INFO - [2022-07-10 08:34:45,144] {dag.py:2280} INFO - Setting next_dagrun for example_nested_branch_dag to 2022-07-08 00:00:00+00:00
[2022-07-10 08:34:45,151] {scheduler_job.py:190} INFO - Processing /home/airflow/.local/lib/python3.6/site-packages/airflow/example_dags/example_nested_branch_dag.py took 0.043 seconds
[2022-07-10 08:35:15,901] {scheduler_job.py:182} INFO - Started process (PID=179) to work on /home/airflow/.local/lib/python3.6/site-packages/airflow/example_dags/example_nested_branch_dag.py
[2022-07-10 08:35:15,902] {scheduler_job.py:629} INFO - Processing file /home/airflow/.local/lib/python3.6/site-packages/airflow/example_dags/example_nested_branch_dag.py for tasks to queue
[2022-07-10 08:35:15,903] {logging_mixin.py:104} INFO - [2022-07-10 08:35:15,903] {dagbag.py:451} INFO - Filling up the DagBag from /home/airflow/.local/lib/python3.6/site-packages/airflow/example_dags/example_nested_branch_dag.py
[2022-07-10 08:35:15,911] {scheduler_job.py:639} INFO - DAG(s) dict_keys(['example_nested_branch_dag']) retrieved from /home/airflow/.local/lib/python3.6/site-packages/airflow/example_dags/example_nested_branch_dag.py
[2022-07-10 08:35:15,926] {logging_mixin.py:104} INFO - [2022-07-10 08:35:15,926] {dag.py:1824} INFO - Sync 1 DAGs
[2022-07-10 08:35:15,939] {logging_mixin.py:104} INFO - [2022-07-10 08:35:15,938] {dag.py:2280} INFO - Setting next_dagrun for example_nested_branch_dag to 2022-07-08 00:00:00+00:00
[2022-07-10 08:35:15,945] {scheduler_job.py:190} INFO - Processing /home/airflow/.local/lib/python3.6/site-packages/airflow/example_dags/example_nested_branch_dag.py took 0.046 seconds
[2022-07-10 08:35:46,650] {scheduler_job.py:182} INFO - Started process (PID=205) to work on /home/airflow/.local/lib/python3.6/site-packages/airflow/example_dags/example_nested_branch_dag.py
[2022-07-10 08:35:46,651] {scheduler_job.py:629} INFO - Processing file /home/airflow/.local/lib/python3.6/site-packages/airflow/example_dags/example_nested_branch_dag.py for tasks to queue
[2022-07-10 08:35:46,651] {logging_mixin.py:104} INFO - [2022-07-10 08:35:46,651] {dagbag.py:451} INFO - Filling up the DagBag from /home/airflow/.local/lib/python3.6/site-packages/airflow/example_dags/example_nested_branch_dag.py
[2022-07-10 08:35:46,660] {scheduler_job.py:639} INFO - DAG(s) dict_keys(['example_nested_branch_dag']) retrieved from /home/airflow/.local/lib/python3.6/site-packages/airflow/example_dags/example_nested_branch_dag.py
[2022-07-10 08:35:46,675] {logging_mixin.py:104} INFO - [2022-07-10 08:35:46,675] {dag.py:1824} INFO - Sync 1 DAGs
[2022-07-10 08:35:46,688] {logging_mixin.py:104} INFO - [2022-07-10 08:35:46,688] {dag.py:2280} INFO - Setting next_dagrun for example_nested_branch_dag to 2022-07-08 00:00:00+00:00
[2022-07-10 08:35:46,694] {scheduler_job.py:190} INFO - Processing /home/airflow/.local/lib/python3.6/site-packages/airflow/example_dags/example_nested_branch_dag.py took 0.046 seconds
[2022-07-10 08:36:17,478] {scheduler_job.py:182} INFO - Started process (PID=231) to work on /home/airflow/.local/lib/python3.6/site-packages/airflow/example_dags/example_nested_branch_dag.py
[2022-07-10 08:36:17,478] {scheduler_job.py:629} INFO - Processing file /home/airflow/.local/lib/python3.6/site-packages/airflow/example_dags/example_nested_branch_dag.py for tasks to queue
[2022-07-10 08:36:17,479] {logging_mixin.py:104} INFO - [2022-07-10 08:36:17,479] {dagbag.py:451} INFO - Filling up the DagBag from /home/airflow/.local/lib/python3.6/site-packages/airflow/example_dags/example_nested_branch_dag.py
[2022-07-10 08:36:17,487] {scheduler_job.py:639} INFO - DAG(s) dict_keys(['example_nested_branch_dag']) retrieved from /home/airflow/.local/lib/python3.6/site-packages/airflow/example_dags/example_nested_branch_dag.py
[2022-07-10 08:36:17,500] {logging_mixin.py:104} INFO - [2022-07-10 08:36:17,500] {dag.py:1824} INFO - Sync 1 DAGs
[2022-07-10 08:36:17,513] {logging_mixin.py:104} INFO - [2022-07-10 08:36:17,512] {dag.py:2280} INFO - Setting next_dagrun for example_nested_branch_dag to 2022-07-08 00:00:00+00:00
[2022-07-10 08:36:17,519] {scheduler_job.py:190} INFO - Processing /home/airflow/.local/lib/python3.6/site-packages/airflow/example_dags/example_nested_branch_dag.py took 0.043 seconds
[2022-07-10 08:36:48,313] {scheduler_job.py:182} INFO - Started process (PID=257) to work on /home/airflow/.local/lib/python3.6/site-packages/airflow/example_dags/example_nested_branch_dag.py
[2022-07-10 08:36:48,313] {scheduler_job.py:629} INFO - Processing file /home/airflow/.local/lib/python3.6/site-packages/airflow/example_dags/example_nested_branch_dag.py for tasks to queue
[2022-07-10 08:36:48,314] {logging_mixin.py:104} INFO - [2022-07-10 08:36:48,314] {dagbag.py:451} INFO - Filling up the DagBag from /home/airflow/.local/lib/python3.6/site-packages/airflow/example_dags/example_nested_branch_dag.py
[2022-07-10 08:36:48,325] {scheduler_job.py:639} INFO - DAG(s) dict_keys(['example_nested_branch_dag']) retrieved from /home/airflow/.local/lib/python3.6/site-packages/airflow/example_dags/example_nested_branch_dag.py
[2022-07-10 08:36:48,337] {logging_mixin.py:104} INFO - [2022-07-10 08:36:48,337] {dag.py:1824} INFO - Sync 1 DAGs
[2022-07-10 08:36:48,350] {logging_mixin.py:104} INFO - [2022-07-10 08:36:48,350] {dag.py:2280} INFO - Setting next_dagrun for example_nested_branch_dag to 2022-07-08 00:00:00+00:00
[2022-07-10 08:36:48,356] {scheduler_job.py:190} INFO - Processing /home/airflow/.local/lib/python3.6/site-packages/airflow/example_dags/example_nested_branch_dag.py took 0.045 seconds
[2022-07-10 08:37:19,294] {scheduler_job.py:182} INFO - Started process (PID=283) to work on /home/airflow/.local/lib/python3.6/site-packages/airflow/example_dags/example_nested_branch_dag.py
[2022-07-10 08:37:19,295] {scheduler_job.py:629} INFO - Processing file /home/airflow/.local/lib/python3.6/site-packages/airflow/example_dags/example_nested_branch_dag.py for tasks to queue
[2022-07-10 08:37:19,295] {logging_mixin.py:104} INFO - [2022-07-10 08:37:19,295] {dagbag.py:451} INFO - Filling up the DagBag from /home/airflow/.local/lib/python3.6/site-packages/airflow/example_dags/example_nested_branch_dag.py
[2022-07-10 08:37:19,306] {scheduler_job.py:639} INFO - DAG(s) dict_keys(['example_nested_branch_dag']) retrieved from /home/airflow/.local/lib/python3.6/site-packages/airflow/example_dags/example_nested_branch_dag.py
[2022-07-10 08:37:19,320] {logging_mixin.py:104} INFO - [2022-07-10 08:37:19,319] {dag.py:1824} INFO - Sync 1 DAGs
[2022-07-10 08:37:19,332] {logging_mixin.py:104} INFO - [2022-07-10 08:37:19,332] {dag.py:2280} INFO - Setting next_dagrun for example_nested_branch_dag to 2022-07-08 00:00:00+00:00
[2022-07-10 08:37:19,339] {scheduler_job.py:190} INFO - Processing /home/airflow/.local/lib/python3.6/site-packages/airflow/example_dags/example_nested_branch_dag.py took 0.047 seconds
[2022-07-10 08:37:50,147] {scheduler_job.py:182} INFO - Started process (PID=309) to work on /home/airflow/.local/lib/python3.6/site-packages/airflow/example_dags/example_nested_branch_dag.py
[2022-07-10 08:37:50,148] {scheduler_job.py:629} INFO - Processing file /home/airflow/.local/lib/python3.6/site-packages/airflow/example_dags/example_nested_branch_dag.py for tasks to queue
[2022-07-10 08:37:50,148] {logging_mixin.py:104} INFO - [2022-07-10 08:37:50,148] {dagbag.py:451} INFO - Filling up the DagBag from /home/airflow/.local/lib/python3.6/site-packages/airflow/example_dags/example_nested_branch_dag.py
[2022-07-10 08:37:50,158] {scheduler_job.py:639} INFO - DAG(s) dict_keys(['example_nested_branch_dag']) retrieved from /home/airflow/.local/lib/python3.6/site-packages/airflow/example_dags/example_nested_branch_dag.py
[2022-07-10 08:37:50,171] {logging_mixin.py:104} INFO - [2022-07-10 08:37:50,171] {dag.py:1824} INFO - Sync 1 DAGs
[2022-07-10 08:37:50,183] {logging_mixin.py:104} INFO - [2022-07-10 08:37:50,183] {dag.py:2280} INFO - Setting next_dagrun for example_nested_branch_dag to 2022-07-08 00:00:00+00:00
[2022-07-10 08:37:50,188] {scheduler_job.py:190} INFO - Processing /home/airflow/.local/lib/python3.6/site-packages/airflow/example_dags/example_nested_branch_dag.py took 0.043 seconds
[2022-07-10 08:38:21,038] {scheduler_job.py:182} INFO - Started process (PID=335) to work on /home/airflow/.local/lib/python3.6/site-packages/airflow/example_dags/example_nested_branch_dag.py
[2022-07-10 08:38:21,038] {scheduler_job.py:629} INFO - Processing file /home/airflow/.local/lib/python3.6/site-packages/airflow/example_dags/example_nested_branch_dag.py for tasks to queue
[2022-07-10 08:38:21,039] {logging_mixin.py:104} INFO - [2022-07-10 08:38:21,039] {dagbag.py:451} INFO - Filling up the DagBag from /home/airflow/.local/lib/python3.6/site-packages/airflow/example_dags/example_nested_branch_dag.py
[2022-07-10 08:38:21,049] {scheduler_job.py:639} INFO - DAG(s) dict_keys(['example_nested_branch_dag']) retrieved from /home/airflow/.local/lib/python3.6/site-packages/airflow/example_dags/example_nested_branch_dag.py
[2022-07-10 08:38:21,062] {logging_mixin.py:104} INFO - [2022-07-10 08:38:21,062] {dag.py:1824} INFO - Sync 1 DAGs
[2022-07-10 08:38:21,076] {logging_mixin.py:104} INFO - [2022-07-10 08:38:21,076] {dag.py:2280} INFO - Setting next_dagrun for example_nested_branch_dag to 2022-07-08 00:00:00+00:00
[2022-07-10 08:38:21,082] {scheduler_job.py:190} INFO - Processing /home/airflow/.local/lib/python3.6/site-packages/airflow/example_dags/example_nested_branch_dag.py took 0.046 seconds
[2022-07-10 08:38:51,995] {scheduler_job.py:182} INFO - Started process (PID=361) to work on /home/airflow/.local/lib/python3.6/site-packages/airflow/example_dags/example_nested_branch_dag.py
[2022-07-10 08:38:51,996] {scheduler_job.py:629} INFO - Processing file /home/airflow/.local/lib/python3.6/site-packages/airflow/example_dags/example_nested_branch_dag.py for tasks to queue
[2022-07-10 08:38:51,996] {logging_mixin.py:104} INFO - [2022-07-10 08:38:51,996] {dagbag.py:451} INFO - Filling up the DagBag from /home/airflow/.local/lib/python3.6/site-packages/airflow/example_dags/example_nested_branch_dag.py
[2022-07-10 08:38:52,006] {scheduler_job.py:639} INFO - DAG(s) dict_keys(['example_nested_branch_dag']) retrieved from /home/airflow/.local/lib/python3.6/site-packages/airflow/example_dags/example_nested_branch_dag.py
[2022-07-10 08:38:52,018] {logging_mixin.py:104} INFO - [2022-07-10 08:38:52,018] {dag.py:1824} INFO - Sync 1 DAGs
[2022-07-10 08:38:52,030] {logging_mixin.py:104} INFO - [2022-07-10 08:38:52,030] {dag.py:2280} INFO - Setting next_dagrun for example_nested_branch_dag to 2022-07-08 00:00:00+00:00
[2022-07-10 08:38:52,037] {scheduler_job.py:190} INFO - Processing /home/airflow/.local/lib/python3.6/site-packages/airflow/example_dags/example_nested_branch_dag.py took 0.044 seconds
[2022-07-10 08:39:22,859] {scheduler_job.py:182} INFO - Started process (PID=387) to work on /home/airflow/.local/lib/python3.6/site-packages/airflow/example_dags/example_nested_branch_dag.py
[2022-07-10 08:39:22,860] {scheduler_job.py:629} INFO - Processing file /home/airflow/.local/lib/python3.6/site-packages/airflow/example_dags/example_nested_branch_dag.py for tasks to queue
[2022-07-10 08:39:22,861] {logging_mixin.py:104} INFO - [2022-07-10 08:39:22,861] {dagbag.py:451} INFO - Filling up the DagBag from /home/airflow/.local/lib/python3.6/site-packages/airflow/example_dags/example_nested_branch_dag.py
[2022-07-10 08:39:22,871] {scheduler_job.py:639} INFO - DAG(s) dict_keys(['example_nested_branch_dag']) retrieved from /home/airflow/.local/lib/python3.6/site-packages/airflow/example_dags/example_nested_branch_dag.py
[2022-07-10 08:39:22,882] {logging_mixin.py:104} INFO - [2022-07-10 08:39:22,882] {dag.py:1824} INFO - Sync 1 DAGs
[2022-07-10 08:39:22,895] {logging_mixin.py:104} INFO - [2022-07-10 08:39:22,895] {dag.py:2280} INFO - Setting next_dagrun for example_nested_branch_dag to 2022-07-08 00:00:00+00:00
[2022-07-10 08:39:22,901] {scheduler_job.py:190} INFO - Processing /home/airflow/.local/lib/python3.6/site-packages/airflow/example_dags/example_nested_branch_dag.py took 0.043 seconds
[2022-07-10 08:39:53,724] {scheduler_job.py:182} INFO - Started process (PID=413) to work on /home/airflow/.local/lib/python3.6/site-packages/airflow/example_dags/example_nested_branch_dag.py
[2022-07-10 08:39:53,727] {scheduler_job.py:629} INFO - Processing file /home/airflow/.local/lib/python3.6/site-packages/airflow/example_dags/example_nested_branch_dag.py for tasks to queue
[2022-07-10 08:39:53,728] {logging_mixin.py:104} INFO - [2022-07-10 08:39:53,728] {dagbag.py:451} INFO - Filling up the DagBag from /home/airflow/.local/lib/python3.6/site-packages/airflow/example_dags/example_nested_branch_dag.py
[2022-07-10 08:39:53,736] {scheduler_job.py:639} INFO - DAG(s) dict_keys(['example_nested_branch_dag']) retrieved from /home/airflow/.local/lib/python3.6/site-packages/airflow/example_dags/example_nested_branch_dag.py
[2022-07-10 08:39:53,747] {logging_mixin.py:104} INFO - [2022-07-10 08:39:53,747] {dag.py:1824} INFO - Sync 1 DAGs
[2022-07-10 08:39:53,759] {logging_mixin.py:104} INFO - [2022-07-10 08:39:53,759] {dag.py:2280} INFO - Setting next_dagrun for example_nested_branch_dag to 2022-07-08 00:00:00+00:00
[2022-07-10 08:39:53,766] {scheduler_job.py:190} INFO - Processing /home/airflow/.local/lib/python3.6/site-packages/airflow/example_dags/example_nested_branch_dag.py took 0.044 seconds
[2022-07-10 08:40:24,536] {scheduler_job.py:182} INFO - Started process (PID=439) to work on /home/airflow/.local/lib/python3.6/site-packages/airflow/example_dags/example_nested_branch_dag.py
[2022-07-10 08:40:24,537] {scheduler_job.py:629} INFO - Processing file /home/airflow/.local/lib/python3.6/site-packages/airflow/example_dags/example_nested_branch_dag.py for tasks to queue
[2022-07-10 08:40:24,538] {logging_mixin.py:104} INFO - [2022-07-10 08:40:24,537] {dagbag.py:451} INFO - Filling up the DagBag from /home/airflow/.local/lib/python3.6/site-packages/airflow/example_dags/example_nested_branch_dag.py
[2022-07-10 08:40:24,546] {scheduler_job.py:639} INFO - DAG(s) dict_keys(['example_nested_branch_dag']) retrieved from /home/airflow/.local/lib/python3.6/site-packages/airflow/example_dags/example_nested_branch_dag.py
[2022-07-10 08:40:24,557] {logging_mixin.py:104} INFO - [2022-07-10 08:40:24,557] {dag.py:1824} INFO - Sync 1 DAGs
[2022-07-10 08:40:24,570] {logging_mixin.py:104} INFO - [2022-07-10 08:40:24,570] {dag.py:2280} INFO - Setting next_dagrun for example_nested_branch_dag to 2022-07-08 00:00:00+00:00
[2022-07-10 08:40:24,576] {scheduler_job.py:190} INFO - Processing /home/airflow/.local/lib/python3.6/site-packages/airflow/example_dags/example_nested_branch_dag.py took 0.042 seconds
[2022-07-10 08:40:55,381] {scheduler_job.py:182} INFO - Started process (PID=465) to work on /home/airflow/.local/lib/python3.6/site-packages/airflow/example_dags/example_nested_branch_dag.py
[2022-07-10 08:40:55,382] {scheduler_job.py:629} INFO - Processing file /home/airflow/.local/lib/python3.6/site-packages/airflow/example_dags/example_nested_branch_dag.py for tasks to queue
[2022-07-10 08:40:55,382] {logging_mixin.py:104} INFO - [2022-07-10 08:40:55,382] {dagbag.py:451} INFO - Filling up the DagBag from /home/airflow/.local/lib/python3.6/site-packages/airflow/example_dags/example_nested_branch_dag.py
[2022-07-10 08:40:55,390] {scheduler_job.py:639} INFO - DAG(s) dict_keys(['example_nested_branch_dag']) retrieved from /home/airflow/.local/lib/python3.6/site-packages/airflow/example_dags/example_nested_branch_dag.py
[2022-07-10 08:40:55,402] {logging_mixin.py:104} INFO - [2022-07-10 08:40:55,402] {dag.py:1824} INFO - Sync 1 DAGs
[2022-07-10 08:40:55,415] {logging_mixin.py:104} INFO - [2022-07-10 08:40:55,414] {dag.py:2280} INFO - Setting next_dagrun for example_nested_branch_dag to 2022-07-08 00:00:00+00:00
[2022-07-10 08:40:55,421] {scheduler_job.py:190} INFO - Processing /home/airflow/.local/lib/python3.6/site-packages/airflow/example_dags/example_nested_branch_dag.py took 0.041 seconds
[2022-07-10 08:41:26,161] {scheduler_job.py:182} INFO - Started process (PID=491) to work on /home/airflow/.local/lib/python3.6/site-packages/airflow/example_dags/example_nested_branch_dag.py
[2022-07-10 08:41:26,162] {scheduler_job.py:629} INFO - Processing file /home/airflow/.local/lib/python3.6/site-packages/airflow/example_dags/example_nested_branch_dag.py for tasks to queue
[2022-07-10 08:41:26,163] {logging_mixin.py:104} INFO - [2022-07-10 08:41:26,163] {dagbag.py:451} INFO - Filling up the DagBag from /home/airflow/.local/lib/python3.6/site-packages/airflow/example_dags/example_nested_branch_dag.py
[2022-07-10 08:41:26,171] {scheduler_job.py:639} INFO - DAG(s) dict_keys(['example_nested_branch_dag']) retrieved from /home/airflow/.local/lib/python3.6/site-packages/airflow/example_dags/example_nested_branch_dag.py
[2022-07-10 08:41:26,185] {logging_mixin.py:104} INFO - [2022-07-10 08:41:26,185] {dag.py:1824} INFO - Sync 1 DAGs
[2022-07-10 08:41:26,198] {logging_mixin.py:104} INFO - [2022-07-10 08:41:26,198] {dag.py:2280} INFO - Setting next_dagrun for example_nested_branch_dag to 2022-07-08 00:00:00+00:00
[2022-07-10 08:41:26,204] {scheduler_job.py:190} INFO - Processing /home/airflow/.local/lib/python3.6/site-packages/airflow/example_dags/example_nested_branch_dag.py took 0.044 seconds
[2022-07-10 08:41:56,976] {scheduler_job.py:182} INFO - Started process (PID=517) to work on /home/airflow/.local/lib/python3.6/site-packages/airflow/example_dags/example_nested_branch_dag.py
[2022-07-10 08:41:56,977] {scheduler_job.py:629} INFO - Processing file /home/airflow/.local/lib/python3.6/site-packages/airflow/example_dags/example_nested_branch_dag.py for tasks to queue
[2022-07-10 08:41:56,978] {logging_mixin.py:104} INFO - [2022-07-10 08:41:56,978] {dagbag.py:451} INFO - Filling up the DagBag from /home/airflow/.local/lib/python3.6/site-packages/airflow/example_dags/example_nested_branch_dag.py
[2022-07-10 08:41:56,987] {scheduler_job.py:639} INFO - DAG(s) dict_keys(['example_nested_branch_dag']) retrieved from /home/airflow/.local/lib/python3.6/site-packages/airflow/example_dags/example_nested_branch_dag.py
[2022-07-10 08:41:56,999] {logging_mixin.py:104} INFO - [2022-07-10 08:41:56,999] {dag.py:1824} INFO - Sync 1 DAGs
[2022-07-10 08:41:57,012] {logging_mixin.py:104} INFO - [2022-07-10 08:41:57,011] {dag.py:2280} INFO - Setting next_dagrun for example_nested_branch_dag to 2022-07-08 00:00:00+00:00
[2022-07-10 08:41:57,018] {scheduler_job.py:190} INFO - Processing /home/airflow/.local/lib/python3.6/site-packages/airflow/example_dags/example_nested_branch_dag.py took 0.043 seconds
[2022-07-10 08:42:27,833] {scheduler_job.py:182} INFO - Started process (PID=543) to work on /home/airflow/.local/lib/python3.6/site-packages/airflow/example_dags/example_nested_branch_dag.py
[2022-07-10 08:42:27,833] {scheduler_job.py:629} INFO - Processing file /home/airflow/.local/lib/python3.6/site-packages/airflow/example_dags/example_nested_branch_dag.py for tasks to queue
[2022-07-10 08:42:27,834] {logging_mixin.py:104} INFO - [2022-07-10 08:42:27,834] {dagbag.py:451} INFO - Filling up the DagBag from /home/airflow/.local/lib/python3.6/site-packages/airflow/example_dags/example_nested_branch_dag.py
[2022-07-10 08:42:27,842] {scheduler_job.py:639} INFO - DAG(s) dict_keys(['example_nested_branch_dag']) retrieved from /home/airflow/.local/lib/python3.6/site-packages/airflow/example_dags/example_nested_branch_dag.py
[2022-07-10 08:42:27,855] {logging_mixin.py:104} INFO - [2022-07-10 08:42:27,855] {dag.py:1824} INFO - Sync 1 DAGs
[2022-07-10 08:42:27,868] {logging_mixin.py:104} INFO - [2022-07-10 08:42:27,867] {dag.py:2280} INFO - Setting next_dagrun for example_nested_branch_dag to 2022-07-08 00:00:00+00:00
[2022-07-10 08:42:27,874] {scheduler_job.py:190} INFO - Processing /home/airflow/.local/lib/python3.6/site-packages/airflow/example_dags/example_nested_branch_dag.py took 0.043 seconds
[2022-07-10 08:42:58,621] {scheduler_job.py:182} INFO - Started process (PID=569) to work on /home/airflow/.local/lib/python3.6/site-packages/airflow/example_dags/example_nested_branch_dag.py
[2022-07-10 08:42:58,622] {scheduler_job.py:629} INFO - Processing file /home/airflow/.local/lib/python3.6/site-packages/airflow/example_dags/example_nested_branch_dag.py for tasks to queue
[2022-07-10 08:42:58,622] {logging_mixin.py:104} INFO - [2022-07-10 08:42:58,622] {dagbag.py:451} INFO - Filling up the DagBag from /home/airflow/.local/lib/python3.6/site-packages/airflow/example_dags/example_nested_branch_dag.py
[2022-07-10 08:42:58,631] {scheduler_job.py:639} INFO - DAG(s) dict_keys(['example_nested_branch_dag']) retrieved from /home/airflow/.local/lib/python3.6/site-packages/airflow/example_dags/example_nested_branch_dag.py
[2022-07-10 08:42:58,644] {logging_mixin.py:104} INFO - [2022-07-10 08:42:58,644] {dag.py:1824} INFO - Sync 1 DAGs
[2022-07-10 08:42:58,658] {logging_mixin.py:104} INFO - [2022-07-10 08:42:58,657] {dag.py:2280} INFO - Setting next_dagrun for example_nested_branch_dag to 2022-07-08 00:00:00+00:00
[2022-07-10 08:42:58,664] {scheduler_job.py:190} INFO - Processing /home/airflow/.local/lib/python3.6/site-packages/airflow/example_dags/example_nested_branch_dag.py took 0.045 seconds
[2022-07-10 08:43:29,434] {scheduler_job.py:182} INFO - Started process (PID=595) to work on /home/airflow/.local/lib/python3.6/site-packages/airflow/example_dags/example_nested_branch_dag.py
[2022-07-10 08:43:29,435] {scheduler_job.py:629} INFO - Processing file /home/airflow/.local/lib/python3.6/site-packages/airflow/example_dags/example_nested_branch_dag.py for tasks to queue
[2022-07-10 08:43:29,435] {logging_mixin.py:104} INFO - [2022-07-10 08:43:29,435] {dagbag.py:451} INFO - Filling up the DagBag from /home/airflow/.local/lib/python3.6/site-packages/airflow/example_dags/example_nested_branch_dag.py
[2022-07-10 08:43:29,444] {scheduler_job.py:639} INFO - DAG(s) dict_keys(['example_nested_branch_dag']) retrieved from /home/airflow/.local/lib/python3.6/site-packages/airflow/example_dags/example_nested_branch_dag.py
[2022-07-10 08:43:29,455] {logging_mixin.py:104} INFO - [2022-07-10 08:43:29,455] {dag.py:1824} INFO - Sync 1 DAGs
[2022-07-10 08:43:29,467] {logging_mixin.py:104} INFO - [2022-07-10 08:43:29,467] {dag.py:2280} INFO - Setting next_dagrun for example_nested_branch_dag to 2022-07-08 00:00:00+00:00
[2022-07-10 08:43:29,474] {scheduler_job.py:190} INFO - Processing /home/airflow/.local/lib/python3.6/site-packages/airflow/example_dags/example_nested_branch_dag.py took 0.041 seconds
[2022-07-10 08:44:00,227] {scheduler_job.py:182} INFO - Started process (PID=621) to work on /home/airflow/.local/lib/python3.6/site-packages/airflow/example_dags/example_nested_branch_dag.py
[2022-07-10 08:44:00,228] {scheduler_job.py:629} INFO - Processing file /home/airflow/.local/lib/python3.6/site-packages/airflow/example_dags/example_nested_branch_dag.py for tasks to queue
[2022-07-10 08:44:00,228] {logging_mixin.py:104} INFO - [2022-07-10 08:44:00,228] {dagbag.py:451} INFO - Filling up the DagBag from /home/airflow/.local/lib/python3.6/site-packages/airflow/example_dags/example_nested_branch_dag.py
[2022-07-10 08:44:00,237] {scheduler_job.py:639} INFO - DAG(s) dict_keys(['example_nested_branch_dag']) retrieved from /home/airflow/.local/lib/python3.6/site-packages/airflow/example_dags/example_nested_branch_dag.py
[2022-07-10 08:44:00,251] {logging_mixin.py:104} INFO - [2022-07-10 08:44:00,251] {dag.py:1824} INFO - Sync 1 DAGs
[2022-07-10 08:44:00,263] {logging_mixin.py:104} INFO - [2022-07-10 08:44:00,263] {dag.py:2280} INFO - Setting next_dagrun for example_nested_branch_dag to 2022-07-08 00:00:00+00:00
[2022-07-10 08:44:00,269] {scheduler_job.py:190} INFO - Processing /home/airflow/.local/lib/python3.6/site-packages/airflow/example_dags/example_nested_branch_dag.py took 0.044 seconds
[2022-07-10 08:44:31,015] {scheduler_job.py:182} INFO - Started process (PID=647) to work on /home/airflow/.local/lib/python3.6/site-packages/airflow/example_dags/example_nested_branch_dag.py
[2022-07-10 08:44:31,016] {scheduler_job.py:629} INFO - Processing file /home/airflow/.local/lib/python3.6/site-packages/airflow/example_dags/example_nested_branch_dag.py for tasks to queue
[2022-07-10 08:44:31,017] {logging_mixin.py:104} INFO - [2022-07-10 08:44:31,017] {dagbag.py:451} INFO - Filling up the DagBag from /home/airflow/.local/lib/python3.6/site-packages/airflow/example_dags/example_nested_branch_dag.py
[2022-07-10 08:44:31,025] {scheduler_job.py:639} INFO - DAG(s) dict_keys(['example_nested_branch_dag']) retrieved from /home/airflow/.local/lib/python3.6/site-packages/airflow/example_dags/example_nested_branch_dag.py
[2022-07-10 08:44:31,038] {logging_mixin.py:104} INFO - [2022-07-10 08:44:31,038] {dag.py:1824} INFO - Sync 1 DAGs
[2022-07-10 08:44:31,050] {logging_mixin.py:104} INFO - [2022-07-10 08:44:31,050] {dag.py:2280} INFO - Setting next_dagrun for example_nested_branch_dag to 2022-07-08 00:00:00+00:00
[2022-07-10 08:44:31,056] {scheduler_job.py:190} INFO - Processing /home/airflow/.local/lib/python3.6/site-packages/airflow/example_dags/example_nested_branch_dag.py took 0.043 seconds
[2022-07-10 08:45:01,820] {scheduler_job.py:182} INFO - Started process (PID=673) to work on /home/airflow/.local/lib/python3.6/site-packages/airflow/example_dags/example_nested_branch_dag.py
[2022-07-10 08:45:01,821] {scheduler_job.py:629} INFO - Processing file /home/airflow/.local/lib/python3.6/site-packages/airflow/example_dags/example_nested_branch_dag.py for tasks to queue
[2022-07-10 08:45:01,822] {logging_mixin.py:104} INFO - [2022-07-10 08:45:01,822] {dagbag.py:451} INFO - Filling up the DagBag from /home/airflow/.local/lib/python3.6/site-packages/airflow/example_dags/example_nested_branch_dag.py
[2022-07-10 08:45:01,830] {scheduler_job.py:639} INFO - DAG(s) dict_keys(['example_nested_branch_dag']) retrieved from /home/airflow/.local/lib/python3.6/site-packages/airflow/example_dags/example_nested_branch_dag.py
[2022-07-10 08:45:01,841] {logging_mixin.py:104} INFO - [2022-07-10 08:45:01,840] {dag.py:1824} INFO - Sync 1 DAGs
[2022-07-10 08:45:01,854] {logging_mixin.py:104} INFO - [2022-07-10 08:45:01,854] {dag.py:2280} INFO - Setting next_dagrun for example_nested_branch_dag to 2022-07-08 00:00:00+00:00
[2022-07-10 08:45:01,861] {scheduler_job.py:190} INFO - Processing /home/airflow/.local/lib/python3.6/site-packages/airflow/example_dags/example_nested_branch_dag.py took 0.042 seconds
[2022-07-10 08:45:32,568] {scheduler_job.py:182} INFO - Started process (PID=699) to work on /home/airflow/.local/lib/python3.6/site-packages/airflow/example_dags/example_nested_branch_dag.py
[2022-07-10 08:45:32,569] {scheduler_job.py:629} INFO - Processing file /home/airflow/.local/lib/python3.6/site-packages/airflow/example_dags/example_nested_branch_dag.py for tasks to queue
[2022-07-10 08:45:32,569] {logging_mixin.py:104} INFO - [2022-07-10 08:45:32,569] {dagbag.py:451} INFO - Filling up the DagBag from /home/airflow/.local/lib/python3.6/site-packages/airflow/example_dags/example_nested_branch_dag.py
[2022-07-10 08:45:32,578] {scheduler_job.py:639} INFO - DAG(s) dict_keys(['example_nested_branch_dag']) retrieved from /home/airflow/.local/lib/python3.6/site-packages/airflow/example_dags/example_nested_branch_dag.py
[2022-07-10 08:45:32,591] {logging_mixin.py:104} INFO - [2022-07-10 08:45:32,591] {dag.py:1824} INFO - Sync 1 DAGs
[2022-07-10 08:45:32,604] {logging_mixin.py:104} INFO - [2022-07-10 08:45:32,604] {dag.py:2280} INFO - Setting next_dagrun for example_nested_branch_dag to 2022-07-08 00:00:00+00:00
[2022-07-10 08:45:32,610] {scheduler_job.py:190} INFO - Processing /home/airflow/.local/lib/python3.6/site-packages/airflow/example_dags/example_nested_branch_dag.py took 0.044 seconds
[2022-07-10 08:46:03,436] {scheduler_job.py:182} INFO - Started process (PID=725) to work on /home/airflow/.local/lib/python3.6/site-packages/airflow/example_dags/example_nested_branch_dag.py
[2022-07-10 08:46:03,437] {scheduler_job.py:629} INFO - Processing file /home/airflow/.local/lib/python3.6/site-packages/airflow/example_dags/example_nested_branch_dag.py for tasks to queue
[2022-07-10 08:46:03,437] {logging_mixin.py:104} INFO - [2022-07-10 08:46:03,437] {dagbag.py:451} INFO - Filling up the DagBag from /home/airflow/.local/lib/python3.6/site-packages/airflow/example_dags/example_nested_branch_dag.py
[2022-07-10 08:46:03,446] {scheduler_job.py:639} INFO - DAG(s) dict_keys(['example_nested_branch_dag']) retrieved from /home/airflow/.local/lib/python3.6/site-packages/airflow/example_dags/example_nested_branch_dag.py
[2022-07-10 08:46:03,457] {logging_mixin.py:104} INFO - [2022-07-10 08:46:03,457] {dag.py:1824} INFO - Sync 1 DAGs
[2022-07-10 08:46:03,471] {logging_mixin.py:104} INFO - [2022-07-10 08:46:03,471] {dag.py:2280} INFO - Setting next_dagrun for example_nested_branch_dag to 2022-07-08 00:00:00+00:00
[2022-07-10 08:46:03,477] {scheduler_job.py:190} INFO - Processing /home/airflow/.local/lib/python3.6/site-packages/airflow/example_dags/example_nested_branch_dag.py took 0.042 seconds
[2022-07-10 08:46:34,254] {scheduler_job.py:182} INFO - Started process (PID=751) to work on /home/airflow/.local/lib/python3.6/site-packages/airflow/example_dags/example_nested_branch_dag.py
[2022-07-10 08:46:34,255] {scheduler_job.py:629} INFO - Processing file /home/airflow/.local/lib/python3.6/site-packages/airflow/example_dags/example_nested_branch_dag.py for tasks to queue
[2022-07-10 08:46:34,255] {logging_mixin.py:104} INFO - [2022-07-10 08:46:34,255] {dagbag.py:451} INFO - Filling up the DagBag from /home/airflow/.local/lib/python3.6/site-packages/airflow/example_dags/example_nested_branch_dag.py
[2022-07-10 08:46:34,264] {scheduler_job.py:639} INFO - DAG(s) dict_keys(['example_nested_branch_dag']) retrieved from /home/airflow/.local/lib/python3.6/site-packages/airflow/example_dags/example_nested_branch_dag.py
[2022-07-10 08:46:34,276] {logging_mixin.py:104} INFO - [2022-07-10 08:46:34,276] {dag.py:1824} INFO - Sync 1 DAGs
[2022-07-10 08:46:34,288] {logging_mixin.py:104} INFO - [2022-07-10 08:46:34,288] {dag.py:2280} INFO - Setting next_dagrun for example_nested_branch_dag to 2022-07-08 00:00:00+00:00
[2022-07-10 08:46:34,294] {scheduler_job.py:190} INFO - Processing /home/airflow/.local/lib/python3.6/site-packages/airflow/example_dags/example_nested_branch_dag.py took 0.041 seconds
[2022-07-10 08:47:05,134] {scheduler_job.py:182} INFO - Started process (PID=777) to work on /home/airflow/.local/lib/python3.6/site-packages/airflow/example_dags/example_nested_branch_dag.py
[2022-07-10 08:47:05,135] {scheduler_job.py:629} INFO - Processing file /home/airflow/.local/lib/python3.6/site-packages/airflow/example_dags/example_nested_branch_dag.py for tasks to queue
[2022-07-10 08:47:05,136] {logging_mixin.py:104} INFO - [2022-07-10 08:47:05,136] {dagbag.py:451} INFO - Filling up the DagBag from /home/airflow/.local/lib/python3.6/site-packages/airflow/example_dags/example_nested_branch_dag.py
[2022-07-10 08:47:05,144] {scheduler_job.py:639} INFO - DAG(s) dict_keys(['example_nested_branch_dag']) retrieved from /home/airflow/.local/lib/python3.6/site-packages/airflow/example_dags/example_nested_branch_dag.py
[2022-07-10 08:47:05,157] {logging_mixin.py:104} INFO - [2022-07-10 08:47:05,157] {dag.py:1824} INFO - Sync 1 DAGs
[2022-07-10 08:47:05,170] {logging_mixin.py:104} INFO - [2022-07-10 08:47:05,170] {dag.py:2280} INFO - Setting next_dagrun for example_nested_branch_dag to 2022-07-08 00:00:00+00:00
[2022-07-10 08:47:05,177] {scheduler_job.py:190} INFO - Processing /home/airflow/.local/lib/python3.6/site-packages/airflow/example_dags/example_nested_branch_dag.py took 0.044 seconds
[2022-07-10 08:47:36,090] {scheduler_job.py:182} INFO - Started process (PID=803) to work on /home/airflow/.local/lib/python3.6/site-packages/airflow/example_dags/example_nested_branch_dag.py
[2022-07-10 08:47:36,091] {scheduler_job.py:629} INFO - Processing file /home/airflow/.local/lib/python3.6/site-packages/airflow/example_dags/example_nested_branch_dag.py for tasks to queue
[2022-07-10 08:47:36,091] {logging_mixin.py:104} INFO - [2022-07-10 08:47:36,091] {dagbag.py:451} INFO - Filling up the DagBag from /home/airflow/.local/lib/python3.6/site-packages/airflow/example_dags/example_nested_branch_dag.py
[2022-07-10 08:47:36,100] {scheduler_job.py:639} INFO - DAG(s) dict_keys(['example_nested_branch_dag']) retrieved from /home/airflow/.local/lib/python3.6/site-packages/airflow/example_dags/example_nested_branch_dag.py
[2022-07-10 08:47:36,113] {logging_mixin.py:104} INFO - [2022-07-10 08:47:36,113] {dag.py:1824} INFO - Sync 1 DAGs
[2022-07-10 08:47:36,126] {logging_mixin.py:104} INFO - [2022-07-10 08:47:36,126] {dag.py:2280} INFO - Setting next_dagrun for example_nested_branch_dag to 2022-07-08 00:00:00+00:00
[2022-07-10 08:47:36,132] {scheduler_job.py:190} INFO - Processing /home/airflow/.local/lib/python3.6/site-packages/airflow/example_dags/example_nested_branch_dag.py took 0.044 seconds
[2022-07-10 08:48:06,905] {scheduler_job.py:182} INFO - Started process (PID=829) to work on /home/airflow/.local/lib/python3.6/site-packages/airflow/example_dags/example_nested_branch_dag.py
[2022-07-10 08:48:06,906] {scheduler_job.py:629} INFO - Processing file /home/airflow/.local/lib/python3.6/site-packages/airflow/example_dags/example_nested_branch_dag.py for tasks to queue
[2022-07-10 08:48:06,907] {logging_mixin.py:104} INFO - [2022-07-10 08:48:06,906] {dagbag.py:451} INFO - Filling up the DagBag from /home/airflow/.local/lib/python3.6/site-packages/airflow/example_dags/example_nested_branch_dag.py
[2022-07-10 08:48:06,916] {scheduler_job.py:639} INFO - DAG(s) dict_keys(['example_nested_branch_dag']) retrieved from /home/airflow/.local/lib/python3.6/site-packages/airflow/example_dags/example_nested_branch_dag.py
[2022-07-10 08:48:06,929] {logging_mixin.py:104} INFO - [2022-07-10 08:48:06,929] {dag.py:1824} INFO - Sync 1 DAGs
[2022-07-10 08:48:06,942] {logging_mixin.py:104} INFO - [2022-07-10 08:48:06,942] {dag.py:2280} INFO - Setting next_dagrun for example_nested_branch_dag to 2022-07-08 00:00:00+00:00
[2022-07-10 08:48:06,948] {scheduler_job.py:190} INFO - Processing /home/airflow/.local/lib/python3.6/site-packages/airflow/example_dags/example_nested_branch_dag.py took 0.044 seconds
[2022-07-10 08:48:37,661] {scheduler_job.py:182} INFO - Started process (PID=855) to work on /home/airflow/.local/lib/python3.6/site-packages/airflow/example_dags/example_nested_branch_dag.py
[2022-07-10 08:48:37,661] {scheduler_job.py:629} INFO - Processing file /home/airflow/.local/lib/python3.6/site-packages/airflow/example_dags/example_nested_branch_dag.py for tasks to queue
[2022-07-10 08:48:37,662] {logging_mixin.py:104} INFO - [2022-07-10 08:48:37,662] {dagbag.py:451} INFO - Filling up the DagBag from /home/airflow/.local/lib/python3.6/site-packages/airflow/example_dags/example_nested_branch_dag.py
[2022-07-10 08:48:37,670] {scheduler_job.py:639} INFO - DAG(s) dict_keys(['example_nested_branch_dag']) retrieved from /home/airflow/.local/lib/python3.6/site-packages/airflow/example_dags/example_nested_branch_dag.py
[2022-07-10 08:48:37,682] {logging_mixin.py:104} INFO - [2022-07-10 08:48:37,682] {dag.py:1824} INFO - Sync 1 DAGs
[2022-07-10 08:48:37,695] {logging_mixin.py:104} INFO - [2022-07-10 08:48:37,694] {dag.py:2280} INFO - Setting next_dagrun for example_nested_branch_dag to 2022-07-08 00:00:00+00:00
[2022-07-10 08:48:37,701] {scheduler_job.py:190} INFO - Processing /home/airflow/.local/lib/python3.6/site-packages/airflow/example_dags/example_nested_branch_dag.py took 0.042 seconds
[2022-07-10 08:49:08,584] {scheduler_job.py:182} INFO - Started process (PID=881) to work on /home/airflow/.local/lib/python3.6/site-packages/airflow/example_dags/example_nested_branch_dag.py
[2022-07-10 08:49:08,585] {scheduler_job.py:629} INFO - Processing file /home/airflow/.local/lib/python3.6/site-packages/airflow/example_dags/example_nested_branch_dag.py for tasks to queue
[2022-07-10 08:49:08,586] {logging_mixin.py:104} INFO - [2022-07-10 08:49:08,586] {dagbag.py:451} INFO - Filling up the DagBag from /home/airflow/.local/lib/python3.6/site-packages/airflow/example_dags/example_nested_branch_dag.py
[2022-07-10 08:49:08,595] {scheduler_job.py:639} INFO - DAG(s) dict_keys(['example_nested_branch_dag']) retrieved from /home/airflow/.local/lib/python3.6/site-packages/airflow/example_dags/example_nested_branch_dag.py
[2022-07-10 08:49:08,606] {logging_mixin.py:104} INFO - [2022-07-10 08:49:08,606] {dag.py:1824} INFO - Sync 1 DAGs
[2022-07-10 08:49:08,619] {logging_mixin.py:104} INFO - [2022-07-10 08:49:08,619] {dag.py:2280} INFO - Setting next_dagrun for example_nested_branch_dag to 2022-07-08 00:00:00+00:00
[2022-07-10 08:49:08,625] {scheduler_job.py:190} INFO - Processing /home/airflow/.local/lib/python3.6/site-packages/airflow/example_dags/example_nested_branch_dag.py took 0.043 seconds
[2022-07-10 08:49:39,399] {scheduler_job.py:182} INFO - Started process (PID=907) to work on /home/airflow/.local/lib/python3.6/site-packages/airflow/example_dags/example_nested_branch_dag.py
[2022-07-10 08:49:39,400] {scheduler_job.py:629} INFO - Processing file /home/airflow/.local/lib/python3.6/site-packages/airflow/example_dags/example_nested_branch_dag.py for tasks to queue
[2022-07-10 08:49:39,401] {logging_mixin.py:104} INFO - [2022-07-10 08:49:39,400] {dagbag.py:451} INFO - Filling up the DagBag from /home/airflow/.local/lib/python3.6/site-packages/airflow/example_dags/example_nested_branch_dag.py
[2022-07-10 08:49:39,409] {scheduler_job.py:639} INFO - DAG(s) dict_keys(['example_nested_branch_dag']) retrieved from /home/airflow/.local/lib/python3.6/site-packages/airflow/example_dags/example_nested_branch_dag.py
[2022-07-10 08:49:39,421] {logging_mixin.py:104} INFO - [2022-07-10 08:49:39,421] {dag.py:1824} INFO - Sync 1 DAGs
[2022-07-10 08:49:39,434] {logging_mixin.py:104} INFO - [2022-07-10 08:49:39,434] {dag.py:2280} INFO - Setting next_dagrun for example_nested_branch_dag to 2022-07-08 00:00:00+00:00
[2022-07-10 08:49:39,440] {scheduler_job.py:190} INFO - Processing /home/airflow/.local/lib/python3.6/site-packages/airflow/example_dags/example_nested_branch_dag.py took 0.043 seconds
[2022-07-10 08:50:10,183] {scheduler_job.py:182} INFO - Started process (PID=933) to work on /home/airflow/.local/lib/python3.6/site-packages/airflow/example_dags/example_nested_branch_dag.py
[2022-07-10 08:50:10,183] {scheduler_job.py:629} INFO - Processing file /home/airflow/.local/lib/python3.6/site-packages/airflow/example_dags/example_nested_branch_dag.py for tasks to queue
[2022-07-10 08:50:10,184] {logging_mixin.py:104} INFO - [2022-07-10 08:50:10,184] {dagbag.py:451} INFO - Filling up the DagBag from /home/airflow/.local/lib/python3.6/site-packages/airflow/example_dags/example_nested_branch_dag.py
[2022-07-10 08:50:10,192] {scheduler_job.py:639} INFO - DAG(s) dict_keys(['example_nested_branch_dag']) retrieved from /home/airflow/.local/lib/python3.6/site-packages/airflow/example_dags/example_nested_branch_dag.py
[2022-07-10 08:50:10,204] {logging_mixin.py:104} INFO - [2022-07-10 08:50:10,204] {dag.py:1824} INFO - Sync 1 DAGs
[2022-07-10 08:50:10,218] {logging_mixin.py:104} INFO - [2022-07-10 08:50:10,217] {dag.py:2280} INFO - Setting next_dagrun for example_nested_branch_dag to 2022-07-08 00:00:00+00:00
[2022-07-10 08:50:10,224] {scheduler_job.py:190} INFO - Processing /home/airflow/.local/lib/python3.6/site-packages/airflow/example_dags/example_nested_branch_dag.py took 0.043 seconds
[2022-07-10 08:50:41,036] {scheduler_job.py:182} INFO - Started process (PID=959) to work on /home/airflow/.local/lib/python3.6/site-packages/airflow/example_dags/example_nested_branch_dag.py
[2022-07-10 08:50:41,036] {scheduler_job.py:629} INFO - Processing file /home/airflow/.local/lib/python3.6/site-packages/airflow/example_dags/example_nested_branch_dag.py for tasks to queue
[2022-07-10 08:50:41,037] {logging_mixin.py:104} INFO - [2022-07-10 08:50:41,037] {dagbag.py:451} INFO - Filling up the DagBag from /home/airflow/.local/lib/python3.6/site-packages/airflow/example_dags/example_nested_branch_dag.py
[2022-07-10 08:50:41,045] {scheduler_job.py:639} INFO - DAG(s) dict_keys(['example_nested_branch_dag']) retrieved from /home/airflow/.local/lib/python3.6/site-packages/airflow/example_dags/example_nested_branch_dag.py
[2022-07-10 08:50:41,057] {logging_mixin.py:104} INFO - [2022-07-10 08:50:41,057] {dag.py:1824} INFO - Sync 1 DAGs
[2022-07-10 08:50:41,070] {logging_mixin.py:104} INFO - [2022-07-10 08:50:41,070] {dag.py:2280} INFO - Setting next_dagrun for example_nested_branch_dag to 2022-07-08 00:00:00+00:00
[2022-07-10 08:50:41,076] {scheduler_job.py:190} INFO - Processing /home/airflow/.local/lib/python3.6/site-packages/airflow/example_dags/example_nested_branch_dag.py took 0.042 seconds
[2022-07-10 08:51:11,834] {scheduler_job.py:182} INFO - Started process (PID=985) to work on /home/airflow/.local/lib/python3.6/site-packages/airflow/example_dags/example_nested_branch_dag.py
[2022-07-10 08:51:11,835] {scheduler_job.py:629} INFO - Processing file /home/airflow/.local/lib/python3.6/site-packages/airflow/example_dags/example_nested_branch_dag.py for tasks to queue
[2022-07-10 08:51:11,835] {logging_mixin.py:104} INFO - [2022-07-10 08:51:11,835] {dagbag.py:451} INFO - Filling up the DagBag from /home/airflow/.local/lib/python3.6/site-packages/airflow/example_dags/example_nested_branch_dag.py
[2022-07-10 08:51:11,845] {scheduler_job.py:639} INFO - DAG(s) dict_keys(['example_nested_branch_dag']) retrieved from /home/airflow/.local/lib/python3.6/site-packages/airflow/example_dags/example_nested_branch_dag.py
[2022-07-10 08:51:11,857] {logging_mixin.py:104} INFO - [2022-07-10 08:51:11,857] {dag.py:1824} INFO - Sync 1 DAGs
[2022-07-10 08:51:11,869] {logging_mixin.py:104} INFO - [2022-07-10 08:51:11,869] {dag.py:2280} INFO - Setting next_dagrun for example_nested_branch_dag to 2022-07-08 00:00:00+00:00
[2022-07-10 08:51:11,876] {scheduler_job.py:190} INFO - Processing /home/airflow/.local/lib/python3.6/site-packages/airflow/example_dags/example_nested_branch_dag.py took 0.043 seconds
[2022-07-10 08:51:42,687] {scheduler_job.py:182} INFO - Started process (PID=1011) to work on /home/airflow/.local/lib/python3.6/site-packages/airflow/example_dags/example_nested_branch_dag.py
[2022-07-10 08:51:42,688] {scheduler_job.py:629} INFO - Processing file /home/airflow/.local/lib/python3.6/site-packages/airflow/example_dags/example_nested_branch_dag.py for tasks to queue
[2022-07-10 08:51:42,688] {logging_mixin.py:104} INFO - [2022-07-10 08:51:42,688] {dagbag.py:451} INFO - Filling up the DagBag from /home/airflow/.local/lib/python3.6/site-packages/airflow/example_dags/example_nested_branch_dag.py
[2022-07-10 08:51:42,697] {scheduler_job.py:639} INFO - DAG(s) dict_keys(['example_nested_branch_dag']) retrieved from /home/airflow/.local/lib/python3.6/site-packages/airflow/example_dags/example_nested_branch_dag.py
[2022-07-10 08:51:42,708] {logging_mixin.py:104} INFO - [2022-07-10 08:51:42,708] {dag.py:1824} INFO - Sync 1 DAGs
[2022-07-10 08:51:42,720] {logging_mixin.py:104} INFO - [2022-07-10 08:51:42,720] {dag.py:2280} INFO - Setting next_dagrun for example_nested_branch_dag to 2022-07-08 00:00:00+00:00
[2022-07-10 08:51:42,726] {scheduler_job.py:190} INFO - Processing /home/airflow/.local/lib/python3.6/site-packages/airflow/example_dags/example_nested_branch_dag.py took 0.041 seconds
[2022-07-10 08:52:13,466] {scheduler_job.py:182} INFO - Started process (PID=1037) to work on /home/airflow/.local/lib/python3.6/site-packages/airflow/example_dags/example_nested_branch_dag.py
[2022-07-10 08:52:13,467] {scheduler_job.py:629} INFO - Processing file /home/airflow/.local/lib/python3.6/site-packages/airflow/example_dags/example_nested_branch_dag.py for tasks to queue
[2022-07-10 08:52:13,468] {logging_mixin.py:104} INFO - [2022-07-10 08:52:13,468] {dagbag.py:451} INFO - Filling up the DagBag from /home/airflow/.local/lib/python3.6/site-packages/airflow/example_dags/example_nested_branch_dag.py
[2022-07-10 08:52:13,476] {scheduler_job.py:639} INFO - DAG(s) dict_keys(['example_nested_branch_dag']) retrieved from /home/airflow/.local/lib/python3.6/site-packages/airflow/example_dags/example_nested_branch_dag.py
[2022-07-10 08:52:13,487] {logging_mixin.py:104} INFO - [2022-07-10 08:52:13,487] {dag.py:1824} INFO - Sync 1 DAGs
[2022-07-10 08:52:13,500] {logging_mixin.py:104} INFO - [2022-07-10 08:52:13,500] {dag.py:2280} INFO - Setting next_dagrun for example_nested_branch_dag to 2022-07-08 00:00:00+00:00
[2022-07-10 08:52:13,506] {scheduler_job.py:190} INFO - Processing /home/airflow/.local/lib/python3.6/site-packages/airflow/example_dags/example_nested_branch_dag.py took 0.042 seconds
[2022-07-10 08:52:44,350] {scheduler_job.py:182} INFO - Started process (PID=1063) to work on /home/airflow/.local/lib/python3.6/site-packages/airflow/example_dags/example_nested_branch_dag.py
[2022-07-10 08:52:44,350] {scheduler_job.py:629} INFO - Processing file /home/airflow/.local/lib/python3.6/site-packages/airflow/example_dags/example_nested_branch_dag.py for tasks to queue
[2022-07-10 08:52:44,351] {logging_mixin.py:104} INFO - [2022-07-10 08:52:44,351] {dagbag.py:451} INFO - Filling up the DagBag from /home/airflow/.local/lib/python3.6/site-packages/airflow/example_dags/example_nested_branch_dag.py
[2022-07-10 08:52:44,359] {scheduler_job.py:639} INFO - DAG(s) dict_keys(['example_nested_branch_dag']) retrieved from /home/airflow/.local/lib/python3.6/site-packages/airflow/example_dags/example_nested_branch_dag.py
[2022-07-10 08:52:44,371] {logging_mixin.py:104} INFO - [2022-07-10 08:52:44,371] {dag.py:1824} INFO - Sync 1 DAGs
[2022-07-10 08:52:44,384] {logging_mixin.py:104} INFO - [2022-07-10 08:52:44,384] {dag.py:2280} INFO - Setting next_dagrun for example_nested_branch_dag to 2022-07-08 00:00:00+00:00
[2022-07-10 08:52:44,392] {scheduler_job.py:190} INFO - Processing /home/airflow/.local/lib/python3.6/site-packages/airflow/example_dags/example_nested_branch_dag.py took 0.043 seconds
[2022-07-10 08:53:15,214] {scheduler_job.py:182} INFO - Started process (PID=1089) to work on /home/airflow/.local/lib/python3.6/site-packages/airflow/example_dags/example_nested_branch_dag.py
[2022-07-10 08:53:15,215] {scheduler_job.py:629} INFO - Processing file /home/airflow/.local/lib/python3.6/site-packages/airflow/example_dags/example_nested_branch_dag.py for tasks to queue
[2022-07-10 08:53:15,216] {logging_mixin.py:104} INFO - [2022-07-10 08:53:15,216] {dagbag.py:451} INFO - Filling up the DagBag from /home/airflow/.local/lib/python3.6/site-packages/airflow/example_dags/example_nested_branch_dag.py
[2022-07-10 08:53:15,224] {scheduler_job.py:639} INFO - DAG(s) dict_keys(['example_nested_branch_dag']) retrieved from /home/airflow/.local/lib/python3.6/site-packages/airflow/example_dags/example_nested_branch_dag.py
[2022-07-10 08:53:15,235] {logging_mixin.py:104} INFO - [2022-07-10 08:53:15,235] {dag.py:1824} INFO - Sync 1 DAGs
[2022-07-10 08:53:15,248] {logging_mixin.py:104} INFO - [2022-07-10 08:53:15,248] {dag.py:2280} INFO - Setting next_dagrun for example_nested_branch_dag to 2022-07-08 00:00:00+00:00
[2022-07-10 08:53:15,254] {scheduler_job.py:190} INFO - Processing /home/airflow/.local/lib/python3.6/site-packages/airflow/example_dags/example_nested_branch_dag.py took 0.041 seconds
[2022-07-10 08:53:46,089] {scheduler_job.py:182} INFO - Started process (PID=1115) to work on /home/airflow/.local/lib/python3.6/site-packages/airflow/example_dags/example_nested_branch_dag.py
[2022-07-10 08:53:46,089] {scheduler_job.py:629} INFO - Processing file /home/airflow/.local/lib/python3.6/site-packages/airflow/example_dags/example_nested_branch_dag.py for tasks to queue
[2022-07-10 08:53:46,090] {logging_mixin.py:104} INFO - [2022-07-10 08:53:46,090] {dagbag.py:451} INFO - Filling up the DagBag from /home/airflow/.local/lib/python3.6/site-packages/airflow/example_dags/example_nested_branch_dag.py
[2022-07-10 08:53:46,098] {scheduler_job.py:639} INFO - DAG(s) dict_keys(['example_nested_branch_dag']) retrieved from /home/airflow/.local/lib/python3.6/site-packages/airflow/example_dags/example_nested_branch_dag.py
[2022-07-10 08:53:46,111] {logging_mixin.py:104} INFO - [2022-07-10 08:53:46,111] {dag.py:1824} INFO - Sync 1 DAGs
[2022-07-10 08:53:46,123] {logging_mixin.py:104} INFO - [2022-07-10 08:53:46,123] {dag.py:2280} INFO - Setting next_dagrun for example_nested_branch_dag to 2022-07-08 00:00:00+00:00
[2022-07-10 08:53:46,129] {scheduler_job.py:190} INFO - Processing /home/airflow/.local/lib/python3.6/site-packages/airflow/example_dags/example_nested_branch_dag.py took 0.042 seconds
[2022-07-10 08:54:16,974] {scheduler_job.py:182} INFO - Started process (PID=1141) to work on /home/airflow/.local/lib/python3.6/site-packages/airflow/example_dags/example_nested_branch_dag.py
[2022-07-10 08:54:16,975] {scheduler_job.py:629} INFO - Processing file /home/airflow/.local/lib/python3.6/site-packages/airflow/example_dags/example_nested_branch_dag.py for tasks to queue
[2022-07-10 08:54:16,975] {logging_mixin.py:104} INFO - [2022-07-10 08:54:16,975] {dagbag.py:451} INFO - Filling up the DagBag from /home/airflow/.local/lib/python3.6/site-packages/airflow/example_dags/example_nested_branch_dag.py
[2022-07-10 08:54:16,984] {scheduler_job.py:639} INFO - DAG(s) dict_keys(['example_nested_branch_dag']) retrieved from /home/airflow/.local/lib/python3.6/site-packages/airflow/example_dags/example_nested_branch_dag.py
[2022-07-10 08:54:16,997] {logging_mixin.py:104} INFO - [2022-07-10 08:54:16,997] {dag.py:1824} INFO - Sync 1 DAGs
[2022-07-10 08:54:17,010] {logging_mixin.py:104} INFO - [2022-07-10 08:54:17,010] {dag.py:2280} INFO - Setting next_dagrun for example_nested_branch_dag to 2022-07-08 00:00:00+00:00
[2022-07-10 08:54:17,016] {scheduler_job.py:190} INFO - Processing /home/airflow/.local/lib/python3.6/site-packages/airflow/example_dags/example_nested_branch_dag.py took 0.044 seconds
[2022-07-10 08:54:47,826] {scheduler_job.py:182} INFO - Started process (PID=1167) to work on /home/airflow/.local/lib/python3.6/site-packages/airflow/example_dags/example_nested_branch_dag.py
[2022-07-10 08:54:47,827] {scheduler_job.py:629} INFO - Processing file /home/airflow/.local/lib/python3.6/site-packages/airflow/example_dags/example_nested_branch_dag.py for tasks to queue
[2022-07-10 08:54:47,828] {logging_mixin.py:104} INFO - [2022-07-10 08:54:47,828] {dagbag.py:451} INFO - Filling up the DagBag from /home/airflow/.local/lib/python3.6/site-packages/airflow/example_dags/example_nested_branch_dag.py
[2022-07-10 08:54:47,836] {scheduler_job.py:639} INFO - DAG(s) dict_keys(['example_nested_branch_dag']) retrieved from /home/airflow/.local/lib/python3.6/site-packages/airflow/example_dags/example_nested_branch_dag.py
[2022-07-10 08:54:47,852] {logging_mixin.py:104} INFO - [2022-07-10 08:54:47,852] {dag.py:1824} INFO - Sync 1 DAGs
[2022-07-10 08:54:47,867] {logging_mixin.py:104} INFO - [2022-07-10 08:54:47,867] {dag.py:2280} INFO - Setting next_dagrun for example_nested_branch_dag to 2022-07-08 00:00:00+00:00
[2022-07-10 08:54:47,876] {scheduler_job.py:190} INFO - Processing /home/airflow/.local/lib/python3.6/site-packages/airflow/example_dags/example_nested_branch_dag.py took 0.052 seconds
[2022-07-10 08:55:18,705] {scheduler_job.py:182} INFO - Started process (PID=1193) to work on /home/airflow/.local/lib/python3.6/site-packages/airflow/example_dags/example_nested_branch_dag.py
[2022-07-10 08:55:18,706] {scheduler_job.py:629} INFO - Processing file /home/airflow/.local/lib/python3.6/site-packages/airflow/example_dags/example_nested_branch_dag.py for tasks to queue
[2022-07-10 08:55:18,707] {logging_mixin.py:104} INFO - [2022-07-10 08:55:18,707] {dagbag.py:451} INFO - Filling up the DagBag from /home/airflow/.local/lib/python3.6/site-packages/airflow/example_dags/example_nested_branch_dag.py
[2022-07-10 08:55:18,716] {scheduler_job.py:639} INFO - DAG(s) dict_keys(['example_nested_branch_dag']) retrieved from /home/airflow/.local/lib/python3.6/site-packages/airflow/example_dags/example_nested_branch_dag.py
[2022-07-10 08:55:18,730] {logging_mixin.py:104} INFO - [2022-07-10 08:55:18,730] {dag.py:1824} INFO - Sync 1 DAGs
[2022-07-10 08:55:18,744] {logging_mixin.py:104} INFO - [2022-07-10 08:55:18,744] {dag.py:2280} INFO - Setting next_dagrun for example_nested_branch_dag to 2022-07-08 00:00:00+00:00
[2022-07-10 08:55:18,750] {scheduler_job.py:190} INFO - Processing /home/airflow/.local/lib/python3.6/site-packages/airflow/example_dags/example_nested_branch_dag.py took 0.047 seconds
[2022-07-10 08:55:49,653] {scheduler_job.py:182} INFO - Started process (PID=1219) to work on /home/airflow/.local/lib/python3.6/site-packages/airflow/example_dags/example_nested_branch_dag.py
[2022-07-10 08:55:49,654] {scheduler_job.py:629} INFO - Processing file /home/airflow/.local/lib/python3.6/site-packages/airflow/example_dags/example_nested_branch_dag.py for tasks to queue
[2022-07-10 08:55:49,654] {logging_mixin.py:104} INFO - [2022-07-10 08:55:49,654] {dagbag.py:451} INFO - Filling up the DagBag from /home/airflow/.local/lib/python3.6/site-packages/airflow/example_dags/example_nested_branch_dag.py
[2022-07-10 08:55:49,662] {scheduler_job.py:639} INFO - DAG(s) dict_keys(['example_nested_branch_dag']) retrieved from /home/airflow/.local/lib/python3.6/site-packages/airflow/example_dags/example_nested_branch_dag.py
[2022-07-10 08:55:49,674] {logging_mixin.py:104} INFO - [2022-07-10 08:55:49,674] {dag.py:1824} INFO - Sync 1 DAGs
[2022-07-10 08:55:49,687] {logging_mixin.py:104} INFO - [2022-07-10 08:55:49,687] {dag.py:2280} INFO - Setting next_dagrun for example_nested_branch_dag to 2022-07-08 00:00:00+00:00
[2022-07-10 08:55:49,694] {scheduler_job.py:190} INFO - Processing /home/airflow/.local/lib/python3.6/site-packages/airflow/example_dags/example_nested_branch_dag.py took 0.043 seconds
[2022-07-10 08:56:20,702] {scheduler_job.py:182} INFO - Started process (PID=1245) to work on /home/airflow/.local/lib/python3.6/site-packages/airflow/example_dags/example_nested_branch_dag.py
[2022-07-10 08:56:20,703] {scheduler_job.py:629} INFO - Processing file /home/airflow/.local/lib/python3.6/site-packages/airflow/example_dags/example_nested_branch_dag.py for tasks to queue
[2022-07-10 08:56:20,704] {logging_mixin.py:104} INFO - [2022-07-10 08:56:20,704] {dagbag.py:451} INFO - Filling up the DagBag from /home/airflow/.local/lib/python3.6/site-packages/airflow/example_dags/example_nested_branch_dag.py
[2022-07-10 08:56:20,712] {scheduler_job.py:639} INFO - DAG(s) dict_keys(['example_nested_branch_dag']) retrieved from /home/airflow/.local/lib/python3.6/site-packages/airflow/example_dags/example_nested_branch_dag.py
[2022-07-10 08:56:20,724] {logging_mixin.py:104} INFO - [2022-07-10 08:56:20,724] {dag.py:1824} INFO - Sync 1 DAGs
[2022-07-10 08:56:20,738] {logging_mixin.py:104} INFO - [2022-07-10 08:56:20,737] {dag.py:2280} INFO - Setting next_dagrun for example_nested_branch_dag to 2022-07-08 00:00:00+00:00
[2022-07-10 08:56:20,745] {scheduler_job.py:190} INFO - Processing /home/airflow/.local/lib/python3.6/site-packages/airflow/example_dags/example_nested_branch_dag.py took 0.044 seconds
[2022-07-10 08:56:51,562] {scheduler_job.py:182} INFO - Started process (PID=1271) to work on /home/airflow/.local/lib/python3.6/site-packages/airflow/example_dags/example_nested_branch_dag.py
[2022-07-10 08:56:51,563] {scheduler_job.py:629} INFO - Processing file /home/airflow/.local/lib/python3.6/site-packages/airflow/example_dags/example_nested_branch_dag.py for tasks to queue
[2022-07-10 08:56:51,563] {logging_mixin.py:104} INFO - [2022-07-10 08:56:51,563] {dagbag.py:451} INFO - Filling up the DagBag from /home/airflow/.local/lib/python3.6/site-packages/airflow/example_dags/example_nested_branch_dag.py
[2022-07-10 08:56:51,572] {scheduler_job.py:639} INFO - DAG(s) dict_keys(['example_nested_branch_dag']) retrieved from /home/airflow/.local/lib/python3.6/site-packages/airflow/example_dags/example_nested_branch_dag.py
[2022-07-10 08:56:51,586] {logging_mixin.py:104} INFO - [2022-07-10 08:56:51,586] {dag.py:1824} INFO - Sync 1 DAGs
[2022-07-10 08:56:51,599] {logging_mixin.py:104} INFO - [2022-07-10 08:56:51,599] {dag.py:2280} INFO - Setting next_dagrun for example_nested_branch_dag to 2022-07-08 00:00:00+00:00
[2022-07-10 08:56:51,605] {scheduler_job.py:190} INFO - Processing /home/airflow/.local/lib/python3.6/site-packages/airflow/example_dags/example_nested_branch_dag.py took 0.045 seconds
[2022-07-10 08:57:22,442] {scheduler_job.py:182} INFO - Started process (PID=1297) to work on /home/airflow/.local/lib/python3.6/site-packages/airflow/example_dags/example_nested_branch_dag.py
[2022-07-10 08:57:22,443] {scheduler_job.py:629} INFO - Processing file /home/airflow/.local/lib/python3.6/site-packages/airflow/example_dags/example_nested_branch_dag.py for tasks to queue
[2022-07-10 08:57:22,444] {logging_mixin.py:104} INFO - [2022-07-10 08:57:22,444] {dagbag.py:451} INFO - Filling up the DagBag from /home/airflow/.local/lib/python3.6/site-packages/airflow/example_dags/example_nested_branch_dag.py
[2022-07-10 08:57:22,453] {scheduler_job.py:639} INFO - DAG(s) dict_keys(['example_nested_branch_dag']) retrieved from /home/airflow/.local/lib/python3.6/site-packages/airflow/example_dags/example_nested_branch_dag.py
[2022-07-10 08:57:22,465] {logging_mixin.py:104} INFO - [2022-07-10 08:57:22,465] {dag.py:1824} INFO - Sync 1 DAGs
[2022-07-10 08:57:22,478] {logging_mixin.py:104} INFO - [2022-07-10 08:57:22,478] {dag.py:2280} INFO - Setting next_dagrun for example_nested_branch_dag to 2022-07-08 00:00:00+00:00
[2022-07-10 08:57:22,485] {scheduler_job.py:190} INFO - Processing /home/airflow/.local/lib/python3.6/site-packages/airflow/example_dags/example_nested_branch_dag.py took 0.045 seconds
[2022-07-10 08:57:53,322] {scheduler_job.py:182} INFO - Started process (PID=1323) to work on /home/airflow/.local/lib/python3.6/site-packages/airflow/example_dags/example_nested_branch_dag.py
[2022-07-10 08:57:53,323] {scheduler_job.py:629} INFO - Processing file /home/airflow/.local/lib/python3.6/site-packages/airflow/example_dags/example_nested_branch_dag.py for tasks to queue
[2022-07-10 08:57:53,323] {logging_mixin.py:104} INFO - [2022-07-10 08:57:53,323] {dagbag.py:451} INFO - Filling up the DagBag from /home/airflow/.local/lib/python3.6/site-packages/airflow/example_dags/example_nested_branch_dag.py
[2022-07-10 08:57:53,334] {scheduler_job.py:639} INFO - DAG(s) dict_keys(['example_nested_branch_dag']) retrieved from /home/airflow/.local/lib/python3.6/site-packages/airflow/example_dags/example_nested_branch_dag.py
[2022-07-10 08:57:53,347] {logging_mixin.py:104} INFO - [2022-07-10 08:57:53,347] {dag.py:1824} INFO - Sync 1 DAGs
[2022-07-10 08:57:53,361] {logging_mixin.py:104} INFO - [2022-07-10 08:57:53,361] {dag.py:2280} INFO - Setting next_dagrun for example_nested_branch_dag to 2022-07-08 00:00:00+00:00
[2022-07-10 08:57:53,368] {scheduler_job.py:190} INFO - Processing /home/airflow/.local/lib/python3.6/site-packages/airflow/example_dags/example_nested_branch_dag.py took 0.048 seconds
[2022-07-10 08:58:24,335] {scheduler_job.py:182} INFO - Started process (PID=1349) to work on /home/airflow/.local/lib/python3.6/site-packages/airflow/example_dags/example_nested_branch_dag.py
[2022-07-10 08:58:24,336] {scheduler_job.py:629} INFO - Processing file /home/airflow/.local/lib/python3.6/site-packages/airflow/example_dags/example_nested_branch_dag.py for tasks to queue
[2022-07-10 08:58:24,336] {logging_mixin.py:104} INFO - [2022-07-10 08:58:24,336] {dagbag.py:451} INFO - Filling up the DagBag from /home/airflow/.local/lib/python3.6/site-packages/airflow/example_dags/example_nested_branch_dag.py
[2022-07-10 08:58:24,347] {scheduler_job.py:639} INFO - DAG(s) dict_keys(['example_nested_branch_dag']) retrieved from /home/airflow/.local/lib/python3.6/site-packages/airflow/example_dags/example_nested_branch_dag.py
[2022-07-10 08:58:24,366] {logging_mixin.py:104} INFO - [2022-07-10 08:58:24,365] {dag.py:1824} INFO - Sync 1 DAGs
[2022-07-10 08:58:24,380] {logging_mixin.py:104} INFO - [2022-07-10 08:58:24,380] {dag.py:2280} INFO - Setting next_dagrun for example_nested_branch_dag to 2022-07-08 00:00:00+00:00
[2022-07-10 08:58:24,388] {scheduler_job.py:190} INFO - Processing /home/airflow/.local/lib/python3.6/site-packages/airflow/example_dags/example_nested_branch_dag.py took 0.054 seconds
[2022-07-10 08:58:55,182] {scheduler_job.py:182} INFO - Started process (PID=1375) to work on /home/airflow/.local/lib/python3.6/site-packages/airflow/example_dags/example_nested_branch_dag.py
[2022-07-10 08:58:55,183] {scheduler_job.py:629} INFO - Processing file /home/airflow/.local/lib/python3.6/site-packages/airflow/example_dags/example_nested_branch_dag.py for tasks to queue
[2022-07-10 08:58:55,183] {logging_mixin.py:104} INFO - [2022-07-10 08:58:55,183] {dagbag.py:451} INFO - Filling up the DagBag from /home/airflow/.local/lib/python3.6/site-packages/airflow/example_dags/example_nested_branch_dag.py
[2022-07-10 08:58:55,193] {scheduler_job.py:639} INFO - DAG(s) dict_keys(['example_nested_branch_dag']) retrieved from /home/airflow/.local/lib/python3.6/site-packages/airflow/example_dags/example_nested_branch_dag.py
[2022-07-10 08:58:55,208] {logging_mixin.py:104} INFO - [2022-07-10 08:58:55,208] {dag.py:1824} INFO - Sync 1 DAGs
[2022-07-10 08:58:55,222] {logging_mixin.py:104} INFO - [2022-07-10 08:58:55,222] {dag.py:2280} INFO - Setting next_dagrun for example_nested_branch_dag to 2022-07-08 00:00:00+00:00
[2022-07-10 08:58:55,229] {scheduler_job.py:190} INFO - Processing /home/airflow/.local/lib/python3.6/site-packages/airflow/example_dags/example_nested_branch_dag.py took 0.048 seconds
[2022-07-10 08:59:25,939] {scheduler_job.py:182} INFO - Started process (PID=1401) to work on /home/airflow/.local/lib/python3.6/site-packages/airflow/example_dags/example_nested_branch_dag.py
[2022-07-10 08:59:25,940] {scheduler_job.py:629} INFO - Processing file /home/airflow/.local/lib/python3.6/site-packages/airflow/example_dags/example_nested_branch_dag.py for tasks to queue
[2022-07-10 08:59:25,940] {logging_mixin.py:104} INFO - [2022-07-10 08:59:25,940] {dagbag.py:451} INFO - Filling up the DagBag from /home/airflow/.local/lib/python3.6/site-packages/airflow/example_dags/example_nested_branch_dag.py
[2022-07-10 08:59:25,950] {scheduler_job.py:639} INFO - DAG(s) dict_keys(['example_nested_branch_dag']) retrieved from /home/airflow/.local/lib/python3.6/site-packages/airflow/example_dags/example_nested_branch_dag.py
[2022-07-10 08:59:25,966] {logging_mixin.py:104} INFO - [2022-07-10 08:59:25,966] {dag.py:1824} INFO - Sync 1 DAGs
[2022-07-10 08:59:25,981] {logging_mixin.py:104} INFO - [2022-07-10 08:59:25,980] {dag.py:2280} INFO - Setting next_dagrun for example_nested_branch_dag to 2022-07-08 00:00:00+00:00
[2022-07-10 08:59:25,988] {scheduler_job.py:190} INFO - Processing /home/airflow/.local/lib/python3.6/site-packages/airflow/example_dags/example_nested_branch_dag.py took 0.051 seconds
[2022-07-10 08:59:56,806] {scheduler_job.py:182} INFO - Started process (PID=1427) to work on /home/airflow/.local/lib/python3.6/site-packages/airflow/example_dags/example_nested_branch_dag.py
[2022-07-10 08:59:56,807] {scheduler_job.py:629} INFO - Processing file /home/airflow/.local/lib/python3.6/site-packages/airflow/example_dags/example_nested_branch_dag.py for tasks to queue
[2022-07-10 08:59:56,807] {logging_mixin.py:104} INFO - [2022-07-10 08:59:56,807] {dagbag.py:451} INFO - Filling up the DagBag from /home/airflow/.local/lib/python3.6/site-packages/airflow/example_dags/example_nested_branch_dag.py
[2022-07-10 08:59:56,816] {scheduler_job.py:639} INFO - DAG(s) dict_keys(['example_nested_branch_dag']) retrieved from /home/airflow/.local/lib/python3.6/site-packages/airflow/example_dags/example_nested_branch_dag.py
[2022-07-10 08:59:56,830] {logging_mixin.py:104} INFO - [2022-07-10 08:59:56,830] {dag.py:1824} INFO - Sync 1 DAGs
[2022-07-10 08:59:56,843] {logging_mixin.py:104} INFO - [2022-07-10 08:59:56,843] {dag.py:2280} INFO - Setting next_dagrun for example_nested_branch_dag to 2022-07-08 00:00:00+00:00
[2022-07-10 08:59:56,850] {scheduler_job.py:190} INFO - Processing /home/airflow/.local/lib/python3.6/site-packages/airflow/example_dags/example_nested_branch_dag.py took 0.046 seconds
[2022-07-10 09:00:27,580] {scheduler_job.py:182} INFO - Started process (PID=1453) to work on /home/airflow/.local/lib/python3.6/site-packages/airflow/example_dags/example_nested_branch_dag.py
[2022-07-10 09:00:27,580] {scheduler_job.py:629} INFO - Processing file /home/airflow/.local/lib/python3.6/site-packages/airflow/example_dags/example_nested_branch_dag.py for tasks to queue
[2022-07-10 09:00:27,581] {logging_mixin.py:104} INFO - [2022-07-10 09:00:27,581] {dagbag.py:451} INFO - Filling up the DagBag from /home/airflow/.local/lib/python3.6/site-packages/airflow/example_dags/example_nested_branch_dag.py
[2022-07-10 09:00:27,590] {scheduler_job.py:639} INFO - DAG(s) dict_keys(['example_nested_branch_dag']) retrieved from /home/airflow/.local/lib/python3.6/site-packages/airflow/example_dags/example_nested_branch_dag.py
[2022-07-10 09:00:27,604] {logging_mixin.py:104} INFO - [2022-07-10 09:00:27,604] {dag.py:1824} INFO - Sync 1 DAGs
[2022-07-10 09:00:27,619] {logging_mixin.py:104} INFO - [2022-07-10 09:00:27,619] {dag.py:2280} INFO - Setting next_dagrun for example_nested_branch_dag to 2022-07-08 00:00:00+00:00
[2022-07-10 09:00:27,625] {scheduler_job.py:190} INFO - Processing /home/airflow/.local/lib/python3.6/site-packages/airflow/example_dags/example_nested_branch_dag.py took 0.047 seconds
[2022-07-10 09:00:58,402] {scheduler_job.py:182} INFO - Started process (PID=1479) to work on /home/airflow/.local/lib/python3.6/site-packages/airflow/example_dags/example_nested_branch_dag.py
[2022-07-10 09:00:58,402] {scheduler_job.py:629} INFO - Processing file /home/airflow/.local/lib/python3.6/site-packages/airflow/example_dags/example_nested_branch_dag.py for tasks to queue
[2022-07-10 09:00:58,403] {logging_mixin.py:104} INFO - [2022-07-10 09:00:58,403] {dagbag.py:451} INFO - Filling up the DagBag from /home/airflow/.local/lib/python3.6/site-packages/airflow/example_dags/example_nested_branch_dag.py
[2022-07-10 09:00:58,411] {scheduler_job.py:639} INFO - DAG(s) dict_keys(['example_nested_branch_dag']) retrieved from /home/airflow/.local/lib/python3.6/site-packages/airflow/example_dags/example_nested_branch_dag.py
[2022-07-10 09:00:58,422] {logging_mixin.py:104} INFO - [2022-07-10 09:00:58,422] {dag.py:1824} INFO - Sync 1 DAGs
[2022-07-10 09:00:58,437] {logging_mixin.py:104} INFO - [2022-07-10 09:00:58,437] {dag.py:2280} INFO - Setting next_dagrun for example_nested_branch_dag to 2022-07-08 00:00:00+00:00
[2022-07-10 09:00:58,444] {scheduler_job.py:190} INFO - Processing /home/airflow/.local/lib/python3.6/site-packages/airflow/example_dags/example_nested_branch_dag.py took 0.044 seconds
[2022-07-10 09:03:54,639] {scheduler_job.py:182} INFO - Started process (PID=42) to work on /home/airflow/.local/lib/python3.6/site-packages/airflow/example_dags/example_nested_branch_dag.py
[2022-07-10 09:03:54,640] {scheduler_job.py:629} INFO - Processing file /home/airflow/.local/lib/python3.6/site-packages/airflow/example_dags/example_nested_branch_dag.py for tasks to queue
[2022-07-10 09:03:54,640] {logging_mixin.py:104} INFO - [2022-07-10 09:03:54,640] {dagbag.py:451} INFO - Filling up the DagBag from /home/airflow/.local/lib/python3.6/site-packages/airflow/example_dags/example_nested_branch_dag.py
[2022-07-10 09:03:54,658] {scheduler_job.py:639} INFO - DAG(s) dict_keys(['example_nested_branch_dag']) retrieved from /home/airflow/.local/lib/python3.6/site-packages/airflow/example_dags/example_nested_branch_dag.py
[2022-07-10 09:03:54,671] {logging_mixin.py:104} INFO - [2022-07-10 09:03:54,671] {dag.py:1824} INFO - Sync 1 DAGs
[2022-07-10 09:03:54,686] {logging_mixin.py:104} INFO - [2022-07-10 09:03:54,685] {dag.py:2280} INFO - Setting next_dagrun for example_nested_branch_dag to 2022-07-08 00:00:00+00:00
[2022-07-10 09:03:54,695] {scheduler_job.py:190} INFO - Processing /home/airflow/.local/lib/python3.6/site-packages/airflow/example_dags/example_nested_branch_dag.py took 0.058 seconds
[2022-07-10 09:04:25,629] {scheduler_job.py:182} INFO - Started process (PID=68) to work on /home/airflow/.local/lib/python3.6/site-packages/airflow/example_dags/example_nested_branch_dag.py
[2022-07-10 09:04:25,630] {scheduler_job.py:629} INFO - Processing file /home/airflow/.local/lib/python3.6/site-packages/airflow/example_dags/example_nested_branch_dag.py for tasks to queue
[2022-07-10 09:04:25,630] {logging_mixin.py:104} INFO - [2022-07-10 09:04:25,630] {dagbag.py:451} INFO - Filling up the DagBag from /home/airflow/.local/lib/python3.6/site-packages/airflow/example_dags/example_nested_branch_dag.py
[2022-07-10 09:04:25,639] {scheduler_job.py:639} INFO - DAG(s) dict_keys(['example_nested_branch_dag']) retrieved from /home/airflow/.local/lib/python3.6/site-packages/airflow/example_dags/example_nested_branch_dag.py
[2022-07-10 09:04:25,652] {logging_mixin.py:104} INFO - [2022-07-10 09:04:25,652] {dag.py:1824} INFO - Sync 1 DAGs
[2022-07-10 09:04:25,667] {logging_mixin.py:104} INFO - [2022-07-10 09:04:25,667] {dag.py:2280} INFO - Setting next_dagrun for example_nested_branch_dag to 2022-07-08 00:00:00+00:00
[2022-07-10 09:04:25,674] {scheduler_job.py:190} INFO - Processing /home/airflow/.local/lib/python3.6/site-packages/airflow/example_dags/example_nested_branch_dag.py took 0.046 seconds
[2022-07-10 09:04:56,472] {scheduler_job.py:182} INFO - Started process (PID=94) to work on /home/airflow/.local/lib/python3.6/site-packages/airflow/example_dags/example_nested_branch_dag.py
[2022-07-10 09:04:56,472] {scheduler_job.py:629} INFO - Processing file /home/airflow/.local/lib/python3.6/site-packages/airflow/example_dags/example_nested_branch_dag.py for tasks to queue
[2022-07-10 09:04:56,473] {logging_mixin.py:104} INFO - [2022-07-10 09:04:56,473] {dagbag.py:451} INFO - Filling up the DagBag from /home/airflow/.local/lib/python3.6/site-packages/airflow/example_dags/example_nested_branch_dag.py
[2022-07-10 09:04:56,481] {scheduler_job.py:639} INFO - DAG(s) dict_keys(['example_nested_branch_dag']) retrieved from /home/airflow/.local/lib/python3.6/site-packages/airflow/example_dags/example_nested_branch_dag.py
[2022-07-10 09:04:56,493] {logging_mixin.py:104} INFO - [2022-07-10 09:04:56,493] {dag.py:1824} INFO - Sync 1 DAGs
[2022-07-10 09:04:56,507] {logging_mixin.py:104} INFO - [2022-07-10 09:04:56,507] {dag.py:2280} INFO - Setting next_dagrun for example_nested_branch_dag to 2022-07-08 00:00:00+00:00
[2022-07-10 09:04:56,513] {scheduler_job.py:190} INFO - Processing /home/airflow/.local/lib/python3.6/site-packages/airflow/example_dags/example_nested_branch_dag.py took 0.043 seconds
[2022-07-10 09:05:27,272] {scheduler_job.py:182} INFO - Started process (PID=120) to work on /home/airflow/.local/lib/python3.6/site-packages/airflow/example_dags/example_nested_branch_dag.py
[2022-07-10 09:05:27,273] {scheduler_job.py:629} INFO - Processing file /home/airflow/.local/lib/python3.6/site-packages/airflow/example_dags/example_nested_branch_dag.py for tasks to queue
[2022-07-10 09:05:27,274] {logging_mixin.py:104} INFO - [2022-07-10 09:05:27,274] {dagbag.py:451} INFO - Filling up the DagBag from /home/airflow/.local/lib/python3.6/site-packages/airflow/example_dags/example_nested_branch_dag.py
[2022-07-10 09:05:27,282] {scheduler_job.py:639} INFO - DAG(s) dict_keys(['example_nested_branch_dag']) retrieved from /home/airflow/.local/lib/python3.6/site-packages/airflow/example_dags/example_nested_branch_dag.py
[2022-07-10 09:05:27,296] {logging_mixin.py:104} INFO - [2022-07-10 09:05:27,296] {dag.py:1824} INFO - Sync 1 DAGs
[2022-07-10 09:05:27,308] {logging_mixin.py:104} INFO - [2022-07-10 09:05:27,308] {dag.py:2280} INFO - Setting next_dagrun for example_nested_branch_dag to 2022-07-08 00:00:00+00:00
[2022-07-10 09:05:27,314] {scheduler_job.py:190} INFO - Processing /home/airflow/.local/lib/python3.6/site-packages/airflow/example_dags/example_nested_branch_dag.py took 0.043 seconds
[2022-07-10 09:05:58,108] {scheduler_job.py:182} INFO - Started process (PID=146) to work on /home/airflow/.local/lib/python3.6/site-packages/airflow/example_dags/example_nested_branch_dag.py
[2022-07-10 09:05:58,108] {scheduler_job.py:629} INFO - Processing file /home/airflow/.local/lib/python3.6/site-packages/airflow/example_dags/example_nested_branch_dag.py for tasks to queue
[2022-07-10 09:05:58,109] {logging_mixin.py:104} INFO - [2022-07-10 09:05:58,109] {dagbag.py:451} INFO - Filling up the DagBag from /home/airflow/.local/lib/python3.6/site-packages/airflow/example_dags/example_nested_branch_dag.py
[2022-07-10 09:05:58,117] {scheduler_job.py:639} INFO - DAG(s) dict_keys(['example_nested_branch_dag']) retrieved from /home/airflow/.local/lib/python3.6/site-packages/airflow/example_dags/example_nested_branch_dag.py
[2022-07-10 09:05:58,131] {logging_mixin.py:104} INFO - [2022-07-10 09:05:58,131] {dag.py:1824} INFO - Sync 1 DAGs
[2022-07-10 09:05:58,143] {logging_mixin.py:104} INFO - [2022-07-10 09:05:58,143] {dag.py:2280} INFO - Setting next_dagrun for example_nested_branch_dag to 2022-07-08 00:00:00+00:00
[2022-07-10 09:05:58,150] {scheduler_job.py:190} INFO - Processing /home/airflow/.local/lib/python3.6/site-packages/airflow/example_dags/example_nested_branch_dag.py took 0.044 seconds
[2022-07-10 09:06:28,969] {scheduler_job.py:182} INFO - Started process (PID=172) to work on /home/airflow/.local/lib/python3.6/site-packages/airflow/example_dags/example_nested_branch_dag.py
[2022-07-10 09:06:28,970] {scheduler_job.py:629} INFO - Processing file /home/airflow/.local/lib/python3.6/site-packages/airflow/example_dags/example_nested_branch_dag.py for tasks to queue
[2022-07-10 09:06:28,970] {logging_mixin.py:104} INFO - [2022-07-10 09:06:28,970] {dagbag.py:451} INFO - Filling up the DagBag from /home/airflow/.local/lib/python3.6/site-packages/airflow/example_dags/example_nested_branch_dag.py
[2022-07-10 09:06:28,978] {scheduler_job.py:639} INFO - DAG(s) dict_keys(['example_nested_branch_dag']) retrieved from /home/airflow/.local/lib/python3.6/site-packages/airflow/example_dags/example_nested_branch_dag.py
[2022-07-10 09:06:28,992] {logging_mixin.py:104} INFO - [2022-07-10 09:06:28,991] {dag.py:1824} INFO - Sync 1 DAGs
[2022-07-10 09:06:29,004] {logging_mixin.py:104} INFO - [2022-07-10 09:06:29,004] {dag.py:2280} INFO - Setting next_dagrun for example_nested_branch_dag to 2022-07-08 00:00:00+00:00
[2022-07-10 09:06:29,010] {scheduler_job.py:190} INFO - Processing /home/airflow/.local/lib/python3.6/site-packages/airflow/example_dags/example_nested_branch_dag.py took 0.043 seconds
[2022-07-10 09:06:59,746] {scheduler_job.py:182} INFO - Started process (PID=198) to work on /home/airflow/.local/lib/python3.6/site-packages/airflow/example_dags/example_nested_branch_dag.py
[2022-07-10 09:06:59,747] {scheduler_job.py:629} INFO - Processing file /home/airflow/.local/lib/python3.6/site-packages/airflow/example_dags/example_nested_branch_dag.py for tasks to queue
[2022-07-10 09:06:59,747] {logging_mixin.py:104} INFO - [2022-07-10 09:06:59,747] {dagbag.py:451} INFO - Filling up the DagBag from /home/airflow/.local/lib/python3.6/site-packages/airflow/example_dags/example_nested_branch_dag.py
[2022-07-10 09:06:59,755] {scheduler_job.py:639} INFO - DAG(s) dict_keys(['example_nested_branch_dag']) retrieved from /home/airflow/.local/lib/python3.6/site-packages/airflow/example_dags/example_nested_branch_dag.py
[2022-07-10 09:06:59,770] {logging_mixin.py:104} INFO - [2022-07-10 09:06:59,770] {dag.py:1824} INFO - Sync 1 DAGs
[2022-07-10 09:06:59,782] {logging_mixin.py:104} INFO - [2022-07-10 09:06:59,782] {dag.py:2280} INFO - Setting next_dagrun for example_nested_branch_dag to 2022-07-08 00:00:00+00:00
[2022-07-10 09:06:59,789] {scheduler_job.py:190} INFO - Processing /home/airflow/.local/lib/python3.6/site-packages/airflow/example_dags/example_nested_branch_dag.py took 0.044 seconds
[2022-07-10 09:07:30,564] {scheduler_job.py:182} INFO - Started process (PID=224) to work on /home/airflow/.local/lib/python3.6/site-packages/airflow/example_dags/example_nested_branch_dag.py
[2022-07-10 09:07:30,565] {scheduler_job.py:629} INFO - Processing file /home/airflow/.local/lib/python3.6/site-packages/airflow/example_dags/example_nested_branch_dag.py for tasks to queue
[2022-07-10 09:07:30,565] {logging_mixin.py:104} INFO - [2022-07-10 09:07:30,565] {dagbag.py:451} INFO - Filling up the DagBag from /home/airflow/.local/lib/python3.6/site-packages/airflow/example_dags/example_nested_branch_dag.py
[2022-07-10 09:07:30,573] {scheduler_job.py:639} INFO - DAG(s) dict_keys(['example_nested_branch_dag']) retrieved from /home/airflow/.local/lib/python3.6/site-packages/airflow/example_dags/example_nested_branch_dag.py
[2022-07-10 09:07:30,587] {logging_mixin.py:104} INFO - [2022-07-10 09:07:30,587] {dag.py:1824} INFO - Sync 1 DAGs
[2022-07-10 09:07:30,599] {logging_mixin.py:104} INFO - [2022-07-10 09:07:30,599] {dag.py:2280} INFO - Setting next_dagrun for example_nested_branch_dag to 2022-07-08 00:00:00+00:00
[2022-07-10 09:07:30,605] {scheduler_job.py:190} INFO - Processing /home/airflow/.local/lib/python3.6/site-packages/airflow/example_dags/example_nested_branch_dag.py took 0.042 seconds
[2022-07-10 09:08:01,377] {scheduler_job.py:182} INFO - Started process (PID=250) to work on /home/airflow/.local/lib/python3.6/site-packages/airflow/example_dags/example_nested_branch_dag.py
[2022-07-10 09:08:01,378] {scheduler_job.py:629} INFO - Processing file /home/airflow/.local/lib/python3.6/site-packages/airflow/example_dags/example_nested_branch_dag.py for tasks to queue
[2022-07-10 09:08:01,378] {logging_mixin.py:104} INFO - [2022-07-10 09:08:01,378] {dagbag.py:451} INFO - Filling up the DagBag from /home/airflow/.local/lib/python3.6/site-packages/airflow/example_dags/example_nested_branch_dag.py
[2022-07-10 09:08:01,388] {scheduler_job.py:639} INFO - DAG(s) dict_keys(['example_nested_branch_dag']) retrieved from /home/airflow/.local/lib/python3.6/site-packages/airflow/example_dags/example_nested_branch_dag.py
[2022-07-10 09:08:01,400] {logging_mixin.py:104} INFO - [2022-07-10 09:08:01,400] {dag.py:1824} INFO - Sync 1 DAGs
[2022-07-10 09:08:01,412] {logging_mixin.py:104} INFO - [2022-07-10 09:08:01,412] {dag.py:2280} INFO - Setting next_dagrun for example_nested_branch_dag to 2022-07-08 00:00:00+00:00
[2022-07-10 09:08:01,419] {scheduler_job.py:190} INFO - Processing /home/airflow/.local/lib/python3.6/site-packages/airflow/example_dags/example_nested_branch_dag.py took 0.043 seconds
[2022-07-10 09:08:32,164] {scheduler_job.py:182} INFO - Started process (PID=276) to work on /home/airflow/.local/lib/python3.6/site-packages/airflow/example_dags/example_nested_branch_dag.py
[2022-07-10 09:08:32,164] {scheduler_job.py:629} INFO - Processing file /home/airflow/.local/lib/python3.6/site-packages/airflow/example_dags/example_nested_branch_dag.py for tasks to queue
[2022-07-10 09:08:32,165] {logging_mixin.py:104} INFO - [2022-07-10 09:08:32,165] {dagbag.py:451} INFO - Filling up the DagBag from /home/airflow/.local/lib/python3.6/site-packages/airflow/example_dags/example_nested_branch_dag.py
[2022-07-10 09:08:32,176] {scheduler_job.py:639} INFO - DAG(s) dict_keys(['example_nested_branch_dag']) retrieved from /home/airflow/.local/lib/python3.6/site-packages/airflow/example_dags/example_nested_branch_dag.py
[2022-07-10 09:08:32,188] {logging_mixin.py:104} INFO - [2022-07-10 09:08:32,188] {dag.py:1824} INFO - Sync 1 DAGs
[2022-07-10 09:08:32,203] {logging_mixin.py:104} INFO - [2022-07-10 09:08:32,203] {dag.py:2280} INFO - Setting next_dagrun for example_nested_branch_dag to 2022-07-08 00:00:00+00:00
[2022-07-10 09:08:32,209] {scheduler_job.py:190} INFO - Processing /home/airflow/.local/lib/python3.6/site-packages/airflow/example_dags/example_nested_branch_dag.py took 0.047 seconds
[2022-07-10 09:09:03,133] {scheduler_job.py:182} INFO - Started process (PID=302) to work on /home/airflow/.local/lib/python3.6/site-packages/airflow/example_dags/example_nested_branch_dag.py
[2022-07-10 09:09:03,134] {scheduler_job.py:629} INFO - Processing file /home/airflow/.local/lib/python3.6/site-packages/airflow/example_dags/example_nested_branch_dag.py for tasks to queue
[2022-07-10 09:09:03,135] {logging_mixin.py:104} INFO - [2022-07-10 09:09:03,135] {dagbag.py:451} INFO - Filling up the DagBag from /home/airflow/.local/lib/python3.6/site-packages/airflow/example_dags/example_nested_branch_dag.py
[2022-07-10 09:09:03,146] {scheduler_job.py:639} INFO - DAG(s) dict_keys(['example_nested_branch_dag']) retrieved from /home/airflow/.local/lib/python3.6/site-packages/airflow/example_dags/example_nested_branch_dag.py
[2022-07-10 09:09:03,159] {logging_mixin.py:104} INFO - [2022-07-10 09:09:03,159] {dag.py:1824} INFO - Sync 1 DAGs
[2022-07-10 09:09:03,172] {logging_mixin.py:104} INFO - [2022-07-10 09:09:03,172] {dag.py:2280} INFO - Setting next_dagrun for example_nested_branch_dag to 2022-07-08 00:00:00+00:00
[2022-07-10 09:09:03,179] {scheduler_job.py:190} INFO - Processing /home/airflow/.local/lib/python3.6/site-packages/airflow/example_dags/example_nested_branch_dag.py took 0.047 seconds
[2022-07-10 09:09:33,264] {scheduler_job.py:182} INFO - Started process (PID=328) to work on /home/airflow/.local/lib/python3.6/site-packages/airflow/example_dags/example_nested_branch_dag.py
[2022-07-10 09:09:33,265] {scheduler_job.py:629} INFO - Processing file /home/airflow/.local/lib/python3.6/site-packages/airflow/example_dags/example_nested_branch_dag.py for tasks to queue
[2022-07-10 09:09:33,266] {logging_mixin.py:104} INFO - [2022-07-10 09:09:33,265] {dagbag.py:451} INFO - Filling up the DagBag from /home/airflow/.local/lib/python3.6/site-packages/airflow/example_dags/example_nested_branch_dag.py
[2022-07-10 09:09:33,277] {scheduler_job.py:639} INFO - DAG(s) dict_keys(['example_nested_branch_dag']) retrieved from /home/airflow/.local/lib/python3.6/site-packages/airflow/example_dags/example_nested_branch_dag.py
[2022-07-10 09:09:33,291] {logging_mixin.py:104} INFO - [2022-07-10 09:09:33,291] {dag.py:1824} INFO - Sync 1 DAGs
[2022-07-10 09:09:33,304] {logging_mixin.py:104} INFO - [2022-07-10 09:09:33,304] {dag.py:2280} INFO - Setting next_dagrun for example_nested_branch_dag to 2022-07-08 00:00:00+00:00
[2022-07-10 09:09:33,310] {scheduler_job.py:190} INFO - Processing /home/airflow/.local/lib/python3.6/site-packages/airflow/example_dags/example_nested_branch_dag.py took 0.048 seconds
[2022-07-10 09:10:04,090] {scheduler_job.py:182} INFO - Started process (PID=354) to work on /home/airflow/.local/lib/python3.6/site-packages/airflow/example_dags/example_nested_branch_dag.py
[2022-07-10 09:10:04,091] {scheduler_job.py:629} INFO - Processing file /home/airflow/.local/lib/python3.6/site-packages/airflow/example_dags/example_nested_branch_dag.py for tasks to queue
[2022-07-10 09:10:04,091] {logging_mixin.py:104} INFO - [2022-07-10 09:10:04,091] {dagbag.py:451} INFO - Filling up the DagBag from /home/airflow/.local/lib/python3.6/site-packages/airflow/example_dags/example_nested_branch_dag.py
[2022-07-10 09:10:04,101] {scheduler_job.py:639} INFO - DAG(s) dict_keys(['example_nested_branch_dag']) retrieved from /home/airflow/.local/lib/python3.6/site-packages/airflow/example_dags/example_nested_branch_dag.py
[2022-07-10 09:10:04,113] {logging_mixin.py:104} INFO - [2022-07-10 09:10:04,113] {dag.py:1824} INFO - Sync 1 DAGs
[2022-07-10 09:10:04,125] {logging_mixin.py:104} INFO - [2022-07-10 09:10:04,125] {dag.py:2280} INFO - Setting next_dagrun for example_nested_branch_dag to 2022-07-08 00:00:00+00:00
[2022-07-10 09:10:04,132] {scheduler_job.py:190} INFO - Processing /home/airflow/.local/lib/python3.6/site-packages/airflow/example_dags/example_nested_branch_dag.py took 0.043 seconds
[2022-07-10 09:10:34,825] {scheduler_job.py:182} INFO - Started process (PID=380) to work on /home/airflow/.local/lib/python3.6/site-packages/airflow/example_dags/example_nested_branch_dag.py
[2022-07-10 09:10:34,825] {scheduler_job.py:629} INFO - Processing file /home/airflow/.local/lib/python3.6/site-packages/airflow/example_dags/example_nested_branch_dag.py for tasks to queue
[2022-07-10 09:10:34,826] {logging_mixin.py:104} INFO - [2022-07-10 09:10:34,826] {dagbag.py:451} INFO - Filling up the DagBag from /home/airflow/.local/lib/python3.6/site-packages/airflow/example_dags/example_nested_branch_dag.py
[2022-07-10 09:10:34,836] {scheduler_job.py:639} INFO - DAG(s) dict_keys(['example_nested_branch_dag']) retrieved from /home/airflow/.local/lib/python3.6/site-packages/airflow/example_dags/example_nested_branch_dag.py
[2022-07-10 09:10:34,849] {logging_mixin.py:104} INFO - [2022-07-10 09:10:34,849] {dag.py:1824} INFO - Sync 1 DAGs
[2022-07-10 09:10:34,862] {logging_mixin.py:104} INFO - [2022-07-10 09:10:34,862] {dag.py:2280} INFO - Setting next_dagrun for example_nested_branch_dag to 2022-07-08 00:00:00+00:00
[2022-07-10 09:10:34,868] {scheduler_job.py:190} INFO - Processing /home/airflow/.local/lib/python3.6/site-packages/airflow/example_dags/example_nested_branch_dag.py took 0.045 seconds
[2022-07-10 09:11:05,750] {scheduler_job.py:182} INFO - Started process (PID=406) to work on /home/airflow/.local/lib/python3.6/site-packages/airflow/example_dags/example_nested_branch_dag.py
[2022-07-10 09:11:05,753] {scheduler_job.py:629} INFO - Processing file /home/airflow/.local/lib/python3.6/site-packages/airflow/example_dags/example_nested_branch_dag.py for tasks to queue
[2022-07-10 09:11:05,754] {logging_mixin.py:104} INFO - [2022-07-10 09:11:05,754] {dagbag.py:451} INFO - Filling up the DagBag from /home/airflow/.local/lib/python3.6/site-packages/airflow/example_dags/example_nested_branch_dag.py
[2022-07-10 09:11:05,761] {scheduler_job.py:639} INFO - DAG(s) dict_keys(['example_nested_branch_dag']) retrieved from /home/airflow/.local/lib/python3.6/site-packages/airflow/example_dags/example_nested_branch_dag.py
[2022-07-10 09:11:05,774] {logging_mixin.py:104} INFO - [2022-07-10 09:11:05,774] {dag.py:1824} INFO - Sync 1 DAGs
[2022-07-10 09:11:05,786] {logging_mixin.py:104} INFO - [2022-07-10 09:11:05,786] {dag.py:2280} INFO - Setting next_dagrun for example_nested_branch_dag to 2022-07-08 00:00:00+00:00
[2022-07-10 09:11:05,792] {scheduler_job.py:190} INFO - Processing /home/airflow/.local/lib/python3.6/site-packages/airflow/example_dags/example_nested_branch_dag.py took 0.044 seconds
[2022-07-10 09:11:36,540] {scheduler_job.py:182} INFO - Started process (PID=432) to work on /home/airflow/.local/lib/python3.6/site-packages/airflow/example_dags/example_nested_branch_dag.py
[2022-07-10 09:11:36,541] {scheduler_job.py:629} INFO - Processing file /home/airflow/.local/lib/python3.6/site-packages/airflow/example_dags/example_nested_branch_dag.py for tasks to queue
[2022-07-10 09:11:36,541] {logging_mixin.py:104} INFO - [2022-07-10 09:11:36,541] {dagbag.py:451} INFO - Filling up the DagBag from /home/airflow/.local/lib/python3.6/site-packages/airflow/example_dags/example_nested_branch_dag.py
[2022-07-10 09:11:36,549] {scheduler_job.py:639} INFO - DAG(s) dict_keys(['example_nested_branch_dag']) retrieved from /home/airflow/.local/lib/python3.6/site-packages/airflow/example_dags/example_nested_branch_dag.py
[2022-07-10 09:11:36,562] {logging_mixin.py:104} INFO - [2022-07-10 09:11:36,562] {dag.py:1824} INFO - Sync 1 DAGs
[2022-07-10 09:11:36,574] {logging_mixin.py:104} INFO - [2022-07-10 09:11:36,574] {dag.py:2280} INFO - Setting next_dagrun for example_nested_branch_dag to 2022-07-08 00:00:00+00:00
[2022-07-10 09:11:36,580] {scheduler_job.py:190} INFO - Processing /home/airflow/.local/lib/python3.6/site-packages/airflow/example_dags/example_nested_branch_dag.py took 0.042 seconds
[2022-07-10 09:12:07,364] {scheduler_job.py:182} INFO - Started process (PID=458) to work on /home/airflow/.local/lib/python3.6/site-packages/airflow/example_dags/example_nested_branch_dag.py
[2022-07-10 09:12:07,364] {scheduler_job.py:629} INFO - Processing file /home/airflow/.local/lib/python3.6/site-packages/airflow/example_dags/example_nested_branch_dag.py for tasks to queue
[2022-07-10 09:12:07,365] {logging_mixin.py:104} INFO - [2022-07-10 09:12:07,365] {dagbag.py:451} INFO - Filling up the DagBag from /home/airflow/.local/lib/python3.6/site-packages/airflow/example_dags/example_nested_branch_dag.py
[2022-07-10 09:12:07,373] {scheduler_job.py:639} INFO - DAG(s) dict_keys(['example_nested_branch_dag']) retrieved from /home/airflow/.local/lib/python3.6/site-packages/airflow/example_dags/example_nested_branch_dag.py
[2022-07-10 09:12:07,385] {logging_mixin.py:104} INFO - [2022-07-10 09:12:07,385] {dag.py:1824} INFO - Sync 1 DAGs
[2022-07-10 09:12:07,398] {logging_mixin.py:104} INFO - [2022-07-10 09:12:07,398] {dag.py:2280} INFO - Setting next_dagrun for example_nested_branch_dag to 2022-07-08 00:00:00+00:00
[2022-07-10 09:12:07,404] {scheduler_job.py:190} INFO - Processing /home/airflow/.local/lib/python3.6/site-packages/airflow/example_dags/example_nested_branch_dag.py took 0.042 seconds
