[2022-07-10 08:32:41,827] {scheduler_job.py:182} INFO - Started process (PID=56) to work on /home/airflow/.local/lib/python3.6/site-packages/airflow/example_dags/example_kubernetes_executor.py
[2022-07-10 08:32:41,829] {scheduler_job.py:629} INFO - Processing file /home/airflow/.local/lib/python3.6/site-packages/airflow/example_dags/example_kubernetes_executor.py for tasks to queue
[2022-07-10 08:32:41,829] {logging_mixin.py:104} INFO - [2022-07-10 08:32:41,829] {dagbag.py:451} INFO - Filling up the DagBag from /home/airflow/.local/lib/python3.6/site-packages/airflow/example_dags/example_kubernetes_executor.py
[2022-07-10 08:32:41,840] {scheduler_job.py:639} INFO - DAG(s) dict_keys(['example_kubernetes_executor']) retrieved from /home/airflow/.local/lib/python3.6/site-packages/airflow/example_dags/example_kubernetes_executor.py
[2022-07-10 08:32:41,858] {logging_mixin.py:104} INFO - [2022-07-10 08:32:41,858] {dag.py:1824} INFO - Sync 1 DAGs
[2022-07-10 08:32:41,873] {logging_mixin.py:104} INFO - [2022-07-10 08:32:41,873] {dag.py:1843} INFO - Creating ORM DAG for example_kubernetes_executor
[2022-07-10 08:32:41,878] {logging_mixin.py:104} INFO - [2022-07-10 08:32:41,878] {dag.py:2280} INFO - Setting next_dagrun for example_kubernetes_executor to None
[2022-07-10 08:32:41,889] {scheduler_job.py:190} INFO - Processing /home/airflow/.local/lib/python3.6/site-packages/airflow/example_dags/example_kubernetes_executor.py took 0.064 seconds
[2022-07-10 08:33:12,804] {scheduler_job.py:182} INFO - Started process (PID=82) to work on /home/airflow/.local/lib/python3.6/site-packages/airflow/example_dags/example_kubernetes_executor.py
[2022-07-10 08:33:12,805] {scheduler_job.py:629} INFO - Processing file /home/airflow/.local/lib/python3.6/site-packages/airflow/example_dags/example_kubernetes_executor.py for tasks to queue
[2022-07-10 08:33:12,806] {logging_mixin.py:104} INFO - [2022-07-10 08:33:12,806] {dagbag.py:451} INFO - Filling up the DagBag from /home/airflow/.local/lib/python3.6/site-packages/airflow/example_dags/example_kubernetes_executor.py
[2022-07-10 08:33:12,813] {scheduler_job.py:639} INFO - DAG(s) dict_keys(['example_kubernetes_executor']) retrieved from /home/airflow/.local/lib/python3.6/site-packages/airflow/example_dags/example_kubernetes_executor.py
[2022-07-10 08:33:12,826] {logging_mixin.py:104} INFO - [2022-07-10 08:33:12,826] {dag.py:1824} INFO - Sync 1 DAGs
[2022-07-10 08:33:12,837] {logging_mixin.py:104} INFO - [2022-07-10 08:33:12,837] {dag.py:2280} INFO - Setting next_dagrun for example_kubernetes_executor to None
[2022-07-10 08:33:12,843] {scheduler_job.py:190} INFO - Processing /home/airflow/.local/lib/python3.6/site-packages/airflow/example_dags/example_kubernetes_executor.py took 0.040 seconds
[2022-07-10 08:33:43,622] {scheduler_job.py:182} INFO - Started process (PID=108) to work on /home/airflow/.local/lib/python3.6/site-packages/airflow/example_dags/example_kubernetes_executor.py
[2022-07-10 08:33:43,623] {scheduler_job.py:629} INFO - Processing file /home/airflow/.local/lib/python3.6/site-packages/airflow/example_dags/example_kubernetes_executor.py for tasks to queue
[2022-07-10 08:33:43,623] {logging_mixin.py:104} INFO - [2022-07-10 08:33:43,623] {dagbag.py:451} INFO - Filling up the DagBag from /home/airflow/.local/lib/python3.6/site-packages/airflow/example_dags/example_kubernetes_executor.py
[2022-07-10 08:33:43,630] {scheduler_job.py:639} INFO - DAG(s) dict_keys(['example_kubernetes_executor']) retrieved from /home/airflow/.local/lib/python3.6/site-packages/airflow/example_dags/example_kubernetes_executor.py
[2022-07-10 08:33:43,642] {logging_mixin.py:104} INFO - [2022-07-10 08:33:43,642] {dag.py:1824} INFO - Sync 1 DAGs
[2022-07-10 08:33:43,653] {logging_mixin.py:104} INFO - [2022-07-10 08:33:43,653] {dag.py:2280} INFO - Setting next_dagrun for example_kubernetes_executor to None
[2022-07-10 08:33:43,659] {scheduler_job.py:190} INFO - Processing /home/airflow/.local/lib/python3.6/site-packages/airflow/example_dags/example_kubernetes_executor.py took 0.039 seconds
[2022-07-10 08:34:14,459] {scheduler_job.py:182} INFO - Started process (PID=134) to work on /home/airflow/.local/lib/python3.6/site-packages/airflow/example_dags/example_kubernetes_executor.py
[2022-07-10 08:34:14,459] {scheduler_job.py:629} INFO - Processing file /home/airflow/.local/lib/python3.6/site-packages/airflow/example_dags/example_kubernetes_executor.py for tasks to queue
[2022-07-10 08:34:14,460] {logging_mixin.py:104} INFO - [2022-07-10 08:34:14,460] {dagbag.py:451} INFO - Filling up the DagBag from /home/airflow/.local/lib/python3.6/site-packages/airflow/example_dags/example_kubernetes_executor.py
[2022-07-10 08:34:14,467] {scheduler_job.py:639} INFO - DAG(s) dict_keys(['example_kubernetes_executor']) retrieved from /home/airflow/.local/lib/python3.6/site-packages/airflow/example_dags/example_kubernetes_executor.py
[2022-07-10 08:34:14,479] {logging_mixin.py:104} INFO - [2022-07-10 08:34:14,479] {dag.py:1824} INFO - Sync 1 DAGs
[2022-07-10 08:34:14,489] {logging_mixin.py:104} INFO - [2022-07-10 08:34:14,488] {dag.py:2280} INFO - Setting next_dagrun for example_kubernetes_executor to None
[2022-07-10 08:34:14,495] {scheduler_job.py:190} INFO - Processing /home/airflow/.local/lib/python3.6/site-packages/airflow/example_dags/example_kubernetes_executor.py took 0.038 seconds
[2022-07-10 08:34:45,270] {scheduler_job.py:182} INFO - Started process (PID=160) to work on /home/airflow/.local/lib/python3.6/site-packages/airflow/example_dags/example_kubernetes_executor.py
[2022-07-10 08:34:45,270] {scheduler_job.py:629} INFO - Processing file /home/airflow/.local/lib/python3.6/site-packages/airflow/example_dags/example_kubernetes_executor.py for tasks to queue
[2022-07-10 08:34:45,271] {logging_mixin.py:104} INFO - [2022-07-10 08:34:45,271] {dagbag.py:451} INFO - Filling up the DagBag from /home/airflow/.local/lib/python3.6/site-packages/airflow/example_dags/example_kubernetes_executor.py
[2022-07-10 08:34:45,278] {scheduler_job.py:639} INFO - DAG(s) dict_keys(['example_kubernetes_executor']) retrieved from /home/airflow/.local/lib/python3.6/site-packages/airflow/example_dags/example_kubernetes_executor.py
[2022-07-10 08:34:45,289] {logging_mixin.py:104} INFO - [2022-07-10 08:34:45,289] {dag.py:1824} INFO - Sync 1 DAGs
[2022-07-10 08:34:45,299] {logging_mixin.py:104} INFO - [2022-07-10 08:34:45,299] {dag.py:2280} INFO - Setting next_dagrun for example_kubernetes_executor to None
[2022-07-10 08:34:45,305] {scheduler_job.py:190} INFO - Processing /home/airflow/.local/lib/python3.6/site-packages/airflow/example_dags/example_kubernetes_executor.py took 0.037 seconds
[2022-07-10 08:35:16,074] {scheduler_job.py:182} INFO - Started process (PID=186) to work on /home/airflow/.local/lib/python3.6/site-packages/airflow/example_dags/example_kubernetes_executor.py
[2022-07-10 08:35:16,075] {scheduler_job.py:629} INFO - Processing file /home/airflow/.local/lib/python3.6/site-packages/airflow/example_dags/example_kubernetes_executor.py for tasks to queue
[2022-07-10 08:35:16,075] {logging_mixin.py:104} INFO - [2022-07-10 08:35:16,075] {dagbag.py:451} INFO - Filling up the DagBag from /home/airflow/.local/lib/python3.6/site-packages/airflow/example_dags/example_kubernetes_executor.py
[2022-07-10 08:35:16,081] {scheduler_job.py:639} INFO - DAG(s) dict_keys(['example_kubernetes_executor']) retrieved from /home/airflow/.local/lib/python3.6/site-packages/airflow/example_dags/example_kubernetes_executor.py
[2022-07-10 08:35:16,095] {logging_mixin.py:104} INFO - [2022-07-10 08:35:16,095] {dag.py:1824} INFO - Sync 1 DAGs
[2022-07-10 08:35:16,104] {logging_mixin.py:104} INFO - [2022-07-10 08:35:16,104] {dag.py:2280} INFO - Setting next_dagrun for example_kubernetes_executor to None
[2022-07-10 08:35:16,109] {scheduler_job.py:190} INFO - Processing /home/airflow/.local/lib/python3.6/site-packages/airflow/example_dags/example_kubernetes_executor.py took 0.037 seconds
[2022-07-10 08:35:46,816] {scheduler_job.py:182} INFO - Started process (PID=212) to work on /home/airflow/.local/lib/python3.6/site-packages/airflow/example_dags/example_kubernetes_executor.py
[2022-07-10 08:35:46,817] {scheduler_job.py:629} INFO - Processing file /home/airflow/.local/lib/python3.6/site-packages/airflow/example_dags/example_kubernetes_executor.py for tasks to queue
[2022-07-10 08:35:46,817] {logging_mixin.py:104} INFO - [2022-07-10 08:35:46,817] {dagbag.py:451} INFO - Filling up the DagBag from /home/airflow/.local/lib/python3.6/site-packages/airflow/example_dags/example_kubernetes_executor.py
[2022-07-10 08:35:46,824] {scheduler_job.py:639} INFO - DAG(s) dict_keys(['example_kubernetes_executor']) retrieved from /home/airflow/.local/lib/python3.6/site-packages/airflow/example_dags/example_kubernetes_executor.py
[2022-07-10 08:35:46,839] {logging_mixin.py:104} INFO - [2022-07-10 08:35:46,839] {dag.py:1824} INFO - Sync 1 DAGs
[2022-07-10 08:35:46,848] {logging_mixin.py:104} INFO - [2022-07-10 08:35:46,848] {dag.py:2280} INFO - Setting next_dagrun for example_kubernetes_executor to None
[2022-07-10 08:35:46,854] {scheduler_job.py:190} INFO - Processing /home/airflow/.local/lib/python3.6/site-packages/airflow/example_dags/example_kubernetes_executor.py took 0.040 seconds
[2022-07-10 08:36:17,692] {scheduler_job.py:182} INFO - Started process (PID=238) to work on /home/airflow/.local/lib/python3.6/site-packages/airflow/example_dags/example_kubernetes_executor.py
[2022-07-10 08:36:17,692] {scheduler_job.py:629} INFO - Processing file /home/airflow/.local/lib/python3.6/site-packages/airflow/example_dags/example_kubernetes_executor.py for tasks to queue
[2022-07-10 08:36:17,693] {logging_mixin.py:104} INFO - [2022-07-10 08:36:17,693] {dagbag.py:451} INFO - Filling up the DagBag from /home/airflow/.local/lib/python3.6/site-packages/airflow/example_dags/example_kubernetes_executor.py
[2022-07-10 08:36:17,700] {scheduler_job.py:639} INFO - DAG(s) dict_keys(['example_kubernetes_executor']) retrieved from /home/airflow/.local/lib/python3.6/site-packages/airflow/example_dags/example_kubernetes_executor.py
[2022-07-10 08:36:17,713] {logging_mixin.py:104} INFO - [2022-07-10 08:36:17,713] {dag.py:1824} INFO - Sync 1 DAGs
[2022-07-10 08:36:17,721] {logging_mixin.py:104} INFO - [2022-07-10 08:36:17,721] {dag.py:2280} INFO - Setting next_dagrun for example_kubernetes_executor to None
[2022-07-10 08:36:17,727] {scheduler_job.py:190} INFO - Processing /home/airflow/.local/lib/python3.6/site-packages/airflow/example_dags/example_kubernetes_executor.py took 0.037 seconds
[2022-07-10 08:36:48,485] {scheduler_job.py:182} INFO - Started process (PID=264) to work on /home/airflow/.local/lib/python3.6/site-packages/airflow/example_dags/example_kubernetes_executor.py
[2022-07-10 08:36:48,485] {scheduler_job.py:629} INFO - Processing file /home/airflow/.local/lib/python3.6/site-packages/airflow/example_dags/example_kubernetes_executor.py for tasks to queue
[2022-07-10 08:36:48,486] {logging_mixin.py:104} INFO - [2022-07-10 08:36:48,486] {dagbag.py:451} INFO - Filling up the DagBag from /home/airflow/.local/lib/python3.6/site-packages/airflow/example_dags/example_kubernetes_executor.py
[2022-07-10 08:36:48,493] {scheduler_job.py:639} INFO - DAG(s) dict_keys(['example_kubernetes_executor']) retrieved from /home/airflow/.local/lib/python3.6/site-packages/airflow/example_dags/example_kubernetes_executor.py
[2022-07-10 08:36:48,506] {logging_mixin.py:104} INFO - [2022-07-10 08:36:48,506] {dag.py:1824} INFO - Sync 1 DAGs
[2022-07-10 08:36:48,515] {logging_mixin.py:104} INFO - [2022-07-10 08:36:48,514] {dag.py:2280} INFO - Setting next_dagrun for example_kubernetes_executor to None
[2022-07-10 08:36:48,522] {scheduler_job.py:190} INFO - Processing /home/airflow/.local/lib/python3.6/site-packages/airflow/example_dags/example_kubernetes_executor.py took 0.039 seconds
[2022-07-10 08:37:19,464] {scheduler_job.py:182} INFO - Started process (PID=290) to work on /home/airflow/.local/lib/python3.6/site-packages/airflow/example_dags/example_kubernetes_executor.py
[2022-07-10 08:37:19,464] {scheduler_job.py:629} INFO - Processing file /home/airflow/.local/lib/python3.6/site-packages/airflow/example_dags/example_kubernetes_executor.py for tasks to queue
[2022-07-10 08:37:19,465] {logging_mixin.py:104} INFO - [2022-07-10 08:37:19,465] {dagbag.py:451} INFO - Filling up the DagBag from /home/airflow/.local/lib/python3.6/site-packages/airflow/example_dags/example_kubernetes_executor.py
[2022-07-10 08:37:19,473] {scheduler_job.py:639} INFO - DAG(s) dict_keys(['example_kubernetes_executor']) retrieved from /home/airflow/.local/lib/python3.6/site-packages/airflow/example_dags/example_kubernetes_executor.py
[2022-07-10 08:37:19,485] {logging_mixin.py:104} INFO - [2022-07-10 08:37:19,485] {dag.py:1824} INFO - Sync 1 DAGs
[2022-07-10 08:37:19,494] {logging_mixin.py:104} INFO - [2022-07-10 08:37:19,494] {dag.py:2280} INFO - Setting next_dagrun for example_kubernetes_executor to None
[2022-07-10 08:37:19,500] {scheduler_job.py:190} INFO - Processing /home/airflow/.local/lib/python3.6/site-packages/airflow/example_dags/example_kubernetes_executor.py took 0.038 seconds
[2022-07-10 08:37:50,422] {scheduler_job.py:182} INFO - Started process (PID=316) to work on /home/airflow/.local/lib/python3.6/site-packages/airflow/example_dags/example_kubernetes_executor.py
[2022-07-10 08:37:50,422] {scheduler_job.py:629} INFO - Processing file /home/airflow/.local/lib/python3.6/site-packages/airflow/example_dags/example_kubernetes_executor.py for tasks to queue
[2022-07-10 08:37:50,423] {logging_mixin.py:104} INFO - [2022-07-10 08:37:50,423] {dagbag.py:451} INFO - Filling up the DagBag from /home/airflow/.local/lib/python3.6/site-packages/airflow/example_dags/example_kubernetes_executor.py
[2022-07-10 08:37:50,431] {scheduler_job.py:639} INFO - DAG(s) dict_keys(['example_kubernetes_executor']) retrieved from /home/airflow/.local/lib/python3.6/site-packages/airflow/example_dags/example_kubernetes_executor.py
[2022-07-10 08:37:50,443] {logging_mixin.py:104} INFO - [2022-07-10 08:37:50,442] {dag.py:1824} INFO - Sync 1 DAGs
[2022-07-10 08:37:50,451] {logging_mixin.py:104} INFO - [2022-07-10 08:37:50,451] {dag.py:2280} INFO - Setting next_dagrun for example_kubernetes_executor to None
[2022-07-10 08:37:50,457] {scheduler_job.py:190} INFO - Processing /home/airflow/.local/lib/python3.6/site-packages/airflow/example_dags/example_kubernetes_executor.py took 0.037 seconds
[2022-07-10 08:38:21,204] {scheduler_job.py:182} INFO - Started process (PID=342) to work on /home/airflow/.local/lib/python3.6/site-packages/airflow/example_dags/example_kubernetes_executor.py
[2022-07-10 08:38:21,205] {scheduler_job.py:629} INFO - Processing file /home/airflow/.local/lib/python3.6/site-packages/airflow/example_dags/example_kubernetes_executor.py for tasks to queue
[2022-07-10 08:38:21,205] {logging_mixin.py:104} INFO - [2022-07-10 08:38:21,205] {dagbag.py:451} INFO - Filling up the DagBag from /home/airflow/.local/lib/python3.6/site-packages/airflow/example_dags/example_kubernetes_executor.py
[2022-07-10 08:38:21,213] {scheduler_job.py:639} INFO - DAG(s) dict_keys(['example_kubernetes_executor']) retrieved from /home/airflow/.local/lib/python3.6/site-packages/airflow/example_dags/example_kubernetes_executor.py
[2022-07-10 08:38:21,225] {logging_mixin.py:104} INFO - [2022-07-10 08:38:21,225] {dag.py:1824} INFO - Sync 1 DAGs
[2022-07-10 08:38:21,233] {logging_mixin.py:104} INFO - [2022-07-10 08:38:21,233] {dag.py:2280} INFO - Setting next_dagrun for example_kubernetes_executor to None
[2022-07-10 08:38:21,239] {scheduler_job.py:190} INFO - Processing /home/airflow/.local/lib/python3.6/site-packages/airflow/example_dags/example_kubernetes_executor.py took 0.037 seconds
[2022-07-10 08:38:52,264] {scheduler_job.py:182} INFO - Started process (PID=368) to work on /home/airflow/.local/lib/python3.6/site-packages/airflow/example_dags/example_kubernetes_executor.py
[2022-07-10 08:38:52,265] {scheduler_job.py:629} INFO - Processing file /home/airflow/.local/lib/python3.6/site-packages/airflow/example_dags/example_kubernetes_executor.py for tasks to queue
[2022-07-10 08:38:52,265] {logging_mixin.py:104} INFO - [2022-07-10 08:38:52,265] {dagbag.py:451} INFO - Filling up the DagBag from /home/airflow/.local/lib/python3.6/site-packages/airflow/example_dags/example_kubernetes_executor.py
[2022-07-10 08:38:52,275] {scheduler_job.py:639} INFO - DAG(s) dict_keys(['example_kubernetes_executor']) retrieved from /home/airflow/.local/lib/python3.6/site-packages/airflow/example_dags/example_kubernetes_executor.py
[2022-07-10 08:38:52,288] {logging_mixin.py:104} INFO - [2022-07-10 08:38:52,288] {dag.py:1824} INFO - Sync 1 DAGs
[2022-07-10 08:38:52,297] {logging_mixin.py:104} INFO - [2022-07-10 08:38:52,296] {dag.py:2280} INFO - Setting next_dagrun for example_kubernetes_executor to None
[2022-07-10 08:38:52,302] {scheduler_job.py:190} INFO - Processing /home/airflow/.local/lib/python3.6/site-packages/airflow/example_dags/example_kubernetes_executor.py took 0.040 seconds
[2022-07-10 08:39:23,130] {scheduler_job.py:182} INFO - Started process (PID=394) to work on /home/airflow/.local/lib/python3.6/site-packages/airflow/example_dags/example_kubernetes_executor.py
[2022-07-10 08:39:23,130] {scheduler_job.py:629} INFO - Processing file /home/airflow/.local/lib/python3.6/site-packages/airflow/example_dags/example_kubernetes_executor.py for tasks to queue
[2022-07-10 08:39:23,131] {logging_mixin.py:104} INFO - [2022-07-10 08:39:23,131] {dagbag.py:451} INFO - Filling up the DagBag from /home/airflow/.local/lib/python3.6/site-packages/airflow/example_dags/example_kubernetes_executor.py
[2022-07-10 08:39:23,140] {scheduler_job.py:639} INFO - DAG(s) dict_keys(['example_kubernetes_executor']) retrieved from /home/airflow/.local/lib/python3.6/site-packages/airflow/example_dags/example_kubernetes_executor.py
[2022-07-10 08:39:23,152] {logging_mixin.py:104} INFO - [2022-07-10 08:39:23,152] {dag.py:1824} INFO - Sync 1 DAGs
[2022-07-10 08:39:23,161] {logging_mixin.py:104} INFO - [2022-07-10 08:39:23,161] {dag.py:2280} INFO - Setting next_dagrun for example_kubernetes_executor to None
[2022-07-10 08:39:23,167] {scheduler_job.py:190} INFO - Processing /home/airflow/.local/lib/python3.6/site-packages/airflow/example_dags/example_kubernetes_executor.py took 0.039 seconds
[2022-07-10 08:39:53,891] {scheduler_job.py:182} INFO - Started process (PID=420) to work on /home/airflow/.local/lib/python3.6/site-packages/airflow/example_dags/example_kubernetes_executor.py
[2022-07-10 08:39:53,894] {scheduler_job.py:629} INFO - Processing file /home/airflow/.local/lib/python3.6/site-packages/airflow/example_dags/example_kubernetes_executor.py for tasks to queue
[2022-07-10 08:39:53,894] {logging_mixin.py:104} INFO - [2022-07-10 08:39:53,894] {dagbag.py:451} INFO - Filling up the DagBag from /home/airflow/.local/lib/python3.6/site-packages/airflow/example_dags/example_kubernetes_executor.py
[2022-07-10 08:39:53,901] {scheduler_job.py:639} INFO - DAG(s) dict_keys(['example_kubernetes_executor']) retrieved from /home/airflow/.local/lib/python3.6/site-packages/airflow/example_dags/example_kubernetes_executor.py
[2022-07-10 08:39:53,913] {logging_mixin.py:104} INFO - [2022-07-10 08:39:53,912] {dag.py:1824} INFO - Sync 1 DAGs
[2022-07-10 08:39:53,921] {logging_mixin.py:104} INFO - [2022-07-10 08:39:53,921] {dag.py:2280} INFO - Setting next_dagrun for example_kubernetes_executor to None
[2022-07-10 08:39:53,927] {scheduler_job.py:190} INFO - Processing /home/airflow/.local/lib/python3.6/site-packages/airflow/example_dags/example_kubernetes_executor.py took 0.038 seconds
[2022-07-10 08:40:24,803] {scheduler_job.py:182} INFO - Started process (PID=446) to work on /home/airflow/.local/lib/python3.6/site-packages/airflow/example_dags/example_kubernetes_executor.py
[2022-07-10 08:40:24,803] {scheduler_job.py:629} INFO - Processing file /home/airflow/.local/lib/python3.6/site-packages/airflow/example_dags/example_kubernetes_executor.py for tasks to queue
[2022-07-10 08:40:24,804] {logging_mixin.py:104} INFO - [2022-07-10 08:40:24,804] {dagbag.py:451} INFO - Filling up the DagBag from /home/airflow/.local/lib/python3.6/site-packages/airflow/example_dags/example_kubernetes_executor.py
[2022-07-10 08:40:24,811] {scheduler_job.py:639} INFO - DAG(s) dict_keys(['example_kubernetes_executor']) retrieved from /home/airflow/.local/lib/python3.6/site-packages/airflow/example_dags/example_kubernetes_executor.py
[2022-07-10 08:40:24,825] {logging_mixin.py:104} INFO - [2022-07-10 08:40:24,825] {dag.py:1824} INFO - Sync 1 DAGs
[2022-07-10 08:40:24,834] {logging_mixin.py:104} INFO - [2022-07-10 08:40:24,834] {dag.py:2280} INFO - Setting next_dagrun for example_kubernetes_executor to None
[2022-07-10 08:40:24,840] {scheduler_job.py:190} INFO - Processing /home/airflow/.local/lib/python3.6/site-packages/airflow/example_dags/example_kubernetes_executor.py took 0.039 seconds
[2022-07-10 08:40:55,538] {scheduler_job.py:182} INFO - Started process (PID=472) to work on /home/airflow/.local/lib/python3.6/site-packages/airflow/example_dags/example_kubernetes_executor.py
[2022-07-10 08:40:55,538] {scheduler_job.py:629} INFO - Processing file /home/airflow/.local/lib/python3.6/site-packages/airflow/example_dags/example_kubernetes_executor.py for tasks to queue
[2022-07-10 08:40:55,539] {logging_mixin.py:104} INFO - [2022-07-10 08:40:55,539] {dagbag.py:451} INFO - Filling up the DagBag from /home/airflow/.local/lib/python3.6/site-packages/airflow/example_dags/example_kubernetes_executor.py
[2022-07-10 08:40:55,546] {scheduler_job.py:639} INFO - DAG(s) dict_keys(['example_kubernetes_executor']) retrieved from /home/airflow/.local/lib/python3.6/site-packages/airflow/example_dags/example_kubernetes_executor.py
[2022-07-10 08:40:55,558] {logging_mixin.py:104} INFO - [2022-07-10 08:40:55,558] {dag.py:1824} INFO - Sync 1 DAGs
[2022-07-10 08:40:55,566] {logging_mixin.py:104} INFO - [2022-07-10 08:40:55,566] {dag.py:2280} INFO - Setting next_dagrun for example_kubernetes_executor to None
[2022-07-10 08:40:55,572] {scheduler_job.py:190} INFO - Processing /home/airflow/.local/lib/python3.6/site-packages/airflow/example_dags/example_kubernetes_executor.py took 0.036 seconds
[2022-07-10 08:41:26,329] {scheduler_job.py:182} INFO - Started process (PID=498) to work on /home/airflow/.local/lib/python3.6/site-packages/airflow/example_dags/example_kubernetes_executor.py
[2022-07-10 08:41:26,330] {scheduler_job.py:629} INFO - Processing file /home/airflow/.local/lib/python3.6/site-packages/airflow/example_dags/example_kubernetes_executor.py for tasks to queue
[2022-07-10 08:41:26,330] {logging_mixin.py:104} INFO - [2022-07-10 08:41:26,330] {dagbag.py:451} INFO - Filling up the DagBag from /home/airflow/.local/lib/python3.6/site-packages/airflow/example_dags/example_kubernetes_executor.py
[2022-07-10 08:41:26,337] {scheduler_job.py:639} INFO - DAG(s) dict_keys(['example_kubernetes_executor']) retrieved from /home/airflow/.local/lib/python3.6/site-packages/airflow/example_dags/example_kubernetes_executor.py
[2022-07-10 08:41:26,350] {logging_mixin.py:104} INFO - [2022-07-10 08:41:26,350] {dag.py:1824} INFO - Sync 1 DAGs
[2022-07-10 08:41:26,359] {logging_mixin.py:104} INFO - [2022-07-10 08:41:26,359] {dag.py:2280} INFO - Setting next_dagrun for example_kubernetes_executor to None
[2022-07-10 08:41:26,366] {scheduler_job.py:190} INFO - Processing /home/airflow/.local/lib/python3.6/site-packages/airflow/example_dags/example_kubernetes_executor.py took 0.038 seconds
[2022-07-10 08:41:57,189] {scheduler_job.py:182} INFO - Started process (PID=524) to work on /home/airflow/.local/lib/python3.6/site-packages/airflow/example_dags/example_kubernetes_executor.py
[2022-07-10 08:41:57,189] {scheduler_job.py:629} INFO - Processing file /home/airflow/.local/lib/python3.6/site-packages/airflow/example_dags/example_kubernetes_executor.py for tasks to queue
[2022-07-10 08:41:57,190] {logging_mixin.py:104} INFO - [2022-07-10 08:41:57,190] {dagbag.py:451} INFO - Filling up the DagBag from /home/airflow/.local/lib/python3.6/site-packages/airflow/example_dags/example_kubernetes_executor.py
[2022-07-10 08:41:57,197] {scheduler_job.py:639} INFO - DAG(s) dict_keys(['example_kubernetes_executor']) retrieved from /home/airflow/.local/lib/python3.6/site-packages/airflow/example_dags/example_kubernetes_executor.py
[2022-07-10 08:41:57,208] {logging_mixin.py:104} INFO - [2022-07-10 08:41:57,208] {dag.py:1824} INFO - Sync 1 DAGs
[2022-07-10 08:41:57,217] {logging_mixin.py:104} INFO - [2022-07-10 08:41:57,217] {dag.py:2280} INFO - Setting next_dagrun for example_kubernetes_executor to None
[2022-07-10 08:41:57,223] {scheduler_job.py:190} INFO - Processing /home/airflow/.local/lib/python3.6/site-packages/airflow/example_dags/example_kubernetes_executor.py took 0.036 seconds
[2022-07-10 08:42:28,043] {scheduler_job.py:182} INFO - Started process (PID=550) to work on /home/airflow/.local/lib/python3.6/site-packages/airflow/example_dags/example_kubernetes_executor.py
[2022-07-10 08:42:28,044] {scheduler_job.py:629} INFO - Processing file /home/airflow/.local/lib/python3.6/site-packages/airflow/example_dags/example_kubernetes_executor.py for tasks to queue
[2022-07-10 08:42:28,045] {logging_mixin.py:104} INFO - [2022-07-10 08:42:28,045] {dagbag.py:451} INFO - Filling up the DagBag from /home/airflow/.local/lib/python3.6/site-packages/airflow/example_dags/example_kubernetes_executor.py
[2022-07-10 08:42:28,051] {scheduler_job.py:639} INFO - DAG(s) dict_keys(['example_kubernetes_executor']) retrieved from /home/airflow/.local/lib/python3.6/site-packages/airflow/example_dags/example_kubernetes_executor.py
[2022-07-10 08:42:28,063] {logging_mixin.py:104} INFO - [2022-07-10 08:42:28,063] {dag.py:1824} INFO - Sync 1 DAGs
[2022-07-10 08:42:28,071] {logging_mixin.py:104} INFO - [2022-07-10 08:42:28,071] {dag.py:2280} INFO - Setting next_dagrun for example_kubernetes_executor to None
[2022-07-10 08:42:28,077] {scheduler_job.py:190} INFO - Processing /home/airflow/.local/lib/python3.6/site-packages/airflow/example_dags/example_kubernetes_executor.py took 0.035 seconds
[2022-07-10 08:42:58,789] {scheduler_job.py:182} INFO - Started process (PID=576) to work on /home/airflow/.local/lib/python3.6/site-packages/airflow/example_dags/example_kubernetes_executor.py
[2022-07-10 08:42:58,789] {scheduler_job.py:629} INFO - Processing file /home/airflow/.local/lib/python3.6/site-packages/airflow/example_dags/example_kubernetes_executor.py for tasks to queue
[2022-07-10 08:42:58,790] {logging_mixin.py:104} INFO - [2022-07-10 08:42:58,790] {dagbag.py:451} INFO - Filling up the DagBag from /home/airflow/.local/lib/python3.6/site-packages/airflow/example_dags/example_kubernetes_executor.py
[2022-07-10 08:42:58,797] {scheduler_job.py:639} INFO - DAG(s) dict_keys(['example_kubernetes_executor']) retrieved from /home/airflow/.local/lib/python3.6/site-packages/airflow/example_dags/example_kubernetes_executor.py
[2022-07-10 08:42:58,809] {logging_mixin.py:104} INFO - [2022-07-10 08:42:58,809] {dag.py:1824} INFO - Sync 1 DAGs
[2022-07-10 08:42:58,817] {logging_mixin.py:104} INFO - [2022-07-10 08:42:58,817] {dag.py:2280} INFO - Setting next_dagrun for example_kubernetes_executor to None
[2022-07-10 08:42:58,823] {scheduler_job.py:190} INFO - Processing /home/airflow/.local/lib/python3.6/site-packages/airflow/example_dags/example_kubernetes_executor.py took 0.036 seconds
[2022-07-10 08:43:29,634] {scheduler_job.py:182} INFO - Started process (PID=602) to work on /home/airflow/.local/lib/python3.6/site-packages/airflow/example_dags/example_kubernetes_executor.py
[2022-07-10 08:43:29,635] {scheduler_job.py:629} INFO - Processing file /home/airflow/.local/lib/python3.6/site-packages/airflow/example_dags/example_kubernetes_executor.py for tasks to queue
[2022-07-10 08:43:29,635] {logging_mixin.py:104} INFO - [2022-07-10 08:43:29,635] {dagbag.py:451} INFO - Filling up the DagBag from /home/airflow/.local/lib/python3.6/site-packages/airflow/example_dags/example_kubernetes_executor.py
[2022-07-10 08:43:29,643] {scheduler_job.py:639} INFO - DAG(s) dict_keys(['example_kubernetes_executor']) retrieved from /home/airflow/.local/lib/python3.6/site-packages/airflow/example_dags/example_kubernetes_executor.py
[2022-07-10 08:43:29,656] {logging_mixin.py:104} INFO - [2022-07-10 08:43:29,656] {dag.py:1824} INFO - Sync 1 DAGs
[2022-07-10 08:43:29,665] {logging_mixin.py:104} INFO - [2022-07-10 08:43:29,665] {dag.py:2280} INFO - Setting next_dagrun for example_kubernetes_executor to None
[2022-07-10 08:43:29,672] {scheduler_job.py:190} INFO - Processing /home/airflow/.local/lib/python3.6/site-packages/airflow/example_dags/example_kubernetes_executor.py took 0.039 seconds
[2022-07-10 08:44:00,429] {scheduler_job.py:182} INFO - Started process (PID=628) to work on /home/airflow/.local/lib/python3.6/site-packages/airflow/example_dags/example_kubernetes_executor.py
[2022-07-10 08:44:00,430] {scheduler_job.py:629} INFO - Processing file /home/airflow/.local/lib/python3.6/site-packages/airflow/example_dags/example_kubernetes_executor.py for tasks to queue
[2022-07-10 08:44:00,430] {logging_mixin.py:104} INFO - [2022-07-10 08:44:00,430] {dagbag.py:451} INFO - Filling up the DagBag from /home/airflow/.local/lib/python3.6/site-packages/airflow/example_dags/example_kubernetes_executor.py
[2022-07-10 08:44:00,438] {scheduler_job.py:639} INFO - DAG(s) dict_keys(['example_kubernetes_executor']) retrieved from /home/airflow/.local/lib/python3.6/site-packages/airflow/example_dags/example_kubernetes_executor.py
[2022-07-10 08:44:00,451] {logging_mixin.py:104} INFO - [2022-07-10 08:44:00,451] {dag.py:1824} INFO - Sync 1 DAGs
[2022-07-10 08:44:00,460] {logging_mixin.py:104} INFO - [2022-07-10 08:44:00,460] {dag.py:2280} INFO - Setting next_dagrun for example_kubernetes_executor to None
[2022-07-10 08:44:00,467] {scheduler_job.py:190} INFO - Processing /home/airflow/.local/lib/python3.6/site-packages/airflow/example_dags/example_kubernetes_executor.py took 0.040 seconds
[2022-07-10 08:44:31,227] {scheduler_job.py:182} INFO - Started process (PID=654) to work on /home/airflow/.local/lib/python3.6/site-packages/airflow/example_dags/example_kubernetes_executor.py
[2022-07-10 08:44:31,227] {scheduler_job.py:629} INFO - Processing file /home/airflow/.local/lib/python3.6/site-packages/airflow/example_dags/example_kubernetes_executor.py for tasks to queue
[2022-07-10 08:44:31,228] {logging_mixin.py:104} INFO - [2022-07-10 08:44:31,228] {dagbag.py:451} INFO - Filling up the DagBag from /home/airflow/.local/lib/python3.6/site-packages/airflow/example_dags/example_kubernetes_executor.py
[2022-07-10 08:44:31,235] {scheduler_job.py:639} INFO - DAG(s) dict_keys(['example_kubernetes_executor']) retrieved from /home/airflow/.local/lib/python3.6/site-packages/airflow/example_dags/example_kubernetes_executor.py
[2022-07-10 08:44:31,246] {logging_mixin.py:104} INFO - [2022-07-10 08:44:31,246] {dag.py:1824} INFO - Sync 1 DAGs
[2022-07-10 08:44:31,254] {logging_mixin.py:104} INFO - [2022-07-10 08:44:31,254] {dag.py:2280} INFO - Setting next_dagrun for example_kubernetes_executor to None
[2022-07-10 08:44:31,260] {scheduler_job.py:190} INFO - Processing /home/airflow/.local/lib/python3.6/site-packages/airflow/example_dags/example_kubernetes_executor.py took 0.035 seconds
[2022-07-10 08:45:02,019] {scheduler_job.py:182} INFO - Started process (PID=680) to work on /home/airflow/.local/lib/python3.6/site-packages/airflow/example_dags/example_kubernetes_executor.py
[2022-07-10 08:45:02,021] {scheduler_job.py:629} INFO - Processing file /home/airflow/.local/lib/python3.6/site-packages/airflow/example_dags/example_kubernetes_executor.py for tasks to queue
[2022-07-10 08:45:02,021] {logging_mixin.py:104} INFO - [2022-07-10 08:45:02,021] {dagbag.py:451} INFO - Filling up the DagBag from /home/airflow/.local/lib/python3.6/site-packages/airflow/example_dags/example_kubernetes_executor.py
[2022-07-10 08:45:02,028] {scheduler_job.py:639} INFO - DAG(s) dict_keys(['example_kubernetes_executor']) retrieved from /home/airflow/.local/lib/python3.6/site-packages/airflow/example_dags/example_kubernetes_executor.py
[2022-07-10 08:45:02,041] {logging_mixin.py:104} INFO - [2022-07-10 08:45:02,041] {dag.py:1824} INFO - Sync 1 DAGs
[2022-07-10 08:45:02,050] {logging_mixin.py:104} INFO - [2022-07-10 08:45:02,050] {dag.py:2280} INFO - Setting next_dagrun for example_kubernetes_executor to None
[2022-07-10 08:45:02,057] {scheduler_job.py:190} INFO - Processing /home/airflow/.local/lib/python3.6/site-packages/airflow/example_dags/example_kubernetes_executor.py took 0.039 seconds
[2022-07-10 08:45:32,791] {scheduler_job.py:182} INFO - Started process (PID=706) to work on /home/airflow/.local/lib/python3.6/site-packages/airflow/example_dags/example_kubernetes_executor.py
[2022-07-10 08:45:32,791] {scheduler_job.py:629} INFO - Processing file /home/airflow/.local/lib/python3.6/site-packages/airflow/example_dags/example_kubernetes_executor.py for tasks to queue
[2022-07-10 08:45:32,792] {logging_mixin.py:104} INFO - [2022-07-10 08:45:32,792] {dagbag.py:451} INFO - Filling up the DagBag from /home/airflow/.local/lib/python3.6/site-packages/airflow/example_dags/example_kubernetes_executor.py
[2022-07-10 08:45:32,799] {scheduler_job.py:639} INFO - DAG(s) dict_keys(['example_kubernetes_executor']) retrieved from /home/airflow/.local/lib/python3.6/site-packages/airflow/example_dags/example_kubernetes_executor.py
[2022-07-10 08:45:32,811] {logging_mixin.py:104} INFO - [2022-07-10 08:45:32,811] {dag.py:1824} INFO - Sync 1 DAGs
[2022-07-10 08:45:32,819] {logging_mixin.py:104} INFO - [2022-07-10 08:45:32,819] {dag.py:2280} INFO - Setting next_dagrun for example_kubernetes_executor to None
[2022-07-10 08:45:32,826] {scheduler_job.py:190} INFO - Processing /home/airflow/.local/lib/python3.6/site-packages/airflow/example_dags/example_kubernetes_executor.py took 0.037 seconds
[2022-07-10 08:46:03,666] {scheduler_job.py:182} INFO - Started process (PID=732) to work on /home/airflow/.local/lib/python3.6/site-packages/airflow/example_dags/example_kubernetes_executor.py
[2022-07-10 08:46:03,667] {scheduler_job.py:629} INFO - Processing file /home/airflow/.local/lib/python3.6/site-packages/airflow/example_dags/example_kubernetes_executor.py for tasks to queue
[2022-07-10 08:46:03,667] {logging_mixin.py:104} INFO - [2022-07-10 08:46:03,667] {dagbag.py:451} INFO - Filling up the DagBag from /home/airflow/.local/lib/python3.6/site-packages/airflow/example_dags/example_kubernetes_executor.py
[2022-07-10 08:46:03,675] {scheduler_job.py:639} INFO - DAG(s) dict_keys(['example_kubernetes_executor']) retrieved from /home/airflow/.local/lib/python3.6/site-packages/airflow/example_dags/example_kubernetes_executor.py
[2022-07-10 08:46:03,688] {logging_mixin.py:104} INFO - [2022-07-10 08:46:03,688] {dag.py:1824} INFO - Sync 1 DAGs
[2022-07-10 08:46:03,698] {logging_mixin.py:104} INFO - [2022-07-10 08:46:03,698] {dag.py:2280} INFO - Setting next_dagrun for example_kubernetes_executor to None
[2022-07-10 08:46:03,704] {scheduler_job.py:190} INFO - Processing /home/airflow/.local/lib/python3.6/site-packages/airflow/example_dags/example_kubernetes_executor.py took 0.040 seconds
[2022-07-10 08:46:34,462] {scheduler_job.py:182} INFO - Started process (PID=758) to work on /home/airflow/.local/lib/python3.6/site-packages/airflow/example_dags/example_kubernetes_executor.py
[2022-07-10 08:46:34,463] {scheduler_job.py:629} INFO - Processing file /home/airflow/.local/lib/python3.6/site-packages/airflow/example_dags/example_kubernetes_executor.py for tasks to queue
[2022-07-10 08:46:34,463] {logging_mixin.py:104} INFO - [2022-07-10 08:46:34,463] {dagbag.py:451} INFO - Filling up the DagBag from /home/airflow/.local/lib/python3.6/site-packages/airflow/example_dags/example_kubernetes_executor.py
[2022-07-10 08:46:34,470] {scheduler_job.py:639} INFO - DAG(s) dict_keys(['example_kubernetes_executor']) retrieved from /home/airflow/.local/lib/python3.6/site-packages/airflow/example_dags/example_kubernetes_executor.py
[2022-07-10 08:46:34,481] {logging_mixin.py:104} INFO - [2022-07-10 08:46:34,481] {dag.py:1824} INFO - Sync 1 DAGs
[2022-07-10 08:46:34,490] {logging_mixin.py:104} INFO - [2022-07-10 08:46:34,490] {dag.py:2280} INFO - Setting next_dagrun for example_kubernetes_executor to None
[2022-07-10 08:46:34,496] {scheduler_job.py:190} INFO - Processing /home/airflow/.local/lib/python3.6/site-packages/airflow/example_dags/example_kubernetes_executor.py took 0.035 seconds
[2022-07-10 08:47:05,443] {scheduler_job.py:182} INFO - Started process (PID=784) to work on /home/airflow/.local/lib/python3.6/site-packages/airflow/example_dags/example_kubernetes_executor.py
[2022-07-10 08:47:05,444] {scheduler_job.py:629} INFO - Processing file /home/airflow/.local/lib/python3.6/site-packages/airflow/example_dags/example_kubernetes_executor.py for tasks to queue
[2022-07-10 08:47:05,444] {logging_mixin.py:104} INFO - [2022-07-10 08:47:05,444] {dagbag.py:451} INFO - Filling up the DagBag from /home/airflow/.local/lib/python3.6/site-packages/airflow/example_dags/example_kubernetes_executor.py
[2022-07-10 08:47:05,452] {scheduler_job.py:639} INFO - DAG(s) dict_keys(['example_kubernetes_executor']) retrieved from /home/airflow/.local/lib/python3.6/site-packages/airflow/example_dags/example_kubernetes_executor.py
[2022-07-10 08:47:05,466] {logging_mixin.py:104} INFO - [2022-07-10 08:47:05,466] {dag.py:1824} INFO - Sync 1 DAGs
[2022-07-10 08:47:05,477] {logging_mixin.py:104} INFO - [2022-07-10 08:47:05,476] {dag.py:2280} INFO - Setting next_dagrun for example_kubernetes_executor to None
[2022-07-10 08:47:05,484] {scheduler_job.py:190} INFO - Processing /home/airflow/.local/lib/python3.6/site-packages/airflow/example_dags/example_kubernetes_executor.py took 0.044 seconds
[2022-07-10 08:47:36,314] {scheduler_job.py:182} INFO - Started process (PID=810) to work on /home/airflow/.local/lib/python3.6/site-packages/airflow/example_dags/example_kubernetes_executor.py
[2022-07-10 08:47:36,315] {scheduler_job.py:629} INFO - Processing file /home/airflow/.local/lib/python3.6/site-packages/airflow/example_dags/example_kubernetes_executor.py for tasks to queue
[2022-07-10 08:47:36,315] {logging_mixin.py:104} INFO - [2022-07-10 08:47:36,315] {dagbag.py:451} INFO - Filling up the DagBag from /home/airflow/.local/lib/python3.6/site-packages/airflow/example_dags/example_kubernetes_executor.py
[2022-07-10 08:47:36,322] {scheduler_job.py:639} INFO - DAG(s) dict_keys(['example_kubernetes_executor']) retrieved from /home/airflow/.local/lib/python3.6/site-packages/airflow/example_dags/example_kubernetes_executor.py
[2022-07-10 08:47:36,334] {logging_mixin.py:104} INFO - [2022-07-10 08:47:36,334] {dag.py:1824} INFO - Sync 1 DAGs
[2022-07-10 08:47:36,343] {logging_mixin.py:104} INFO - [2022-07-10 08:47:36,342] {dag.py:2280} INFO - Setting next_dagrun for example_kubernetes_executor to None
[2022-07-10 08:47:36,349] {scheduler_job.py:190} INFO - Processing /home/airflow/.local/lib/python3.6/site-packages/airflow/example_dags/example_kubernetes_executor.py took 0.037 seconds
[2022-07-10 08:48:07,068] {scheduler_job.py:182} INFO - Started process (PID=836) to work on /home/airflow/.local/lib/python3.6/site-packages/airflow/example_dags/example_kubernetes_executor.py
[2022-07-10 08:48:07,069] {scheduler_job.py:629} INFO - Processing file /home/airflow/.local/lib/python3.6/site-packages/airflow/example_dags/example_kubernetes_executor.py for tasks to queue
[2022-07-10 08:48:07,069] {logging_mixin.py:104} INFO - [2022-07-10 08:48:07,069] {dagbag.py:451} INFO - Filling up the DagBag from /home/airflow/.local/lib/python3.6/site-packages/airflow/example_dags/example_kubernetes_executor.py
[2022-07-10 08:48:07,076] {scheduler_job.py:639} INFO - DAG(s) dict_keys(['example_kubernetes_executor']) retrieved from /home/airflow/.local/lib/python3.6/site-packages/airflow/example_dags/example_kubernetes_executor.py
[2022-07-10 08:48:07,089] {logging_mixin.py:104} INFO - [2022-07-10 08:48:07,089] {dag.py:1824} INFO - Sync 1 DAGs
[2022-07-10 08:48:07,098] {logging_mixin.py:104} INFO - [2022-07-10 08:48:07,097] {dag.py:2280} INFO - Setting next_dagrun for example_kubernetes_executor to None
[2022-07-10 08:48:07,104] {scheduler_job.py:190} INFO - Processing /home/airflow/.local/lib/python3.6/site-packages/airflow/example_dags/example_kubernetes_executor.py took 0.037 seconds
[2022-07-10 08:48:37,930] {scheduler_job.py:182} INFO - Started process (PID=862) to work on /home/airflow/.local/lib/python3.6/site-packages/airflow/example_dags/example_kubernetes_executor.py
[2022-07-10 08:48:37,931] {scheduler_job.py:629} INFO - Processing file /home/airflow/.local/lib/python3.6/site-packages/airflow/example_dags/example_kubernetes_executor.py for tasks to queue
[2022-07-10 08:48:37,931] {logging_mixin.py:104} INFO - [2022-07-10 08:48:37,931] {dagbag.py:451} INFO - Filling up the DagBag from /home/airflow/.local/lib/python3.6/site-packages/airflow/example_dags/example_kubernetes_executor.py
[2022-07-10 08:48:37,938] {scheduler_job.py:639} INFO - DAG(s) dict_keys(['example_kubernetes_executor']) retrieved from /home/airflow/.local/lib/python3.6/site-packages/airflow/example_dags/example_kubernetes_executor.py
[2022-07-10 08:48:37,950] {logging_mixin.py:104} INFO - [2022-07-10 08:48:37,950] {dag.py:1824} INFO - Sync 1 DAGs
[2022-07-10 08:48:37,958] {logging_mixin.py:104} INFO - [2022-07-10 08:48:37,958] {dag.py:2280} INFO - Setting next_dagrun for example_kubernetes_executor to None
[2022-07-10 08:48:37,965] {scheduler_job.py:190} INFO - Processing /home/airflow/.local/lib/python3.6/site-packages/airflow/example_dags/example_kubernetes_executor.py took 0.036 seconds
[2022-07-10 08:49:08,805] {scheduler_job.py:182} INFO - Started process (PID=888) to work on /home/airflow/.local/lib/python3.6/site-packages/airflow/example_dags/example_kubernetes_executor.py
[2022-07-10 08:49:08,806] {scheduler_job.py:629} INFO - Processing file /home/airflow/.local/lib/python3.6/site-packages/airflow/example_dags/example_kubernetes_executor.py for tasks to queue
[2022-07-10 08:49:08,807] {logging_mixin.py:104} INFO - [2022-07-10 08:49:08,807] {dagbag.py:451} INFO - Filling up the DagBag from /home/airflow/.local/lib/python3.6/site-packages/airflow/example_dags/example_kubernetes_executor.py
[2022-07-10 08:49:08,813] {scheduler_job.py:639} INFO - DAG(s) dict_keys(['example_kubernetes_executor']) retrieved from /home/airflow/.local/lib/python3.6/site-packages/airflow/example_dags/example_kubernetes_executor.py
[2022-07-10 08:49:08,825] {logging_mixin.py:104} INFO - [2022-07-10 08:49:08,825] {dag.py:1824} INFO - Sync 1 DAGs
[2022-07-10 08:49:08,834] {logging_mixin.py:104} INFO - [2022-07-10 08:49:08,834] {dag.py:2280} INFO - Setting next_dagrun for example_kubernetes_executor to None
[2022-07-10 08:49:08,840] {scheduler_job.py:190} INFO - Processing /home/airflow/.local/lib/python3.6/site-packages/airflow/example_dags/example_kubernetes_executor.py took 0.036 seconds
[2022-07-10 08:49:39,603] {scheduler_job.py:182} INFO - Started process (PID=914) to work on /home/airflow/.local/lib/python3.6/site-packages/airflow/example_dags/example_kubernetes_executor.py
[2022-07-10 08:49:39,605] {scheduler_job.py:629} INFO - Processing file /home/airflow/.local/lib/python3.6/site-packages/airflow/example_dags/example_kubernetes_executor.py for tasks to queue
[2022-07-10 08:49:39,605] {logging_mixin.py:104} INFO - [2022-07-10 08:49:39,605] {dagbag.py:451} INFO - Filling up the DagBag from /home/airflow/.local/lib/python3.6/site-packages/airflow/example_dags/example_kubernetes_executor.py
[2022-07-10 08:49:39,612] {scheduler_job.py:639} INFO - DAG(s) dict_keys(['example_kubernetes_executor']) retrieved from /home/airflow/.local/lib/python3.6/site-packages/airflow/example_dags/example_kubernetes_executor.py
[2022-07-10 08:49:39,625] {logging_mixin.py:104} INFO - [2022-07-10 08:49:39,625] {dag.py:1824} INFO - Sync 1 DAGs
[2022-07-10 08:49:39,634] {logging_mixin.py:104} INFO - [2022-07-10 08:49:39,634] {dag.py:2280} INFO - Setting next_dagrun for example_kubernetes_executor to None
[2022-07-10 08:49:39,640] {scheduler_job.py:190} INFO - Processing /home/airflow/.local/lib/python3.6/site-packages/airflow/example_dags/example_kubernetes_executor.py took 0.038 seconds
[2022-07-10 08:50:10,410] {scheduler_job.py:182} INFO - Started process (PID=940) to work on /home/airflow/.local/lib/python3.6/site-packages/airflow/example_dags/example_kubernetes_executor.py
[2022-07-10 08:50:10,411] {scheduler_job.py:629} INFO - Processing file /home/airflow/.local/lib/python3.6/site-packages/airflow/example_dags/example_kubernetes_executor.py for tasks to queue
[2022-07-10 08:50:10,411] {logging_mixin.py:104} INFO - [2022-07-10 08:50:10,411] {dagbag.py:451} INFO - Filling up the DagBag from /home/airflow/.local/lib/python3.6/site-packages/airflow/example_dags/example_kubernetes_executor.py
[2022-07-10 08:50:10,418] {scheduler_job.py:639} INFO - DAG(s) dict_keys(['example_kubernetes_executor']) retrieved from /home/airflow/.local/lib/python3.6/site-packages/airflow/example_dags/example_kubernetes_executor.py
[2022-07-10 08:50:10,431] {logging_mixin.py:104} INFO - [2022-07-10 08:50:10,431] {dag.py:1824} INFO - Sync 1 DAGs
[2022-07-10 08:50:10,444] {logging_mixin.py:104} INFO - [2022-07-10 08:50:10,444] {dag.py:2280} INFO - Setting next_dagrun for example_kubernetes_executor to None
[2022-07-10 08:50:10,452] {scheduler_job.py:190} INFO - Processing /home/airflow/.local/lib/python3.6/site-packages/airflow/example_dags/example_kubernetes_executor.py took 0.043 seconds
[2022-07-10 08:50:41,247] {scheduler_job.py:182} INFO - Started process (PID=966) to work on /home/airflow/.local/lib/python3.6/site-packages/airflow/example_dags/example_kubernetes_executor.py
[2022-07-10 08:50:41,248] {scheduler_job.py:629} INFO - Processing file /home/airflow/.local/lib/python3.6/site-packages/airflow/example_dags/example_kubernetes_executor.py for tasks to queue
[2022-07-10 08:50:41,248] {logging_mixin.py:104} INFO - [2022-07-10 08:50:41,248] {dagbag.py:451} INFO - Filling up the DagBag from /home/airflow/.local/lib/python3.6/site-packages/airflow/example_dags/example_kubernetes_executor.py
[2022-07-10 08:50:41,255] {scheduler_job.py:639} INFO - DAG(s) dict_keys(['example_kubernetes_executor']) retrieved from /home/airflow/.local/lib/python3.6/site-packages/airflow/example_dags/example_kubernetes_executor.py
[2022-07-10 08:50:41,266] {logging_mixin.py:104} INFO - [2022-07-10 08:50:41,266] {dag.py:1824} INFO - Sync 1 DAGs
[2022-07-10 08:50:41,275] {logging_mixin.py:104} INFO - [2022-07-10 08:50:41,275] {dag.py:2280} INFO - Setting next_dagrun for example_kubernetes_executor to None
[2022-07-10 08:50:41,281] {scheduler_job.py:190} INFO - Processing /home/airflow/.local/lib/python3.6/site-packages/airflow/example_dags/example_kubernetes_executor.py took 0.035 seconds
[2022-07-10 08:51:12,044] {scheduler_job.py:182} INFO - Started process (PID=992) to work on /home/airflow/.local/lib/python3.6/site-packages/airflow/example_dags/example_kubernetes_executor.py
[2022-07-10 08:51:12,045] {scheduler_job.py:629} INFO - Processing file /home/airflow/.local/lib/python3.6/site-packages/airflow/example_dags/example_kubernetes_executor.py for tasks to queue
[2022-07-10 08:51:12,045] {logging_mixin.py:104} INFO - [2022-07-10 08:51:12,045] {dagbag.py:451} INFO - Filling up the DagBag from /home/airflow/.local/lib/python3.6/site-packages/airflow/example_dags/example_kubernetes_executor.py
[2022-07-10 08:51:12,052] {scheduler_job.py:639} INFO - DAG(s) dict_keys(['example_kubernetes_executor']) retrieved from /home/airflow/.local/lib/python3.6/site-packages/airflow/example_dags/example_kubernetes_executor.py
[2022-07-10 08:51:12,063] {logging_mixin.py:104} INFO - [2022-07-10 08:51:12,063] {dag.py:1824} INFO - Sync 1 DAGs
[2022-07-10 08:51:12,071] {logging_mixin.py:104} INFO - [2022-07-10 08:51:12,071] {dag.py:2280} INFO - Setting next_dagrun for example_kubernetes_executor to None
[2022-07-10 08:51:12,077] {scheduler_job.py:190} INFO - Processing /home/airflow/.local/lib/python3.6/site-packages/airflow/example_dags/example_kubernetes_executor.py took 0.035 seconds
[2022-07-10 08:51:42,890] {scheduler_job.py:182} INFO - Started process (PID=1018) to work on /home/airflow/.local/lib/python3.6/site-packages/airflow/example_dags/example_kubernetes_executor.py
[2022-07-10 08:51:42,891] {scheduler_job.py:629} INFO - Processing file /home/airflow/.local/lib/python3.6/site-packages/airflow/example_dags/example_kubernetes_executor.py for tasks to queue
[2022-07-10 08:51:42,892] {logging_mixin.py:104} INFO - [2022-07-10 08:51:42,891] {dagbag.py:451} INFO - Filling up the DagBag from /home/airflow/.local/lib/python3.6/site-packages/airflow/example_dags/example_kubernetes_executor.py
[2022-07-10 08:51:42,899] {scheduler_job.py:639} INFO - DAG(s) dict_keys(['example_kubernetes_executor']) retrieved from /home/airflow/.local/lib/python3.6/site-packages/airflow/example_dags/example_kubernetes_executor.py
[2022-07-10 08:51:42,911] {logging_mixin.py:104} INFO - [2022-07-10 08:51:42,911] {dag.py:1824} INFO - Sync 1 DAGs
[2022-07-10 08:51:42,920] {logging_mixin.py:104} INFO - [2022-07-10 08:51:42,920] {dag.py:2280} INFO - Setting next_dagrun for example_kubernetes_executor to None
[2022-07-10 08:51:42,927] {scheduler_job.py:190} INFO - Processing /home/airflow/.local/lib/python3.6/site-packages/airflow/example_dags/example_kubernetes_executor.py took 0.038 seconds
[2022-07-10 08:52:13,689] {scheduler_job.py:182} INFO - Started process (PID=1044) to work on /home/airflow/.local/lib/python3.6/site-packages/airflow/example_dags/example_kubernetes_executor.py
[2022-07-10 08:52:13,690] {scheduler_job.py:629} INFO - Processing file /home/airflow/.local/lib/python3.6/site-packages/airflow/example_dags/example_kubernetes_executor.py for tasks to queue
[2022-07-10 08:52:13,690] {logging_mixin.py:104} INFO - [2022-07-10 08:52:13,690] {dagbag.py:451} INFO - Filling up the DagBag from /home/airflow/.local/lib/python3.6/site-packages/airflow/example_dags/example_kubernetes_executor.py
[2022-07-10 08:52:13,698] {scheduler_job.py:639} INFO - DAG(s) dict_keys(['example_kubernetes_executor']) retrieved from /home/airflow/.local/lib/python3.6/site-packages/airflow/example_dags/example_kubernetes_executor.py
[2022-07-10 08:52:13,710] {logging_mixin.py:104} INFO - [2022-07-10 08:52:13,709] {dag.py:1824} INFO - Sync 1 DAGs
[2022-07-10 08:52:13,719] {logging_mixin.py:104} INFO - [2022-07-10 08:52:13,718] {dag.py:2280} INFO - Setting next_dagrun for example_kubernetes_executor to None
[2022-07-10 08:52:13,724] {scheduler_job.py:190} INFO - Processing /home/airflow/.local/lib/python3.6/site-packages/airflow/example_dags/example_kubernetes_executor.py took 0.037 seconds
[2022-07-10 08:52:44,561] {scheduler_job.py:182} INFO - Started process (PID=1070) to work on /home/airflow/.local/lib/python3.6/site-packages/airflow/example_dags/example_kubernetes_executor.py
[2022-07-10 08:52:44,562] {scheduler_job.py:629} INFO - Processing file /home/airflow/.local/lib/python3.6/site-packages/airflow/example_dags/example_kubernetes_executor.py for tasks to queue
[2022-07-10 08:52:44,563] {logging_mixin.py:104} INFO - [2022-07-10 08:52:44,563] {dagbag.py:451} INFO - Filling up the DagBag from /home/airflow/.local/lib/python3.6/site-packages/airflow/example_dags/example_kubernetes_executor.py
[2022-07-10 08:52:44,569] {scheduler_job.py:639} INFO - DAG(s) dict_keys(['example_kubernetes_executor']) retrieved from /home/airflow/.local/lib/python3.6/site-packages/airflow/example_dags/example_kubernetes_executor.py
[2022-07-10 08:52:44,581] {logging_mixin.py:104} INFO - [2022-07-10 08:52:44,581] {dag.py:1824} INFO - Sync 1 DAGs
[2022-07-10 08:52:44,590] {logging_mixin.py:104} INFO - [2022-07-10 08:52:44,590] {dag.py:2280} INFO - Setting next_dagrun for example_kubernetes_executor to None
[2022-07-10 08:52:44,596] {scheduler_job.py:190} INFO - Processing /home/airflow/.local/lib/python3.6/site-packages/airflow/example_dags/example_kubernetes_executor.py took 0.036 seconds
[2022-07-10 08:53:15,423] {scheduler_job.py:182} INFO - Started process (PID=1096) to work on /home/airflow/.local/lib/python3.6/site-packages/airflow/example_dags/example_kubernetes_executor.py
[2022-07-10 08:53:15,424] {scheduler_job.py:629} INFO - Processing file /home/airflow/.local/lib/python3.6/site-packages/airflow/example_dags/example_kubernetes_executor.py for tasks to queue
[2022-07-10 08:53:15,425] {logging_mixin.py:104} INFO - [2022-07-10 08:53:15,424] {dagbag.py:451} INFO - Filling up the DagBag from /home/airflow/.local/lib/python3.6/site-packages/airflow/example_dags/example_kubernetes_executor.py
[2022-07-10 08:53:15,432] {scheduler_job.py:639} INFO - DAG(s) dict_keys(['example_kubernetes_executor']) retrieved from /home/airflow/.local/lib/python3.6/site-packages/airflow/example_dags/example_kubernetes_executor.py
[2022-07-10 08:53:15,444] {logging_mixin.py:104} INFO - [2022-07-10 08:53:15,444] {dag.py:1824} INFO - Sync 1 DAGs
[2022-07-10 08:53:15,452] {logging_mixin.py:104} INFO - [2022-07-10 08:53:15,452] {dag.py:2280} INFO - Setting next_dagrun for example_kubernetes_executor to None
[2022-07-10 08:53:15,458] {scheduler_job.py:190} INFO - Processing /home/airflow/.local/lib/python3.6/site-packages/airflow/example_dags/example_kubernetes_executor.py took 0.037 seconds
[2022-07-10 08:53:46,302] {scheduler_job.py:182} INFO - Started process (PID=1122) to work on /home/airflow/.local/lib/python3.6/site-packages/airflow/example_dags/example_kubernetes_executor.py
[2022-07-10 08:53:46,303] {scheduler_job.py:629} INFO - Processing file /home/airflow/.local/lib/python3.6/site-packages/airflow/example_dags/example_kubernetes_executor.py for tasks to queue
[2022-07-10 08:53:46,304] {logging_mixin.py:104} INFO - [2022-07-10 08:53:46,304] {dagbag.py:451} INFO - Filling up the DagBag from /home/airflow/.local/lib/python3.6/site-packages/airflow/example_dags/example_kubernetes_executor.py
[2022-07-10 08:53:46,310] {scheduler_job.py:639} INFO - DAG(s) dict_keys(['example_kubernetes_executor']) retrieved from /home/airflow/.local/lib/python3.6/site-packages/airflow/example_dags/example_kubernetes_executor.py
[2022-07-10 08:53:46,324] {logging_mixin.py:104} INFO - [2022-07-10 08:53:46,324] {dag.py:1824} INFO - Sync 1 DAGs
[2022-07-10 08:53:46,332] {logging_mixin.py:104} INFO - [2022-07-10 08:53:46,332] {dag.py:2280} INFO - Setting next_dagrun for example_kubernetes_executor to None
[2022-07-10 08:53:46,339] {scheduler_job.py:190} INFO - Processing /home/airflow/.local/lib/python3.6/site-packages/airflow/example_dags/example_kubernetes_executor.py took 0.038 seconds
[2022-07-10 08:54:17,211] {scheduler_job.py:182} INFO - Started process (PID=1148) to work on /home/airflow/.local/lib/python3.6/site-packages/airflow/example_dags/example_kubernetes_executor.py
[2022-07-10 08:54:17,212] {scheduler_job.py:629} INFO - Processing file /home/airflow/.local/lib/python3.6/site-packages/airflow/example_dags/example_kubernetes_executor.py for tasks to queue
[2022-07-10 08:54:17,213] {logging_mixin.py:104} INFO - [2022-07-10 08:54:17,213] {dagbag.py:451} INFO - Filling up the DagBag from /home/airflow/.local/lib/python3.6/site-packages/airflow/example_dags/example_kubernetes_executor.py
[2022-07-10 08:54:17,221] {scheduler_job.py:639} INFO - DAG(s) dict_keys(['example_kubernetes_executor']) retrieved from /home/airflow/.local/lib/python3.6/site-packages/airflow/example_dags/example_kubernetes_executor.py
[2022-07-10 08:54:17,236] {logging_mixin.py:104} INFO - [2022-07-10 08:54:17,236] {dag.py:1824} INFO - Sync 1 DAGs
[2022-07-10 08:54:17,246] {logging_mixin.py:104} INFO - [2022-07-10 08:54:17,246] {dag.py:2280} INFO - Setting next_dagrun for example_kubernetes_executor to None
[2022-07-10 08:54:17,253] {scheduler_job.py:190} INFO - Processing /home/airflow/.local/lib/python3.6/site-packages/airflow/example_dags/example_kubernetes_executor.py took 0.044 seconds
[2022-07-10 08:54:48,073] {scheduler_job.py:182} INFO - Started process (PID=1174) to work on /home/airflow/.local/lib/python3.6/site-packages/airflow/example_dags/example_kubernetes_executor.py
[2022-07-10 08:54:48,075] {scheduler_job.py:629} INFO - Processing file /home/airflow/.local/lib/python3.6/site-packages/airflow/example_dags/example_kubernetes_executor.py for tasks to queue
[2022-07-10 08:54:48,075] {logging_mixin.py:104} INFO - [2022-07-10 08:54:48,075] {dagbag.py:451} INFO - Filling up the DagBag from /home/airflow/.local/lib/python3.6/site-packages/airflow/example_dags/example_kubernetes_executor.py
[2022-07-10 08:54:48,082] {scheduler_job.py:639} INFO - DAG(s) dict_keys(['example_kubernetes_executor']) retrieved from /home/airflow/.local/lib/python3.6/site-packages/airflow/example_dags/example_kubernetes_executor.py
[2022-07-10 08:54:48,094] {logging_mixin.py:104} INFO - [2022-07-10 08:54:48,094] {dag.py:1824} INFO - Sync 1 DAGs
[2022-07-10 08:54:48,104] {logging_mixin.py:104} INFO - [2022-07-10 08:54:48,104] {dag.py:2280} INFO - Setting next_dagrun for example_kubernetes_executor to None
[2022-07-10 08:54:48,110] {scheduler_job.py:190} INFO - Processing /home/airflow/.local/lib/python3.6/site-packages/airflow/example_dags/example_kubernetes_executor.py took 0.039 seconds
[2022-07-10 08:55:18,879] {scheduler_job.py:182} INFO - Started process (PID=1200) to work on /home/airflow/.local/lib/python3.6/site-packages/airflow/example_dags/example_kubernetes_executor.py
[2022-07-10 08:55:18,880] {scheduler_job.py:629} INFO - Processing file /home/airflow/.local/lib/python3.6/site-packages/airflow/example_dags/example_kubernetes_executor.py for tasks to queue
[2022-07-10 08:55:18,881] {logging_mixin.py:104} INFO - [2022-07-10 08:55:18,880] {dagbag.py:451} INFO - Filling up the DagBag from /home/airflow/.local/lib/python3.6/site-packages/airflow/example_dags/example_kubernetes_executor.py
[2022-07-10 08:55:18,888] {scheduler_job.py:639} INFO - DAG(s) dict_keys(['example_kubernetes_executor']) retrieved from /home/airflow/.local/lib/python3.6/site-packages/airflow/example_dags/example_kubernetes_executor.py
[2022-07-10 08:55:18,902] {logging_mixin.py:104} INFO - [2022-07-10 08:55:18,902] {dag.py:1824} INFO - Sync 1 DAGs
[2022-07-10 08:55:18,911] {logging_mixin.py:104} INFO - [2022-07-10 08:55:18,911] {dag.py:2280} INFO - Setting next_dagrun for example_kubernetes_executor to None
[2022-07-10 08:55:18,917] {scheduler_job.py:190} INFO - Processing /home/airflow/.local/lib/python3.6/site-packages/airflow/example_dags/example_kubernetes_executor.py took 0.040 seconds
[2022-07-10 08:55:49,859] {scheduler_job.py:182} INFO - Started process (PID=1226) to work on /home/airflow/.local/lib/python3.6/site-packages/airflow/example_dags/example_kubernetes_executor.py
[2022-07-10 08:55:49,860] {scheduler_job.py:629} INFO - Processing file /home/airflow/.local/lib/python3.6/site-packages/airflow/example_dags/example_kubernetes_executor.py for tasks to queue
[2022-07-10 08:55:49,861] {logging_mixin.py:104} INFO - [2022-07-10 08:55:49,861] {dagbag.py:451} INFO - Filling up the DagBag from /home/airflow/.local/lib/python3.6/site-packages/airflow/example_dags/example_kubernetes_executor.py
[2022-07-10 08:55:49,868] {scheduler_job.py:639} INFO - DAG(s) dict_keys(['example_kubernetes_executor']) retrieved from /home/airflow/.local/lib/python3.6/site-packages/airflow/example_dags/example_kubernetes_executor.py
[2022-07-10 08:55:50,006] {logging_mixin.py:104} INFO - [2022-07-10 08:55:50,005] {dag.py:1824} INFO - Sync 1 DAGs
[2022-07-10 08:55:50,021] {logging_mixin.py:104} INFO - [2022-07-10 08:55:50,021] {dag.py:2280} INFO - Setting next_dagrun for example_kubernetes_executor to None
[2022-07-10 08:55:50,030] {scheduler_job.py:190} INFO - Processing /home/airflow/.local/lib/python3.6/site-packages/airflow/example_dags/example_kubernetes_executor.py took 0.172 seconds
[2022-07-10 08:56:20,922] {scheduler_job.py:182} INFO - Started process (PID=1252) to work on /home/airflow/.local/lib/python3.6/site-packages/airflow/example_dags/example_kubernetes_executor.py
[2022-07-10 08:56:20,923] {scheduler_job.py:629} INFO - Processing file /home/airflow/.local/lib/python3.6/site-packages/airflow/example_dags/example_kubernetes_executor.py for tasks to queue
[2022-07-10 08:56:20,924] {logging_mixin.py:104} INFO - [2022-07-10 08:56:20,923] {dagbag.py:451} INFO - Filling up the DagBag from /home/airflow/.local/lib/python3.6/site-packages/airflow/example_dags/example_kubernetes_executor.py
[2022-07-10 08:56:20,930] {scheduler_job.py:639} INFO - DAG(s) dict_keys(['example_kubernetes_executor']) retrieved from /home/airflow/.local/lib/python3.6/site-packages/airflow/example_dags/example_kubernetes_executor.py
[2022-07-10 08:56:20,943] {logging_mixin.py:104} INFO - [2022-07-10 08:56:20,943] {dag.py:1824} INFO - Sync 1 DAGs
[2022-07-10 08:56:20,953] {logging_mixin.py:104} INFO - [2022-07-10 08:56:20,953] {dag.py:2280} INFO - Setting next_dagrun for example_kubernetes_executor to None
[2022-07-10 08:56:20,959] {scheduler_job.py:190} INFO - Processing /home/airflow/.local/lib/python3.6/site-packages/airflow/example_dags/example_kubernetes_executor.py took 0.038 seconds
[2022-07-10 08:56:51,741] {scheduler_job.py:182} INFO - Started process (PID=1278) to work on /home/airflow/.local/lib/python3.6/site-packages/airflow/example_dags/example_kubernetes_executor.py
[2022-07-10 08:56:51,742] {scheduler_job.py:629} INFO - Processing file /home/airflow/.local/lib/python3.6/site-packages/airflow/example_dags/example_kubernetes_executor.py for tasks to queue
[2022-07-10 08:56:51,742] {logging_mixin.py:104} INFO - [2022-07-10 08:56:51,742] {dagbag.py:451} INFO - Filling up the DagBag from /home/airflow/.local/lib/python3.6/site-packages/airflow/example_dags/example_kubernetes_executor.py
[2022-07-10 08:56:51,749] {scheduler_job.py:639} INFO - DAG(s) dict_keys(['example_kubernetes_executor']) retrieved from /home/airflow/.local/lib/python3.6/site-packages/airflow/example_dags/example_kubernetes_executor.py
[2022-07-10 08:56:51,762] {logging_mixin.py:104} INFO - [2022-07-10 08:56:51,762] {dag.py:1824} INFO - Sync 1 DAGs
[2022-07-10 08:56:51,771] {logging_mixin.py:104} INFO - [2022-07-10 08:56:51,771] {dag.py:2280} INFO - Setting next_dagrun for example_kubernetes_executor to None
[2022-07-10 08:56:51,777] {scheduler_job.py:190} INFO - Processing /home/airflow/.local/lib/python3.6/site-packages/airflow/example_dags/example_kubernetes_executor.py took 0.038 seconds
[2022-07-10 08:57:22,673] {scheduler_job.py:182} INFO - Started process (PID=1304) to work on /home/airflow/.local/lib/python3.6/site-packages/airflow/example_dags/example_kubernetes_executor.py
[2022-07-10 08:57:22,673] {scheduler_job.py:629} INFO - Processing file /home/airflow/.local/lib/python3.6/site-packages/airflow/example_dags/example_kubernetes_executor.py for tasks to queue
[2022-07-10 08:57:22,674] {logging_mixin.py:104} INFO - [2022-07-10 08:57:22,674] {dagbag.py:451} INFO - Filling up the DagBag from /home/airflow/.local/lib/python3.6/site-packages/airflow/example_dags/example_kubernetes_executor.py
[2022-07-10 08:57:22,681] {scheduler_job.py:639} INFO - DAG(s) dict_keys(['example_kubernetes_executor']) retrieved from /home/airflow/.local/lib/python3.6/site-packages/airflow/example_dags/example_kubernetes_executor.py
[2022-07-10 08:57:22,693] {logging_mixin.py:104} INFO - [2022-07-10 08:57:22,693] {dag.py:1824} INFO - Sync 1 DAGs
[2022-07-10 08:57:22,703] {logging_mixin.py:104} INFO - [2022-07-10 08:57:22,703] {dag.py:2280} INFO - Setting next_dagrun for example_kubernetes_executor to None
[2022-07-10 08:57:22,709] {scheduler_job.py:190} INFO - Processing /home/airflow/.local/lib/python3.6/site-packages/airflow/example_dags/example_kubernetes_executor.py took 0.038 seconds
[2022-07-10 08:57:53,555] {scheduler_job.py:182} INFO - Started process (PID=1330) to work on /home/airflow/.local/lib/python3.6/site-packages/airflow/example_dags/example_kubernetes_executor.py
[2022-07-10 08:57:53,555] {scheduler_job.py:629} INFO - Processing file /home/airflow/.local/lib/python3.6/site-packages/airflow/example_dags/example_kubernetes_executor.py for tasks to queue
[2022-07-10 08:57:53,556] {logging_mixin.py:104} INFO - [2022-07-10 08:57:53,556] {dagbag.py:451} INFO - Filling up the DagBag from /home/airflow/.local/lib/python3.6/site-packages/airflow/example_dags/example_kubernetes_executor.py
[2022-07-10 08:57:53,563] {scheduler_job.py:639} INFO - DAG(s) dict_keys(['example_kubernetes_executor']) retrieved from /home/airflow/.local/lib/python3.6/site-packages/airflow/example_dags/example_kubernetes_executor.py
[2022-07-10 08:57:53,575] {logging_mixin.py:104} INFO - [2022-07-10 08:57:53,575] {dag.py:1824} INFO - Sync 1 DAGs
[2022-07-10 08:57:53,585] {logging_mixin.py:104} INFO - [2022-07-10 08:57:53,585] {dag.py:2280} INFO - Setting next_dagrun for example_kubernetes_executor to None
[2022-07-10 08:57:53,592] {scheduler_job.py:190} INFO - Processing /home/airflow/.local/lib/python3.6/site-packages/airflow/example_dags/example_kubernetes_executor.py took 0.039 seconds
[2022-07-10 08:58:24,527] {scheduler_job.py:182} INFO - Started process (PID=1356) to work on /home/airflow/.local/lib/python3.6/site-packages/airflow/example_dags/example_kubernetes_executor.py
[2022-07-10 08:58:24,528] {scheduler_job.py:629} INFO - Processing file /home/airflow/.local/lib/python3.6/site-packages/airflow/example_dags/example_kubernetes_executor.py for tasks to queue
[2022-07-10 08:58:24,529] {logging_mixin.py:104} INFO - [2022-07-10 08:58:24,529] {dagbag.py:451} INFO - Filling up the DagBag from /home/airflow/.local/lib/python3.6/site-packages/airflow/example_dags/example_kubernetes_executor.py
[2022-07-10 08:58:24,538] {scheduler_job.py:639} INFO - DAG(s) dict_keys(['example_kubernetes_executor']) retrieved from /home/airflow/.local/lib/python3.6/site-packages/airflow/example_dags/example_kubernetes_executor.py
[2022-07-10 08:58:24,552] {logging_mixin.py:104} INFO - [2022-07-10 08:58:24,552] {dag.py:1824} INFO - Sync 1 DAGs
[2022-07-10 08:58:24,561] {logging_mixin.py:104} INFO - [2022-07-10 08:58:24,561] {dag.py:2280} INFO - Setting next_dagrun for example_kubernetes_executor to None
[2022-07-10 08:58:24,572] {scheduler_job.py:190} INFO - Processing /home/airflow/.local/lib/python3.6/site-packages/airflow/example_dags/example_kubernetes_executor.py took 0.047 seconds
[2022-07-10 08:58:55,355] {scheduler_job.py:182} INFO - Started process (PID=1382) to work on /home/airflow/.local/lib/python3.6/site-packages/airflow/example_dags/example_kubernetes_executor.py
[2022-07-10 08:58:55,356] {scheduler_job.py:629} INFO - Processing file /home/airflow/.local/lib/python3.6/site-packages/airflow/example_dags/example_kubernetes_executor.py for tasks to queue
[2022-07-10 08:58:55,356] {logging_mixin.py:104} INFO - [2022-07-10 08:58:55,356] {dagbag.py:451} INFO - Filling up the DagBag from /home/airflow/.local/lib/python3.6/site-packages/airflow/example_dags/example_kubernetes_executor.py
[2022-07-10 08:58:55,364] {scheduler_job.py:639} INFO - DAG(s) dict_keys(['example_kubernetes_executor']) retrieved from /home/airflow/.local/lib/python3.6/site-packages/airflow/example_dags/example_kubernetes_executor.py
[2022-07-10 08:58:55,377] {logging_mixin.py:104} INFO - [2022-07-10 08:58:55,377] {dag.py:1824} INFO - Sync 1 DAGs
[2022-07-10 08:58:55,386] {logging_mixin.py:104} INFO - [2022-07-10 08:58:55,386] {dag.py:2280} INFO - Setting next_dagrun for example_kubernetes_executor to None
[2022-07-10 08:58:55,393] {scheduler_job.py:190} INFO - Processing /home/airflow/.local/lib/python3.6/site-packages/airflow/example_dags/example_kubernetes_executor.py took 0.039 seconds
[2022-07-10 08:59:26,201] {scheduler_job.py:182} INFO - Started process (PID=1408) to work on /home/airflow/.local/lib/python3.6/site-packages/airflow/example_dags/example_kubernetes_executor.py
[2022-07-10 08:59:26,203] {scheduler_job.py:629} INFO - Processing file /home/airflow/.local/lib/python3.6/site-packages/airflow/example_dags/example_kubernetes_executor.py for tasks to queue
[2022-07-10 08:59:26,203] {logging_mixin.py:104} INFO - [2022-07-10 08:59:26,203] {dagbag.py:451} INFO - Filling up the DagBag from /home/airflow/.local/lib/python3.6/site-packages/airflow/example_dags/example_kubernetes_executor.py
[2022-07-10 08:59:26,211] {scheduler_job.py:639} INFO - DAG(s) dict_keys(['example_kubernetes_executor']) retrieved from /home/airflow/.local/lib/python3.6/site-packages/airflow/example_dags/example_kubernetes_executor.py
[2022-07-10 08:59:26,224] {logging_mixin.py:104} INFO - [2022-07-10 08:59:26,223] {dag.py:1824} INFO - Sync 1 DAGs
[2022-07-10 08:59:26,233] {logging_mixin.py:104} INFO - [2022-07-10 08:59:26,233] {dag.py:2280} INFO - Setting next_dagrun for example_kubernetes_executor to None
[2022-07-10 08:59:26,240] {scheduler_job.py:190} INFO - Processing /home/airflow/.local/lib/python3.6/site-packages/airflow/example_dags/example_kubernetes_executor.py took 0.040 seconds
[2022-07-10 08:59:56,983] {scheduler_job.py:182} INFO - Started process (PID=1434) to work on /home/airflow/.local/lib/python3.6/site-packages/airflow/example_dags/example_kubernetes_executor.py
[2022-07-10 08:59:56,984] {scheduler_job.py:629} INFO - Processing file /home/airflow/.local/lib/python3.6/site-packages/airflow/example_dags/example_kubernetes_executor.py for tasks to queue
[2022-07-10 08:59:56,984] {logging_mixin.py:104} INFO - [2022-07-10 08:59:56,984] {dagbag.py:451} INFO - Filling up the DagBag from /home/airflow/.local/lib/python3.6/site-packages/airflow/example_dags/example_kubernetes_executor.py
[2022-07-10 08:59:56,991] {scheduler_job.py:639} INFO - DAG(s) dict_keys(['example_kubernetes_executor']) retrieved from /home/airflow/.local/lib/python3.6/site-packages/airflow/example_dags/example_kubernetes_executor.py
[2022-07-10 08:59:57,003] {logging_mixin.py:104} INFO - [2022-07-10 08:59:57,003] {dag.py:1824} INFO - Sync 1 DAGs
[2022-07-10 08:59:57,013] {logging_mixin.py:104} INFO - [2022-07-10 08:59:57,012] {dag.py:2280} INFO - Setting next_dagrun for example_kubernetes_executor to None
[2022-07-10 08:59:57,019] {scheduler_job.py:190} INFO - Processing /home/airflow/.local/lib/python3.6/site-packages/airflow/example_dags/example_kubernetes_executor.py took 0.038 seconds
[2022-07-10 09:00:27,757] {scheduler_job.py:182} INFO - Started process (PID=1460) to work on /home/airflow/.local/lib/python3.6/site-packages/airflow/example_dags/example_kubernetes_executor.py
[2022-07-10 09:00:27,758] {scheduler_job.py:629} INFO - Processing file /home/airflow/.local/lib/python3.6/site-packages/airflow/example_dags/example_kubernetes_executor.py for tasks to queue
[2022-07-10 09:00:27,759] {logging_mixin.py:104} INFO - [2022-07-10 09:00:27,758] {dagbag.py:451} INFO - Filling up the DagBag from /home/airflow/.local/lib/python3.6/site-packages/airflow/example_dags/example_kubernetes_executor.py
[2022-07-10 09:00:27,766] {scheduler_job.py:639} INFO - DAG(s) dict_keys(['example_kubernetes_executor']) retrieved from /home/airflow/.local/lib/python3.6/site-packages/airflow/example_dags/example_kubernetes_executor.py
[2022-07-10 09:00:27,779] {logging_mixin.py:104} INFO - [2022-07-10 09:00:27,779] {dag.py:1824} INFO - Sync 1 DAGs
[2022-07-10 09:00:27,789] {logging_mixin.py:104} INFO - [2022-07-10 09:00:27,789] {dag.py:2280} INFO - Setting next_dagrun for example_kubernetes_executor to None
[2022-07-10 09:00:27,798] {scheduler_job.py:190} INFO - Processing /home/airflow/.local/lib/python3.6/site-packages/airflow/example_dags/example_kubernetes_executor.py took 0.042 seconds
[2022-07-10 09:00:58,679] {scheduler_job.py:182} INFO - Started process (PID=1486) to work on /home/airflow/.local/lib/python3.6/site-packages/airflow/example_dags/example_kubernetes_executor.py
[2022-07-10 09:00:58,680] {scheduler_job.py:629} INFO - Processing file /home/airflow/.local/lib/python3.6/site-packages/airflow/example_dags/example_kubernetes_executor.py for tasks to queue
[2022-07-10 09:00:58,680] {logging_mixin.py:104} INFO - [2022-07-10 09:00:58,680] {dagbag.py:451} INFO - Filling up the DagBag from /home/airflow/.local/lib/python3.6/site-packages/airflow/example_dags/example_kubernetes_executor.py
[2022-07-10 09:00:58,688] {scheduler_job.py:639} INFO - DAG(s) dict_keys(['example_kubernetes_executor']) retrieved from /home/airflow/.local/lib/python3.6/site-packages/airflow/example_dags/example_kubernetes_executor.py
[2022-07-10 09:00:58,700] {logging_mixin.py:104} INFO - [2022-07-10 09:00:58,700] {dag.py:1824} INFO - Sync 1 DAGs
[2022-07-10 09:00:58,709] {logging_mixin.py:104} INFO - [2022-07-10 09:00:58,709] {dag.py:2280} INFO - Setting next_dagrun for example_kubernetes_executor to None
[2022-07-10 09:00:58,716] {scheduler_job.py:190} INFO - Processing /home/airflow/.local/lib/python3.6/site-packages/airflow/example_dags/example_kubernetes_executor.py took 0.039 seconds
[2022-07-10 09:03:54,953] {scheduler_job.py:182} INFO - Started process (PID=50) to work on /home/airflow/.local/lib/python3.6/site-packages/airflow/example_dags/example_kubernetes_executor.py
[2022-07-10 09:03:54,954] {scheduler_job.py:629} INFO - Processing file /home/airflow/.local/lib/python3.6/site-packages/airflow/example_dags/example_kubernetes_executor.py for tasks to queue
[2022-07-10 09:03:54,955] {logging_mixin.py:104} INFO - [2022-07-10 09:03:54,955] {dagbag.py:451} INFO - Filling up the DagBag from /home/airflow/.local/lib/python3.6/site-packages/airflow/example_dags/example_kubernetes_executor.py
[2022-07-10 09:03:54,965] {scheduler_job.py:639} INFO - DAG(s) dict_keys(['example_kubernetes_executor']) retrieved from /home/airflow/.local/lib/python3.6/site-packages/airflow/example_dags/example_kubernetes_executor.py
[2022-07-10 09:03:54,981] {logging_mixin.py:104} INFO - [2022-07-10 09:03:54,981] {dag.py:1824} INFO - Sync 1 DAGs
[2022-07-10 09:03:54,996] {logging_mixin.py:104} INFO - [2022-07-10 09:03:54,996] {dag.py:2280} INFO - Setting next_dagrun for example_kubernetes_executor to None
[2022-07-10 09:03:55,006] {scheduler_job.py:190} INFO - Processing /home/airflow/.local/lib/python3.6/site-packages/airflow/example_dags/example_kubernetes_executor.py took 0.055 seconds
[2022-07-10 09:04:25,846] {scheduler_job.py:182} INFO - Started process (PID=76) to work on /home/airflow/.local/lib/python3.6/site-packages/airflow/example_dags/example_kubernetes_executor.py
[2022-07-10 09:04:25,847] {scheduler_job.py:629} INFO - Processing file /home/airflow/.local/lib/python3.6/site-packages/airflow/example_dags/example_kubernetes_executor.py for tasks to queue
[2022-07-10 09:04:25,847] {logging_mixin.py:104} INFO - [2022-07-10 09:04:25,847] {dagbag.py:451} INFO - Filling up the DagBag from /home/airflow/.local/lib/python3.6/site-packages/airflow/example_dags/example_kubernetes_executor.py
[2022-07-10 09:04:25,854] {scheduler_job.py:639} INFO - DAG(s) dict_keys(['example_kubernetes_executor']) retrieved from /home/airflow/.local/lib/python3.6/site-packages/airflow/example_dags/example_kubernetes_executor.py
[2022-07-10 09:04:25,866] {logging_mixin.py:104} INFO - [2022-07-10 09:04:25,866] {dag.py:1824} INFO - Sync 1 DAGs
[2022-07-10 09:04:25,876] {logging_mixin.py:104} INFO - [2022-07-10 09:04:25,876] {dag.py:2280} INFO - Setting next_dagrun for example_kubernetes_executor to None
[2022-07-10 09:04:25,882] {scheduler_job.py:190} INFO - Processing /home/airflow/.local/lib/python3.6/site-packages/airflow/example_dags/example_kubernetes_executor.py took 0.038 seconds
[2022-07-10 09:04:56,684] {scheduler_job.py:182} INFO - Started process (PID=102) to work on /home/airflow/.local/lib/python3.6/site-packages/airflow/example_dags/example_kubernetes_executor.py
[2022-07-10 09:04:56,685] {scheduler_job.py:629} INFO - Processing file /home/airflow/.local/lib/python3.6/site-packages/airflow/example_dags/example_kubernetes_executor.py for tasks to queue
[2022-07-10 09:04:56,686] {logging_mixin.py:104} INFO - [2022-07-10 09:04:56,686] {dagbag.py:451} INFO - Filling up the DagBag from /home/airflow/.local/lib/python3.6/site-packages/airflow/example_dags/example_kubernetes_executor.py
[2022-07-10 09:04:56,694] {scheduler_job.py:639} INFO - DAG(s) dict_keys(['example_kubernetes_executor']) retrieved from /home/airflow/.local/lib/python3.6/site-packages/airflow/example_dags/example_kubernetes_executor.py
[2022-07-10 09:04:56,706] {logging_mixin.py:104} INFO - [2022-07-10 09:04:56,706] {dag.py:1824} INFO - Sync 1 DAGs
[2022-07-10 09:04:56,717] {logging_mixin.py:104} INFO - [2022-07-10 09:04:56,717] {dag.py:2280} INFO - Setting next_dagrun for example_kubernetes_executor to None
[2022-07-10 09:04:56,724] {scheduler_job.py:190} INFO - Processing /home/airflow/.local/lib/python3.6/site-packages/airflow/example_dags/example_kubernetes_executor.py took 0.042 seconds
[2022-07-10 09:05:27,489] {scheduler_job.py:182} INFO - Started process (PID=128) to work on /home/airflow/.local/lib/python3.6/site-packages/airflow/example_dags/example_kubernetes_executor.py
[2022-07-10 09:05:27,490] {scheduler_job.py:629} INFO - Processing file /home/airflow/.local/lib/python3.6/site-packages/airflow/example_dags/example_kubernetes_executor.py for tasks to queue
[2022-07-10 09:05:27,490] {logging_mixin.py:104} INFO - [2022-07-10 09:05:27,490] {dagbag.py:451} INFO - Filling up the DagBag from /home/airflow/.local/lib/python3.6/site-packages/airflow/example_dags/example_kubernetes_executor.py
[2022-07-10 09:05:27,497] {scheduler_job.py:639} INFO - DAG(s) dict_keys(['example_kubernetes_executor']) retrieved from /home/airflow/.local/lib/python3.6/site-packages/airflow/example_dags/example_kubernetes_executor.py
[2022-07-10 09:05:27,509] {logging_mixin.py:104} INFO - [2022-07-10 09:05:27,509] {dag.py:1824} INFO - Sync 1 DAGs
[2022-07-10 09:05:27,519] {logging_mixin.py:104} INFO - [2022-07-10 09:05:27,519] {dag.py:2280} INFO - Setting next_dagrun for example_kubernetes_executor to None
[2022-07-10 09:05:27,526] {scheduler_job.py:190} INFO - Processing /home/airflow/.local/lib/python3.6/site-packages/airflow/example_dags/example_kubernetes_executor.py took 0.039 seconds
[2022-07-10 09:05:58,334] {scheduler_job.py:182} INFO - Started process (PID=154) to work on /home/airflow/.local/lib/python3.6/site-packages/airflow/example_dags/example_kubernetes_executor.py
[2022-07-10 09:05:58,334] {scheduler_job.py:629} INFO - Processing file /home/airflow/.local/lib/python3.6/site-packages/airflow/example_dags/example_kubernetes_executor.py for tasks to queue
[2022-07-10 09:05:58,335] {logging_mixin.py:104} INFO - [2022-07-10 09:05:58,335] {dagbag.py:451} INFO - Filling up the DagBag from /home/airflow/.local/lib/python3.6/site-packages/airflow/example_dags/example_kubernetes_executor.py
[2022-07-10 09:05:58,343] {scheduler_job.py:639} INFO - DAG(s) dict_keys(['example_kubernetes_executor']) retrieved from /home/airflow/.local/lib/python3.6/site-packages/airflow/example_dags/example_kubernetes_executor.py
[2022-07-10 09:05:58,355] {logging_mixin.py:104} INFO - [2022-07-10 09:05:58,355] {dag.py:1824} INFO - Sync 1 DAGs
[2022-07-10 09:05:58,365] {logging_mixin.py:104} INFO - [2022-07-10 09:05:58,365] {dag.py:2280} INFO - Setting next_dagrun for example_kubernetes_executor to None
[2022-07-10 09:05:58,372] {scheduler_job.py:190} INFO - Processing /home/airflow/.local/lib/python3.6/site-packages/airflow/example_dags/example_kubernetes_executor.py took 0.040 seconds
[2022-07-10 09:06:29,182] {scheduler_job.py:182} INFO - Started process (PID=180) to work on /home/airflow/.local/lib/python3.6/site-packages/airflow/example_dags/example_kubernetes_executor.py
[2022-07-10 09:06:29,183] {scheduler_job.py:629} INFO - Processing file /home/airflow/.local/lib/python3.6/site-packages/airflow/example_dags/example_kubernetes_executor.py for tasks to queue
[2022-07-10 09:06:29,184] {logging_mixin.py:104} INFO - [2022-07-10 09:06:29,183] {dagbag.py:451} INFO - Filling up the DagBag from /home/airflow/.local/lib/python3.6/site-packages/airflow/example_dags/example_kubernetes_executor.py
[2022-07-10 09:06:29,190] {scheduler_job.py:639} INFO - DAG(s) dict_keys(['example_kubernetes_executor']) retrieved from /home/airflow/.local/lib/python3.6/site-packages/airflow/example_dags/example_kubernetes_executor.py
[2022-07-10 09:06:29,203] {logging_mixin.py:104} INFO - [2022-07-10 09:06:29,203] {dag.py:1824} INFO - Sync 1 DAGs
[2022-07-10 09:06:29,212] {logging_mixin.py:104} INFO - [2022-07-10 09:06:29,212] {dag.py:2280} INFO - Setting next_dagrun for example_kubernetes_executor to None
[2022-07-10 09:06:29,219] {scheduler_job.py:190} INFO - Processing /home/airflow/.local/lib/python3.6/site-packages/airflow/example_dags/example_kubernetes_executor.py took 0.039 seconds
[2022-07-10 09:06:59,961] {scheduler_job.py:182} INFO - Started process (PID=206) to work on /home/airflow/.local/lib/python3.6/site-packages/airflow/example_dags/example_kubernetes_executor.py
[2022-07-10 09:06:59,961] {scheduler_job.py:629} INFO - Processing file /home/airflow/.local/lib/python3.6/site-packages/airflow/example_dags/example_kubernetes_executor.py for tasks to queue
[2022-07-10 09:06:59,962] {logging_mixin.py:104} INFO - [2022-07-10 09:06:59,962] {dagbag.py:451} INFO - Filling up the DagBag from /home/airflow/.local/lib/python3.6/site-packages/airflow/example_dags/example_kubernetes_executor.py
[2022-07-10 09:06:59,968] {scheduler_job.py:639} INFO - DAG(s) dict_keys(['example_kubernetes_executor']) retrieved from /home/airflow/.local/lib/python3.6/site-packages/airflow/example_dags/example_kubernetes_executor.py
[2022-07-10 09:06:59,981] {logging_mixin.py:104} INFO - [2022-07-10 09:06:59,981] {dag.py:1824} INFO - Sync 1 DAGs
[2022-07-10 09:06:59,990] {logging_mixin.py:104} INFO - [2022-07-10 09:06:59,990] {dag.py:2280} INFO - Setting next_dagrun for example_kubernetes_executor to None
[2022-07-10 09:06:59,997] {scheduler_job.py:190} INFO - Processing /home/airflow/.local/lib/python3.6/site-packages/airflow/example_dags/example_kubernetes_executor.py took 0.037 seconds
[2022-07-10 09:07:30,805] {scheduler_job.py:182} INFO - Started process (PID=232) to work on /home/airflow/.local/lib/python3.6/site-packages/airflow/example_dags/example_kubernetes_executor.py
[2022-07-10 09:07:30,805] {scheduler_job.py:629} INFO - Processing file /home/airflow/.local/lib/python3.6/site-packages/airflow/example_dags/example_kubernetes_executor.py for tasks to queue
[2022-07-10 09:07:30,806] {logging_mixin.py:104} INFO - [2022-07-10 09:07:30,806] {dagbag.py:451} INFO - Filling up the DagBag from /home/airflow/.local/lib/python3.6/site-packages/airflow/example_dags/example_kubernetes_executor.py
[2022-07-10 09:07:30,813] {scheduler_job.py:639} INFO - DAG(s) dict_keys(['example_kubernetes_executor']) retrieved from /home/airflow/.local/lib/python3.6/site-packages/airflow/example_dags/example_kubernetes_executor.py
[2022-07-10 09:07:30,826] {logging_mixin.py:104} INFO - [2022-07-10 09:07:30,826] {dag.py:1824} INFO - Sync 1 DAGs
[2022-07-10 09:07:30,835] {logging_mixin.py:104} INFO - [2022-07-10 09:07:30,834] {dag.py:2280} INFO - Setting next_dagrun for example_kubernetes_executor to None
[2022-07-10 09:07:30,841] {scheduler_job.py:190} INFO - Processing /home/airflow/.local/lib/python3.6/site-packages/airflow/example_dags/example_kubernetes_executor.py took 0.039 seconds
[2022-07-10 09:08:01,585] {scheduler_job.py:182} INFO - Started process (PID=258) to work on /home/airflow/.local/lib/python3.6/site-packages/airflow/example_dags/example_kubernetes_executor.py
[2022-07-10 09:08:01,586] {scheduler_job.py:629} INFO - Processing file /home/airflow/.local/lib/python3.6/site-packages/airflow/example_dags/example_kubernetes_executor.py for tasks to queue
[2022-07-10 09:08:01,586] {logging_mixin.py:104} INFO - [2022-07-10 09:08:01,586] {dagbag.py:451} INFO - Filling up the DagBag from /home/airflow/.local/lib/python3.6/site-packages/airflow/example_dags/example_kubernetes_executor.py
[2022-07-10 09:08:01,594] {scheduler_job.py:639} INFO - DAG(s) dict_keys(['example_kubernetes_executor']) retrieved from /home/airflow/.local/lib/python3.6/site-packages/airflow/example_dags/example_kubernetes_executor.py
[2022-07-10 09:08:01,608] {logging_mixin.py:104} INFO - [2022-07-10 09:08:01,608] {dag.py:1824} INFO - Sync 1 DAGs
[2022-07-10 09:08:01,616] {logging_mixin.py:104} INFO - [2022-07-10 09:08:01,616] {dag.py:2280} INFO - Setting next_dagrun for example_kubernetes_executor to None
[2022-07-10 09:08:01,623] {scheduler_job.py:190} INFO - Processing /home/airflow/.local/lib/python3.6/site-packages/airflow/example_dags/example_kubernetes_executor.py took 0.039 seconds
[2022-07-10 09:08:32,393] {scheduler_job.py:182} INFO - Started process (PID=284) to work on /home/airflow/.local/lib/python3.6/site-packages/airflow/example_dags/example_kubernetes_executor.py
[2022-07-10 09:08:32,393] {scheduler_job.py:629} INFO - Processing file /home/airflow/.local/lib/python3.6/site-packages/airflow/example_dags/example_kubernetes_executor.py for tasks to queue
[2022-07-10 09:08:32,394] {logging_mixin.py:104} INFO - [2022-07-10 09:08:32,394] {dagbag.py:451} INFO - Filling up the DagBag from /home/airflow/.local/lib/python3.6/site-packages/airflow/example_dags/example_kubernetes_executor.py
[2022-07-10 09:08:32,401] {scheduler_job.py:639} INFO - DAG(s) dict_keys(['example_kubernetes_executor']) retrieved from /home/airflow/.local/lib/python3.6/site-packages/airflow/example_dags/example_kubernetes_executor.py
[2022-07-10 09:08:32,415] {logging_mixin.py:104} INFO - [2022-07-10 09:08:32,415] {dag.py:1824} INFO - Sync 1 DAGs
[2022-07-10 09:08:32,424] {logging_mixin.py:104} INFO - [2022-07-10 09:08:32,424] {dag.py:2280} INFO - Setting next_dagrun for example_kubernetes_executor to None
[2022-07-10 09:08:32,431] {scheduler_job.py:190} INFO - Processing /home/airflow/.local/lib/python3.6/site-packages/airflow/example_dags/example_kubernetes_executor.py took 0.040 seconds
[2022-07-10 09:09:03,412] {scheduler_job.py:182} INFO - Started process (PID=310) to work on /home/airflow/.local/lib/python3.6/site-packages/airflow/example_dags/example_kubernetes_executor.py
[2022-07-10 09:09:03,412] {scheduler_job.py:629} INFO - Processing file /home/airflow/.local/lib/python3.6/site-packages/airflow/example_dags/example_kubernetes_executor.py for tasks to queue
[2022-07-10 09:09:03,413] {logging_mixin.py:104} INFO - [2022-07-10 09:09:03,413] {dagbag.py:451} INFO - Filling up the DagBag from /home/airflow/.local/lib/python3.6/site-packages/airflow/example_dags/example_kubernetes_executor.py
[2022-07-10 09:09:03,422] {scheduler_job.py:639} INFO - DAG(s) dict_keys(['example_kubernetes_executor']) retrieved from /home/airflow/.local/lib/python3.6/site-packages/airflow/example_dags/example_kubernetes_executor.py
[2022-07-10 09:09:03,433] {logging_mixin.py:104} INFO - [2022-07-10 09:09:03,433] {dag.py:1824} INFO - Sync 1 DAGs
[2022-07-10 09:09:03,441] {logging_mixin.py:104} INFO - [2022-07-10 09:09:03,441] {dag.py:2280} INFO - Setting next_dagrun for example_kubernetes_executor to None
[2022-07-10 09:09:03,449] {scheduler_job.py:190} INFO - Processing /home/airflow/.local/lib/python3.6/site-packages/airflow/example_dags/example_kubernetes_executor.py took 0.039 seconds
[2022-07-10 09:09:33,487] {scheduler_job.py:182} INFO - Started process (PID=336) to work on /home/airflow/.local/lib/python3.6/site-packages/airflow/example_dags/example_kubernetes_executor.py
[2022-07-10 09:09:33,488] {scheduler_job.py:629} INFO - Processing file /home/airflow/.local/lib/python3.6/site-packages/airflow/example_dags/example_kubernetes_executor.py for tasks to queue
[2022-07-10 09:09:33,488] {logging_mixin.py:104} INFO - [2022-07-10 09:09:33,488] {dagbag.py:451} INFO - Filling up the DagBag from /home/airflow/.local/lib/python3.6/site-packages/airflow/example_dags/example_kubernetes_executor.py
[2022-07-10 09:09:33,498] {scheduler_job.py:639} INFO - DAG(s) dict_keys(['example_kubernetes_executor']) retrieved from /home/airflow/.local/lib/python3.6/site-packages/airflow/example_dags/example_kubernetes_executor.py
[2022-07-10 09:09:33,511] {logging_mixin.py:104} INFO - [2022-07-10 09:09:33,511] {dag.py:1824} INFO - Sync 1 DAGs
[2022-07-10 09:09:33,519] {logging_mixin.py:104} INFO - [2022-07-10 09:09:33,519] {dag.py:2280} INFO - Setting next_dagrun for example_kubernetes_executor to None
[2022-07-10 09:09:33,526] {scheduler_job.py:190} INFO - Processing /home/airflow/.local/lib/python3.6/site-packages/airflow/example_dags/example_kubernetes_executor.py took 0.041 seconds
[2022-07-10 09:10:04,301] {scheduler_job.py:182} INFO - Started process (PID=362) to work on /home/airflow/.local/lib/python3.6/site-packages/airflow/example_dags/example_kubernetes_executor.py
[2022-07-10 09:10:04,302] {scheduler_job.py:629} INFO - Processing file /home/airflow/.local/lib/python3.6/site-packages/airflow/example_dags/example_kubernetes_executor.py for tasks to queue
[2022-07-10 09:10:04,302] {logging_mixin.py:104} INFO - [2022-07-10 09:10:04,302] {dagbag.py:451} INFO - Filling up the DagBag from /home/airflow/.local/lib/python3.6/site-packages/airflow/example_dags/example_kubernetes_executor.py
[2022-07-10 09:10:04,310] {scheduler_job.py:639} INFO - DAG(s) dict_keys(['example_kubernetes_executor']) retrieved from /home/airflow/.local/lib/python3.6/site-packages/airflow/example_dags/example_kubernetes_executor.py
[2022-07-10 09:10:04,322] {logging_mixin.py:104} INFO - [2022-07-10 09:10:04,322] {dag.py:1824} INFO - Sync 1 DAGs
[2022-07-10 09:10:04,331] {logging_mixin.py:104} INFO - [2022-07-10 09:10:04,331] {dag.py:2280} INFO - Setting next_dagrun for example_kubernetes_executor to None
[2022-07-10 09:10:04,339] {scheduler_job.py:190} INFO - Processing /home/airflow/.local/lib/python3.6/site-packages/airflow/example_dags/example_kubernetes_executor.py took 0.040 seconds
[2022-07-10 09:10:35,151] {scheduler_job.py:182} INFO - Started process (PID=388) to work on /home/airflow/.local/lib/python3.6/site-packages/airflow/example_dags/example_kubernetes_executor.py
[2022-07-10 09:10:35,152] {scheduler_job.py:629} INFO - Processing file /home/airflow/.local/lib/python3.6/site-packages/airflow/example_dags/example_kubernetes_executor.py for tasks to queue
[2022-07-10 09:10:35,153] {logging_mixin.py:104} INFO - [2022-07-10 09:10:35,153] {dagbag.py:451} INFO - Filling up the DagBag from /home/airflow/.local/lib/python3.6/site-packages/airflow/example_dags/example_kubernetes_executor.py
[2022-07-10 09:10:35,162] {scheduler_job.py:639} INFO - DAG(s) dict_keys(['example_kubernetes_executor']) retrieved from /home/airflow/.local/lib/python3.6/site-packages/airflow/example_dags/example_kubernetes_executor.py
[2022-07-10 09:10:35,173] {logging_mixin.py:104} INFO - [2022-07-10 09:10:35,173] {dag.py:1824} INFO - Sync 1 DAGs
[2022-07-10 09:10:35,182] {logging_mixin.py:104} INFO - [2022-07-10 09:10:35,182] {dag.py:2280} INFO - Setting next_dagrun for example_kubernetes_executor to None
[2022-07-10 09:10:35,188] {scheduler_job.py:190} INFO - Processing /home/airflow/.local/lib/python3.6/site-packages/airflow/example_dags/example_kubernetes_executor.py took 0.038 seconds
[2022-07-10 09:11:05,966] {scheduler_job.py:182} INFO - Started process (PID=414) to work on /home/airflow/.local/lib/python3.6/site-packages/airflow/example_dags/example_kubernetes_executor.py
[2022-07-10 09:11:05,969] {scheduler_job.py:629} INFO - Processing file /home/airflow/.local/lib/python3.6/site-packages/airflow/example_dags/example_kubernetes_executor.py for tasks to queue
[2022-07-10 09:11:05,970] {logging_mixin.py:104} INFO - [2022-07-10 09:11:05,969] {dagbag.py:451} INFO - Filling up the DagBag from /home/airflow/.local/lib/python3.6/site-packages/airflow/example_dags/example_kubernetes_executor.py
[2022-07-10 09:11:05,977] {scheduler_job.py:639} INFO - DAG(s) dict_keys(['example_kubernetes_executor']) retrieved from /home/airflow/.local/lib/python3.6/site-packages/airflow/example_dags/example_kubernetes_executor.py
[2022-07-10 09:11:05,988] {logging_mixin.py:104} INFO - [2022-07-10 09:11:05,988] {dag.py:1824} INFO - Sync 1 DAGs
[2022-07-10 09:11:05,997] {logging_mixin.py:104} INFO - [2022-07-10 09:11:05,997] {dag.py:2280} INFO - Setting next_dagrun for example_kubernetes_executor to None
[2022-07-10 09:11:06,003] {scheduler_job.py:190} INFO - Processing /home/airflow/.local/lib/python3.6/site-packages/airflow/example_dags/example_kubernetes_executor.py took 0.039 seconds
[2022-07-10 09:11:36,753] {scheduler_job.py:182} INFO - Started process (PID=440) to work on /home/airflow/.local/lib/python3.6/site-packages/airflow/example_dags/example_kubernetes_executor.py
[2022-07-10 09:11:36,753] {scheduler_job.py:629} INFO - Processing file /home/airflow/.local/lib/python3.6/site-packages/airflow/example_dags/example_kubernetes_executor.py for tasks to queue
[2022-07-10 09:11:36,754] {logging_mixin.py:104} INFO - [2022-07-10 09:11:36,754] {dagbag.py:451} INFO - Filling up the DagBag from /home/airflow/.local/lib/python3.6/site-packages/airflow/example_dags/example_kubernetes_executor.py
[2022-07-10 09:11:36,761] {scheduler_job.py:639} INFO - DAG(s) dict_keys(['example_kubernetes_executor']) retrieved from /home/airflow/.local/lib/python3.6/site-packages/airflow/example_dags/example_kubernetes_executor.py
[2022-07-10 09:11:36,772] {logging_mixin.py:104} INFO - [2022-07-10 09:11:36,771] {dag.py:1824} INFO - Sync 1 DAGs
[2022-07-10 09:11:36,781] {logging_mixin.py:104} INFO - [2022-07-10 09:11:36,781] {dag.py:2280} INFO - Setting next_dagrun for example_kubernetes_executor to None
[2022-07-10 09:11:36,787] {scheduler_job.py:190} INFO - Processing /home/airflow/.local/lib/python3.6/site-packages/airflow/example_dags/example_kubernetes_executor.py took 0.036 seconds
[2022-07-10 09:12:07,571] {scheduler_job.py:182} INFO - Started process (PID=466) to work on /home/airflow/.local/lib/python3.6/site-packages/airflow/example_dags/example_kubernetes_executor.py
[2022-07-10 09:12:07,572] {scheduler_job.py:629} INFO - Processing file /home/airflow/.local/lib/python3.6/site-packages/airflow/example_dags/example_kubernetes_executor.py for tasks to queue
[2022-07-10 09:12:07,573] {logging_mixin.py:104} INFO - [2022-07-10 09:12:07,572] {dagbag.py:451} INFO - Filling up the DagBag from /home/airflow/.local/lib/python3.6/site-packages/airflow/example_dags/example_kubernetes_executor.py
[2022-07-10 09:12:07,579] {scheduler_job.py:639} INFO - DAG(s) dict_keys(['example_kubernetes_executor']) retrieved from /home/airflow/.local/lib/python3.6/site-packages/airflow/example_dags/example_kubernetes_executor.py
[2022-07-10 09:12:07,591] {logging_mixin.py:104} INFO - [2022-07-10 09:12:07,591] {dag.py:1824} INFO - Sync 1 DAGs
[2022-07-10 09:12:07,600] {logging_mixin.py:104} INFO - [2022-07-10 09:12:07,600] {dag.py:2280} INFO - Setting next_dagrun for example_kubernetes_executor to None
[2022-07-10 09:12:07,606] {scheduler_job.py:190} INFO - Processing /home/airflow/.local/lib/python3.6/site-packages/airflow/example_dags/example_kubernetes_executor.py took 0.036 seconds
