[2022-07-10 08:32:41,451] {scheduler_job.py:182} INFO - Started process (PID=45) to work on /home/airflow/.local/lib/python3.6/site-packages/airflow/example_dags/example_latest_only_with_trigger.py
[2022-07-10 08:32:41,452] {scheduler_job.py:629} INFO - Processing file /home/airflow/.local/lib/python3.6/site-packages/airflow/example_dags/example_latest_only_with_trigger.py for tasks to queue
[2022-07-10 08:32:41,452] {logging_mixin.py:104} INFO - [2022-07-10 08:32:41,452] {dagbag.py:451} INFO - Filling up the DagBag from /home/airflow/.local/lib/python3.6/site-packages/airflow/example_dags/example_latest_only_with_trigger.py
[2022-07-10 08:32:41,461] {scheduler_job.py:639} INFO - DAG(s) dict_keys(['latest_only_with_trigger']) retrieved from /home/airflow/.local/lib/python3.6/site-packages/airflow/example_dags/example_latest_only_with_trigger.py
[2022-07-10 08:32:41,478] {logging_mixin.py:104} INFO - [2022-07-10 08:32:41,478] {dag.py:1824} INFO - Sync 1 DAGs
[2022-07-10 08:32:41,487] {logging_mixin.py:104} INFO - [2022-07-10 08:32:41,487] {dag.py:1843} INFO - Creating ORM DAG for latest_only_with_trigger
[2022-07-10 08:32:41,491] {logging_mixin.py:104} INFO - [2022-07-10 08:32:41,491] {dag.py:2280} INFO - Setting next_dagrun for latest_only_with_trigger to 2022-07-08 00:00:00+00:00
[2022-07-10 08:32:41,501] {scheduler_job.py:190} INFO - Processing /home/airflow/.local/lib/python3.6/site-packages/airflow/example_dags/example_latest_only_with_trigger.py took 0.053 seconds
[2022-07-10 08:33:12,458] {scheduler_job.py:182} INFO - Started process (PID=71) to work on /home/airflow/.local/lib/python3.6/site-packages/airflow/example_dags/example_latest_only_with_trigger.py
[2022-07-10 08:33:12,459] {scheduler_job.py:629} INFO - Processing file /home/airflow/.local/lib/python3.6/site-packages/airflow/example_dags/example_latest_only_with_trigger.py for tasks to queue
[2022-07-10 08:33:12,459] {logging_mixin.py:104} INFO - [2022-07-10 08:33:12,459] {dagbag.py:451} INFO - Filling up the DagBag from /home/airflow/.local/lib/python3.6/site-packages/airflow/example_dags/example_latest_only_with_trigger.py
[2022-07-10 08:33:12,465] {scheduler_job.py:639} INFO - DAG(s) dict_keys(['latest_only_with_trigger']) retrieved from /home/airflow/.local/lib/python3.6/site-packages/airflow/example_dags/example_latest_only_with_trigger.py
[2022-07-10 08:33:12,478] {logging_mixin.py:104} INFO - [2022-07-10 08:33:12,478] {dag.py:1824} INFO - Sync 1 DAGs
[2022-07-10 08:33:12,488] {logging_mixin.py:104} INFO - [2022-07-10 08:33:12,488] {dag.py:2280} INFO - Setting next_dagrun for latest_only_with_trigger to 2022-07-08 00:00:00+00:00
[2022-07-10 08:33:12,495] {scheduler_job.py:190} INFO - Processing /home/airflow/.local/lib/python3.6/site-packages/airflow/example_dags/example_latest_only_with_trigger.py took 0.038 seconds
[2022-07-10 08:33:43,337] {scheduler_job.py:182} INFO - Started process (PID=97) to work on /home/airflow/.local/lib/python3.6/site-packages/airflow/example_dags/example_latest_only_with_trigger.py
[2022-07-10 08:33:43,338] {scheduler_job.py:629} INFO - Processing file /home/airflow/.local/lib/python3.6/site-packages/airflow/example_dags/example_latest_only_with_trigger.py for tasks to queue
[2022-07-10 08:33:43,339] {logging_mixin.py:104} INFO - [2022-07-10 08:33:43,339] {dagbag.py:451} INFO - Filling up the DagBag from /home/airflow/.local/lib/python3.6/site-packages/airflow/example_dags/example_latest_only_with_trigger.py
[2022-07-10 08:33:43,344] {scheduler_job.py:639} INFO - DAG(s) dict_keys(['latest_only_with_trigger']) retrieved from /home/airflow/.local/lib/python3.6/site-packages/airflow/example_dags/example_latest_only_with_trigger.py
[2022-07-10 08:33:43,357] {logging_mixin.py:104} INFO - [2022-07-10 08:33:43,357] {dag.py:1824} INFO - Sync 1 DAGs
[2022-07-10 08:33:43,368] {logging_mixin.py:104} INFO - [2022-07-10 08:33:43,368] {dag.py:2280} INFO - Setting next_dagrun for latest_only_with_trigger to 2022-07-08 00:00:00+00:00
[2022-07-10 08:33:43,374] {scheduler_job.py:190} INFO - Processing /home/airflow/.local/lib/python3.6/site-packages/airflow/example_dags/example_latest_only_with_trigger.py took 0.038 seconds
[2022-07-10 08:34:14,181] {scheduler_job.py:182} INFO - Started process (PID=123) to work on /home/airflow/.local/lib/python3.6/site-packages/airflow/example_dags/example_latest_only_with_trigger.py
[2022-07-10 08:34:14,181] {scheduler_job.py:629} INFO - Processing file /home/airflow/.local/lib/python3.6/site-packages/airflow/example_dags/example_latest_only_with_trigger.py for tasks to queue
[2022-07-10 08:34:14,182] {logging_mixin.py:104} INFO - [2022-07-10 08:34:14,182] {dagbag.py:451} INFO - Filling up the DagBag from /home/airflow/.local/lib/python3.6/site-packages/airflow/example_dags/example_latest_only_with_trigger.py
[2022-07-10 08:34:14,188] {scheduler_job.py:639} INFO - DAG(s) dict_keys(['latest_only_with_trigger']) retrieved from /home/airflow/.local/lib/python3.6/site-packages/airflow/example_dags/example_latest_only_with_trigger.py
[2022-07-10 08:34:14,201] {logging_mixin.py:104} INFO - [2022-07-10 08:34:14,201] {dag.py:1824} INFO - Sync 1 DAGs
[2022-07-10 08:34:14,212] {logging_mixin.py:104} INFO - [2022-07-10 08:34:14,212] {dag.py:2280} INFO - Setting next_dagrun for latest_only_with_trigger to 2022-07-08 00:00:00+00:00
[2022-07-10 08:34:14,218] {scheduler_job.py:190} INFO - Processing /home/airflow/.local/lib/python3.6/site-packages/airflow/example_dags/example_latest_only_with_trigger.py took 0.039 seconds
[2022-07-10 08:34:45,001] {scheduler_job.py:182} INFO - Started process (PID=149) to work on /home/airflow/.local/lib/python3.6/site-packages/airflow/example_dags/example_latest_only_with_trigger.py
[2022-07-10 08:34:45,002] {scheduler_job.py:629} INFO - Processing file /home/airflow/.local/lib/python3.6/site-packages/airflow/example_dags/example_latest_only_with_trigger.py for tasks to queue
[2022-07-10 08:34:45,002] {logging_mixin.py:104} INFO - [2022-07-10 08:34:45,002] {dagbag.py:451} INFO - Filling up the DagBag from /home/airflow/.local/lib/python3.6/site-packages/airflow/example_dags/example_latest_only_with_trigger.py
[2022-07-10 08:34:45,008] {scheduler_job.py:639} INFO - DAG(s) dict_keys(['latest_only_with_trigger']) retrieved from /home/airflow/.local/lib/python3.6/site-packages/airflow/example_dags/example_latest_only_with_trigger.py
[2022-07-10 08:34:45,020] {logging_mixin.py:104} INFO - [2022-07-10 08:34:45,020] {dag.py:1824} INFO - Sync 1 DAGs
[2022-07-10 08:34:45,030] {logging_mixin.py:104} INFO - [2022-07-10 08:34:45,030] {dag.py:2280} INFO - Setting next_dagrun for latest_only_with_trigger to 2022-07-08 00:00:00+00:00
[2022-07-10 08:34:45,036] {scheduler_job.py:190} INFO - Processing /home/airflow/.local/lib/python3.6/site-packages/airflow/example_dags/example_latest_only_with_trigger.py took 0.037 seconds
[2022-07-10 08:35:15,797] {scheduler_job.py:182} INFO - Started process (PID=175) to work on /home/airflow/.local/lib/python3.6/site-packages/airflow/example_dags/example_latest_only_with_trigger.py
[2022-07-10 08:35:15,798] {scheduler_job.py:629} INFO - Processing file /home/airflow/.local/lib/python3.6/site-packages/airflow/example_dags/example_latest_only_with_trigger.py for tasks to queue
[2022-07-10 08:35:15,798] {logging_mixin.py:104} INFO - [2022-07-10 08:35:15,798] {dagbag.py:451} INFO - Filling up the DagBag from /home/airflow/.local/lib/python3.6/site-packages/airflow/example_dags/example_latest_only_with_trigger.py
[2022-07-10 08:35:15,804] {scheduler_job.py:639} INFO - DAG(s) dict_keys(['latest_only_with_trigger']) retrieved from /home/airflow/.local/lib/python3.6/site-packages/airflow/example_dags/example_latest_only_with_trigger.py
[2022-07-10 08:35:15,816] {logging_mixin.py:104} INFO - [2022-07-10 08:35:15,816] {dag.py:1824} INFO - Sync 1 DAGs
[2022-07-10 08:35:15,827] {logging_mixin.py:104} INFO - [2022-07-10 08:35:15,827] {dag.py:2280} INFO - Setting next_dagrun for latest_only_with_trigger to 2022-07-08 00:00:00+00:00
[2022-07-10 08:35:15,833] {scheduler_job.py:190} INFO - Processing /home/airflow/.local/lib/python3.6/site-packages/airflow/example_dags/example_latest_only_with_trigger.py took 0.038 seconds
[2022-07-10 08:35:46,543] {scheduler_job.py:182} INFO - Started process (PID=201) to work on /home/airflow/.local/lib/python3.6/site-packages/airflow/example_dags/example_latest_only_with_trigger.py
[2022-07-10 08:35:46,544] {scheduler_job.py:629} INFO - Processing file /home/airflow/.local/lib/python3.6/site-packages/airflow/example_dags/example_latest_only_with_trigger.py for tasks to queue
[2022-07-10 08:35:46,545] {logging_mixin.py:104} INFO - [2022-07-10 08:35:46,544] {dagbag.py:451} INFO - Filling up the DagBag from /home/airflow/.local/lib/python3.6/site-packages/airflow/example_dags/example_latest_only_with_trigger.py
[2022-07-10 08:35:46,550] {scheduler_job.py:639} INFO - DAG(s) dict_keys(['latest_only_with_trigger']) retrieved from /home/airflow/.local/lib/python3.6/site-packages/airflow/example_dags/example_latest_only_with_trigger.py
[2022-07-10 08:35:46,565] {logging_mixin.py:104} INFO - [2022-07-10 08:35:46,565] {dag.py:1824} INFO - Sync 1 DAGs
[2022-07-10 08:35:46,574] {logging_mixin.py:104} INFO - [2022-07-10 08:35:46,574] {dag.py:2280} INFO - Setting next_dagrun for latest_only_with_trigger to 2022-07-08 00:00:00+00:00
[2022-07-10 08:35:46,579] {scheduler_job.py:190} INFO - Processing /home/airflow/.local/lib/python3.6/site-packages/airflow/example_dags/example_latest_only_with_trigger.py took 0.038 seconds
[2022-07-10 08:36:17,367] {scheduler_job.py:182} INFO - Started process (PID=227) to work on /home/airflow/.local/lib/python3.6/site-packages/airflow/example_dags/example_latest_only_with_trigger.py
[2022-07-10 08:36:17,368] {scheduler_job.py:629} INFO - Processing file /home/airflow/.local/lib/python3.6/site-packages/airflow/example_dags/example_latest_only_with_trigger.py for tasks to queue
[2022-07-10 08:36:17,368] {logging_mixin.py:104} INFO - [2022-07-10 08:36:17,368] {dagbag.py:451} INFO - Filling up the DagBag from /home/airflow/.local/lib/python3.6/site-packages/airflow/example_dags/example_latest_only_with_trigger.py
[2022-07-10 08:36:17,375] {scheduler_job.py:639} INFO - DAG(s) dict_keys(['latest_only_with_trigger']) retrieved from /home/airflow/.local/lib/python3.6/site-packages/airflow/example_dags/example_latest_only_with_trigger.py
[2022-07-10 08:36:17,388] {logging_mixin.py:104} INFO - [2022-07-10 08:36:17,388] {dag.py:1824} INFO - Sync 1 DAGs
[2022-07-10 08:36:17,397] {logging_mixin.py:104} INFO - [2022-07-10 08:36:17,397] {dag.py:2280} INFO - Setting next_dagrun for latest_only_with_trigger to 2022-07-08 00:00:00+00:00
[2022-07-10 08:36:17,403] {scheduler_job.py:190} INFO - Processing /home/airflow/.local/lib/python3.6/site-packages/airflow/example_dags/example_latest_only_with_trigger.py took 0.037 seconds
[2022-07-10 08:36:48,208] {scheduler_job.py:182} INFO - Started process (PID=253) to work on /home/airflow/.local/lib/python3.6/site-packages/airflow/example_dags/example_latest_only_with_trigger.py
[2022-07-10 08:36:48,209] {scheduler_job.py:629} INFO - Processing file /home/airflow/.local/lib/python3.6/site-packages/airflow/example_dags/example_latest_only_with_trigger.py for tasks to queue
[2022-07-10 08:36:48,209] {logging_mixin.py:104} INFO - [2022-07-10 08:36:48,209] {dagbag.py:451} INFO - Filling up the DagBag from /home/airflow/.local/lib/python3.6/site-packages/airflow/example_dags/example_latest_only_with_trigger.py
[2022-07-10 08:36:48,215] {scheduler_job.py:639} INFO - DAG(s) dict_keys(['latest_only_with_trigger']) retrieved from /home/airflow/.local/lib/python3.6/site-packages/airflow/example_dags/example_latest_only_with_trigger.py
[2022-07-10 08:36:48,230] {logging_mixin.py:104} INFO - [2022-07-10 08:36:48,230] {dag.py:1824} INFO - Sync 1 DAGs
[2022-07-10 08:36:48,239] {logging_mixin.py:104} INFO - [2022-07-10 08:36:48,239] {dag.py:2280} INFO - Setting next_dagrun for latest_only_with_trigger to 2022-07-08 00:00:00+00:00
[2022-07-10 08:36:48,245] {scheduler_job.py:190} INFO - Processing /home/airflow/.local/lib/python3.6/site-packages/airflow/example_dags/example_latest_only_with_trigger.py took 0.038 seconds
[2022-07-10 08:37:19,188] {scheduler_job.py:182} INFO - Started process (PID=279) to work on /home/airflow/.local/lib/python3.6/site-packages/airflow/example_dags/example_latest_only_with_trigger.py
[2022-07-10 08:37:19,188] {scheduler_job.py:629} INFO - Processing file /home/airflow/.local/lib/python3.6/site-packages/airflow/example_dags/example_latest_only_with_trigger.py for tasks to queue
[2022-07-10 08:37:19,189] {logging_mixin.py:104} INFO - [2022-07-10 08:37:19,189] {dagbag.py:451} INFO - Filling up the DagBag from /home/airflow/.local/lib/python3.6/site-packages/airflow/example_dags/example_latest_only_with_trigger.py
[2022-07-10 08:37:19,195] {scheduler_job.py:639} INFO - DAG(s) dict_keys(['latest_only_with_trigger']) retrieved from /home/airflow/.local/lib/python3.6/site-packages/airflow/example_dags/example_latest_only_with_trigger.py
[2022-07-10 08:37:19,210] {logging_mixin.py:104} INFO - [2022-07-10 08:37:19,210] {dag.py:1824} INFO - Sync 1 DAGs
[2022-07-10 08:37:19,219] {logging_mixin.py:104} INFO - [2022-07-10 08:37:19,219] {dag.py:2280} INFO - Setting next_dagrun for latest_only_with_trigger to 2022-07-08 00:00:00+00:00
[2022-07-10 08:37:19,225] {scheduler_job.py:190} INFO - Processing /home/airflow/.local/lib/python3.6/site-packages/airflow/example_dags/example_latest_only_with_trigger.py took 0.039 seconds
[2022-07-10 08:37:50,039] {scheduler_job.py:182} INFO - Started process (PID=305) to work on /home/airflow/.local/lib/python3.6/site-packages/airflow/example_dags/example_latest_only_with_trigger.py
[2022-07-10 08:37:50,040] {scheduler_job.py:629} INFO - Processing file /home/airflow/.local/lib/python3.6/site-packages/airflow/example_dags/example_latest_only_with_trigger.py for tasks to queue
[2022-07-10 08:37:50,040] {logging_mixin.py:104} INFO - [2022-07-10 08:37:50,040] {dagbag.py:451} INFO - Filling up the DagBag from /home/airflow/.local/lib/python3.6/site-packages/airflow/example_dags/example_latest_only_with_trigger.py
[2022-07-10 08:37:50,047] {scheduler_job.py:639} INFO - DAG(s) dict_keys(['latest_only_with_trigger']) retrieved from /home/airflow/.local/lib/python3.6/site-packages/airflow/example_dags/example_latest_only_with_trigger.py
[2022-07-10 08:37:50,059] {logging_mixin.py:104} INFO - [2022-07-10 08:37:50,059] {dag.py:1824} INFO - Sync 1 DAGs
[2022-07-10 08:37:50,068] {logging_mixin.py:104} INFO - [2022-07-10 08:37:50,068] {dag.py:2280} INFO - Setting next_dagrun for latest_only_with_trigger to 2022-07-08 00:00:00+00:00
[2022-07-10 08:37:50,074] {scheduler_job.py:190} INFO - Processing /home/airflow/.local/lib/python3.6/site-packages/airflow/example_dags/example_latest_only_with_trigger.py took 0.037 seconds
[2022-07-10 08:38:20,923] {scheduler_job.py:182} INFO - Started process (PID=331) to work on /home/airflow/.local/lib/python3.6/site-packages/airflow/example_dags/example_latest_only_with_trigger.py
[2022-07-10 08:38:20,924] {scheduler_job.py:629} INFO - Processing file /home/airflow/.local/lib/python3.6/site-packages/airflow/example_dags/example_latest_only_with_trigger.py for tasks to queue
[2022-07-10 08:38:20,925] {logging_mixin.py:104} INFO - [2022-07-10 08:38:20,925] {dagbag.py:451} INFO - Filling up the DagBag from /home/airflow/.local/lib/python3.6/site-packages/airflow/example_dags/example_latest_only_with_trigger.py
[2022-07-10 08:38:20,934] {scheduler_job.py:639} INFO - DAG(s) dict_keys(['latest_only_with_trigger']) retrieved from /home/airflow/.local/lib/python3.6/site-packages/airflow/example_dags/example_latest_only_with_trigger.py
[2022-07-10 08:38:20,949] {logging_mixin.py:104} INFO - [2022-07-10 08:38:20,949] {dag.py:1824} INFO - Sync 1 DAGs
[2022-07-10 08:38:20,961] {logging_mixin.py:104} INFO - [2022-07-10 08:38:20,960] {dag.py:2280} INFO - Setting next_dagrun for latest_only_with_trigger to 2022-07-08 00:00:00+00:00
[2022-07-10 08:38:20,967] {scheduler_job.py:190} INFO - Processing /home/airflow/.local/lib/python3.6/site-packages/airflow/example_dags/example_latest_only_with_trigger.py took 0.047 seconds
[2022-07-10 08:38:51,883] {scheduler_job.py:182} INFO - Started process (PID=357) to work on /home/airflow/.local/lib/python3.6/site-packages/airflow/example_dags/example_latest_only_with_trigger.py
[2022-07-10 08:38:51,884] {scheduler_job.py:629} INFO - Processing file /home/airflow/.local/lib/python3.6/site-packages/airflow/example_dags/example_latest_only_with_trigger.py for tasks to queue
[2022-07-10 08:38:51,884] {logging_mixin.py:104} INFO - [2022-07-10 08:38:51,884] {dagbag.py:451} INFO - Filling up the DagBag from /home/airflow/.local/lib/python3.6/site-packages/airflow/example_dags/example_latest_only_with_trigger.py
[2022-07-10 08:38:51,892] {scheduler_job.py:639} INFO - DAG(s) dict_keys(['latest_only_with_trigger']) retrieved from /home/airflow/.local/lib/python3.6/site-packages/airflow/example_dags/example_latest_only_with_trigger.py
[2022-07-10 08:38:51,905] {logging_mixin.py:104} INFO - [2022-07-10 08:38:51,905] {dag.py:1824} INFO - Sync 1 DAGs
[2022-07-10 08:38:51,913] {logging_mixin.py:104} INFO - [2022-07-10 08:38:51,913] {dag.py:2280} INFO - Setting next_dagrun for latest_only_with_trigger to 2022-07-08 00:00:00+00:00
[2022-07-10 08:38:51,920] {scheduler_job.py:190} INFO - Processing /home/airflow/.local/lib/python3.6/site-packages/airflow/example_dags/example_latest_only_with_trigger.py took 0.038 seconds
[2022-07-10 08:39:22,744] {scheduler_job.py:182} INFO - Started process (PID=383) to work on /home/airflow/.local/lib/python3.6/site-packages/airflow/example_dags/example_latest_only_with_trigger.py
[2022-07-10 08:39:22,745] {scheduler_job.py:629} INFO - Processing file /home/airflow/.local/lib/python3.6/site-packages/airflow/example_dags/example_latest_only_with_trigger.py for tasks to queue
[2022-07-10 08:39:22,746] {logging_mixin.py:104} INFO - [2022-07-10 08:39:22,746] {dagbag.py:451} INFO - Filling up the DagBag from /home/airflow/.local/lib/python3.6/site-packages/airflow/example_dags/example_latest_only_with_trigger.py
[2022-07-10 08:39:22,755] {scheduler_job.py:639} INFO - DAG(s) dict_keys(['latest_only_with_trigger']) retrieved from /home/airflow/.local/lib/python3.6/site-packages/airflow/example_dags/example_latest_only_with_trigger.py
[2022-07-10 08:39:22,767] {logging_mixin.py:104} INFO - [2022-07-10 08:39:22,767] {dag.py:1824} INFO - Sync 1 DAGs
[2022-07-10 08:39:22,776] {logging_mixin.py:104} INFO - [2022-07-10 08:39:22,776] {dag.py:2280} INFO - Setting next_dagrun for latest_only_with_trigger to 2022-07-08 00:00:00+00:00
[2022-07-10 08:39:22,783] {scheduler_job.py:190} INFO - Processing /home/airflow/.local/lib/python3.6/site-packages/airflow/example_dags/example_latest_only_with_trigger.py took 0.040 seconds
[2022-07-10 08:39:53,612] {scheduler_job.py:182} INFO - Started process (PID=409) to work on /home/airflow/.local/lib/python3.6/site-packages/airflow/example_dags/example_latest_only_with_trigger.py
[2022-07-10 08:39:53,615] {scheduler_job.py:629} INFO - Processing file /home/airflow/.local/lib/python3.6/site-packages/airflow/example_dags/example_latest_only_with_trigger.py for tasks to queue
[2022-07-10 08:39:53,616] {logging_mixin.py:104} INFO - [2022-07-10 08:39:53,615] {dagbag.py:451} INFO - Filling up the DagBag from /home/airflow/.local/lib/python3.6/site-packages/airflow/example_dags/example_latest_only_with_trigger.py
[2022-07-10 08:39:53,621] {scheduler_job.py:639} INFO - DAG(s) dict_keys(['latest_only_with_trigger']) retrieved from /home/airflow/.local/lib/python3.6/site-packages/airflow/example_dags/example_latest_only_with_trigger.py
[2022-07-10 08:39:53,633] {logging_mixin.py:104} INFO - [2022-07-10 08:39:53,632] {dag.py:1824} INFO - Sync 1 DAGs
[2022-07-10 08:39:53,641] {logging_mixin.py:104} INFO - [2022-07-10 08:39:53,641] {dag.py:2280} INFO - Setting next_dagrun for latest_only_with_trigger to 2022-07-08 00:00:00+00:00
[2022-07-10 08:39:53,647] {scheduler_job.py:190} INFO - Processing /home/airflow/.local/lib/python3.6/site-packages/airflow/example_dags/example_latest_only_with_trigger.py took 0.037 seconds
[2022-07-10 08:40:24,428] {scheduler_job.py:182} INFO - Started process (PID=435) to work on /home/airflow/.local/lib/python3.6/site-packages/airflow/example_dags/example_latest_only_with_trigger.py
[2022-07-10 08:40:24,429] {scheduler_job.py:629} INFO - Processing file /home/airflow/.local/lib/python3.6/site-packages/airflow/example_dags/example_latest_only_with_trigger.py for tasks to queue
[2022-07-10 08:40:24,430] {logging_mixin.py:104} INFO - [2022-07-10 08:40:24,429] {dagbag.py:451} INFO - Filling up the DagBag from /home/airflow/.local/lib/python3.6/site-packages/airflow/example_dags/example_latest_only_with_trigger.py
[2022-07-10 08:40:24,435] {scheduler_job.py:639} INFO - DAG(s) dict_keys(['latest_only_with_trigger']) retrieved from /home/airflow/.local/lib/python3.6/site-packages/airflow/example_dags/example_latest_only_with_trigger.py
[2022-07-10 08:40:24,447] {logging_mixin.py:104} INFO - [2022-07-10 08:40:24,447] {dag.py:1824} INFO - Sync 1 DAGs
[2022-07-10 08:40:24,456] {logging_mixin.py:104} INFO - [2022-07-10 08:40:24,456] {dag.py:2280} INFO - Setting next_dagrun for latest_only_with_trigger to 2022-07-08 00:00:00+00:00
[2022-07-10 08:40:24,462] {scheduler_job.py:190} INFO - Processing /home/airflow/.local/lib/python3.6/site-packages/airflow/example_dags/example_latest_only_with_trigger.py took 0.036 seconds
[2022-07-10 08:40:55,272] {scheduler_job.py:182} INFO - Started process (PID=461) to work on /home/airflow/.local/lib/python3.6/site-packages/airflow/example_dags/example_latest_only_with_trigger.py
[2022-07-10 08:40:55,273] {scheduler_job.py:629} INFO - Processing file /home/airflow/.local/lib/python3.6/site-packages/airflow/example_dags/example_latest_only_with_trigger.py for tasks to queue
[2022-07-10 08:40:55,274] {logging_mixin.py:104} INFO - [2022-07-10 08:40:55,274] {dagbag.py:451} INFO - Filling up the DagBag from /home/airflow/.local/lib/python3.6/site-packages/airflow/example_dags/example_latest_only_with_trigger.py
[2022-07-10 08:40:55,280] {scheduler_job.py:639} INFO - DAG(s) dict_keys(['latest_only_with_trigger']) retrieved from /home/airflow/.local/lib/python3.6/site-packages/airflow/example_dags/example_latest_only_with_trigger.py
[2022-07-10 08:40:55,291] {logging_mixin.py:104} INFO - [2022-07-10 08:40:55,291] {dag.py:1824} INFO - Sync 1 DAGs
[2022-07-10 08:40:55,300] {logging_mixin.py:104} INFO - [2022-07-10 08:40:55,300] {dag.py:2280} INFO - Setting next_dagrun for latest_only_with_trigger to 2022-07-08 00:00:00+00:00
[2022-07-10 08:40:55,307] {scheduler_job.py:190} INFO - Processing /home/airflow/.local/lib/python3.6/site-packages/airflow/example_dags/example_latest_only_with_trigger.py took 0.036 seconds
[2022-07-10 08:41:26,059] {scheduler_job.py:182} INFO - Started process (PID=487) to work on /home/airflow/.local/lib/python3.6/site-packages/airflow/example_dags/example_latest_only_with_trigger.py
[2022-07-10 08:41:26,060] {scheduler_job.py:629} INFO - Processing file /home/airflow/.local/lib/python3.6/site-packages/airflow/example_dags/example_latest_only_with_trigger.py for tasks to queue
[2022-07-10 08:41:26,060] {logging_mixin.py:104} INFO - [2022-07-10 08:41:26,060] {dagbag.py:451} INFO - Filling up the DagBag from /home/airflow/.local/lib/python3.6/site-packages/airflow/example_dags/example_latest_only_with_trigger.py
[2022-07-10 08:41:26,067] {scheduler_job.py:639} INFO - DAG(s) dict_keys(['latest_only_with_trigger']) retrieved from /home/airflow/.local/lib/python3.6/site-packages/airflow/example_dags/example_latest_only_with_trigger.py
[2022-07-10 08:41:26,079] {logging_mixin.py:104} INFO - [2022-07-10 08:41:26,079] {dag.py:1824} INFO - Sync 1 DAGs
[2022-07-10 08:41:26,088] {logging_mixin.py:104} INFO - [2022-07-10 08:41:26,088] {dag.py:2280} INFO - Setting next_dagrun for latest_only_with_trigger to 2022-07-08 00:00:00+00:00
[2022-07-10 08:41:26,094] {scheduler_job.py:190} INFO - Processing /home/airflow/.local/lib/python3.6/site-packages/airflow/example_dags/example_latest_only_with_trigger.py took 0.037 seconds
[2022-07-10 08:41:56,868] {scheduler_job.py:182} INFO - Started process (PID=513) to work on /home/airflow/.local/lib/python3.6/site-packages/airflow/example_dags/example_latest_only_with_trigger.py
[2022-07-10 08:41:56,869] {scheduler_job.py:629} INFO - Processing file /home/airflow/.local/lib/python3.6/site-packages/airflow/example_dags/example_latest_only_with_trigger.py for tasks to queue
[2022-07-10 08:41:56,870] {logging_mixin.py:104} INFO - [2022-07-10 08:41:56,870] {dagbag.py:451} INFO - Filling up the DagBag from /home/airflow/.local/lib/python3.6/site-packages/airflow/example_dags/example_latest_only_with_trigger.py
[2022-07-10 08:41:56,876] {scheduler_job.py:639} INFO - DAG(s) dict_keys(['latest_only_with_trigger']) retrieved from /home/airflow/.local/lib/python3.6/site-packages/airflow/example_dags/example_latest_only_with_trigger.py
[2022-07-10 08:41:56,888] {logging_mixin.py:104} INFO - [2022-07-10 08:41:56,888] {dag.py:1824} INFO - Sync 1 DAGs
[2022-07-10 08:41:56,897] {logging_mixin.py:104} INFO - [2022-07-10 08:41:56,897] {dag.py:2280} INFO - Setting next_dagrun for latest_only_with_trigger to 2022-07-08 00:00:00+00:00
[2022-07-10 08:41:56,904] {scheduler_job.py:190} INFO - Processing /home/airflow/.local/lib/python3.6/site-packages/airflow/example_dags/example_latest_only_with_trigger.py took 0.037 seconds
[2022-07-10 08:42:27,727] {scheduler_job.py:182} INFO - Started process (PID=539) to work on /home/airflow/.local/lib/python3.6/site-packages/airflow/example_dags/example_latest_only_with_trigger.py
[2022-07-10 08:42:27,728] {scheduler_job.py:629} INFO - Processing file /home/airflow/.local/lib/python3.6/site-packages/airflow/example_dags/example_latest_only_with_trigger.py for tasks to queue
[2022-07-10 08:42:27,728] {logging_mixin.py:104} INFO - [2022-07-10 08:42:27,728] {dagbag.py:451} INFO - Filling up the DagBag from /home/airflow/.local/lib/python3.6/site-packages/airflow/example_dags/example_latest_only_with_trigger.py
[2022-07-10 08:42:27,734] {scheduler_job.py:639} INFO - DAG(s) dict_keys(['latest_only_with_trigger']) retrieved from /home/airflow/.local/lib/python3.6/site-packages/airflow/example_dags/example_latest_only_with_trigger.py
[2022-07-10 08:42:27,746] {logging_mixin.py:104} INFO - [2022-07-10 08:42:27,746] {dag.py:1824} INFO - Sync 1 DAGs
[2022-07-10 08:42:27,755] {logging_mixin.py:104} INFO - [2022-07-10 08:42:27,755] {dag.py:2280} INFO - Setting next_dagrun for latest_only_with_trigger to 2022-07-08 00:00:00+00:00
[2022-07-10 08:42:27,761] {scheduler_job.py:190} INFO - Processing /home/airflow/.local/lib/python3.6/site-packages/airflow/example_dags/example_latest_only_with_trigger.py took 0.036 seconds
[2022-07-10 08:42:58,517] {scheduler_job.py:182} INFO - Started process (PID=565) to work on /home/airflow/.local/lib/python3.6/site-packages/airflow/example_dags/example_latest_only_with_trigger.py
[2022-07-10 08:42:58,518] {scheduler_job.py:629} INFO - Processing file /home/airflow/.local/lib/python3.6/site-packages/airflow/example_dags/example_latest_only_with_trigger.py for tasks to queue
[2022-07-10 08:42:58,518] {logging_mixin.py:104} INFO - [2022-07-10 08:42:58,518] {dagbag.py:451} INFO - Filling up the DagBag from /home/airflow/.local/lib/python3.6/site-packages/airflow/example_dags/example_latest_only_with_trigger.py
[2022-07-10 08:42:58,524] {scheduler_job.py:639} INFO - DAG(s) dict_keys(['latest_only_with_trigger']) retrieved from /home/airflow/.local/lib/python3.6/site-packages/airflow/example_dags/example_latest_only_with_trigger.py
[2022-07-10 08:42:58,537] {logging_mixin.py:104} INFO - [2022-07-10 08:42:58,537] {dag.py:1824} INFO - Sync 1 DAGs
[2022-07-10 08:42:58,547] {logging_mixin.py:104} INFO - [2022-07-10 08:42:58,546] {dag.py:2280} INFO - Setting next_dagrun for latest_only_with_trigger to 2022-07-08 00:00:00+00:00
[2022-07-10 08:42:58,552] {scheduler_job.py:190} INFO - Processing /home/airflow/.local/lib/python3.6/site-packages/airflow/example_dags/example_latest_only_with_trigger.py took 0.037 seconds
[2022-07-10 08:43:29,326] {scheduler_job.py:182} INFO - Started process (PID=591) to work on /home/airflow/.local/lib/python3.6/site-packages/airflow/example_dags/example_latest_only_with_trigger.py
[2022-07-10 08:43:29,327] {scheduler_job.py:629} INFO - Processing file /home/airflow/.local/lib/python3.6/site-packages/airflow/example_dags/example_latest_only_with_trigger.py for tasks to queue
[2022-07-10 08:43:29,327] {logging_mixin.py:104} INFO - [2022-07-10 08:43:29,327] {dagbag.py:451} INFO - Filling up the DagBag from /home/airflow/.local/lib/python3.6/site-packages/airflow/example_dags/example_latest_only_with_trigger.py
[2022-07-10 08:43:29,333] {scheduler_job.py:639} INFO - DAG(s) dict_keys(['latest_only_with_trigger']) retrieved from /home/airflow/.local/lib/python3.6/site-packages/airflow/example_dags/example_latest_only_with_trigger.py
[2022-07-10 08:43:29,345] {logging_mixin.py:104} INFO - [2022-07-10 08:43:29,345] {dag.py:1824} INFO - Sync 1 DAGs
[2022-07-10 08:43:29,354] {logging_mixin.py:104} INFO - [2022-07-10 08:43:29,354] {dag.py:2280} INFO - Setting next_dagrun for latest_only_with_trigger to 2022-07-08 00:00:00+00:00
[2022-07-10 08:43:29,360] {scheduler_job.py:190} INFO - Processing /home/airflow/.local/lib/python3.6/site-packages/airflow/example_dags/example_latest_only_with_trigger.py took 0.036 seconds
[2022-07-10 08:44:00,116] {scheduler_job.py:182} INFO - Started process (PID=617) to work on /home/airflow/.local/lib/python3.6/site-packages/airflow/example_dags/example_latest_only_with_trigger.py
[2022-07-10 08:44:00,117] {scheduler_job.py:629} INFO - Processing file /home/airflow/.local/lib/python3.6/site-packages/airflow/example_dags/example_latest_only_with_trigger.py for tasks to queue
[2022-07-10 08:44:00,117] {logging_mixin.py:104} INFO - [2022-07-10 08:44:00,117] {dagbag.py:451} INFO - Filling up the DagBag from /home/airflow/.local/lib/python3.6/site-packages/airflow/example_dags/example_latest_only_with_trigger.py
[2022-07-10 08:44:00,123] {scheduler_job.py:639} INFO - DAG(s) dict_keys(['latest_only_with_trigger']) retrieved from /home/airflow/.local/lib/python3.6/site-packages/airflow/example_dags/example_latest_only_with_trigger.py
[2022-07-10 08:44:00,136] {logging_mixin.py:104} INFO - [2022-07-10 08:44:00,136] {dag.py:1824} INFO - Sync 1 DAGs
[2022-07-10 08:44:00,145] {logging_mixin.py:104} INFO - [2022-07-10 08:44:00,145] {dag.py:2280} INFO - Setting next_dagrun for latest_only_with_trigger to 2022-07-08 00:00:00+00:00
[2022-07-10 08:44:00,152] {scheduler_job.py:190} INFO - Processing /home/airflow/.local/lib/python3.6/site-packages/airflow/example_dags/example_latest_only_with_trigger.py took 0.037 seconds
[2022-07-10 08:44:30,910] {scheduler_job.py:182} INFO - Started process (PID=643) to work on /home/airflow/.local/lib/python3.6/site-packages/airflow/example_dags/example_latest_only_with_trigger.py
[2022-07-10 08:44:30,911] {scheduler_job.py:629} INFO - Processing file /home/airflow/.local/lib/python3.6/site-packages/airflow/example_dags/example_latest_only_with_trigger.py for tasks to queue
[2022-07-10 08:44:30,911] {logging_mixin.py:104} INFO - [2022-07-10 08:44:30,911] {dagbag.py:451} INFO - Filling up the DagBag from /home/airflow/.local/lib/python3.6/site-packages/airflow/example_dags/example_latest_only_with_trigger.py
[2022-07-10 08:44:30,917] {scheduler_job.py:639} INFO - DAG(s) dict_keys(['latest_only_with_trigger']) retrieved from /home/airflow/.local/lib/python3.6/site-packages/airflow/example_dags/example_latest_only_with_trigger.py
[2022-07-10 08:44:30,929] {logging_mixin.py:104} INFO - [2022-07-10 08:44:30,929] {dag.py:1824} INFO - Sync 1 DAGs
[2022-07-10 08:44:30,938] {logging_mixin.py:104} INFO - [2022-07-10 08:44:30,937] {dag.py:2280} INFO - Setting next_dagrun for latest_only_with_trigger to 2022-07-08 00:00:00+00:00
[2022-07-10 08:44:30,943] {scheduler_job.py:190} INFO - Processing /home/airflow/.local/lib/python3.6/site-packages/airflow/example_dags/example_latest_only_with_trigger.py took 0.035 seconds
[2022-07-10 08:45:01,714] {scheduler_job.py:182} INFO - Started process (PID=669) to work on /home/airflow/.local/lib/python3.6/site-packages/airflow/example_dags/example_latest_only_with_trigger.py
[2022-07-10 08:45:01,716] {scheduler_job.py:629} INFO - Processing file /home/airflow/.local/lib/python3.6/site-packages/airflow/example_dags/example_latest_only_with_trigger.py for tasks to queue
[2022-07-10 08:45:01,716] {logging_mixin.py:104} INFO - [2022-07-10 08:45:01,716] {dagbag.py:451} INFO - Filling up the DagBag from /home/airflow/.local/lib/python3.6/site-packages/airflow/example_dags/example_latest_only_with_trigger.py
[2022-07-10 08:45:01,722] {scheduler_job.py:639} INFO - DAG(s) dict_keys(['latest_only_with_trigger']) retrieved from /home/airflow/.local/lib/python3.6/site-packages/airflow/example_dags/example_latest_only_with_trigger.py
[2022-07-10 08:45:01,734] {logging_mixin.py:104} INFO - [2022-07-10 08:45:01,734] {dag.py:1824} INFO - Sync 1 DAGs
[2022-07-10 08:45:01,743] {logging_mixin.py:104} INFO - [2022-07-10 08:45:01,743] {dag.py:2280} INFO - Setting next_dagrun for latest_only_with_trigger to 2022-07-08 00:00:00+00:00
[2022-07-10 08:45:01,749] {scheduler_job.py:190} INFO - Processing /home/airflow/.local/lib/python3.6/site-packages/airflow/example_dags/example_latest_only_with_trigger.py took 0.036 seconds
[2022-07-10 08:45:32,463] {scheduler_job.py:182} INFO - Started process (PID=695) to work on /home/airflow/.local/lib/python3.6/site-packages/airflow/example_dags/example_latest_only_with_trigger.py
[2022-07-10 08:45:32,464] {scheduler_job.py:629} INFO - Processing file /home/airflow/.local/lib/python3.6/site-packages/airflow/example_dags/example_latest_only_with_trigger.py for tasks to queue
[2022-07-10 08:45:32,464] {logging_mixin.py:104} INFO - [2022-07-10 08:45:32,464] {dagbag.py:451} INFO - Filling up the DagBag from /home/airflow/.local/lib/python3.6/site-packages/airflow/example_dags/example_latest_only_with_trigger.py
[2022-07-10 08:45:32,470] {scheduler_job.py:639} INFO - DAG(s) dict_keys(['latest_only_with_trigger']) retrieved from /home/airflow/.local/lib/python3.6/site-packages/airflow/example_dags/example_latest_only_with_trigger.py
[2022-07-10 08:45:32,484] {logging_mixin.py:104} INFO - [2022-07-10 08:45:32,484] {dag.py:1824} INFO - Sync 1 DAGs
[2022-07-10 08:45:32,494] {logging_mixin.py:104} INFO - [2022-07-10 08:45:32,494] {dag.py:2280} INFO - Setting next_dagrun for latest_only_with_trigger to 2022-07-08 00:00:00+00:00
[2022-07-10 08:45:32,500] {scheduler_job.py:190} INFO - Processing /home/airflow/.local/lib/python3.6/site-packages/airflow/example_dags/example_latest_only_with_trigger.py took 0.039 seconds
[2022-07-10 08:46:03,329] {scheduler_job.py:182} INFO - Started process (PID=721) to work on /home/airflow/.local/lib/python3.6/site-packages/airflow/example_dags/example_latest_only_with_trigger.py
[2022-07-10 08:46:03,330] {scheduler_job.py:629} INFO - Processing file /home/airflow/.local/lib/python3.6/site-packages/airflow/example_dags/example_latest_only_with_trigger.py for tasks to queue
[2022-07-10 08:46:03,330] {logging_mixin.py:104} INFO - [2022-07-10 08:46:03,330] {dagbag.py:451} INFO - Filling up the DagBag from /home/airflow/.local/lib/python3.6/site-packages/airflow/example_dags/example_latest_only_with_trigger.py
[2022-07-10 08:46:03,336] {scheduler_job.py:639} INFO - DAG(s) dict_keys(['latest_only_with_trigger']) retrieved from /home/airflow/.local/lib/python3.6/site-packages/airflow/example_dags/example_latest_only_with_trigger.py
[2022-07-10 08:46:03,348] {logging_mixin.py:104} INFO - [2022-07-10 08:46:03,348] {dag.py:1824} INFO - Sync 1 DAGs
[2022-07-10 08:46:03,357] {logging_mixin.py:104} INFO - [2022-07-10 08:46:03,357] {dag.py:2280} INFO - Setting next_dagrun for latest_only_with_trigger to 2022-07-08 00:00:00+00:00
[2022-07-10 08:46:03,363] {scheduler_job.py:190} INFO - Processing /home/airflow/.local/lib/python3.6/site-packages/airflow/example_dags/example_latest_only_with_trigger.py took 0.036 seconds
[2022-07-10 08:46:34,147] {scheduler_job.py:182} INFO - Started process (PID=747) to work on /home/airflow/.local/lib/python3.6/site-packages/airflow/example_dags/example_latest_only_with_trigger.py
[2022-07-10 08:46:34,148] {scheduler_job.py:629} INFO - Processing file /home/airflow/.local/lib/python3.6/site-packages/airflow/example_dags/example_latest_only_with_trigger.py for tasks to queue
[2022-07-10 08:46:34,148] {logging_mixin.py:104} INFO - [2022-07-10 08:46:34,148] {dagbag.py:451} INFO - Filling up the DagBag from /home/airflow/.local/lib/python3.6/site-packages/airflow/example_dags/example_latest_only_with_trigger.py
[2022-07-10 08:46:34,154] {scheduler_job.py:639} INFO - DAG(s) dict_keys(['latest_only_with_trigger']) retrieved from /home/airflow/.local/lib/python3.6/site-packages/airflow/example_dags/example_latest_only_with_trigger.py
[2022-07-10 08:46:34,166] {logging_mixin.py:104} INFO - [2022-07-10 08:46:34,166] {dag.py:1824} INFO - Sync 1 DAGs
[2022-07-10 08:46:34,174] {logging_mixin.py:104} INFO - [2022-07-10 08:46:34,174] {dag.py:2280} INFO - Setting next_dagrun for latest_only_with_trigger to 2022-07-08 00:00:00+00:00
[2022-07-10 08:46:34,180] {scheduler_job.py:190} INFO - Processing /home/airflow/.local/lib/python3.6/site-packages/airflow/example_dags/example_latest_only_with_trigger.py took 0.035 seconds
[2022-07-10 08:47:05,026] {scheduler_job.py:182} INFO - Started process (PID=773) to work on /home/airflow/.local/lib/python3.6/site-packages/airflow/example_dags/example_latest_only_with_trigger.py
[2022-07-10 08:47:05,027] {scheduler_job.py:629} INFO - Processing file /home/airflow/.local/lib/python3.6/site-packages/airflow/example_dags/example_latest_only_with_trigger.py for tasks to queue
[2022-07-10 08:47:05,027] {logging_mixin.py:104} INFO - [2022-07-10 08:47:05,027] {dagbag.py:451} INFO - Filling up the DagBag from /home/airflow/.local/lib/python3.6/site-packages/airflow/example_dags/example_latest_only_with_trigger.py
[2022-07-10 08:47:05,033] {scheduler_job.py:639} INFO - DAG(s) dict_keys(['latest_only_with_trigger']) retrieved from /home/airflow/.local/lib/python3.6/site-packages/airflow/example_dags/example_latest_only_with_trigger.py
[2022-07-10 08:47:05,045] {logging_mixin.py:104} INFO - [2022-07-10 08:47:05,045] {dag.py:1824} INFO - Sync 1 DAGs
[2022-07-10 08:47:05,054] {logging_mixin.py:104} INFO - [2022-07-10 08:47:05,054] {dag.py:2280} INFO - Setting next_dagrun for latest_only_with_trigger to 2022-07-08 00:00:00+00:00
[2022-07-10 08:47:05,060] {scheduler_job.py:190} INFO - Processing /home/airflow/.local/lib/python3.6/site-packages/airflow/example_dags/example_latest_only_with_trigger.py took 0.036 seconds
[2022-07-10 08:47:35,948] {scheduler_job.py:182} INFO - Started process (PID=799) to work on /home/airflow/.local/lib/python3.6/site-packages/airflow/example_dags/example_latest_only_with_trigger.py
[2022-07-10 08:47:35,949] {scheduler_job.py:629} INFO - Processing file /home/airflow/.local/lib/python3.6/site-packages/airflow/example_dags/example_latest_only_with_trigger.py for tasks to queue
[2022-07-10 08:47:35,949] {logging_mixin.py:104} INFO - [2022-07-10 08:47:35,949] {dagbag.py:451} INFO - Filling up the DagBag from /home/airflow/.local/lib/python3.6/site-packages/airflow/example_dags/example_latest_only_with_trigger.py
[2022-07-10 08:47:35,956] {scheduler_job.py:639} INFO - DAG(s) dict_keys(['latest_only_with_trigger']) retrieved from /home/airflow/.local/lib/python3.6/site-packages/airflow/example_dags/example_latest_only_with_trigger.py
[2022-07-10 08:47:35,994] {logging_mixin.py:104} INFO - [2022-07-10 08:47:35,994] {dag.py:1824} INFO - Sync 1 DAGs
[2022-07-10 08:47:36,009] {logging_mixin.py:104} INFO - [2022-07-10 08:47:36,008] {dag.py:2280} INFO - Setting next_dagrun for latest_only_with_trigger to 2022-07-08 00:00:00+00:00
[2022-07-10 08:47:36,016] {scheduler_job.py:190} INFO - Processing /home/airflow/.local/lib/python3.6/site-packages/airflow/example_dags/example_latest_only_with_trigger.py took 0.070 seconds
[2022-07-10 08:48:06,792] {scheduler_job.py:182} INFO - Started process (PID=825) to work on /home/airflow/.local/lib/python3.6/site-packages/airflow/example_dags/example_latest_only_with_trigger.py
[2022-07-10 08:48:06,793] {scheduler_job.py:629} INFO - Processing file /home/airflow/.local/lib/python3.6/site-packages/airflow/example_dags/example_latest_only_with_trigger.py for tasks to queue
[2022-07-10 08:48:06,793] {logging_mixin.py:104} INFO - [2022-07-10 08:48:06,793] {dagbag.py:451} INFO - Filling up the DagBag from /home/airflow/.local/lib/python3.6/site-packages/airflow/example_dags/example_latest_only_with_trigger.py
[2022-07-10 08:48:06,800] {scheduler_job.py:639} INFO - DAG(s) dict_keys(['latest_only_with_trigger']) retrieved from /home/airflow/.local/lib/python3.6/site-packages/airflow/example_dags/example_latest_only_with_trigger.py
[2022-07-10 08:48:06,813] {logging_mixin.py:104} INFO - [2022-07-10 08:48:06,813] {dag.py:1824} INFO - Sync 1 DAGs
[2022-07-10 08:48:06,823] {logging_mixin.py:104} INFO - [2022-07-10 08:48:06,822] {dag.py:2280} INFO - Setting next_dagrun for latest_only_with_trigger to 2022-07-08 00:00:00+00:00
[2022-07-10 08:48:06,828] {scheduler_job.py:190} INFO - Processing /home/airflow/.local/lib/python3.6/site-packages/airflow/example_dags/example_latest_only_with_trigger.py took 0.038 seconds
[2022-07-10 08:48:37,549] {scheduler_job.py:182} INFO - Started process (PID=851) to work on /home/airflow/.local/lib/python3.6/site-packages/airflow/example_dags/example_latest_only_with_trigger.py
[2022-07-10 08:48:37,550] {scheduler_job.py:629} INFO - Processing file /home/airflow/.local/lib/python3.6/site-packages/airflow/example_dags/example_latest_only_with_trigger.py for tasks to queue
[2022-07-10 08:48:37,550] {logging_mixin.py:104} INFO - [2022-07-10 08:48:37,550] {dagbag.py:451} INFO - Filling up the DagBag from /home/airflow/.local/lib/python3.6/site-packages/airflow/example_dags/example_latest_only_with_trigger.py
[2022-07-10 08:48:37,556] {scheduler_job.py:639} INFO - DAG(s) dict_keys(['latest_only_with_trigger']) retrieved from /home/airflow/.local/lib/python3.6/site-packages/airflow/example_dags/example_latest_only_with_trigger.py
[2022-07-10 08:48:37,568] {logging_mixin.py:104} INFO - [2022-07-10 08:48:37,568] {dag.py:1824} INFO - Sync 1 DAGs
[2022-07-10 08:48:37,577] {logging_mixin.py:104} INFO - [2022-07-10 08:48:37,577] {dag.py:2280} INFO - Setting next_dagrun for latest_only_with_trigger to 2022-07-08 00:00:00+00:00
[2022-07-10 08:48:37,583] {scheduler_job.py:190} INFO - Processing /home/airflow/.local/lib/python3.6/site-packages/airflow/example_dags/example_latest_only_with_trigger.py took 0.036 seconds
[2022-07-10 08:49:08,472] {scheduler_job.py:182} INFO - Started process (PID=877) to work on /home/airflow/.local/lib/python3.6/site-packages/airflow/example_dags/example_latest_only_with_trigger.py
[2022-07-10 08:49:08,473] {scheduler_job.py:629} INFO - Processing file /home/airflow/.local/lib/python3.6/site-packages/airflow/example_dags/example_latest_only_with_trigger.py for tasks to queue
[2022-07-10 08:49:08,474] {logging_mixin.py:104} INFO - [2022-07-10 08:49:08,474] {dagbag.py:451} INFO - Filling up the DagBag from /home/airflow/.local/lib/python3.6/site-packages/airflow/example_dags/example_latest_only_with_trigger.py
[2022-07-10 08:49:08,480] {scheduler_job.py:639} INFO - DAG(s) dict_keys(['latest_only_with_trigger']) retrieved from /home/airflow/.local/lib/python3.6/site-packages/airflow/example_dags/example_latest_only_with_trigger.py
[2022-07-10 08:49:08,492] {logging_mixin.py:104} INFO - [2022-07-10 08:49:08,492] {dag.py:1824} INFO - Sync 1 DAGs
[2022-07-10 08:49:08,501] {logging_mixin.py:104} INFO - [2022-07-10 08:49:08,501] {dag.py:2280} INFO - Setting next_dagrun for latest_only_with_trigger to 2022-07-08 00:00:00+00:00
[2022-07-10 08:49:08,508] {scheduler_job.py:190} INFO - Processing /home/airflow/.local/lib/python3.6/site-packages/airflow/example_dags/example_latest_only_with_trigger.py took 0.038 seconds
[2022-07-10 08:49:39,292] {scheduler_job.py:182} INFO - Started process (PID=903) to work on /home/airflow/.local/lib/python3.6/site-packages/airflow/example_dags/example_latest_only_with_trigger.py
[2022-07-10 08:49:39,293] {scheduler_job.py:629} INFO - Processing file /home/airflow/.local/lib/python3.6/site-packages/airflow/example_dags/example_latest_only_with_trigger.py for tasks to queue
[2022-07-10 08:49:39,293] {logging_mixin.py:104} INFO - [2022-07-10 08:49:39,293] {dagbag.py:451} INFO - Filling up the DagBag from /home/airflow/.local/lib/python3.6/site-packages/airflow/example_dags/example_latest_only_with_trigger.py
[2022-07-10 08:49:39,299] {scheduler_job.py:639} INFO - DAG(s) dict_keys(['latest_only_with_trigger']) retrieved from /home/airflow/.local/lib/python3.6/site-packages/airflow/example_dags/example_latest_only_with_trigger.py
[2022-07-10 08:49:39,311] {logging_mixin.py:104} INFO - [2022-07-10 08:49:39,311] {dag.py:1824} INFO - Sync 1 DAGs
[2022-07-10 08:49:39,320] {logging_mixin.py:104} INFO - [2022-07-10 08:49:39,320] {dag.py:2280} INFO - Setting next_dagrun for latest_only_with_trigger to 2022-07-08 00:00:00+00:00
[2022-07-10 08:49:39,327] {scheduler_job.py:190} INFO - Processing /home/airflow/.local/lib/python3.6/site-packages/airflow/example_dags/example_latest_only_with_trigger.py took 0.037 seconds
[2022-07-10 08:50:10,074] {scheduler_job.py:182} INFO - Started process (PID=929) to work on /home/airflow/.local/lib/python3.6/site-packages/airflow/example_dags/example_latest_only_with_trigger.py
[2022-07-10 08:50:10,075] {scheduler_job.py:629} INFO - Processing file /home/airflow/.local/lib/python3.6/site-packages/airflow/example_dags/example_latest_only_with_trigger.py for tasks to queue
[2022-07-10 08:50:10,076] {logging_mixin.py:104} INFO - [2022-07-10 08:50:10,075] {dagbag.py:451} INFO - Filling up the DagBag from /home/airflow/.local/lib/python3.6/site-packages/airflow/example_dags/example_latest_only_with_trigger.py
[2022-07-10 08:50:10,081] {scheduler_job.py:639} INFO - DAG(s) dict_keys(['latest_only_with_trigger']) retrieved from /home/airflow/.local/lib/python3.6/site-packages/airflow/example_dags/example_latest_only_with_trigger.py
[2022-07-10 08:50:10,094] {logging_mixin.py:104} INFO - [2022-07-10 08:50:10,093] {dag.py:1824} INFO - Sync 1 DAGs
[2022-07-10 08:50:10,104] {logging_mixin.py:104} INFO - [2022-07-10 08:50:10,104] {dag.py:2280} INFO - Setting next_dagrun for latest_only_with_trigger to 2022-07-08 00:00:00+00:00
[2022-07-10 08:50:10,110] {scheduler_job.py:190} INFO - Processing /home/airflow/.local/lib/python3.6/site-packages/airflow/example_dags/example_latest_only_with_trigger.py took 0.037 seconds
[2022-07-10 08:50:40,929] {scheduler_job.py:182} INFO - Started process (PID=955) to work on /home/airflow/.local/lib/python3.6/site-packages/airflow/example_dags/example_latest_only_with_trigger.py
[2022-07-10 08:50:40,930] {scheduler_job.py:629} INFO - Processing file /home/airflow/.local/lib/python3.6/site-packages/airflow/example_dags/example_latest_only_with_trigger.py for tasks to queue
[2022-07-10 08:50:40,930] {logging_mixin.py:104} INFO - [2022-07-10 08:50:40,930] {dagbag.py:451} INFO - Filling up the DagBag from /home/airflow/.local/lib/python3.6/site-packages/airflow/example_dags/example_latest_only_with_trigger.py
[2022-07-10 08:50:40,936] {scheduler_job.py:639} INFO - DAG(s) dict_keys(['latest_only_with_trigger']) retrieved from /home/airflow/.local/lib/python3.6/site-packages/airflow/example_dags/example_latest_only_with_trigger.py
[2022-07-10 08:50:40,948] {logging_mixin.py:104} INFO - [2022-07-10 08:50:40,948] {dag.py:1824} INFO - Sync 1 DAGs
[2022-07-10 08:50:40,957] {logging_mixin.py:104} INFO - [2022-07-10 08:50:40,957] {dag.py:2280} INFO - Setting next_dagrun for latest_only_with_trigger to 2022-07-08 00:00:00+00:00
[2022-07-10 08:50:40,963] {scheduler_job.py:190} INFO - Processing /home/airflow/.local/lib/python3.6/site-packages/airflow/example_dags/example_latest_only_with_trigger.py took 0.035 seconds
[2022-07-10 08:51:11,725] {scheduler_job.py:182} INFO - Started process (PID=981) to work on /home/airflow/.local/lib/python3.6/site-packages/airflow/example_dags/example_latest_only_with_trigger.py
[2022-07-10 08:51:11,726] {scheduler_job.py:629} INFO - Processing file /home/airflow/.local/lib/python3.6/site-packages/airflow/example_dags/example_latest_only_with_trigger.py for tasks to queue
[2022-07-10 08:51:11,727] {logging_mixin.py:104} INFO - [2022-07-10 08:51:11,727] {dagbag.py:451} INFO - Filling up the DagBag from /home/airflow/.local/lib/python3.6/site-packages/airflow/example_dags/example_latest_only_with_trigger.py
[2022-07-10 08:51:11,733] {scheduler_job.py:639} INFO - DAG(s) dict_keys(['latest_only_with_trigger']) retrieved from /home/airflow/.local/lib/python3.6/site-packages/airflow/example_dags/example_latest_only_with_trigger.py
[2022-07-10 08:51:11,745] {logging_mixin.py:104} INFO - [2022-07-10 08:51:11,745] {dag.py:1824} INFO - Sync 1 DAGs
[2022-07-10 08:51:11,753] {logging_mixin.py:104} INFO - [2022-07-10 08:51:11,753] {dag.py:2280} INFO - Setting next_dagrun for latest_only_with_trigger to 2022-07-08 00:00:00+00:00
[2022-07-10 08:51:11,760] {scheduler_job.py:190} INFO - Processing /home/airflow/.local/lib/python3.6/site-packages/airflow/example_dags/example_latest_only_with_trigger.py took 0.036 seconds
[2022-07-10 08:51:42,581] {scheduler_job.py:182} INFO - Started process (PID=1007) to work on /home/airflow/.local/lib/python3.6/site-packages/airflow/example_dags/example_latest_only_with_trigger.py
[2022-07-10 08:51:42,582] {scheduler_job.py:629} INFO - Processing file /home/airflow/.local/lib/python3.6/site-packages/airflow/example_dags/example_latest_only_with_trigger.py for tasks to queue
[2022-07-10 08:51:42,582] {logging_mixin.py:104} INFO - [2022-07-10 08:51:42,582] {dagbag.py:451} INFO - Filling up the DagBag from /home/airflow/.local/lib/python3.6/site-packages/airflow/example_dags/example_latest_only_with_trigger.py
[2022-07-10 08:51:42,588] {scheduler_job.py:639} INFO - DAG(s) dict_keys(['latest_only_with_trigger']) retrieved from /home/airflow/.local/lib/python3.6/site-packages/airflow/example_dags/example_latest_only_with_trigger.py
[2022-07-10 08:51:42,600] {logging_mixin.py:104} INFO - [2022-07-10 08:51:42,600] {dag.py:1824} INFO - Sync 1 DAGs
[2022-07-10 08:51:42,609] {logging_mixin.py:104} INFO - [2022-07-10 08:51:42,609] {dag.py:2280} INFO - Setting next_dagrun for latest_only_with_trigger to 2022-07-08 00:00:00+00:00
[2022-07-10 08:51:42,615] {scheduler_job.py:190} INFO - Processing /home/airflow/.local/lib/python3.6/site-packages/airflow/example_dags/example_latest_only_with_trigger.py took 0.036 seconds
[2022-07-10 08:52:13,357] {scheduler_job.py:182} INFO - Started process (PID=1033) to work on /home/airflow/.local/lib/python3.6/site-packages/airflow/example_dags/example_latest_only_with_trigger.py
[2022-07-10 08:52:13,358] {scheduler_job.py:629} INFO - Processing file /home/airflow/.local/lib/python3.6/site-packages/airflow/example_dags/example_latest_only_with_trigger.py for tasks to queue
[2022-07-10 08:52:13,358] {logging_mixin.py:104} INFO - [2022-07-10 08:52:13,358] {dagbag.py:451} INFO - Filling up the DagBag from /home/airflow/.local/lib/python3.6/site-packages/airflow/example_dags/example_latest_only_with_trigger.py
[2022-07-10 08:52:13,364] {scheduler_job.py:639} INFO - DAG(s) dict_keys(['latest_only_with_trigger']) retrieved from /home/airflow/.local/lib/python3.6/site-packages/airflow/example_dags/example_latest_only_with_trigger.py
[2022-07-10 08:52:13,376] {logging_mixin.py:104} INFO - [2022-07-10 08:52:13,376] {dag.py:1824} INFO - Sync 1 DAGs
[2022-07-10 08:52:13,385] {logging_mixin.py:104} INFO - [2022-07-10 08:52:13,385] {dag.py:2280} INFO - Setting next_dagrun for latest_only_with_trigger to 2022-07-08 00:00:00+00:00
[2022-07-10 08:52:13,392] {scheduler_job.py:190} INFO - Processing /home/airflow/.local/lib/python3.6/site-packages/airflow/example_dags/example_latest_only_with_trigger.py took 0.036 seconds
[2022-07-10 08:52:44,243] {scheduler_job.py:182} INFO - Started process (PID=1059) to work on /home/airflow/.local/lib/python3.6/site-packages/airflow/example_dags/example_latest_only_with_trigger.py
[2022-07-10 08:52:44,244] {scheduler_job.py:629} INFO - Processing file /home/airflow/.local/lib/python3.6/site-packages/airflow/example_dags/example_latest_only_with_trigger.py for tasks to queue
[2022-07-10 08:52:44,245] {logging_mixin.py:104} INFO - [2022-07-10 08:52:44,244] {dagbag.py:451} INFO - Filling up the DagBag from /home/airflow/.local/lib/python3.6/site-packages/airflow/example_dags/example_latest_only_with_trigger.py
[2022-07-10 08:52:44,250] {scheduler_job.py:639} INFO - DAG(s) dict_keys(['latest_only_with_trigger']) retrieved from /home/airflow/.local/lib/python3.6/site-packages/airflow/example_dags/example_latest_only_with_trigger.py
[2022-07-10 08:52:44,263] {logging_mixin.py:104} INFO - [2022-07-10 08:52:44,262] {dag.py:1824} INFO - Sync 1 DAGs
[2022-07-10 08:52:44,271] {logging_mixin.py:104} INFO - [2022-07-10 08:52:44,271] {dag.py:2280} INFO - Setting next_dagrun for latest_only_with_trigger to 2022-07-08 00:00:00+00:00
[2022-07-10 08:52:44,277] {scheduler_job.py:190} INFO - Processing /home/airflow/.local/lib/python3.6/site-packages/airflow/example_dags/example_latest_only_with_trigger.py took 0.036 seconds
[2022-07-10 08:53:15,105] {scheduler_job.py:182} INFO - Started process (PID=1085) to work on /home/airflow/.local/lib/python3.6/site-packages/airflow/example_dags/example_latest_only_with_trigger.py
[2022-07-10 08:53:15,106] {scheduler_job.py:629} INFO - Processing file /home/airflow/.local/lib/python3.6/site-packages/airflow/example_dags/example_latest_only_with_trigger.py for tasks to queue
[2022-07-10 08:53:15,106] {logging_mixin.py:104} INFO - [2022-07-10 08:53:15,106] {dagbag.py:451} INFO - Filling up the DagBag from /home/airflow/.local/lib/python3.6/site-packages/airflow/example_dags/example_latest_only_with_trigger.py
[2022-07-10 08:53:15,112] {scheduler_job.py:639} INFO - DAG(s) dict_keys(['latest_only_with_trigger']) retrieved from /home/airflow/.local/lib/python3.6/site-packages/airflow/example_dags/example_latest_only_with_trigger.py
[2022-07-10 08:53:15,124] {logging_mixin.py:104} INFO - [2022-07-10 08:53:15,124] {dag.py:1824} INFO - Sync 1 DAGs
[2022-07-10 08:53:15,133] {logging_mixin.py:104} INFO - [2022-07-10 08:53:15,133] {dag.py:2280} INFO - Setting next_dagrun for latest_only_with_trigger to 2022-07-08 00:00:00+00:00
[2022-07-10 08:53:15,140] {scheduler_job.py:190} INFO - Processing /home/airflow/.local/lib/python3.6/site-packages/airflow/example_dags/example_latest_only_with_trigger.py took 0.036 seconds
[2022-07-10 08:53:45,980] {scheduler_job.py:182} INFO - Started process (PID=1111) to work on /home/airflow/.local/lib/python3.6/site-packages/airflow/example_dags/example_latest_only_with_trigger.py
[2022-07-10 08:53:45,981] {scheduler_job.py:629} INFO - Processing file /home/airflow/.local/lib/python3.6/site-packages/airflow/example_dags/example_latest_only_with_trigger.py for tasks to queue
[2022-07-10 08:53:45,982] {logging_mixin.py:104} INFO - [2022-07-10 08:53:45,982] {dagbag.py:451} INFO - Filling up the DagBag from /home/airflow/.local/lib/python3.6/site-packages/airflow/example_dags/example_latest_only_with_trigger.py
[2022-07-10 08:53:45,987] {scheduler_job.py:639} INFO - DAG(s) dict_keys(['latest_only_with_trigger']) retrieved from /home/airflow/.local/lib/python3.6/site-packages/airflow/example_dags/example_latest_only_with_trigger.py
[2022-07-10 08:53:45,999] {logging_mixin.py:104} INFO - [2022-07-10 08:53:45,999] {dag.py:1824} INFO - Sync 1 DAGs
[2022-07-10 08:53:46,009] {logging_mixin.py:104} INFO - [2022-07-10 08:53:46,008] {dag.py:2280} INFO - Setting next_dagrun for latest_only_with_trigger to 2022-07-08 00:00:00+00:00
[2022-07-10 08:53:46,015] {scheduler_job.py:190} INFO - Processing /home/airflow/.local/lib/python3.6/site-packages/airflow/example_dags/example_latest_only_with_trigger.py took 0.036 seconds
[2022-07-10 08:54:16,865] {scheduler_job.py:182} INFO - Started process (PID=1137) to work on /home/airflow/.local/lib/python3.6/site-packages/airflow/example_dags/example_latest_only_with_trigger.py
[2022-07-10 08:54:16,865] {scheduler_job.py:629} INFO - Processing file /home/airflow/.local/lib/python3.6/site-packages/airflow/example_dags/example_latest_only_with_trigger.py for tasks to queue
[2022-07-10 08:54:16,866] {logging_mixin.py:104} INFO - [2022-07-10 08:54:16,866] {dagbag.py:451} INFO - Filling up the DagBag from /home/airflow/.local/lib/python3.6/site-packages/airflow/example_dags/example_latest_only_with_trigger.py
[2022-07-10 08:54:16,872] {scheduler_job.py:639} INFO - DAG(s) dict_keys(['latest_only_with_trigger']) retrieved from /home/airflow/.local/lib/python3.6/site-packages/airflow/example_dags/example_latest_only_with_trigger.py
[2022-07-10 08:54:16,884] {logging_mixin.py:104} INFO - [2022-07-10 08:54:16,884] {dag.py:1824} INFO - Sync 1 DAGs
[2022-07-10 08:54:16,893] {logging_mixin.py:104} INFO - [2022-07-10 08:54:16,893] {dag.py:2280} INFO - Setting next_dagrun for latest_only_with_trigger to 2022-07-08 00:00:00+00:00
[2022-07-10 08:54:16,900] {scheduler_job.py:190} INFO - Processing /home/airflow/.local/lib/python3.6/site-packages/airflow/example_dags/example_latest_only_with_trigger.py took 0.037 seconds
[2022-07-10 08:54:47,714] {scheduler_job.py:182} INFO - Started process (PID=1163) to work on /home/airflow/.local/lib/python3.6/site-packages/airflow/example_dags/example_latest_only_with_trigger.py
[2022-07-10 08:54:47,716] {scheduler_job.py:629} INFO - Processing file /home/airflow/.local/lib/python3.6/site-packages/airflow/example_dags/example_latest_only_with_trigger.py for tasks to queue
[2022-07-10 08:54:47,716] {logging_mixin.py:104} INFO - [2022-07-10 08:54:47,716] {dagbag.py:451} INFO - Filling up the DagBag from /home/airflow/.local/lib/python3.6/site-packages/airflow/example_dags/example_latest_only_with_trigger.py
[2022-07-10 08:54:47,722] {scheduler_job.py:639} INFO - DAG(s) dict_keys(['latest_only_with_trigger']) retrieved from /home/airflow/.local/lib/python3.6/site-packages/airflow/example_dags/example_latest_only_with_trigger.py
[2022-07-10 08:54:47,735] {logging_mixin.py:104} INFO - [2022-07-10 08:54:47,735] {dag.py:1824} INFO - Sync 1 DAGs
[2022-07-10 08:54:47,745] {logging_mixin.py:104} INFO - [2022-07-10 08:54:47,744] {dag.py:2280} INFO - Setting next_dagrun for latest_only_with_trigger to 2022-07-08 00:00:00+00:00
[2022-07-10 08:54:47,751] {scheduler_job.py:190} INFO - Processing /home/airflow/.local/lib/python3.6/site-packages/airflow/example_dags/example_latest_only_with_trigger.py took 0.038 seconds
[2022-07-10 08:55:18,597] {scheduler_job.py:182} INFO - Started process (PID=1189) to work on /home/airflow/.local/lib/python3.6/site-packages/airflow/example_dags/example_latest_only_with_trigger.py
[2022-07-10 08:55:18,598] {scheduler_job.py:629} INFO - Processing file /home/airflow/.local/lib/python3.6/site-packages/airflow/example_dags/example_latest_only_with_trigger.py for tasks to queue
[2022-07-10 08:55:18,598] {logging_mixin.py:104} INFO - [2022-07-10 08:55:18,598] {dagbag.py:451} INFO - Filling up the DagBag from /home/airflow/.local/lib/python3.6/site-packages/airflow/example_dags/example_latest_only_with_trigger.py
[2022-07-10 08:55:18,605] {scheduler_job.py:639} INFO - DAG(s) dict_keys(['latest_only_with_trigger']) retrieved from /home/airflow/.local/lib/python3.6/site-packages/airflow/example_dags/example_latest_only_with_trigger.py
[2022-07-10 08:55:18,618] {logging_mixin.py:104} INFO - [2022-07-10 08:55:18,617] {dag.py:1824} INFO - Sync 1 DAGs
[2022-07-10 08:55:18,628] {logging_mixin.py:104} INFO - [2022-07-10 08:55:18,627] {dag.py:2280} INFO - Setting next_dagrun for latest_only_with_trigger to 2022-07-08 00:00:00+00:00
[2022-07-10 08:55:18,634] {scheduler_job.py:190} INFO - Processing /home/airflow/.local/lib/python3.6/site-packages/airflow/example_dags/example_latest_only_with_trigger.py took 0.038 seconds
[2022-07-10 08:55:49,540] {scheduler_job.py:182} INFO - Started process (PID=1215) to work on /home/airflow/.local/lib/python3.6/site-packages/airflow/example_dags/example_latest_only_with_trigger.py
[2022-07-10 08:55:49,541] {scheduler_job.py:629} INFO - Processing file /home/airflow/.local/lib/python3.6/site-packages/airflow/example_dags/example_latest_only_with_trigger.py for tasks to queue
[2022-07-10 08:55:49,541] {logging_mixin.py:104} INFO - [2022-07-10 08:55:49,541] {dagbag.py:451} INFO - Filling up the DagBag from /home/airflow/.local/lib/python3.6/site-packages/airflow/example_dags/example_latest_only_with_trigger.py
[2022-07-10 08:55:49,547] {scheduler_job.py:639} INFO - DAG(s) dict_keys(['latest_only_with_trigger']) retrieved from /home/airflow/.local/lib/python3.6/site-packages/airflow/example_dags/example_latest_only_with_trigger.py
[2022-07-10 08:55:49,561] {logging_mixin.py:104} INFO - [2022-07-10 08:55:49,561] {dag.py:1824} INFO - Sync 1 DAGs
[2022-07-10 08:55:49,571] {logging_mixin.py:104} INFO - [2022-07-10 08:55:49,571] {dag.py:2280} INFO - Setting next_dagrun for latest_only_with_trigger to 2022-07-08 00:00:00+00:00
[2022-07-10 08:55:49,577] {scheduler_job.py:190} INFO - Processing /home/airflow/.local/lib/python3.6/site-packages/airflow/example_dags/example_latest_only_with_trigger.py took 0.039 seconds
[2022-07-10 08:56:20,481] {scheduler_job.py:182} INFO - Started process (PID=1241) to work on /home/airflow/.local/lib/python3.6/site-packages/airflow/example_dags/example_latest_only_with_trigger.py
[2022-07-10 08:56:20,481] {scheduler_job.py:629} INFO - Processing file /home/airflow/.local/lib/python3.6/site-packages/airflow/example_dags/example_latest_only_with_trigger.py for tasks to queue
[2022-07-10 08:56:20,482] {logging_mixin.py:104} INFO - [2022-07-10 08:56:20,482] {dagbag.py:451} INFO - Filling up the DagBag from /home/airflow/.local/lib/python3.6/site-packages/airflow/example_dags/example_latest_only_with_trigger.py
[2022-07-10 08:56:20,488] {scheduler_job.py:639} INFO - DAG(s) dict_keys(['latest_only_with_trigger']) retrieved from /home/airflow/.local/lib/python3.6/site-packages/airflow/example_dags/example_latest_only_with_trigger.py
[2022-07-10 08:56:20,502] {logging_mixin.py:104} INFO - [2022-07-10 08:56:20,502] {dag.py:1824} INFO - Sync 1 DAGs
[2022-07-10 08:56:20,511] {logging_mixin.py:104} INFO - [2022-07-10 08:56:20,511] {dag.py:2280} INFO - Setting next_dagrun for latest_only_with_trigger to 2022-07-08 00:00:00+00:00
[2022-07-10 08:56:20,520] {scheduler_job.py:190} INFO - Processing /home/airflow/.local/lib/python3.6/site-packages/airflow/example_dags/example_latest_only_with_trigger.py took 0.041 seconds
[2022-07-10 08:56:51,457] {scheduler_job.py:182} INFO - Started process (PID=1267) to work on /home/airflow/.local/lib/python3.6/site-packages/airflow/example_dags/example_latest_only_with_trigger.py
[2022-07-10 08:56:51,458] {scheduler_job.py:629} INFO - Processing file /home/airflow/.local/lib/python3.6/site-packages/airflow/example_dags/example_latest_only_with_trigger.py for tasks to queue
[2022-07-10 08:56:51,458] {logging_mixin.py:104} INFO - [2022-07-10 08:56:51,458] {dagbag.py:451} INFO - Filling up the DagBag from /home/airflow/.local/lib/python3.6/site-packages/airflow/example_dags/example_latest_only_with_trigger.py
[2022-07-10 08:56:51,464] {scheduler_job.py:639} INFO - DAG(s) dict_keys(['latest_only_with_trigger']) retrieved from /home/airflow/.local/lib/python3.6/site-packages/airflow/example_dags/example_latest_only_with_trigger.py
[2022-07-10 08:56:51,477] {logging_mixin.py:104} INFO - [2022-07-10 08:56:51,477] {dag.py:1824} INFO - Sync 1 DAGs
[2022-07-10 08:56:51,486] {logging_mixin.py:104} INFO - [2022-07-10 08:56:51,486] {dag.py:2280} INFO - Setting next_dagrun for latest_only_with_trigger to 2022-07-08 00:00:00+00:00
[2022-07-10 08:56:51,493] {scheduler_job.py:190} INFO - Processing /home/airflow/.local/lib/python3.6/site-packages/airflow/example_dags/example_latest_only_with_trigger.py took 0.038 seconds
[2022-07-10 08:57:22,326] {scheduler_job.py:182} INFO - Started process (PID=1293) to work on /home/airflow/.local/lib/python3.6/site-packages/airflow/example_dags/example_latest_only_with_trigger.py
[2022-07-10 08:57:22,327] {scheduler_job.py:629} INFO - Processing file /home/airflow/.local/lib/python3.6/site-packages/airflow/example_dags/example_latest_only_with_trigger.py for tasks to queue
[2022-07-10 08:57:22,327] {logging_mixin.py:104} INFO - [2022-07-10 08:57:22,327] {dagbag.py:451} INFO - Filling up the DagBag from /home/airflow/.local/lib/python3.6/site-packages/airflow/example_dags/example_latest_only_with_trigger.py
[2022-07-10 08:57:22,334] {scheduler_job.py:639} INFO - DAG(s) dict_keys(['latest_only_with_trigger']) retrieved from /home/airflow/.local/lib/python3.6/site-packages/airflow/example_dags/example_latest_only_with_trigger.py
[2022-07-10 08:57:22,346] {logging_mixin.py:104} INFO - [2022-07-10 08:57:22,346] {dag.py:1824} INFO - Sync 1 DAGs
[2022-07-10 08:57:22,356] {logging_mixin.py:104} INFO - [2022-07-10 08:57:22,356] {dag.py:2280} INFO - Setting next_dagrun for latest_only_with_trigger to 2022-07-08 00:00:00+00:00
[2022-07-10 08:57:22,362] {scheduler_job.py:190} INFO - Processing /home/airflow/.local/lib/python3.6/site-packages/airflow/example_dags/example_latest_only_with_trigger.py took 0.038 seconds
[2022-07-10 08:57:53,210] {scheduler_job.py:182} INFO - Started process (PID=1319) to work on /home/airflow/.local/lib/python3.6/site-packages/airflow/example_dags/example_latest_only_with_trigger.py
[2022-07-10 08:57:53,211] {scheduler_job.py:629} INFO - Processing file /home/airflow/.local/lib/python3.6/site-packages/airflow/example_dags/example_latest_only_with_trigger.py for tasks to queue
[2022-07-10 08:57:53,211] {logging_mixin.py:104} INFO - [2022-07-10 08:57:53,211] {dagbag.py:451} INFO - Filling up the DagBag from /home/airflow/.local/lib/python3.6/site-packages/airflow/example_dags/example_latest_only_with_trigger.py
[2022-07-10 08:57:53,218] {scheduler_job.py:639} INFO - DAG(s) dict_keys(['latest_only_with_trigger']) retrieved from /home/airflow/.local/lib/python3.6/site-packages/airflow/example_dags/example_latest_only_with_trigger.py
[2022-07-10 08:57:53,231] {logging_mixin.py:104} INFO - [2022-07-10 08:57:53,231] {dag.py:1824} INFO - Sync 1 DAGs
[2022-07-10 08:57:53,241] {logging_mixin.py:104} INFO - [2022-07-10 08:57:53,240] {dag.py:2280} INFO - Setting next_dagrun for latest_only_with_trigger to 2022-07-08 00:00:00+00:00
[2022-07-10 08:57:53,247] {scheduler_job.py:190} INFO - Processing /home/airflow/.local/lib/python3.6/site-packages/airflow/example_dags/example_latest_only_with_trigger.py took 0.039 seconds
[2022-07-10 08:58:24,210] {scheduler_job.py:182} INFO - Started process (PID=1345) to work on /home/airflow/.local/lib/python3.6/site-packages/airflow/example_dags/example_latest_only_with_trigger.py
[2022-07-10 08:58:24,211] {scheduler_job.py:629} INFO - Processing file /home/airflow/.local/lib/python3.6/site-packages/airflow/example_dags/example_latest_only_with_trigger.py for tasks to queue
[2022-07-10 08:58:24,212] {logging_mixin.py:104} INFO - [2022-07-10 08:58:24,212] {dagbag.py:451} INFO - Filling up the DagBag from /home/airflow/.local/lib/python3.6/site-packages/airflow/example_dags/example_latest_only_with_trigger.py
[2022-07-10 08:58:24,222] {scheduler_job.py:639} INFO - DAG(s) dict_keys(['latest_only_with_trigger']) retrieved from /home/airflow/.local/lib/python3.6/site-packages/airflow/example_dags/example_latest_only_with_trigger.py
[2022-07-10 08:58:24,240] {logging_mixin.py:104} INFO - [2022-07-10 08:58:24,240] {dag.py:1824} INFO - Sync 1 DAGs
[2022-07-10 08:58:24,254] {logging_mixin.py:104} INFO - [2022-07-10 08:58:24,254] {dag.py:2280} INFO - Setting next_dagrun for latest_only_with_trigger to 2022-07-08 00:00:00+00:00
[2022-07-10 08:58:24,261] {scheduler_job.py:190} INFO - Processing /home/airflow/.local/lib/python3.6/site-packages/airflow/example_dags/example_latest_only_with_trigger.py took 0.053 seconds
[2022-07-10 08:58:55,073] {scheduler_job.py:182} INFO - Started process (PID=1371) to work on /home/airflow/.local/lib/python3.6/site-packages/airflow/example_dags/example_latest_only_with_trigger.py
[2022-07-10 08:58:55,074] {scheduler_job.py:629} INFO - Processing file /home/airflow/.local/lib/python3.6/site-packages/airflow/example_dags/example_latest_only_with_trigger.py for tasks to queue
[2022-07-10 08:58:55,075] {logging_mixin.py:104} INFO - [2022-07-10 08:58:55,075] {dagbag.py:451} INFO - Filling up the DagBag from /home/airflow/.local/lib/python3.6/site-packages/airflow/example_dags/example_latest_only_with_trigger.py
[2022-07-10 08:58:55,081] {scheduler_job.py:639} INFO - DAG(s) dict_keys(['latest_only_with_trigger']) retrieved from /home/airflow/.local/lib/python3.6/site-packages/airflow/example_dags/example_latest_only_with_trigger.py
[2022-07-10 08:58:55,094] {logging_mixin.py:104} INFO - [2022-07-10 08:58:55,094] {dag.py:1824} INFO - Sync 1 DAGs
[2022-07-10 08:58:55,103] {logging_mixin.py:104} INFO - [2022-07-10 08:58:55,103] {dag.py:2280} INFO - Setting next_dagrun for latest_only_with_trigger to 2022-07-08 00:00:00+00:00
[2022-07-10 08:58:55,109] {scheduler_job.py:190} INFO - Processing /home/airflow/.local/lib/python3.6/site-packages/airflow/example_dags/example_latest_only_with_trigger.py took 0.038 seconds
[2022-07-10 08:59:25,827] {scheduler_job.py:182} INFO - Started process (PID=1397) to work on /home/airflow/.local/lib/python3.6/site-packages/airflow/example_dags/example_latest_only_with_trigger.py
[2022-07-10 08:59:25,828] {scheduler_job.py:629} INFO - Processing file /home/airflow/.local/lib/python3.6/site-packages/airflow/example_dags/example_latest_only_with_trigger.py for tasks to queue
[2022-07-10 08:59:25,828] {logging_mixin.py:104} INFO - [2022-07-10 08:59:25,828] {dagbag.py:451} INFO - Filling up the DagBag from /home/airflow/.local/lib/python3.6/site-packages/airflow/example_dags/example_latest_only_with_trigger.py
[2022-07-10 08:59:25,835] {scheduler_job.py:639} INFO - DAG(s) dict_keys(['latest_only_with_trigger']) retrieved from /home/airflow/.local/lib/python3.6/site-packages/airflow/example_dags/example_latest_only_with_trigger.py
[2022-07-10 08:59:25,848] {logging_mixin.py:104} INFO - [2022-07-10 08:59:25,848] {dag.py:1824} INFO - Sync 1 DAGs
[2022-07-10 08:59:25,858] {logging_mixin.py:104} INFO - [2022-07-10 08:59:25,858] {dag.py:2280} INFO - Setting next_dagrun for latest_only_with_trigger to 2022-07-08 00:00:00+00:00
[2022-07-10 08:59:25,864] {scheduler_job.py:190} INFO - Processing /home/airflow/.local/lib/python3.6/site-packages/airflow/example_dags/example_latest_only_with_trigger.py took 0.038 seconds
[2022-07-10 08:59:56,694] {scheduler_job.py:182} INFO - Started process (PID=1423) to work on /home/airflow/.local/lib/python3.6/site-packages/airflow/example_dags/example_latest_only_with_trigger.py
[2022-07-10 08:59:56,695] {scheduler_job.py:629} INFO - Processing file /home/airflow/.local/lib/python3.6/site-packages/airflow/example_dags/example_latest_only_with_trigger.py for tasks to queue
[2022-07-10 08:59:56,696] {logging_mixin.py:104} INFO - [2022-07-10 08:59:56,695] {dagbag.py:451} INFO - Filling up the DagBag from /home/airflow/.local/lib/python3.6/site-packages/airflow/example_dags/example_latest_only_with_trigger.py
[2022-07-10 08:59:56,701] {scheduler_job.py:639} INFO - DAG(s) dict_keys(['latest_only_with_trigger']) retrieved from /home/airflow/.local/lib/python3.6/site-packages/airflow/example_dags/example_latest_only_with_trigger.py
[2022-07-10 08:59:56,715] {logging_mixin.py:104} INFO - [2022-07-10 08:59:56,715] {dag.py:1824} INFO - Sync 1 DAGs
[2022-07-10 08:59:56,725] {logging_mixin.py:104} INFO - [2022-07-10 08:59:56,725] {dag.py:2280} INFO - Setting next_dagrun for latest_only_with_trigger to 2022-07-08 00:00:00+00:00
[2022-07-10 08:59:56,732] {scheduler_job.py:190} INFO - Processing /home/airflow/.local/lib/python3.6/site-packages/airflow/example_dags/example_latest_only_with_trigger.py took 0.040 seconds
[2022-07-10 09:00:27,466] {scheduler_job.py:182} INFO - Started process (PID=1449) to work on /home/airflow/.local/lib/python3.6/site-packages/airflow/example_dags/example_latest_only_with_trigger.py
[2022-07-10 09:00:27,467] {scheduler_job.py:629} INFO - Processing file /home/airflow/.local/lib/python3.6/site-packages/airflow/example_dags/example_latest_only_with_trigger.py for tasks to queue
[2022-07-10 09:00:27,467] {logging_mixin.py:104} INFO - [2022-07-10 09:00:27,467] {dagbag.py:451} INFO - Filling up the DagBag from /home/airflow/.local/lib/python3.6/site-packages/airflow/example_dags/example_latest_only_with_trigger.py
[2022-07-10 09:00:27,473] {scheduler_job.py:639} INFO - DAG(s) dict_keys(['latest_only_with_trigger']) retrieved from /home/airflow/.local/lib/python3.6/site-packages/airflow/example_dags/example_latest_only_with_trigger.py
[2022-07-10 09:00:27,487] {logging_mixin.py:104} INFO - [2022-07-10 09:00:27,487] {dag.py:1824} INFO - Sync 1 DAGs
[2022-07-10 09:00:27,497] {logging_mixin.py:104} INFO - [2022-07-10 09:00:27,497] {dag.py:2280} INFO - Setting next_dagrun for latest_only_with_trigger to 2022-07-08 00:00:00+00:00
[2022-07-10 09:00:27,503] {scheduler_job.py:190} INFO - Processing /home/airflow/.local/lib/python3.6/site-packages/airflow/example_dags/example_latest_only_with_trigger.py took 0.039 seconds
[2022-07-10 09:00:58,291] {scheduler_job.py:182} INFO - Started process (PID=1475) to work on /home/airflow/.local/lib/python3.6/site-packages/airflow/example_dags/example_latest_only_with_trigger.py
[2022-07-10 09:00:58,291] {scheduler_job.py:629} INFO - Processing file /home/airflow/.local/lib/python3.6/site-packages/airflow/example_dags/example_latest_only_with_trigger.py for tasks to queue
[2022-07-10 09:00:58,292] {logging_mixin.py:104} INFO - [2022-07-10 09:00:58,292] {dagbag.py:451} INFO - Filling up the DagBag from /home/airflow/.local/lib/python3.6/site-packages/airflow/example_dags/example_latest_only_with_trigger.py
[2022-07-10 09:00:58,298] {scheduler_job.py:639} INFO - DAG(s) dict_keys(['latest_only_with_trigger']) retrieved from /home/airflow/.local/lib/python3.6/site-packages/airflow/example_dags/example_latest_only_with_trigger.py
[2022-07-10 09:00:58,310] {logging_mixin.py:104} INFO - [2022-07-10 09:00:58,310] {dag.py:1824} INFO - Sync 1 DAGs
[2022-07-10 09:00:58,321] {logging_mixin.py:104} INFO - [2022-07-10 09:00:58,320] {dag.py:2280} INFO - Setting next_dagrun for latest_only_with_trigger to 2022-07-08 00:00:00+00:00
[2022-07-10 09:00:58,328] {scheduler_job.py:190} INFO - Processing /home/airflow/.local/lib/python3.6/site-packages/airflow/example_dags/example_latest_only_with_trigger.py took 0.039 seconds
[2022-07-10 09:03:55,134] {scheduler_job.py:182} INFO - Started process (PID=55) to work on /home/airflow/.local/lib/python3.6/site-packages/airflow/example_dags/example_latest_only_with_trigger.py
[2022-07-10 09:03:55,135] {scheduler_job.py:629} INFO - Processing file /home/airflow/.local/lib/python3.6/site-packages/airflow/example_dags/example_latest_only_with_trigger.py for tasks to queue
[2022-07-10 09:03:55,136] {logging_mixin.py:104} INFO - [2022-07-10 09:03:55,136] {dagbag.py:451} INFO - Filling up the DagBag from /home/airflow/.local/lib/python3.6/site-packages/airflow/example_dags/example_latest_only_with_trigger.py
[2022-07-10 09:03:55,143] {scheduler_job.py:639} INFO - DAG(s) dict_keys(['latest_only_with_trigger']) retrieved from /home/airflow/.local/lib/python3.6/site-packages/airflow/example_dags/example_latest_only_with_trigger.py
[2022-07-10 09:03:55,159] {logging_mixin.py:104} INFO - [2022-07-10 09:03:55,158] {dag.py:1824} INFO - Sync 1 DAGs
[2022-07-10 09:03:55,171] {logging_mixin.py:104} INFO - [2022-07-10 09:03:55,171] {dag.py:2280} INFO - Setting next_dagrun for latest_only_with_trigger to 2022-07-08 00:00:00+00:00
[2022-07-10 09:03:55,180] {scheduler_job.py:190} INFO - Processing /home/airflow/.local/lib/python3.6/site-packages/airflow/example_dags/example_latest_only_with_trigger.py took 0.048 seconds
[2022-07-10 09:04:26,007] {scheduler_job.py:182} INFO - Started process (PID=81) to work on /home/airflow/.local/lib/python3.6/site-packages/airflow/example_dags/example_latest_only_with_trigger.py
[2022-07-10 09:04:26,007] {scheduler_job.py:629} INFO - Processing file /home/airflow/.local/lib/python3.6/site-packages/airflow/example_dags/example_latest_only_with_trigger.py for tasks to queue
[2022-07-10 09:04:26,008] {logging_mixin.py:104} INFO - [2022-07-10 09:04:26,008] {dagbag.py:451} INFO - Filling up the DagBag from /home/airflow/.local/lib/python3.6/site-packages/airflow/example_dags/example_latest_only_with_trigger.py
[2022-07-10 09:04:26,014] {scheduler_job.py:639} INFO - DAG(s) dict_keys(['latest_only_with_trigger']) retrieved from /home/airflow/.local/lib/python3.6/site-packages/airflow/example_dags/example_latest_only_with_trigger.py
[2022-07-10 09:04:26,028] {logging_mixin.py:104} INFO - [2022-07-10 09:04:26,028] {dag.py:1824} INFO - Sync 1 DAGs
[2022-07-10 09:04:26,039] {logging_mixin.py:104} INFO - [2022-07-10 09:04:26,039] {dag.py:2280} INFO - Setting next_dagrun for latest_only_with_trigger to 2022-07-08 00:00:00+00:00
[2022-07-10 09:04:26,045] {scheduler_job.py:190} INFO - Processing /home/airflow/.local/lib/python3.6/site-packages/airflow/example_dags/example_latest_only_with_trigger.py took 0.040 seconds
[2022-07-10 09:04:56,853] {scheduler_job.py:182} INFO - Started process (PID=107) to work on /home/airflow/.local/lib/python3.6/site-packages/airflow/example_dags/example_latest_only_with_trigger.py
[2022-07-10 09:04:56,854] {scheduler_job.py:629} INFO - Processing file /home/airflow/.local/lib/python3.6/site-packages/airflow/example_dags/example_latest_only_with_trigger.py for tasks to queue
[2022-07-10 09:04:56,854] {logging_mixin.py:104} INFO - [2022-07-10 09:04:56,854] {dagbag.py:451} INFO - Filling up the DagBag from /home/airflow/.local/lib/python3.6/site-packages/airflow/example_dags/example_latest_only_with_trigger.py
[2022-07-10 09:04:56,861] {scheduler_job.py:639} INFO - DAG(s) dict_keys(['latest_only_with_trigger']) retrieved from /home/airflow/.local/lib/python3.6/site-packages/airflow/example_dags/example_latest_only_with_trigger.py
[2022-07-10 09:04:56,874] {logging_mixin.py:104} INFO - [2022-07-10 09:04:56,874] {dag.py:1824} INFO - Sync 1 DAGs
[2022-07-10 09:04:56,885] {logging_mixin.py:104} INFO - [2022-07-10 09:04:56,885] {dag.py:2280} INFO - Setting next_dagrun for latest_only_with_trigger to 2022-07-08 00:00:00+00:00
[2022-07-10 09:04:56,891] {scheduler_job.py:190} INFO - Processing /home/airflow/.local/lib/python3.6/site-packages/airflow/example_dags/example_latest_only_with_trigger.py took 0.040 seconds
[2022-07-10 09:05:27,665] {scheduler_job.py:182} INFO - Started process (PID=133) to work on /home/airflow/.local/lib/python3.6/site-packages/airflow/example_dags/example_latest_only_with_trigger.py
[2022-07-10 09:05:27,665] {scheduler_job.py:629} INFO - Processing file /home/airflow/.local/lib/python3.6/site-packages/airflow/example_dags/example_latest_only_with_trigger.py for tasks to queue
[2022-07-10 09:05:27,666] {logging_mixin.py:104} INFO - [2022-07-10 09:05:27,666] {dagbag.py:451} INFO - Filling up the DagBag from /home/airflow/.local/lib/python3.6/site-packages/airflow/example_dags/example_latest_only_with_trigger.py
[2022-07-10 09:05:27,672] {scheduler_job.py:639} INFO - DAG(s) dict_keys(['latest_only_with_trigger']) retrieved from /home/airflow/.local/lib/python3.6/site-packages/airflow/example_dags/example_latest_only_with_trigger.py
[2022-07-10 09:05:27,685] {logging_mixin.py:104} INFO - [2022-07-10 09:05:27,684] {dag.py:1824} INFO - Sync 1 DAGs
[2022-07-10 09:05:27,695] {logging_mixin.py:104} INFO - [2022-07-10 09:05:27,695] {dag.py:2280} INFO - Setting next_dagrun for latest_only_with_trigger to 2022-07-08 00:00:00+00:00
[2022-07-10 09:05:27,701] {scheduler_job.py:190} INFO - Processing /home/airflow/.local/lib/python3.6/site-packages/airflow/example_dags/example_latest_only_with_trigger.py took 0.038 seconds
[2022-07-10 09:05:58,496] {scheduler_job.py:182} INFO - Started process (PID=159) to work on /home/airflow/.local/lib/python3.6/site-packages/airflow/example_dags/example_latest_only_with_trigger.py
[2022-07-10 09:05:58,496] {scheduler_job.py:629} INFO - Processing file /home/airflow/.local/lib/python3.6/site-packages/airflow/example_dags/example_latest_only_with_trigger.py for tasks to queue
[2022-07-10 09:05:58,497] {logging_mixin.py:104} INFO - [2022-07-10 09:05:58,497] {dagbag.py:451} INFO - Filling up the DagBag from /home/airflow/.local/lib/python3.6/site-packages/airflow/example_dags/example_latest_only_with_trigger.py
[2022-07-10 09:05:58,503] {scheduler_job.py:639} INFO - DAG(s) dict_keys(['latest_only_with_trigger']) retrieved from /home/airflow/.local/lib/python3.6/site-packages/airflow/example_dags/example_latest_only_with_trigger.py
[2022-07-10 09:05:58,516] {logging_mixin.py:104} INFO - [2022-07-10 09:05:58,516] {dag.py:1824} INFO - Sync 1 DAGs
[2022-07-10 09:05:58,527] {logging_mixin.py:104} INFO - [2022-07-10 09:05:58,527] {dag.py:2280} INFO - Setting next_dagrun for latest_only_with_trigger to 2022-07-08 00:00:00+00:00
[2022-07-10 09:05:58,533] {scheduler_job.py:190} INFO - Processing /home/airflow/.local/lib/python3.6/site-packages/airflow/example_dags/example_latest_only_with_trigger.py took 0.039 seconds
[2022-07-10 09:06:29,342] {scheduler_job.py:182} INFO - Started process (PID=185) to work on /home/airflow/.local/lib/python3.6/site-packages/airflow/example_dags/example_latest_only_with_trigger.py
[2022-07-10 09:06:29,343] {scheduler_job.py:629} INFO - Processing file /home/airflow/.local/lib/python3.6/site-packages/airflow/example_dags/example_latest_only_with_trigger.py for tasks to queue
[2022-07-10 09:06:29,343] {logging_mixin.py:104} INFO - [2022-07-10 09:06:29,343] {dagbag.py:451} INFO - Filling up the DagBag from /home/airflow/.local/lib/python3.6/site-packages/airflow/example_dags/example_latest_only_with_trigger.py
[2022-07-10 09:06:29,349] {scheduler_job.py:639} INFO - DAG(s) dict_keys(['latest_only_with_trigger']) retrieved from /home/airflow/.local/lib/python3.6/site-packages/airflow/example_dags/example_latest_only_with_trigger.py
[2022-07-10 09:06:29,362] {logging_mixin.py:104} INFO - [2022-07-10 09:06:29,362] {dag.py:1824} INFO - Sync 1 DAGs
[2022-07-10 09:06:29,372] {logging_mixin.py:104} INFO - [2022-07-10 09:06:29,372] {dag.py:2280} INFO - Setting next_dagrun for latest_only_with_trigger to 2022-07-08 00:00:00+00:00
[2022-07-10 09:06:29,378] {scheduler_job.py:190} INFO - Processing /home/airflow/.local/lib/python3.6/site-packages/airflow/example_dags/example_latest_only_with_trigger.py took 0.039 seconds
[2022-07-10 09:07:00,127] {scheduler_job.py:182} INFO - Started process (PID=211) to work on /home/airflow/.local/lib/python3.6/site-packages/airflow/example_dags/example_latest_only_with_trigger.py
[2022-07-10 09:07:00,127] {scheduler_job.py:629} INFO - Processing file /home/airflow/.local/lib/python3.6/site-packages/airflow/example_dags/example_latest_only_with_trigger.py for tasks to queue
[2022-07-10 09:07:00,128] {logging_mixin.py:104} INFO - [2022-07-10 09:07:00,128] {dagbag.py:451} INFO - Filling up the DagBag from /home/airflow/.local/lib/python3.6/site-packages/airflow/example_dags/example_latest_only_with_trigger.py
[2022-07-10 09:07:00,134] {scheduler_job.py:639} INFO - DAG(s) dict_keys(['latest_only_with_trigger']) retrieved from /home/airflow/.local/lib/python3.6/site-packages/airflow/example_dags/example_latest_only_with_trigger.py
[2022-07-10 09:07:00,151] {logging_mixin.py:104} INFO - [2022-07-10 09:07:00,151] {dag.py:1824} INFO - Sync 1 DAGs
[2022-07-10 09:07:00,160] {logging_mixin.py:104} INFO - [2022-07-10 09:07:00,160] {dag.py:2280} INFO - Setting next_dagrun for latest_only_with_trigger to 2022-07-08 00:00:00+00:00
[2022-07-10 09:07:00,166] {scheduler_job.py:190} INFO - Processing /home/airflow/.local/lib/python3.6/site-packages/airflow/example_dags/example_latest_only_with_trigger.py took 0.041 seconds
[2022-07-10 09:07:30,969] {scheduler_job.py:182} INFO - Started process (PID=237) to work on /home/airflow/.local/lib/python3.6/site-packages/airflow/example_dags/example_latest_only_with_trigger.py
[2022-07-10 09:07:30,970] {scheduler_job.py:629} INFO - Processing file /home/airflow/.local/lib/python3.6/site-packages/airflow/example_dags/example_latest_only_with_trigger.py for tasks to queue
[2022-07-10 09:07:30,971] {logging_mixin.py:104} INFO - [2022-07-10 09:07:30,971] {dagbag.py:451} INFO - Filling up the DagBag from /home/airflow/.local/lib/python3.6/site-packages/airflow/example_dags/example_latest_only_with_trigger.py
[2022-07-10 09:07:30,977] {scheduler_job.py:639} INFO - DAG(s) dict_keys(['latest_only_with_trigger']) retrieved from /home/airflow/.local/lib/python3.6/site-packages/airflow/example_dags/example_latest_only_with_trigger.py
[2022-07-10 09:07:30,993] {logging_mixin.py:104} INFO - [2022-07-10 09:07:30,992] {dag.py:1824} INFO - Sync 1 DAGs
[2022-07-10 09:07:31,001] {logging_mixin.py:104} INFO - [2022-07-10 09:07:31,001] {dag.py:2280} INFO - Setting next_dagrun for latest_only_with_trigger to 2022-07-08 00:00:00+00:00
[2022-07-10 09:07:31,007] {scheduler_job.py:190} INFO - Processing /home/airflow/.local/lib/python3.6/site-packages/airflow/example_dags/example_latest_only_with_trigger.py took 0.040 seconds
[2022-07-10 09:08:01,747] {scheduler_job.py:182} INFO - Started process (PID=263) to work on /home/airflow/.local/lib/python3.6/site-packages/airflow/example_dags/example_latest_only_with_trigger.py
[2022-07-10 09:08:01,748] {scheduler_job.py:629} INFO - Processing file /home/airflow/.local/lib/python3.6/site-packages/airflow/example_dags/example_latest_only_with_trigger.py for tasks to queue
[2022-07-10 09:08:01,749] {logging_mixin.py:104} INFO - [2022-07-10 09:08:01,749] {dagbag.py:451} INFO - Filling up the DagBag from /home/airflow/.local/lib/python3.6/site-packages/airflow/example_dags/example_latest_only_with_trigger.py
[2022-07-10 09:08:01,755] {scheduler_job.py:639} INFO - DAG(s) dict_keys(['latest_only_with_trigger']) retrieved from /home/airflow/.local/lib/python3.6/site-packages/airflow/example_dags/example_latest_only_with_trigger.py
[2022-07-10 09:08:01,769] {logging_mixin.py:104} INFO - [2022-07-10 09:08:01,769] {dag.py:1824} INFO - Sync 1 DAGs
[2022-07-10 09:08:01,778] {logging_mixin.py:104} INFO - [2022-07-10 09:08:01,778] {dag.py:2280} INFO - Setting next_dagrun for latest_only_with_trigger to 2022-07-08 00:00:00+00:00
[2022-07-10 09:08:01,785] {scheduler_job.py:190} INFO - Processing /home/airflow/.local/lib/python3.6/site-packages/airflow/example_dags/example_latest_only_with_trigger.py took 0.039 seconds
[2022-07-10 09:08:32,559] {scheduler_job.py:182} INFO - Started process (PID=289) to work on /home/airflow/.local/lib/python3.6/site-packages/airflow/example_dags/example_latest_only_with_trigger.py
[2022-07-10 09:08:32,560] {scheduler_job.py:629} INFO - Processing file /home/airflow/.local/lib/python3.6/site-packages/airflow/example_dags/example_latest_only_with_trigger.py for tasks to queue
[2022-07-10 09:08:32,560] {logging_mixin.py:104} INFO - [2022-07-10 09:08:32,560] {dagbag.py:451} INFO - Filling up the DagBag from /home/airflow/.local/lib/python3.6/site-packages/airflow/example_dags/example_latest_only_with_trigger.py
[2022-07-10 09:08:32,567] {scheduler_job.py:639} INFO - DAG(s) dict_keys(['latest_only_with_trigger']) retrieved from /home/airflow/.local/lib/python3.6/site-packages/airflow/example_dags/example_latest_only_with_trigger.py
[2022-07-10 09:08:32,581] {logging_mixin.py:104} INFO - [2022-07-10 09:08:32,581] {dag.py:1824} INFO - Sync 1 DAGs
[2022-07-10 09:08:32,590] {logging_mixin.py:104} INFO - [2022-07-10 09:08:32,590] {dag.py:2280} INFO - Setting next_dagrun for latest_only_with_trigger to 2022-07-08 00:00:00+00:00
[2022-07-10 09:08:32,596] {scheduler_job.py:190} INFO - Processing /home/airflow/.local/lib/python3.6/site-packages/airflow/example_dags/example_latest_only_with_trigger.py took 0.039 seconds
[2022-07-10 09:09:03,686] {scheduler_job.py:182} INFO - Started process (PID=315) to work on /home/airflow/.local/lib/python3.6/site-packages/airflow/example_dags/example_latest_only_with_trigger.py
[2022-07-10 09:09:03,687] {scheduler_job.py:629} INFO - Processing file /home/airflow/.local/lib/python3.6/site-packages/airflow/example_dags/example_latest_only_with_trigger.py for tasks to queue
[2022-07-10 09:09:03,688] {logging_mixin.py:104} INFO - [2022-07-10 09:09:03,688] {dagbag.py:451} INFO - Filling up the DagBag from /home/airflow/.local/lib/python3.6/site-packages/airflow/example_dags/example_latest_only_with_trigger.py
[2022-07-10 09:09:03,696] {scheduler_job.py:639} INFO - DAG(s) dict_keys(['latest_only_with_trigger']) retrieved from /home/airflow/.local/lib/python3.6/site-packages/airflow/example_dags/example_latest_only_with_trigger.py
[2022-07-10 09:09:03,709] {logging_mixin.py:104} INFO - [2022-07-10 09:09:03,709] {dag.py:1824} INFO - Sync 1 DAGs
[2022-07-10 09:09:03,719] {logging_mixin.py:104} INFO - [2022-07-10 09:09:03,719] {dag.py:2280} INFO - Setting next_dagrun for latest_only_with_trigger to 2022-07-08 00:00:00+00:00
[2022-07-10 09:09:03,726] {scheduler_job.py:190} INFO - Processing /home/airflow/.local/lib/python3.6/site-packages/airflow/example_dags/example_latest_only_with_trigger.py took 0.041 seconds
[2022-07-10 09:09:34,663] {scheduler_job.py:182} INFO - Started process (PID=341) to work on /home/airflow/.local/lib/python3.6/site-packages/airflow/example_dags/example_latest_only_with_trigger.py
[2022-07-10 09:09:34,664] {scheduler_job.py:629} INFO - Processing file /home/airflow/.local/lib/python3.6/site-packages/airflow/example_dags/example_latest_only_with_trigger.py for tasks to queue
[2022-07-10 09:09:34,665] {logging_mixin.py:104} INFO - [2022-07-10 09:09:34,664] {dagbag.py:451} INFO - Filling up the DagBag from /home/airflow/.local/lib/python3.6/site-packages/airflow/example_dags/example_latest_only_with_trigger.py
[2022-07-10 09:09:34,673] {scheduler_job.py:639} INFO - DAG(s) dict_keys(['latest_only_with_trigger']) retrieved from /home/airflow/.local/lib/python3.6/site-packages/airflow/example_dags/example_latest_only_with_trigger.py
[2022-07-10 09:09:34,688] {logging_mixin.py:104} INFO - [2022-07-10 09:09:34,688] {dag.py:1824} INFO - Sync 1 DAGs
[2022-07-10 09:09:34,698] {logging_mixin.py:104} INFO - [2022-07-10 09:09:34,698] {dag.py:2280} INFO - Setting next_dagrun for latest_only_with_trigger to 2022-07-08 00:00:00+00:00
[2022-07-10 09:09:34,706] {scheduler_job.py:190} INFO - Processing /home/airflow/.local/lib/python3.6/site-packages/airflow/example_dags/example_latest_only_with_trigger.py took 0.045 seconds
[2022-07-10 09:10:05,421] {scheduler_job.py:182} INFO - Started process (PID=367) to work on /home/airflow/.local/lib/python3.6/site-packages/airflow/example_dags/example_latest_only_with_trigger.py
[2022-07-10 09:10:05,422] {scheduler_job.py:629} INFO - Processing file /home/airflow/.local/lib/python3.6/site-packages/airflow/example_dags/example_latest_only_with_trigger.py for tasks to queue
[2022-07-10 09:10:05,423] {logging_mixin.py:104} INFO - [2022-07-10 09:10:05,423] {dagbag.py:451} INFO - Filling up the DagBag from /home/airflow/.local/lib/python3.6/site-packages/airflow/example_dags/example_latest_only_with_trigger.py
[2022-07-10 09:10:05,430] {scheduler_job.py:639} INFO - DAG(s) dict_keys(['latest_only_with_trigger']) retrieved from /home/airflow/.local/lib/python3.6/site-packages/airflow/example_dags/example_latest_only_with_trigger.py
[2022-07-10 09:10:05,444] {logging_mixin.py:104} INFO - [2022-07-10 09:10:05,444] {dag.py:1824} INFO - Sync 1 DAGs
[2022-07-10 09:10:05,453] {logging_mixin.py:104} INFO - [2022-07-10 09:10:05,453] {dag.py:2280} INFO - Setting next_dagrun for latest_only_with_trigger to 2022-07-08 00:00:00+00:00
[2022-07-10 09:10:05,458] {scheduler_job.py:190} INFO - Processing /home/airflow/.local/lib/python3.6/site-packages/airflow/example_dags/example_latest_only_with_trigger.py took 0.038 seconds
[2022-07-10 09:10:36,319] {scheduler_job.py:182} INFO - Started process (PID=393) to work on /home/airflow/.local/lib/python3.6/site-packages/airflow/example_dags/example_latest_only_with_trigger.py
[2022-07-10 09:10:36,320] {scheduler_job.py:629} INFO - Processing file /home/airflow/.local/lib/python3.6/site-packages/airflow/example_dags/example_latest_only_with_trigger.py for tasks to queue
[2022-07-10 09:10:36,321] {logging_mixin.py:104} INFO - [2022-07-10 09:10:36,320] {dagbag.py:451} INFO - Filling up the DagBag from /home/airflow/.local/lib/python3.6/site-packages/airflow/example_dags/example_latest_only_with_trigger.py
[2022-07-10 09:10:36,328] {scheduler_job.py:639} INFO - DAG(s) dict_keys(['latest_only_with_trigger']) retrieved from /home/airflow/.local/lib/python3.6/site-packages/airflow/example_dags/example_latest_only_with_trigger.py
[2022-07-10 09:10:36,340] {logging_mixin.py:104} INFO - [2022-07-10 09:10:36,340] {dag.py:1824} INFO - Sync 1 DAGs
[2022-07-10 09:10:36,349] {logging_mixin.py:104} INFO - [2022-07-10 09:10:36,349] {dag.py:2280} INFO - Setting next_dagrun for latest_only_with_trigger to 2022-07-08 00:00:00+00:00
[2022-07-10 09:10:36,355] {scheduler_job.py:190} INFO - Processing /home/airflow/.local/lib/python3.6/site-packages/airflow/example_dags/example_latest_only_with_trigger.py took 0.037 seconds
[2022-07-10 09:11:07,088] {scheduler_job.py:182} INFO - Started process (PID=419) to work on /home/airflow/.local/lib/python3.6/site-packages/airflow/example_dags/example_latest_only_with_trigger.py
[2022-07-10 09:11:07,091] {scheduler_job.py:629} INFO - Processing file /home/airflow/.local/lib/python3.6/site-packages/airflow/example_dags/example_latest_only_with_trigger.py for tasks to queue
[2022-07-10 09:11:07,091] {logging_mixin.py:104} INFO - [2022-07-10 09:11:07,091] {dagbag.py:451} INFO - Filling up the DagBag from /home/airflow/.local/lib/python3.6/site-packages/airflow/example_dags/example_latest_only_with_trigger.py
[2022-07-10 09:11:07,097] {scheduler_job.py:639} INFO - DAG(s) dict_keys(['latest_only_with_trigger']) retrieved from /home/airflow/.local/lib/python3.6/site-packages/airflow/example_dags/example_latest_only_with_trigger.py
[2022-07-10 09:11:07,110] {logging_mixin.py:104} INFO - [2022-07-10 09:11:07,109] {dag.py:1824} INFO - Sync 1 DAGs
[2022-07-10 09:11:07,121] {logging_mixin.py:104} INFO - [2022-07-10 09:11:07,121] {dag.py:2280} INFO - Setting next_dagrun for latest_only_with_trigger to 2022-07-08 00:00:00+00:00
[2022-07-10 09:11:07,128] {scheduler_job.py:190} INFO - Processing /home/airflow/.local/lib/python3.6/site-packages/airflow/example_dags/example_latest_only_with_trigger.py took 0.043 seconds
[2022-07-10 09:11:37,914] {scheduler_job.py:182} INFO - Started process (PID=445) to work on /home/airflow/.local/lib/python3.6/site-packages/airflow/example_dags/example_latest_only_with_trigger.py
[2022-07-10 09:11:37,915] {scheduler_job.py:629} INFO - Processing file /home/airflow/.local/lib/python3.6/site-packages/airflow/example_dags/example_latest_only_with_trigger.py for tasks to queue
[2022-07-10 09:11:37,915] {logging_mixin.py:104} INFO - [2022-07-10 09:11:37,915] {dagbag.py:451} INFO - Filling up the DagBag from /home/airflow/.local/lib/python3.6/site-packages/airflow/example_dags/example_latest_only_with_trigger.py
[2022-07-10 09:11:37,921] {scheduler_job.py:639} INFO - DAG(s) dict_keys(['latest_only_with_trigger']) retrieved from /home/airflow/.local/lib/python3.6/site-packages/airflow/example_dags/example_latest_only_with_trigger.py
[2022-07-10 09:11:37,934] {logging_mixin.py:104} INFO - [2022-07-10 09:11:37,934] {dag.py:1824} INFO - Sync 1 DAGs
[2022-07-10 09:11:37,944] {logging_mixin.py:104} INFO - [2022-07-10 09:11:37,944] {dag.py:2280} INFO - Setting next_dagrun for latest_only_with_trigger to 2022-07-08 00:00:00+00:00
[2022-07-10 09:11:37,952] {scheduler_job.py:190} INFO - Processing /home/airflow/.local/lib/python3.6/site-packages/airflow/example_dags/example_latest_only_with_trigger.py took 0.039 seconds
[2022-07-10 09:12:08,688] {scheduler_job.py:182} INFO - Started process (PID=471) to work on /home/airflow/.local/lib/python3.6/site-packages/airflow/example_dags/example_latest_only_with_trigger.py
[2022-07-10 09:12:08,689] {scheduler_job.py:629} INFO - Processing file /home/airflow/.local/lib/python3.6/site-packages/airflow/example_dags/example_latest_only_with_trigger.py for tasks to queue
[2022-07-10 09:12:08,690] {logging_mixin.py:104} INFO - [2022-07-10 09:12:08,690] {dagbag.py:451} INFO - Filling up the DagBag from /home/airflow/.local/lib/python3.6/site-packages/airflow/example_dags/example_latest_only_with_trigger.py
[2022-07-10 09:12:08,696] {scheduler_job.py:639} INFO - DAG(s) dict_keys(['latest_only_with_trigger']) retrieved from /home/airflow/.local/lib/python3.6/site-packages/airflow/example_dags/example_latest_only_with_trigger.py
[2022-07-10 09:12:08,710] {logging_mixin.py:104} INFO - [2022-07-10 09:12:08,710] {dag.py:1824} INFO - Sync 1 DAGs
[2022-07-10 09:12:08,721] {logging_mixin.py:104} INFO - [2022-07-10 09:12:08,720] {dag.py:2280} INFO - Setting next_dagrun for latest_only_with_trigger to 2022-07-08 00:00:00+00:00
[2022-07-10 09:12:08,727] {scheduler_job.py:190} INFO - Processing /home/airflow/.local/lib/python3.6/site-packages/airflow/example_dags/example_latest_only_with_trigger.py took 0.040 seconds
