[2022-07-10 08:32:41,369] {scheduler_job.py:182} INFO - Started process (PID=42) to work on /home/airflow/.local/lib/python3.6/site-packages/airflow/example_dags/example_xcom.py
[2022-07-10 08:32:41,370] {scheduler_job.py:629} INFO - Processing file /home/airflow/.local/lib/python3.6/site-packages/airflow/example_dags/example_xcom.py for tasks to queue
[2022-07-10 08:32:41,371] {logging_mixin.py:104} INFO - [2022-07-10 08:32:41,371] {dagbag.py:451} INFO - Filling up the DagBag from /home/airflow/.local/lib/python3.6/site-packages/airflow/example_dags/example_xcom.py
[2022-07-10 08:32:41,387] {scheduler_job.py:639} INFO - DAG(s) dict_keys(['example_xcom']) retrieved from /home/airflow/.local/lib/python3.6/site-packages/airflow/example_dags/example_xcom.py
[2022-07-10 08:32:41,403] {logging_mixin.py:104} INFO - [2022-07-10 08:32:41,403] {dag.py:1824} INFO - Sync 1 DAGs
[2022-07-10 08:32:41,409] {logging_mixin.py:104} INFO - [2022-07-10 08:32:41,409] {dag.py:1843} INFO - Creating ORM DAG for example_xcom
[2022-07-10 08:32:41,415] {logging_mixin.py:104} INFO - [2022-07-10 08:32:41,415] {dag.py:2280} INFO - Setting next_dagrun for example_xcom to 2022-07-08 00:00:00+00:00
[2022-07-10 08:32:41,429] {scheduler_job.py:190} INFO - Processing /home/airflow/.local/lib/python3.6/site-packages/airflow/example_dags/example_xcom.py took 0.062 seconds
[2022-07-10 08:33:12,374] {scheduler_job.py:182} INFO - Started process (PID=68) to work on /home/airflow/.local/lib/python3.6/site-packages/airflow/example_dags/example_xcom.py
[2022-07-10 08:33:12,375] {scheduler_job.py:629} INFO - Processing file /home/airflow/.local/lib/python3.6/site-packages/airflow/example_dags/example_xcom.py for tasks to queue
[2022-07-10 08:33:12,376] {logging_mixin.py:104} INFO - [2022-07-10 08:33:12,376] {dagbag.py:451} INFO - Filling up the DagBag from /home/airflow/.local/lib/python3.6/site-packages/airflow/example_dags/example_xcom.py
[2022-07-10 08:33:12,383] {scheduler_job.py:639} INFO - DAG(s) dict_keys(['example_xcom']) retrieved from /home/airflow/.local/lib/python3.6/site-packages/airflow/example_dags/example_xcom.py
[2022-07-10 08:33:12,395] {logging_mixin.py:104} INFO - [2022-07-10 08:33:12,395] {dag.py:1824} INFO - Sync 1 DAGs
[2022-07-10 08:33:12,409] {logging_mixin.py:104} INFO - [2022-07-10 08:33:12,408] {dag.py:2280} INFO - Setting next_dagrun for example_xcom to 2022-07-08 00:00:00+00:00
[2022-07-10 08:33:12,415] {scheduler_job.py:190} INFO - Processing /home/airflow/.local/lib/python3.6/site-packages/airflow/example_dags/example_xcom.py took 0.042 seconds
[2022-07-10 08:33:43,283] {scheduler_job.py:182} INFO - Started process (PID=94) to work on /home/airflow/.local/lib/python3.6/site-packages/airflow/example_dags/example_xcom.py
[2022-07-10 08:33:43,284] {scheduler_job.py:629} INFO - Processing file /home/airflow/.local/lib/python3.6/site-packages/airflow/example_dags/example_xcom.py for tasks to queue
[2022-07-10 08:33:43,284] {logging_mixin.py:104} INFO - [2022-07-10 08:33:43,284] {dagbag.py:451} INFO - Filling up the DagBag from /home/airflow/.local/lib/python3.6/site-packages/airflow/example_dags/example_xcom.py
[2022-07-10 08:33:43,291] {scheduler_job.py:639} INFO - DAG(s) dict_keys(['example_xcom']) retrieved from /home/airflow/.local/lib/python3.6/site-packages/airflow/example_dags/example_xcom.py
[2022-07-10 08:33:43,304] {logging_mixin.py:104} INFO - [2022-07-10 08:33:43,303] {dag.py:1824} INFO - Sync 1 DAGs
[2022-07-10 08:33:43,314] {logging_mixin.py:104} INFO - [2022-07-10 08:33:43,314] {dag.py:2280} INFO - Setting next_dagrun for example_xcom to 2022-07-08 00:00:00+00:00
[2022-07-10 08:33:43,321] {scheduler_job.py:190} INFO - Processing /home/airflow/.local/lib/python3.6/site-packages/airflow/example_dags/example_xcom.py took 0.039 seconds
[2022-07-10 08:34:14,127] {scheduler_job.py:182} INFO - Started process (PID=120) to work on /home/airflow/.local/lib/python3.6/site-packages/airflow/example_dags/example_xcom.py
[2022-07-10 08:34:14,128] {scheduler_job.py:629} INFO - Processing file /home/airflow/.local/lib/python3.6/site-packages/airflow/example_dags/example_xcom.py for tasks to queue
[2022-07-10 08:34:14,128] {logging_mixin.py:104} INFO - [2022-07-10 08:34:14,128] {dagbag.py:451} INFO - Filling up the DagBag from /home/airflow/.local/lib/python3.6/site-packages/airflow/example_dags/example_xcom.py
[2022-07-10 08:34:14,135] {scheduler_job.py:639} INFO - DAG(s) dict_keys(['example_xcom']) retrieved from /home/airflow/.local/lib/python3.6/site-packages/airflow/example_dags/example_xcom.py
[2022-07-10 08:34:14,146] {logging_mixin.py:104} INFO - [2022-07-10 08:34:14,146] {dag.py:1824} INFO - Sync 1 DAGs
[2022-07-10 08:34:14,157] {logging_mixin.py:104} INFO - [2022-07-10 08:34:14,157] {dag.py:2280} INFO - Setting next_dagrun for example_xcom to 2022-07-08 00:00:00+00:00
[2022-07-10 08:34:14,163] {scheduler_job.py:190} INFO - Processing /home/airflow/.local/lib/python3.6/site-packages/airflow/example_dags/example_xcom.py took 0.038 seconds
[2022-07-10 08:34:44,924] {scheduler_job.py:182} INFO - Started process (PID=146) to work on /home/airflow/.local/lib/python3.6/site-packages/airflow/example_dags/example_xcom.py
[2022-07-10 08:34:44,925] {scheduler_job.py:629} INFO - Processing file /home/airflow/.local/lib/python3.6/site-packages/airflow/example_dags/example_xcom.py for tasks to queue
[2022-07-10 08:34:44,925] {logging_mixin.py:104} INFO - [2022-07-10 08:34:44,925] {dagbag.py:451} INFO - Filling up the DagBag from /home/airflow/.local/lib/python3.6/site-packages/airflow/example_dags/example_xcom.py
[2022-07-10 08:34:44,931] {scheduler_job.py:639} INFO - DAG(s) dict_keys(['example_xcom']) retrieved from /home/airflow/.local/lib/python3.6/site-packages/airflow/example_dags/example_xcom.py
[2022-07-10 08:34:44,944] {logging_mixin.py:104} INFO - [2022-07-10 08:34:44,944] {dag.py:1824} INFO - Sync 1 DAGs
[2022-07-10 08:34:44,954] {logging_mixin.py:104} INFO - [2022-07-10 08:34:44,954] {dag.py:2280} INFO - Setting next_dagrun for example_xcom to 2022-07-08 00:00:00+00:00
[2022-07-10 08:34:44,960] {scheduler_job.py:190} INFO - Processing /home/airflow/.local/lib/python3.6/site-packages/airflow/example_dags/example_xcom.py took 0.038 seconds
[2022-07-10 08:35:15,744] {scheduler_job.py:182} INFO - Started process (PID=172) to work on /home/airflow/.local/lib/python3.6/site-packages/airflow/example_dags/example_xcom.py
[2022-07-10 08:35:15,745] {scheduler_job.py:629} INFO - Processing file /home/airflow/.local/lib/python3.6/site-packages/airflow/example_dags/example_xcom.py for tasks to queue
[2022-07-10 08:35:15,746] {logging_mixin.py:104} INFO - [2022-07-10 08:35:15,746] {dagbag.py:451} INFO - Filling up the DagBag from /home/airflow/.local/lib/python3.6/site-packages/airflow/example_dags/example_xcom.py
[2022-07-10 08:35:15,752] {scheduler_job.py:639} INFO - DAG(s) dict_keys(['example_xcom']) retrieved from /home/airflow/.local/lib/python3.6/site-packages/airflow/example_dags/example_xcom.py
[2022-07-10 08:35:15,766] {logging_mixin.py:104} INFO - [2022-07-10 08:35:15,766] {dag.py:1824} INFO - Sync 1 DAGs
[2022-07-10 08:35:15,775] {logging_mixin.py:104} INFO - [2022-07-10 08:35:15,775] {dag.py:2280} INFO - Setting next_dagrun for example_xcom to 2022-07-08 00:00:00+00:00
[2022-07-10 08:35:15,781] {scheduler_job.py:190} INFO - Processing /home/airflow/.local/lib/python3.6/site-packages/airflow/example_dags/example_xcom.py took 0.038 seconds
[2022-07-10 08:35:46,490] {scheduler_job.py:182} INFO - Started process (PID=198) to work on /home/airflow/.local/lib/python3.6/site-packages/airflow/example_dags/example_xcom.py
[2022-07-10 08:35:46,491] {scheduler_job.py:629} INFO - Processing file /home/airflow/.local/lib/python3.6/site-packages/airflow/example_dags/example_xcom.py for tasks to queue
[2022-07-10 08:35:46,491] {logging_mixin.py:104} INFO - [2022-07-10 08:35:46,491] {dagbag.py:451} INFO - Filling up the DagBag from /home/airflow/.local/lib/python3.6/site-packages/airflow/example_dags/example_xcom.py
[2022-07-10 08:35:46,498] {scheduler_job.py:639} INFO - DAG(s) dict_keys(['example_xcom']) retrieved from /home/airflow/.local/lib/python3.6/site-packages/airflow/example_dags/example_xcom.py
[2022-07-10 08:35:46,512] {logging_mixin.py:104} INFO - [2022-07-10 08:35:46,512] {dag.py:1824} INFO - Sync 1 DAGs
[2022-07-10 08:35:46,521] {logging_mixin.py:104} INFO - [2022-07-10 08:35:46,521] {dag.py:2280} INFO - Setting next_dagrun for example_xcom to 2022-07-08 00:00:00+00:00
[2022-07-10 08:35:46,527] {scheduler_job.py:190} INFO - Processing /home/airflow/.local/lib/python3.6/site-packages/airflow/example_dags/example_xcom.py took 0.038 seconds
[2022-07-10 08:36:17,286] {scheduler_job.py:182} INFO - Started process (PID=224) to work on /home/airflow/.local/lib/python3.6/site-packages/airflow/example_dags/example_xcom.py
[2022-07-10 08:36:17,286] {scheduler_job.py:629} INFO - Processing file /home/airflow/.local/lib/python3.6/site-packages/airflow/example_dags/example_xcom.py for tasks to queue
[2022-07-10 08:36:17,287] {logging_mixin.py:104} INFO - [2022-07-10 08:36:17,287] {dagbag.py:451} INFO - Filling up the DagBag from /home/airflow/.local/lib/python3.6/site-packages/airflow/example_dags/example_xcom.py
[2022-07-10 08:36:17,293] {scheduler_job.py:639} INFO - DAG(s) dict_keys(['example_xcom']) retrieved from /home/airflow/.local/lib/python3.6/site-packages/airflow/example_dags/example_xcom.py
[2022-07-10 08:36:17,308] {logging_mixin.py:104} INFO - [2022-07-10 08:36:17,308] {dag.py:1824} INFO - Sync 1 DAGs
[2022-07-10 08:36:17,317] {logging_mixin.py:104} INFO - [2022-07-10 08:36:17,317] {dag.py:2280} INFO - Setting next_dagrun for example_xcom to 2022-07-08 00:00:00+00:00
[2022-07-10 08:36:17,323] {scheduler_job.py:190} INFO - Processing /home/airflow/.local/lib/python3.6/site-packages/airflow/example_dags/example_xcom.py took 0.039 seconds
[2022-07-10 08:36:48,155] {scheduler_job.py:182} INFO - Started process (PID=250) to work on /home/airflow/.local/lib/python3.6/site-packages/airflow/example_dags/example_xcom.py
[2022-07-10 08:36:48,156] {scheduler_job.py:629} INFO - Processing file /home/airflow/.local/lib/python3.6/site-packages/airflow/example_dags/example_xcom.py for tasks to queue
[2022-07-10 08:36:48,157] {logging_mixin.py:104} INFO - [2022-07-10 08:36:48,157] {dagbag.py:451} INFO - Filling up the DagBag from /home/airflow/.local/lib/python3.6/site-packages/airflow/example_dags/example_xcom.py
[2022-07-10 08:36:48,163] {scheduler_job.py:639} INFO - DAG(s) dict_keys(['example_xcom']) retrieved from /home/airflow/.local/lib/python3.6/site-packages/airflow/example_dags/example_xcom.py
[2022-07-10 08:36:48,176] {logging_mixin.py:104} INFO - [2022-07-10 08:36:48,176] {dag.py:1824} INFO - Sync 1 DAGs
[2022-07-10 08:36:48,185] {logging_mixin.py:104} INFO - [2022-07-10 08:36:48,185] {dag.py:2280} INFO - Setting next_dagrun for example_xcom to 2022-07-08 00:00:00+00:00
[2022-07-10 08:36:48,191] {scheduler_job.py:190} INFO - Processing /home/airflow/.local/lib/python3.6/site-packages/airflow/example_dags/example_xcom.py took 0.037 seconds
[2022-07-10 08:37:19,135] {scheduler_job.py:182} INFO - Started process (PID=276) to work on /home/airflow/.local/lib/python3.6/site-packages/airflow/example_dags/example_xcom.py
[2022-07-10 08:37:19,135] {scheduler_job.py:629} INFO - Processing file /home/airflow/.local/lib/python3.6/site-packages/airflow/example_dags/example_xcom.py for tasks to queue
[2022-07-10 08:37:19,136] {logging_mixin.py:104} INFO - [2022-07-10 08:37:19,136] {dagbag.py:451} INFO - Filling up the DagBag from /home/airflow/.local/lib/python3.6/site-packages/airflow/example_dags/example_xcom.py
[2022-07-10 08:37:19,142] {scheduler_job.py:639} INFO - DAG(s) dict_keys(['example_xcom']) retrieved from /home/airflow/.local/lib/python3.6/site-packages/airflow/example_dags/example_xcom.py
[2022-07-10 08:37:19,155] {logging_mixin.py:104} INFO - [2022-07-10 08:37:19,155] {dag.py:1824} INFO - Sync 1 DAGs
[2022-07-10 08:37:19,165] {logging_mixin.py:104} INFO - [2022-07-10 08:37:19,165] {dag.py:2280} INFO - Setting next_dagrun for example_xcom to 2022-07-08 00:00:00+00:00
[2022-07-10 08:37:19,171] {scheduler_job.py:190} INFO - Processing /home/airflow/.local/lib/python3.6/site-packages/airflow/example_dags/example_xcom.py took 0.037 seconds
[2022-07-10 08:37:49,960] {scheduler_job.py:182} INFO - Started process (PID=302) to work on /home/airflow/.local/lib/python3.6/site-packages/airflow/example_dags/example_xcom.py
[2022-07-10 08:37:49,960] {scheduler_job.py:629} INFO - Processing file /home/airflow/.local/lib/python3.6/site-packages/airflow/example_dags/example_xcom.py for tasks to queue
[2022-07-10 08:37:49,961] {logging_mixin.py:104} INFO - [2022-07-10 08:37:49,961] {dagbag.py:451} INFO - Filling up the DagBag from /home/airflow/.local/lib/python3.6/site-packages/airflow/example_dags/example_xcom.py
[2022-07-10 08:37:49,969] {scheduler_job.py:639} INFO - DAG(s) dict_keys(['example_xcom']) retrieved from /home/airflow/.local/lib/python3.6/site-packages/airflow/example_dags/example_xcom.py
[2022-07-10 08:37:49,981] {logging_mixin.py:104} INFO - [2022-07-10 08:37:49,981] {dag.py:1824} INFO - Sync 1 DAGs
[2022-07-10 08:37:49,990] {logging_mixin.py:104} INFO - [2022-07-10 08:37:49,990] {dag.py:2280} INFO - Setting next_dagrun for example_xcom to 2022-07-08 00:00:00+00:00
[2022-07-10 08:37:49,996] {scheduler_job.py:190} INFO - Processing /home/airflow/.local/lib/python3.6/site-packages/airflow/example_dags/example_xcom.py took 0.038 seconds
[2022-07-10 08:38:20,840] {scheduler_job.py:182} INFO - Started process (PID=328) to work on /home/airflow/.local/lib/python3.6/site-packages/airflow/example_dags/example_xcom.py
[2022-07-10 08:38:20,841] {scheduler_job.py:629} INFO - Processing file /home/airflow/.local/lib/python3.6/site-packages/airflow/example_dags/example_xcom.py for tasks to queue
[2022-07-10 08:38:20,842] {logging_mixin.py:104} INFO - [2022-07-10 08:38:20,842] {dagbag.py:451} INFO - Filling up the DagBag from /home/airflow/.local/lib/python3.6/site-packages/airflow/example_dags/example_xcom.py
[2022-07-10 08:38:20,852] {scheduler_job.py:639} INFO - DAG(s) dict_keys(['example_xcom']) retrieved from /home/airflow/.local/lib/python3.6/site-packages/airflow/example_dags/example_xcom.py
[2022-07-10 08:38:20,865] {logging_mixin.py:104} INFO - [2022-07-10 08:38:20,865] {dag.py:1824} INFO - Sync 1 DAGs
[2022-07-10 08:38:20,874] {logging_mixin.py:104} INFO - [2022-07-10 08:38:20,874] {dag.py:2280} INFO - Setting next_dagrun for example_xcom to 2022-07-08 00:00:00+00:00
[2022-07-10 08:38:20,882] {scheduler_job.py:190} INFO - Processing /home/airflow/.local/lib/python3.6/site-packages/airflow/example_dags/example_xcom.py took 0.043 seconds
[2022-07-10 08:38:51,796] {scheduler_job.py:182} INFO - Started process (PID=354) to work on /home/airflow/.local/lib/python3.6/site-packages/airflow/example_dags/example_xcom.py
[2022-07-10 08:38:51,797] {scheduler_job.py:629} INFO - Processing file /home/airflow/.local/lib/python3.6/site-packages/airflow/example_dags/example_xcom.py for tasks to queue
[2022-07-10 08:38:51,797] {logging_mixin.py:104} INFO - [2022-07-10 08:38:51,797] {dagbag.py:451} INFO - Filling up the DagBag from /home/airflow/.local/lib/python3.6/site-packages/airflow/example_dags/example_xcom.py
[2022-07-10 08:38:51,805] {scheduler_job.py:639} INFO - DAG(s) dict_keys(['example_xcom']) retrieved from /home/airflow/.local/lib/python3.6/site-packages/airflow/example_dags/example_xcom.py
[2022-07-10 08:38:51,817] {logging_mixin.py:104} INFO - [2022-07-10 08:38:51,817] {dag.py:1824} INFO - Sync 1 DAGs
[2022-07-10 08:38:51,827] {logging_mixin.py:104} INFO - [2022-07-10 08:38:51,827] {dag.py:2280} INFO - Setting next_dagrun for example_xcom to 2022-07-08 00:00:00+00:00
[2022-07-10 08:38:51,834] {scheduler_job.py:190} INFO - Processing /home/airflow/.local/lib/python3.6/site-packages/airflow/example_dags/example_xcom.py took 0.040 seconds
[2022-07-10 08:39:22,665] {scheduler_job.py:182} INFO - Started process (PID=380) to work on /home/airflow/.local/lib/python3.6/site-packages/airflow/example_dags/example_xcom.py
[2022-07-10 08:39:22,666] {scheduler_job.py:629} INFO - Processing file /home/airflow/.local/lib/python3.6/site-packages/airflow/example_dags/example_xcom.py for tasks to queue
[2022-07-10 08:39:22,667] {logging_mixin.py:104} INFO - [2022-07-10 08:39:22,666] {dagbag.py:451} INFO - Filling up the DagBag from /home/airflow/.local/lib/python3.6/site-packages/airflow/example_dags/example_xcom.py
[2022-07-10 08:39:22,674] {scheduler_job.py:639} INFO - DAG(s) dict_keys(['example_xcom']) retrieved from /home/airflow/.local/lib/python3.6/site-packages/airflow/example_dags/example_xcom.py
[2022-07-10 08:39:22,686] {logging_mixin.py:104} INFO - [2022-07-10 08:39:22,686] {dag.py:1824} INFO - Sync 1 DAGs
[2022-07-10 08:39:22,695] {logging_mixin.py:104} INFO - [2022-07-10 08:39:22,695] {dag.py:2280} INFO - Setting next_dagrun for example_xcom to 2022-07-08 00:00:00+00:00
[2022-07-10 08:39:22,701] {scheduler_job.py:190} INFO - Processing /home/airflow/.local/lib/python3.6/site-packages/airflow/example_dags/example_xcom.py took 0.038 seconds
[2022-07-10 08:39:53,531] {scheduler_job.py:182} INFO - Started process (PID=406) to work on /home/airflow/.local/lib/python3.6/site-packages/airflow/example_dags/example_xcom.py
[2022-07-10 08:39:53,534] {scheduler_job.py:629} INFO - Processing file /home/airflow/.local/lib/python3.6/site-packages/airflow/example_dags/example_xcom.py for tasks to queue
[2022-07-10 08:39:53,535] {logging_mixin.py:104} INFO - [2022-07-10 08:39:53,535] {dagbag.py:451} INFO - Filling up the DagBag from /home/airflow/.local/lib/python3.6/site-packages/airflow/example_dags/example_xcom.py
[2022-07-10 08:39:53,541] {scheduler_job.py:639} INFO - DAG(s) dict_keys(['example_xcom']) retrieved from /home/airflow/.local/lib/python3.6/site-packages/airflow/example_dags/example_xcom.py
[2022-07-10 08:39:53,553] {logging_mixin.py:104} INFO - [2022-07-10 08:39:53,553] {dag.py:1824} INFO - Sync 1 DAGs
[2022-07-10 08:39:53,561] {logging_mixin.py:104} INFO - [2022-07-10 08:39:53,561] {dag.py:2280} INFO - Setting next_dagrun for example_xcom to 2022-07-08 00:00:00+00:00
[2022-07-10 08:39:53,567] {scheduler_job.py:190} INFO - Processing /home/airflow/.local/lib/python3.6/site-packages/airflow/example_dags/example_xcom.py took 0.038 seconds
[2022-07-10 08:40:24,351] {scheduler_job.py:182} INFO - Started process (PID=432) to work on /home/airflow/.local/lib/python3.6/site-packages/airflow/example_dags/example_xcom.py
[2022-07-10 08:40:24,352] {scheduler_job.py:629} INFO - Processing file /home/airflow/.local/lib/python3.6/site-packages/airflow/example_dags/example_xcom.py for tasks to queue
[2022-07-10 08:40:24,353] {logging_mixin.py:104} INFO - [2022-07-10 08:40:24,353] {dagbag.py:451} INFO - Filling up the DagBag from /home/airflow/.local/lib/python3.6/site-packages/airflow/example_dags/example_xcom.py
[2022-07-10 08:40:24,359] {scheduler_job.py:639} INFO - DAG(s) dict_keys(['example_xcom']) retrieved from /home/airflow/.local/lib/python3.6/site-packages/airflow/example_dags/example_xcom.py
[2022-07-10 08:40:24,371] {logging_mixin.py:104} INFO - [2022-07-10 08:40:24,371] {dag.py:1824} INFO - Sync 1 DAGs
[2022-07-10 08:40:24,380] {logging_mixin.py:104} INFO - [2022-07-10 08:40:24,380] {dag.py:2280} INFO - Setting next_dagrun for example_xcom to 2022-07-08 00:00:00+00:00
[2022-07-10 08:40:24,386] {scheduler_job.py:190} INFO - Processing /home/airflow/.local/lib/python3.6/site-packages/airflow/example_dags/example_xcom.py took 0.037 seconds
[2022-07-10 08:40:55,195] {scheduler_job.py:182} INFO - Started process (PID=458) to work on /home/airflow/.local/lib/python3.6/site-packages/airflow/example_dags/example_xcom.py
[2022-07-10 08:40:55,196] {scheduler_job.py:629} INFO - Processing file /home/airflow/.local/lib/python3.6/site-packages/airflow/example_dags/example_xcom.py for tasks to queue
[2022-07-10 08:40:55,196] {logging_mixin.py:104} INFO - [2022-07-10 08:40:55,196] {dagbag.py:451} INFO - Filling up the DagBag from /home/airflow/.local/lib/python3.6/site-packages/airflow/example_dags/example_xcom.py
[2022-07-10 08:40:55,203] {scheduler_job.py:639} INFO - DAG(s) dict_keys(['example_xcom']) retrieved from /home/airflow/.local/lib/python3.6/site-packages/airflow/example_dags/example_xcom.py
[2022-07-10 08:40:55,215] {logging_mixin.py:104} INFO - [2022-07-10 08:40:55,214] {dag.py:1824} INFO - Sync 1 DAGs
[2022-07-10 08:40:55,223] {logging_mixin.py:104} INFO - [2022-07-10 08:40:55,223] {dag.py:2280} INFO - Setting next_dagrun for example_xcom to 2022-07-08 00:00:00+00:00
[2022-07-10 08:40:55,229] {scheduler_job.py:190} INFO - Processing /home/airflow/.local/lib/python3.6/site-packages/airflow/example_dags/example_xcom.py took 0.036 seconds
[2022-07-10 08:41:26,007] {scheduler_job.py:182} INFO - Started process (PID=484) to work on /home/airflow/.local/lib/python3.6/site-packages/airflow/example_dags/example_xcom.py
[2022-07-10 08:41:26,008] {scheduler_job.py:629} INFO - Processing file /home/airflow/.local/lib/python3.6/site-packages/airflow/example_dags/example_xcom.py for tasks to queue
[2022-07-10 08:41:26,009] {logging_mixin.py:104} INFO - [2022-07-10 08:41:26,009] {dagbag.py:451} INFO - Filling up the DagBag from /home/airflow/.local/lib/python3.6/site-packages/airflow/example_dags/example_xcom.py
[2022-07-10 08:41:26,015] {scheduler_job.py:639} INFO - DAG(s) dict_keys(['example_xcom']) retrieved from /home/airflow/.local/lib/python3.6/site-packages/airflow/example_dags/example_xcom.py
[2022-07-10 08:41:26,027] {logging_mixin.py:104} INFO - [2022-07-10 08:41:26,027] {dag.py:1824} INFO - Sync 1 DAGs
[2022-07-10 08:41:26,036] {logging_mixin.py:104} INFO - [2022-07-10 08:41:26,036] {dag.py:2280} INFO - Setting next_dagrun for example_xcom to 2022-07-08 00:00:00+00:00
[2022-07-10 08:41:26,042] {scheduler_job.py:190} INFO - Processing /home/airflow/.local/lib/python3.6/site-packages/airflow/example_dags/example_xcom.py took 0.037 seconds
[2022-07-10 08:41:56,789] {scheduler_job.py:182} INFO - Started process (PID=510) to work on /home/airflow/.local/lib/python3.6/site-packages/airflow/example_dags/example_xcom.py
[2022-07-10 08:41:56,790] {scheduler_job.py:629} INFO - Processing file /home/airflow/.local/lib/python3.6/site-packages/airflow/example_dags/example_xcom.py for tasks to queue
[2022-07-10 08:41:56,790] {logging_mixin.py:104} INFO - [2022-07-10 08:41:56,790] {dagbag.py:451} INFO - Filling up the DagBag from /home/airflow/.local/lib/python3.6/site-packages/airflow/example_dags/example_xcom.py
[2022-07-10 08:41:56,796] {scheduler_job.py:639} INFO - DAG(s) dict_keys(['example_xcom']) retrieved from /home/airflow/.local/lib/python3.6/site-packages/airflow/example_dags/example_xcom.py
[2022-07-10 08:41:56,809] {logging_mixin.py:104} INFO - [2022-07-10 08:41:56,809] {dag.py:1824} INFO - Sync 1 DAGs
[2022-07-10 08:41:56,818] {logging_mixin.py:104} INFO - [2022-07-10 08:41:56,818] {dag.py:2280} INFO - Setting next_dagrun for example_xcom to 2022-07-08 00:00:00+00:00
[2022-07-10 08:41:56,824] {scheduler_job.py:190} INFO - Processing /home/airflow/.local/lib/python3.6/site-packages/airflow/example_dags/example_xcom.py took 0.037 seconds
[2022-07-10 08:42:27,651] {scheduler_job.py:182} INFO - Started process (PID=536) to work on /home/airflow/.local/lib/python3.6/site-packages/airflow/example_dags/example_xcom.py
[2022-07-10 08:42:27,651] {scheduler_job.py:629} INFO - Processing file /home/airflow/.local/lib/python3.6/site-packages/airflow/example_dags/example_xcom.py for tasks to queue
[2022-07-10 08:42:27,652] {logging_mixin.py:104} INFO - [2022-07-10 08:42:27,652] {dagbag.py:451} INFO - Filling up the DagBag from /home/airflow/.local/lib/python3.6/site-packages/airflow/example_dags/example_xcom.py
[2022-07-10 08:42:27,658] {scheduler_job.py:639} INFO - DAG(s) dict_keys(['example_xcom']) retrieved from /home/airflow/.local/lib/python3.6/site-packages/airflow/example_dags/example_xcom.py
[2022-07-10 08:42:27,670] {logging_mixin.py:104} INFO - [2022-07-10 08:42:27,670] {dag.py:1824} INFO - Sync 1 DAGs
[2022-07-10 08:42:27,679] {logging_mixin.py:104} INFO - [2022-07-10 08:42:27,679] {dag.py:2280} INFO - Setting next_dagrun for example_xcom to 2022-07-08 00:00:00+00:00
[2022-07-10 08:42:27,685] {scheduler_job.py:190} INFO - Processing /home/airflow/.local/lib/python3.6/site-packages/airflow/example_dags/example_xcom.py took 0.036 seconds
[2022-07-10 08:42:58,464] {scheduler_job.py:182} INFO - Started process (PID=562) to work on /home/airflow/.local/lib/python3.6/site-packages/airflow/example_dags/example_xcom.py
[2022-07-10 08:42:58,465] {scheduler_job.py:629} INFO - Processing file /home/airflow/.local/lib/python3.6/site-packages/airflow/example_dags/example_xcom.py for tasks to queue
[2022-07-10 08:42:58,466] {logging_mixin.py:104} INFO - [2022-07-10 08:42:58,466] {dagbag.py:451} INFO - Filling up the DagBag from /home/airflow/.local/lib/python3.6/site-packages/airflow/example_dags/example_xcom.py
[2022-07-10 08:42:58,473] {scheduler_job.py:639} INFO - DAG(s) dict_keys(['example_xcom']) retrieved from /home/airflow/.local/lib/python3.6/site-packages/airflow/example_dags/example_xcom.py
[2022-07-10 08:42:58,485] {logging_mixin.py:104} INFO - [2022-07-10 08:42:58,485] {dag.py:1824} INFO - Sync 1 DAGs
[2022-07-10 08:42:58,494] {logging_mixin.py:104} INFO - [2022-07-10 08:42:58,494] {dag.py:2280} INFO - Setting next_dagrun for example_xcom to 2022-07-08 00:00:00+00:00
[2022-07-10 08:42:58,500] {scheduler_job.py:190} INFO - Processing /home/airflow/.local/lib/python3.6/site-packages/airflow/example_dags/example_xcom.py took 0.037 seconds
[2022-07-10 08:43:29,247] {scheduler_job.py:182} INFO - Started process (PID=588) to work on /home/airflow/.local/lib/python3.6/site-packages/airflow/example_dags/example_xcom.py
[2022-07-10 08:43:29,247] {scheduler_job.py:629} INFO - Processing file /home/airflow/.local/lib/python3.6/site-packages/airflow/example_dags/example_xcom.py for tasks to queue
[2022-07-10 08:43:29,248] {logging_mixin.py:104} INFO - [2022-07-10 08:43:29,248] {dagbag.py:451} INFO - Filling up the DagBag from /home/airflow/.local/lib/python3.6/site-packages/airflow/example_dags/example_xcom.py
[2022-07-10 08:43:29,254] {scheduler_job.py:639} INFO - DAG(s) dict_keys(['example_xcom']) retrieved from /home/airflow/.local/lib/python3.6/site-packages/airflow/example_dags/example_xcom.py
[2022-07-10 08:43:29,266] {logging_mixin.py:104} INFO - [2022-07-10 08:43:29,266] {dag.py:1824} INFO - Sync 1 DAGs
[2022-07-10 08:43:29,275] {logging_mixin.py:104} INFO - [2022-07-10 08:43:29,275] {dag.py:2280} INFO - Setting next_dagrun for example_xcom to 2022-07-08 00:00:00+00:00
[2022-07-10 08:43:29,282] {scheduler_job.py:190} INFO - Processing /home/airflow/.local/lib/python3.6/site-packages/airflow/example_dags/example_xcom.py took 0.037 seconds
[2022-07-10 08:44:00,035] {scheduler_job.py:182} INFO - Started process (PID=614) to work on /home/airflow/.local/lib/python3.6/site-packages/airflow/example_dags/example_xcom.py
[2022-07-10 08:44:00,037] {scheduler_job.py:629} INFO - Processing file /home/airflow/.local/lib/python3.6/site-packages/airflow/example_dags/example_xcom.py for tasks to queue
[2022-07-10 08:44:00,037] {logging_mixin.py:104} INFO - [2022-07-10 08:44:00,037] {dagbag.py:451} INFO - Filling up the DagBag from /home/airflow/.local/lib/python3.6/site-packages/airflow/example_dags/example_xcom.py
[2022-07-10 08:44:00,043] {scheduler_job.py:639} INFO - DAG(s) dict_keys(['example_xcom']) retrieved from /home/airflow/.local/lib/python3.6/site-packages/airflow/example_dags/example_xcom.py
[2022-07-10 08:44:00,057] {logging_mixin.py:104} INFO - [2022-07-10 08:44:00,057] {dag.py:1824} INFO - Sync 1 DAGs
[2022-07-10 08:44:00,066] {logging_mixin.py:104} INFO - [2022-07-10 08:44:00,066] {dag.py:2280} INFO - Setting next_dagrun for example_xcom to 2022-07-08 00:00:00+00:00
[2022-07-10 08:44:00,072] {scheduler_job.py:190} INFO - Processing /home/airflow/.local/lib/python3.6/site-packages/airflow/example_dags/example_xcom.py took 0.039 seconds
[2022-07-10 08:44:30,833] {scheduler_job.py:182} INFO - Started process (PID=640) to work on /home/airflow/.local/lib/python3.6/site-packages/airflow/example_dags/example_xcom.py
[2022-07-10 08:44:30,834] {scheduler_job.py:629} INFO - Processing file /home/airflow/.local/lib/python3.6/site-packages/airflow/example_dags/example_xcom.py for tasks to queue
[2022-07-10 08:44:30,835] {logging_mixin.py:104} INFO - [2022-07-10 08:44:30,835] {dagbag.py:451} INFO - Filling up the DagBag from /home/airflow/.local/lib/python3.6/site-packages/airflow/example_dags/example_xcom.py
[2022-07-10 08:44:30,841] {scheduler_job.py:639} INFO - DAG(s) dict_keys(['example_xcom']) retrieved from /home/airflow/.local/lib/python3.6/site-packages/airflow/example_dags/example_xcom.py
[2022-07-10 08:44:30,854] {logging_mixin.py:104} INFO - [2022-07-10 08:44:30,854] {dag.py:1824} INFO - Sync 1 DAGs
[2022-07-10 08:44:30,863] {logging_mixin.py:104} INFO - [2022-07-10 08:44:30,863] {dag.py:2280} INFO - Setting next_dagrun for example_xcom to 2022-07-08 00:00:00+00:00
[2022-07-10 08:44:30,869] {scheduler_job.py:190} INFO - Processing /home/airflow/.local/lib/python3.6/site-packages/airflow/example_dags/example_xcom.py took 0.037 seconds
[2022-07-10 08:45:01,636] {scheduler_job.py:182} INFO - Started process (PID=666) to work on /home/airflow/.local/lib/python3.6/site-packages/airflow/example_dags/example_xcom.py
[2022-07-10 08:45:01,637] {scheduler_job.py:629} INFO - Processing file /home/airflow/.local/lib/python3.6/site-packages/airflow/example_dags/example_xcom.py for tasks to queue
[2022-07-10 08:45:01,638] {logging_mixin.py:104} INFO - [2022-07-10 08:45:01,638] {dagbag.py:451} INFO - Filling up the DagBag from /home/airflow/.local/lib/python3.6/site-packages/airflow/example_dags/example_xcom.py
[2022-07-10 08:45:01,644] {scheduler_job.py:639} INFO - DAG(s) dict_keys(['example_xcom']) retrieved from /home/airflow/.local/lib/python3.6/site-packages/airflow/example_dags/example_xcom.py
[2022-07-10 08:45:01,656] {logging_mixin.py:104} INFO - [2022-07-10 08:45:01,656] {dag.py:1824} INFO - Sync 1 DAGs
[2022-07-10 08:45:01,665] {logging_mixin.py:104} INFO - [2022-07-10 08:45:01,665] {dag.py:2280} INFO - Setting next_dagrun for example_xcom to 2022-07-08 00:00:00+00:00
[2022-07-10 08:45:01,671] {scheduler_job.py:190} INFO - Processing /home/airflow/.local/lib/python3.6/site-packages/airflow/example_dags/example_xcom.py took 0.037 seconds
[2022-07-10 08:45:32,411] {scheduler_job.py:182} INFO - Started process (PID=692) to work on /home/airflow/.local/lib/python3.6/site-packages/airflow/example_dags/example_xcom.py
[2022-07-10 08:45:32,412] {scheduler_job.py:629} INFO - Processing file /home/airflow/.local/lib/python3.6/site-packages/airflow/example_dags/example_xcom.py for tasks to queue
[2022-07-10 08:45:32,412] {logging_mixin.py:104} INFO - [2022-07-10 08:45:32,412] {dagbag.py:451} INFO - Filling up the DagBag from /home/airflow/.local/lib/python3.6/site-packages/airflow/example_dags/example_xcom.py
[2022-07-10 08:45:32,418] {scheduler_job.py:639} INFO - DAG(s) dict_keys(['example_xcom']) retrieved from /home/airflow/.local/lib/python3.6/site-packages/airflow/example_dags/example_xcom.py
[2022-07-10 08:45:32,430] {logging_mixin.py:104} INFO - [2022-07-10 08:45:32,430] {dag.py:1824} INFO - Sync 1 DAGs
[2022-07-10 08:45:32,439] {logging_mixin.py:104} INFO - [2022-07-10 08:45:32,439] {dag.py:2280} INFO - Setting next_dagrun for example_xcom to 2022-07-08 00:00:00+00:00
[2022-07-10 08:45:32,445] {scheduler_job.py:190} INFO - Processing /home/airflow/.local/lib/python3.6/site-packages/airflow/example_dags/example_xcom.py took 0.036 seconds
[2022-07-10 08:46:03,251] {scheduler_job.py:182} INFO - Started process (PID=718) to work on /home/airflow/.local/lib/python3.6/site-packages/airflow/example_dags/example_xcom.py
[2022-07-10 08:46:03,252] {scheduler_job.py:629} INFO - Processing file /home/airflow/.local/lib/python3.6/site-packages/airflow/example_dags/example_xcom.py for tasks to queue
[2022-07-10 08:46:03,253] {logging_mixin.py:104} INFO - [2022-07-10 08:46:03,253] {dagbag.py:451} INFO - Filling up the DagBag from /home/airflow/.local/lib/python3.6/site-packages/airflow/example_dags/example_xcom.py
[2022-07-10 08:46:03,259] {scheduler_job.py:639} INFO - DAG(s) dict_keys(['example_xcom']) retrieved from /home/airflow/.local/lib/python3.6/site-packages/airflow/example_dags/example_xcom.py
[2022-07-10 08:46:03,271] {logging_mixin.py:104} INFO - [2022-07-10 08:46:03,271] {dag.py:1824} INFO - Sync 1 DAGs
[2022-07-10 08:46:03,280] {logging_mixin.py:104} INFO - [2022-07-10 08:46:03,280] {dag.py:2280} INFO - Setting next_dagrun for example_xcom to 2022-07-08 00:00:00+00:00
[2022-07-10 08:46:03,286] {scheduler_job.py:190} INFO - Processing /home/airflow/.local/lib/python3.6/site-packages/airflow/example_dags/example_xcom.py took 0.036 seconds
[2022-07-10 08:46:34,068] {scheduler_job.py:182} INFO - Started process (PID=744) to work on /home/airflow/.local/lib/python3.6/site-packages/airflow/example_dags/example_xcom.py
[2022-07-10 08:46:34,069] {scheduler_job.py:629} INFO - Processing file /home/airflow/.local/lib/python3.6/site-packages/airflow/example_dags/example_xcom.py for tasks to queue
[2022-07-10 08:46:34,070] {logging_mixin.py:104} INFO - [2022-07-10 08:46:34,070] {dagbag.py:451} INFO - Filling up the DagBag from /home/airflow/.local/lib/python3.6/site-packages/airflow/example_dags/example_xcom.py
[2022-07-10 08:46:34,076] {scheduler_job.py:639} INFO - DAG(s) dict_keys(['example_xcom']) retrieved from /home/airflow/.local/lib/python3.6/site-packages/airflow/example_dags/example_xcom.py
[2022-07-10 08:46:34,089] {logging_mixin.py:104} INFO - [2022-07-10 08:46:34,089] {dag.py:1824} INFO - Sync 1 DAGs
[2022-07-10 08:46:34,098] {logging_mixin.py:104} INFO - [2022-07-10 08:46:34,098] {dag.py:2280} INFO - Setting next_dagrun for example_xcom to 2022-07-08 00:00:00+00:00
[2022-07-10 08:46:34,105] {scheduler_job.py:190} INFO - Processing /home/airflow/.local/lib/python3.6/site-packages/airflow/example_dags/example_xcom.py took 0.038 seconds
[2022-07-10 08:47:04,950] {scheduler_job.py:182} INFO - Started process (PID=770) to work on /home/airflow/.local/lib/python3.6/site-packages/airflow/example_dags/example_xcom.py
[2022-07-10 08:47:04,950] {scheduler_job.py:629} INFO - Processing file /home/airflow/.local/lib/python3.6/site-packages/airflow/example_dags/example_xcom.py for tasks to queue
[2022-07-10 08:47:04,951] {logging_mixin.py:104} INFO - [2022-07-10 08:47:04,951] {dagbag.py:451} INFO - Filling up the DagBag from /home/airflow/.local/lib/python3.6/site-packages/airflow/example_dags/example_xcom.py
[2022-07-10 08:47:04,957] {scheduler_job.py:639} INFO - DAG(s) dict_keys(['example_xcom']) retrieved from /home/airflow/.local/lib/python3.6/site-packages/airflow/example_dags/example_xcom.py
[2022-07-10 08:47:04,969] {logging_mixin.py:104} INFO - [2022-07-10 08:47:04,969] {dag.py:1824} INFO - Sync 1 DAGs
[2022-07-10 08:47:04,978] {logging_mixin.py:104} INFO - [2022-07-10 08:47:04,978] {dag.py:2280} INFO - Setting next_dagrun for example_xcom to 2022-07-08 00:00:00+00:00
[2022-07-10 08:47:04,984] {scheduler_job.py:190} INFO - Processing /home/airflow/.local/lib/python3.6/site-packages/airflow/example_dags/example_xcom.py took 0.036 seconds
[2022-07-10 08:47:35,865] {scheduler_job.py:182} INFO - Started process (PID=796) to work on /home/airflow/.local/lib/python3.6/site-packages/airflow/example_dags/example_xcom.py
[2022-07-10 08:47:35,866] {scheduler_job.py:629} INFO - Processing file /home/airflow/.local/lib/python3.6/site-packages/airflow/example_dags/example_xcom.py for tasks to queue
[2022-07-10 08:47:35,867] {logging_mixin.py:104} INFO - [2022-07-10 08:47:35,867] {dagbag.py:451} INFO - Filling up the DagBag from /home/airflow/.local/lib/python3.6/site-packages/airflow/example_dags/example_xcom.py
[2022-07-10 08:47:35,873] {scheduler_job.py:639} INFO - DAG(s) dict_keys(['example_xcom']) retrieved from /home/airflow/.local/lib/python3.6/site-packages/airflow/example_dags/example_xcom.py
[2022-07-10 08:47:35,885] {logging_mixin.py:104} INFO - [2022-07-10 08:47:35,885] {dag.py:1824} INFO - Sync 1 DAGs
[2022-07-10 08:47:35,894] {logging_mixin.py:104} INFO - [2022-07-10 08:47:35,894] {dag.py:2280} INFO - Setting next_dagrun for example_xcom to 2022-07-08 00:00:00+00:00
[2022-07-10 08:47:35,900] {scheduler_job.py:190} INFO - Processing /home/airflow/.local/lib/python3.6/site-packages/airflow/example_dags/example_xcom.py took 0.036 seconds
[2022-07-10 08:48:06,738] {scheduler_job.py:182} INFO - Started process (PID=822) to work on /home/airflow/.local/lib/python3.6/site-packages/airflow/example_dags/example_xcom.py
[2022-07-10 08:48:06,738] {scheduler_job.py:629} INFO - Processing file /home/airflow/.local/lib/python3.6/site-packages/airflow/example_dags/example_xcom.py for tasks to queue
[2022-07-10 08:48:06,739] {logging_mixin.py:104} INFO - [2022-07-10 08:48:06,739] {dagbag.py:451} INFO - Filling up the DagBag from /home/airflow/.local/lib/python3.6/site-packages/airflow/example_dags/example_xcom.py
[2022-07-10 08:48:06,745] {scheduler_job.py:639} INFO - DAG(s) dict_keys(['example_xcom']) retrieved from /home/airflow/.local/lib/python3.6/site-packages/airflow/example_dags/example_xcom.py
[2022-07-10 08:48:06,757] {logging_mixin.py:104} INFO - [2022-07-10 08:48:06,757] {dag.py:1824} INFO - Sync 1 DAGs
[2022-07-10 08:48:06,766] {logging_mixin.py:104} INFO - [2022-07-10 08:48:06,766] {dag.py:2280} INFO - Setting next_dagrun for example_xcom to 2022-07-08 00:00:00+00:00
[2022-07-10 08:48:06,772] {scheduler_job.py:190} INFO - Processing /home/airflow/.local/lib/python3.6/site-packages/airflow/example_dags/example_xcom.py took 0.036 seconds
[2022-07-10 08:48:37,472] {scheduler_job.py:182} INFO - Started process (PID=848) to work on /home/airflow/.local/lib/python3.6/site-packages/airflow/example_dags/example_xcom.py
[2022-07-10 08:48:37,473] {scheduler_job.py:629} INFO - Processing file /home/airflow/.local/lib/python3.6/site-packages/airflow/example_dags/example_xcom.py for tasks to queue
[2022-07-10 08:48:37,473] {logging_mixin.py:104} INFO - [2022-07-10 08:48:37,473] {dagbag.py:451} INFO - Filling up the DagBag from /home/airflow/.local/lib/python3.6/site-packages/airflow/example_dags/example_xcom.py
[2022-07-10 08:48:37,480] {scheduler_job.py:639} INFO - DAG(s) dict_keys(['example_xcom']) retrieved from /home/airflow/.local/lib/python3.6/site-packages/airflow/example_dags/example_xcom.py
[2022-07-10 08:48:37,492] {logging_mixin.py:104} INFO - [2022-07-10 08:48:37,492] {dag.py:1824} INFO - Sync 1 DAGs
[2022-07-10 08:48:37,501] {logging_mixin.py:104} INFO - [2022-07-10 08:48:37,501] {dag.py:2280} INFO - Setting next_dagrun for example_xcom to 2022-07-08 00:00:00+00:00
[2022-07-10 08:48:37,507] {scheduler_job.py:190} INFO - Processing /home/airflow/.local/lib/python3.6/site-packages/airflow/example_dags/example_xcom.py took 0.037 seconds
[2022-07-10 08:49:08,395] {scheduler_job.py:182} INFO - Started process (PID=874) to work on /home/airflow/.local/lib/python3.6/site-packages/airflow/example_dags/example_xcom.py
[2022-07-10 08:49:08,396] {scheduler_job.py:629} INFO - Processing file /home/airflow/.local/lib/python3.6/site-packages/airflow/example_dags/example_xcom.py for tasks to queue
[2022-07-10 08:49:08,396] {logging_mixin.py:104} INFO - [2022-07-10 08:49:08,396] {dagbag.py:451} INFO - Filling up the DagBag from /home/airflow/.local/lib/python3.6/site-packages/airflow/example_dags/example_xcom.py
[2022-07-10 08:49:08,403] {scheduler_job.py:639} INFO - DAG(s) dict_keys(['example_xcom']) retrieved from /home/airflow/.local/lib/python3.6/site-packages/airflow/example_dags/example_xcom.py
[2022-07-10 08:49:08,415] {logging_mixin.py:104} INFO - [2022-07-10 08:49:08,415] {dag.py:1824} INFO - Sync 1 DAGs
[2022-07-10 08:49:08,424] {logging_mixin.py:104} INFO - [2022-07-10 08:49:08,424] {dag.py:2280} INFO - Setting next_dagrun for example_xcom to 2022-07-08 00:00:00+00:00
[2022-07-10 08:49:08,430] {scheduler_job.py:190} INFO - Processing /home/airflow/.local/lib/python3.6/site-packages/airflow/example_dags/example_xcom.py took 0.036 seconds
[2022-07-10 08:49:39,216] {scheduler_job.py:182} INFO - Started process (PID=900) to work on /home/airflow/.local/lib/python3.6/site-packages/airflow/example_dags/example_xcom.py
[2022-07-10 08:49:39,217] {scheduler_job.py:629} INFO - Processing file /home/airflow/.local/lib/python3.6/site-packages/airflow/example_dags/example_xcom.py for tasks to queue
[2022-07-10 08:49:39,218] {logging_mixin.py:104} INFO - [2022-07-10 08:49:39,217] {dagbag.py:451} INFO - Filling up the DagBag from /home/airflow/.local/lib/python3.6/site-packages/airflow/example_dags/example_xcom.py
[2022-07-10 08:49:39,224] {scheduler_job.py:639} INFO - DAG(s) dict_keys(['example_xcom']) retrieved from /home/airflow/.local/lib/python3.6/site-packages/airflow/example_dags/example_xcom.py
[2022-07-10 08:49:39,236] {logging_mixin.py:104} INFO - [2022-07-10 08:49:39,236] {dag.py:1824} INFO - Sync 1 DAGs
[2022-07-10 08:49:39,245] {logging_mixin.py:104} INFO - [2022-07-10 08:49:39,245] {dag.py:2280} INFO - Setting next_dagrun for example_xcom to 2022-07-08 00:00:00+00:00
[2022-07-10 08:49:39,251] {scheduler_job.py:190} INFO - Processing /home/airflow/.local/lib/python3.6/site-packages/airflow/example_dags/example_xcom.py took 0.036 seconds
[2022-07-10 08:50:09,997] {scheduler_job.py:182} INFO - Started process (PID=926) to work on /home/airflow/.local/lib/python3.6/site-packages/airflow/example_dags/example_xcom.py
[2022-07-10 08:50:09,998] {scheduler_job.py:629} INFO - Processing file /home/airflow/.local/lib/python3.6/site-packages/airflow/example_dags/example_xcom.py for tasks to queue
[2022-07-10 08:50:09,998] {logging_mixin.py:104} INFO - [2022-07-10 08:50:09,998] {dagbag.py:451} INFO - Filling up the DagBag from /home/airflow/.local/lib/python3.6/site-packages/airflow/example_dags/example_xcom.py
[2022-07-10 08:50:10,004] {scheduler_job.py:639} INFO - DAG(s) dict_keys(['example_xcom']) retrieved from /home/airflow/.local/lib/python3.6/site-packages/airflow/example_dags/example_xcom.py
[2022-07-10 08:50:10,017] {logging_mixin.py:104} INFO - [2022-07-10 08:50:10,017] {dag.py:1824} INFO - Sync 1 DAGs
[2022-07-10 08:50:10,026] {logging_mixin.py:104} INFO - [2022-07-10 08:50:10,026] {dag.py:2280} INFO - Setting next_dagrun for example_xcom to 2022-07-08 00:00:00+00:00
[2022-07-10 08:50:10,032] {scheduler_job.py:190} INFO - Processing /home/airflow/.local/lib/python3.6/site-packages/airflow/example_dags/example_xcom.py took 0.036 seconds
[2022-07-10 08:50:40,851] {scheduler_job.py:182} INFO - Started process (PID=952) to work on /home/airflow/.local/lib/python3.6/site-packages/airflow/example_dags/example_xcom.py
[2022-07-10 08:50:40,852] {scheduler_job.py:629} INFO - Processing file /home/airflow/.local/lib/python3.6/site-packages/airflow/example_dags/example_xcom.py for tasks to queue
[2022-07-10 08:50:40,852] {logging_mixin.py:104} INFO - [2022-07-10 08:50:40,852] {dagbag.py:451} INFO - Filling up the DagBag from /home/airflow/.local/lib/python3.6/site-packages/airflow/example_dags/example_xcom.py
[2022-07-10 08:50:40,859] {scheduler_job.py:639} INFO - DAG(s) dict_keys(['example_xcom']) retrieved from /home/airflow/.local/lib/python3.6/site-packages/airflow/example_dags/example_xcom.py
[2022-07-10 08:50:40,871] {logging_mixin.py:104} INFO - [2022-07-10 08:50:40,871] {dag.py:1824} INFO - Sync 1 DAGs
[2022-07-10 08:50:40,880] {logging_mixin.py:104} INFO - [2022-07-10 08:50:40,880] {dag.py:2280} INFO - Setting next_dagrun for example_xcom to 2022-07-08 00:00:00+00:00
[2022-07-10 08:50:40,887] {scheduler_job.py:190} INFO - Processing /home/airflow/.local/lib/python3.6/site-packages/airflow/example_dags/example_xcom.py took 0.037 seconds
[2022-07-10 08:51:11,649] {scheduler_job.py:182} INFO - Started process (PID=978) to work on /home/airflow/.local/lib/python3.6/site-packages/airflow/example_dags/example_xcom.py
[2022-07-10 08:51:11,650] {scheduler_job.py:629} INFO - Processing file /home/airflow/.local/lib/python3.6/site-packages/airflow/example_dags/example_xcom.py for tasks to queue
[2022-07-10 08:51:11,650] {logging_mixin.py:104} INFO - [2022-07-10 08:51:11,650] {dagbag.py:451} INFO - Filling up the DagBag from /home/airflow/.local/lib/python3.6/site-packages/airflow/example_dags/example_xcom.py
[2022-07-10 08:51:11,657] {scheduler_job.py:639} INFO - DAG(s) dict_keys(['example_xcom']) retrieved from /home/airflow/.local/lib/python3.6/site-packages/airflow/example_dags/example_xcom.py
[2022-07-10 08:51:11,669] {logging_mixin.py:104} INFO - [2022-07-10 08:51:11,669] {dag.py:1824} INFO - Sync 1 DAGs
[2022-07-10 08:51:11,678] {logging_mixin.py:104} INFO - [2022-07-10 08:51:11,678] {dag.py:2280} INFO - Setting next_dagrun for example_xcom to 2022-07-08 00:00:00+00:00
[2022-07-10 08:51:11,684] {scheduler_job.py:190} INFO - Processing /home/airflow/.local/lib/python3.6/site-packages/airflow/example_dags/example_xcom.py took 0.037 seconds
[2022-07-10 08:51:42,503] {scheduler_job.py:182} INFO - Started process (PID=1004) to work on /home/airflow/.local/lib/python3.6/site-packages/airflow/example_dags/example_xcom.py
[2022-07-10 08:51:42,504] {scheduler_job.py:629} INFO - Processing file /home/airflow/.local/lib/python3.6/site-packages/airflow/example_dags/example_xcom.py for tasks to queue
[2022-07-10 08:51:42,504] {logging_mixin.py:104} INFO - [2022-07-10 08:51:42,504] {dagbag.py:451} INFO - Filling up the DagBag from /home/airflow/.local/lib/python3.6/site-packages/airflow/example_dags/example_xcom.py
[2022-07-10 08:51:42,510] {scheduler_job.py:639} INFO - DAG(s) dict_keys(['example_xcom']) retrieved from /home/airflow/.local/lib/python3.6/site-packages/airflow/example_dags/example_xcom.py
[2022-07-10 08:51:42,523] {logging_mixin.py:104} INFO - [2022-07-10 08:51:42,523] {dag.py:1824} INFO - Sync 1 DAGs
[2022-07-10 08:51:42,532] {logging_mixin.py:104} INFO - [2022-07-10 08:51:42,532] {dag.py:2280} INFO - Setting next_dagrun for example_xcom to 2022-07-08 00:00:00+00:00
[2022-07-10 08:51:42,538] {scheduler_job.py:190} INFO - Processing /home/airflow/.local/lib/python3.6/site-packages/airflow/example_dags/example_xcom.py took 0.038 seconds
[2022-07-10 08:52:13,280] {scheduler_job.py:182} INFO - Started process (PID=1030) to work on /home/airflow/.local/lib/python3.6/site-packages/airflow/example_dags/example_xcom.py
[2022-07-10 08:52:13,281] {scheduler_job.py:629} INFO - Processing file /home/airflow/.local/lib/python3.6/site-packages/airflow/example_dags/example_xcom.py for tasks to queue
[2022-07-10 08:52:13,281] {logging_mixin.py:104} INFO - [2022-07-10 08:52:13,281] {dagbag.py:451} INFO - Filling up the DagBag from /home/airflow/.local/lib/python3.6/site-packages/airflow/example_dags/example_xcom.py
[2022-07-10 08:52:13,288] {scheduler_job.py:639} INFO - DAG(s) dict_keys(['example_xcom']) retrieved from /home/airflow/.local/lib/python3.6/site-packages/airflow/example_dags/example_xcom.py
[2022-07-10 08:52:13,300] {logging_mixin.py:104} INFO - [2022-07-10 08:52:13,300] {dag.py:1824} INFO - Sync 1 DAGs
[2022-07-10 08:52:13,309] {logging_mixin.py:104} INFO - [2022-07-10 08:52:13,309] {dag.py:2280} INFO - Setting next_dagrun for example_xcom to 2022-07-08 00:00:00+00:00
[2022-07-10 08:52:13,315] {scheduler_job.py:190} INFO - Processing /home/airflow/.local/lib/python3.6/site-packages/airflow/example_dags/example_xcom.py took 0.036 seconds
[2022-07-10 08:52:44,166] {scheduler_job.py:182} INFO - Started process (PID=1056) to work on /home/airflow/.local/lib/python3.6/site-packages/airflow/example_dags/example_xcom.py
[2022-07-10 08:52:44,167] {scheduler_job.py:629} INFO - Processing file /home/airflow/.local/lib/python3.6/site-packages/airflow/example_dags/example_xcom.py for tasks to queue
[2022-07-10 08:52:44,167] {logging_mixin.py:104} INFO - [2022-07-10 08:52:44,167] {dagbag.py:451} INFO - Filling up the DagBag from /home/airflow/.local/lib/python3.6/site-packages/airflow/example_dags/example_xcom.py
[2022-07-10 08:52:44,174] {scheduler_job.py:639} INFO - DAG(s) dict_keys(['example_xcom']) retrieved from /home/airflow/.local/lib/python3.6/site-packages/airflow/example_dags/example_xcom.py
[2022-07-10 08:52:44,186] {logging_mixin.py:104} INFO - [2022-07-10 08:52:44,186] {dag.py:1824} INFO - Sync 1 DAGs
[2022-07-10 08:52:44,196] {logging_mixin.py:104} INFO - [2022-07-10 08:52:44,195] {dag.py:2280} INFO - Setting next_dagrun for example_xcom to 2022-07-08 00:00:00+00:00
[2022-07-10 08:52:44,201] {scheduler_job.py:190} INFO - Processing /home/airflow/.local/lib/python3.6/site-packages/airflow/example_dags/example_xcom.py took 0.037 seconds
[2022-07-10 08:53:15,029] {scheduler_job.py:182} INFO - Started process (PID=1082) to work on /home/airflow/.local/lib/python3.6/site-packages/airflow/example_dags/example_xcom.py
[2022-07-10 08:53:15,029] {scheduler_job.py:629} INFO - Processing file /home/airflow/.local/lib/python3.6/site-packages/airflow/example_dags/example_xcom.py for tasks to queue
[2022-07-10 08:53:15,030] {logging_mixin.py:104} INFO - [2022-07-10 08:53:15,030] {dagbag.py:451} INFO - Filling up the DagBag from /home/airflow/.local/lib/python3.6/site-packages/airflow/example_dags/example_xcom.py
[2022-07-10 08:53:15,036] {scheduler_job.py:639} INFO - DAG(s) dict_keys(['example_xcom']) retrieved from /home/airflow/.local/lib/python3.6/site-packages/airflow/example_dags/example_xcom.py
[2022-07-10 08:53:15,049] {logging_mixin.py:104} INFO - [2022-07-10 08:53:15,049] {dag.py:1824} INFO - Sync 1 DAGs
[2022-07-10 08:53:15,057] {logging_mixin.py:104} INFO - [2022-07-10 08:53:15,057] {dag.py:2280} INFO - Setting next_dagrun for example_xcom to 2022-07-08 00:00:00+00:00
[2022-07-10 08:53:15,063] {scheduler_job.py:190} INFO - Processing /home/airflow/.local/lib/python3.6/site-packages/airflow/example_dags/example_xcom.py took 0.036 seconds
[2022-07-10 08:53:45,905] {scheduler_job.py:182} INFO - Started process (PID=1108) to work on /home/airflow/.local/lib/python3.6/site-packages/airflow/example_dags/example_xcom.py
[2022-07-10 08:53:45,905] {scheduler_job.py:629} INFO - Processing file /home/airflow/.local/lib/python3.6/site-packages/airflow/example_dags/example_xcom.py for tasks to queue
[2022-07-10 08:53:45,906] {logging_mixin.py:104} INFO - [2022-07-10 08:53:45,906] {dagbag.py:451} INFO - Filling up the DagBag from /home/airflow/.local/lib/python3.6/site-packages/airflow/example_dags/example_xcom.py
[2022-07-10 08:53:45,912] {scheduler_job.py:639} INFO - DAG(s) dict_keys(['example_xcom']) retrieved from /home/airflow/.local/lib/python3.6/site-packages/airflow/example_dags/example_xcom.py
[2022-07-10 08:53:45,924] {logging_mixin.py:104} INFO - [2022-07-10 08:53:45,924] {dag.py:1824} INFO - Sync 1 DAGs
[2022-07-10 08:53:45,933] {logging_mixin.py:104} INFO - [2022-07-10 08:53:45,933] {dag.py:2280} INFO - Setting next_dagrun for example_xcom to 2022-07-08 00:00:00+00:00
[2022-07-10 08:53:45,939] {scheduler_job.py:190} INFO - Processing /home/airflow/.local/lib/python3.6/site-packages/airflow/example_dags/example_xcom.py took 0.036 seconds
[2022-07-10 08:54:16,787] {scheduler_job.py:182} INFO - Started process (PID=1134) to work on /home/airflow/.local/lib/python3.6/site-packages/airflow/example_dags/example_xcom.py
[2022-07-10 08:54:16,788] {scheduler_job.py:629} INFO - Processing file /home/airflow/.local/lib/python3.6/site-packages/airflow/example_dags/example_xcom.py for tasks to queue
[2022-07-10 08:54:16,788] {logging_mixin.py:104} INFO - [2022-07-10 08:54:16,788] {dagbag.py:451} INFO - Filling up the DagBag from /home/airflow/.local/lib/python3.6/site-packages/airflow/example_dags/example_xcom.py
[2022-07-10 08:54:16,795] {scheduler_job.py:639} INFO - DAG(s) dict_keys(['example_xcom']) retrieved from /home/airflow/.local/lib/python3.6/site-packages/airflow/example_dags/example_xcom.py
[2022-07-10 08:54:16,807] {logging_mixin.py:104} INFO - [2022-07-10 08:54:16,807] {dag.py:1824} INFO - Sync 1 DAGs
[2022-07-10 08:54:16,816] {logging_mixin.py:104} INFO - [2022-07-10 08:54:16,816] {dag.py:2280} INFO - Setting next_dagrun for example_xcom to 2022-07-08 00:00:00+00:00
[2022-07-10 08:54:16,822] {scheduler_job.py:190} INFO - Processing /home/airflow/.local/lib/python3.6/site-packages/airflow/example_dags/example_xcom.py took 0.037 seconds
[2022-07-10 08:54:47,635] {scheduler_job.py:182} INFO - Started process (PID=1160) to work on /home/airflow/.local/lib/python3.6/site-packages/airflow/example_dags/example_xcom.py
[2022-07-10 08:54:47,636] {scheduler_job.py:629} INFO - Processing file /home/airflow/.local/lib/python3.6/site-packages/airflow/example_dags/example_xcom.py for tasks to queue
[2022-07-10 08:54:47,637] {logging_mixin.py:104} INFO - [2022-07-10 08:54:47,637] {dagbag.py:451} INFO - Filling up the DagBag from /home/airflow/.local/lib/python3.6/site-packages/airflow/example_dags/example_xcom.py
[2022-07-10 08:54:47,643] {scheduler_job.py:639} INFO - DAG(s) dict_keys(['example_xcom']) retrieved from /home/airflow/.local/lib/python3.6/site-packages/airflow/example_dags/example_xcom.py
[2022-07-10 08:54:47,657] {logging_mixin.py:104} INFO - [2022-07-10 08:54:47,656] {dag.py:1824} INFO - Sync 1 DAGs
[2022-07-10 08:54:47,666] {logging_mixin.py:104} INFO - [2022-07-10 08:54:47,665] {dag.py:2280} INFO - Setting next_dagrun for example_xcom to 2022-07-08 00:00:00+00:00
[2022-07-10 08:54:47,672] {scheduler_job.py:190} INFO - Processing /home/airflow/.local/lib/python3.6/site-packages/airflow/example_dags/example_xcom.py took 0.039 seconds
[2022-07-10 08:55:18,532] {scheduler_job.py:182} INFO - Started process (PID=1186) to work on /home/airflow/.local/lib/python3.6/site-packages/airflow/example_dags/example_xcom.py
[2022-07-10 08:55:18,533] {scheduler_job.py:629} INFO - Processing file /home/airflow/.local/lib/python3.6/site-packages/airflow/example_dags/example_xcom.py for tasks to queue
[2022-07-10 08:55:18,534] {logging_mixin.py:104} INFO - [2022-07-10 08:55:18,534] {dagbag.py:451} INFO - Filling up the DagBag from /home/airflow/.local/lib/python3.6/site-packages/airflow/example_dags/example_xcom.py
[2022-07-10 08:55:18,542] {scheduler_job.py:639} INFO - DAG(s) dict_keys(['example_xcom']) retrieved from /home/airflow/.local/lib/python3.6/site-packages/airflow/example_dags/example_xcom.py
[2022-07-10 08:55:18,558] {logging_mixin.py:104} INFO - [2022-07-10 08:55:18,558] {dag.py:1824} INFO - Sync 1 DAGs
[2022-07-10 08:55:18,572] {logging_mixin.py:104} INFO - [2022-07-10 08:55:18,572] {dag.py:2280} INFO - Setting next_dagrun for example_xcom to 2022-07-08 00:00:00+00:00
[2022-07-10 08:55:18,580] {scheduler_job.py:190} INFO - Processing /home/airflow/.local/lib/python3.6/site-packages/airflow/example_dags/example_xcom.py took 0.050 seconds
[2022-07-10 08:55:49,457] {scheduler_job.py:182} INFO - Started process (PID=1212) to work on /home/airflow/.local/lib/python3.6/site-packages/airflow/example_dags/example_xcom.py
[2022-07-10 08:55:49,458] {scheduler_job.py:629} INFO - Processing file /home/airflow/.local/lib/python3.6/site-packages/airflow/example_dags/example_xcom.py for tasks to queue
[2022-07-10 08:55:49,458] {logging_mixin.py:104} INFO - [2022-07-10 08:55:49,458] {dagbag.py:451} INFO - Filling up the DagBag from /home/airflow/.local/lib/python3.6/site-packages/airflow/example_dags/example_xcom.py
[2022-07-10 08:55:49,467] {scheduler_job.py:639} INFO - DAG(s) dict_keys(['example_xcom']) retrieved from /home/airflow/.local/lib/python3.6/site-packages/airflow/example_dags/example_xcom.py
[2022-07-10 08:55:49,481] {logging_mixin.py:104} INFO - [2022-07-10 08:55:49,481] {dag.py:1824} INFO - Sync 1 DAGs
[2022-07-10 08:55:49,491] {logging_mixin.py:104} INFO - [2022-07-10 08:55:49,491] {dag.py:2280} INFO - Setting next_dagrun for example_xcom to 2022-07-08 00:00:00+00:00
[2022-07-10 08:55:49,497] {scheduler_job.py:190} INFO - Processing /home/airflow/.local/lib/python3.6/site-packages/airflow/example_dags/example_xcom.py took 0.042 seconds
[2022-07-10 08:56:20,401] {scheduler_job.py:182} INFO - Started process (PID=1238) to work on /home/airflow/.local/lib/python3.6/site-packages/airflow/example_dags/example_xcom.py
[2022-07-10 08:56:20,402] {scheduler_job.py:629} INFO - Processing file /home/airflow/.local/lib/python3.6/site-packages/airflow/example_dags/example_xcom.py for tasks to queue
[2022-07-10 08:56:20,403] {logging_mixin.py:104} INFO - [2022-07-10 08:56:20,403] {dagbag.py:451} INFO - Filling up the DagBag from /home/airflow/.local/lib/python3.6/site-packages/airflow/example_dags/example_xcom.py
[2022-07-10 08:56:20,409] {scheduler_job.py:639} INFO - DAG(s) dict_keys(['example_xcom']) retrieved from /home/airflow/.local/lib/python3.6/site-packages/airflow/example_dags/example_xcom.py
[2022-07-10 08:56:20,423] {logging_mixin.py:104} INFO - [2022-07-10 08:56:20,423] {dag.py:1824} INFO - Sync 1 DAGs
[2022-07-10 08:56:20,432] {logging_mixin.py:104} INFO - [2022-07-10 08:56:20,432] {dag.py:2280} INFO - Setting next_dagrun for example_xcom to 2022-07-08 00:00:00+00:00
[2022-07-10 08:56:20,438] {scheduler_job.py:190} INFO - Processing /home/airflow/.local/lib/python3.6/site-packages/airflow/example_dags/example_xcom.py took 0.039 seconds
[2022-07-10 08:56:51,402] {scheduler_job.py:182} INFO - Started process (PID=1264) to work on /home/airflow/.local/lib/python3.6/site-packages/airflow/example_dags/example_xcom.py
[2022-07-10 08:56:51,402] {scheduler_job.py:629} INFO - Processing file /home/airflow/.local/lib/python3.6/site-packages/airflow/example_dags/example_xcom.py for tasks to queue
[2022-07-10 08:56:51,403] {logging_mixin.py:104} INFO - [2022-07-10 08:56:51,403] {dagbag.py:451} INFO - Filling up the DagBag from /home/airflow/.local/lib/python3.6/site-packages/airflow/example_dags/example_xcom.py
[2022-07-10 08:56:51,409] {scheduler_job.py:639} INFO - DAG(s) dict_keys(['example_xcom']) retrieved from /home/airflow/.local/lib/python3.6/site-packages/airflow/example_dags/example_xcom.py
[2022-07-10 08:56:51,423] {logging_mixin.py:104} INFO - [2022-07-10 08:56:51,423] {dag.py:1824} INFO - Sync 1 DAGs
[2022-07-10 08:56:51,433] {logging_mixin.py:104} INFO - [2022-07-10 08:56:51,432] {dag.py:2280} INFO - Setting next_dagrun for example_xcom to 2022-07-08 00:00:00+00:00
[2022-07-10 08:56:51,440] {scheduler_job.py:190} INFO - Processing /home/airflow/.local/lib/python3.6/site-packages/airflow/example_dags/example_xcom.py took 0.040 seconds
[2022-07-10 08:57:22,239] {scheduler_job.py:182} INFO - Started process (PID=1290) to work on /home/airflow/.local/lib/python3.6/site-packages/airflow/example_dags/example_xcom.py
[2022-07-10 08:57:22,240] {scheduler_job.py:629} INFO - Processing file /home/airflow/.local/lib/python3.6/site-packages/airflow/example_dags/example_xcom.py for tasks to queue
[2022-07-10 08:57:22,240] {logging_mixin.py:104} INFO - [2022-07-10 08:57:22,240] {dagbag.py:451} INFO - Filling up the DagBag from /home/airflow/.local/lib/python3.6/site-packages/airflow/example_dags/example_xcom.py
[2022-07-10 08:57:22,248] {scheduler_job.py:639} INFO - DAG(s) dict_keys(['example_xcom']) retrieved from /home/airflow/.local/lib/python3.6/site-packages/airflow/example_dags/example_xcom.py
[2022-07-10 08:57:22,262] {logging_mixin.py:104} INFO - [2022-07-10 08:57:22,262] {dag.py:1824} INFO - Sync 1 DAGs
[2022-07-10 08:57:22,272] {logging_mixin.py:104} INFO - [2022-07-10 08:57:22,272] {dag.py:2280} INFO - Setting next_dagrun for example_xcom to 2022-07-08 00:00:00+00:00
[2022-07-10 08:57:22,279] {scheduler_job.py:190} INFO - Processing /home/airflow/.local/lib/python3.6/site-packages/airflow/example_dags/example_xcom.py took 0.042 seconds
[2022-07-10 08:57:53,153] {scheduler_job.py:182} INFO - Started process (PID=1316) to work on /home/airflow/.local/lib/python3.6/site-packages/airflow/example_dags/example_xcom.py
[2022-07-10 08:57:53,154] {scheduler_job.py:629} INFO - Processing file /home/airflow/.local/lib/python3.6/site-packages/airflow/example_dags/example_xcom.py for tasks to queue
[2022-07-10 08:57:53,154] {logging_mixin.py:104} INFO - [2022-07-10 08:57:53,154] {dagbag.py:451} INFO - Filling up the DagBag from /home/airflow/.local/lib/python3.6/site-packages/airflow/example_dags/example_xcom.py
[2022-07-10 08:57:53,161] {scheduler_job.py:639} INFO - DAG(s) dict_keys(['example_xcom']) retrieved from /home/airflow/.local/lib/python3.6/site-packages/airflow/example_dags/example_xcom.py
[2022-07-10 08:57:53,174] {logging_mixin.py:104} INFO - [2022-07-10 08:57:53,174] {dag.py:1824} INFO - Sync 1 DAGs
[2022-07-10 08:57:53,184] {logging_mixin.py:104} INFO - [2022-07-10 08:57:53,184] {dag.py:2280} INFO - Setting next_dagrun for example_xcom to 2022-07-08 00:00:00+00:00
[2022-07-10 08:57:53,190] {scheduler_job.py:190} INFO - Processing /home/airflow/.local/lib/python3.6/site-packages/airflow/example_dags/example_xcom.py took 0.039 seconds
[2022-07-10 08:58:24,081] {scheduler_job.py:182} INFO - Started process (PID=1342) to work on /home/airflow/.local/lib/python3.6/site-packages/airflow/example_dags/example_xcom.py
[2022-07-10 08:58:24,082] {scheduler_job.py:629} INFO - Processing file /home/airflow/.local/lib/python3.6/site-packages/airflow/example_dags/example_xcom.py for tasks to queue
[2022-07-10 08:58:24,083] {logging_mixin.py:104} INFO - [2022-07-10 08:58:24,083] {dagbag.py:451} INFO - Filling up the DagBag from /home/airflow/.local/lib/python3.6/site-packages/airflow/example_dags/example_xcom.py
[2022-07-10 08:58:24,091] {scheduler_job.py:639} INFO - DAG(s) dict_keys(['example_xcom']) retrieved from /home/airflow/.local/lib/python3.6/site-packages/airflow/example_dags/example_xcom.py
[2022-07-10 08:58:24,106] {logging_mixin.py:104} INFO - [2022-07-10 08:58:24,106] {dag.py:1824} INFO - Sync 1 DAGs
[2022-07-10 08:58:24,118] {logging_mixin.py:104} INFO - [2022-07-10 08:58:24,118] {dag.py:2280} INFO - Setting next_dagrun for example_xcom to 2022-07-08 00:00:00+00:00
[2022-07-10 08:58:24,130] {scheduler_job.py:190} INFO - Processing /home/airflow/.local/lib/python3.6/site-packages/airflow/example_dags/example_xcom.py took 0.050 seconds
[2022-07-10 08:58:55,017] {scheduler_job.py:182} INFO - Started process (PID=1368) to work on /home/airflow/.local/lib/python3.6/site-packages/airflow/example_dags/example_xcom.py
[2022-07-10 08:58:55,018] {scheduler_job.py:629} INFO - Processing file /home/airflow/.local/lib/python3.6/site-packages/airflow/example_dags/example_xcom.py for tasks to queue
[2022-07-10 08:58:55,018] {logging_mixin.py:104} INFO - [2022-07-10 08:58:55,018] {dagbag.py:451} INFO - Filling up the DagBag from /home/airflow/.local/lib/python3.6/site-packages/airflow/example_dags/example_xcom.py
[2022-07-10 08:58:55,025] {scheduler_job.py:639} INFO - DAG(s) dict_keys(['example_xcom']) retrieved from /home/airflow/.local/lib/python3.6/site-packages/airflow/example_dags/example_xcom.py
[2022-07-10 08:58:55,039] {logging_mixin.py:104} INFO - [2022-07-10 08:58:55,039] {dag.py:1824} INFO - Sync 1 DAGs
[2022-07-10 08:58:55,049] {logging_mixin.py:104} INFO - [2022-07-10 08:58:55,049] {dag.py:2280} INFO - Setting next_dagrun for example_xcom to 2022-07-08 00:00:00+00:00
[2022-07-10 08:58:55,056] {scheduler_job.py:190} INFO - Processing /home/airflow/.local/lib/python3.6/site-packages/airflow/example_dags/example_xcom.py took 0.040 seconds
[2022-07-10 08:59:25,770] {scheduler_job.py:182} INFO - Started process (PID=1394) to work on /home/airflow/.local/lib/python3.6/site-packages/airflow/example_dags/example_xcom.py
[2022-07-10 08:59:25,771] {scheduler_job.py:629} INFO - Processing file /home/airflow/.local/lib/python3.6/site-packages/airflow/example_dags/example_xcom.py for tasks to queue
[2022-07-10 08:59:25,772] {logging_mixin.py:104} INFO - [2022-07-10 08:59:25,772] {dagbag.py:451} INFO - Filling up the DagBag from /home/airflow/.local/lib/python3.6/site-packages/airflow/example_dags/example_xcom.py
[2022-07-10 08:59:25,778] {scheduler_job.py:639} INFO - DAG(s) dict_keys(['example_xcom']) retrieved from /home/airflow/.local/lib/python3.6/site-packages/airflow/example_dags/example_xcom.py
[2022-07-10 08:59:25,791] {logging_mixin.py:104} INFO - [2022-07-10 08:59:25,791] {dag.py:1824} INFO - Sync 1 DAGs
[2022-07-10 08:59:25,801] {logging_mixin.py:104} INFO - [2022-07-10 08:59:25,801] {dag.py:2280} INFO - Setting next_dagrun for example_xcom to 2022-07-08 00:00:00+00:00
[2022-07-10 08:59:25,807] {scheduler_job.py:190} INFO - Processing /home/airflow/.local/lib/python3.6/site-packages/airflow/example_dags/example_xcom.py took 0.039 seconds
[2022-07-10 08:59:56,638] {scheduler_job.py:182} INFO - Started process (PID=1420) to work on /home/airflow/.local/lib/python3.6/site-packages/airflow/example_dags/example_xcom.py
[2022-07-10 08:59:56,639] {scheduler_job.py:629} INFO - Processing file /home/airflow/.local/lib/python3.6/site-packages/airflow/example_dags/example_xcom.py for tasks to queue
[2022-07-10 08:59:56,640] {logging_mixin.py:104} INFO - [2022-07-10 08:59:56,640] {dagbag.py:451} INFO - Filling up the DagBag from /home/airflow/.local/lib/python3.6/site-packages/airflow/example_dags/example_xcom.py
[2022-07-10 08:59:56,646] {scheduler_job.py:639} INFO - DAG(s) dict_keys(['example_xcom']) retrieved from /home/airflow/.local/lib/python3.6/site-packages/airflow/example_dags/example_xcom.py
[2022-07-10 08:59:56,661] {logging_mixin.py:104} INFO - [2022-07-10 08:59:56,660] {dag.py:1824} INFO - Sync 1 DAGs
[2022-07-10 08:59:56,670] {logging_mixin.py:104} INFO - [2022-07-10 08:59:56,670] {dag.py:2280} INFO - Setting next_dagrun for example_xcom to 2022-07-08 00:00:00+00:00
[2022-07-10 08:59:56,677] {scheduler_job.py:190} INFO - Processing /home/airflow/.local/lib/python3.6/site-packages/airflow/example_dags/example_xcom.py took 0.040 seconds
[2022-07-10 09:00:27,408] {scheduler_job.py:182} INFO - Started process (PID=1446) to work on /home/airflow/.local/lib/python3.6/site-packages/airflow/example_dags/example_xcom.py
[2022-07-10 09:00:27,409] {scheduler_job.py:629} INFO - Processing file /home/airflow/.local/lib/python3.6/site-packages/airflow/example_dags/example_xcom.py for tasks to queue
[2022-07-10 09:00:27,409] {logging_mixin.py:104} INFO - [2022-07-10 09:00:27,409] {dagbag.py:451} INFO - Filling up the DagBag from /home/airflow/.local/lib/python3.6/site-packages/airflow/example_dags/example_xcom.py
[2022-07-10 09:00:27,416] {scheduler_job.py:639} INFO - DAG(s) dict_keys(['example_xcom']) retrieved from /home/airflow/.local/lib/python3.6/site-packages/airflow/example_dags/example_xcom.py
[2022-07-10 09:00:27,430] {logging_mixin.py:104} INFO - [2022-07-10 09:00:27,430] {dag.py:1824} INFO - Sync 1 DAGs
[2022-07-10 09:00:27,440] {logging_mixin.py:104} INFO - [2022-07-10 09:00:27,440] {dag.py:2280} INFO - Setting next_dagrun for example_xcom to 2022-07-08 00:00:00+00:00
[2022-07-10 09:00:27,447] {scheduler_job.py:190} INFO - Processing /home/airflow/.local/lib/python3.6/site-packages/airflow/example_dags/example_xcom.py took 0.041 seconds
[2022-07-10 09:00:58,203] {scheduler_job.py:182} INFO - Started process (PID=1472) to work on /home/airflow/.local/lib/python3.6/site-packages/airflow/example_dags/example_xcom.py
[2022-07-10 09:00:58,203] {scheduler_job.py:629} INFO - Processing file /home/airflow/.local/lib/python3.6/site-packages/airflow/example_dags/example_xcom.py for tasks to queue
[2022-07-10 09:00:58,204] {logging_mixin.py:104} INFO - [2022-07-10 09:00:58,204] {dagbag.py:451} INFO - Filling up the DagBag from /home/airflow/.local/lib/python3.6/site-packages/airflow/example_dags/example_xcom.py
[2022-07-10 09:00:58,214] {scheduler_job.py:639} INFO - DAG(s) dict_keys(['example_xcom']) retrieved from /home/airflow/.local/lib/python3.6/site-packages/airflow/example_dags/example_xcom.py
[2022-07-10 09:00:58,230] {logging_mixin.py:104} INFO - [2022-07-10 09:00:58,230] {dag.py:1824} INFO - Sync 1 DAGs
[2022-07-10 09:00:58,241] {logging_mixin.py:104} INFO - [2022-07-10 09:00:58,241] {dag.py:2280} INFO - Setting next_dagrun for example_xcom to 2022-07-08 00:00:00+00:00
[2022-07-10 09:00:58,248] {scheduler_job.py:190} INFO - Processing /home/airflow/.local/lib/python3.6/site-packages/airflow/example_dags/example_xcom.py took 0.049 seconds
[2022-07-10 09:03:55,537] {scheduler_job.py:182} INFO - Started process (PID=67) to work on /home/airflow/.local/lib/python3.6/site-packages/airflow/example_dags/example_xcom.py
[2022-07-10 09:03:55,538] {scheduler_job.py:629} INFO - Processing file /home/airflow/.local/lib/python3.6/site-packages/airflow/example_dags/example_xcom.py for tasks to queue
[2022-07-10 09:03:55,538] {logging_mixin.py:104} INFO - [2022-07-10 09:03:55,538] {dagbag.py:451} INFO - Filling up the DagBag from /home/airflow/.local/lib/python3.6/site-packages/airflow/example_dags/example_xcom.py
[2022-07-10 09:03:55,546] {scheduler_job.py:639} INFO - DAG(s) dict_keys(['example_xcom']) retrieved from /home/airflow/.local/lib/python3.6/site-packages/airflow/example_dags/example_xcom.py
[2022-07-10 09:03:55,559] {logging_mixin.py:104} INFO - [2022-07-10 09:03:55,559] {dag.py:1824} INFO - Sync 1 DAGs
[2022-07-10 09:03:55,571] {logging_mixin.py:104} INFO - [2022-07-10 09:03:55,571] {dag.py:2280} INFO - Setting next_dagrun for example_xcom to 2022-07-08 00:00:00+00:00
[2022-07-10 09:03:55,578] {scheduler_job.py:190} INFO - Processing /home/airflow/.local/lib/python3.6/site-packages/airflow/example_dags/example_xcom.py took 0.043 seconds
[2022-07-10 09:04:26,353] {scheduler_job.py:182} INFO - Started process (PID=93) to work on /home/airflow/.local/lib/python3.6/site-packages/airflow/example_dags/example_xcom.py
[2022-07-10 09:04:26,354] {scheduler_job.py:629} INFO - Processing file /home/airflow/.local/lib/python3.6/site-packages/airflow/example_dags/example_xcom.py for tasks to queue
[2022-07-10 09:04:26,355] {logging_mixin.py:104} INFO - [2022-07-10 09:04:26,354] {dagbag.py:451} INFO - Filling up the DagBag from /home/airflow/.local/lib/python3.6/site-packages/airflow/example_dags/example_xcom.py
[2022-07-10 09:04:26,361] {scheduler_job.py:639} INFO - DAG(s) dict_keys(['example_xcom']) retrieved from /home/airflow/.local/lib/python3.6/site-packages/airflow/example_dags/example_xcom.py
[2022-07-10 09:04:26,372] {logging_mixin.py:104} INFO - [2022-07-10 09:04:26,372] {dag.py:1824} INFO - Sync 1 DAGs
[2022-07-10 09:04:26,382] {logging_mixin.py:104} INFO - [2022-07-10 09:04:26,382] {dag.py:2280} INFO - Setting next_dagrun for example_xcom to 2022-07-08 00:00:00+00:00
[2022-07-10 09:04:26,388] {scheduler_job.py:190} INFO - Processing /home/airflow/.local/lib/python3.6/site-packages/airflow/example_dags/example_xcom.py took 0.036 seconds
[2022-07-10 09:04:57,172] {scheduler_job.py:182} INFO - Started process (PID=119) to work on /home/airflow/.local/lib/python3.6/site-packages/airflow/example_dags/example_xcom.py
[2022-07-10 09:04:57,173] {scheduler_job.py:629} INFO - Processing file /home/airflow/.local/lib/python3.6/site-packages/airflow/example_dags/example_xcom.py for tasks to queue
[2022-07-10 09:04:57,173] {logging_mixin.py:104} INFO - [2022-07-10 09:04:57,173] {dagbag.py:451} INFO - Filling up the DagBag from /home/airflow/.local/lib/python3.6/site-packages/airflow/example_dags/example_xcom.py
[2022-07-10 09:04:57,180] {scheduler_job.py:639} INFO - DAG(s) dict_keys(['example_xcom']) retrieved from /home/airflow/.local/lib/python3.6/site-packages/airflow/example_dags/example_xcom.py
[2022-07-10 09:04:57,193] {logging_mixin.py:104} INFO - [2022-07-10 09:04:57,192] {dag.py:1824} INFO - Sync 1 DAGs
[2022-07-10 09:04:57,203] {logging_mixin.py:104} INFO - [2022-07-10 09:04:57,203] {dag.py:2280} INFO - Setting next_dagrun for example_xcom to 2022-07-08 00:00:00+00:00
[2022-07-10 09:04:57,210] {scheduler_job.py:190} INFO - Processing /home/airflow/.local/lib/python3.6/site-packages/airflow/example_dags/example_xcom.py took 0.039 seconds
[2022-07-10 09:05:28,014] {scheduler_job.py:182} INFO - Started process (PID=145) to work on /home/airflow/.local/lib/python3.6/site-packages/airflow/example_dags/example_xcom.py
[2022-07-10 09:05:28,014] {scheduler_job.py:629} INFO - Processing file /home/airflow/.local/lib/python3.6/site-packages/airflow/example_dags/example_xcom.py for tasks to queue
[2022-07-10 09:05:28,015] {logging_mixin.py:104} INFO - [2022-07-10 09:05:28,015] {dagbag.py:451} INFO - Filling up the DagBag from /home/airflow/.local/lib/python3.6/site-packages/airflow/example_dags/example_xcom.py
[2022-07-10 09:05:28,022] {scheduler_job.py:639} INFO - DAG(s) dict_keys(['example_xcom']) retrieved from /home/airflow/.local/lib/python3.6/site-packages/airflow/example_dags/example_xcom.py
[2022-07-10 09:05:28,036] {logging_mixin.py:104} INFO - [2022-07-10 09:05:28,036] {dag.py:1824} INFO - Sync 1 DAGs
[2022-07-10 09:05:28,051] {logging_mixin.py:104} INFO - [2022-07-10 09:05:28,051] {dag.py:2280} INFO - Setting next_dagrun for example_xcom to 2022-07-08 00:00:00+00:00
[2022-07-10 09:05:28,057] {scheduler_job.py:190} INFO - Processing /home/airflow/.local/lib/python3.6/site-packages/airflow/example_dags/example_xcom.py took 0.045 seconds
[2022-07-10 09:05:58,845] {scheduler_job.py:182} INFO - Started process (PID=171) to work on /home/airflow/.local/lib/python3.6/site-packages/airflow/example_dags/example_xcom.py
[2022-07-10 09:05:58,846] {scheduler_job.py:629} INFO - Processing file /home/airflow/.local/lib/python3.6/site-packages/airflow/example_dags/example_xcom.py for tasks to queue
[2022-07-10 09:05:58,846] {logging_mixin.py:104} INFO - [2022-07-10 09:05:58,846] {dagbag.py:451} INFO - Filling up the DagBag from /home/airflow/.local/lib/python3.6/site-packages/airflow/example_dags/example_xcom.py
[2022-07-10 09:05:58,853] {scheduler_job.py:639} INFO - DAG(s) dict_keys(['example_xcom']) retrieved from /home/airflow/.local/lib/python3.6/site-packages/airflow/example_dags/example_xcom.py
[2022-07-10 09:05:58,865] {logging_mixin.py:104} INFO - [2022-07-10 09:05:58,865] {dag.py:1824} INFO - Sync 1 DAGs
[2022-07-10 09:05:58,875] {logging_mixin.py:104} INFO - [2022-07-10 09:05:58,875] {dag.py:2280} INFO - Setting next_dagrun for example_xcom to 2022-07-08 00:00:00+00:00
[2022-07-10 09:05:58,882] {scheduler_job.py:190} INFO - Processing /home/airflow/.local/lib/python3.6/site-packages/airflow/example_dags/example_xcom.py took 0.038 seconds
[2022-07-10 09:06:29,645] {scheduler_job.py:182} INFO - Started process (PID=197) to work on /home/airflow/.local/lib/python3.6/site-packages/airflow/example_dags/example_xcom.py
[2022-07-10 09:06:29,646] {scheduler_job.py:629} INFO - Processing file /home/airflow/.local/lib/python3.6/site-packages/airflow/example_dags/example_xcom.py for tasks to queue
[2022-07-10 09:06:29,646] {logging_mixin.py:104} INFO - [2022-07-10 09:06:29,646] {dagbag.py:451} INFO - Filling up the DagBag from /home/airflow/.local/lib/python3.6/site-packages/airflow/example_dags/example_xcom.py
[2022-07-10 09:06:29,653] {scheduler_job.py:639} INFO - DAG(s) dict_keys(['example_xcom']) retrieved from /home/airflow/.local/lib/python3.6/site-packages/airflow/example_dags/example_xcom.py
[2022-07-10 09:06:29,666] {logging_mixin.py:104} INFO - [2022-07-10 09:06:29,666] {dag.py:1824} INFO - Sync 1 DAGs
[2022-07-10 09:06:29,675] {logging_mixin.py:104} INFO - [2022-07-10 09:06:29,675] {dag.py:2280} INFO - Setting next_dagrun for example_xcom to 2022-07-08 00:00:00+00:00
[2022-07-10 09:06:29,681] {scheduler_job.py:190} INFO - Processing /home/airflow/.local/lib/python3.6/site-packages/airflow/example_dags/example_xcom.py took 0.037 seconds
[2022-07-10 09:07:00,481] {scheduler_job.py:182} INFO - Started process (PID=223) to work on /home/airflow/.local/lib/python3.6/site-packages/airflow/example_dags/example_xcom.py
[2022-07-10 09:07:00,482] {scheduler_job.py:629} INFO - Processing file /home/airflow/.local/lib/python3.6/site-packages/airflow/example_dags/example_xcom.py for tasks to queue
[2022-07-10 09:07:00,482] {logging_mixin.py:104} INFO - [2022-07-10 09:07:00,482] {dagbag.py:451} INFO - Filling up the DagBag from /home/airflow/.local/lib/python3.6/site-packages/airflow/example_dags/example_xcom.py
[2022-07-10 09:07:00,489] {scheduler_job.py:639} INFO - DAG(s) dict_keys(['example_xcom']) retrieved from /home/airflow/.local/lib/python3.6/site-packages/airflow/example_dags/example_xcom.py
[2022-07-10 09:07:00,502] {logging_mixin.py:104} INFO - [2022-07-10 09:07:00,502] {dag.py:1824} INFO - Sync 1 DAGs
[2022-07-10 09:07:00,510] {logging_mixin.py:104} INFO - [2022-07-10 09:07:00,510] {dag.py:2280} INFO - Setting next_dagrun for example_xcom to 2022-07-08 00:00:00+00:00
[2022-07-10 09:07:00,516] {scheduler_job.py:190} INFO - Processing /home/airflow/.local/lib/python3.6/site-packages/airflow/example_dags/example_xcom.py took 0.037 seconds
[2022-07-10 09:07:31,270] {scheduler_job.py:182} INFO - Started process (PID=249) to work on /home/airflow/.local/lib/python3.6/site-packages/airflow/example_dags/example_xcom.py
[2022-07-10 09:07:31,271] {scheduler_job.py:629} INFO - Processing file /home/airflow/.local/lib/python3.6/site-packages/airflow/example_dags/example_xcom.py for tasks to queue
[2022-07-10 09:07:31,271] {logging_mixin.py:104} INFO - [2022-07-10 09:07:31,271] {dagbag.py:451} INFO - Filling up the DagBag from /home/airflow/.local/lib/python3.6/site-packages/airflow/example_dags/example_xcom.py
[2022-07-10 09:07:31,278] {scheduler_job.py:639} INFO - DAG(s) dict_keys(['example_xcom']) retrieved from /home/airflow/.local/lib/python3.6/site-packages/airflow/example_dags/example_xcom.py
[2022-07-10 09:07:31,293] {logging_mixin.py:104} INFO - [2022-07-10 09:07:31,292] {dag.py:1824} INFO - Sync 1 DAGs
[2022-07-10 09:07:31,302] {logging_mixin.py:104} INFO - [2022-07-10 09:07:31,302] {dag.py:2280} INFO - Setting next_dagrun for example_xcom to 2022-07-08 00:00:00+00:00
[2022-07-10 09:07:31,308] {scheduler_job.py:190} INFO - Processing /home/airflow/.local/lib/python3.6/site-packages/airflow/example_dags/example_xcom.py took 0.039 seconds
[2022-07-10 09:08:02,062] {scheduler_job.py:182} INFO - Started process (PID=275) to work on /home/airflow/.local/lib/python3.6/site-packages/airflow/example_dags/example_xcom.py
[2022-07-10 09:08:02,063] {scheduler_job.py:629} INFO - Processing file /home/airflow/.local/lib/python3.6/site-packages/airflow/example_dags/example_xcom.py for tasks to queue
[2022-07-10 09:08:02,063] {logging_mixin.py:104} INFO - [2022-07-10 09:08:02,063] {dagbag.py:451} INFO - Filling up the DagBag from /home/airflow/.local/lib/python3.6/site-packages/airflow/example_dags/example_xcom.py
[2022-07-10 09:08:02,070] {scheduler_job.py:639} INFO - DAG(s) dict_keys(['example_xcom']) retrieved from /home/airflow/.local/lib/python3.6/site-packages/airflow/example_dags/example_xcom.py
[2022-07-10 09:08:02,084] {logging_mixin.py:104} INFO - [2022-07-10 09:08:02,084] {dag.py:1824} INFO - Sync 1 DAGs
[2022-07-10 09:08:02,093] {logging_mixin.py:104} INFO - [2022-07-10 09:08:02,093] {dag.py:2280} INFO - Setting next_dagrun for example_xcom to 2022-07-08 00:00:00+00:00
[2022-07-10 09:08:02,099] {scheduler_job.py:190} INFO - Processing /home/airflow/.local/lib/python3.6/site-packages/airflow/example_dags/example_xcom.py took 0.039 seconds
[2022-07-10 09:08:32,991] {scheduler_job.py:182} INFO - Started process (PID=301) to work on /home/airflow/.local/lib/python3.6/site-packages/airflow/example_dags/example_xcom.py
[2022-07-10 09:08:32,992] {scheduler_job.py:629} INFO - Processing file /home/airflow/.local/lib/python3.6/site-packages/airflow/example_dags/example_xcom.py for tasks to queue
[2022-07-10 09:08:32,992] {logging_mixin.py:104} INFO - [2022-07-10 09:08:32,992] {dagbag.py:451} INFO - Filling up the DagBag from /home/airflow/.local/lib/python3.6/site-packages/airflow/example_dags/example_xcom.py
[2022-07-10 09:08:33,000] {scheduler_job.py:639} INFO - DAG(s) dict_keys(['example_xcom']) retrieved from /home/airflow/.local/lib/python3.6/site-packages/airflow/example_dags/example_xcom.py
[2022-07-10 09:08:33,013] {logging_mixin.py:104} INFO - [2022-07-10 09:08:33,013] {dag.py:1824} INFO - Sync 1 DAGs
[2022-07-10 09:08:33,022] {logging_mixin.py:104} INFO - [2022-07-10 09:08:33,022] {dag.py:2280} INFO - Setting next_dagrun for example_xcom to 2022-07-08 00:00:00+00:00
[2022-07-10 09:08:33,028] {scheduler_job.py:190} INFO - Processing /home/airflow/.local/lib/python3.6/site-packages/airflow/example_dags/example_xcom.py took 0.038 seconds
[2022-07-10 09:09:04,177] {scheduler_job.py:182} INFO - Started process (PID=327) to work on /home/airflow/.local/lib/python3.6/site-packages/airflow/example_dags/example_xcom.py
[2022-07-10 09:09:04,178] {scheduler_job.py:629} INFO - Processing file /home/airflow/.local/lib/python3.6/site-packages/airflow/example_dags/example_xcom.py for tasks to queue
[2022-07-10 09:09:04,178] {logging_mixin.py:104} INFO - [2022-07-10 09:09:04,178] {dagbag.py:451} INFO - Filling up the DagBag from /home/airflow/.local/lib/python3.6/site-packages/airflow/example_dags/example_xcom.py
[2022-07-10 09:09:04,187] {scheduler_job.py:639} INFO - DAG(s) dict_keys(['example_xcom']) retrieved from /home/airflow/.local/lib/python3.6/site-packages/airflow/example_dags/example_xcom.py
[2022-07-10 09:09:04,200] {logging_mixin.py:104} INFO - [2022-07-10 09:09:04,200] {dag.py:1824} INFO - Sync 1 DAGs
[2022-07-10 09:09:04,209] {logging_mixin.py:104} INFO - [2022-07-10 09:09:04,209] {dag.py:2280} INFO - Setting next_dagrun for example_xcom to 2022-07-08 00:00:00+00:00
[2022-07-10 09:09:04,216] {scheduler_job.py:190} INFO - Processing /home/airflow/.local/lib/python3.6/site-packages/airflow/example_dags/example_xcom.py took 0.040 seconds
[2022-07-10 09:09:34,993] {scheduler_job.py:182} INFO - Started process (PID=353) to work on /home/airflow/.local/lib/python3.6/site-packages/airflow/example_dags/example_xcom.py
[2022-07-10 09:09:34,994] {scheduler_job.py:629} INFO - Processing file /home/airflow/.local/lib/python3.6/site-packages/airflow/example_dags/example_xcom.py for tasks to queue
[2022-07-10 09:09:34,995] {logging_mixin.py:104} INFO - [2022-07-10 09:09:34,995] {dagbag.py:451} INFO - Filling up the DagBag from /home/airflow/.local/lib/python3.6/site-packages/airflow/example_dags/example_xcom.py
[2022-07-10 09:09:35,004] {scheduler_job.py:639} INFO - DAG(s) dict_keys(['example_xcom']) retrieved from /home/airflow/.local/lib/python3.6/site-packages/airflow/example_dags/example_xcom.py
[2022-07-10 09:09:35,016] {logging_mixin.py:104} INFO - [2022-07-10 09:09:35,016] {dag.py:1824} INFO - Sync 1 DAGs
[2022-07-10 09:09:35,025] {logging_mixin.py:104} INFO - [2022-07-10 09:09:35,025] {dag.py:2280} INFO - Setting next_dagrun for example_xcom to 2022-07-08 00:00:00+00:00
[2022-07-10 09:09:35,032] {scheduler_job.py:190} INFO - Processing /home/airflow/.local/lib/python3.6/site-packages/airflow/example_dags/example_xcom.py took 0.040 seconds
[2022-07-10 09:10:05,727] {scheduler_job.py:182} INFO - Started process (PID=379) to work on /home/airflow/.local/lib/python3.6/site-packages/airflow/example_dags/example_xcom.py
[2022-07-10 09:10:05,728] {scheduler_job.py:629} INFO - Processing file /home/airflow/.local/lib/python3.6/site-packages/airflow/example_dags/example_xcom.py for tasks to queue
[2022-07-10 09:10:05,728] {logging_mixin.py:104} INFO - [2022-07-10 09:10:05,728] {dagbag.py:451} INFO - Filling up the DagBag from /home/airflow/.local/lib/python3.6/site-packages/airflow/example_dags/example_xcom.py
[2022-07-10 09:10:05,736] {scheduler_job.py:639} INFO - DAG(s) dict_keys(['example_xcom']) retrieved from /home/airflow/.local/lib/python3.6/site-packages/airflow/example_dags/example_xcom.py
[2022-07-10 09:10:05,748] {logging_mixin.py:104} INFO - [2022-07-10 09:10:05,748] {dag.py:1824} INFO - Sync 1 DAGs
[2022-07-10 09:10:05,756] {logging_mixin.py:104} INFO - [2022-07-10 09:10:05,756] {dag.py:2280} INFO - Setting next_dagrun for example_xcom to 2022-07-08 00:00:00+00:00
[2022-07-10 09:10:05,762] {scheduler_job.py:190} INFO - Processing /home/airflow/.local/lib/python3.6/site-packages/airflow/example_dags/example_xcom.py took 0.037 seconds
[2022-07-10 09:10:36,661] {scheduler_job.py:182} INFO - Started process (PID=405) to work on /home/airflow/.local/lib/python3.6/site-packages/airflow/example_dags/example_xcom.py
[2022-07-10 09:10:36,662] {scheduler_job.py:629} INFO - Processing file /home/airflow/.local/lib/python3.6/site-packages/airflow/example_dags/example_xcom.py for tasks to queue
[2022-07-10 09:10:36,662] {logging_mixin.py:104} INFO - [2022-07-10 09:10:36,662] {dagbag.py:451} INFO - Filling up the DagBag from /home/airflow/.local/lib/python3.6/site-packages/airflow/example_dags/example_xcom.py
[2022-07-10 09:10:36,670] {scheduler_job.py:639} INFO - DAG(s) dict_keys(['example_xcom']) retrieved from /home/airflow/.local/lib/python3.6/site-packages/airflow/example_dags/example_xcom.py
[2022-07-10 09:10:36,683] {logging_mixin.py:104} INFO - [2022-07-10 09:10:36,683] {dag.py:1824} INFO - Sync 1 DAGs
[2022-07-10 09:10:36,693] {logging_mixin.py:104} INFO - [2022-07-10 09:10:36,693] {dag.py:2280} INFO - Setting next_dagrun for example_xcom to 2022-07-08 00:00:00+00:00
[2022-07-10 09:10:36,699] {scheduler_job.py:190} INFO - Processing /home/airflow/.local/lib/python3.6/site-packages/airflow/example_dags/example_xcom.py took 0.040 seconds
[2022-07-10 09:11:07,453] {scheduler_job.py:182} INFO - Started process (PID=431) to work on /home/airflow/.local/lib/python3.6/site-packages/airflow/example_dags/example_xcom.py
[2022-07-10 09:11:07,456] {scheduler_job.py:629} INFO - Processing file /home/airflow/.local/lib/python3.6/site-packages/airflow/example_dags/example_xcom.py for tasks to queue
[2022-07-10 09:11:07,456] {logging_mixin.py:104} INFO - [2022-07-10 09:11:07,456] {dagbag.py:451} INFO - Filling up the DagBag from /home/airflow/.local/lib/python3.6/site-packages/airflow/example_dags/example_xcom.py
[2022-07-10 09:11:07,462] {scheduler_job.py:639} INFO - DAG(s) dict_keys(['example_xcom']) retrieved from /home/airflow/.local/lib/python3.6/site-packages/airflow/example_dags/example_xcom.py
[2022-07-10 09:11:07,474] {logging_mixin.py:104} INFO - [2022-07-10 09:11:07,474] {dag.py:1824} INFO - Sync 1 DAGs
[2022-07-10 09:11:07,483] {logging_mixin.py:104} INFO - [2022-07-10 09:11:07,483] {dag.py:2280} INFO - Setting next_dagrun for example_xcom to 2022-07-08 00:00:00+00:00
[2022-07-10 09:11:07,489] {scheduler_job.py:190} INFO - Processing /home/airflow/.local/lib/python3.6/site-packages/airflow/example_dags/example_xcom.py took 0.037 seconds
[2022-07-10 09:11:38,278] {scheduler_job.py:182} INFO - Started process (PID=457) to work on /home/airflow/.local/lib/python3.6/site-packages/airflow/example_dags/example_xcom.py
[2022-07-10 09:11:38,278] {scheduler_job.py:629} INFO - Processing file /home/airflow/.local/lib/python3.6/site-packages/airflow/example_dags/example_xcom.py for tasks to queue
[2022-07-10 09:11:38,279] {logging_mixin.py:104} INFO - [2022-07-10 09:11:38,279] {dagbag.py:451} INFO - Filling up the DagBag from /home/airflow/.local/lib/python3.6/site-packages/airflow/example_dags/example_xcom.py
[2022-07-10 09:11:38,285] {scheduler_job.py:639} INFO - DAG(s) dict_keys(['example_xcom']) retrieved from /home/airflow/.local/lib/python3.6/site-packages/airflow/example_dags/example_xcom.py
[2022-07-10 09:11:38,297] {logging_mixin.py:104} INFO - [2022-07-10 09:11:38,297] {dag.py:1824} INFO - Sync 1 DAGs
[2022-07-10 09:11:38,306] {logging_mixin.py:104} INFO - [2022-07-10 09:11:38,306] {dag.py:2280} INFO - Setting next_dagrun for example_xcom to 2022-07-08 00:00:00+00:00
[2022-07-10 09:11:38,312] {scheduler_job.py:190} INFO - Processing /home/airflow/.local/lib/python3.6/site-packages/airflow/example_dags/example_xcom.py took 0.036 seconds
[2022-07-10 09:12:08,988] {scheduler_job.py:182} INFO - Started process (PID=483) to work on /home/airflow/.local/lib/python3.6/site-packages/airflow/example_dags/example_xcom.py
[2022-07-10 09:12:08,989] {scheduler_job.py:629} INFO - Processing file /home/airflow/.local/lib/python3.6/site-packages/airflow/example_dags/example_xcom.py for tasks to queue
[2022-07-10 09:12:08,989] {logging_mixin.py:104} INFO - [2022-07-10 09:12:08,989] {dagbag.py:451} INFO - Filling up the DagBag from /home/airflow/.local/lib/python3.6/site-packages/airflow/example_dags/example_xcom.py
[2022-07-10 09:12:08,996] {scheduler_job.py:639} INFO - DAG(s) dict_keys(['example_xcom']) retrieved from /home/airflow/.local/lib/python3.6/site-packages/airflow/example_dags/example_xcom.py
[2022-07-10 09:12:09,009] {logging_mixin.py:104} INFO - [2022-07-10 09:12:09,009] {dag.py:1824} INFO - Sync 1 DAGs
[2022-07-10 09:12:09,020] {logging_mixin.py:104} INFO - [2022-07-10 09:12:09,020] {dag.py:2280} INFO - Setting next_dagrun for example_xcom to 2022-07-08 00:00:00+00:00
[2022-07-10 09:12:09,027] {scheduler_job.py:190} INFO - Processing /home/airflow/.local/lib/python3.6/site-packages/airflow/example_dags/example_xcom.py took 0.041 seconds
