[2022-07-10 08:32:42,214] {scheduler_job.py:182} INFO - Started process (PID=65) to work on /home/airflow/.local/lib/python3.6/site-packages/airflow/example_dags/example_branch_operator.py
[2022-07-10 08:32:42,215] {scheduler_job.py:629} INFO - Processing file /home/airflow/.local/lib/python3.6/site-packages/airflow/example_dags/example_branch_operator.py for tasks to queue
[2022-07-10 08:32:42,216] {logging_mixin.py:104} INFO - [2022-07-10 08:32:42,216] {dagbag.py:451} INFO - Filling up the DagBag from /home/airflow/.local/lib/python3.6/site-packages/airflow/example_dags/example_branch_operator.py
[2022-07-10 08:32:42,232] {scheduler_job.py:639} INFO - DAG(s) dict_keys(['example_branch_operator']) retrieved from /home/airflow/.local/lib/python3.6/site-packages/airflow/example_dags/example_branch_operator.py
[2022-07-10 08:32:42,257] {logging_mixin.py:104} INFO - [2022-07-10 08:32:42,257] {dag.py:1824} INFO - Sync 1 DAGs
[2022-07-10 08:32:42,265] {logging_mixin.py:104} INFO - [2022-07-10 08:32:42,264] {dag.py:1843} INFO - Creating ORM DAG for example_branch_operator
[2022-07-10 08:32:42,273] {logging_mixin.py:104} INFO - [2022-07-10 08:32:42,273] {dag.py:2280} INFO - Setting next_dagrun for example_branch_operator to 2022-07-08 00:00:00+00:00
[2022-07-10 08:32:42,285] {scheduler_job.py:190} INFO - Processing /home/airflow/.local/lib/python3.6/site-packages/airflow/example_dags/example_branch_operator.py took 0.073 seconds
[2022-07-10 08:33:13,087] {scheduler_job.py:182} INFO - Started process (PID=91) to work on /home/airflow/.local/lib/python3.6/site-packages/airflow/example_dags/example_branch_operator.py
[2022-07-10 08:33:13,088] {scheduler_job.py:629} INFO - Processing file /home/airflow/.local/lib/python3.6/site-packages/airflow/example_dags/example_branch_operator.py for tasks to queue
[2022-07-10 08:33:13,088] {logging_mixin.py:104} INFO - [2022-07-10 08:33:13,088] {dagbag.py:451} INFO - Filling up the DagBag from /home/airflow/.local/lib/python3.6/site-packages/airflow/example_dags/example_branch_operator.py
[2022-07-10 08:33:13,096] {scheduler_job.py:639} INFO - DAG(s) dict_keys(['example_branch_operator']) retrieved from /home/airflow/.local/lib/python3.6/site-packages/airflow/example_dags/example_branch_operator.py
[2022-07-10 08:33:13,108] {logging_mixin.py:104} INFO - [2022-07-10 08:33:13,108] {dag.py:1824} INFO - Sync 1 DAGs
[2022-07-10 08:33:13,123] {logging_mixin.py:104} INFO - [2022-07-10 08:33:13,123] {dag.py:2280} INFO - Setting next_dagrun for example_branch_operator to 2022-07-08 00:00:00+00:00
[2022-07-10 08:33:13,129] {scheduler_job.py:190} INFO - Processing /home/airflow/.local/lib/python3.6/site-packages/airflow/example_dags/example_branch_operator.py took 0.044 seconds
[2022-07-10 08:33:43,918] {scheduler_job.py:182} INFO - Started process (PID=117) to work on /home/airflow/.local/lib/python3.6/site-packages/airflow/example_dags/example_branch_operator.py
[2022-07-10 08:33:43,919] {scheduler_job.py:629} INFO - Processing file /home/airflow/.local/lib/python3.6/site-packages/airflow/example_dags/example_branch_operator.py for tasks to queue
[2022-07-10 08:33:43,920] {logging_mixin.py:104} INFO - [2022-07-10 08:33:43,920] {dagbag.py:451} INFO - Filling up the DagBag from /home/airflow/.local/lib/python3.6/site-packages/airflow/example_dags/example_branch_operator.py
[2022-07-10 08:33:43,929] {scheduler_job.py:639} INFO - DAG(s) dict_keys(['example_branch_operator']) retrieved from /home/airflow/.local/lib/python3.6/site-packages/airflow/example_dags/example_branch_operator.py
[2022-07-10 08:33:43,941] {logging_mixin.py:104} INFO - [2022-07-10 08:33:43,941] {dag.py:1824} INFO - Sync 1 DAGs
[2022-07-10 08:33:43,958] {logging_mixin.py:104} INFO - [2022-07-10 08:33:43,958] {dag.py:2280} INFO - Setting next_dagrun for example_branch_operator to 2022-07-08 00:00:00+00:00
[2022-07-10 08:33:43,964] {scheduler_job.py:190} INFO - Processing /home/airflow/.local/lib/python3.6/site-packages/airflow/example_dags/example_branch_operator.py took 0.048 seconds
[2022-07-10 08:34:14,726] {scheduler_job.py:182} INFO - Started process (PID=143) to work on /home/airflow/.local/lib/python3.6/site-packages/airflow/example_dags/example_branch_operator.py
[2022-07-10 08:34:14,727] {scheduler_job.py:629} INFO - Processing file /home/airflow/.local/lib/python3.6/site-packages/airflow/example_dags/example_branch_operator.py for tasks to queue
[2022-07-10 08:34:14,727] {logging_mixin.py:104} INFO - [2022-07-10 08:34:14,727] {dagbag.py:451} INFO - Filling up the DagBag from /home/airflow/.local/lib/python3.6/site-packages/airflow/example_dags/example_branch_operator.py
[2022-07-10 08:34:14,736] {scheduler_job.py:639} INFO - DAG(s) dict_keys(['example_branch_operator']) retrieved from /home/airflow/.local/lib/python3.6/site-packages/airflow/example_dags/example_branch_operator.py
[2022-07-10 08:34:14,749] {logging_mixin.py:104} INFO - [2022-07-10 08:34:14,749] {dag.py:1824} INFO - Sync 1 DAGs
[2022-07-10 08:34:14,761] {logging_mixin.py:104} INFO - [2022-07-10 08:34:14,761] {dag.py:2280} INFO - Setting next_dagrun for example_branch_operator to 2022-07-08 00:00:00+00:00
[2022-07-10 08:34:14,767] {scheduler_job.py:190} INFO - Processing /home/airflow/.local/lib/python3.6/site-packages/airflow/example_dags/example_branch_operator.py took 0.043 seconds
[2022-07-10 08:34:45,596] {scheduler_job.py:182} INFO - Started process (PID=169) to work on /home/airflow/.local/lib/python3.6/site-packages/airflow/example_dags/example_branch_operator.py
[2022-07-10 08:34:45,597] {scheduler_job.py:629} INFO - Processing file /home/airflow/.local/lib/python3.6/site-packages/airflow/example_dags/example_branch_operator.py for tasks to queue
[2022-07-10 08:34:45,597] {logging_mixin.py:104} INFO - [2022-07-10 08:34:45,597] {dagbag.py:451} INFO - Filling up the DagBag from /home/airflow/.local/lib/python3.6/site-packages/airflow/example_dags/example_branch_operator.py
[2022-07-10 08:34:45,607] {scheduler_job.py:639} INFO - DAG(s) dict_keys(['example_branch_operator']) retrieved from /home/airflow/.local/lib/python3.6/site-packages/airflow/example_dags/example_branch_operator.py
[2022-07-10 08:34:45,622] {logging_mixin.py:104} INFO - [2022-07-10 08:34:45,622] {dag.py:1824} INFO - Sync 1 DAGs
[2022-07-10 08:34:45,634] {logging_mixin.py:104} INFO - [2022-07-10 08:34:45,634] {dag.py:2280} INFO - Setting next_dagrun for example_branch_operator to 2022-07-08 00:00:00+00:00
[2022-07-10 08:34:45,641] {scheduler_job.py:190} INFO - Processing /home/airflow/.local/lib/python3.6/site-packages/airflow/example_dags/example_branch_operator.py took 0.047 seconds
[2022-07-10 08:35:16,341] {scheduler_job.py:182} INFO - Started process (PID=195) to work on /home/airflow/.local/lib/python3.6/site-packages/airflow/example_dags/example_branch_operator.py
[2022-07-10 08:35:16,342] {scheduler_job.py:629} INFO - Processing file /home/airflow/.local/lib/python3.6/site-packages/airflow/example_dags/example_branch_operator.py for tasks to queue
[2022-07-10 08:35:16,342] {logging_mixin.py:104} INFO - [2022-07-10 08:35:16,342] {dagbag.py:451} INFO - Filling up the DagBag from /home/airflow/.local/lib/python3.6/site-packages/airflow/example_dags/example_branch_operator.py
[2022-07-10 08:35:16,352] {scheduler_job.py:639} INFO - DAG(s) dict_keys(['example_branch_operator']) retrieved from /home/airflow/.local/lib/python3.6/site-packages/airflow/example_dags/example_branch_operator.py
[2022-07-10 08:35:16,367] {logging_mixin.py:104} INFO - [2022-07-10 08:35:16,367] {dag.py:1824} INFO - Sync 1 DAGs
[2022-07-10 08:35:16,380] {logging_mixin.py:104} INFO - [2022-07-10 08:35:16,380] {dag.py:2280} INFO - Setting next_dagrun for example_branch_operator to 2022-07-08 00:00:00+00:00
[2022-07-10 08:35:16,387] {scheduler_job.py:190} INFO - Processing /home/airflow/.local/lib/python3.6/site-packages/airflow/example_dags/example_branch_operator.py took 0.047 seconds
[2022-07-10 08:35:47,091] {scheduler_job.py:182} INFO - Started process (PID=221) to work on /home/airflow/.local/lib/python3.6/site-packages/airflow/example_dags/example_branch_operator.py
[2022-07-10 08:35:47,091] {scheduler_job.py:629} INFO - Processing file /home/airflow/.local/lib/python3.6/site-packages/airflow/example_dags/example_branch_operator.py for tasks to queue
[2022-07-10 08:35:47,092] {logging_mixin.py:104} INFO - [2022-07-10 08:35:47,092] {dagbag.py:451} INFO - Filling up the DagBag from /home/airflow/.local/lib/python3.6/site-packages/airflow/example_dags/example_branch_operator.py
[2022-07-10 08:35:47,101] {scheduler_job.py:639} INFO - DAG(s) dict_keys(['example_branch_operator']) retrieved from /home/airflow/.local/lib/python3.6/site-packages/airflow/example_dags/example_branch_operator.py
[2022-07-10 08:35:47,114] {logging_mixin.py:104} INFO - [2022-07-10 08:35:47,114] {dag.py:1824} INFO - Sync 1 DAGs
[2022-07-10 08:35:47,127] {logging_mixin.py:104} INFO - [2022-07-10 08:35:47,127] {dag.py:2280} INFO - Setting next_dagrun for example_branch_operator to 2022-07-08 00:00:00+00:00
[2022-07-10 08:35:47,133] {scheduler_job.py:190} INFO - Processing /home/airflow/.local/lib/python3.6/site-packages/airflow/example_dags/example_branch_operator.py took 0.045 seconds
[2022-07-10 08:36:17,959] {scheduler_job.py:182} INFO - Started process (PID=247) to work on /home/airflow/.local/lib/python3.6/site-packages/airflow/example_dags/example_branch_operator.py
[2022-07-10 08:36:17,959] {scheduler_job.py:629} INFO - Processing file /home/airflow/.local/lib/python3.6/site-packages/airflow/example_dags/example_branch_operator.py for tasks to queue
[2022-07-10 08:36:17,960] {logging_mixin.py:104} INFO - [2022-07-10 08:36:17,960] {dagbag.py:451} INFO - Filling up the DagBag from /home/airflow/.local/lib/python3.6/site-packages/airflow/example_dags/example_branch_operator.py
[2022-07-10 08:36:17,968] {scheduler_job.py:639} INFO - DAG(s) dict_keys(['example_branch_operator']) retrieved from /home/airflow/.local/lib/python3.6/site-packages/airflow/example_dags/example_branch_operator.py
[2022-07-10 08:36:17,982] {logging_mixin.py:104} INFO - [2022-07-10 08:36:17,982] {dag.py:1824} INFO - Sync 1 DAGs
[2022-07-10 08:36:17,996] {logging_mixin.py:104} INFO - [2022-07-10 08:36:17,996] {dag.py:2280} INFO - Setting next_dagrun for example_branch_operator to 2022-07-08 00:00:00+00:00
[2022-07-10 08:36:18,002] {scheduler_job.py:190} INFO - Processing /home/airflow/.local/lib/python3.6/site-packages/airflow/example_dags/example_branch_operator.py took 0.045 seconds
[2022-07-10 08:36:48,980] {scheduler_job.py:182} INFO - Started process (PID=273) to work on /home/airflow/.local/lib/python3.6/site-packages/airflow/example_dags/example_branch_operator.py
[2022-07-10 08:36:48,981] {scheduler_job.py:629} INFO - Processing file /home/airflow/.local/lib/python3.6/site-packages/airflow/example_dags/example_branch_operator.py for tasks to queue
[2022-07-10 08:36:48,981] {logging_mixin.py:104} INFO - [2022-07-10 08:36:48,981] {dagbag.py:451} INFO - Filling up the DagBag from /home/airflow/.local/lib/python3.6/site-packages/airflow/example_dags/example_branch_operator.py
[2022-07-10 08:36:48,994] {scheduler_job.py:639} INFO - DAG(s) dict_keys(['example_branch_operator']) retrieved from /home/airflow/.local/lib/python3.6/site-packages/airflow/example_dags/example_branch_operator.py
[2022-07-10 08:36:49,007] {logging_mixin.py:104} INFO - [2022-07-10 08:36:49,007] {dag.py:1824} INFO - Sync 1 DAGs
[2022-07-10 08:36:49,019] {logging_mixin.py:104} INFO - [2022-07-10 08:36:49,019] {dag.py:2280} INFO - Setting next_dagrun for example_branch_operator to 2022-07-08 00:00:00+00:00
[2022-07-10 08:36:49,026] {scheduler_job.py:190} INFO - Processing /home/airflow/.local/lib/python3.6/site-packages/airflow/example_dags/example_branch_operator.py took 0.048 seconds
[2022-07-10 08:37:19,730] {scheduler_job.py:182} INFO - Started process (PID=299) to work on /home/airflow/.local/lib/python3.6/site-packages/airflow/example_dags/example_branch_operator.py
[2022-07-10 08:37:19,730] {scheduler_job.py:629} INFO - Processing file /home/airflow/.local/lib/python3.6/site-packages/airflow/example_dags/example_branch_operator.py for tasks to queue
[2022-07-10 08:37:19,731] {logging_mixin.py:104} INFO - [2022-07-10 08:37:19,731] {dagbag.py:451} INFO - Filling up the DagBag from /home/airflow/.local/lib/python3.6/site-packages/airflow/example_dags/example_branch_operator.py
[2022-07-10 08:37:19,743] {scheduler_job.py:639} INFO - DAG(s) dict_keys(['example_branch_operator']) retrieved from /home/airflow/.local/lib/python3.6/site-packages/airflow/example_dags/example_branch_operator.py
[2022-07-10 08:37:19,757] {logging_mixin.py:104} INFO - [2022-07-10 08:37:19,757] {dag.py:1824} INFO - Sync 1 DAGs
[2022-07-10 08:37:19,772] {logging_mixin.py:104} INFO - [2022-07-10 08:37:19,772] {dag.py:2280} INFO - Setting next_dagrun for example_branch_operator to 2022-07-08 00:00:00+00:00
[2022-07-10 08:37:19,779] {scheduler_job.py:190} INFO - Processing /home/airflow/.local/lib/python3.6/site-packages/airflow/example_dags/example_branch_operator.py took 0.051 seconds
[2022-07-10 08:37:50,688] {scheduler_job.py:182} INFO - Started process (PID=325) to work on /home/airflow/.local/lib/python3.6/site-packages/airflow/example_dags/example_branch_operator.py
[2022-07-10 08:37:50,689] {scheduler_job.py:629} INFO - Processing file /home/airflow/.local/lib/python3.6/site-packages/airflow/example_dags/example_branch_operator.py for tasks to queue
[2022-07-10 08:37:50,689] {logging_mixin.py:104} INFO - [2022-07-10 08:37:50,689] {dagbag.py:451} INFO - Filling up the DagBag from /home/airflow/.local/lib/python3.6/site-packages/airflow/example_dags/example_branch_operator.py
[2022-07-10 08:37:50,700] {scheduler_job.py:639} INFO - DAG(s) dict_keys(['example_branch_operator']) retrieved from /home/airflow/.local/lib/python3.6/site-packages/airflow/example_dags/example_branch_operator.py
[2022-07-10 08:37:50,714] {logging_mixin.py:104} INFO - [2022-07-10 08:37:50,714] {dag.py:1824} INFO - Sync 1 DAGs
[2022-07-10 08:37:50,728] {logging_mixin.py:104} INFO - [2022-07-10 08:37:50,728] {dag.py:2280} INFO - Setting next_dagrun for example_branch_operator to 2022-07-08 00:00:00+00:00
[2022-07-10 08:37:50,735] {scheduler_job.py:190} INFO - Processing /home/airflow/.local/lib/python3.6/site-packages/airflow/example_dags/example_branch_operator.py took 0.049 seconds
[2022-07-10 08:38:21,542] {scheduler_job.py:182} INFO - Started process (PID=351) to work on /home/airflow/.local/lib/python3.6/site-packages/airflow/example_dags/example_branch_operator.py
[2022-07-10 08:38:21,543] {scheduler_job.py:629} INFO - Processing file /home/airflow/.local/lib/python3.6/site-packages/airflow/example_dags/example_branch_operator.py for tasks to queue
[2022-07-10 08:38:21,544] {logging_mixin.py:104} INFO - [2022-07-10 08:38:21,543] {dagbag.py:451} INFO - Filling up the DagBag from /home/airflow/.local/lib/python3.6/site-packages/airflow/example_dags/example_branch_operator.py
[2022-07-10 08:38:21,554] {scheduler_job.py:639} INFO - DAG(s) dict_keys(['example_branch_operator']) retrieved from /home/airflow/.local/lib/python3.6/site-packages/airflow/example_dags/example_branch_operator.py
[2022-07-10 08:38:21,566] {logging_mixin.py:104} INFO - [2022-07-10 08:38:21,566] {dag.py:1824} INFO - Sync 1 DAGs
[2022-07-10 08:38:21,581] {logging_mixin.py:104} INFO - [2022-07-10 08:38:21,581] {dag.py:2280} INFO - Setting next_dagrun for example_branch_operator to 2022-07-08 00:00:00+00:00
[2022-07-10 08:38:21,590] {scheduler_job.py:190} INFO - Processing /home/airflow/.local/lib/python3.6/site-packages/airflow/example_dags/example_branch_operator.py took 0.050 seconds
[2022-07-10 08:38:52,492] {scheduler_job.py:182} INFO - Started process (PID=377) to work on /home/airflow/.local/lib/python3.6/site-packages/airflow/example_dags/example_branch_operator.py
[2022-07-10 08:38:52,493] {scheduler_job.py:629} INFO - Processing file /home/airflow/.local/lib/python3.6/site-packages/airflow/example_dags/example_branch_operator.py for tasks to queue
[2022-07-10 08:38:52,493] {logging_mixin.py:104} INFO - [2022-07-10 08:38:52,493] {dagbag.py:451} INFO - Filling up the DagBag from /home/airflow/.local/lib/python3.6/site-packages/airflow/example_dags/example_branch_operator.py
[2022-07-10 08:38:52,504] {scheduler_job.py:639} INFO - DAG(s) dict_keys(['example_branch_operator']) retrieved from /home/airflow/.local/lib/python3.6/site-packages/airflow/example_dags/example_branch_operator.py
[2022-07-10 08:38:52,516] {logging_mixin.py:104} INFO - [2022-07-10 08:38:52,516] {dag.py:1824} INFO - Sync 1 DAGs
[2022-07-10 08:38:52,528] {logging_mixin.py:104} INFO - [2022-07-10 08:38:52,528] {dag.py:2280} INFO - Setting next_dagrun for example_branch_operator to 2022-07-08 00:00:00+00:00
[2022-07-10 08:38:52,535] {scheduler_job.py:190} INFO - Processing /home/airflow/.local/lib/python3.6/site-packages/airflow/example_dags/example_branch_operator.py took 0.045 seconds
[2022-07-10 08:39:23,350] {scheduler_job.py:182} INFO - Started process (PID=403) to work on /home/airflow/.local/lib/python3.6/site-packages/airflow/example_dags/example_branch_operator.py
[2022-07-10 08:39:23,351] {scheduler_job.py:629} INFO - Processing file /home/airflow/.local/lib/python3.6/site-packages/airflow/example_dags/example_branch_operator.py for tasks to queue
[2022-07-10 08:39:23,351] {logging_mixin.py:104} INFO - [2022-07-10 08:39:23,351] {dagbag.py:451} INFO - Filling up the DagBag from /home/airflow/.local/lib/python3.6/site-packages/airflow/example_dags/example_branch_operator.py
[2022-07-10 08:39:23,362] {scheduler_job.py:639} INFO - DAG(s) dict_keys(['example_branch_operator']) retrieved from /home/airflow/.local/lib/python3.6/site-packages/airflow/example_dags/example_branch_operator.py
[2022-07-10 08:39:23,375] {logging_mixin.py:104} INFO - [2022-07-10 08:39:23,375] {dag.py:1824} INFO - Sync 1 DAGs
[2022-07-10 08:39:23,388] {logging_mixin.py:104} INFO - [2022-07-10 08:39:23,388] {dag.py:2280} INFO - Setting next_dagrun for example_branch_operator to 2022-07-08 00:00:00+00:00
[2022-07-10 08:39:23,396] {scheduler_job.py:190} INFO - Processing /home/airflow/.local/lib/python3.6/site-packages/airflow/example_dags/example_branch_operator.py took 0.048 seconds
[2022-07-10 08:39:54,174] {scheduler_job.py:182} INFO - Started process (PID=429) to work on /home/airflow/.local/lib/python3.6/site-packages/airflow/example_dags/example_branch_operator.py
[2022-07-10 08:39:54,177] {scheduler_job.py:629} INFO - Processing file /home/airflow/.local/lib/python3.6/site-packages/airflow/example_dags/example_branch_operator.py for tasks to queue
[2022-07-10 08:39:54,177] {logging_mixin.py:104} INFO - [2022-07-10 08:39:54,177] {dagbag.py:451} INFO - Filling up the DagBag from /home/airflow/.local/lib/python3.6/site-packages/airflow/example_dags/example_branch_operator.py
[2022-07-10 08:39:54,185] {scheduler_job.py:639} INFO - DAG(s) dict_keys(['example_branch_operator']) retrieved from /home/airflow/.local/lib/python3.6/site-packages/airflow/example_dags/example_branch_operator.py
[2022-07-10 08:39:54,198] {logging_mixin.py:104} INFO - [2022-07-10 08:39:54,198] {dag.py:1824} INFO - Sync 1 DAGs
[2022-07-10 08:39:54,211] {logging_mixin.py:104} INFO - [2022-07-10 08:39:54,211] {dag.py:2280} INFO - Setting next_dagrun for example_branch_operator to 2022-07-08 00:00:00+00:00
[2022-07-10 08:39:54,218] {scheduler_job.py:190} INFO - Processing /home/airflow/.local/lib/python3.6/site-packages/airflow/example_dags/example_branch_operator.py took 0.046 seconds
[2022-07-10 08:40:25,019] {scheduler_job.py:182} INFO - Started process (PID=455) to work on /home/airflow/.local/lib/python3.6/site-packages/airflow/example_dags/example_branch_operator.py
[2022-07-10 08:40:25,020] {scheduler_job.py:629} INFO - Processing file /home/airflow/.local/lib/python3.6/site-packages/airflow/example_dags/example_branch_operator.py for tasks to queue
[2022-07-10 08:40:25,021] {logging_mixin.py:104} INFO - [2022-07-10 08:40:25,021] {dagbag.py:451} INFO - Filling up the DagBag from /home/airflow/.local/lib/python3.6/site-packages/airflow/example_dags/example_branch_operator.py
[2022-07-10 08:40:25,029] {scheduler_job.py:639} INFO - DAG(s) dict_keys(['example_branch_operator']) retrieved from /home/airflow/.local/lib/python3.6/site-packages/airflow/example_dags/example_branch_operator.py
[2022-07-10 08:40:25,042] {logging_mixin.py:104} INFO - [2022-07-10 08:40:25,042] {dag.py:1824} INFO - Sync 1 DAGs
[2022-07-10 08:40:25,056] {logging_mixin.py:104} INFO - [2022-07-10 08:40:25,056] {dag.py:2280} INFO - Setting next_dagrun for example_branch_operator to 2022-07-08 00:00:00+00:00
[2022-07-10 08:40:25,064] {scheduler_job.py:190} INFO - Processing /home/airflow/.local/lib/python3.6/site-packages/airflow/example_dags/example_branch_operator.py took 0.046 seconds
[2022-07-10 08:40:55,858] {scheduler_job.py:182} INFO - Started process (PID=481) to work on /home/airflow/.local/lib/python3.6/site-packages/airflow/example_dags/example_branch_operator.py
[2022-07-10 08:40:55,859] {scheduler_job.py:629} INFO - Processing file /home/airflow/.local/lib/python3.6/site-packages/airflow/example_dags/example_branch_operator.py for tasks to queue
[2022-07-10 08:40:55,860] {logging_mixin.py:104} INFO - [2022-07-10 08:40:55,860] {dagbag.py:451} INFO - Filling up the DagBag from /home/airflow/.local/lib/python3.6/site-packages/airflow/example_dags/example_branch_operator.py
[2022-07-10 08:40:55,868] {scheduler_job.py:639} INFO - DAG(s) dict_keys(['example_branch_operator']) retrieved from /home/airflow/.local/lib/python3.6/site-packages/airflow/example_dags/example_branch_operator.py
[2022-07-10 08:40:55,881] {logging_mixin.py:104} INFO - [2022-07-10 08:40:55,880] {dag.py:1824} INFO - Sync 1 DAGs
[2022-07-10 08:40:55,893] {logging_mixin.py:104} INFO - [2022-07-10 08:40:55,893] {dag.py:2280} INFO - Setting next_dagrun for example_branch_operator to 2022-07-08 00:00:00+00:00
[2022-07-10 08:40:55,900] {scheduler_job.py:190} INFO - Processing /home/airflow/.local/lib/python3.6/site-packages/airflow/example_dags/example_branch_operator.py took 0.044 seconds
[2022-07-10 08:41:26,594] {scheduler_job.py:182} INFO - Started process (PID=507) to work on /home/airflow/.local/lib/python3.6/site-packages/airflow/example_dags/example_branch_operator.py
[2022-07-10 08:41:26,595] {scheduler_job.py:629} INFO - Processing file /home/airflow/.local/lib/python3.6/site-packages/airflow/example_dags/example_branch_operator.py for tasks to queue
[2022-07-10 08:41:26,595] {logging_mixin.py:104} INFO - [2022-07-10 08:41:26,595] {dagbag.py:451} INFO - Filling up the DagBag from /home/airflow/.local/lib/python3.6/site-packages/airflow/example_dags/example_branch_operator.py
[2022-07-10 08:41:26,604] {scheduler_job.py:639} INFO - DAG(s) dict_keys(['example_branch_operator']) retrieved from /home/airflow/.local/lib/python3.6/site-packages/airflow/example_dags/example_branch_operator.py
[2022-07-10 08:41:26,615] {logging_mixin.py:104} INFO - [2022-07-10 08:41:26,615] {dag.py:1824} INFO - Sync 1 DAGs
[2022-07-10 08:41:26,628] {logging_mixin.py:104} INFO - [2022-07-10 08:41:26,628] {dag.py:2280} INFO - Setting next_dagrun for example_branch_operator to 2022-07-08 00:00:00+00:00
[2022-07-10 08:41:26,635] {scheduler_job.py:190} INFO - Processing /home/airflow/.local/lib/python3.6/site-packages/airflow/example_dags/example_branch_operator.py took 0.043 seconds
[2022-07-10 08:41:57,506] {scheduler_job.py:182} INFO - Started process (PID=533) to work on /home/airflow/.local/lib/python3.6/site-packages/airflow/example_dags/example_branch_operator.py
[2022-07-10 08:41:57,507] {scheduler_job.py:629} INFO - Processing file /home/airflow/.local/lib/python3.6/site-packages/airflow/example_dags/example_branch_operator.py for tasks to queue
[2022-07-10 08:41:57,508] {logging_mixin.py:104} INFO - [2022-07-10 08:41:57,507] {dagbag.py:451} INFO - Filling up the DagBag from /home/airflow/.local/lib/python3.6/site-packages/airflow/example_dags/example_branch_operator.py
[2022-07-10 08:41:57,516] {scheduler_job.py:639} INFO - DAG(s) dict_keys(['example_branch_operator']) retrieved from /home/airflow/.local/lib/python3.6/site-packages/airflow/example_dags/example_branch_operator.py
[2022-07-10 08:41:57,528] {logging_mixin.py:104} INFO - [2022-07-10 08:41:57,528] {dag.py:1824} INFO - Sync 1 DAGs
[2022-07-10 08:41:57,541] {logging_mixin.py:104} INFO - [2022-07-10 08:41:57,541] {dag.py:2280} INFO - Setting next_dagrun for example_branch_operator to 2022-07-08 00:00:00+00:00
[2022-07-10 08:41:57,549] {scheduler_job.py:190} INFO - Processing /home/airflow/.local/lib/python3.6/site-packages/airflow/example_dags/example_branch_operator.py took 0.044 seconds
[2022-07-10 08:42:28,307] {scheduler_job.py:182} INFO - Started process (PID=559) to work on /home/airflow/.local/lib/python3.6/site-packages/airflow/example_dags/example_branch_operator.py
[2022-07-10 08:42:28,308] {scheduler_job.py:629} INFO - Processing file /home/airflow/.local/lib/python3.6/site-packages/airflow/example_dags/example_branch_operator.py for tasks to queue
[2022-07-10 08:42:28,308] {logging_mixin.py:104} INFO - [2022-07-10 08:42:28,308] {dagbag.py:451} INFO - Filling up the DagBag from /home/airflow/.local/lib/python3.6/site-packages/airflow/example_dags/example_branch_operator.py
[2022-07-10 08:42:28,317] {scheduler_job.py:639} INFO - DAG(s) dict_keys(['example_branch_operator']) retrieved from /home/airflow/.local/lib/python3.6/site-packages/airflow/example_dags/example_branch_operator.py
[2022-07-10 08:42:28,329] {logging_mixin.py:104} INFO - [2022-07-10 08:42:28,329] {dag.py:1824} INFO - Sync 1 DAGs
[2022-07-10 08:42:28,341] {logging_mixin.py:104} INFO - [2022-07-10 08:42:28,341] {dag.py:2280} INFO - Setting next_dagrun for example_branch_operator to 2022-07-08 00:00:00+00:00
[2022-07-10 08:42:28,348] {scheduler_job.py:190} INFO - Processing /home/airflow/.local/lib/python3.6/site-packages/airflow/example_dags/example_branch_operator.py took 0.043 seconds
[2022-07-10 08:42:59,103] {scheduler_job.py:182} INFO - Started process (PID=585) to work on /home/airflow/.local/lib/python3.6/site-packages/airflow/example_dags/example_branch_operator.py
[2022-07-10 08:42:59,103] {scheduler_job.py:629} INFO - Processing file /home/airflow/.local/lib/python3.6/site-packages/airflow/example_dags/example_branch_operator.py for tasks to queue
[2022-07-10 08:42:59,104] {logging_mixin.py:104} INFO - [2022-07-10 08:42:59,104] {dagbag.py:451} INFO - Filling up the DagBag from /home/airflow/.local/lib/python3.6/site-packages/airflow/example_dags/example_branch_operator.py
[2022-07-10 08:42:59,113] {scheduler_job.py:639} INFO - DAG(s) dict_keys(['example_branch_operator']) retrieved from /home/airflow/.local/lib/python3.6/site-packages/airflow/example_dags/example_branch_operator.py
[2022-07-10 08:42:59,124] {logging_mixin.py:104} INFO - [2022-07-10 08:42:59,124] {dag.py:1824} INFO - Sync 1 DAGs
[2022-07-10 08:42:59,137] {logging_mixin.py:104} INFO - [2022-07-10 08:42:59,137] {dag.py:2280} INFO - Setting next_dagrun for example_branch_operator to 2022-07-08 00:00:00+00:00
[2022-07-10 08:42:59,144] {scheduler_job.py:190} INFO - Processing /home/airflow/.local/lib/python3.6/site-packages/airflow/example_dags/example_branch_operator.py took 0.043 seconds
[2022-07-10 08:43:29,864] {scheduler_job.py:182} INFO - Started process (PID=611) to work on /home/airflow/.local/lib/python3.6/site-packages/airflow/example_dags/example_branch_operator.py
[2022-07-10 08:43:29,865] {scheduler_job.py:629} INFO - Processing file /home/airflow/.local/lib/python3.6/site-packages/airflow/example_dags/example_branch_operator.py for tasks to queue
[2022-07-10 08:43:29,866] {logging_mixin.py:104} INFO - [2022-07-10 08:43:29,866] {dagbag.py:451} INFO - Filling up the DagBag from /home/airflow/.local/lib/python3.6/site-packages/airflow/example_dags/example_branch_operator.py
[2022-07-10 08:43:29,874] {scheduler_job.py:639} INFO - DAG(s) dict_keys(['example_branch_operator']) retrieved from /home/airflow/.local/lib/python3.6/site-packages/airflow/example_dags/example_branch_operator.py
[2022-07-10 08:43:29,887] {logging_mixin.py:104} INFO - [2022-07-10 08:43:29,887] {dag.py:1824} INFO - Sync 1 DAGs
[2022-07-10 08:43:29,902] {logging_mixin.py:104} INFO - [2022-07-10 08:43:29,902] {dag.py:2280} INFO - Setting next_dagrun for example_branch_operator to 2022-07-08 00:00:00+00:00
[2022-07-10 08:43:29,909] {scheduler_job.py:190} INFO - Processing /home/airflow/.local/lib/python3.6/site-packages/airflow/example_dags/example_branch_operator.py took 0.047 seconds
[2022-07-10 08:44:00,663] {scheduler_job.py:182} INFO - Started process (PID=637) to work on /home/airflow/.local/lib/python3.6/site-packages/airflow/example_dags/example_branch_operator.py
[2022-07-10 08:44:00,664] {scheduler_job.py:629} INFO - Processing file /home/airflow/.local/lib/python3.6/site-packages/airflow/example_dags/example_branch_operator.py for tasks to queue
[2022-07-10 08:44:00,665] {logging_mixin.py:104} INFO - [2022-07-10 08:44:00,664] {dagbag.py:451} INFO - Filling up the DagBag from /home/airflow/.local/lib/python3.6/site-packages/airflow/example_dags/example_branch_operator.py
[2022-07-10 08:44:00,674] {scheduler_job.py:639} INFO - DAG(s) dict_keys(['example_branch_operator']) retrieved from /home/airflow/.local/lib/python3.6/site-packages/airflow/example_dags/example_branch_operator.py
[2022-07-10 08:44:00,688] {logging_mixin.py:104} INFO - [2022-07-10 08:44:00,688] {dag.py:1824} INFO - Sync 1 DAGs
[2022-07-10 08:44:00,704] {logging_mixin.py:104} INFO - [2022-07-10 08:44:00,704] {dag.py:2280} INFO - Setting next_dagrun for example_branch_operator to 2022-07-08 00:00:00+00:00
[2022-07-10 08:44:00,710] {scheduler_job.py:190} INFO - Processing /home/airflow/.local/lib/python3.6/site-packages/airflow/example_dags/example_branch_operator.py took 0.049 seconds
[2022-07-10 08:44:31,488] {scheduler_job.py:182} INFO - Started process (PID=663) to work on /home/airflow/.local/lib/python3.6/site-packages/airflow/example_dags/example_branch_operator.py
[2022-07-10 08:44:31,489] {scheduler_job.py:629} INFO - Processing file /home/airflow/.local/lib/python3.6/site-packages/airflow/example_dags/example_branch_operator.py for tasks to queue
[2022-07-10 08:44:31,489] {logging_mixin.py:104} INFO - [2022-07-10 08:44:31,489] {dagbag.py:451} INFO - Filling up the DagBag from /home/airflow/.local/lib/python3.6/site-packages/airflow/example_dags/example_branch_operator.py
[2022-07-10 08:44:31,498] {scheduler_job.py:639} INFO - DAG(s) dict_keys(['example_branch_operator']) retrieved from /home/airflow/.local/lib/python3.6/site-packages/airflow/example_dags/example_branch_operator.py
[2022-07-10 08:44:31,510] {logging_mixin.py:104} INFO - [2022-07-10 08:44:31,510] {dag.py:1824} INFO - Sync 1 DAGs
[2022-07-10 08:44:31,523] {logging_mixin.py:104} INFO - [2022-07-10 08:44:31,523] {dag.py:2280} INFO - Setting next_dagrun for example_branch_operator to 2022-07-08 00:00:00+00:00
[2022-07-10 08:44:31,529] {scheduler_job.py:190} INFO - Processing /home/airflow/.local/lib/python3.6/site-packages/airflow/example_dags/example_branch_operator.py took 0.043 seconds
[2022-07-10 08:45:02,249] {scheduler_job.py:182} INFO - Started process (PID=689) to work on /home/airflow/.local/lib/python3.6/site-packages/airflow/example_dags/example_branch_operator.py
[2022-07-10 08:45:02,250] {scheduler_job.py:629} INFO - Processing file /home/airflow/.local/lib/python3.6/site-packages/airflow/example_dags/example_branch_operator.py for tasks to queue
[2022-07-10 08:45:02,250] {logging_mixin.py:104} INFO - [2022-07-10 08:45:02,250] {dagbag.py:451} INFO - Filling up the DagBag from /home/airflow/.local/lib/python3.6/site-packages/airflow/example_dags/example_branch_operator.py
[2022-07-10 08:45:02,259] {scheduler_job.py:639} INFO - DAG(s) dict_keys(['example_branch_operator']) retrieved from /home/airflow/.local/lib/python3.6/site-packages/airflow/example_dags/example_branch_operator.py
[2022-07-10 08:45:02,273] {logging_mixin.py:104} INFO - [2022-07-10 08:45:02,273] {dag.py:1824} INFO - Sync 1 DAGs
[2022-07-10 08:45:02,287] {logging_mixin.py:104} INFO - [2022-07-10 08:45:02,287] {dag.py:2280} INFO - Setting next_dagrun for example_branch_operator to 2022-07-08 00:00:00+00:00
[2022-07-10 08:45:02,294] {scheduler_job.py:190} INFO - Processing /home/airflow/.local/lib/python3.6/site-packages/airflow/example_dags/example_branch_operator.py took 0.046 seconds
[2022-07-10 08:45:33,053] {scheduler_job.py:182} INFO - Started process (PID=715) to work on /home/airflow/.local/lib/python3.6/site-packages/airflow/example_dags/example_branch_operator.py
[2022-07-10 08:45:33,054] {scheduler_job.py:629} INFO - Processing file /home/airflow/.local/lib/python3.6/site-packages/airflow/example_dags/example_branch_operator.py for tasks to queue
[2022-07-10 08:45:33,054] {logging_mixin.py:104} INFO - [2022-07-10 08:45:33,054] {dagbag.py:451} INFO - Filling up the DagBag from /home/airflow/.local/lib/python3.6/site-packages/airflow/example_dags/example_branch_operator.py
[2022-07-10 08:45:33,063] {scheduler_job.py:639} INFO - DAG(s) dict_keys(['example_branch_operator']) retrieved from /home/airflow/.local/lib/python3.6/site-packages/airflow/example_dags/example_branch_operator.py
[2022-07-10 08:45:33,074] {logging_mixin.py:104} INFO - [2022-07-10 08:45:33,074] {dag.py:1824} INFO - Sync 1 DAGs
[2022-07-10 08:45:33,087] {logging_mixin.py:104} INFO - [2022-07-10 08:45:33,087] {dag.py:2280} INFO - Setting next_dagrun for example_branch_operator to 2022-07-08 00:00:00+00:00
[2022-07-10 08:45:33,093] {scheduler_job.py:190} INFO - Processing /home/airflow/.local/lib/python3.6/site-packages/airflow/example_dags/example_branch_operator.py took 0.042 seconds
[2022-07-10 08:46:03,900] {scheduler_job.py:182} INFO - Started process (PID=741) to work on /home/airflow/.local/lib/python3.6/site-packages/airflow/example_dags/example_branch_operator.py
[2022-07-10 08:46:03,901] {scheduler_job.py:629} INFO - Processing file /home/airflow/.local/lib/python3.6/site-packages/airflow/example_dags/example_branch_operator.py for tasks to queue
[2022-07-10 08:46:03,901] {logging_mixin.py:104} INFO - [2022-07-10 08:46:03,901] {dagbag.py:451} INFO - Filling up the DagBag from /home/airflow/.local/lib/python3.6/site-packages/airflow/example_dags/example_branch_operator.py
[2022-07-10 08:46:03,910] {scheduler_job.py:639} INFO - DAG(s) dict_keys(['example_branch_operator']) retrieved from /home/airflow/.local/lib/python3.6/site-packages/airflow/example_dags/example_branch_operator.py
[2022-07-10 08:46:03,924] {logging_mixin.py:104} INFO - [2022-07-10 08:46:03,924] {dag.py:1824} INFO - Sync 1 DAGs
[2022-07-10 08:46:03,938] {logging_mixin.py:104} INFO - [2022-07-10 08:46:03,938] {dag.py:2280} INFO - Setting next_dagrun for example_branch_operator to 2022-07-08 00:00:00+00:00
[2022-07-10 08:46:03,944] {scheduler_job.py:190} INFO - Processing /home/airflow/.local/lib/python3.6/site-packages/airflow/example_dags/example_branch_operator.py took 0.045 seconds
[2022-07-10 08:46:34,793] {scheduler_job.py:182} INFO - Started process (PID=767) to work on /home/airflow/.local/lib/python3.6/site-packages/airflow/example_dags/example_branch_operator.py
[2022-07-10 08:46:34,795] {scheduler_job.py:629} INFO - Processing file /home/airflow/.local/lib/python3.6/site-packages/airflow/example_dags/example_branch_operator.py for tasks to queue
[2022-07-10 08:46:34,795] {logging_mixin.py:104} INFO - [2022-07-10 08:46:34,795] {dagbag.py:451} INFO - Filling up the DagBag from /home/airflow/.local/lib/python3.6/site-packages/airflow/example_dags/example_branch_operator.py
[2022-07-10 08:46:34,806] {scheduler_job.py:639} INFO - DAG(s) dict_keys(['example_branch_operator']) retrieved from /home/airflow/.local/lib/python3.6/site-packages/airflow/example_dags/example_branch_operator.py
[2022-07-10 08:46:34,819] {logging_mixin.py:104} INFO - [2022-07-10 08:46:34,819] {dag.py:1824} INFO - Sync 1 DAGs
[2022-07-10 08:46:34,836] {logging_mixin.py:104} INFO - [2022-07-10 08:46:34,836] {dag.py:2280} INFO - Setting next_dagrun for example_branch_operator to 2022-07-08 00:00:00+00:00
[2022-07-10 08:46:34,842] {scheduler_job.py:190} INFO - Processing /home/airflow/.local/lib/python3.6/site-packages/airflow/example_dags/example_branch_operator.py took 0.051 seconds
[2022-07-10 08:47:05,719] {scheduler_job.py:182} INFO - Started process (PID=793) to work on /home/airflow/.local/lib/python3.6/site-packages/airflow/example_dags/example_branch_operator.py
[2022-07-10 08:47:05,720] {scheduler_job.py:629} INFO - Processing file /home/airflow/.local/lib/python3.6/site-packages/airflow/example_dags/example_branch_operator.py for tasks to queue
[2022-07-10 08:47:05,721] {logging_mixin.py:104} INFO - [2022-07-10 08:47:05,721] {dagbag.py:451} INFO - Filling up the DagBag from /home/airflow/.local/lib/python3.6/site-packages/airflow/example_dags/example_branch_operator.py
[2022-07-10 08:47:05,729] {scheduler_job.py:639} INFO - DAG(s) dict_keys(['example_branch_operator']) retrieved from /home/airflow/.local/lib/python3.6/site-packages/airflow/example_dags/example_branch_operator.py
[2022-07-10 08:47:05,741] {logging_mixin.py:104} INFO - [2022-07-10 08:47:05,741] {dag.py:1824} INFO - Sync 1 DAGs
[2022-07-10 08:47:05,753] {logging_mixin.py:104} INFO - [2022-07-10 08:47:05,753] {dag.py:2280} INFO - Setting next_dagrun for example_branch_operator to 2022-07-08 00:00:00+00:00
[2022-07-10 08:47:05,759] {scheduler_job.py:190} INFO - Processing /home/airflow/.local/lib/python3.6/site-packages/airflow/example_dags/example_branch_operator.py took 0.041 seconds
[2022-07-10 08:47:36,578] {scheduler_job.py:182} INFO - Started process (PID=819) to work on /home/airflow/.local/lib/python3.6/site-packages/airflow/example_dags/example_branch_operator.py
[2022-07-10 08:47:36,579] {scheduler_job.py:629} INFO - Processing file /home/airflow/.local/lib/python3.6/site-packages/airflow/example_dags/example_branch_operator.py for tasks to queue
[2022-07-10 08:47:36,580] {logging_mixin.py:104} INFO - [2022-07-10 08:47:36,580] {dagbag.py:451} INFO - Filling up the DagBag from /home/airflow/.local/lib/python3.6/site-packages/airflow/example_dags/example_branch_operator.py
[2022-07-10 08:47:36,590] {scheduler_job.py:639} INFO - DAG(s) dict_keys(['example_branch_operator']) retrieved from /home/airflow/.local/lib/python3.6/site-packages/airflow/example_dags/example_branch_operator.py
[2022-07-10 08:47:36,602] {logging_mixin.py:104} INFO - [2022-07-10 08:47:36,602] {dag.py:1824} INFO - Sync 1 DAGs
[2022-07-10 08:47:36,615] {logging_mixin.py:104} INFO - [2022-07-10 08:47:36,615] {dag.py:2280} INFO - Setting next_dagrun for example_branch_operator to 2022-07-08 00:00:00+00:00
[2022-07-10 08:47:36,622] {scheduler_job.py:190} INFO - Processing /home/airflow/.local/lib/python3.6/site-packages/airflow/example_dags/example_branch_operator.py took 0.046 seconds
[2022-07-10 08:48:07,325] {scheduler_job.py:182} INFO - Started process (PID=845) to work on /home/airflow/.local/lib/python3.6/site-packages/airflow/example_dags/example_branch_operator.py
[2022-07-10 08:48:07,326] {scheduler_job.py:629} INFO - Processing file /home/airflow/.local/lib/python3.6/site-packages/airflow/example_dags/example_branch_operator.py for tasks to queue
[2022-07-10 08:48:07,327] {logging_mixin.py:104} INFO - [2022-07-10 08:48:07,326] {dagbag.py:451} INFO - Filling up the DagBag from /home/airflow/.local/lib/python3.6/site-packages/airflow/example_dags/example_branch_operator.py
[2022-07-10 08:48:07,336] {scheduler_job.py:639} INFO - DAG(s) dict_keys(['example_branch_operator']) retrieved from /home/airflow/.local/lib/python3.6/site-packages/airflow/example_dags/example_branch_operator.py
[2022-07-10 08:48:07,349] {logging_mixin.py:104} INFO - [2022-07-10 08:48:07,349] {dag.py:1824} INFO - Sync 1 DAGs
[2022-07-10 08:48:07,362] {logging_mixin.py:104} INFO - [2022-07-10 08:48:07,362] {dag.py:2280} INFO - Setting next_dagrun for example_branch_operator to 2022-07-08 00:00:00+00:00
[2022-07-10 08:48:07,369] {scheduler_job.py:190} INFO - Processing /home/airflow/.local/lib/python3.6/site-packages/airflow/example_dags/example_branch_operator.py took 0.046 seconds
[2022-07-10 08:48:38,201] {scheduler_job.py:182} INFO - Started process (PID=871) to work on /home/airflow/.local/lib/python3.6/site-packages/airflow/example_dags/example_branch_operator.py
[2022-07-10 08:48:38,201] {scheduler_job.py:629} INFO - Processing file /home/airflow/.local/lib/python3.6/site-packages/airflow/example_dags/example_branch_operator.py for tasks to queue
[2022-07-10 08:48:38,202] {logging_mixin.py:104} INFO - [2022-07-10 08:48:38,202] {dagbag.py:451} INFO - Filling up the DagBag from /home/airflow/.local/lib/python3.6/site-packages/airflow/example_dags/example_branch_operator.py
[2022-07-10 08:48:38,211] {scheduler_job.py:639} INFO - DAG(s) dict_keys(['example_branch_operator']) retrieved from /home/airflow/.local/lib/python3.6/site-packages/airflow/example_dags/example_branch_operator.py
[2022-07-10 08:48:38,223] {logging_mixin.py:104} INFO - [2022-07-10 08:48:38,223] {dag.py:1824} INFO - Sync 1 DAGs
[2022-07-10 08:48:38,236] {logging_mixin.py:104} INFO - [2022-07-10 08:48:38,236] {dag.py:2280} INFO - Setting next_dagrun for example_branch_operator to 2022-07-08 00:00:00+00:00
[2022-07-10 08:48:38,242] {scheduler_job.py:190} INFO - Processing /home/airflow/.local/lib/python3.6/site-packages/airflow/example_dags/example_branch_operator.py took 0.043 seconds
[2022-07-10 08:49:09,069] {scheduler_job.py:182} INFO - Started process (PID=897) to work on /home/airflow/.local/lib/python3.6/site-packages/airflow/example_dags/example_branch_operator.py
[2022-07-10 08:49:09,070] {scheduler_job.py:629} INFO - Processing file /home/airflow/.local/lib/python3.6/site-packages/airflow/example_dags/example_branch_operator.py for tasks to queue
[2022-07-10 08:49:09,071] {logging_mixin.py:104} INFO - [2022-07-10 08:49:09,071] {dagbag.py:451} INFO - Filling up the DagBag from /home/airflow/.local/lib/python3.6/site-packages/airflow/example_dags/example_branch_operator.py
[2022-07-10 08:49:09,080] {scheduler_job.py:639} INFO - DAG(s) dict_keys(['example_branch_operator']) retrieved from /home/airflow/.local/lib/python3.6/site-packages/airflow/example_dags/example_branch_operator.py
[2022-07-10 08:49:09,093] {logging_mixin.py:104} INFO - [2022-07-10 08:49:09,093] {dag.py:1824} INFO - Sync 1 DAGs
[2022-07-10 08:49:09,106] {logging_mixin.py:104} INFO - [2022-07-10 08:49:09,106] {dag.py:2280} INFO - Setting next_dagrun for example_branch_operator to 2022-07-08 00:00:00+00:00
[2022-07-10 08:49:09,113] {scheduler_job.py:190} INFO - Processing /home/airflow/.local/lib/python3.6/site-packages/airflow/example_dags/example_branch_operator.py took 0.045 seconds
[2022-07-10 08:49:39,832] {scheduler_job.py:182} INFO - Started process (PID=923) to work on /home/airflow/.local/lib/python3.6/site-packages/airflow/example_dags/example_branch_operator.py
[2022-07-10 08:49:39,833] {scheduler_job.py:629} INFO - Processing file /home/airflow/.local/lib/python3.6/site-packages/airflow/example_dags/example_branch_operator.py for tasks to queue
[2022-07-10 08:49:39,833] {logging_mixin.py:104} INFO - [2022-07-10 08:49:39,833] {dagbag.py:451} INFO - Filling up the DagBag from /home/airflow/.local/lib/python3.6/site-packages/airflow/example_dags/example_branch_operator.py
[2022-07-10 08:49:39,842] {scheduler_job.py:639} INFO - DAG(s) dict_keys(['example_branch_operator']) retrieved from /home/airflow/.local/lib/python3.6/site-packages/airflow/example_dags/example_branch_operator.py
[2022-07-10 08:49:39,855] {logging_mixin.py:104} INFO - [2022-07-10 08:49:39,855] {dag.py:1824} INFO - Sync 1 DAGs
[2022-07-10 08:49:39,869] {logging_mixin.py:104} INFO - [2022-07-10 08:49:39,869] {dag.py:2280} INFO - Setting next_dagrun for example_branch_operator to 2022-07-08 00:00:00+00:00
[2022-07-10 08:49:39,876] {scheduler_job.py:190} INFO - Processing /home/airflow/.local/lib/python3.6/site-packages/airflow/example_dags/example_branch_operator.py took 0.046 seconds
[2022-07-10 08:50:10,693] {scheduler_job.py:182} INFO - Started process (PID=949) to work on /home/airflow/.local/lib/python3.6/site-packages/airflow/example_dags/example_branch_operator.py
[2022-07-10 08:50:10,694] {scheduler_job.py:629} INFO - Processing file /home/airflow/.local/lib/python3.6/site-packages/airflow/example_dags/example_branch_operator.py for tasks to queue
[2022-07-10 08:50:10,694] {logging_mixin.py:104} INFO - [2022-07-10 08:50:10,694] {dagbag.py:451} INFO - Filling up the DagBag from /home/airflow/.local/lib/python3.6/site-packages/airflow/example_dags/example_branch_operator.py
[2022-07-10 08:50:10,704] {scheduler_job.py:639} INFO - DAG(s) dict_keys(['example_branch_operator']) retrieved from /home/airflow/.local/lib/python3.6/site-packages/airflow/example_dags/example_branch_operator.py
[2022-07-10 08:50:10,718] {logging_mixin.py:104} INFO - [2022-07-10 08:50:10,718] {dag.py:1824} INFO - Sync 1 DAGs
[2022-07-10 08:50:10,731] {logging_mixin.py:104} INFO - [2022-07-10 08:50:10,731] {dag.py:2280} INFO - Setting next_dagrun for example_branch_operator to 2022-07-08 00:00:00+00:00
[2022-07-10 08:50:10,738] {scheduler_job.py:190} INFO - Processing /home/airflow/.local/lib/python3.6/site-packages/airflow/example_dags/example_branch_operator.py took 0.047 seconds
[2022-07-10 08:50:41,505] {scheduler_job.py:182} INFO - Started process (PID=975) to work on /home/airflow/.local/lib/python3.6/site-packages/airflow/example_dags/example_branch_operator.py
[2022-07-10 08:50:41,506] {scheduler_job.py:629} INFO - Processing file /home/airflow/.local/lib/python3.6/site-packages/airflow/example_dags/example_branch_operator.py for tasks to queue
[2022-07-10 08:50:41,506] {logging_mixin.py:104} INFO - [2022-07-10 08:50:41,506] {dagbag.py:451} INFO - Filling up the DagBag from /home/airflow/.local/lib/python3.6/site-packages/airflow/example_dags/example_branch_operator.py
[2022-07-10 08:50:41,516] {scheduler_job.py:639} INFO - DAG(s) dict_keys(['example_branch_operator']) retrieved from /home/airflow/.local/lib/python3.6/site-packages/airflow/example_dags/example_branch_operator.py
[2022-07-10 08:50:41,529] {logging_mixin.py:104} INFO - [2022-07-10 08:50:41,529] {dag.py:1824} INFO - Sync 1 DAGs
[2022-07-10 08:50:41,542] {logging_mixin.py:104} INFO - [2022-07-10 08:50:41,542] {dag.py:2280} INFO - Setting next_dagrun for example_branch_operator to 2022-07-08 00:00:00+00:00
[2022-07-10 08:50:41,549] {scheduler_job.py:190} INFO - Processing /home/airflow/.local/lib/python3.6/site-packages/airflow/example_dags/example_branch_operator.py took 0.046 seconds
[2022-07-10 08:51:12,307] {scheduler_job.py:182} INFO - Started process (PID=1001) to work on /home/airflow/.local/lib/python3.6/site-packages/airflow/example_dags/example_branch_operator.py
[2022-07-10 08:51:12,308] {scheduler_job.py:629} INFO - Processing file /home/airflow/.local/lib/python3.6/site-packages/airflow/example_dags/example_branch_operator.py for tasks to queue
[2022-07-10 08:51:12,308] {logging_mixin.py:104} INFO - [2022-07-10 08:51:12,308] {dagbag.py:451} INFO - Filling up the DagBag from /home/airflow/.local/lib/python3.6/site-packages/airflow/example_dags/example_branch_operator.py
[2022-07-10 08:51:12,317] {scheduler_job.py:639} INFO - DAG(s) dict_keys(['example_branch_operator']) retrieved from /home/airflow/.local/lib/python3.6/site-packages/airflow/example_dags/example_branch_operator.py
[2022-07-10 08:51:12,329] {logging_mixin.py:104} INFO - [2022-07-10 08:51:12,329] {dag.py:1824} INFO - Sync 1 DAGs
[2022-07-10 08:51:12,342] {logging_mixin.py:104} INFO - [2022-07-10 08:51:12,342] {dag.py:2280} INFO - Setting next_dagrun for example_branch_operator to 2022-07-08 00:00:00+00:00
[2022-07-10 08:51:12,348] {scheduler_job.py:190} INFO - Processing /home/airflow/.local/lib/python3.6/site-packages/airflow/example_dags/example_branch_operator.py took 0.043 seconds
[2022-07-10 08:51:43,108] {scheduler_job.py:182} INFO - Started process (PID=1027) to work on /home/airflow/.local/lib/python3.6/site-packages/airflow/example_dags/example_branch_operator.py
[2022-07-10 08:51:43,108] {scheduler_job.py:629} INFO - Processing file /home/airflow/.local/lib/python3.6/site-packages/airflow/example_dags/example_branch_operator.py for tasks to queue
[2022-07-10 08:51:43,109] {logging_mixin.py:104} INFO - [2022-07-10 08:51:43,109] {dagbag.py:451} INFO - Filling up the DagBag from /home/airflow/.local/lib/python3.6/site-packages/airflow/example_dags/example_branch_operator.py
[2022-07-10 08:51:43,118] {scheduler_job.py:639} INFO - DAG(s) dict_keys(['example_branch_operator']) retrieved from /home/airflow/.local/lib/python3.6/site-packages/airflow/example_dags/example_branch_operator.py
[2022-07-10 08:51:43,131] {logging_mixin.py:104} INFO - [2022-07-10 08:51:43,130] {dag.py:1824} INFO - Sync 1 DAGs
[2022-07-10 08:51:43,144] {logging_mixin.py:104} INFO - [2022-07-10 08:51:43,143] {dag.py:2280} INFO - Setting next_dagrun for example_branch_operator to 2022-07-08 00:00:00+00:00
[2022-07-10 08:51:43,151] {scheduler_job.py:190} INFO - Processing /home/airflow/.local/lib/python3.6/site-packages/airflow/example_dags/example_branch_operator.py took 0.045 seconds
[2022-07-10 08:52:14,009] {scheduler_job.py:182} INFO - Started process (PID=1053) to work on /home/airflow/.local/lib/python3.6/site-packages/airflow/example_dags/example_branch_operator.py
[2022-07-10 08:52:14,010] {scheduler_job.py:629} INFO - Processing file /home/airflow/.local/lib/python3.6/site-packages/airflow/example_dags/example_branch_operator.py for tasks to queue
[2022-07-10 08:52:14,010] {logging_mixin.py:104} INFO - [2022-07-10 08:52:14,010] {dagbag.py:451} INFO - Filling up the DagBag from /home/airflow/.local/lib/python3.6/site-packages/airflow/example_dags/example_branch_operator.py
[2022-07-10 08:52:14,019] {scheduler_job.py:639} INFO - DAG(s) dict_keys(['example_branch_operator']) retrieved from /home/airflow/.local/lib/python3.6/site-packages/airflow/example_dags/example_branch_operator.py
[2022-07-10 08:52:14,031] {logging_mixin.py:104} INFO - [2022-07-10 08:52:14,031] {dag.py:1824} INFO - Sync 1 DAGs
[2022-07-10 08:52:14,043] {logging_mixin.py:104} INFO - [2022-07-10 08:52:14,043] {dag.py:2280} INFO - Setting next_dagrun for example_branch_operator to 2022-07-08 00:00:00+00:00
[2022-07-10 08:52:14,051] {scheduler_job.py:190} INFO - Processing /home/airflow/.local/lib/python3.6/site-packages/airflow/example_dags/example_branch_operator.py took 0.044 seconds
[2022-07-10 08:52:44,826] {scheduler_job.py:182} INFO - Started process (PID=1079) to work on /home/airflow/.local/lib/python3.6/site-packages/airflow/example_dags/example_branch_operator.py
[2022-07-10 08:52:44,826] {scheduler_job.py:629} INFO - Processing file /home/airflow/.local/lib/python3.6/site-packages/airflow/example_dags/example_branch_operator.py for tasks to queue
[2022-07-10 08:52:44,827] {logging_mixin.py:104} INFO - [2022-07-10 08:52:44,827] {dagbag.py:451} INFO - Filling up the DagBag from /home/airflow/.local/lib/python3.6/site-packages/airflow/example_dags/example_branch_operator.py
[2022-07-10 08:52:44,836] {scheduler_job.py:639} INFO - DAG(s) dict_keys(['example_branch_operator']) retrieved from /home/airflow/.local/lib/python3.6/site-packages/airflow/example_dags/example_branch_operator.py
[2022-07-10 08:52:44,847] {logging_mixin.py:104} INFO - [2022-07-10 08:52:44,847] {dag.py:1824} INFO - Sync 1 DAGs
[2022-07-10 08:52:44,861] {logging_mixin.py:104} INFO - [2022-07-10 08:52:44,860] {dag.py:2280} INFO - Setting next_dagrun for example_branch_operator to 2022-07-08 00:00:00+00:00
[2022-07-10 08:52:44,867] {scheduler_job.py:190} INFO - Processing /home/airflow/.local/lib/python3.6/site-packages/airflow/example_dags/example_branch_operator.py took 0.043 seconds
[2022-07-10 08:53:15,755] {scheduler_job.py:182} INFO - Started process (PID=1105) to work on /home/airflow/.local/lib/python3.6/site-packages/airflow/example_dags/example_branch_operator.py
[2022-07-10 08:53:15,756] {scheduler_job.py:629} INFO - Processing file /home/airflow/.local/lib/python3.6/site-packages/airflow/example_dags/example_branch_operator.py for tasks to queue
[2022-07-10 08:53:15,756] {logging_mixin.py:104} INFO - [2022-07-10 08:53:15,756] {dagbag.py:451} INFO - Filling up the DagBag from /home/airflow/.local/lib/python3.6/site-packages/airflow/example_dags/example_branch_operator.py
[2022-07-10 08:53:15,765] {scheduler_job.py:639} INFO - DAG(s) dict_keys(['example_branch_operator']) retrieved from /home/airflow/.local/lib/python3.6/site-packages/airflow/example_dags/example_branch_operator.py
[2022-07-10 08:53:15,778] {logging_mixin.py:104} INFO - [2022-07-10 08:53:15,778] {dag.py:1824} INFO - Sync 1 DAGs
[2022-07-10 08:53:15,791] {logging_mixin.py:104} INFO - [2022-07-10 08:53:15,791] {dag.py:2280} INFO - Setting next_dagrun for example_branch_operator to 2022-07-08 00:00:00+00:00
[2022-07-10 08:53:15,798] {scheduler_job.py:190} INFO - Processing /home/airflow/.local/lib/python3.6/site-packages/airflow/example_dags/example_branch_operator.py took 0.045 seconds
[2022-07-10 08:53:46,609] {scheduler_job.py:182} INFO - Started process (PID=1131) to work on /home/airflow/.local/lib/python3.6/site-packages/airflow/example_dags/example_branch_operator.py
[2022-07-10 08:53:46,609] {scheduler_job.py:629} INFO - Processing file /home/airflow/.local/lib/python3.6/site-packages/airflow/example_dags/example_branch_operator.py for tasks to queue
[2022-07-10 08:53:46,610] {logging_mixin.py:104} INFO - [2022-07-10 08:53:46,610] {dagbag.py:451} INFO - Filling up the DagBag from /home/airflow/.local/lib/python3.6/site-packages/airflow/example_dags/example_branch_operator.py
[2022-07-10 08:53:46,619] {scheduler_job.py:639} INFO - DAG(s) dict_keys(['example_branch_operator']) retrieved from /home/airflow/.local/lib/python3.6/site-packages/airflow/example_dags/example_branch_operator.py
[2022-07-10 08:53:46,631] {logging_mixin.py:104} INFO - [2022-07-10 08:53:46,631] {dag.py:1824} INFO - Sync 1 DAGs
[2022-07-10 08:53:46,645] {logging_mixin.py:104} INFO - [2022-07-10 08:53:46,645] {dag.py:2280} INFO - Setting next_dagrun for example_branch_operator to 2022-07-08 00:00:00+00:00
[2022-07-10 08:53:46,653] {scheduler_job.py:190} INFO - Processing /home/airflow/.local/lib/python3.6/site-packages/airflow/example_dags/example_branch_operator.py took 0.046 seconds
[2022-07-10 08:54:17,490] {scheduler_job.py:182} INFO - Started process (PID=1157) to work on /home/airflow/.local/lib/python3.6/site-packages/airflow/example_dags/example_branch_operator.py
[2022-07-10 08:54:17,491] {scheduler_job.py:629} INFO - Processing file /home/airflow/.local/lib/python3.6/site-packages/airflow/example_dags/example_branch_operator.py for tasks to queue
[2022-07-10 08:54:17,491] {logging_mixin.py:104} INFO - [2022-07-10 08:54:17,491] {dagbag.py:451} INFO - Filling up the DagBag from /home/airflow/.local/lib/python3.6/site-packages/airflow/example_dags/example_branch_operator.py
[2022-07-10 08:54:17,501] {scheduler_job.py:639} INFO - DAG(s) dict_keys(['example_branch_operator']) retrieved from /home/airflow/.local/lib/python3.6/site-packages/airflow/example_dags/example_branch_operator.py
[2022-07-10 08:54:17,514] {logging_mixin.py:104} INFO - [2022-07-10 08:54:17,514] {dag.py:1824} INFO - Sync 1 DAGs
[2022-07-10 08:54:17,527] {logging_mixin.py:104} INFO - [2022-07-10 08:54:17,527] {dag.py:2280} INFO - Setting next_dagrun for example_branch_operator to 2022-07-08 00:00:00+00:00
[2022-07-10 08:54:17,534] {scheduler_job.py:190} INFO - Processing /home/airflow/.local/lib/python3.6/site-packages/airflow/example_dags/example_branch_operator.py took 0.046 seconds
[2022-07-10 08:54:48,356] {scheduler_job.py:182} INFO - Started process (PID=1183) to work on /home/airflow/.local/lib/python3.6/site-packages/airflow/example_dags/example_branch_operator.py
[2022-07-10 08:54:48,357] {scheduler_job.py:629} INFO - Processing file /home/airflow/.local/lib/python3.6/site-packages/airflow/example_dags/example_branch_operator.py for tasks to queue
[2022-07-10 08:54:48,358] {logging_mixin.py:104} INFO - [2022-07-10 08:54:48,358] {dagbag.py:451} INFO - Filling up the DagBag from /home/airflow/.local/lib/python3.6/site-packages/airflow/example_dags/example_branch_operator.py
[2022-07-10 08:54:48,366] {scheduler_job.py:639} INFO - DAG(s) dict_keys(['example_branch_operator']) retrieved from /home/airflow/.local/lib/python3.6/site-packages/airflow/example_dags/example_branch_operator.py
[2022-07-10 08:54:48,379] {logging_mixin.py:104} INFO - [2022-07-10 08:54:48,379] {dag.py:1824} INFO - Sync 1 DAGs
[2022-07-10 08:54:48,393] {logging_mixin.py:104} INFO - [2022-07-10 08:54:48,393] {dag.py:2280} INFO - Setting next_dagrun for example_branch_operator to 2022-07-08 00:00:00+00:00
[2022-07-10 08:54:48,400] {scheduler_job.py:190} INFO - Processing /home/airflow/.local/lib/python3.6/site-packages/airflow/example_dags/example_branch_operator.py took 0.046 seconds
[2022-07-10 08:55:19,150] {scheduler_job.py:182} INFO - Started process (PID=1209) to work on /home/airflow/.local/lib/python3.6/site-packages/airflow/example_dags/example_branch_operator.py
[2022-07-10 08:55:19,151] {scheduler_job.py:629} INFO - Processing file /home/airflow/.local/lib/python3.6/site-packages/airflow/example_dags/example_branch_operator.py for tasks to queue
[2022-07-10 08:55:19,151] {logging_mixin.py:104} INFO - [2022-07-10 08:55:19,151] {dagbag.py:451} INFO - Filling up the DagBag from /home/airflow/.local/lib/python3.6/site-packages/airflow/example_dags/example_branch_operator.py
[2022-07-10 08:55:19,160] {scheduler_job.py:639} INFO - DAG(s) dict_keys(['example_branch_operator']) retrieved from /home/airflow/.local/lib/python3.6/site-packages/airflow/example_dags/example_branch_operator.py
[2022-07-10 08:55:19,172] {logging_mixin.py:104} INFO - [2022-07-10 08:55:19,172] {dag.py:1824} INFO - Sync 1 DAGs
[2022-07-10 08:55:19,185] {logging_mixin.py:104} INFO - [2022-07-10 08:55:19,185] {dag.py:2280} INFO - Setting next_dagrun for example_branch_operator to 2022-07-08 00:00:00+00:00
[2022-07-10 08:55:19,191] {scheduler_job.py:190} INFO - Processing /home/airflow/.local/lib/python3.6/site-packages/airflow/example_dags/example_branch_operator.py took 0.043 seconds
[2022-07-10 08:55:50,241] {scheduler_job.py:182} INFO - Started process (PID=1235) to work on /home/airflow/.local/lib/python3.6/site-packages/airflow/example_dags/example_branch_operator.py
[2022-07-10 08:55:50,242] {scheduler_job.py:629} INFO - Processing file /home/airflow/.local/lib/python3.6/site-packages/airflow/example_dags/example_branch_operator.py for tasks to queue
[2022-07-10 08:55:50,242] {logging_mixin.py:104} INFO - [2022-07-10 08:55:50,242] {dagbag.py:451} INFO - Filling up the DagBag from /home/airflow/.local/lib/python3.6/site-packages/airflow/example_dags/example_branch_operator.py
[2022-07-10 08:55:50,254] {scheduler_job.py:639} INFO - DAG(s) dict_keys(['example_branch_operator']) retrieved from /home/airflow/.local/lib/python3.6/site-packages/airflow/example_dags/example_branch_operator.py
[2022-07-10 08:55:50,269] {logging_mixin.py:104} INFO - [2022-07-10 08:55:50,269] {dag.py:1824} INFO - Sync 1 DAGs
[2022-07-10 08:55:50,283] {logging_mixin.py:104} INFO - [2022-07-10 08:55:50,283] {dag.py:2280} INFO - Setting next_dagrun for example_branch_operator to 2022-07-08 00:00:00+00:00
[2022-07-10 08:55:50,290] {scheduler_job.py:190} INFO - Processing /home/airflow/.local/lib/python3.6/site-packages/airflow/example_dags/example_branch_operator.py took 0.050 seconds
[2022-07-10 08:56:21,255] {scheduler_job.py:182} INFO - Started process (PID=1261) to work on /home/airflow/.local/lib/python3.6/site-packages/airflow/example_dags/example_branch_operator.py
[2022-07-10 08:56:21,256] {scheduler_job.py:629} INFO - Processing file /home/airflow/.local/lib/python3.6/site-packages/airflow/example_dags/example_branch_operator.py for tasks to queue
[2022-07-10 08:56:21,256] {logging_mixin.py:104} INFO - [2022-07-10 08:56:21,256] {dagbag.py:451} INFO - Filling up the DagBag from /home/airflow/.local/lib/python3.6/site-packages/airflow/example_dags/example_branch_operator.py
[2022-07-10 08:56:21,266] {scheduler_job.py:639} INFO - DAG(s) dict_keys(['example_branch_operator']) retrieved from /home/airflow/.local/lib/python3.6/site-packages/airflow/example_dags/example_branch_operator.py
[2022-07-10 08:56:21,279] {logging_mixin.py:104} INFO - [2022-07-10 08:56:21,279] {dag.py:1824} INFO - Sync 1 DAGs
[2022-07-10 08:56:21,291] {logging_mixin.py:104} INFO - [2022-07-10 08:56:21,291] {dag.py:2280} INFO - Setting next_dagrun for example_branch_operator to 2022-07-08 00:00:00+00:00
[2022-07-10 08:56:21,298] {scheduler_job.py:190} INFO - Processing /home/airflow/.local/lib/python3.6/site-packages/airflow/example_dags/example_branch_operator.py took 0.045 seconds
[2022-07-10 08:56:52,091] {scheduler_job.py:182} INFO - Started process (PID=1287) to work on /home/airflow/.local/lib/python3.6/site-packages/airflow/example_dags/example_branch_operator.py
[2022-07-10 08:56:52,092] {scheduler_job.py:629} INFO - Processing file /home/airflow/.local/lib/python3.6/site-packages/airflow/example_dags/example_branch_operator.py for tasks to queue
[2022-07-10 08:56:52,093] {logging_mixin.py:104} INFO - [2022-07-10 08:56:52,093] {dagbag.py:451} INFO - Filling up the DagBag from /home/airflow/.local/lib/python3.6/site-packages/airflow/example_dags/example_branch_operator.py
[2022-07-10 08:56:52,103] {scheduler_job.py:639} INFO - DAG(s) dict_keys(['example_branch_operator']) retrieved from /home/airflow/.local/lib/python3.6/site-packages/airflow/example_dags/example_branch_operator.py
[2022-07-10 08:56:52,116] {logging_mixin.py:104} INFO - [2022-07-10 08:56:52,116] {dag.py:1824} INFO - Sync 1 DAGs
[2022-07-10 08:56:52,130] {logging_mixin.py:104} INFO - [2022-07-10 08:56:52,130] {dag.py:2280} INFO - Setting next_dagrun for example_branch_operator to 2022-07-08 00:00:00+00:00
[2022-07-10 08:56:52,138] {scheduler_job.py:190} INFO - Processing /home/airflow/.local/lib/python3.6/site-packages/airflow/example_dags/example_branch_operator.py took 0.048 seconds
[2022-07-10 08:57:22,985] {scheduler_job.py:182} INFO - Started process (PID=1313) to work on /home/airflow/.local/lib/python3.6/site-packages/airflow/example_dags/example_branch_operator.py
[2022-07-10 08:57:22,986] {scheduler_job.py:629} INFO - Processing file /home/airflow/.local/lib/python3.6/site-packages/airflow/example_dags/example_branch_operator.py for tasks to queue
[2022-07-10 08:57:22,987] {logging_mixin.py:104} INFO - [2022-07-10 08:57:22,987] {dagbag.py:451} INFO - Filling up the DagBag from /home/airflow/.local/lib/python3.6/site-packages/airflow/example_dags/example_branch_operator.py
[2022-07-10 08:57:22,998] {scheduler_job.py:639} INFO - DAG(s) dict_keys(['example_branch_operator']) retrieved from /home/airflow/.local/lib/python3.6/site-packages/airflow/example_dags/example_branch_operator.py
[2022-07-10 08:57:23,012] {logging_mixin.py:104} INFO - [2022-07-10 08:57:23,012] {dag.py:1824} INFO - Sync 1 DAGs
[2022-07-10 08:57:23,025] {logging_mixin.py:104} INFO - [2022-07-10 08:57:23,025] {dag.py:2280} INFO - Setting next_dagrun for example_branch_operator to 2022-07-08 00:00:00+00:00
[2022-07-10 08:57:23,033] {scheduler_job.py:190} INFO - Processing /home/airflow/.local/lib/python3.6/site-packages/airflow/example_dags/example_branch_operator.py took 0.049 seconds
[2022-07-10 08:57:53,801] {scheduler_job.py:182} INFO - Started process (PID=1339) to work on /home/airflow/.local/lib/python3.6/site-packages/airflow/example_dags/example_branch_operator.py
[2022-07-10 08:57:53,802] {scheduler_job.py:629} INFO - Processing file /home/airflow/.local/lib/python3.6/site-packages/airflow/example_dags/example_branch_operator.py for tasks to queue
[2022-07-10 08:57:53,803] {logging_mixin.py:104} INFO - [2022-07-10 08:57:53,803] {dagbag.py:451} INFO - Filling up the DagBag from /home/airflow/.local/lib/python3.6/site-packages/airflow/example_dags/example_branch_operator.py
[2022-07-10 08:57:53,826] {scheduler_job.py:639} INFO - DAG(s) dict_keys(['example_branch_operator']) retrieved from /home/airflow/.local/lib/python3.6/site-packages/airflow/example_dags/example_branch_operator.py
[2022-07-10 08:57:53,885] {logging_mixin.py:104} INFO - [2022-07-10 08:57:53,885] {dag.py:1824} INFO - Sync 1 DAGs
[2022-07-10 08:57:53,907] {logging_mixin.py:104} INFO - [2022-07-10 08:57:53,907] {dag.py:2280} INFO - Setting next_dagrun for example_branch_operator to 2022-07-08 00:00:00+00:00
[2022-07-10 08:57:53,916] {scheduler_job.py:190} INFO - Processing /home/airflow/.local/lib/python3.6/site-packages/airflow/example_dags/example_branch_operator.py took 0.117 seconds
[2022-07-10 08:58:24,839] {scheduler_job.py:182} INFO - Started process (PID=1365) to work on /home/airflow/.local/lib/python3.6/site-packages/airflow/example_dags/example_branch_operator.py
[2022-07-10 08:58:24,840] {scheduler_job.py:629} INFO - Processing file /home/airflow/.local/lib/python3.6/site-packages/airflow/example_dags/example_branch_operator.py for tasks to queue
[2022-07-10 08:58:24,840] {logging_mixin.py:104} INFO - [2022-07-10 08:58:24,840] {dagbag.py:451} INFO - Filling up the DagBag from /home/airflow/.local/lib/python3.6/site-packages/airflow/example_dags/example_branch_operator.py
[2022-07-10 08:58:24,851] {scheduler_job.py:639} INFO - DAG(s) dict_keys(['example_branch_operator']) retrieved from /home/airflow/.local/lib/python3.6/site-packages/airflow/example_dags/example_branch_operator.py
[2022-07-10 08:58:24,864] {logging_mixin.py:104} INFO - [2022-07-10 08:58:24,864] {dag.py:1824} INFO - Sync 1 DAGs
[2022-07-10 08:58:24,878] {logging_mixin.py:104} INFO - [2022-07-10 08:58:24,878] {dag.py:2280} INFO - Setting next_dagrun for example_branch_operator to 2022-07-08 00:00:00+00:00
[2022-07-10 08:58:24,887] {scheduler_job.py:190} INFO - Processing /home/airflow/.local/lib/python3.6/site-packages/airflow/example_dags/example_branch_operator.py took 0.050 seconds
[2022-07-10 08:58:55,625] {scheduler_job.py:182} INFO - Started process (PID=1391) to work on /home/airflow/.local/lib/python3.6/site-packages/airflow/example_dags/example_branch_operator.py
[2022-07-10 08:58:55,626] {scheduler_job.py:629} INFO - Processing file /home/airflow/.local/lib/python3.6/site-packages/airflow/example_dags/example_branch_operator.py for tasks to queue
[2022-07-10 08:58:55,627] {logging_mixin.py:104} INFO - [2022-07-10 08:58:55,626] {dagbag.py:451} INFO - Filling up the DagBag from /home/airflow/.local/lib/python3.6/site-packages/airflow/example_dags/example_branch_operator.py
[2022-07-10 08:58:55,637] {scheduler_job.py:639} INFO - DAG(s) dict_keys(['example_branch_operator']) retrieved from /home/airflow/.local/lib/python3.6/site-packages/airflow/example_dags/example_branch_operator.py
[2022-07-10 08:58:55,650] {logging_mixin.py:104} INFO - [2022-07-10 08:58:55,650] {dag.py:1824} INFO - Sync 1 DAGs
[2022-07-10 08:58:55,663] {logging_mixin.py:104} INFO - [2022-07-10 08:58:55,663] {dag.py:2280} INFO - Setting next_dagrun for example_branch_operator to 2022-07-08 00:00:00+00:00
[2022-07-10 08:58:55,670] {scheduler_job.py:190} INFO - Processing /home/airflow/.local/lib/python3.6/site-packages/airflow/example_dags/example_branch_operator.py took 0.047 seconds
[2022-07-10 08:59:26,488] {scheduler_job.py:182} INFO - Started process (PID=1417) to work on /home/airflow/.local/lib/python3.6/site-packages/airflow/example_dags/example_branch_operator.py
[2022-07-10 08:59:26,489] {scheduler_job.py:629} INFO - Processing file /home/airflow/.local/lib/python3.6/site-packages/airflow/example_dags/example_branch_operator.py for tasks to queue
[2022-07-10 08:59:26,490] {logging_mixin.py:104} INFO - [2022-07-10 08:59:26,490] {dagbag.py:451} INFO - Filling up the DagBag from /home/airflow/.local/lib/python3.6/site-packages/airflow/example_dags/example_branch_operator.py
[2022-07-10 08:59:26,499] {scheduler_job.py:639} INFO - DAG(s) dict_keys(['example_branch_operator']) retrieved from /home/airflow/.local/lib/python3.6/site-packages/airflow/example_dags/example_branch_operator.py
[2022-07-10 08:59:26,512] {logging_mixin.py:104} INFO - [2022-07-10 08:59:26,512] {dag.py:1824} INFO - Sync 1 DAGs
[2022-07-10 08:59:26,526] {logging_mixin.py:104} INFO - [2022-07-10 08:59:26,525] {dag.py:2280} INFO - Setting next_dagrun for example_branch_operator to 2022-07-08 00:00:00+00:00
[2022-07-10 08:59:26,534] {scheduler_job.py:190} INFO - Processing /home/airflow/.local/lib/python3.6/site-packages/airflow/example_dags/example_branch_operator.py took 0.047 seconds
[2022-07-10 08:59:57,258] {scheduler_job.py:182} INFO - Started process (PID=1443) to work on /home/airflow/.local/lib/python3.6/site-packages/airflow/example_dags/example_branch_operator.py
[2022-07-10 08:59:57,259] {scheduler_job.py:629} INFO - Processing file /home/airflow/.local/lib/python3.6/site-packages/airflow/example_dags/example_branch_operator.py for tasks to queue
[2022-07-10 08:59:57,260] {logging_mixin.py:104} INFO - [2022-07-10 08:59:57,260] {dagbag.py:451} INFO - Filling up the DagBag from /home/airflow/.local/lib/python3.6/site-packages/airflow/example_dags/example_branch_operator.py
[2022-07-10 08:59:57,269] {scheduler_job.py:639} INFO - DAG(s) dict_keys(['example_branch_operator']) retrieved from /home/airflow/.local/lib/python3.6/site-packages/airflow/example_dags/example_branch_operator.py
[2022-07-10 08:59:57,283] {logging_mixin.py:104} INFO - [2022-07-10 08:59:57,283] {dag.py:1824} INFO - Sync 1 DAGs
[2022-07-10 08:59:57,296] {logging_mixin.py:104} INFO - [2022-07-10 08:59:57,296] {dag.py:2280} INFO - Setting next_dagrun for example_branch_operator to 2022-07-08 00:00:00+00:00
[2022-07-10 08:59:57,304] {scheduler_job.py:190} INFO - Processing /home/airflow/.local/lib/python3.6/site-packages/airflow/example_dags/example_branch_operator.py took 0.048 seconds
[2022-07-10 09:00:28,049] {scheduler_job.py:182} INFO - Started process (PID=1469) to work on /home/airflow/.local/lib/python3.6/site-packages/airflow/example_dags/example_branch_operator.py
[2022-07-10 09:00:28,049] {scheduler_job.py:629} INFO - Processing file /home/airflow/.local/lib/python3.6/site-packages/airflow/example_dags/example_branch_operator.py for tasks to queue
[2022-07-10 09:00:28,050] {logging_mixin.py:104} INFO - [2022-07-10 09:00:28,050] {dagbag.py:451} INFO - Filling up the DagBag from /home/airflow/.local/lib/python3.6/site-packages/airflow/example_dags/example_branch_operator.py
[2022-07-10 09:00:28,061] {scheduler_job.py:639} INFO - DAG(s) dict_keys(['example_branch_operator']) retrieved from /home/airflow/.local/lib/python3.6/site-packages/airflow/example_dags/example_branch_operator.py
[2022-07-10 09:00:28,074] {logging_mixin.py:104} INFO - [2022-07-10 09:00:28,074] {dag.py:1824} INFO - Sync 1 DAGs
[2022-07-10 09:00:28,089] {logging_mixin.py:104} INFO - [2022-07-10 09:00:28,089] {dag.py:2280} INFO - Setting next_dagrun for example_branch_operator to 2022-07-08 00:00:00+00:00
[2022-07-10 09:00:28,097] {scheduler_job.py:190} INFO - Processing /home/airflow/.local/lib/python3.6/site-packages/airflow/example_dags/example_branch_operator.py took 0.050 seconds
[2022-07-10 09:00:58,906] {scheduler_job.py:182} INFO - Started process (PID=1495) to work on /home/airflow/.local/lib/python3.6/site-packages/airflow/example_dags/example_branch_operator.py
[2022-07-10 09:00:58,907] {scheduler_job.py:629} INFO - Processing file /home/airflow/.local/lib/python3.6/site-packages/airflow/example_dags/example_branch_operator.py for tasks to queue
[2022-07-10 09:00:58,908] {logging_mixin.py:104} INFO - [2022-07-10 09:00:58,908] {dagbag.py:451} INFO - Filling up the DagBag from /home/airflow/.local/lib/python3.6/site-packages/airflow/example_dags/example_branch_operator.py
[2022-07-10 09:00:58,917] {scheduler_job.py:639} INFO - DAG(s) dict_keys(['example_branch_operator']) retrieved from /home/airflow/.local/lib/python3.6/site-packages/airflow/example_dags/example_branch_operator.py
[2022-07-10 09:00:58,931] {logging_mixin.py:104} INFO - [2022-07-10 09:00:58,931] {dag.py:1824} INFO - Sync 1 DAGs
[2022-07-10 09:00:58,949] {logging_mixin.py:104} INFO - [2022-07-10 09:00:58,948] {dag.py:2280} INFO - Setting next_dagrun for example_branch_operator to 2022-07-08 00:00:00+00:00
[2022-07-10 09:00:58,957] {scheduler_job.py:190} INFO - Processing /home/airflow/.local/lib/python3.6/site-packages/airflow/example_dags/example_branch_operator.py took 0.053 seconds
[2022-07-10 09:03:55,327] {scheduler_job.py:182} INFO - Started process (PID=61) to work on /home/airflow/.local/lib/python3.6/site-packages/airflow/example_dags/example_branch_operator.py
[2022-07-10 09:03:55,328] {scheduler_job.py:629} INFO - Processing file /home/airflow/.local/lib/python3.6/site-packages/airflow/example_dags/example_branch_operator.py for tasks to queue
[2022-07-10 09:03:55,329] {logging_mixin.py:104} INFO - [2022-07-10 09:03:55,328] {dagbag.py:451} INFO - Filling up the DagBag from /home/airflow/.local/lib/python3.6/site-packages/airflow/example_dags/example_branch_operator.py
[2022-07-10 09:03:55,339] {scheduler_job.py:639} INFO - DAG(s) dict_keys(['example_branch_operator']) retrieved from /home/airflow/.local/lib/python3.6/site-packages/airflow/example_dags/example_branch_operator.py
[2022-07-10 09:03:55,356] {logging_mixin.py:104} INFO - [2022-07-10 09:03:55,356] {dag.py:1824} INFO - Sync 1 DAGs
[2022-07-10 09:03:55,375] {logging_mixin.py:104} INFO - [2022-07-10 09:03:55,375] {dag.py:2280} INFO - Setting next_dagrun for example_branch_operator to 2022-07-08 00:00:00+00:00
[2022-07-10 09:03:55,383] {scheduler_job.py:190} INFO - Processing /home/airflow/.local/lib/python3.6/site-packages/airflow/example_dags/example_branch_operator.py took 0.059 seconds
[2022-07-10 09:04:26,185] {scheduler_job.py:182} INFO - Started process (PID=87) to work on /home/airflow/.local/lib/python3.6/site-packages/airflow/example_dags/example_branch_operator.py
[2022-07-10 09:04:26,185] {scheduler_job.py:629} INFO - Processing file /home/airflow/.local/lib/python3.6/site-packages/airflow/example_dags/example_branch_operator.py for tasks to queue
[2022-07-10 09:04:26,186] {logging_mixin.py:104} INFO - [2022-07-10 09:04:26,186] {dagbag.py:451} INFO - Filling up the DagBag from /home/airflow/.local/lib/python3.6/site-packages/airflow/example_dags/example_branch_operator.py
[2022-07-10 09:04:26,194] {scheduler_job.py:639} INFO - DAG(s) dict_keys(['example_branch_operator']) retrieved from /home/airflow/.local/lib/python3.6/site-packages/airflow/example_dags/example_branch_operator.py
[2022-07-10 09:04:26,207] {logging_mixin.py:104} INFO - [2022-07-10 09:04:26,206] {dag.py:1824} INFO - Sync 1 DAGs
[2022-07-10 09:04:26,221] {logging_mixin.py:104} INFO - [2022-07-10 09:04:26,221] {dag.py:2280} INFO - Setting next_dagrun for example_branch_operator to 2022-07-08 00:00:00+00:00
[2022-07-10 09:04:26,227] {scheduler_job.py:190} INFO - Processing /home/airflow/.local/lib/python3.6/site-packages/airflow/example_dags/example_branch_operator.py took 0.044 seconds
[2022-07-10 09:04:56,992] {scheduler_job.py:182} INFO - Started process (PID=113) to work on /home/airflow/.local/lib/python3.6/site-packages/airflow/example_dags/example_branch_operator.py
[2022-07-10 09:04:56,993] {scheduler_job.py:629} INFO - Processing file /home/airflow/.local/lib/python3.6/site-packages/airflow/example_dags/example_branch_operator.py for tasks to queue
[2022-07-10 09:04:56,993] {logging_mixin.py:104} INFO - [2022-07-10 09:04:56,993] {dagbag.py:451} INFO - Filling up the DagBag from /home/airflow/.local/lib/python3.6/site-packages/airflow/example_dags/example_branch_operator.py
[2022-07-10 09:04:57,003] {scheduler_job.py:639} INFO - DAG(s) dict_keys(['example_branch_operator']) retrieved from /home/airflow/.local/lib/python3.6/site-packages/airflow/example_dags/example_branch_operator.py
[2022-07-10 09:04:57,016] {logging_mixin.py:104} INFO - [2022-07-10 09:04:57,016] {dag.py:1824} INFO - Sync 1 DAGs
[2022-07-10 09:04:57,036] {logging_mixin.py:104} INFO - [2022-07-10 09:04:57,036] {dag.py:2280} INFO - Setting next_dagrun for example_branch_operator to 2022-07-08 00:00:00+00:00
[2022-07-10 09:04:57,043] {scheduler_job.py:190} INFO - Processing /home/airflow/.local/lib/python3.6/site-packages/airflow/example_dags/example_branch_operator.py took 0.052 seconds
[2022-07-10 09:05:27,845] {scheduler_job.py:182} INFO - Started process (PID=139) to work on /home/airflow/.local/lib/python3.6/site-packages/airflow/example_dags/example_branch_operator.py
[2022-07-10 09:05:27,845] {scheduler_job.py:629} INFO - Processing file /home/airflow/.local/lib/python3.6/site-packages/airflow/example_dags/example_branch_operator.py for tasks to queue
[2022-07-10 09:05:27,846] {logging_mixin.py:104} INFO - [2022-07-10 09:05:27,846] {dagbag.py:451} INFO - Filling up the DagBag from /home/airflow/.local/lib/python3.6/site-packages/airflow/example_dags/example_branch_operator.py
[2022-07-10 09:05:27,854] {scheduler_job.py:639} INFO - DAG(s) dict_keys(['example_branch_operator']) retrieved from /home/airflow/.local/lib/python3.6/site-packages/airflow/example_dags/example_branch_operator.py
[2022-07-10 09:05:27,868] {logging_mixin.py:104} INFO - [2022-07-10 09:05:27,868] {dag.py:1824} INFO - Sync 1 DAGs
[2022-07-10 09:05:27,880] {logging_mixin.py:104} INFO - [2022-07-10 09:05:27,880] {dag.py:2280} INFO - Setting next_dagrun for example_branch_operator to 2022-07-08 00:00:00+00:00
[2022-07-10 09:05:27,887] {scheduler_job.py:190} INFO - Processing /home/airflow/.local/lib/python3.6/site-packages/airflow/example_dags/example_branch_operator.py took 0.044 seconds
[2022-07-10 09:05:58,678] {scheduler_job.py:182} INFO - Started process (PID=165) to work on /home/airflow/.local/lib/python3.6/site-packages/airflow/example_dags/example_branch_operator.py
[2022-07-10 09:05:58,678] {scheduler_job.py:629} INFO - Processing file /home/airflow/.local/lib/python3.6/site-packages/airflow/example_dags/example_branch_operator.py for tasks to queue
[2022-07-10 09:05:58,679] {logging_mixin.py:104} INFO - [2022-07-10 09:05:58,679] {dagbag.py:451} INFO - Filling up the DagBag from /home/airflow/.local/lib/python3.6/site-packages/airflow/example_dags/example_branch_operator.py
[2022-07-10 09:05:58,688] {scheduler_job.py:639} INFO - DAG(s) dict_keys(['example_branch_operator']) retrieved from /home/airflow/.local/lib/python3.6/site-packages/airflow/example_dags/example_branch_operator.py
[2022-07-10 09:05:58,702] {logging_mixin.py:104} INFO - [2022-07-10 09:05:58,702] {dag.py:1824} INFO - Sync 1 DAGs
[2022-07-10 09:05:58,715] {logging_mixin.py:104} INFO - [2022-07-10 09:05:58,715] {dag.py:2280} INFO - Setting next_dagrun for example_branch_operator to 2022-07-08 00:00:00+00:00
[2022-07-10 09:05:58,722] {scheduler_job.py:190} INFO - Processing /home/airflow/.local/lib/python3.6/site-packages/airflow/example_dags/example_branch_operator.py took 0.046 seconds
[2022-07-10 09:06:29,474] {scheduler_job.py:182} INFO - Started process (PID=191) to work on /home/airflow/.local/lib/python3.6/site-packages/airflow/example_dags/example_branch_operator.py
[2022-07-10 09:06:29,475] {scheduler_job.py:629} INFO - Processing file /home/airflow/.local/lib/python3.6/site-packages/airflow/example_dags/example_branch_operator.py for tasks to queue
[2022-07-10 09:06:29,475] {logging_mixin.py:104} INFO - [2022-07-10 09:06:29,475] {dagbag.py:451} INFO - Filling up the DagBag from /home/airflow/.local/lib/python3.6/site-packages/airflow/example_dags/example_branch_operator.py
[2022-07-10 09:06:29,484] {scheduler_job.py:639} INFO - DAG(s) dict_keys(['example_branch_operator']) retrieved from /home/airflow/.local/lib/python3.6/site-packages/airflow/example_dags/example_branch_operator.py
[2022-07-10 09:06:29,499] {logging_mixin.py:104} INFO - [2022-07-10 09:06:29,499] {dag.py:1824} INFO - Sync 1 DAGs
[2022-07-10 09:06:29,513] {logging_mixin.py:104} INFO - [2022-07-10 09:06:29,513] {dag.py:2280} INFO - Setting next_dagrun for example_branch_operator to 2022-07-08 00:00:00+00:00
[2022-07-10 09:06:29,520] {scheduler_job.py:190} INFO - Processing /home/airflow/.local/lib/python3.6/site-packages/airflow/example_dags/example_branch_operator.py took 0.048 seconds
[2022-07-10 09:07:00,309] {scheduler_job.py:182} INFO - Started process (PID=217) to work on /home/airflow/.local/lib/python3.6/site-packages/airflow/example_dags/example_branch_operator.py
[2022-07-10 09:07:00,310] {scheduler_job.py:629} INFO - Processing file /home/airflow/.local/lib/python3.6/site-packages/airflow/example_dags/example_branch_operator.py for tasks to queue
[2022-07-10 09:07:00,311] {logging_mixin.py:104} INFO - [2022-07-10 09:07:00,311] {dagbag.py:451} INFO - Filling up the DagBag from /home/airflow/.local/lib/python3.6/site-packages/airflow/example_dags/example_branch_operator.py
[2022-07-10 09:07:00,320] {scheduler_job.py:639} INFO - DAG(s) dict_keys(['example_branch_operator']) retrieved from /home/airflow/.local/lib/python3.6/site-packages/airflow/example_dags/example_branch_operator.py
[2022-07-10 09:07:00,334] {logging_mixin.py:104} INFO - [2022-07-10 09:07:00,334] {dag.py:1824} INFO - Sync 1 DAGs
[2022-07-10 09:07:00,346] {logging_mixin.py:104} INFO - [2022-07-10 09:07:00,346] {dag.py:2280} INFO - Setting next_dagrun for example_branch_operator to 2022-07-08 00:00:00+00:00
[2022-07-10 09:07:00,354] {scheduler_job.py:190} INFO - Processing /home/airflow/.local/lib/python3.6/site-packages/airflow/example_dags/example_branch_operator.py took 0.046 seconds
[2022-07-10 09:07:31,100] {scheduler_job.py:182} INFO - Started process (PID=243) to work on /home/airflow/.local/lib/python3.6/site-packages/airflow/example_dags/example_branch_operator.py
[2022-07-10 09:07:31,101] {scheduler_job.py:629} INFO - Processing file /home/airflow/.local/lib/python3.6/site-packages/airflow/example_dags/example_branch_operator.py for tasks to queue
[2022-07-10 09:07:31,101] {logging_mixin.py:104} INFO - [2022-07-10 09:07:31,101] {dagbag.py:451} INFO - Filling up the DagBag from /home/airflow/.local/lib/python3.6/site-packages/airflow/example_dags/example_branch_operator.py
[2022-07-10 09:07:31,110] {scheduler_job.py:639} INFO - DAG(s) dict_keys(['example_branch_operator']) retrieved from /home/airflow/.local/lib/python3.6/site-packages/airflow/example_dags/example_branch_operator.py
[2022-07-10 09:07:31,125] {logging_mixin.py:104} INFO - [2022-07-10 09:07:31,125] {dag.py:1824} INFO - Sync 1 DAGs
[2022-07-10 09:07:31,139] {logging_mixin.py:104} INFO - [2022-07-10 09:07:31,138] {dag.py:2280} INFO - Setting next_dagrun for example_branch_operator to 2022-07-08 00:00:00+00:00
[2022-07-10 09:07:31,146] {scheduler_job.py:190} INFO - Processing /home/airflow/.local/lib/python3.6/site-packages/airflow/example_dags/example_branch_operator.py took 0.047 seconds
[2022-07-10 09:08:01,886] {scheduler_job.py:182} INFO - Started process (PID=269) to work on /home/airflow/.local/lib/python3.6/site-packages/airflow/example_dags/example_branch_operator.py
[2022-07-10 09:08:01,887] {scheduler_job.py:629} INFO - Processing file /home/airflow/.local/lib/python3.6/site-packages/airflow/example_dags/example_branch_operator.py for tasks to queue
[2022-07-10 09:08:01,887] {logging_mixin.py:104} INFO - [2022-07-10 09:08:01,887] {dagbag.py:451} INFO - Filling up the DagBag from /home/airflow/.local/lib/python3.6/site-packages/airflow/example_dags/example_branch_operator.py
[2022-07-10 09:08:01,898] {scheduler_job.py:639} INFO - DAG(s) dict_keys(['example_branch_operator']) retrieved from /home/airflow/.local/lib/python3.6/site-packages/airflow/example_dags/example_branch_operator.py
[2022-07-10 09:08:01,911] {logging_mixin.py:104} INFO - [2022-07-10 09:08:01,910] {dag.py:1824} INFO - Sync 1 DAGs
[2022-07-10 09:08:01,924] {logging_mixin.py:104} INFO - [2022-07-10 09:08:01,924] {dag.py:2280} INFO - Setting next_dagrun for example_branch_operator to 2022-07-08 00:00:00+00:00
[2022-07-10 09:08:01,931] {scheduler_job.py:190} INFO - Processing /home/airflow/.local/lib/python3.6/site-packages/airflow/example_dags/example_branch_operator.py took 0.047 seconds
[2022-07-10 09:08:32,738] {scheduler_job.py:182} INFO - Started process (PID=295) to work on /home/airflow/.local/lib/python3.6/site-packages/airflow/example_dags/example_branch_operator.py
[2022-07-10 09:08:32,739] {scheduler_job.py:629} INFO - Processing file /home/airflow/.local/lib/python3.6/site-packages/airflow/example_dags/example_branch_operator.py for tasks to queue
[2022-07-10 09:08:32,739] {logging_mixin.py:104} INFO - [2022-07-10 09:08:32,739] {dagbag.py:451} INFO - Filling up the DagBag from /home/airflow/.local/lib/python3.6/site-packages/airflow/example_dags/example_branch_operator.py
[2022-07-10 09:08:32,750] {scheduler_job.py:639} INFO - DAG(s) dict_keys(['example_branch_operator']) retrieved from /home/airflow/.local/lib/python3.6/site-packages/airflow/example_dags/example_branch_operator.py
[2022-07-10 09:08:32,762] {logging_mixin.py:104} INFO - [2022-07-10 09:08:32,762] {dag.py:1824} INFO - Sync 1 DAGs
[2022-07-10 09:08:32,775] {logging_mixin.py:104} INFO - [2022-07-10 09:08:32,775] {dag.py:2280} INFO - Setting next_dagrun for example_branch_operator to 2022-07-08 00:00:00+00:00
[2022-07-10 09:08:32,781] {scheduler_job.py:190} INFO - Processing /home/airflow/.local/lib/python3.6/site-packages/airflow/example_dags/example_branch_operator.py took 0.045 seconds
[2022-07-10 09:09:03,918] {scheduler_job.py:182} INFO - Started process (PID=321) to work on /home/airflow/.local/lib/python3.6/site-packages/airflow/example_dags/example_branch_operator.py
[2022-07-10 09:09:03,919] {scheduler_job.py:629} INFO - Processing file /home/airflow/.local/lib/python3.6/site-packages/airflow/example_dags/example_branch_operator.py for tasks to queue
[2022-07-10 09:09:03,920] {logging_mixin.py:104} INFO - [2022-07-10 09:09:03,920] {dagbag.py:451} INFO - Filling up the DagBag from /home/airflow/.local/lib/python3.6/site-packages/airflow/example_dags/example_branch_operator.py
[2022-07-10 09:09:03,930] {scheduler_job.py:639} INFO - DAG(s) dict_keys(['example_branch_operator']) retrieved from /home/airflow/.local/lib/python3.6/site-packages/airflow/example_dags/example_branch_operator.py
[2022-07-10 09:09:03,943] {logging_mixin.py:104} INFO - [2022-07-10 09:09:03,943] {dag.py:1824} INFO - Sync 1 DAGs
[2022-07-10 09:09:03,956] {logging_mixin.py:104} INFO - [2022-07-10 09:09:03,956] {dag.py:2280} INFO - Setting next_dagrun for example_branch_operator to 2022-07-08 00:00:00+00:00
[2022-07-10 09:09:03,963] {scheduler_job.py:190} INFO - Processing /home/airflow/.local/lib/python3.6/site-packages/airflow/example_dags/example_branch_operator.py took 0.046 seconds
[2022-07-10 09:09:34,815] {scheduler_job.py:182} INFO - Started process (PID=347) to work on /home/airflow/.local/lib/python3.6/site-packages/airflow/example_dags/example_branch_operator.py
[2022-07-10 09:09:34,816] {scheduler_job.py:629} INFO - Processing file /home/airflow/.local/lib/python3.6/site-packages/airflow/example_dags/example_branch_operator.py for tasks to queue
[2022-07-10 09:09:34,816] {logging_mixin.py:104} INFO - [2022-07-10 09:09:34,816] {dagbag.py:451} INFO - Filling up the DagBag from /home/airflow/.local/lib/python3.6/site-packages/airflow/example_dags/example_branch_operator.py
[2022-07-10 09:09:34,828] {scheduler_job.py:639} INFO - DAG(s) dict_keys(['example_branch_operator']) retrieved from /home/airflow/.local/lib/python3.6/site-packages/airflow/example_dags/example_branch_operator.py
[2022-07-10 09:09:34,841] {logging_mixin.py:104} INFO - [2022-07-10 09:09:34,841] {dag.py:1824} INFO - Sync 1 DAGs
[2022-07-10 09:09:34,856] {logging_mixin.py:104} INFO - [2022-07-10 09:09:34,856] {dag.py:2280} INFO - Setting next_dagrun for example_branch_operator to 2022-07-08 00:00:00+00:00
[2022-07-10 09:09:34,863] {scheduler_job.py:190} INFO - Processing /home/airflow/.local/lib/python3.6/site-packages/airflow/example_dags/example_branch_operator.py took 0.050 seconds
[2022-07-10 09:10:05,557] {scheduler_job.py:182} INFO - Started process (PID=373) to work on /home/airflow/.local/lib/python3.6/site-packages/airflow/example_dags/example_branch_operator.py
[2022-07-10 09:10:05,558] {scheduler_job.py:629} INFO - Processing file /home/airflow/.local/lib/python3.6/site-packages/airflow/example_dags/example_branch_operator.py for tasks to queue
[2022-07-10 09:10:05,558] {logging_mixin.py:104} INFO - [2022-07-10 09:10:05,558] {dagbag.py:451} INFO - Filling up the DagBag from /home/airflow/.local/lib/python3.6/site-packages/airflow/example_dags/example_branch_operator.py
[2022-07-10 09:10:05,568] {scheduler_job.py:639} INFO - DAG(s) dict_keys(['example_branch_operator']) retrieved from /home/airflow/.local/lib/python3.6/site-packages/airflow/example_dags/example_branch_operator.py
[2022-07-10 09:10:05,581] {logging_mixin.py:104} INFO - [2022-07-10 09:10:05,581] {dag.py:1824} INFO - Sync 1 DAGs
[2022-07-10 09:10:05,594] {logging_mixin.py:104} INFO - [2022-07-10 09:10:05,594] {dag.py:2280} INFO - Setting next_dagrun for example_branch_operator to 2022-07-08 00:00:00+00:00
[2022-07-10 09:10:05,602] {scheduler_job.py:190} INFO - Processing /home/airflow/.local/lib/python3.6/site-packages/airflow/example_dags/example_branch_operator.py took 0.046 seconds
[2022-07-10 09:10:36,499] {scheduler_job.py:182} INFO - Started process (PID=399) to work on /home/airflow/.local/lib/python3.6/site-packages/airflow/example_dags/example_branch_operator.py
[2022-07-10 09:10:36,500] {scheduler_job.py:629} INFO - Processing file /home/airflow/.local/lib/python3.6/site-packages/airflow/example_dags/example_branch_operator.py for tasks to queue
[2022-07-10 09:10:36,500] {logging_mixin.py:104} INFO - [2022-07-10 09:10:36,500] {dagbag.py:451} INFO - Filling up the DagBag from /home/airflow/.local/lib/python3.6/site-packages/airflow/example_dags/example_branch_operator.py
[2022-07-10 09:10:36,513] {scheduler_job.py:639} INFO - DAG(s) dict_keys(['example_branch_operator']) retrieved from /home/airflow/.local/lib/python3.6/site-packages/airflow/example_dags/example_branch_operator.py
[2022-07-10 09:10:36,527] {logging_mixin.py:104} INFO - [2022-07-10 09:10:36,527] {dag.py:1824} INFO - Sync 1 DAGs
[2022-07-10 09:10:36,540] {logging_mixin.py:104} INFO - [2022-07-10 09:10:36,540] {dag.py:2280} INFO - Setting next_dagrun for example_branch_operator to 2022-07-08 00:00:00+00:00
[2022-07-10 09:10:36,547] {scheduler_job.py:190} INFO - Processing /home/airflow/.local/lib/python3.6/site-packages/airflow/example_dags/example_branch_operator.py took 0.050 seconds
[2022-07-10 09:11:07,277] {scheduler_job.py:182} INFO - Started process (PID=425) to work on /home/airflow/.local/lib/python3.6/site-packages/airflow/example_dags/example_branch_operator.py
[2022-07-10 09:11:07,282] {scheduler_job.py:629} INFO - Processing file /home/airflow/.local/lib/python3.6/site-packages/airflow/example_dags/example_branch_operator.py for tasks to queue
[2022-07-10 09:11:07,282] {logging_mixin.py:104} INFO - [2022-07-10 09:11:07,282] {dagbag.py:451} INFO - Filling up the DagBag from /home/airflow/.local/lib/python3.6/site-packages/airflow/example_dags/example_branch_operator.py
[2022-07-10 09:11:07,291] {scheduler_job.py:639} INFO - DAG(s) dict_keys(['example_branch_operator']) retrieved from /home/airflow/.local/lib/python3.6/site-packages/airflow/example_dags/example_branch_operator.py
[2022-07-10 09:11:07,305] {logging_mixin.py:104} INFO - [2022-07-10 09:11:07,305] {dag.py:1824} INFO - Sync 1 DAGs
[2022-07-10 09:11:07,319] {logging_mixin.py:104} INFO - [2022-07-10 09:11:07,319] {dag.py:2280} INFO - Setting next_dagrun for example_branch_operator to 2022-07-08 00:00:00+00:00
[2022-07-10 09:11:07,326] {scheduler_job.py:190} INFO - Processing /home/airflow/.local/lib/python3.6/site-packages/airflow/example_dags/example_branch_operator.py took 0.051 seconds
[2022-07-10 09:11:38,102] {scheduler_job.py:182} INFO - Started process (PID=451) to work on /home/airflow/.local/lib/python3.6/site-packages/airflow/example_dags/example_branch_operator.py
[2022-07-10 09:11:38,103] {scheduler_job.py:629} INFO - Processing file /home/airflow/.local/lib/python3.6/site-packages/airflow/example_dags/example_branch_operator.py for tasks to queue
[2022-07-10 09:11:38,104] {logging_mixin.py:104} INFO - [2022-07-10 09:11:38,103] {dagbag.py:451} INFO - Filling up the DagBag from /home/airflow/.local/lib/python3.6/site-packages/airflow/example_dags/example_branch_operator.py
[2022-07-10 09:11:38,112] {scheduler_job.py:639} INFO - DAG(s) dict_keys(['example_branch_operator']) retrieved from /home/airflow/.local/lib/python3.6/site-packages/airflow/example_dags/example_branch_operator.py
[2022-07-10 09:11:38,129] {logging_mixin.py:104} INFO - [2022-07-10 09:11:38,128] {dag.py:1824} INFO - Sync 1 DAGs
[2022-07-10 09:11:38,144] {logging_mixin.py:104} INFO - [2022-07-10 09:11:38,144] {dag.py:2280} INFO - Setting next_dagrun for example_branch_operator to 2022-07-08 00:00:00+00:00
[2022-07-10 09:11:38,151] {scheduler_job.py:190} INFO - Processing /home/airflow/.local/lib/python3.6/site-packages/airflow/example_dags/example_branch_operator.py took 0.050 seconds
[2022-07-10 09:12:08,824] {scheduler_job.py:182} INFO - Started process (PID=477) to work on /home/airflow/.local/lib/python3.6/site-packages/airflow/example_dags/example_branch_operator.py
[2022-07-10 09:12:08,825] {scheduler_job.py:629} INFO - Processing file /home/airflow/.local/lib/python3.6/site-packages/airflow/example_dags/example_branch_operator.py for tasks to queue
[2022-07-10 09:12:08,825] {logging_mixin.py:104} INFO - [2022-07-10 09:12:08,825] {dagbag.py:451} INFO - Filling up the DagBag from /home/airflow/.local/lib/python3.6/site-packages/airflow/example_dags/example_branch_operator.py
[2022-07-10 09:12:08,834] {scheduler_job.py:639} INFO - DAG(s) dict_keys(['example_branch_operator']) retrieved from /home/airflow/.local/lib/python3.6/site-packages/airflow/example_dags/example_branch_operator.py
[2022-07-10 09:12:08,846] {logging_mixin.py:104} INFO - [2022-07-10 09:12:08,846] {dag.py:1824} INFO - Sync 1 DAGs
[2022-07-10 09:12:08,860] {logging_mixin.py:104} INFO - [2022-07-10 09:12:08,860] {dag.py:2280} INFO - Setting next_dagrun for example_branch_operator to 2022-07-08 00:00:00+00:00
[2022-07-10 09:12:08,866] {scheduler_job.py:190} INFO - Processing /home/airflow/.local/lib/python3.6/site-packages/airflow/example_dags/example_branch_operator.py took 0.044 seconds
