[2022-07-10 08:32:41,545] {scheduler_job.py:182} INFO - Started process (PID=48) to work on /home/airflow/.local/lib/python3.6/site-packages/airflow/example_dags/example_bash_operator.py
[2022-07-10 08:32:41,545] {scheduler_job.py:629} INFO - Processing file /home/airflow/.local/lib/python3.6/site-packages/airflow/example_dags/example_bash_operator.py for tasks to queue
[2022-07-10 08:32:41,546] {logging_mixin.py:104} INFO - [2022-07-10 08:32:41,546] {dagbag.py:451} INFO - Filling up the DagBag from /home/airflow/.local/lib/python3.6/site-packages/airflow/example_dags/example_bash_operator.py
[2022-07-10 08:32:41,555] {scheduler_job.py:639} INFO - DAG(s) dict_keys(['example_bash_operator']) retrieved from /home/airflow/.local/lib/python3.6/site-packages/airflow/example_dags/example_bash_operator.py
[2022-07-10 08:32:41,572] {logging_mixin.py:104} INFO - [2022-07-10 08:32:41,571] {dag.py:1824} INFO - Sync 1 DAGs
[2022-07-10 08:32:41,582] {logging_mixin.py:104} INFO - [2022-07-10 08:32:41,582] {dag.py:1843} INFO - Creating ORM DAG for example_bash_operator
[2022-07-10 08:32:41,591] {logging_mixin.py:104} INFO - [2022-07-10 08:32:41,591] {dag.py:2280} INFO - Setting next_dagrun for example_bash_operator to 2022-07-08 00:00:00+00:00
[2022-07-10 08:32:41,603] {scheduler_job.py:190} INFO - Processing /home/airflow/.local/lib/python3.6/site-packages/airflow/example_dags/example_bash_operator.py took 0.060 seconds
[2022-07-10 08:33:12,512] {scheduler_job.py:182} INFO - Started process (PID=74) to work on /home/airflow/.local/lib/python3.6/site-packages/airflow/example_dags/example_bash_operator.py
[2022-07-10 08:33:12,513] {scheduler_job.py:629} INFO - Processing file /home/airflow/.local/lib/python3.6/site-packages/airflow/example_dags/example_bash_operator.py for tasks to queue
[2022-07-10 08:33:12,513] {logging_mixin.py:104} INFO - [2022-07-10 08:33:12,513] {dagbag.py:451} INFO - Filling up the DagBag from /home/airflow/.local/lib/python3.6/site-packages/airflow/example_dags/example_bash_operator.py
[2022-07-10 08:33:12,521] {scheduler_job.py:639} INFO - DAG(s) dict_keys(['example_bash_operator']) retrieved from /home/airflow/.local/lib/python3.6/site-packages/airflow/example_dags/example_bash_operator.py
[2022-07-10 08:33:12,534] {logging_mixin.py:104} INFO - [2022-07-10 08:33:12,534] {dag.py:1824} INFO - Sync 1 DAGs
[2022-07-10 08:33:12,549] {logging_mixin.py:104} INFO - [2022-07-10 08:33:12,549] {dag.py:2280} INFO - Setting next_dagrun for example_bash_operator to 2022-07-08 00:00:00+00:00
[2022-07-10 08:33:12,556] {scheduler_job.py:190} INFO - Processing /home/airflow/.local/lib/python3.6/site-packages/airflow/example_dags/example_bash_operator.py took 0.045 seconds
[2022-07-10 08:33:43,411] {scheduler_job.py:182} INFO - Started process (PID=100) to work on /home/airflow/.local/lib/python3.6/site-packages/airflow/example_dags/example_bash_operator.py
[2022-07-10 08:33:43,411] {scheduler_job.py:629} INFO - Processing file /home/airflow/.local/lib/python3.6/site-packages/airflow/example_dags/example_bash_operator.py for tasks to queue
[2022-07-10 08:33:43,412] {logging_mixin.py:104} INFO - [2022-07-10 08:33:43,412] {dagbag.py:451} INFO - Filling up the DagBag from /home/airflow/.local/lib/python3.6/site-packages/airflow/example_dags/example_bash_operator.py
[2022-07-10 08:33:43,419] {scheduler_job.py:639} INFO - DAG(s) dict_keys(['example_bash_operator']) retrieved from /home/airflow/.local/lib/python3.6/site-packages/airflow/example_dags/example_bash_operator.py
[2022-07-10 08:33:43,431] {logging_mixin.py:104} INFO - [2022-07-10 08:33:43,431] {dag.py:1824} INFO - Sync 1 DAGs
[2022-07-10 08:33:43,447] {logging_mixin.py:104} INFO - [2022-07-10 08:33:43,447] {dag.py:2280} INFO - Setting next_dagrun for example_bash_operator to 2022-07-08 00:00:00+00:00
[2022-07-10 08:33:43,453] {scheduler_job.py:190} INFO - Processing /home/airflow/.local/lib/python3.6/site-packages/airflow/example_dags/example_bash_operator.py took 0.044 seconds
[2022-07-10 08:34:14,254] {scheduler_job.py:182} INFO - Started process (PID=126) to work on /home/airflow/.local/lib/python3.6/site-packages/airflow/example_dags/example_bash_operator.py
[2022-07-10 08:34:14,254] {scheduler_job.py:629} INFO - Processing file /home/airflow/.local/lib/python3.6/site-packages/airflow/example_dags/example_bash_operator.py for tasks to queue
[2022-07-10 08:34:14,255] {logging_mixin.py:104} INFO - [2022-07-10 08:34:14,255] {dagbag.py:451} INFO - Filling up the DagBag from /home/airflow/.local/lib/python3.6/site-packages/airflow/example_dags/example_bash_operator.py
[2022-07-10 08:34:14,262] {scheduler_job.py:639} INFO - DAG(s) dict_keys(['example_bash_operator']) retrieved from /home/airflow/.local/lib/python3.6/site-packages/airflow/example_dags/example_bash_operator.py
[2022-07-10 08:34:14,274] {logging_mixin.py:104} INFO - [2022-07-10 08:34:14,274] {dag.py:1824} INFO - Sync 1 DAGs
[2022-07-10 08:34:14,289] {logging_mixin.py:104} INFO - [2022-07-10 08:34:14,289] {dag.py:2280} INFO - Setting next_dagrun for example_bash_operator to 2022-07-08 00:00:00+00:00
[2022-07-10 08:34:14,296] {scheduler_job.py:190} INFO - Processing /home/airflow/.local/lib/python3.6/site-packages/airflow/example_dags/example_bash_operator.py took 0.044 seconds
[2022-07-10 08:34:45,052] {scheduler_job.py:182} INFO - Started process (PID=152) to work on /home/airflow/.local/lib/python3.6/site-packages/airflow/example_dags/example_bash_operator.py
[2022-07-10 08:34:45,053] {scheduler_job.py:629} INFO - Processing file /home/airflow/.local/lib/python3.6/site-packages/airflow/example_dags/example_bash_operator.py for tasks to queue
[2022-07-10 08:34:45,053] {logging_mixin.py:104} INFO - [2022-07-10 08:34:45,053] {dagbag.py:451} INFO - Filling up the DagBag from /home/airflow/.local/lib/python3.6/site-packages/airflow/example_dags/example_bash_operator.py
[2022-07-10 08:34:45,060] {scheduler_job.py:639} INFO - DAG(s) dict_keys(['example_bash_operator']) retrieved from /home/airflow/.local/lib/python3.6/site-packages/airflow/example_dags/example_bash_operator.py
[2022-07-10 08:34:45,073] {logging_mixin.py:104} INFO - [2022-07-10 08:34:45,073] {dag.py:1824} INFO - Sync 1 DAGs
[2022-07-10 08:34:45,087] {logging_mixin.py:104} INFO - [2022-07-10 08:34:45,087] {dag.py:2280} INFO - Setting next_dagrun for example_bash_operator to 2022-07-08 00:00:00+00:00
[2022-07-10 08:34:45,093] {scheduler_job.py:190} INFO - Processing /home/airflow/.local/lib/python3.6/site-packages/airflow/example_dags/example_bash_operator.py took 0.043 seconds
[2022-07-10 08:35:15,868] {scheduler_job.py:182} INFO - Started process (PID=178) to work on /home/airflow/.local/lib/python3.6/site-packages/airflow/example_dags/example_bash_operator.py
[2022-07-10 08:35:15,869] {scheduler_job.py:629} INFO - Processing file /home/airflow/.local/lib/python3.6/site-packages/airflow/example_dags/example_bash_operator.py for tasks to queue
[2022-07-10 08:35:15,869] {logging_mixin.py:104} INFO - [2022-07-10 08:35:15,869] {dagbag.py:451} INFO - Filling up the DagBag from /home/airflow/.local/lib/python3.6/site-packages/airflow/example_dags/example_bash_operator.py
[2022-07-10 08:35:15,876] {scheduler_job.py:639} INFO - DAG(s) dict_keys(['example_bash_operator']) retrieved from /home/airflow/.local/lib/python3.6/site-packages/airflow/example_dags/example_bash_operator.py
[2022-07-10 08:35:15,888] {logging_mixin.py:104} INFO - [2022-07-10 08:35:15,888] {dag.py:1824} INFO - Sync 1 DAGs
[2022-07-10 08:35:15,904] {logging_mixin.py:104} INFO - [2022-07-10 08:35:15,904] {dag.py:2280} INFO - Setting next_dagrun for example_bash_operator to 2022-07-08 00:00:00+00:00
[2022-07-10 08:35:15,910] {scheduler_job.py:190} INFO - Processing /home/airflow/.local/lib/python3.6/site-packages/airflow/example_dags/example_bash_operator.py took 0.044 seconds
[2022-07-10 08:35:46,614] {scheduler_job.py:182} INFO - Started process (PID=204) to work on /home/airflow/.local/lib/python3.6/site-packages/airflow/example_dags/example_bash_operator.py
[2022-07-10 08:35:46,615] {scheduler_job.py:629} INFO - Processing file /home/airflow/.local/lib/python3.6/site-packages/airflow/example_dags/example_bash_operator.py for tasks to queue
[2022-07-10 08:35:46,616] {logging_mixin.py:104} INFO - [2022-07-10 08:35:46,615] {dagbag.py:451} INFO - Filling up the DagBag from /home/airflow/.local/lib/python3.6/site-packages/airflow/example_dags/example_bash_operator.py
[2022-07-10 08:35:46,623] {scheduler_job.py:639} INFO - DAG(s) dict_keys(['example_bash_operator']) retrieved from /home/airflow/.local/lib/python3.6/site-packages/airflow/example_dags/example_bash_operator.py
[2022-07-10 08:35:46,637] {logging_mixin.py:104} INFO - [2022-07-10 08:35:46,637] {dag.py:1824} INFO - Sync 1 DAGs
[2022-07-10 08:35:46,650] {logging_mixin.py:104} INFO - [2022-07-10 08:35:46,650] {dag.py:2280} INFO - Setting next_dagrun for example_bash_operator to 2022-07-08 00:00:00+00:00
[2022-07-10 08:35:46,657] {scheduler_job.py:190} INFO - Processing /home/airflow/.local/lib/python3.6/site-packages/airflow/example_dags/example_bash_operator.py took 0.044 seconds
[2022-07-10 08:36:17,478] {scheduler_job.py:182} INFO - Started process (PID=230) to work on /home/airflow/.local/lib/python3.6/site-packages/airflow/example_dags/example_bash_operator.py
[2022-07-10 08:36:17,478] {scheduler_job.py:629} INFO - Processing file /home/airflow/.local/lib/python3.6/site-packages/airflow/example_dags/example_bash_operator.py for tasks to queue
[2022-07-10 08:36:17,479] {logging_mixin.py:104} INFO - [2022-07-10 08:36:17,479] {dagbag.py:451} INFO - Filling up the DagBag from /home/airflow/.local/lib/python3.6/site-packages/airflow/example_dags/example_bash_operator.py
[2022-07-10 08:36:17,486] {scheduler_job.py:639} INFO - DAG(s) dict_keys(['example_bash_operator']) retrieved from /home/airflow/.local/lib/python3.6/site-packages/airflow/example_dags/example_bash_operator.py
[2022-07-10 08:36:17,500] {logging_mixin.py:104} INFO - [2022-07-10 08:36:17,500] {dag.py:1824} INFO - Sync 1 DAGs
[2022-07-10 08:36:17,513] {logging_mixin.py:104} INFO - [2022-07-10 08:36:17,513] {dag.py:2280} INFO - Setting next_dagrun for example_bash_operator to 2022-07-08 00:00:00+00:00
[2022-07-10 08:36:17,519] {scheduler_job.py:190} INFO - Processing /home/airflow/.local/lib/python3.6/site-packages/airflow/example_dags/example_bash_operator.py took 0.043 seconds
[2022-07-10 08:36:48,277] {scheduler_job.py:182} INFO - Started process (PID=256) to work on /home/airflow/.local/lib/python3.6/site-packages/airflow/example_dags/example_bash_operator.py
[2022-07-10 08:36:48,278] {scheduler_job.py:629} INFO - Processing file /home/airflow/.local/lib/python3.6/site-packages/airflow/example_dags/example_bash_operator.py for tasks to queue
[2022-07-10 08:36:48,279] {logging_mixin.py:104} INFO - [2022-07-10 08:36:48,279] {dagbag.py:451} INFO - Filling up the DagBag from /home/airflow/.local/lib/python3.6/site-packages/airflow/example_dags/example_bash_operator.py
[2022-07-10 08:36:48,286] {scheduler_job.py:639} INFO - DAG(s) dict_keys(['example_bash_operator']) retrieved from /home/airflow/.local/lib/python3.6/site-packages/airflow/example_dags/example_bash_operator.py
[2022-07-10 08:36:48,300] {logging_mixin.py:104} INFO - [2022-07-10 08:36:48,300] {dag.py:1824} INFO - Sync 1 DAGs
[2022-07-10 08:36:48,313] {logging_mixin.py:104} INFO - [2022-07-10 08:36:48,313] {dag.py:2280} INFO - Setting next_dagrun for example_bash_operator to 2022-07-08 00:00:00+00:00
[2022-07-10 08:36:48,320] {scheduler_job.py:190} INFO - Processing /home/airflow/.local/lib/python3.6/site-packages/airflow/example_dags/example_bash_operator.py took 0.044 seconds
[2022-07-10 08:37:19,259] {scheduler_job.py:182} INFO - Started process (PID=282) to work on /home/airflow/.local/lib/python3.6/site-packages/airflow/example_dags/example_bash_operator.py
[2022-07-10 08:37:19,259] {scheduler_job.py:629} INFO - Processing file /home/airflow/.local/lib/python3.6/site-packages/airflow/example_dags/example_bash_operator.py for tasks to queue
[2022-07-10 08:37:19,260] {logging_mixin.py:104} INFO - [2022-07-10 08:37:19,260] {dagbag.py:451} INFO - Filling up the DagBag from /home/airflow/.local/lib/python3.6/site-packages/airflow/example_dags/example_bash_operator.py
[2022-07-10 08:37:19,267] {scheduler_job.py:639} INFO - DAG(s) dict_keys(['example_bash_operator']) retrieved from /home/airflow/.local/lib/python3.6/site-packages/airflow/example_dags/example_bash_operator.py
[2022-07-10 08:37:19,281] {logging_mixin.py:104} INFO - [2022-07-10 08:37:19,281] {dag.py:1824} INFO - Sync 1 DAGs
[2022-07-10 08:37:19,295] {logging_mixin.py:104} INFO - [2022-07-10 08:37:19,295] {dag.py:2280} INFO - Setting next_dagrun for example_bash_operator to 2022-07-08 00:00:00+00:00
[2022-07-10 08:37:19,302] {scheduler_job.py:190} INFO - Processing /home/airflow/.local/lib/python3.6/site-packages/airflow/example_dags/example_bash_operator.py took 0.045 seconds
[2022-07-10 08:37:50,090] {scheduler_job.py:182} INFO - Started process (PID=308) to work on /home/airflow/.local/lib/python3.6/site-packages/airflow/example_dags/example_bash_operator.py
[2022-07-10 08:37:50,091] {scheduler_job.py:629} INFO - Processing file /home/airflow/.local/lib/python3.6/site-packages/airflow/example_dags/example_bash_operator.py for tasks to queue
[2022-07-10 08:37:50,091] {logging_mixin.py:104} INFO - [2022-07-10 08:37:50,091] {dagbag.py:451} INFO - Filling up the DagBag from /home/airflow/.local/lib/python3.6/site-packages/airflow/example_dags/example_bash_operator.py
[2022-07-10 08:37:50,100] {scheduler_job.py:639} INFO - DAG(s) dict_keys(['example_bash_operator']) retrieved from /home/airflow/.local/lib/python3.6/site-packages/airflow/example_dags/example_bash_operator.py
[2022-07-10 08:37:50,112] {logging_mixin.py:104} INFO - [2022-07-10 08:37:50,112] {dag.py:1824} INFO - Sync 1 DAGs
[2022-07-10 08:37:50,125] {logging_mixin.py:104} INFO - [2022-07-10 08:37:50,125] {dag.py:2280} INFO - Setting next_dagrun for example_bash_operator to 2022-07-08 00:00:00+00:00
[2022-07-10 08:37:50,131] {scheduler_job.py:190} INFO - Processing /home/airflow/.local/lib/python3.6/site-packages/airflow/example_dags/example_bash_operator.py took 0.043 seconds
[2022-07-10 08:38:21,001] {scheduler_job.py:182} INFO - Started process (PID=334) to work on /home/airflow/.local/lib/python3.6/site-packages/airflow/example_dags/example_bash_operator.py
[2022-07-10 08:38:21,002] {scheduler_job.py:629} INFO - Processing file /home/airflow/.local/lib/python3.6/site-packages/airflow/example_dags/example_bash_operator.py for tasks to queue
[2022-07-10 08:38:21,002] {logging_mixin.py:104} INFO - [2022-07-10 08:38:21,002] {dagbag.py:451} INFO - Filling up the DagBag from /home/airflow/.local/lib/python3.6/site-packages/airflow/example_dags/example_bash_operator.py
[2022-07-10 08:38:21,011] {scheduler_job.py:639} INFO - DAG(s) dict_keys(['example_bash_operator']) retrieved from /home/airflow/.local/lib/python3.6/site-packages/airflow/example_dags/example_bash_operator.py
[2022-07-10 08:38:21,023] {logging_mixin.py:104} INFO - [2022-07-10 08:38:21,023] {dag.py:1824} INFO - Sync 1 DAGs
[2022-07-10 08:38:21,038] {logging_mixin.py:104} INFO - [2022-07-10 08:38:21,038] {dag.py:2280} INFO - Setting next_dagrun for example_bash_operator to 2022-07-08 00:00:00+00:00
[2022-07-10 08:38:21,045] {scheduler_job.py:190} INFO - Processing /home/airflow/.local/lib/python3.6/site-packages/airflow/example_dags/example_bash_operator.py took 0.045 seconds
[2022-07-10 08:38:51,995] {scheduler_job.py:182} INFO - Started process (PID=360) to work on /home/airflow/.local/lib/python3.6/site-packages/airflow/example_dags/example_bash_operator.py
[2022-07-10 08:38:51,996] {scheduler_job.py:629} INFO - Processing file /home/airflow/.local/lib/python3.6/site-packages/airflow/example_dags/example_bash_operator.py for tasks to queue
[2022-07-10 08:38:51,996] {logging_mixin.py:104} INFO - [2022-07-10 08:38:51,996] {dagbag.py:451} INFO - Filling up the DagBag from /home/airflow/.local/lib/python3.6/site-packages/airflow/example_dags/example_bash_operator.py
[2022-07-10 08:38:52,005] {scheduler_job.py:639} INFO - DAG(s) dict_keys(['example_bash_operator']) retrieved from /home/airflow/.local/lib/python3.6/site-packages/airflow/example_dags/example_bash_operator.py
[2022-07-10 08:38:52,017] {logging_mixin.py:104} INFO - [2022-07-10 08:38:52,017] {dag.py:1824} INFO - Sync 1 DAGs
[2022-07-10 08:38:52,030] {logging_mixin.py:104} INFO - [2022-07-10 08:38:52,030] {dag.py:2280} INFO - Setting next_dagrun for example_bash_operator to 2022-07-08 00:00:00+00:00
[2022-07-10 08:38:52,037] {scheduler_job.py:190} INFO - Processing /home/airflow/.local/lib/python3.6/site-packages/airflow/example_dags/example_bash_operator.py took 0.044 seconds
[2022-07-10 08:39:22,859] {scheduler_job.py:182} INFO - Started process (PID=386) to work on /home/airflow/.local/lib/python3.6/site-packages/airflow/example_dags/example_bash_operator.py
[2022-07-10 08:39:22,860] {scheduler_job.py:629} INFO - Processing file /home/airflow/.local/lib/python3.6/site-packages/airflow/example_dags/example_bash_operator.py for tasks to queue
[2022-07-10 08:39:22,861] {logging_mixin.py:104} INFO - [2022-07-10 08:39:22,861] {dagbag.py:451} INFO - Filling up the DagBag from /home/airflow/.local/lib/python3.6/site-packages/airflow/example_dags/example_bash_operator.py
[2022-07-10 08:39:22,869] {scheduler_job.py:639} INFO - DAG(s) dict_keys(['example_bash_operator']) retrieved from /home/airflow/.local/lib/python3.6/site-packages/airflow/example_dags/example_bash_operator.py
[2022-07-10 08:39:22,882] {logging_mixin.py:104} INFO - [2022-07-10 08:39:22,882] {dag.py:1824} INFO - Sync 1 DAGs
[2022-07-10 08:39:22,895] {logging_mixin.py:104} INFO - [2022-07-10 08:39:22,895] {dag.py:2280} INFO - Setting next_dagrun for example_bash_operator to 2022-07-08 00:00:00+00:00
[2022-07-10 08:39:22,902] {scheduler_job.py:190} INFO - Processing /home/airflow/.local/lib/python3.6/site-packages/airflow/example_dags/example_bash_operator.py took 0.044 seconds
[2022-07-10 08:39:53,664] {scheduler_job.py:182} INFO - Started process (PID=412) to work on /home/airflow/.local/lib/python3.6/site-packages/airflow/example_dags/example_bash_operator.py
[2022-07-10 08:39:53,667] {scheduler_job.py:629} INFO - Processing file /home/airflow/.local/lib/python3.6/site-packages/airflow/example_dags/example_bash_operator.py for tasks to queue
[2022-07-10 08:39:53,668] {logging_mixin.py:104} INFO - [2022-07-10 08:39:53,668] {dagbag.py:451} INFO - Filling up the DagBag from /home/airflow/.local/lib/python3.6/site-packages/airflow/example_dags/example_bash_operator.py
[2022-07-10 08:39:53,675] {scheduler_job.py:639} INFO - DAG(s) dict_keys(['example_bash_operator']) retrieved from /home/airflow/.local/lib/python3.6/site-packages/airflow/example_dags/example_bash_operator.py
[2022-07-10 08:39:53,687] {logging_mixin.py:104} INFO - [2022-07-10 08:39:53,687] {dag.py:1824} INFO - Sync 1 DAGs
[2022-07-10 08:39:53,701] {logging_mixin.py:104} INFO - [2022-07-10 08:39:53,701] {dag.py:2280} INFO - Setting next_dagrun for example_bash_operator to 2022-07-08 00:00:00+00:00
[2022-07-10 08:39:53,708] {scheduler_job.py:190} INFO - Processing /home/airflow/.local/lib/python3.6/site-packages/airflow/example_dags/example_bash_operator.py took 0.046 seconds
[2022-07-10 08:40:24,536] {scheduler_job.py:182} INFO - Started process (PID=438) to work on /home/airflow/.local/lib/python3.6/site-packages/airflow/example_dags/example_bash_operator.py
[2022-07-10 08:40:24,537] {scheduler_job.py:629} INFO - Processing file /home/airflow/.local/lib/python3.6/site-packages/airflow/example_dags/example_bash_operator.py for tasks to queue
[2022-07-10 08:40:24,537] {logging_mixin.py:104} INFO - [2022-07-10 08:40:24,537] {dagbag.py:451} INFO - Filling up the DagBag from /home/airflow/.local/lib/python3.6/site-packages/airflow/example_dags/example_bash_operator.py
[2022-07-10 08:40:24,544] {scheduler_job.py:639} INFO - DAG(s) dict_keys(['example_bash_operator']) retrieved from /home/airflow/.local/lib/python3.6/site-packages/airflow/example_dags/example_bash_operator.py
[2022-07-10 08:40:24,557] {logging_mixin.py:104} INFO - [2022-07-10 08:40:24,557] {dag.py:1824} INFO - Sync 1 DAGs
[2022-07-10 08:40:24,570] {logging_mixin.py:104} INFO - [2022-07-10 08:40:24,570] {dag.py:2280} INFO - Setting next_dagrun for example_bash_operator to 2022-07-08 00:00:00+00:00
[2022-07-10 08:40:24,577] {scheduler_job.py:190} INFO - Processing /home/airflow/.local/lib/python3.6/site-packages/airflow/example_dags/example_bash_operator.py took 0.042 seconds
[2022-07-10 08:40:55,323] {scheduler_job.py:182} INFO - Started process (PID=464) to work on /home/airflow/.local/lib/python3.6/site-packages/airflow/example_dags/example_bash_operator.py
[2022-07-10 08:40:55,324] {scheduler_job.py:629} INFO - Processing file /home/airflow/.local/lib/python3.6/site-packages/airflow/example_dags/example_bash_operator.py for tasks to queue
[2022-07-10 08:40:55,324] {logging_mixin.py:104} INFO - [2022-07-10 08:40:55,324] {dagbag.py:451} INFO - Filling up the DagBag from /home/airflow/.local/lib/python3.6/site-packages/airflow/example_dags/example_bash_operator.py
[2022-07-10 08:40:55,331] {scheduler_job.py:639} INFO - DAG(s) dict_keys(['example_bash_operator']) retrieved from /home/airflow/.local/lib/python3.6/site-packages/airflow/example_dags/example_bash_operator.py
[2022-07-10 08:40:55,345] {logging_mixin.py:104} INFO - [2022-07-10 08:40:55,345] {dag.py:1824} INFO - Sync 1 DAGs
[2022-07-10 08:40:55,359] {logging_mixin.py:104} INFO - [2022-07-10 08:40:55,359] {dag.py:2280} INFO - Setting next_dagrun for example_bash_operator to 2022-07-08 00:00:00+00:00
[2022-07-10 08:40:55,366] {scheduler_job.py:190} INFO - Processing /home/airflow/.local/lib/python3.6/site-packages/airflow/example_dags/example_bash_operator.py took 0.044 seconds
[2022-07-10 08:41:26,129] {scheduler_job.py:182} INFO - Started process (PID=490) to work on /home/airflow/.local/lib/python3.6/site-packages/airflow/example_dags/example_bash_operator.py
[2022-07-10 08:41:26,130] {scheduler_job.py:629} INFO - Processing file /home/airflow/.local/lib/python3.6/site-packages/airflow/example_dags/example_bash_operator.py for tasks to queue
[2022-07-10 08:41:26,130] {logging_mixin.py:104} INFO - [2022-07-10 08:41:26,130] {dagbag.py:451} INFO - Filling up the DagBag from /home/airflow/.local/lib/python3.6/site-packages/airflow/example_dags/example_bash_operator.py
[2022-07-10 08:41:26,138] {scheduler_job.py:639} INFO - DAG(s) dict_keys(['example_bash_operator']) retrieved from /home/airflow/.local/lib/python3.6/site-packages/airflow/example_dags/example_bash_operator.py
[2022-07-10 08:41:26,150] {logging_mixin.py:104} INFO - [2022-07-10 08:41:26,150] {dag.py:1824} INFO - Sync 1 DAGs
[2022-07-10 08:41:26,164] {logging_mixin.py:104} INFO - [2022-07-10 08:41:26,164] {dag.py:2280} INFO - Setting next_dagrun for example_bash_operator to 2022-07-08 00:00:00+00:00
[2022-07-10 08:41:26,170] {scheduler_job.py:190} INFO - Processing /home/airflow/.local/lib/python3.6/site-packages/airflow/example_dags/example_bash_operator.py took 0.043 seconds
[2022-07-10 08:41:56,919] {scheduler_job.py:182} INFO - Started process (PID=516) to work on /home/airflow/.local/lib/python3.6/site-packages/airflow/example_dags/example_bash_operator.py
[2022-07-10 08:41:56,920] {scheduler_job.py:629} INFO - Processing file /home/airflow/.local/lib/python3.6/site-packages/airflow/example_dags/example_bash_operator.py for tasks to queue
[2022-07-10 08:41:56,920] {logging_mixin.py:104} INFO - [2022-07-10 08:41:56,920] {dagbag.py:451} INFO - Filling up the DagBag from /home/airflow/.local/lib/python3.6/site-packages/airflow/example_dags/example_bash_operator.py
[2022-07-10 08:41:56,927] {scheduler_job.py:639} INFO - DAG(s) dict_keys(['example_bash_operator']) retrieved from /home/airflow/.local/lib/python3.6/site-packages/airflow/example_dags/example_bash_operator.py
[2022-07-10 08:41:56,940] {logging_mixin.py:104} INFO - [2022-07-10 08:41:56,940] {dag.py:1824} INFO - Sync 1 DAGs
[2022-07-10 08:41:56,953] {logging_mixin.py:104} INFO - [2022-07-10 08:41:56,953] {dag.py:2280} INFO - Setting next_dagrun for example_bash_operator to 2022-07-08 00:00:00+00:00
[2022-07-10 08:41:56,959] {scheduler_job.py:190} INFO - Processing /home/airflow/.local/lib/python3.6/site-packages/airflow/example_dags/example_bash_operator.py took 0.042 seconds
[2022-07-10 08:42:27,776] {scheduler_job.py:182} INFO - Started process (PID=542) to work on /home/airflow/.local/lib/python3.6/site-packages/airflow/example_dags/example_bash_operator.py
[2022-07-10 08:42:27,777] {scheduler_job.py:629} INFO - Processing file /home/airflow/.local/lib/python3.6/site-packages/airflow/example_dags/example_bash_operator.py for tasks to queue
[2022-07-10 08:42:27,778] {logging_mixin.py:104} INFO - [2022-07-10 08:42:27,778] {dagbag.py:451} INFO - Filling up the DagBag from /home/airflow/.local/lib/python3.6/site-packages/airflow/example_dags/example_bash_operator.py
[2022-07-10 08:42:27,785] {scheduler_job.py:639} INFO - DAG(s) dict_keys(['example_bash_operator']) retrieved from /home/airflow/.local/lib/python3.6/site-packages/airflow/example_dags/example_bash_operator.py
[2022-07-10 08:42:27,797] {logging_mixin.py:104} INFO - [2022-07-10 08:42:27,797] {dag.py:1824} INFO - Sync 1 DAGs
[2022-07-10 08:42:27,810] {logging_mixin.py:104} INFO - [2022-07-10 08:42:27,810] {dag.py:2280} INFO - Setting next_dagrun for example_bash_operator to 2022-07-08 00:00:00+00:00
[2022-07-10 08:42:27,816] {scheduler_job.py:190} INFO - Processing /home/airflow/.local/lib/python3.6/site-packages/airflow/example_dags/example_bash_operator.py took 0.042 seconds
[2022-07-10 08:42:58,585] {scheduler_job.py:182} INFO - Started process (PID=568) to work on /home/airflow/.local/lib/python3.6/site-packages/airflow/example_dags/example_bash_operator.py
[2022-07-10 08:42:58,586] {scheduler_job.py:629} INFO - Processing file /home/airflow/.local/lib/python3.6/site-packages/airflow/example_dags/example_bash_operator.py for tasks to queue
[2022-07-10 08:42:58,586] {logging_mixin.py:104} INFO - [2022-07-10 08:42:58,586] {dagbag.py:451} INFO - Filling up the DagBag from /home/airflow/.local/lib/python3.6/site-packages/airflow/example_dags/example_bash_operator.py
[2022-07-10 08:42:58,594] {scheduler_job.py:639} INFO - DAG(s) dict_keys(['example_bash_operator']) retrieved from /home/airflow/.local/lib/python3.6/site-packages/airflow/example_dags/example_bash_operator.py
[2022-07-10 08:42:58,606] {logging_mixin.py:104} INFO - [2022-07-10 08:42:58,606] {dag.py:1824} INFO - Sync 1 DAGs
[2022-07-10 08:42:58,619] {logging_mixin.py:104} INFO - [2022-07-10 08:42:58,619] {dag.py:2280} INFO - Setting next_dagrun for example_bash_operator to 2022-07-08 00:00:00+00:00
[2022-07-10 08:42:58,626] {scheduler_job.py:190} INFO - Processing /home/airflow/.local/lib/python3.6/site-packages/airflow/example_dags/example_bash_operator.py took 0.043 seconds
[2022-07-10 08:43:29,434] {scheduler_job.py:182} INFO - Started process (PID=594) to work on /home/airflow/.local/lib/python3.6/site-packages/airflow/example_dags/example_bash_operator.py
[2022-07-10 08:43:29,435] {scheduler_job.py:629} INFO - Processing file /home/airflow/.local/lib/python3.6/site-packages/airflow/example_dags/example_bash_operator.py for tasks to queue
[2022-07-10 08:43:29,435] {logging_mixin.py:104} INFO - [2022-07-10 08:43:29,435] {dagbag.py:451} INFO - Filling up the DagBag from /home/airflow/.local/lib/python3.6/site-packages/airflow/example_dags/example_bash_operator.py
[2022-07-10 08:43:29,442] {scheduler_job.py:639} INFO - DAG(s) dict_keys(['example_bash_operator']) retrieved from /home/airflow/.local/lib/python3.6/site-packages/airflow/example_dags/example_bash_operator.py
[2022-07-10 08:43:29,455] {logging_mixin.py:104} INFO - [2022-07-10 08:43:29,455] {dag.py:1824} INFO - Sync 1 DAGs
[2022-07-10 08:43:29,468] {logging_mixin.py:104} INFO - [2022-07-10 08:43:29,467] {dag.py:2280} INFO - Setting next_dagrun for example_bash_operator to 2022-07-08 00:00:00+00:00
[2022-07-10 08:43:29,474] {scheduler_job.py:190} INFO - Processing /home/airflow/.local/lib/python3.6/site-packages/airflow/example_dags/example_bash_operator.py took 0.042 seconds
[2022-07-10 08:44:00,168] {scheduler_job.py:182} INFO - Started process (PID=620) to work on /home/airflow/.local/lib/python3.6/site-packages/airflow/example_dags/example_bash_operator.py
[2022-07-10 08:44:00,169] {scheduler_job.py:629} INFO - Processing file /home/airflow/.local/lib/python3.6/site-packages/airflow/example_dags/example_bash_operator.py for tasks to queue
[2022-07-10 08:44:00,169] {logging_mixin.py:104} INFO - [2022-07-10 08:44:00,169] {dagbag.py:451} INFO - Filling up the DagBag from /home/airflow/.local/lib/python3.6/site-packages/airflow/example_dags/example_bash_operator.py
[2022-07-10 08:44:00,176] {scheduler_job.py:639} INFO - DAG(s) dict_keys(['example_bash_operator']) retrieved from /home/airflow/.local/lib/python3.6/site-packages/airflow/example_dags/example_bash_operator.py
[2022-07-10 08:44:00,189] {logging_mixin.py:104} INFO - [2022-07-10 08:44:00,189] {dag.py:1824} INFO - Sync 1 DAGs
[2022-07-10 08:44:00,203] {logging_mixin.py:104} INFO - [2022-07-10 08:44:00,203] {dag.py:2280} INFO - Setting next_dagrun for example_bash_operator to 2022-07-08 00:00:00+00:00
[2022-07-10 08:44:00,210] {scheduler_job.py:190} INFO - Processing /home/airflow/.local/lib/python3.6/site-packages/airflow/example_dags/example_bash_operator.py took 0.044 seconds
[2022-07-10 08:44:30,958] {scheduler_job.py:182} INFO - Started process (PID=646) to work on /home/airflow/.local/lib/python3.6/site-packages/airflow/example_dags/example_bash_operator.py
[2022-07-10 08:44:30,959] {scheduler_job.py:629} INFO - Processing file /home/airflow/.local/lib/python3.6/site-packages/airflow/example_dags/example_bash_operator.py for tasks to queue
[2022-07-10 08:44:30,960] {logging_mixin.py:104} INFO - [2022-07-10 08:44:30,960] {dagbag.py:451} INFO - Filling up the DagBag from /home/airflow/.local/lib/python3.6/site-packages/airflow/example_dags/example_bash_operator.py
[2022-07-10 08:44:30,967] {scheduler_job.py:639} INFO - DAG(s) dict_keys(['example_bash_operator']) retrieved from /home/airflow/.local/lib/python3.6/site-packages/airflow/example_dags/example_bash_operator.py
[2022-07-10 08:44:30,979] {logging_mixin.py:104} INFO - [2022-07-10 08:44:30,979] {dag.py:1824} INFO - Sync 1 DAGs
[2022-07-10 08:44:30,992] {logging_mixin.py:104} INFO - [2022-07-10 08:44:30,992] {dag.py:2280} INFO - Setting next_dagrun for example_bash_operator to 2022-07-08 00:00:00+00:00
[2022-07-10 08:44:30,999] {scheduler_job.py:190} INFO - Processing /home/airflow/.local/lib/python3.6/site-packages/airflow/example_dags/example_bash_operator.py took 0.042 seconds
[2022-07-10 08:45:01,764] {scheduler_job.py:182} INFO - Started process (PID=672) to work on /home/airflow/.local/lib/python3.6/site-packages/airflow/example_dags/example_bash_operator.py
[2022-07-10 08:45:01,766] {scheduler_job.py:629} INFO - Processing file /home/airflow/.local/lib/python3.6/site-packages/airflow/example_dags/example_bash_operator.py for tasks to queue
[2022-07-10 08:45:01,766] {logging_mixin.py:104} INFO - [2022-07-10 08:45:01,766] {dagbag.py:451} INFO - Filling up the DagBag from /home/airflow/.local/lib/python3.6/site-packages/airflow/example_dags/example_bash_operator.py
[2022-07-10 08:45:01,773] {scheduler_job.py:639} INFO - DAG(s) dict_keys(['example_bash_operator']) retrieved from /home/airflow/.local/lib/python3.6/site-packages/airflow/example_dags/example_bash_operator.py
[2022-07-10 08:45:01,785] {logging_mixin.py:104} INFO - [2022-07-10 08:45:01,785] {dag.py:1824} INFO - Sync 1 DAGs
[2022-07-10 08:45:01,798] {logging_mixin.py:104} INFO - [2022-07-10 08:45:01,798] {dag.py:2280} INFO - Setting next_dagrun for example_bash_operator to 2022-07-08 00:00:00+00:00
[2022-07-10 08:45:01,804] {scheduler_job.py:190} INFO - Processing /home/airflow/.local/lib/python3.6/site-packages/airflow/example_dags/example_bash_operator.py took 0.042 seconds
[2022-07-10 08:45:32,528] {scheduler_job.py:182} INFO - Started process (PID=698) to work on /home/airflow/.local/lib/python3.6/site-packages/airflow/example_dags/example_bash_operator.py
[2022-07-10 08:45:32,528] {scheduler_job.py:629} INFO - Processing file /home/airflow/.local/lib/python3.6/site-packages/airflow/example_dags/example_bash_operator.py for tasks to queue
[2022-07-10 08:45:32,529] {logging_mixin.py:104} INFO - [2022-07-10 08:45:32,529] {dagbag.py:451} INFO - Filling up the DagBag from /home/airflow/.local/lib/python3.6/site-packages/airflow/example_dags/example_bash_operator.py
[2022-07-10 08:45:32,536] {scheduler_job.py:639} INFO - DAG(s) dict_keys(['example_bash_operator']) retrieved from /home/airflow/.local/lib/python3.6/site-packages/airflow/example_dags/example_bash_operator.py
[2022-07-10 08:45:32,549] {logging_mixin.py:104} INFO - [2022-07-10 08:45:32,549] {dag.py:1824} INFO - Sync 1 DAGs
[2022-07-10 08:45:32,562] {logging_mixin.py:104} INFO - [2022-07-10 08:45:32,562] {dag.py:2280} INFO - Setting next_dagrun for example_bash_operator to 2022-07-08 00:00:00+00:00
[2022-07-10 08:45:32,571] {scheduler_job.py:190} INFO - Processing /home/airflow/.local/lib/python3.6/site-packages/airflow/example_dags/example_bash_operator.py took 0.045 seconds
[2022-07-10 08:46:03,379] {scheduler_job.py:182} INFO - Started process (PID=724) to work on /home/airflow/.local/lib/python3.6/site-packages/airflow/example_dags/example_bash_operator.py
[2022-07-10 08:46:03,380] {scheduler_job.py:629} INFO - Processing file /home/airflow/.local/lib/python3.6/site-packages/airflow/example_dags/example_bash_operator.py for tasks to queue
[2022-07-10 08:46:03,380] {logging_mixin.py:104} INFO - [2022-07-10 08:46:03,380] {dagbag.py:451} INFO - Filling up the DagBag from /home/airflow/.local/lib/python3.6/site-packages/airflow/example_dags/example_bash_operator.py
[2022-07-10 08:46:03,388] {scheduler_job.py:639} INFO - DAG(s) dict_keys(['example_bash_operator']) retrieved from /home/airflow/.local/lib/python3.6/site-packages/airflow/example_dags/example_bash_operator.py
[2022-07-10 08:46:03,401] {logging_mixin.py:104} INFO - [2022-07-10 08:46:03,401] {dag.py:1824} INFO - Sync 1 DAGs
[2022-07-10 08:46:03,413] {logging_mixin.py:104} INFO - [2022-07-10 08:46:03,413] {dag.py:2280} INFO - Setting next_dagrun for example_bash_operator to 2022-07-08 00:00:00+00:00
[2022-07-10 08:46:03,420] {scheduler_job.py:190} INFO - Processing /home/airflow/.local/lib/python3.6/site-packages/airflow/example_dags/example_bash_operator.py took 0.043 seconds
[2022-07-10 08:46:34,196] {scheduler_job.py:182} INFO - Started process (PID=750) to work on /home/airflow/.local/lib/python3.6/site-packages/airflow/example_dags/example_bash_operator.py
[2022-07-10 08:46:34,197] {scheduler_job.py:629} INFO - Processing file /home/airflow/.local/lib/python3.6/site-packages/airflow/example_dags/example_bash_operator.py for tasks to queue
[2022-07-10 08:46:34,197] {logging_mixin.py:104} INFO - [2022-07-10 08:46:34,197] {dagbag.py:451} INFO - Filling up the DagBag from /home/airflow/.local/lib/python3.6/site-packages/airflow/example_dags/example_bash_operator.py
[2022-07-10 08:46:34,204] {scheduler_job.py:639} INFO - DAG(s) dict_keys(['example_bash_operator']) retrieved from /home/airflow/.local/lib/python3.6/site-packages/airflow/example_dags/example_bash_operator.py
[2022-07-10 08:46:34,217] {logging_mixin.py:104} INFO - [2022-07-10 08:46:34,216] {dag.py:1824} INFO - Sync 1 DAGs
[2022-07-10 08:46:34,229] {logging_mixin.py:104} INFO - [2022-07-10 08:46:34,229] {dag.py:2280} INFO - Setting next_dagrun for example_bash_operator to 2022-07-08 00:00:00+00:00
[2022-07-10 08:46:34,236] {scheduler_job.py:190} INFO - Processing /home/airflow/.local/lib/python3.6/site-packages/airflow/example_dags/example_bash_operator.py took 0.042 seconds
[2022-07-10 08:47:05,076] {scheduler_job.py:182} INFO - Started process (PID=776) to work on /home/airflow/.local/lib/python3.6/site-packages/airflow/example_dags/example_bash_operator.py
[2022-07-10 08:47:05,077] {scheduler_job.py:629} INFO - Processing file /home/airflow/.local/lib/python3.6/site-packages/airflow/example_dags/example_bash_operator.py for tasks to queue
[2022-07-10 08:47:05,077] {logging_mixin.py:104} INFO - [2022-07-10 08:47:05,077] {dagbag.py:451} INFO - Filling up the DagBag from /home/airflow/.local/lib/python3.6/site-packages/airflow/example_dags/example_bash_operator.py
[2022-07-10 08:47:05,085] {scheduler_job.py:639} INFO - DAG(s) dict_keys(['example_bash_operator']) retrieved from /home/airflow/.local/lib/python3.6/site-packages/airflow/example_dags/example_bash_operator.py
[2022-07-10 08:47:05,097] {logging_mixin.py:104} INFO - [2022-07-10 08:47:05,097] {dag.py:1824} INFO - Sync 1 DAGs
[2022-07-10 08:47:05,110] {logging_mixin.py:104} INFO - [2022-07-10 08:47:05,110] {dag.py:2280} INFO - Setting next_dagrun for example_bash_operator to 2022-07-08 00:00:00+00:00
[2022-07-10 08:47:05,117] {scheduler_job.py:190} INFO - Processing /home/airflow/.local/lib/python3.6/site-packages/airflow/example_dags/example_bash_operator.py took 0.042 seconds
[2022-07-10 08:47:36,049] {scheduler_job.py:182} INFO - Started process (PID=802) to work on /home/airflow/.local/lib/python3.6/site-packages/airflow/example_dags/example_bash_operator.py
[2022-07-10 08:47:36,050] {scheduler_job.py:629} INFO - Processing file /home/airflow/.local/lib/python3.6/site-packages/airflow/example_dags/example_bash_operator.py for tasks to queue
[2022-07-10 08:47:36,050] {logging_mixin.py:104} INFO - [2022-07-10 08:47:36,050] {dagbag.py:451} INFO - Filling up the DagBag from /home/airflow/.local/lib/python3.6/site-packages/airflow/example_dags/example_bash_operator.py
[2022-07-10 08:47:36,057] {scheduler_job.py:639} INFO - DAG(s) dict_keys(['example_bash_operator']) retrieved from /home/airflow/.local/lib/python3.6/site-packages/airflow/example_dags/example_bash_operator.py
[2022-07-10 08:47:36,069] {logging_mixin.py:104} INFO - [2022-07-10 08:47:36,069] {dag.py:1824} INFO - Sync 1 DAGs
[2022-07-10 08:47:36,082] {logging_mixin.py:104} INFO - [2022-07-10 08:47:36,082] {dag.py:2280} INFO - Setting next_dagrun for example_bash_operator to 2022-07-08 00:00:00+00:00
[2022-07-10 08:47:36,090] {scheduler_job.py:190} INFO - Processing /home/airflow/.local/lib/python3.6/site-packages/airflow/example_dags/example_bash_operator.py took 0.043 seconds
[2022-07-10 08:48:06,855] {scheduler_job.py:182} INFO - Started process (PID=828) to work on /home/airflow/.local/lib/python3.6/site-packages/airflow/example_dags/example_bash_operator.py
[2022-07-10 08:48:06,856] {scheduler_job.py:629} INFO - Processing file /home/airflow/.local/lib/python3.6/site-packages/airflow/example_dags/example_bash_operator.py for tasks to queue
[2022-07-10 08:48:06,857] {logging_mixin.py:104} INFO - [2022-07-10 08:48:06,856] {dagbag.py:451} INFO - Filling up the DagBag from /home/airflow/.local/lib/python3.6/site-packages/airflow/example_dags/example_bash_operator.py
[2022-07-10 08:48:06,868] {scheduler_job.py:639} INFO - DAG(s) dict_keys(['example_bash_operator']) retrieved from /home/airflow/.local/lib/python3.6/site-packages/airflow/example_dags/example_bash_operator.py
[2022-07-10 08:48:06,884] {logging_mixin.py:104} INFO - [2022-07-10 08:48:06,884] {dag.py:1824} INFO - Sync 1 DAGs
[2022-07-10 08:48:06,899] {logging_mixin.py:104} INFO - [2022-07-10 08:48:06,899] {dag.py:2280} INFO - Setting next_dagrun for example_bash_operator to 2022-07-08 00:00:00+00:00
[2022-07-10 08:48:06,908] {scheduler_job.py:190} INFO - Processing /home/airflow/.local/lib/python3.6/site-packages/airflow/example_dags/example_bash_operator.py took 0.054 seconds
[2022-07-10 08:48:37,661] {scheduler_job.py:182} INFO - Started process (PID=854) to work on /home/airflow/.local/lib/python3.6/site-packages/airflow/example_dags/example_bash_operator.py
[2022-07-10 08:48:37,661] {scheduler_job.py:629} INFO - Processing file /home/airflow/.local/lib/python3.6/site-packages/airflow/example_dags/example_bash_operator.py for tasks to queue
[2022-07-10 08:48:37,662] {logging_mixin.py:104} INFO - [2022-07-10 08:48:37,662] {dagbag.py:451} INFO - Filling up the DagBag from /home/airflow/.local/lib/python3.6/site-packages/airflow/example_dags/example_bash_operator.py
[2022-07-10 08:48:37,669] {scheduler_job.py:639} INFO - DAG(s) dict_keys(['example_bash_operator']) retrieved from /home/airflow/.local/lib/python3.6/site-packages/airflow/example_dags/example_bash_operator.py
[2022-07-10 08:48:37,682] {logging_mixin.py:104} INFO - [2022-07-10 08:48:37,681] {dag.py:1824} INFO - Sync 1 DAGs
[2022-07-10 08:48:37,694] {logging_mixin.py:104} INFO - [2022-07-10 08:48:37,694] {dag.py:2280} INFO - Setting next_dagrun for example_bash_operator to 2022-07-08 00:00:00+00:00
[2022-07-10 08:48:37,702] {scheduler_job.py:190} INFO - Processing /home/airflow/.local/lib/python3.6/site-packages/airflow/example_dags/example_bash_operator.py took 0.043 seconds
[2022-07-10 08:49:08,584] {scheduler_job.py:182} INFO - Started process (PID=880) to work on /home/airflow/.local/lib/python3.6/site-packages/airflow/example_dags/example_bash_operator.py
[2022-07-10 08:49:08,585] {scheduler_job.py:629} INFO - Processing file /home/airflow/.local/lib/python3.6/site-packages/airflow/example_dags/example_bash_operator.py for tasks to queue
[2022-07-10 08:49:08,586] {logging_mixin.py:104} INFO - [2022-07-10 08:49:08,586] {dagbag.py:451} INFO - Filling up the DagBag from /home/airflow/.local/lib/python3.6/site-packages/airflow/example_dags/example_bash_operator.py
[2022-07-10 08:49:08,593] {scheduler_job.py:639} INFO - DAG(s) dict_keys(['example_bash_operator']) retrieved from /home/airflow/.local/lib/python3.6/site-packages/airflow/example_dags/example_bash_operator.py
[2022-07-10 08:49:08,606] {logging_mixin.py:104} INFO - [2022-07-10 08:49:08,606] {dag.py:1824} INFO - Sync 1 DAGs
[2022-07-10 08:49:08,619] {logging_mixin.py:104} INFO - [2022-07-10 08:49:08,619] {dag.py:2280} INFO - Setting next_dagrun for example_bash_operator to 2022-07-08 00:00:00+00:00
[2022-07-10 08:49:08,625] {scheduler_job.py:190} INFO - Processing /home/airflow/.local/lib/python3.6/site-packages/airflow/example_dags/example_bash_operator.py took 0.043 seconds
[2022-07-10 08:49:39,343] {scheduler_job.py:182} INFO - Started process (PID=906) to work on /home/airflow/.local/lib/python3.6/site-packages/airflow/example_dags/example_bash_operator.py
[2022-07-10 08:49:39,344] {scheduler_job.py:629} INFO - Processing file /home/airflow/.local/lib/python3.6/site-packages/airflow/example_dags/example_bash_operator.py for tasks to queue
[2022-07-10 08:49:39,345] {logging_mixin.py:104} INFO - [2022-07-10 08:49:39,345] {dagbag.py:451} INFO - Filling up the DagBag from /home/airflow/.local/lib/python3.6/site-packages/airflow/example_dags/example_bash_operator.py
[2022-07-10 08:49:39,352] {scheduler_job.py:639} INFO - DAG(s) dict_keys(['example_bash_operator']) retrieved from /home/airflow/.local/lib/python3.6/site-packages/airflow/example_dags/example_bash_operator.py
[2022-07-10 08:49:39,364] {logging_mixin.py:104} INFO - [2022-07-10 08:49:39,364] {dag.py:1824} INFO - Sync 1 DAGs
[2022-07-10 08:49:39,377] {logging_mixin.py:104} INFO - [2022-07-10 08:49:39,376] {dag.py:2280} INFO - Setting next_dagrun for example_bash_operator to 2022-07-08 00:00:00+00:00
[2022-07-10 08:49:39,383] {scheduler_job.py:190} INFO - Processing /home/airflow/.local/lib/python3.6/site-packages/airflow/example_dags/example_bash_operator.py took 0.041 seconds
[2022-07-10 08:50:10,125] {scheduler_job.py:182} INFO - Started process (PID=932) to work on /home/airflow/.local/lib/python3.6/site-packages/airflow/example_dags/example_bash_operator.py
[2022-07-10 08:50:10,126] {scheduler_job.py:629} INFO - Processing file /home/airflow/.local/lib/python3.6/site-packages/airflow/example_dags/example_bash_operator.py for tasks to queue
[2022-07-10 08:50:10,126] {logging_mixin.py:104} INFO - [2022-07-10 08:50:10,126] {dagbag.py:451} INFO - Filling up the DagBag from /home/airflow/.local/lib/python3.6/site-packages/airflow/example_dags/example_bash_operator.py
[2022-07-10 08:50:10,133] {scheduler_job.py:639} INFO - DAG(s) dict_keys(['example_bash_operator']) retrieved from /home/airflow/.local/lib/python3.6/site-packages/airflow/example_dags/example_bash_operator.py
[2022-07-10 08:50:10,146] {logging_mixin.py:104} INFO - [2022-07-10 08:50:10,146] {dag.py:1824} INFO - Sync 1 DAGs
[2022-07-10 08:50:10,159] {logging_mixin.py:104} INFO - [2022-07-10 08:50:10,159] {dag.py:2280} INFO - Setting next_dagrun for example_bash_operator to 2022-07-08 00:00:00+00:00
[2022-07-10 08:50:10,165] {scheduler_job.py:190} INFO - Processing /home/airflow/.local/lib/python3.6/site-packages/airflow/example_dags/example_bash_operator.py took 0.042 seconds
[2022-07-10 08:50:40,978] {scheduler_job.py:182} INFO - Started process (PID=958) to work on /home/airflow/.local/lib/python3.6/site-packages/airflow/example_dags/example_bash_operator.py
[2022-07-10 08:50:40,979] {scheduler_job.py:629} INFO - Processing file /home/airflow/.local/lib/python3.6/site-packages/airflow/example_dags/example_bash_operator.py for tasks to queue
[2022-07-10 08:50:40,979] {logging_mixin.py:104} INFO - [2022-07-10 08:50:40,979] {dagbag.py:451} INFO - Filling up the DagBag from /home/airflow/.local/lib/python3.6/site-packages/airflow/example_dags/example_bash_operator.py
[2022-07-10 08:50:40,986] {scheduler_job.py:639} INFO - DAG(s) dict_keys(['example_bash_operator']) retrieved from /home/airflow/.local/lib/python3.6/site-packages/airflow/example_dags/example_bash_operator.py
[2022-07-10 08:50:40,999] {logging_mixin.py:104} INFO - [2022-07-10 08:50:40,998] {dag.py:1824} INFO - Sync 1 DAGs
[2022-07-10 08:50:41,012] {logging_mixin.py:104} INFO - [2022-07-10 08:50:41,012] {dag.py:2280} INFO - Setting next_dagrun for example_bash_operator to 2022-07-08 00:00:00+00:00
[2022-07-10 08:50:41,018] {scheduler_job.py:190} INFO - Processing /home/airflow/.local/lib/python3.6/site-packages/airflow/example_dags/example_bash_operator.py took 0.042 seconds
[2022-07-10 08:51:11,834] {scheduler_job.py:182} INFO - Started process (PID=984) to work on /home/airflow/.local/lib/python3.6/site-packages/airflow/example_dags/example_bash_operator.py
[2022-07-10 08:51:11,835] {scheduler_job.py:629} INFO - Processing file /home/airflow/.local/lib/python3.6/site-packages/airflow/example_dags/example_bash_operator.py for tasks to queue
[2022-07-10 08:51:11,835] {logging_mixin.py:104} INFO - [2022-07-10 08:51:11,835] {dagbag.py:451} INFO - Filling up the DagBag from /home/airflow/.local/lib/python3.6/site-packages/airflow/example_dags/example_bash_operator.py
[2022-07-10 08:51:11,844] {scheduler_job.py:639} INFO - DAG(s) dict_keys(['example_bash_operator']) retrieved from /home/airflow/.local/lib/python3.6/site-packages/airflow/example_dags/example_bash_operator.py
[2022-07-10 08:51:11,857] {logging_mixin.py:104} INFO - [2022-07-10 08:51:11,857] {dag.py:1824} INFO - Sync 1 DAGs
[2022-07-10 08:51:11,869] {logging_mixin.py:104} INFO - [2022-07-10 08:51:11,869] {dag.py:2280} INFO - Setting next_dagrun for example_bash_operator to 2022-07-08 00:00:00+00:00
[2022-07-10 08:51:11,876] {scheduler_job.py:190} INFO - Processing /home/airflow/.local/lib/python3.6/site-packages/airflow/example_dags/example_bash_operator.py took 0.044 seconds
[2022-07-10 08:51:42,631] {scheduler_job.py:182} INFO - Started process (PID=1010) to work on /home/airflow/.local/lib/python3.6/site-packages/airflow/example_dags/example_bash_operator.py
[2022-07-10 08:51:42,631] {scheduler_job.py:629} INFO - Processing file /home/airflow/.local/lib/python3.6/site-packages/airflow/example_dags/example_bash_operator.py for tasks to queue
[2022-07-10 08:51:42,632] {logging_mixin.py:104} INFO - [2022-07-10 08:51:42,632] {dagbag.py:451} INFO - Filling up the DagBag from /home/airflow/.local/lib/python3.6/site-packages/airflow/example_dags/example_bash_operator.py
[2022-07-10 08:51:42,639] {scheduler_job.py:639} INFO - DAG(s) dict_keys(['example_bash_operator']) retrieved from /home/airflow/.local/lib/python3.6/site-packages/airflow/example_dags/example_bash_operator.py
[2022-07-10 08:51:42,652] {logging_mixin.py:104} INFO - [2022-07-10 08:51:42,652] {dag.py:1824} INFO - Sync 1 DAGs
[2022-07-10 08:51:42,665] {logging_mixin.py:104} INFO - [2022-07-10 08:51:42,665] {dag.py:2280} INFO - Setting next_dagrun for example_bash_operator to 2022-07-08 00:00:00+00:00
[2022-07-10 08:51:42,672] {scheduler_job.py:190} INFO - Processing /home/airflow/.local/lib/python3.6/site-packages/airflow/example_dags/example_bash_operator.py took 0.043 seconds
[2022-07-10 08:52:13,466] {scheduler_job.py:182} INFO - Started process (PID=1036) to work on /home/airflow/.local/lib/python3.6/site-packages/airflow/example_dags/example_bash_operator.py
[2022-07-10 08:52:13,467] {scheduler_job.py:629} INFO - Processing file /home/airflow/.local/lib/python3.6/site-packages/airflow/example_dags/example_bash_operator.py for tasks to queue
[2022-07-10 08:52:13,468] {logging_mixin.py:104} INFO - [2022-07-10 08:52:13,468] {dagbag.py:451} INFO - Filling up the DagBag from /home/airflow/.local/lib/python3.6/site-packages/airflow/example_dags/example_bash_operator.py
[2022-07-10 08:52:13,475] {scheduler_job.py:639} INFO - DAG(s) dict_keys(['example_bash_operator']) retrieved from /home/airflow/.local/lib/python3.6/site-packages/airflow/example_dags/example_bash_operator.py
[2022-07-10 08:52:13,487] {logging_mixin.py:104} INFO - [2022-07-10 08:52:13,487] {dag.py:1824} INFO - Sync 1 DAGs
[2022-07-10 08:52:13,500] {logging_mixin.py:104} INFO - [2022-07-10 08:52:13,500] {dag.py:2280} INFO - Setting next_dagrun for example_bash_operator to 2022-07-08 00:00:00+00:00
[2022-07-10 08:52:13,507] {scheduler_job.py:190} INFO - Processing /home/airflow/.local/lib/python3.6/site-packages/airflow/example_dags/example_bash_operator.py took 0.042 seconds
[2022-07-10 08:52:44,293] {scheduler_job.py:182} INFO - Started process (PID=1062) to work on /home/airflow/.local/lib/python3.6/site-packages/airflow/example_dags/example_bash_operator.py
[2022-07-10 08:52:44,294] {scheduler_job.py:629} INFO - Processing file /home/airflow/.local/lib/python3.6/site-packages/airflow/example_dags/example_bash_operator.py for tasks to queue
[2022-07-10 08:52:44,294] {logging_mixin.py:104} INFO - [2022-07-10 08:52:44,294] {dagbag.py:451} INFO - Filling up the DagBag from /home/airflow/.local/lib/python3.6/site-packages/airflow/example_dags/example_bash_operator.py
[2022-07-10 08:52:44,301] {scheduler_job.py:639} INFO - DAG(s) dict_keys(['example_bash_operator']) retrieved from /home/airflow/.local/lib/python3.6/site-packages/airflow/example_dags/example_bash_operator.py
[2022-07-10 08:52:44,314] {logging_mixin.py:104} INFO - [2022-07-10 08:52:44,314] {dag.py:1824} INFO - Sync 1 DAGs
[2022-07-10 08:52:44,327] {logging_mixin.py:104} INFO - [2022-07-10 08:52:44,327] {dag.py:2280} INFO - Setting next_dagrun for example_bash_operator to 2022-07-08 00:00:00+00:00
[2022-07-10 08:52:44,333] {scheduler_job.py:190} INFO - Processing /home/airflow/.local/lib/python3.6/site-packages/airflow/example_dags/example_bash_operator.py took 0.042 seconds
[2022-07-10 08:53:15,214] {scheduler_job.py:182} INFO - Started process (PID=1088) to work on /home/airflow/.local/lib/python3.6/site-packages/airflow/example_dags/example_bash_operator.py
[2022-07-10 08:53:15,215] {scheduler_job.py:629} INFO - Processing file /home/airflow/.local/lib/python3.6/site-packages/airflow/example_dags/example_bash_operator.py for tasks to queue
[2022-07-10 08:53:15,216] {logging_mixin.py:104} INFO - [2022-07-10 08:53:15,216] {dagbag.py:451} INFO - Filling up the DagBag from /home/airflow/.local/lib/python3.6/site-packages/airflow/example_dags/example_bash_operator.py
[2022-07-10 08:53:15,223] {scheduler_job.py:639} INFO - DAG(s) dict_keys(['example_bash_operator']) retrieved from /home/airflow/.local/lib/python3.6/site-packages/airflow/example_dags/example_bash_operator.py
[2022-07-10 08:53:15,235] {logging_mixin.py:104} INFO - [2022-07-10 08:53:15,235] {dag.py:1824} INFO - Sync 1 DAGs
[2022-07-10 08:53:15,248] {logging_mixin.py:104} INFO - [2022-07-10 08:53:15,248] {dag.py:2280} INFO - Setting next_dagrun for example_bash_operator to 2022-07-08 00:00:00+00:00
[2022-07-10 08:53:15,254] {scheduler_job.py:190} INFO - Processing /home/airflow/.local/lib/python3.6/site-packages/airflow/example_dags/example_bash_operator.py took 0.042 seconds
[2022-07-10 08:53:46,031] {scheduler_job.py:182} INFO - Started process (PID=1114) to work on /home/airflow/.local/lib/python3.6/site-packages/airflow/example_dags/example_bash_operator.py
[2022-07-10 08:53:46,031] {scheduler_job.py:629} INFO - Processing file /home/airflow/.local/lib/python3.6/site-packages/airflow/example_dags/example_bash_operator.py for tasks to queue
[2022-07-10 08:53:46,032] {logging_mixin.py:104} INFO - [2022-07-10 08:53:46,032] {dagbag.py:451} INFO - Filling up the DagBag from /home/airflow/.local/lib/python3.6/site-packages/airflow/example_dags/example_bash_operator.py
[2022-07-10 08:53:46,040] {scheduler_job.py:639} INFO - DAG(s) dict_keys(['example_bash_operator']) retrieved from /home/airflow/.local/lib/python3.6/site-packages/airflow/example_dags/example_bash_operator.py
[2022-07-10 08:53:46,053] {logging_mixin.py:104} INFO - [2022-07-10 08:53:46,053] {dag.py:1824} INFO - Sync 1 DAGs
[2022-07-10 08:53:46,065] {logging_mixin.py:104} INFO - [2022-07-10 08:53:46,065] {dag.py:2280} INFO - Setting next_dagrun for example_bash_operator to 2022-07-08 00:00:00+00:00
[2022-07-10 08:53:46,072] {scheduler_job.py:190} INFO - Processing /home/airflow/.local/lib/python3.6/site-packages/airflow/example_dags/example_bash_operator.py took 0.043 seconds
[2022-07-10 08:54:16,914] {scheduler_job.py:182} INFO - Started process (PID=1140) to work on /home/airflow/.local/lib/python3.6/site-packages/airflow/example_dags/example_bash_operator.py
[2022-07-10 08:54:16,915] {scheduler_job.py:629} INFO - Processing file /home/airflow/.local/lib/python3.6/site-packages/airflow/example_dags/example_bash_operator.py for tasks to queue
[2022-07-10 08:54:16,916] {logging_mixin.py:104} INFO - [2022-07-10 08:54:16,916] {dagbag.py:451} INFO - Filling up the DagBag from /home/airflow/.local/lib/python3.6/site-packages/airflow/example_dags/example_bash_operator.py
[2022-07-10 08:54:16,923] {scheduler_job.py:639} INFO - DAG(s) dict_keys(['example_bash_operator']) retrieved from /home/airflow/.local/lib/python3.6/site-packages/airflow/example_dags/example_bash_operator.py
[2022-07-10 08:54:16,936] {logging_mixin.py:104} INFO - [2022-07-10 08:54:16,935] {dag.py:1824} INFO - Sync 1 DAGs
[2022-07-10 08:54:16,949] {logging_mixin.py:104} INFO - [2022-07-10 08:54:16,949] {dag.py:2280} INFO - Setting next_dagrun for example_bash_operator to 2022-07-08 00:00:00+00:00
[2022-07-10 08:54:16,956] {scheduler_job.py:190} INFO - Processing /home/airflow/.local/lib/python3.6/site-packages/airflow/example_dags/example_bash_operator.py took 0.043 seconds
[2022-07-10 08:54:47,766] {scheduler_job.py:182} INFO - Started process (PID=1166) to work on /home/airflow/.local/lib/python3.6/site-packages/airflow/example_dags/example_bash_operator.py
[2022-07-10 08:54:47,768] {scheduler_job.py:629} INFO - Processing file /home/airflow/.local/lib/python3.6/site-packages/airflow/example_dags/example_bash_operator.py for tasks to queue
[2022-07-10 08:54:47,768] {logging_mixin.py:104} INFO - [2022-07-10 08:54:47,768] {dagbag.py:451} INFO - Filling up the DagBag from /home/airflow/.local/lib/python3.6/site-packages/airflow/example_dags/example_bash_operator.py
[2022-07-10 08:54:47,775] {scheduler_job.py:639} INFO - DAG(s) dict_keys(['example_bash_operator']) retrieved from /home/airflow/.local/lib/python3.6/site-packages/airflow/example_dags/example_bash_operator.py
[2022-07-10 08:54:47,788] {logging_mixin.py:104} INFO - [2022-07-10 08:54:47,788] {dag.py:1824} INFO - Sync 1 DAGs
[2022-07-10 08:54:47,802] {logging_mixin.py:104} INFO - [2022-07-10 08:54:47,802] {dag.py:2280} INFO - Setting next_dagrun for example_bash_operator to 2022-07-08 00:00:00+00:00
[2022-07-10 08:54:47,809] {scheduler_job.py:190} INFO - Processing /home/airflow/.local/lib/python3.6/site-packages/airflow/example_dags/example_bash_operator.py took 0.044 seconds
[2022-07-10 08:55:18,668] {scheduler_job.py:182} INFO - Started process (PID=1192) to work on /home/airflow/.local/lib/python3.6/site-packages/airflow/example_dags/example_bash_operator.py
[2022-07-10 08:55:18,669] {scheduler_job.py:629} INFO - Processing file /home/airflow/.local/lib/python3.6/site-packages/airflow/example_dags/example_bash_operator.py for tasks to queue
[2022-07-10 08:55:18,669] {logging_mixin.py:104} INFO - [2022-07-10 08:55:18,669] {dagbag.py:451} INFO - Filling up the DagBag from /home/airflow/.local/lib/python3.6/site-packages/airflow/example_dags/example_bash_operator.py
[2022-07-10 08:55:18,677] {scheduler_job.py:639} INFO - DAG(s) dict_keys(['example_bash_operator']) retrieved from /home/airflow/.local/lib/python3.6/site-packages/airflow/example_dags/example_bash_operator.py
[2022-07-10 08:55:18,690] {logging_mixin.py:104} INFO - [2022-07-10 08:55:18,689] {dag.py:1824} INFO - Sync 1 DAGs
[2022-07-10 08:55:18,703] {logging_mixin.py:104} INFO - [2022-07-10 08:55:18,703] {dag.py:2280} INFO - Setting next_dagrun for example_bash_operator to 2022-07-08 00:00:00+00:00
[2022-07-10 08:55:18,711] {scheduler_job.py:190} INFO - Processing /home/airflow/.local/lib/python3.6/site-packages/airflow/example_dags/example_bash_operator.py took 0.044 seconds
[2022-07-10 08:55:49,594] {scheduler_job.py:182} INFO - Started process (PID=1218) to work on /home/airflow/.local/lib/python3.6/site-packages/airflow/example_dags/example_bash_operator.py
[2022-07-10 08:55:49,595] {scheduler_job.py:629} INFO - Processing file /home/airflow/.local/lib/python3.6/site-packages/airflow/example_dags/example_bash_operator.py for tasks to queue
[2022-07-10 08:55:49,595] {logging_mixin.py:104} INFO - [2022-07-10 08:55:49,595] {dagbag.py:451} INFO - Filling up the DagBag from /home/airflow/.local/lib/python3.6/site-packages/airflow/example_dags/example_bash_operator.py
[2022-07-10 08:55:49,603] {scheduler_job.py:639} INFO - DAG(s) dict_keys(['example_bash_operator']) retrieved from /home/airflow/.local/lib/python3.6/site-packages/airflow/example_dags/example_bash_operator.py
[2022-07-10 08:55:49,615] {logging_mixin.py:104} INFO - [2022-07-10 08:55:49,615] {dag.py:1824} INFO - Sync 1 DAGs
[2022-07-10 08:55:49,628] {logging_mixin.py:104} INFO - [2022-07-10 08:55:49,628] {dag.py:2280} INFO - Setting next_dagrun for example_bash_operator to 2022-07-08 00:00:00+00:00
[2022-07-10 08:55:49,636] {scheduler_job.py:190} INFO - Processing /home/airflow/.local/lib/python3.6/site-packages/airflow/example_dags/example_bash_operator.py took 0.044 seconds
[2022-07-10 08:56:20,702] {scheduler_job.py:182} INFO - Started process (PID=1244) to work on /home/airflow/.local/lib/python3.6/site-packages/airflow/example_dags/example_bash_operator.py
[2022-07-10 08:56:20,703] {scheduler_job.py:629} INFO - Processing file /home/airflow/.local/lib/python3.6/site-packages/airflow/example_dags/example_bash_operator.py for tasks to queue
[2022-07-10 08:56:20,704] {logging_mixin.py:104} INFO - [2022-07-10 08:56:20,703] {dagbag.py:451} INFO - Filling up the DagBag from /home/airflow/.local/lib/python3.6/site-packages/airflow/example_dags/example_bash_operator.py
[2022-07-10 08:56:20,711] {scheduler_job.py:639} INFO - DAG(s) dict_keys(['example_bash_operator']) retrieved from /home/airflow/.local/lib/python3.6/site-packages/airflow/example_dags/example_bash_operator.py
[2022-07-10 08:56:20,724] {logging_mixin.py:104} INFO - [2022-07-10 08:56:20,724] {dag.py:1824} INFO - Sync 1 DAGs
[2022-07-10 08:56:20,738] {logging_mixin.py:104} INFO - [2022-07-10 08:56:20,737] {dag.py:2280} INFO - Setting next_dagrun for example_bash_operator to 2022-07-08 00:00:00+00:00
[2022-07-10 08:56:20,745] {scheduler_job.py:190} INFO - Processing /home/airflow/.local/lib/python3.6/site-packages/airflow/example_dags/example_bash_operator.py took 0.044 seconds
[2022-07-10 08:56:51,530] {scheduler_job.py:182} INFO - Started process (PID=1270) to work on /home/airflow/.local/lib/python3.6/site-packages/airflow/example_dags/example_bash_operator.py
[2022-07-10 08:56:51,531] {scheduler_job.py:629} INFO - Processing file /home/airflow/.local/lib/python3.6/site-packages/airflow/example_dags/example_bash_operator.py for tasks to queue
[2022-07-10 08:56:51,531] {logging_mixin.py:104} INFO - [2022-07-10 08:56:51,531] {dagbag.py:451} INFO - Filling up the DagBag from /home/airflow/.local/lib/python3.6/site-packages/airflow/example_dags/example_bash_operator.py
[2022-07-10 08:56:51,539] {scheduler_job.py:639} INFO - DAG(s) dict_keys(['example_bash_operator']) retrieved from /home/airflow/.local/lib/python3.6/site-packages/airflow/example_dags/example_bash_operator.py
[2022-07-10 08:56:51,551] {logging_mixin.py:104} INFO - [2022-07-10 08:56:51,551] {dag.py:1824} INFO - Sync 1 DAGs
[2022-07-10 08:56:51,565] {logging_mixin.py:104} INFO - [2022-07-10 08:56:51,565] {dag.py:2280} INFO - Setting next_dagrun for example_bash_operator to 2022-07-08 00:00:00+00:00
[2022-07-10 08:56:51,572] {scheduler_job.py:190} INFO - Processing /home/airflow/.local/lib/python3.6/site-packages/airflow/example_dags/example_bash_operator.py took 0.043 seconds
[2022-07-10 08:57:22,442] {scheduler_job.py:182} INFO - Started process (PID=1296) to work on /home/airflow/.local/lib/python3.6/site-packages/airflow/example_dags/example_bash_operator.py
[2022-07-10 08:57:22,443] {scheduler_job.py:629} INFO - Processing file /home/airflow/.local/lib/python3.6/site-packages/airflow/example_dags/example_bash_operator.py for tasks to queue
[2022-07-10 08:57:22,444] {logging_mixin.py:104} INFO - [2022-07-10 08:57:22,444] {dagbag.py:451} INFO - Filling up the DagBag from /home/airflow/.local/lib/python3.6/site-packages/airflow/example_dags/example_bash_operator.py
[2022-07-10 08:57:22,452] {scheduler_job.py:639} INFO - DAG(s) dict_keys(['example_bash_operator']) retrieved from /home/airflow/.local/lib/python3.6/site-packages/airflow/example_dags/example_bash_operator.py
[2022-07-10 08:57:22,465] {logging_mixin.py:104} INFO - [2022-07-10 08:57:22,465] {dag.py:1824} INFO - Sync 1 DAGs
[2022-07-10 08:57:22,478] {logging_mixin.py:104} INFO - [2022-07-10 08:57:22,478] {dag.py:2280} INFO - Setting next_dagrun for example_bash_operator to 2022-07-08 00:00:00+00:00
[2022-07-10 08:57:22,485] {scheduler_job.py:190} INFO - Processing /home/airflow/.local/lib/python3.6/site-packages/airflow/example_dags/example_bash_operator.py took 0.045 seconds
[2022-07-10 08:57:53,277] {scheduler_job.py:182} INFO - Started process (PID=1322) to work on /home/airflow/.local/lib/python3.6/site-packages/airflow/example_dags/example_bash_operator.py
[2022-07-10 08:57:53,278] {scheduler_job.py:629} INFO - Processing file /home/airflow/.local/lib/python3.6/site-packages/airflow/example_dags/example_bash_operator.py for tasks to queue
[2022-07-10 08:57:53,278] {logging_mixin.py:104} INFO - [2022-07-10 08:57:53,278] {dagbag.py:451} INFO - Filling up the DagBag from /home/airflow/.local/lib/python3.6/site-packages/airflow/example_dags/example_bash_operator.py
[2022-07-10 08:57:53,286] {scheduler_job.py:639} INFO - DAG(s) dict_keys(['example_bash_operator']) retrieved from /home/airflow/.local/lib/python3.6/site-packages/airflow/example_dags/example_bash_operator.py
[2022-07-10 08:57:53,298] {logging_mixin.py:104} INFO - [2022-07-10 08:57:53,298] {dag.py:1824} INFO - Sync 1 DAGs
[2022-07-10 08:57:53,311] {logging_mixin.py:104} INFO - [2022-07-10 08:57:53,311] {dag.py:2280} INFO - Setting next_dagrun for example_bash_operator to 2022-07-08 00:00:00+00:00
[2022-07-10 08:57:53,319] {scheduler_job.py:190} INFO - Processing /home/airflow/.local/lib/python3.6/site-packages/airflow/example_dags/example_bash_operator.py took 0.044 seconds
[2022-07-10 08:58:24,296] {scheduler_job.py:182} INFO - Started process (PID=1348) to work on /home/airflow/.local/lib/python3.6/site-packages/airflow/example_dags/example_bash_operator.py
[2022-07-10 08:58:24,297] {scheduler_job.py:629} INFO - Processing file /home/airflow/.local/lib/python3.6/site-packages/airflow/example_dags/example_bash_operator.py for tasks to queue
[2022-07-10 08:58:24,297] {logging_mixin.py:104} INFO - [2022-07-10 08:58:24,297] {dagbag.py:451} INFO - Filling up the DagBag from /home/airflow/.local/lib/python3.6/site-packages/airflow/example_dags/example_bash_operator.py
[2022-07-10 08:58:24,304] {scheduler_job.py:639} INFO - DAG(s) dict_keys(['example_bash_operator']) retrieved from /home/airflow/.local/lib/python3.6/site-packages/airflow/example_dags/example_bash_operator.py
[2022-07-10 08:58:24,318] {logging_mixin.py:104} INFO - [2022-07-10 08:58:24,318] {dag.py:1824} INFO - Sync 1 DAGs
[2022-07-10 08:58:24,332] {logging_mixin.py:104} INFO - [2022-07-10 08:58:24,332] {dag.py:2280} INFO - Setting next_dagrun for example_bash_operator to 2022-07-08 00:00:00+00:00
[2022-07-10 08:58:24,339] {scheduler_job.py:190} INFO - Processing /home/airflow/.local/lib/python3.6/site-packages/airflow/example_dags/example_bash_operator.py took 0.045 seconds
[2022-07-10 08:58:55,145] {scheduler_job.py:182} INFO - Started process (PID=1374) to work on /home/airflow/.local/lib/python3.6/site-packages/airflow/example_dags/example_bash_operator.py
[2022-07-10 08:58:55,146] {scheduler_job.py:629} INFO - Processing file /home/airflow/.local/lib/python3.6/site-packages/airflow/example_dags/example_bash_operator.py for tasks to queue
[2022-07-10 08:58:55,146] {logging_mixin.py:104} INFO - [2022-07-10 08:58:55,146] {dagbag.py:451} INFO - Filling up the DagBag from /home/airflow/.local/lib/python3.6/site-packages/airflow/example_dags/example_bash_operator.py
[2022-07-10 08:58:55,154] {scheduler_job.py:639} INFO - DAG(s) dict_keys(['example_bash_operator']) retrieved from /home/airflow/.local/lib/python3.6/site-packages/airflow/example_dags/example_bash_operator.py
[2022-07-10 08:58:55,166] {logging_mixin.py:104} INFO - [2022-07-10 08:58:55,166] {dag.py:1824} INFO - Sync 1 DAGs
[2022-07-10 08:58:55,182] {logging_mixin.py:104} INFO - [2022-07-10 08:58:55,181] {dag.py:2280} INFO - Setting next_dagrun for example_bash_operator to 2022-07-08 00:00:00+00:00
[2022-07-10 08:58:55,189] {scheduler_job.py:190} INFO - Processing /home/airflow/.local/lib/python3.6/site-packages/airflow/example_dags/example_bash_operator.py took 0.046 seconds
[2022-07-10 08:59:25,898] {scheduler_job.py:182} INFO - Started process (PID=1400) to work on /home/airflow/.local/lib/python3.6/site-packages/airflow/example_dags/example_bash_operator.py
[2022-07-10 08:59:25,899] {scheduler_job.py:629} INFO - Processing file /home/airflow/.local/lib/python3.6/site-packages/airflow/example_dags/example_bash_operator.py for tasks to queue
[2022-07-10 08:59:25,899] {logging_mixin.py:104} INFO - [2022-07-10 08:59:25,899] {dagbag.py:451} INFO - Filling up the DagBag from /home/airflow/.local/lib/python3.6/site-packages/airflow/example_dags/example_bash_operator.py
[2022-07-10 08:59:25,906] {scheduler_job.py:639} INFO - DAG(s) dict_keys(['example_bash_operator']) retrieved from /home/airflow/.local/lib/python3.6/site-packages/airflow/example_dags/example_bash_operator.py
[2022-07-10 08:59:25,919] {logging_mixin.py:104} INFO - [2022-07-10 08:59:25,919] {dag.py:1824} INFO - Sync 1 DAGs
[2022-07-10 08:59:25,934] {logging_mixin.py:104} INFO - [2022-07-10 08:59:25,934] {dag.py:2280} INFO - Setting next_dagrun for example_bash_operator to 2022-07-08 00:00:00+00:00
[2022-07-10 08:59:25,941] {scheduler_job.py:190} INFO - Processing /home/airflow/.local/lib/python3.6/site-packages/airflow/example_dags/example_bash_operator.py took 0.045 seconds
[2022-07-10 08:59:56,769] {scheduler_job.py:182} INFO - Started process (PID=1426) to work on /home/airflow/.local/lib/python3.6/site-packages/airflow/example_dags/example_bash_operator.py
[2022-07-10 08:59:56,770] {scheduler_job.py:629} INFO - Processing file /home/airflow/.local/lib/python3.6/site-packages/airflow/example_dags/example_bash_operator.py for tasks to queue
[2022-07-10 08:59:56,771] {logging_mixin.py:104} INFO - [2022-07-10 08:59:56,771] {dagbag.py:451} INFO - Filling up the DagBag from /home/airflow/.local/lib/python3.6/site-packages/airflow/example_dags/example_bash_operator.py
[2022-07-10 08:59:56,778] {scheduler_job.py:639} INFO - DAG(s) dict_keys(['example_bash_operator']) retrieved from /home/airflow/.local/lib/python3.6/site-packages/airflow/example_dags/example_bash_operator.py
[2022-07-10 08:59:56,790] {logging_mixin.py:104} INFO - [2022-07-10 08:59:56,790] {dag.py:1824} INFO - Sync 1 DAGs
[2022-07-10 08:59:56,804] {logging_mixin.py:104} INFO - [2022-07-10 08:59:56,804] {dag.py:2280} INFO - Setting next_dagrun for example_bash_operator to 2022-07-08 00:00:00+00:00
[2022-07-10 08:59:56,811] {scheduler_job.py:190} INFO - Processing /home/airflow/.local/lib/python3.6/site-packages/airflow/example_dags/example_bash_operator.py took 0.044 seconds
[2022-07-10 09:00:27,540] {scheduler_job.py:182} INFO - Started process (PID=1452) to work on /home/airflow/.local/lib/python3.6/site-packages/airflow/example_dags/example_bash_operator.py
[2022-07-10 09:00:27,540] {scheduler_job.py:629} INFO - Processing file /home/airflow/.local/lib/python3.6/site-packages/airflow/example_dags/example_bash_operator.py for tasks to queue
[2022-07-10 09:00:27,541] {logging_mixin.py:104} INFO - [2022-07-10 09:00:27,541] {dagbag.py:451} INFO - Filling up the DagBag from /home/airflow/.local/lib/python3.6/site-packages/airflow/example_dags/example_bash_operator.py
[2022-07-10 09:00:27,548] {scheduler_job.py:639} INFO - DAG(s) dict_keys(['example_bash_operator']) retrieved from /home/airflow/.local/lib/python3.6/site-packages/airflow/example_dags/example_bash_operator.py
[2022-07-10 09:00:27,563] {logging_mixin.py:104} INFO - [2022-07-10 09:00:27,563] {dag.py:1824} INFO - Sync 1 DAGs
[2022-07-10 09:00:27,580] {logging_mixin.py:104} INFO - [2022-07-10 09:00:27,580] {dag.py:2280} INFO - Setting next_dagrun for example_bash_operator to 2022-07-08 00:00:00+00:00
[2022-07-10 09:00:27,588] {scheduler_job.py:190} INFO - Processing /home/airflow/.local/lib/python3.6/site-packages/airflow/example_dags/example_bash_operator.py took 0.050 seconds
[2022-07-10 09:00:58,402] {scheduler_job.py:182} INFO - Started process (PID=1478) to work on /home/airflow/.local/lib/python3.6/site-packages/airflow/example_dags/example_bash_operator.py
[2022-07-10 09:00:58,402] {scheduler_job.py:629} INFO - Processing file /home/airflow/.local/lib/python3.6/site-packages/airflow/example_dags/example_bash_operator.py for tasks to queue
[2022-07-10 09:00:58,403] {logging_mixin.py:104} INFO - [2022-07-10 09:00:58,403] {dagbag.py:451} INFO - Filling up the DagBag from /home/airflow/.local/lib/python3.6/site-packages/airflow/example_dags/example_bash_operator.py
[2022-07-10 09:00:58,410] {scheduler_job.py:639} INFO - DAG(s) dict_keys(['example_bash_operator']) retrieved from /home/airflow/.local/lib/python3.6/site-packages/airflow/example_dags/example_bash_operator.py
[2022-07-10 09:00:58,422] {logging_mixin.py:104} INFO - [2022-07-10 09:00:58,422] {dag.py:1824} INFO - Sync 1 DAGs
[2022-07-10 09:00:58,436] {logging_mixin.py:104} INFO - [2022-07-10 09:00:58,436] {dag.py:2280} INFO - Setting next_dagrun for example_bash_operator to 2022-07-08 00:00:00+00:00
[2022-07-10 09:00:58,443] {scheduler_job.py:190} INFO - Processing /home/airflow/.local/lib/python3.6/site-packages/airflow/example_dags/example_bash_operator.py took 0.043 seconds
[2022-07-10 09:03:55,093] {scheduler_job.py:182} INFO - Started process (PID=54) to work on /home/airflow/.local/lib/python3.6/site-packages/airflow/example_dags/example_bash_operator.py
[2022-07-10 09:03:55,094] {scheduler_job.py:629} INFO - Processing file /home/airflow/.local/lib/python3.6/site-packages/airflow/example_dags/example_bash_operator.py for tasks to queue
[2022-07-10 09:03:55,095] {logging_mixin.py:104} INFO - [2022-07-10 09:03:55,095] {dagbag.py:451} INFO - Filling up the DagBag from /home/airflow/.local/lib/python3.6/site-packages/airflow/example_dags/example_bash_operator.py
[2022-07-10 09:03:55,106] {scheduler_job.py:639} INFO - DAG(s) dict_keys(['example_bash_operator']) retrieved from /home/airflow/.local/lib/python3.6/site-packages/airflow/example_dags/example_bash_operator.py
[2022-07-10 09:03:55,122] {logging_mixin.py:104} INFO - [2022-07-10 09:03:55,122] {dag.py:1824} INFO - Sync 1 DAGs
[2022-07-10 09:03:55,142] {logging_mixin.py:104} INFO - [2022-07-10 09:03:55,141] {dag.py:2280} INFO - Setting next_dagrun for example_bash_operator to 2022-07-08 00:00:00+00:00
[2022-07-10 09:03:55,150] {scheduler_job.py:190} INFO - Processing /home/airflow/.local/lib/python3.6/site-packages/airflow/example_dags/example_bash_operator.py took 0.060 seconds
[2022-07-10 09:04:26,007] {scheduler_job.py:182} INFO - Started process (PID=80) to work on /home/airflow/.local/lib/python3.6/site-packages/airflow/example_dags/example_bash_operator.py
[2022-07-10 09:04:26,007] {scheduler_job.py:629} INFO - Processing file /home/airflow/.local/lib/python3.6/site-packages/airflow/example_dags/example_bash_operator.py for tasks to queue
[2022-07-10 09:04:26,008] {logging_mixin.py:104} INFO - [2022-07-10 09:04:26,008] {dagbag.py:451} INFO - Filling up the DagBag from /home/airflow/.local/lib/python3.6/site-packages/airflow/example_dags/example_bash_operator.py
[2022-07-10 09:04:26,016] {scheduler_job.py:639} INFO - DAG(s) dict_keys(['example_bash_operator']) retrieved from /home/airflow/.local/lib/python3.6/site-packages/airflow/example_dags/example_bash_operator.py
[2022-07-10 09:04:26,028] {logging_mixin.py:104} INFO - [2022-07-10 09:04:26,028] {dag.py:1824} INFO - Sync 1 DAGs
[2022-07-10 09:04:26,042] {logging_mixin.py:104} INFO - [2022-07-10 09:04:26,042] {dag.py:2280} INFO - Setting next_dagrun for example_bash_operator to 2022-07-08 00:00:00+00:00
[2022-07-10 09:04:26,049] {scheduler_job.py:190} INFO - Processing /home/airflow/.local/lib/python3.6/site-packages/airflow/example_dags/example_bash_operator.py took 0.044 seconds
[2022-07-10 09:04:56,795] {scheduler_job.py:182} INFO - Started process (PID=106) to work on /home/airflow/.local/lib/python3.6/site-packages/airflow/example_dags/example_bash_operator.py
[2022-07-10 09:04:56,796] {scheduler_job.py:629} INFO - Processing file /home/airflow/.local/lib/python3.6/site-packages/airflow/example_dags/example_bash_operator.py for tasks to queue
[2022-07-10 09:04:56,796] {logging_mixin.py:104} INFO - [2022-07-10 09:04:56,796] {dagbag.py:451} INFO - Filling up the DagBag from /home/airflow/.local/lib/python3.6/site-packages/airflow/example_dags/example_bash_operator.py
[2022-07-10 09:04:56,803] {scheduler_job.py:639} INFO - DAG(s) dict_keys(['example_bash_operator']) retrieved from /home/airflow/.local/lib/python3.6/site-packages/airflow/example_dags/example_bash_operator.py
[2022-07-10 09:04:56,816] {logging_mixin.py:104} INFO - [2022-07-10 09:04:56,816] {dag.py:1824} INFO - Sync 1 DAGs
[2022-07-10 09:04:56,830] {logging_mixin.py:104} INFO - [2022-07-10 09:04:56,830] {dag.py:2280} INFO - Setting next_dagrun for example_bash_operator to 2022-07-08 00:00:00+00:00
[2022-07-10 09:04:56,837] {scheduler_job.py:190} INFO - Processing /home/airflow/.local/lib/python3.6/site-packages/airflow/example_dags/example_bash_operator.py took 0.044 seconds
[2022-07-10 09:05:27,665] {scheduler_job.py:182} INFO - Started process (PID=132) to work on /home/airflow/.local/lib/python3.6/site-packages/airflow/example_dags/example_bash_operator.py
[2022-07-10 09:05:27,665] {scheduler_job.py:629} INFO - Processing file /home/airflow/.local/lib/python3.6/site-packages/airflow/example_dags/example_bash_operator.py for tasks to queue
[2022-07-10 09:05:27,666] {logging_mixin.py:104} INFO - [2022-07-10 09:05:27,666] {dagbag.py:451} INFO - Filling up the DagBag from /home/airflow/.local/lib/python3.6/site-packages/airflow/example_dags/example_bash_operator.py
[2022-07-10 09:05:27,673] {scheduler_job.py:639} INFO - DAG(s) dict_keys(['example_bash_operator']) retrieved from /home/airflow/.local/lib/python3.6/site-packages/airflow/example_dags/example_bash_operator.py
[2022-07-10 09:05:27,685] {logging_mixin.py:104} INFO - [2022-07-10 09:05:27,684] {dag.py:1824} INFO - Sync 1 DAGs
[2022-07-10 09:05:27,699] {logging_mixin.py:104} INFO - [2022-07-10 09:05:27,699] {dag.py:2280} INFO - Setting next_dagrun for example_bash_operator to 2022-07-08 00:00:00+00:00
[2022-07-10 09:05:27,706] {scheduler_job.py:190} INFO - Processing /home/airflow/.local/lib/python3.6/site-packages/airflow/example_dags/example_bash_operator.py took 0.043 seconds
[2022-07-10 09:05:58,496] {scheduler_job.py:182} INFO - Started process (PID=158) to work on /home/airflow/.local/lib/python3.6/site-packages/airflow/example_dags/example_bash_operator.py
[2022-07-10 09:05:58,496] {scheduler_job.py:629} INFO - Processing file /home/airflow/.local/lib/python3.6/site-packages/airflow/example_dags/example_bash_operator.py for tasks to queue
[2022-07-10 09:05:58,497] {logging_mixin.py:104} INFO - [2022-07-10 09:05:58,497] {dagbag.py:451} INFO - Filling up the DagBag from /home/airflow/.local/lib/python3.6/site-packages/airflow/example_dags/example_bash_operator.py
[2022-07-10 09:05:58,504] {scheduler_job.py:639} INFO - DAG(s) dict_keys(['example_bash_operator']) retrieved from /home/airflow/.local/lib/python3.6/site-packages/airflow/example_dags/example_bash_operator.py
[2022-07-10 09:05:58,516] {logging_mixin.py:104} INFO - [2022-07-10 09:05:58,516] {dag.py:1824} INFO - Sync 1 DAGs
[2022-07-10 09:05:58,531] {logging_mixin.py:104} INFO - [2022-07-10 09:05:58,531] {dag.py:2280} INFO - Setting next_dagrun for example_bash_operator to 2022-07-08 00:00:00+00:00
[2022-07-10 09:05:58,537] {scheduler_job.py:190} INFO - Processing /home/airflow/.local/lib/python3.6/site-packages/airflow/example_dags/example_bash_operator.py took 0.044 seconds
[2022-07-10 09:06:29,290] {scheduler_job.py:182} INFO - Started process (PID=184) to work on /home/airflow/.local/lib/python3.6/site-packages/airflow/example_dags/example_bash_operator.py
[2022-07-10 09:06:29,291] {scheduler_job.py:629} INFO - Processing file /home/airflow/.local/lib/python3.6/site-packages/airflow/example_dags/example_bash_operator.py for tasks to queue
[2022-07-10 09:06:29,292] {logging_mixin.py:104} INFO - [2022-07-10 09:06:29,292] {dagbag.py:451} INFO - Filling up the DagBag from /home/airflow/.local/lib/python3.6/site-packages/airflow/example_dags/example_bash_operator.py
[2022-07-10 09:06:29,298] {scheduler_job.py:639} INFO - DAG(s) dict_keys(['example_bash_operator']) retrieved from /home/airflow/.local/lib/python3.6/site-packages/airflow/example_dags/example_bash_operator.py
[2022-07-10 09:06:29,310] {logging_mixin.py:104} INFO - [2022-07-10 09:06:29,310] {dag.py:1824} INFO - Sync 1 DAGs
[2022-07-10 09:06:29,326] {logging_mixin.py:104} INFO - [2022-07-10 09:06:29,325] {dag.py:2280} INFO - Setting next_dagrun for example_bash_operator to 2022-07-08 00:00:00+00:00
[2022-07-10 09:06:29,332] {scheduler_job.py:190} INFO - Processing /home/airflow/.local/lib/python3.6/site-packages/airflow/example_dags/example_bash_operator.py took 0.044 seconds
[2022-07-10 09:07:00,070] {scheduler_job.py:182} INFO - Started process (PID=210) to work on /home/airflow/.local/lib/python3.6/site-packages/airflow/example_dags/example_bash_operator.py
[2022-07-10 09:07:00,071] {scheduler_job.py:629} INFO - Processing file /home/airflow/.local/lib/python3.6/site-packages/airflow/example_dags/example_bash_operator.py for tasks to queue
[2022-07-10 09:07:00,071] {logging_mixin.py:104} INFO - [2022-07-10 09:07:00,071] {dagbag.py:451} INFO - Filling up the DagBag from /home/airflow/.local/lib/python3.6/site-packages/airflow/example_dags/example_bash_operator.py
[2022-07-10 09:07:00,078] {scheduler_job.py:639} INFO - DAG(s) dict_keys(['example_bash_operator']) retrieved from /home/airflow/.local/lib/python3.6/site-packages/airflow/example_dags/example_bash_operator.py
[2022-07-10 09:07:00,092] {logging_mixin.py:104} INFO - [2022-07-10 09:07:00,092] {dag.py:1824} INFO - Sync 1 DAGs
[2022-07-10 09:07:00,105] {logging_mixin.py:104} INFO - [2022-07-10 09:07:00,105] {dag.py:2280} INFO - Setting next_dagrun for example_bash_operator to 2022-07-08 00:00:00+00:00
[2022-07-10 09:07:00,111] {scheduler_job.py:190} INFO - Processing /home/airflow/.local/lib/python3.6/site-packages/airflow/example_dags/example_bash_operator.py took 0.043 seconds
[2022-07-10 09:07:30,916] {scheduler_job.py:182} INFO - Started process (PID=236) to work on /home/airflow/.local/lib/python3.6/site-packages/airflow/example_dags/example_bash_operator.py
[2022-07-10 09:07:30,917] {scheduler_job.py:629} INFO - Processing file /home/airflow/.local/lib/python3.6/site-packages/airflow/example_dags/example_bash_operator.py for tasks to queue
[2022-07-10 09:07:30,917] {logging_mixin.py:104} INFO - [2022-07-10 09:07:30,917] {dagbag.py:451} INFO - Filling up the DagBag from /home/airflow/.local/lib/python3.6/site-packages/airflow/example_dags/example_bash_operator.py
[2022-07-10 09:07:30,925] {scheduler_job.py:639} INFO - DAG(s) dict_keys(['example_bash_operator']) retrieved from /home/airflow/.local/lib/python3.6/site-packages/airflow/example_dags/example_bash_operator.py
[2022-07-10 09:07:30,939] {logging_mixin.py:104} INFO - [2022-07-10 09:07:30,939] {dag.py:1824} INFO - Sync 1 DAGs
[2022-07-10 09:07:30,951] {logging_mixin.py:104} INFO - [2022-07-10 09:07:30,951] {dag.py:2280} INFO - Setting next_dagrun for example_bash_operator to 2022-07-08 00:00:00+00:00
[2022-07-10 09:07:30,958] {scheduler_job.py:190} INFO - Processing /home/airflow/.local/lib/python3.6/site-packages/airflow/example_dags/example_bash_operator.py took 0.044 seconds
[2022-07-10 09:08:01,691] {scheduler_job.py:182} INFO - Started process (PID=262) to work on /home/airflow/.local/lib/python3.6/site-packages/airflow/example_dags/example_bash_operator.py
[2022-07-10 09:08:01,692] {scheduler_job.py:629} INFO - Processing file /home/airflow/.local/lib/python3.6/site-packages/airflow/example_dags/example_bash_operator.py for tasks to queue
[2022-07-10 09:08:01,693] {logging_mixin.py:104} INFO - [2022-07-10 09:08:01,693] {dagbag.py:451} INFO - Filling up the DagBag from /home/airflow/.local/lib/python3.6/site-packages/airflow/example_dags/example_bash_operator.py
[2022-07-10 09:08:01,700] {scheduler_job.py:639} INFO - DAG(s) dict_keys(['example_bash_operator']) retrieved from /home/airflow/.local/lib/python3.6/site-packages/airflow/example_dags/example_bash_operator.py
[2022-07-10 09:08:01,714] {logging_mixin.py:104} INFO - [2022-07-10 09:08:01,713] {dag.py:1824} INFO - Sync 1 DAGs
[2022-07-10 09:08:01,726] {logging_mixin.py:104} INFO - [2022-07-10 09:08:01,726] {dag.py:2280} INFO - Setting next_dagrun for example_bash_operator to 2022-07-08 00:00:00+00:00
[2022-07-10 09:08:01,732] {scheduler_job.py:190} INFO - Processing /home/airflow/.local/lib/python3.6/site-packages/airflow/example_dags/example_bash_operator.py took 0.042 seconds
[2022-07-10 09:08:32,503] {scheduler_job.py:182} INFO - Started process (PID=288) to work on /home/airflow/.local/lib/python3.6/site-packages/airflow/example_dags/example_bash_operator.py
[2022-07-10 09:08:32,504] {scheduler_job.py:629} INFO - Processing file /home/airflow/.local/lib/python3.6/site-packages/airflow/example_dags/example_bash_operator.py for tasks to queue
[2022-07-10 09:08:32,505] {logging_mixin.py:104} INFO - [2022-07-10 09:08:32,505] {dagbag.py:451} INFO - Filling up the DagBag from /home/airflow/.local/lib/python3.6/site-packages/airflow/example_dags/example_bash_operator.py
[2022-07-10 09:08:32,512] {scheduler_job.py:639} INFO - DAG(s) dict_keys(['example_bash_operator']) retrieved from /home/airflow/.local/lib/python3.6/site-packages/airflow/example_dags/example_bash_operator.py
[2022-07-10 09:08:32,526] {logging_mixin.py:104} INFO - [2022-07-10 09:08:32,526] {dag.py:1824} INFO - Sync 1 DAGs
[2022-07-10 09:08:32,539] {logging_mixin.py:104} INFO - [2022-07-10 09:08:32,539] {dag.py:2280} INFO - Setting next_dagrun for example_bash_operator to 2022-07-08 00:00:00+00:00
[2022-07-10 09:08:32,546] {scheduler_job.py:190} INFO - Processing /home/airflow/.local/lib/python3.6/site-packages/airflow/example_dags/example_bash_operator.py took 0.044 seconds
[2022-07-10 09:09:03,609] {scheduler_job.py:182} INFO - Started process (PID=314) to work on /home/airflow/.local/lib/python3.6/site-packages/airflow/example_dags/example_bash_operator.py
[2022-07-10 09:09:03,610] {scheduler_job.py:629} INFO - Processing file /home/airflow/.local/lib/python3.6/site-packages/airflow/example_dags/example_bash_operator.py for tasks to queue
[2022-07-10 09:09:03,611] {logging_mixin.py:104} INFO - [2022-07-10 09:09:03,611] {dagbag.py:451} INFO - Filling up the DagBag from /home/airflow/.local/lib/python3.6/site-packages/airflow/example_dags/example_bash_operator.py
[2022-07-10 09:09:03,629] {scheduler_job.py:639} INFO - DAG(s) dict_keys(['example_bash_operator']) retrieved from /home/airflow/.local/lib/python3.6/site-packages/airflow/example_dags/example_bash_operator.py
[2022-07-10 09:09:03,648] {logging_mixin.py:104} INFO - [2022-07-10 09:09:03,648] {dag.py:1824} INFO - Sync 1 DAGs
[2022-07-10 09:09:03,667] {logging_mixin.py:104} INFO - [2022-07-10 09:09:03,667] {dag.py:2280} INFO - Setting next_dagrun for example_bash_operator to 2022-07-08 00:00:00+00:00
[2022-07-10 09:09:03,674] {scheduler_job.py:190} INFO - Processing /home/airflow/.local/lib/python3.6/site-packages/airflow/example_dags/example_bash_operator.py took 0.069 seconds
[2022-07-10 09:09:34,601] {scheduler_job.py:182} INFO - Started process (PID=340) to work on /home/airflow/.local/lib/python3.6/site-packages/airflow/example_dags/example_bash_operator.py
[2022-07-10 09:09:34,601] {scheduler_job.py:629} INFO - Processing file /home/airflow/.local/lib/python3.6/site-packages/airflow/example_dags/example_bash_operator.py for tasks to queue
[2022-07-10 09:09:34,602] {logging_mixin.py:104} INFO - [2022-07-10 09:09:34,602] {dagbag.py:451} INFO - Filling up the DagBag from /home/airflow/.local/lib/python3.6/site-packages/airflow/example_dags/example_bash_operator.py
[2022-07-10 09:09:34,611] {scheduler_job.py:639} INFO - DAG(s) dict_keys(['example_bash_operator']) retrieved from /home/airflow/.local/lib/python3.6/site-packages/airflow/example_dags/example_bash_operator.py
[2022-07-10 09:09:34,624] {logging_mixin.py:104} INFO - [2022-07-10 09:09:34,624] {dag.py:1824} INFO - Sync 1 DAGs
[2022-07-10 09:09:34,638] {logging_mixin.py:104} INFO - [2022-07-10 09:09:34,638] {dag.py:2280} INFO - Setting next_dagrun for example_bash_operator to 2022-07-08 00:00:00+00:00
[2022-07-10 09:09:34,646] {scheduler_job.py:190} INFO - Processing /home/airflow/.local/lib/python3.6/site-packages/airflow/example_dags/example_bash_operator.py took 0.047 seconds
[2022-07-10 09:10:05,363] {scheduler_job.py:182} INFO - Started process (PID=366) to work on /home/airflow/.local/lib/python3.6/site-packages/airflow/example_dags/example_bash_operator.py
[2022-07-10 09:10:05,364] {scheduler_job.py:629} INFO - Processing file /home/airflow/.local/lib/python3.6/site-packages/airflow/example_dags/example_bash_operator.py for tasks to queue
[2022-07-10 09:10:05,364] {logging_mixin.py:104} INFO - [2022-07-10 09:10:05,364] {dagbag.py:451} INFO - Filling up the DagBag from /home/airflow/.local/lib/python3.6/site-packages/airflow/example_dags/example_bash_operator.py
[2022-07-10 09:10:05,373] {scheduler_job.py:639} INFO - DAG(s) dict_keys(['example_bash_operator']) retrieved from /home/airflow/.local/lib/python3.6/site-packages/airflow/example_dags/example_bash_operator.py
[2022-07-10 09:10:05,386] {logging_mixin.py:104} INFO - [2022-07-10 09:10:05,386] {dag.py:1824} INFO - Sync 1 DAGs
[2022-07-10 09:10:05,399] {logging_mixin.py:104} INFO - [2022-07-10 09:10:05,399] {dag.py:2280} INFO - Setting next_dagrun for example_bash_operator to 2022-07-08 00:00:00+00:00
[2022-07-10 09:10:05,406] {scheduler_job.py:190} INFO - Processing /home/airflow/.local/lib/python3.6/site-packages/airflow/example_dags/example_bash_operator.py took 0.045 seconds
[2022-07-10 09:10:36,263] {scheduler_job.py:182} INFO - Started process (PID=392) to work on /home/airflow/.local/lib/python3.6/site-packages/airflow/example_dags/example_bash_operator.py
[2022-07-10 09:10:36,264] {scheduler_job.py:629} INFO - Processing file /home/airflow/.local/lib/python3.6/site-packages/airflow/example_dags/example_bash_operator.py for tasks to queue
[2022-07-10 09:10:36,264] {logging_mixin.py:104} INFO - [2022-07-10 09:10:36,264] {dagbag.py:451} INFO - Filling up the DagBag from /home/airflow/.local/lib/python3.6/site-packages/airflow/example_dags/example_bash_operator.py
[2022-07-10 09:10:36,273] {scheduler_job.py:639} INFO - DAG(s) dict_keys(['example_bash_operator']) retrieved from /home/airflow/.local/lib/python3.6/site-packages/airflow/example_dags/example_bash_operator.py
[2022-07-10 09:10:36,285] {logging_mixin.py:104} INFO - [2022-07-10 09:10:36,285] {dag.py:1824} INFO - Sync 1 DAGs
[2022-07-10 09:10:36,298] {logging_mixin.py:104} INFO - [2022-07-10 09:10:36,298] {dag.py:2280} INFO - Setting next_dagrun for example_bash_operator to 2022-07-08 00:00:00+00:00
[2022-07-10 09:10:36,304] {scheduler_job.py:190} INFO - Processing /home/airflow/.local/lib/python3.6/site-packages/airflow/example_dags/example_bash_operator.py took 0.043 seconds
[2022-07-10 09:11:07,030] {scheduler_job.py:182} INFO - Started process (PID=418) to work on /home/airflow/.local/lib/python3.6/site-packages/airflow/example_dags/example_bash_operator.py
[2022-07-10 09:11:07,033] {scheduler_job.py:629} INFO - Processing file /home/airflow/.local/lib/python3.6/site-packages/airflow/example_dags/example_bash_operator.py for tasks to queue
[2022-07-10 09:11:07,033] {logging_mixin.py:104} INFO - [2022-07-10 09:11:07,033] {dagbag.py:451} INFO - Filling up the DagBag from /home/airflow/.local/lib/python3.6/site-packages/airflow/example_dags/example_bash_operator.py
[2022-07-10 09:11:07,040] {scheduler_job.py:639} INFO - DAG(s) dict_keys(['example_bash_operator']) retrieved from /home/airflow/.local/lib/python3.6/site-packages/airflow/example_dags/example_bash_operator.py
[2022-07-10 09:11:07,052] {logging_mixin.py:104} INFO - [2022-07-10 09:11:07,052] {dag.py:1824} INFO - Sync 1 DAGs
[2022-07-10 09:11:07,065] {logging_mixin.py:104} INFO - [2022-07-10 09:11:07,065] {dag.py:2280} INFO - Setting next_dagrun for example_bash_operator to 2022-07-08 00:00:00+00:00
[2022-07-10 09:11:07,071] {scheduler_job.py:190} INFO - Processing /home/airflow/.local/lib/python3.6/site-packages/airflow/example_dags/example_bash_operator.py took 0.043 seconds
[2022-07-10 09:11:37,860] {scheduler_job.py:182} INFO - Started process (PID=444) to work on /home/airflow/.local/lib/python3.6/site-packages/airflow/example_dags/example_bash_operator.py
[2022-07-10 09:11:37,861] {scheduler_job.py:629} INFO - Processing file /home/airflow/.local/lib/python3.6/site-packages/airflow/example_dags/example_bash_operator.py for tasks to queue
[2022-07-10 09:11:37,861] {logging_mixin.py:104} INFO - [2022-07-10 09:11:37,861] {dagbag.py:451} INFO - Filling up the DagBag from /home/airflow/.local/lib/python3.6/site-packages/airflow/example_dags/example_bash_operator.py
[2022-07-10 09:11:37,869] {scheduler_job.py:639} INFO - DAG(s) dict_keys(['example_bash_operator']) retrieved from /home/airflow/.local/lib/python3.6/site-packages/airflow/example_dags/example_bash_operator.py
[2022-07-10 09:11:37,881] {logging_mixin.py:104} INFO - [2022-07-10 09:11:37,880] {dag.py:1824} INFO - Sync 1 DAGs
[2022-07-10 09:11:37,893] {logging_mixin.py:104} INFO - [2022-07-10 09:11:37,893] {dag.py:2280} INFO - Setting next_dagrun for example_bash_operator to 2022-07-08 00:00:00+00:00
[2022-07-10 09:11:37,899] {scheduler_job.py:190} INFO - Processing /home/airflow/.local/lib/python3.6/site-packages/airflow/example_dags/example_bash_operator.py took 0.041 seconds
[2022-07-10 09:12:08,632] {scheduler_job.py:182} INFO - Started process (PID=470) to work on /home/airflow/.local/lib/python3.6/site-packages/airflow/example_dags/example_bash_operator.py
[2022-07-10 09:12:08,633] {scheduler_job.py:629} INFO - Processing file /home/airflow/.local/lib/python3.6/site-packages/airflow/example_dags/example_bash_operator.py for tasks to queue
[2022-07-10 09:12:08,634] {logging_mixin.py:104} INFO - [2022-07-10 09:12:08,634] {dagbag.py:451} INFO - Filling up the DagBag from /home/airflow/.local/lib/python3.6/site-packages/airflow/example_dags/example_bash_operator.py
[2022-07-10 09:12:08,641] {scheduler_job.py:639} INFO - DAG(s) dict_keys(['example_bash_operator']) retrieved from /home/airflow/.local/lib/python3.6/site-packages/airflow/example_dags/example_bash_operator.py
[2022-07-10 09:12:08,654] {logging_mixin.py:104} INFO - [2022-07-10 09:12:08,654] {dag.py:1824} INFO - Sync 1 DAGs
[2022-07-10 09:12:08,667] {logging_mixin.py:104} INFO - [2022-07-10 09:12:08,667] {dag.py:2280} INFO - Setting next_dagrun for example_bash_operator to 2022-07-08 00:00:00+00:00
[2022-07-10 09:12:08,674] {scheduler_job.py:190} INFO - Processing /home/airflow/.local/lib/python3.6/site-packages/airflow/example_dags/example_bash_operator.py took 0.043 seconds
