[2022-07-10 08:32:41,618] {scheduler_job.py:182} INFO - Started process (PID=50) to work on /home/airflow/.local/lib/python3.6/site-packages/airflow/example_dags/tutorial_taskflow_api_etl.py
[2022-07-10 08:32:41,619] {scheduler_job.py:629} INFO - Processing file /home/airflow/.local/lib/python3.6/site-packages/airflow/example_dags/tutorial_taskflow_api_etl.py for tasks to queue
[2022-07-10 08:32:41,620] {logging_mixin.py:104} INFO - [2022-07-10 08:32:41,620] {dagbag.py:451} INFO - Filling up the DagBag from /home/airflow/.local/lib/python3.6/site-packages/airflow/example_dags/tutorial_taskflow_api_etl.py
[2022-07-10 08:32:41,628] {scheduler_job.py:639} INFO - DAG(s) dict_keys(['tutorial_taskflow_api_etl']) retrieved from /home/airflow/.local/lib/python3.6/site-packages/airflow/example_dags/tutorial_taskflow_api_etl.py
[2022-07-10 08:32:41,646] {logging_mixin.py:104} INFO - [2022-07-10 08:32:41,646] {dag.py:1824} INFO - Sync 1 DAGs
[2022-07-10 08:32:41,657] {logging_mixin.py:104} INFO - [2022-07-10 08:32:41,657] {dag.py:1843} INFO - Creating ORM DAG for tutorial_taskflow_api_etl
[2022-07-10 08:32:41,661] {logging_mixin.py:104} INFO - [2022-07-10 08:32:41,661] {dag.py:2280} INFO - Setting next_dagrun for tutorial_taskflow_api_etl to None
[2022-07-10 08:32:41,674] {scheduler_job.py:190} INFO - Processing /home/airflow/.local/lib/python3.6/site-packages/airflow/example_dags/tutorial_taskflow_api_etl.py took 0.058 seconds
[2022-07-10 08:33:12,638] {scheduler_job.py:182} INFO - Started process (PID=76) to work on /home/airflow/.local/lib/python3.6/site-packages/airflow/example_dags/tutorial_taskflow_api_etl.py
[2022-07-10 08:33:12,639] {scheduler_job.py:629} INFO - Processing file /home/airflow/.local/lib/python3.6/site-packages/airflow/example_dags/tutorial_taskflow_api_etl.py for tasks to queue
[2022-07-10 08:33:12,640] {logging_mixin.py:104} INFO - [2022-07-10 08:33:12,640] {dagbag.py:451} INFO - Filling up the DagBag from /home/airflow/.local/lib/python3.6/site-packages/airflow/example_dags/tutorial_taskflow_api_etl.py
[2022-07-10 08:33:12,646] {scheduler_job.py:639} INFO - DAG(s) dict_keys(['tutorial_taskflow_api_etl']) retrieved from /home/airflow/.local/lib/python3.6/site-packages/airflow/example_dags/tutorial_taskflow_api_etl.py
[2022-07-10 08:33:12,662] {logging_mixin.py:104} INFO - [2022-07-10 08:33:12,661] {dag.py:1824} INFO - Sync 1 DAGs
[2022-07-10 08:33:12,671] {logging_mixin.py:104} INFO - [2022-07-10 08:33:12,671] {dag.py:2280} INFO - Setting next_dagrun for tutorial_taskflow_api_etl to None
[2022-07-10 08:33:12,677] {scheduler_job.py:190} INFO - Processing /home/airflow/.local/lib/python3.6/site-packages/airflow/example_dags/tutorial_taskflow_api_etl.py took 0.041 seconds
[2022-07-10 08:33:43,467] {scheduler_job.py:182} INFO - Started process (PID=102) to work on /home/airflow/.local/lib/python3.6/site-packages/airflow/example_dags/tutorial_taskflow_api_etl.py
[2022-07-10 08:33:43,468] {scheduler_job.py:629} INFO - Processing file /home/airflow/.local/lib/python3.6/site-packages/airflow/example_dags/tutorial_taskflow_api_etl.py for tasks to queue
[2022-07-10 08:33:43,468] {logging_mixin.py:104} INFO - [2022-07-10 08:33:43,468] {dagbag.py:451} INFO - Filling up the DagBag from /home/airflow/.local/lib/python3.6/site-packages/airflow/example_dags/tutorial_taskflow_api_etl.py
[2022-07-10 08:33:43,477] {scheduler_job.py:639} INFO - DAG(s) dict_keys(['tutorial_taskflow_api_etl']) retrieved from /home/airflow/.local/lib/python3.6/site-packages/airflow/example_dags/tutorial_taskflow_api_etl.py
[2022-07-10 08:33:43,492] {logging_mixin.py:104} INFO - [2022-07-10 08:33:43,492] {dag.py:1824} INFO - Sync 1 DAGs
[2022-07-10 08:33:43,504] {logging_mixin.py:104} INFO - [2022-07-10 08:33:43,504] {dag.py:2280} INFO - Setting next_dagrun for tutorial_taskflow_api_etl to None
[2022-07-10 08:33:43,511] {scheduler_job.py:190} INFO - Processing /home/airflow/.local/lib/python3.6/site-packages/airflow/example_dags/tutorial_taskflow_api_etl.py took 0.047 seconds
[2022-07-10 08:34:14,308] {scheduler_job.py:182} INFO - Started process (PID=128) to work on /home/airflow/.local/lib/python3.6/site-packages/airflow/example_dags/tutorial_taskflow_api_etl.py
[2022-07-10 08:34:14,309] {scheduler_job.py:629} INFO - Processing file /home/airflow/.local/lib/python3.6/site-packages/airflow/example_dags/tutorial_taskflow_api_etl.py for tasks to queue
[2022-07-10 08:34:14,310] {logging_mixin.py:104} INFO - [2022-07-10 08:34:14,310] {dagbag.py:451} INFO - Filling up the DagBag from /home/airflow/.local/lib/python3.6/site-packages/airflow/example_dags/tutorial_taskflow_api_etl.py
[2022-07-10 08:34:14,317] {scheduler_job.py:639} INFO - DAG(s) dict_keys(['tutorial_taskflow_api_etl']) retrieved from /home/airflow/.local/lib/python3.6/site-packages/airflow/example_dags/tutorial_taskflow_api_etl.py
[2022-07-10 08:34:14,332] {logging_mixin.py:104} INFO - [2022-07-10 08:34:14,332] {dag.py:1824} INFO - Sync 1 DAGs
[2022-07-10 08:34:14,342] {logging_mixin.py:104} INFO - [2022-07-10 08:34:14,342] {dag.py:2280} INFO - Setting next_dagrun for tutorial_taskflow_api_etl to None
[2022-07-10 08:34:14,349] {scheduler_job.py:190} INFO - Processing /home/airflow/.local/lib/python3.6/site-packages/airflow/example_dags/tutorial_taskflow_api_etl.py took 0.042 seconds
[2022-07-10 08:34:45,109] {scheduler_job.py:182} INFO - Started process (PID=154) to work on /home/airflow/.local/lib/python3.6/site-packages/airflow/example_dags/tutorial_taskflow_api_etl.py
[2022-07-10 08:34:45,110] {scheduler_job.py:629} INFO - Processing file /home/airflow/.local/lib/python3.6/site-packages/airflow/example_dags/tutorial_taskflow_api_etl.py for tasks to queue
[2022-07-10 08:34:45,111] {logging_mixin.py:104} INFO - [2022-07-10 08:34:45,111] {dagbag.py:451} INFO - Filling up the DagBag from /home/airflow/.local/lib/python3.6/site-packages/airflow/example_dags/tutorial_taskflow_api_etl.py
[2022-07-10 08:34:45,118] {scheduler_job.py:639} INFO - DAG(s) dict_keys(['tutorial_taskflow_api_etl']) retrieved from /home/airflow/.local/lib/python3.6/site-packages/airflow/example_dags/tutorial_taskflow_api_etl.py
[2022-07-10 08:34:45,133] {logging_mixin.py:104} INFO - [2022-07-10 08:34:45,133] {dag.py:1824} INFO - Sync 1 DAGs
[2022-07-10 08:34:45,141] {logging_mixin.py:104} INFO - [2022-07-10 08:34:45,141] {dag.py:2280} INFO - Setting next_dagrun for tutorial_taskflow_api_etl to None
[2022-07-10 08:34:45,148] {scheduler_job.py:190} INFO - Processing /home/airflow/.local/lib/python3.6/site-packages/airflow/example_dags/tutorial_taskflow_api_etl.py took 0.040 seconds
[2022-07-10 08:35:15,922] {scheduler_job.py:182} INFO - Started process (PID=180) to work on /home/airflow/.local/lib/python3.6/site-packages/airflow/example_dags/tutorial_taskflow_api_etl.py
[2022-07-10 08:35:15,923] {scheduler_job.py:629} INFO - Processing file /home/airflow/.local/lib/python3.6/site-packages/airflow/example_dags/tutorial_taskflow_api_etl.py for tasks to queue
[2022-07-10 08:35:15,924] {logging_mixin.py:104} INFO - [2022-07-10 08:35:15,924] {dagbag.py:451} INFO - Filling up the DagBag from /home/airflow/.local/lib/python3.6/site-packages/airflow/example_dags/tutorial_taskflow_api_etl.py
[2022-07-10 08:35:15,931] {scheduler_job.py:639} INFO - DAG(s) dict_keys(['tutorial_taskflow_api_etl']) retrieved from /home/airflow/.local/lib/python3.6/site-packages/airflow/example_dags/tutorial_taskflow_api_etl.py
[2022-07-10 08:35:15,946] {logging_mixin.py:104} INFO - [2022-07-10 08:35:15,946] {dag.py:1824} INFO - Sync 1 DAGs
[2022-07-10 08:35:15,955] {logging_mixin.py:104} INFO - [2022-07-10 08:35:15,955] {dag.py:2280} INFO - Setting next_dagrun for tutorial_taskflow_api_etl to None
[2022-07-10 08:35:15,962] {scheduler_job.py:190} INFO - Processing /home/airflow/.local/lib/python3.6/site-packages/airflow/example_dags/tutorial_taskflow_api_etl.py took 0.041 seconds
[2022-07-10 08:35:46,669] {scheduler_job.py:182} INFO - Started process (PID=206) to work on /home/airflow/.local/lib/python3.6/site-packages/airflow/example_dags/tutorial_taskflow_api_etl.py
[2022-07-10 08:35:46,669] {scheduler_job.py:629} INFO - Processing file /home/airflow/.local/lib/python3.6/site-packages/airflow/example_dags/tutorial_taskflow_api_etl.py for tasks to queue
[2022-07-10 08:35:46,670] {logging_mixin.py:104} INFO - [2022-07-10 08:35:46,670] {dagbag.py:451} INFO - Filling up the DagBag from /home/airflow/.local/lib/python3.6/site-packages/airflow/example_dags/tutorial_taskflow_api_etl.py
[2022-07-10 08:35:46,677] {scheduler_job.py:639} INFO - DAG(s) dict_keys(['tutorial_taskflow_api_etl']) retrieved from /home/airflow/.local/lib/python3.6/site-packages/airflow/example_dags/tutorial_taskflow_api_etl.py
[2022-07-10 08:35:46,691] {logging_mixin.py:104} INFO - [2022-07-10 08:35:46,691] {dag.py:1824} INFO - Sync 1 DAGs
[2022-07-10 08:35:46,700] {logging_mixin.py:104} INFO - [2022-07-10 08:35:46,700] {dag.py:2280} INFO - Setting next_dagrun for tutorial_taskflow_api_etl to None
[2022-07-10 08:35:46,708] {scheduler_job.py:190} INFO - Processing /home/airflow/.local/lib/python3.6/site-packages/airflow/example_dags/tutorial_taskflow_api_etl.py took 0.041 seconds
[2022-07-10 08:36:17,534] {scheduler_job.py:182} INFO - Started process (PID=232) to work on /home/airflow/.local/lib/python3.6/site-packages/airflow/example_dags/tutorial_taskflow_api_etl.py
[2022-07-10 08:36:17,535] {scheduler_job.py:629} INFO - Processing file /home/airflow/.local/lib/python3.6/site-packages/airflow/example_dags/tutorial_taskflow_api_etl.py for tasks to queue
[2022-07-10 08:36:17,536] {logging_mixin.py:104} INFO - [2022-07-10 08:36:17,536] {dagbag.py:451} INFO - Filling up the DagBag from /home/airflow/.local/lib/python3.6/site-packages/airflow/example_dags/tutorial_taskflow_api_etl.py
[2022-07-10 08:36:17,542] {scheduler_job.py:639} INFO - DAG(s) dict_keys(['tutorial_taskflow_api_etl']) retrieved from /home/airflow/.local/lib/python3.6/site-packages/airflow/example_dags/tutorial_taskflow_api_etl.py
[2022-07-10 08:36:17,557] {logging_mixin.py:104} INFO - [2022-07-10 08:36:17,557] {dag.py:1824} INFO - Sync 1 DAGs
[2022-07-10 08:36:17,566] {logging_mixin.py:104} INFO - [2022-07-10 08:36:17,565] {dag.py:2280} INFO - Setting next_dagrun for tutorial_taskflow_api_etl to None
[2022-07-10 08:36:17,572] {scheduler_job.py:190} INFO - Processing /home/airflow/.local/lib/python3.6/site-packages/airflow/example_dags/tutorial_taskflow_api_etl.py took 0.039 seconds
[2022-07-10 08:36:48,332] {scheduler_job.py:182} INFO - Started process (PID=258) to work on /home/airflow/.local/lib/python3.6/site-packages/airflow/example_dags/tutorial_taskflow_api_etl.py
[2022-07-10 08:36:48,333] {scheduler_job.py:629} INFO - Processing file /home/airflow/.local/lib/python3.6/site-packages/airflow/example_dags/tutorial_taskflow_api_etl.py for tasks to queue
[2022-07-10 08:36:48,333] {logging_mixin.py:104} INFO - [2022-07-10 08:36:48,333] {dagbag.py:451} INFO - Filling up the DagBag from /home/airflow/.local/lib/python3.6/site-packages/airflow/example_dags/tutorial_taskflow_api_etl.py
[2022-07-10 08:36:48,340] {scheduler_job.py:639} INFO - DAG(s) dict_keys(['tutorial_taskflow_api_etl']) retrieved from /home/airflow/.local/lib/python3.6/site-packages/airflow/example_dags/tutorial_taskflow_api_etl.py
[2022-07-10 08:36:48,354] {logging_mixin.py:104} INFO - [2022-07-10 08:36:48,354] {dag.py:1824} INFO - Sync 1 DAGs
[2022-07-10 08:36:48,364] {logging_mixin.py:104} INFO - [2022-07-10 08:36:48,364] {dag.py:2280} INFO - Setting next_dagrun for tutorial_taskflow_api_etl to None
[2022-07-10 08:36:48,371] {scheduler_job.py:190} INFO - Processing /home/airflow/.local/lib/python3.6/site-packages/airflow/example_dags/tutorial_taskflow_api_etl.py took 0.041 seconds
[2022-07-10 08:37:19,314] {scheduler_job.py:182} INFO - Started process (PID=284) to work on /home/airflow/.local/lib/python3.6/site-packages/airflow/example_dags/tutorial_taskflow_api_etl.py
[2022-07-10 08:37:19,314] {scheduler_job.py:629} INFO - Processing file /home/airflow/.local/lib/python3.6/site-packages/airflow/example_dags/tutorial_taskflow_api_etl.py for tasks to queue
[2022-07-10 08:37:19,315] {logging_mixin.py:104} INFO - [2022-07-10 08:37:19,315] {dagbag.py:451} INFO - Filling up the DagBag from /home/airflow/.local/lib/python3.6/site-packages/airflow/example_dags/tutorial_taskflow_api_etl.py
[2022-07-10 08:37:19,324] {scheduler_job.py:639} INFO - DAG(s) dict_keys(['tutorial_taskflow_api_etl']) retrieved from /home/airflow/.local/lib/python3.6/site-packages/airflow/example_dags/tutorial_taskflow_api_etl.py
[2022-07-10 08:37:19,337] {logging_mixin.py:104} INFO - [2022-07-10 08:37:19,336] {dag.py:1824} INFO - Sync 1 DAGs
[2022-07-10 08:37:19,346] {logging_mixin.py:104} INFO - [2022-07-10 08:37:19,346] {dag.py:2280} INFO - Setting next_dagrun for tutorial_taskflow_api_etl to None
[2022-07-10 08:37:19,355] {scheduler_job.py:190} INFO - Processing /home/airflow/.local/lib/python3.6/site-packages/airflow/example_dags/tutorial_taskflow_api_etl.py took 0.043 seconds
[2022-07-10 08:37:50,203] {scheduler_job.py:182} INFO - Started process (PID=310) to work on /home/airflow/.local/lib/python3.6/site-packages/airflow/example_dags/tutorial_taskflow_api_etl.py
[2022-07-10 08:37:50,204] {scheduler_job.py:629} INFO - Processing file /home/airflow/.local/lib/python3.6/site-packages/airflow/example_dags/tutorial_taskflow_api_etl.py for tasks to queue
[2022-07-10 08:37:50,204] {logging_mixin.py:104} INFO - [2022-07-10 08:37:50,204] {dagbag.py:451} INFO - Filling up the DagBag from /home/airflow/.local/lib/python3.6/site-packages/airflow/example_dags/tutorial_taskflow_api_etl.py
[2022-07-10 08:37:50,213] {scheduler_job.py:639} INFO - DAG(s) dict_keys(['tutorial_taskflow_api_etl']) retrieved from /home/airflow/.local/lib/python3.6/site-packages/airflow/example_dags/tutorial_taskflow_api_etl.py
[2022-07-10 08:37:50,226] {logging_mixin.py:104} INFO - [2022-07-10 08:37:50,226] {dag.py:1824} INFO - Sync 1 DAGs
[2022-07-10 08:37:50,234] {logging_mixin.py:104} INFO - [2022-07-10 08:37:50,234] {dag.py:2280} INFO - Setting next_dagrun for tutorial_taskflow_api_etl to None
[2022-07-10 08:37:50,240] {scheduler_job.py:190} INFO - Processing /home/airflow/.local/lib/python3.6/site-packages/airflow/example_dags/tutorial_taskflow_api_etl.py took 0.038 seconds
[2022-07-10 08:38:21,057] {scheduler_job.py:182} INFO - Started process (PID=336) to work on /home/airflow/.local/lib/python3.6/site-packages/airflow/example_dags/tutorial_taskflow_api_etl.py
[2022-07-10 08:38:21,058] {scheduler_job.py:629} INFO - Processing file /home/airflow/.local/lib/python3.6/site-packages/airflow/example_dags/tutorial_taskflow_api_etl.py for tasks to queue
[2022-07-10 08:38:21,058] {logging_mixin.py:104} INFO - [2022-07-10 08:38:21,058] {dagbag.py:451} INFO - Filling up the DagBag from /home/airflow/.local/lib/python3.6/site-packages/airflow/example_dags/tutorial_taskflow_api_etl.py
[2022-07-10 08:38:21,067] {scheduler_job.py:639} INFO - DAG(s) dict_keys(['tutorial_taskflow_api_etl']) retrieved from /home/airflow/.local/lib/python3.6/site-packages/airflow/example_dags/tutorial_taskflow_api_etl.py
[2022-07-10 08:38:21,080] {logging_mixin.py:104} INFO - [2022-07-10 08:38:21,079] {dag.py:1824} INFO - Sync 1 DAGs
[2022-07-10 08:38:21,088] {logging_mixin.py:104} INFO - [2022-07-10 08:38:21,088] {dag.py:2280} INFO - Setting next_dagrun for tutorial_taskflow_api_etl to None
[2022-07-10 08:38:21,096] {scheduler_job.py:190} INFO - Processing /home/airflow/.local/lib/python3.6/site-packages/airflow/example_dags/tutorial_taskflow_api_etl.py took 0.040 seconds
[2022-07-10 08:38:52,052] {scheduler_job.py:182} INFO - Started process (PID=362) to work on /home/airflow/.local/lib/python3.6/site-packages/airflow/example_dags/tutorial_taskflow_api_etl.py
[2022-07-10 08:38:52,053] {scheduler_job.py:629} INFO - Processing file /home/airflow/.local/lib/python3.6/site-packages/airflow/example_dags/tutorial_taskflow_api_etl.py for tasks to queue
[2022-07-10 08:38:52,054] {logging_mixin.py:104} INFO - [2022-07-10 08:38:52,054] {dagbag.py:451} INFO - Filling up the DagBag from /home/airflow/.local/lib/python3.6/site-packages/airflow/example_dags/tutorial_taskflow_api_etl.py
[2022-07-10 08:38:52,062] {scheduler_job.py:639} INFO - DAG(s) dict_keys(['tutorial_taskflow_api_etl']) retrieved from /home/airflow/.local/lib/python3.6/site-packages/airflow/example_dags/tutorial_taskflow_api_etl.py
[2022-07-10 08:38:52,075] {logging_mixin.py:104} INFO - [2022-07-10 08:38:52,075] {dag.py:1824} INFO - Sync 1 DAGs
[2022-07-10 08:38:52,084] {logging_mixin.py:104} INFO - [2022-07-10 08:38:52,083] {dag.py:2280} INFO - Setting next_dagrun for tutorial_taskflow_api_etl to None
[2022-07-10 08:38:52,090] {scheduler_job.py:190} INFO - Processing /home/airflow/.local/lib/python3.6/site-packages/airflow/example_dags/tutorial_taskflow_api_etl.py took 0.040 seconds
[2022-07-10 08:39:22,918] {scheduler_job.py:182} INFO - Started process (PID=388) to work on /home/airflow/.local/lib/python3.6/site-packages/airflow/example_dags/tutorial_taskflow_api_etl.py
[2022-07-10 08:39:22,919] {scheduler_job.py:629} INFO - Processing file /home/airflow/.local/lib/python3.6/site-packages/airflow/example_dags/tutorial_taskflow_api_etl.py for tasks to queue
[2022-07-10 08:39:22,919] {logging_mixin.py:104} INFO - [2022-07-10 08:39:22,919] {dagbag.py:451} INFO - Filling up the DagBag from /home/airflow/.local/lib/python3.6/site-packages/airflow/example_dags/tutorial_taskflow_api_etl.py
[2022-07-10 08:39:22,928] {scheduler_job.py:639} INFO - DAG(s) dict_keys(['tutorial_taskflow_api_etl']) retrieved from /home/airflow/.local/lib/python3.6/site-packages/airflow/example_dags/tutorial_taskflow_api_etl.py
[2022-07-10 08:39:22,941] {logging_mixin.py:104} INFO - [2022-07-10 08:39:22,941] {dag.py:1824} INFO - Sync 1 DAGs
[2022-07-10 08:39:22,949] {logging_mixin.py:104} INFO - [2022-07-10 08:39:22,949] {dag.py:2280} INFO - Setting next_dagrun for tutorial_taskflow_api_etl to None
[2022-07-10 08:39:22,956] {scheduler_job.py:190} INFO - Processing /home/airflow/.local/lib/python3.6/site-packages/airflow/example_dags/tutorial_taskflow_api_etl.py took 0.040 seconds
[2022-07-10 08:39:53,724] {scheduler_job.py:182} INFO - Started process (PID=414) to work on /home/airflow/.local/lib/python3.6/site-packages/airflow/example_dags/tutorial_taskflow_api_etl.py
[2022-07-10 08:39:53,727] {scheduler_job.py:629} INFO - Processing file /home/airflow/.local/lib/python3.6/site-packages/airflow/example_dags/tutorial_taskflow_api_etl.py for tasks to queue
[2022-07-10 08:39:53,728] {logging_mixin.py:104} INFO - [2022-07-10 08:39:53,728] {dagbag.py:451} INFO - Filling up the DagBag from /home/airflow/.local/lib/python3.6/site-packages/airflow/example_dags/tutorial_taskflow_api_etl.py
[2022-07-10 08:39:53,735] {scheduler_job.py:639} INFO - DAG(s) dict_keys(['tutorial_taskflow_api_etl']) retrieved from /home/airflow/.local/lib/python3.6/site-packages/airflow/example_dags/tutorial_taskflow_api_etl.py
[2022-07-10 08:39:53,748] {logging_mixin.py:104} INFO - [2022-07-10 08:39:53,748] {dag.py:1824} INFO - Sync 1 DAGs
[2022-07-10 08:39:53,756] {logging_mixin.py:104} INFO - [2022-07-10 08:39:53,756] {dag.py:2280} INFO - Setting next_dagrun for tutorial_taskflow_api_etl to None
[2022-07-10 08:39:53,763] {scheduler_job.py:190} INFO - Processing /home/airflow/.local/lib/python3.6/site-packages/airflow/example_dags/tutorial_taskflow_api_etl.py took 0.041 seconds
[2022-07-10 08:40:24,593] {scheduler_job.py:182} INFO - Started process (PID=440) to work on /home/airflow/.local/lib/python3.6/site-packages/airflow/example_dags/tutorial_taskflow_api_etl.py
[2022-07-10 08:40:24,594] {scheduler_job.py:629} INFO - Processing file /home/airflow/.local/lib/python3.6/site-packages/airflow/example_dags/tutorial_taskflow_api_etl.py for tasks to queue
[2022-07-10 08:40:24,594] {logging_mixin.py:104} INFO - [2022-07-10 08:40:24,594] {dagbag.py:451} INFO - Filling up the DagBag from /home/airflow/.local/lib/python3.6/site-packages/airflow/example_dags/tutorial_taskflow_api_etl.py
[2022-07-10 08:40:24,601] {scheduler_job.py:639} INFO - DAG(s) dict_keys(['tutorial_taskflow_api_etl']) retrieved from /home/airflow/.local/lib/python3.6/site-packages/airflow/example_dags/tutorial_taskflow_api_etl.py
[2022-07-10 08:40:24,615] {logging_mixin.py:104} INFO - [2022-07-10 08:40:24,615] {dag.py:1824} INFO - Sync 1 DAGs
[2022-07-10 08:40:24,624] {logging_mixin.py:104} INFO - [2022-07-10 08:40:24,624] {dag.py:2280} INFO - Setting next_dagrun for tutorial_taskflow_api_etl to None
[2022-07-10 08:40:24,631] {scheduler_job.py:190} INFO - Processing /home/airflow/.local/lib/python3.6/site-packages/airflow/example_dags/tutorial_taskflow_api_etl.py took 0.039 seconds
[2022-07-10 08:40:55,381] {scheduler_job.py:182} INFO - Started process (PID=466) to work on /home/airflow/.local/lib/python3.6/site-packages/airflow/example_dags/tutorial_taskflow_api_etl.py
[2022-07-10 08:40:55,382] {scheduler_job.py:629} INFO - Processing file /home/airflow/.local/lib/python3.6/site-packages/airflow/example_dags/tutorial_taskflow_api_etl.py for tasks to queue
[2022-07-10 08:40:55,382] {logging_mixin.py:104} INFO - [2022-07-10 08:40:55,382] {dagbag.py:451} INFO - Filling up the DagBag from /home/airflow/.local/lib/python3.6/site-packages/airflow/example_dags/tutorial_taskflow_api_etl.py
[2022-07-10 08:40:55,390] {scheduler_job.py:639} INFO - DAG(s) dict_keys(['tutorial_taskflow_api_etl']) retrieved from /home/airflow/.local/lib/python3.6/site-packages/airflow/example_dags/tutorial_taskflow_api_etl.py
[2022-07-10 08:40:55,403] {logging_mixin.py:104} INFO - [2022-07-10 08:40:55,403] {dag.py:1824} INFO - Sync 1 DAGs
[2022-07-10 08:40:55,411] {logging_mixin.py:104} INFO - [2022-07-10 08:40:55,411] {dag.py:2280} INFO - Setting next_dagrun for tutorial_taskflow_api_etl to None
[2022-07-10 08:40:55,417] {scheduler_job.py:190} INFO - Processing /home/airflow/.local/lib/python3.6/site-packages/airflow/example_dags/tutorial_taskflow_api_etl.py took 0.038 seconds
[2022-07-10 08:41:26,183] {scheduler_job.py:182} INFO - Started process (PID=492) to work on /home/airflow/.local/lib/python3.6/site-packages/airflow/example_dags/tutorial_taskflow_api_etl.py
[2022-07-10 08:41:26,184] {scheduler_job.py:629} INFO - Processing file /home/airflow/.local/lib/python3.6/site-packages/airflow/example_dags/tutorial_taskflow_api_etl.py for tasks to queue
[2022-07-10 08:41:26,185] {logging_mixin.py:104} INFO - [2022-07-10 08:41:26,185] {dagbag.py:451} INFO - Filling up the DagBag from /home/airflow/.local/lib/python3.6/site-packages/airflow/example_dags/tutorial_taskflow_api_etl.py
[2022-07-10 08:41:26,191] {scheduler_job.py:639} INFO - DAG(s) dict_keys(['tutorial_taskflow_api_etl']) retrieved from /home/airflow/.local/lib/python3.6/site-packages/airflow/example_dags/tutorial_taskflow_api_etl.py
[2022-07-10 08:41:26,204] {logging_mixin.py:104} INFO - [2022-07-10 08:41:26,204] {dag.py:1824} INFO - Sync 1 DAGs
[2022-07-10 08:41:26,214] {logging_mixin.py:104} INFO - [2022-07-10 08:41:26,214] {dag.py:2280} INFO - Setting next_dagrun for tutorial_taskflow_api_etl to None
[2022-07-10 08:41:26,222] {scheduler_job.py:190} INFO - Processing /home/airflow/.local/lib/python3.6/site-packages/airflow/example_dags/tutorial_taskflow_api_etl.py took 0.040 seconds
[2022-07-10 08:41:57,033] {scheduler_job.py:182} INFO - Started process (PID=518) to work on /home/airflow/.local/lib/python3.6/site-packages/airflow/example_dags/tutorial_taskflow_api_etl.py
[2022-07-10 08:41:57,034] {scheduler_job.py:629} INFO - Processing file /home/airflow/.local/lib/python3.6/site-packages/airflow/example_dags/tutorial_taskflow_api_etl.py for tasks to queue
[2022-07-10 08:41:57,035] {logging_mixin.py:104} INFO - [2022-07-10 08:41:57,035] {dagbag.py:451} INFO - Filling up the DagBag from /home/airflow/.local/lib/python3.6/site-packages/airflow/example_dags/tutorial_taskflow_api_etl.py
[2022-07-10 08:41:57,042] {scheduler_job.py:639} INFO - DAG(s) dict_keys(['tutorial_taskflow_api_etl']) retrieved from /home/airflow/.local/lib/python3.6/site-packages/airflow/example_dags/tutorial_taskflow_api_etl.py
[2022-07-10 08:41:57,055] {logging_mixin.py:104} INFO - [2022-07-10 08:41:57,055] {dag.py:1824} INFO - Sync 1 DAGs
[2022-07-10 08:41:57,063] {logging_mixin.py:104} INFO - [2022-07-10 08:41:57,063] {dag.py:2280} INFO - Setting next_dagrun for tutorial_taskflow_api_etl to None
[2022-07-10 08:41:57,070] {scheduler_job.py:190} INFO - Processing /home/airflow/.local/lib/python3.6/site-packages/airflow/example_dags/tutorial_taskflow_api_etl.py took 0.038 seconds
[2022-07-10 08:42:27,889] {scheduler_job.py:182} INFO - Started process (PID=544) to work on /home/airflow/.local/lib/python3.6/site-packages/airflow/example_dags/tutorial_taskflow_api_etl.py
[2022-07-10 08:42:27,890] {scheduler_job.py:629} INFO - Processing file /home/airflow/.local/lib/python3.6/site-packages/airflow/example_dags/tutorial_taskflow_api_etl.py for tasks to queue
[2022-07-10 08:42:27,891] {logging_mixin.py:104} INFO - [2022-07-10 08:42:27,891] {dagbag.py:451} INFO - Filling up the DagBag from /home/airflow/.local/lib/python3.6/site-packages/airflow/example_dags/tutorial_taskflow_api_etl.py
[2022-07-10 08:42:27,898] {scheduler_job.py:639} INFO - DAG(s) dict_keys(['tutorial_taskflow_api_etl']) retrieved from /home/airflow/.local/lib/python3.6/site-packages/airflow/example_dags/tutorial_taskflow_api_etl.py
[2022-07-10 08:42:27,911] {logging_mixin.py:104} INFO - [2022-07-10 08:42:27,911] {dag.py:1824} INFO - Sync 1 DAGs
[2022-07-10 08:42:27,919] {logging_mixin.py:104} INFO - [2022-07-10 08:42:27,919] {dag.py:2280} INFO - Setting next_dagrun for tutorial_taskflow_api_etl to None
[2022-07-10 08:42:27,926] {scheduler_job.py:190} INFO - Processing /home/airflow/.local/lib/python3.6/site-packages/airflow/example_dags/tutorial_taskflow_api_etl.py took 0.039 seconds
[2022-07-10 08:42:58,639] {scheduler_job.py:182} INFO - Started process (PID=570) to work on /home/airflow/.local/lib/python3.6/site-packages/airflow/example_dags/tutorial_taskflow_api_etl.py
[2022-07-10 08:42:58,640] {scheduler_job.py:629} INFO - Processing file /home/airflow/.local/lib/python3.6/site-packages/airflow/example_dags/tutorial_taskflow_api_etl.py for tasks to queue
[2022-07-10 08:42:58,640] {logging_mixin.py:104} INFO - [2022-07-10 08:42:58,640] {dagbag.py:451} INFO - Filling up the DagBag from /home/airflow/.local/lib/python3.6/site-packages/airflow/example_dags/tutorial_taskflow_api_etl.py
[2022-07-10 08:42:58,647] {scheduler_job.py:639} INFO - DAG(s) dict_keys(['tutorial_taskflow_api_etl']) retrieved from /home/airflow/.local/lib/python3.6/site-packages/airflow/example_dags/tutorial_taskflow_api_etl.py
[2022-07-10 08:42:58,661] {logging_mixin.py:104} INFO - [2022-07-10 08:42:58,661] {dag.py:1824} INFO - Sync 1 DAGs
[2022-07-10 08:42:58,673] {logging_mixin.py:104} INFO - [2022-07-10 08:42:58,673] {dag.py:2280} INFO - Setting next_dagrun for tutorial_taskflow_api_etl to None
[2022-07-10 08:42:58,680] {scheduler_job.py:190} INFO - Processing /home/airflow/.local/lib/python3.6/site-packages/airflow/example_dags/tutorial_taskflow_api_etl.py took 0.044 seconds
[2022-07-10 08:43:29,489] {scheduler_job.py:182} INFO - Started process (PID=596) to work on /home/airflow/.local/lib/python3.6/site-packages/airflow/example_dags/tutorial_taskflow_api_etl.py
[2022-07-10 08:43:29,490] {scheduler_job.py:629} INFO - Processing file /home/airflow/.local/lib/python3.6/site-packages/airflow/example_dags/tutorial_taskflow_api_etl.py for tasks to queue
[2022-07-10 08:43:29,491] {logging_mixin.py:104} INFO - [2022-07-10 08:43:29,490] {dagbag.py:451} INFO - Filling up the DagBag from /home/airflow/.local/lib/python3.6/site-packages/airflow/example_dags/tutorial_taskflow_api_etl.py
[2022-07-10 08:43:29,498] {scheduler_job.py:639} INFO - DAG(s) dict_keys(['tutorial_taskflow_api_etl']) retrieved from /home/airflow/.local/lib/python3.6/site-packages/airflow/example_dags/tutorial_taskflow_api_etl.py
[2022-07-10 08:43:29,510] {logging_mixin.py:104} INFO - [2022-07-10 08:43:29,510] {dag.py:1824} INFO - Sync 1 DAGs
[2022-07-10 08:43:29,519] {logging_mixin.py:104} INFO - [2022-07-10 08:43:29,519] {dag.py:2280} INFO - Setting next_dagrun for tutorial_taskflow_api_etl to None
[2022-07-10 08:43:29,526] {scheduler_job.py:190} INFO - Processing /home/airflow/.local/lib/python3.6/site-packages/airflow/example_dags/tutorial_taskflow_api_etl.py took 0.039 seconds
[2022-07-10 08:44:00,284] {scheduler_job.py:182} INFO - Started process (PID=622) to work on /home/airflow/.local/lib/python3.6/site-packages/airflow/example_dags/tutorial_taskflow_api_etl.py
[2022-07-10 08:44:00,285] {scheduler_job.py:629} INFO - Processing file /home/airflow/.local/lib/python3.6/site-packages/airflow/example_dags/tutorial_taskflow_api_etl.py for tasks to queue
[2022-07-10 08:44:00,285] {logging_mixin.py:104} INFO - [2022-07-10 08:44:00,285] {dagbag.py:451} INFO - Filling up the DagBag from /home/airflow/.local/lib/python3.6/site-packages/airflow/example_dags/tutorial_taskflow_api_etl.py
[2022-07-10 08:44:00,292] {scheduler_job.py:639} INFO - DAG(s) dict_keys(['tutorial_taskflow_api_etl']) retrieved from /home/airflow/.local/lib/python3.6/site-packages/airflow/example_dags/tutorial_taskflow_api_etl.py
[2022-07-10 08:44:00,306] {logging_mixin.py:104} INFO - [2022-07-10 08:44:00,306] {dag.py:1824} INFO - Sync 1 DAGs
[2022-07-10 08:44:00,314] {logging_mixin.py:104} INFO - [2022-07-10 08:44:00,313] {dag.py:2280} INFO - Setting next_dagrun for tutorial_taskflow_api_etl to None
[2022-07-10 08:44:00,320] {scheduler_job.py:190} INFO - Processing /home/airflow/.local/lib/python3.6/site-packages/airflow/example_dags/tutorial_taskflow_api_etl.py took 0.038 seconds
[2022-07-10 08:44:31,071] {scheduler_job.py:182} INFO - Started process (PID=648) to work on /home/airflow/.local/lib/python3.6/site-packages/airflow/example_dags/tutorial_taskflow_api_etl.py
[2022-07-10 08:44:31,072] {scheduler_job.py:629} INFO - Processing file /home/airflow/.local/lib/python3.6/site-packages/airflow/example_dags/tutorial_taskflow_api_etl.py for tasks to queue
[2022-07-10 08:44:31,072] {logging_mixin.py:104} INFO - [2022-07-10 08:44:31,072] {dagbag.py:451} INFO - Filling up the DagBag from /home/airflow/.local/lib/python3.6/site-packages/airflow/example_dags/tutorial_taskflow_api_etl.py
[2022-07-10 08:44:31,080] {scheduler_job.py:639} INFO - DAG(s) dict_keys(['tutorial_taskflow_api_etl']) retrieved from /home/airflow/.local/lib/python3.6/site-packages/airflow/example_dags/tutorial_taskflow_api_etl.py
[2022-07-10 08:44:31,093] {logging_mixin.py:104} INFO - [2022-07-10 08:44:31,093] {dag.py:1824} INFO - Sync 1 DAGs
[2022-07-10 08:44:31,101] {logging_mixin.py:104} INFO - [2022-07-10 08:44:31,101] {dag.py:2280} INFO - Setting next_dagrun for tutorial_taskflow_api_etl to None
[2022-07-10 08:44:31,108] {scheduler_job.py:190} INFO - Processing /home/airflow/.local/lib/python3.6/site-packages/airflow/example_dags/tutorial_taskflow_api_etl.py took 0.038 seconds
[2022-07-10 08:45:01,820] {scheduler_job.py:182} INFO - Started process (PID=674) to work on /home/airflow/.local/lib/python3.6/site-packages/airflow/example_dags/tutorial_taskflow_api_etl.py
[2022-07-10 08:45:01,821] {scheduler_job.py:629} INFO - Processing file /home/airflow/.local/lib/python3.6/site-packages/airflow/example_dags/tutorial_taskflow_api_etl.py for tasks to queue
[2022-07-10 08:45:01,822] {logging_mixin.py:104} INFO - [2022-07-10 08:45:01,822] {dagbag.py:451} INFO - Filling up the DagBag from /home/airflow/.local/lib/python3.6/site-packages/airflow/example_dags/tutorial_taskflow_api_etl.py
[2022-07-10 08:45:01,828] {scheduler_job.py:639} INFO - DAG(s) dict_keys(['tutorial_taskflow_api_etl']) retrieved from /home/airflow/.local/lib/python3.6/site-packages/airflow/example_dags/tutorial_taskflow_api_etl.py
[2022-07-10 08:45:01,842] {logging_mixin.py:104} INFO - [2022-07-10 08:45:01,841] {dag.py:1824} INFO - Sync 1 DAGs
[2022-07-10 08:45:01,851] {logging_mixin.py:104} INFO - [2022-07-10 08:45:01,851] {dag.py:2280} INFO - Setting next_dagrun for tutorial_taskflow_api_etl to None
[2022-07-10 08:45:01,858] {scheduler_job.py:190} INFO - Processing /home/airflow/.local/lib/python3.6/site-packages/airflow/example_dags/tutorial_taskflow_api_etl.py took 0.039 seconds
[2022-07-10 08:45:32,583] {scheduler_job.py:182} INFO - Started process (PID=700) to work on /home/airflow/.local/lib/python3.6/site-packages/airflow/example_dags/tutorial_taskflow_api_etl.py
[2022-07-10 08:45:32,584] {scheduler_job.py:629} INFO - Processing file /home/airflow/.local/lib/python3.6/site-packages/airflow/example_dags/tutorial_taskflow_api_etl.py for tasks to queue
[2022-07-10 08:45:32,585] {logging_mixin.py:104} INFO - [2022-07-10 08:45:32,585] {dagbag.py:451} INFO - Filling up the DagBag from /home/airflow/.local/lib/python3.6/site-packages/airflow/example_dags/tutorial_taskflow_api_etl.py
[2022-07-10 08:45:32,592] {scheduler_job.py:639} INFO - DAG(s) dict_keys(['tutorial_taskflow_api_etl']) retrieved from /home/airflow/.local/lib/python3.6/site-packages/airflow/example_dags/tutorial_taskflow_api_etl.py
[2022-07-10 08:45:32,605] {logging_mixin.py:104} INFO - [2022-07-10 08:45:32,604] {dag.py:1824} INFO - Sync 1 DAGs
[2022-07-10 08:45:32,613] {logging_mixin.py:104} INFO - [2022-07-10 08:45:32,613] {dag.py:2280} INFO - Setting next_dagrun for tutorial_taskflow_api_etl to None
[2022-07-10 08:45:32,621] {scheduler_job.py:190} INFO - Processing /home/airflow/.local/lib/python3.6/site-packages/airflow/example_dags/tutorial_taskflow_api_etl.py took 0.040 seconds
[2022-07-10 08:46:03,436] {scheduler_job.py:182} INFO - Started process (PID=726) to work on /home/airflow/.local/lib/python3.6/site-packages/airflow/example_dags/tutorial_taskflow_api_etl.py
[2022-07-10 08:46:03,437] {scheduler_job.py:629} INFO - Processing file /home/airflow/.local/lib/python3.6/site-packages/airflow/example_dags/tutorial_taskflow_api_etl.py for tasks to queue
[2022-07-10 08:46:03,437] {logging_mixin.py:104} INFO - [2022-07-10 08:46:03,437] {dagbag.py:451} INFO - Filling up the DagBag from /home/airflow/.local/lib/python3.6/site-packages/airflow/example_dags/tutorial_taskflow_api_etl.py
[2022-07-10 08:46:03,444] {scheduler_job.py:639} INFO - DAG(s) dict_keys(['tutorial_taskflow_api_etl']) retrieved from /home/airflow/.local/lib/python3.6/site-packages/airflow/example_dags/tutorial_taskflow_api_etl.py
[2022-07-10 08:46:03,458] {logging_mixin.py:104} INFO - [2022-07-10 08:46:03,458] {dag.py:1824} INFO - Sync 1 DAGs
[2022-07-10 08:46:03,467] {logging_mixin.py:104} INFO - [2022-07-10 08:46:03,467] {dag.py:2280} INFO - Setting next_dagrun for tutorial_taskflow_api_etl to None
[2022-07-10 08:46:03,474] {scheduler_job.py:190} INFO - Processing /home/airflow/.local/lib/python3.6/site-packages/airflow/example_dags/tutorial_taskflow_api_etl.py took 0.039 seconds
[2022-07-10 08:46:34,308] {scheduler_job.py:182} INFO - Started process (PID=752) to work on /home/airflow/.local/lib/python3.6/site-packages/airflow/example_dags/tutorial_taskflow_api_etl.py
[2022-07-10 08:46:34,309] {scheduler_job.py:629} INFO - Processing file /home/airflow/.local/lib/python3.6/site-packages/airflow/example_dags/tutorial_taskflow_api_etl.py for tasks to queue
[2022-07-10 08:46:34,309] {logging_mixin.py:104} INFO - [2022-07-10 08:46:34,309] {dagbag.py:451} INFO - Filling up the DagBag from /home/airflow/.local/lib/python3.6/site-packages/airflow/example_dags/tutorial_taskflow_api_etl.py
[2022-07-10 08:46:34,316] {scheduler_job.py:639} INFO - DAG(s) dict_keys(['tutorial_taskflow_api_etl']) retrieved from /home/airflow/.local/lib/python3.6/site-packages/airflow/example_dags/tutorial_taskflow_api_etl.py
[2022-07-10 08:46:34,329] {logging_mixin.py:104} INFO - [2022-07-10 08:46:34,329] {dag.py:1824} INFO - Sync 1 DAGs
[2022-07-10 08:46:34,337] {logging_mixin.py:104} INFO - [2022-07-10 08:46:34,337] {dag.py:2280} INFO - Setting next_dagrun for tutorial_taskflow_api_etl to None
[2022-07-10 08:46:34,344] {scheduler_job.py:190} INFO - Processing /home/airflow/.local/lib/python3.6/site-packages/airflow/example_dags/tutorial_taskflow_api_etl.py took 0.038 seconds
[2022-07-10 08:47:05,191] {scheduler_job.py:182} INFO - Started process (PID=778) to work on /home/airflow/.local/lib/python3.6/site-packages/airflow/example_dags/tutorial_taskflow_api_etl.py
[2022-07-10 08:47:05,192] {scheduler_job.py:629} INFO - Processing file /home/airflow/.local/lib/python3.6/site-packages/airflow/example_dags/tutorial_taskflow_api_etl.py for tasks to queue
[2022-07-10 08:47:05,193] {logging_mixin.py:104} INFO - [2022-07-10 08:47:05,193] {dagbag.py:451} INFO - Filling up the DagBag from /home/airflow/.local/lib/python3.6/site-packages/airflow/example_dags/tutorial_taskflow_api_etl.py
[2022-07-10 08:47:05,200] {scheduler_job.py:639} INFO - DAG(s) dict_keys(['tutorial_taskflow_api_etl']) retrieved from /home/airflow/.local/lib/python3.6/site-packages/airflow/example_dags/tutorial_taskflow_api_etl.py
[2022-07-10 08:47:05,214] {logging_mixin.py:104} INFO - [2022-07-10 08:47:05,214] {dag.py:1824} INFO - Sync 1 DAGs
[2022-07-10 08:47:05,222] {logging_mixin.py:104} INFO - [2022-07-10 08:47:05,222] {dag.py:2280} INFO - Setting next_dagrun for tutorial_taskflow_api_etl to None
[2022-07-10 08:47:05,228] {scheduler_job.py:190} INFO - Processing /home/airflow/.local/lib/python3.6/site-packages/airflow/example_dags/tutorial_taskflow_api_etl.py took 0.039 seconds
[2022-07-10 08:47:36,102] {scheduler_job.py:182} INFO - Started process (PID=804) to work on /home/airflow/.local/lib/python3.6/site-packages/airflow/example_dags/tutorial_taskflow_api_etl.py
[2022-07-10 08:47:36,103] {scheduler_job.py:629} INFO - Processing file /home/airflow/.local/lib/python3.6/site-packages/airflow/example_dags/tutorial_taskflow_api_etl.py for tasks to queue
[2022-07-10 08:47:36,103] {logging_mixin.py:104} INFO - [2022-07-10 08:47:36,103] {dagbag.py:451} INFO - Filling up the DagBag from /home/airflow/.local/lib/python3.6/site-packages/airflow/example_dags/tutorial_taskflow_api_etl.py
[2022-07-10 08:47:36,110] {scheduler_job.py:639} INFO - DAG(s) dict_keys(['tutorial_taskflow_api_etl']) retrieved from /home/airflow/.local/lib/python3.6/site-packages/airflow/example_dags/tutorial_taskflow_api_etl.py
[2022-07-10 08:47:36,123] {logging_mixin.py:104} INFO - [2022-07-10 08:47:36,123] {dag.py:1824} INFO - Sync 1 DAGs
[2022-07-10 08:47:36,132] {logging_mixin.py:104} INFO - [2022-07-10 08:47:36,132] {dag.py:2280} INFO - Setting next_dagrun for tutorial_taskflow_api_etl to None
[2022-07-10 08:47:36,140] {scheduler_job.py:190} INFO - Processing /home/airflow/.local/lib/python3.6/site-packages/airflow/example_dags/tutorial_taskflow_api_etl.py took 0.040 seconds
[2022-07-10 08:48:06,919] {scheduler_job.py:182} INFO - Started process (PID=830) to work on /home/airflow/.local/lib/python3.6/site-packages/airflow/example_dags/tutorial_taskflow_api_etl.py
[2022-07-10 08:48:06,920] {scheduler_job.py:629} INFO - Processing file /home/airflow/.local/lib/python3.6/site-packages/airflow/example_dags/tutorial_taskflow_api_etl.py for tasks to queue
[2022-07-10 08:48:06,920] {logging_mixin.py:104} INFO - [2022-07-10 08:48:06,920] {dagbag.py:451} INFO - Filling up the DagBag from /home/airflow/.local/lib/python3.6/site-packages/airflow/example_dags/tutorial_taskflow_api_etl.py
[2022-07-10 08:48:06,928] {scheduler_job.py:639} INFO - DAG(s) dict_keys(['tutorial_taskflow_api_etl']) retrieved from /home/airflow/.local/lib/python3.6/site-packages/airflow/example_dags/tutorial_taskflow_api_etl.py
[2022-07-10 08:48:06,941] {logging_mixin.py:104} INFO - [2022-07-10 08:48:06,941] {dag.py:1824} INFO - Sync 1 DAGs
[2022-07-10 08:48:06,950] {logging_mixin.py:104} INFO - [2022-07-10 08:48:06,950] {dag.py:2280} INFO - Setting next_dagrun for tutorial_taskflow_api_etl to None
[2022-07-10 08:48:06,959] {scheduler_job.py:190} INFO - Processing /home/airflow/.local/lib/python3.6/site-packages/airflow/example_dags/tutorial_taskflow_api_etl.py took 0.041 seconds
[2022-07-10 08:48:37,718] {scheduler_job.py:182} INFO - Started process (PID=856) to work on /home/airflow/.local/lib/python3.6/site-packages/airflow/example_dags/tutorial_taskflow_api_etl.py
[2022-07-10 08:48:37,718] {scheduler_job.py:629} INFO - Processing file /home/airflow/.local/lib/python3.6/site-packages/airflow/example_dags/tutorial_taskflow_api_etl.py for tasks to queue
[2022-07-10 08:48:37,719] {logging_mixin.py:104} INFO - [2022-07-10 08:48:37,719] {dagbag.py:451} INFO - Filling up the DagBag from /home/airflow/.local/lib/python3.6/site-packages/airflow/example_dags/tutorial_taskflow_api_etl.py
[2022-07-10 08:48:37,726] {scheduler_job.py:639} INFO - DAG(s) dict_keys(['tutorial_taskflow_api_etl']) retrieved from /home/airflow/.local/lib/python3.6/site-packages/airflow/example_dags/tutorial_taskflow_api_etl.py
[2022-07-10 08:48:37,739] {logging_mixin.py:104} INFO - [2022-07-10 08:48:37,739] {dag.py:1824} INFO - Sync 1 DAGs
[2022-07-10 08:48:37,747] {logging_mixin.py:104} INFO - [2022-07-10 08:48:37,747] {dag.py:2280} INFO - Setting next_dagrun for tutorial_taskflow_api_etl to None
[2022-07-10 08:48:37,754] {scheduler_job.py:190} INFO - Processing /home/airflow/.local/lib/python3.6/site-packages/airflow/example_dags/tutorial_taskflow_api_etl.py took 0.038 seconds
[2022-07-10 08:49:08,643] {scheduler_job.py:182} INFO - Started process (PID=882) to work on /home/airflow/.local/lib/python3.6/site-packages/airflow/example_dags/tutorial_taskflow_api_etl.py
[2022-07-10 08:49:08,643] {scheduler_job.py:629} INFO - Processing file /home/airflow/.local/lib/python3.6/site-packages/airflow/example_dags/tutorial_taskflow_api_etl.py for tasks to queue
[2022-07-10 08:49:08,644] {logging_mixin.py:104} INFO - [2022-07-10 08:49:08,644] {dagbag.py:451} INFO - Filling up the DagBag from /home/airflow/.local/lib/python3.6/site-packages/airflow/example_dags/tutorial_taskflow_api_etl.py
[2022-07-10 08:49:08,651] {scheduler_job.py:639} INFO - DAG(s) dict_keys(['tutorial_taskflow_api_etl']) retrieved from /home/airflow/.local/lib/python3.6/site-packages/airflow/example_dags/tutorial_taskflow_api_etl.py
[2022-07-10 08:49:08,666] {logging_mixin.py:104} INFO - [2022-07-10 08:49:08,666] {dag.py:1824} INFO - Sync 1 DAGs
[2022-07-10 08:49:08,675] {logging_mixin.py:104} INFO - [2022-07-10 08:49:08,675] {dag.py:2280} INFO - Setting next_dagrun for tutorial_taskflow_api_etl to None
[2022-07-10 08:49:08,682] {scheduler_job.py:190} INFO - Processing /home/airflow/.local/lib/python3.6/site-packages/airflow/example_dags/tutorial_taskflow_api_etl.py took 0.041 seconds
[2022-07-10 08:49:39,455] {scheduler_job.py:182} INFO - Started process (PID=908) to work on /home/airflow/.local/lib/python3.6/site-packages/airflow/example_dags/tutorial_taskflow_api_etl.py
[2022-07-10 08:49:39,456] {scheduler_job.py:629} INFO - Processing file /home/airflow/.local/lib/python3.6/site-packages/airflow/example_dags/tutorial_taskflow_api_etl.py for tasks to queue
[2022-07-10 08:49:39,457] {logging_mixin.py:104} INFO - [2022-07-10 08:49:39,457] {dagbag.py:451} INFO - Filling up the DagBag from /home/airflow/.local/lib/python3.6/site-packages/airflow/example_dags/tutorial_taskflow_api_etl.py
[2022-07-10 08:49:39,465] {scheduler_job.py:639} INFO - DAG(s) dict_keys(['tutorial_taskflow_api_etl']) retrieved from /home/airflow/.local/lib/python3.6/site-packages/airflow/example_dags/tutorial_taskflow_api_etl.py
[2022-07-10 08:49:39,480] {logging_mixin.py:104} INFO - [2022-07-10 08:49:39,480] {dag.py:1824} INFO - Sync 1 DAGs
[2022-07-10 08:49:39,489] {logging_mixin.py:104} INFO - [2022-07-10 08:49:39,489] {dag.py:2280} INFO - Setting next_dagrun for tutorial_taskflow_api_etl to None
[2022-07-10 08:49:39,497] {scheduler_job.py:190} INFO - Processing /home/airflow/.local/lib/python3.6/site-packages/airflow/example_dags/tutorial_taskflow_api_etl.py took 0.043 seconds
[2022-07-10 08:50:10,239] {scheduler_job.py:182} INFO - Started process (PID=934) to work on /home/airflow/.local/lib/python3.6/site-packages/airflow/example_dags/tutorial_taskflow_api_etl.py
[2022-07-10 08:50:10,240] {scheduler_job.py:629} INFO - Processing file /home/airflow/.local/lib/python3.6/site-packages/airflow/example_dags/tutorial_taskflow_api_etl.py for tasks to queue
[2022-07-10 08:50:10,241] {logging_mixin.py:104} INFO - [2022-07-10 08:50:10,241] {dagbag.py:451} INFO - Filling up the DagBag from /home/airflow/.local/lib/python3.6/site-packages/airflow/example_dags/tutorial_taskflow_api_etl.py
[2022-07-10 08:50:10,248] {scheduler_job.py:639} INFO - DAG(s) dict_keys(['tutorial_taskflow_api_etl']) retrieved from /home/airflow/.local/lib/python3.6/site-packages/airflow/example_dags/tutorial_taskflow_api_etl.py
[2022-07-10 08:50:10,262] {logging_mixin.py:104} INFO - [2022-07-10 08:50:10,262] {dag.py:1824} INFO - Sync 1 DAGs
[2022-07-10 08:50:10,270] {logging_mixin.py:104} INFO - [2022-07-10 08:50:10,270] {dag.py:2280} INFO - Setting next_dagrun for tutorial_taskflow_api_etl to None
[2022-07-10 08:50:10,277] {scheduler_job.py:190} INFO - Processing /home/airflow/.local/lib/python3.6/site-packages/airflow/example_dags/tutorial_taskflow_api_etl.py took 0.039 seconds
[2022-07-10 08:50:41,091] {scheduler_job.py:182} INFO - Started process (PID=960) to work on /home/airflow/.local/lib/python3.6/site-packages/airflow/example_dags/tutorial_taskflow_api_etl.py
[2022-07-10 08:50:41,092] {scheduler_job.py:629} INFO - Processing file /home/airflow/.local/lib/python3.6/site-packages/airflow/example_dags/tutorial_taskflow_api_etl.py for tasks to queue
[2022-07-10 08:50:41,092] {logging_mixin.py:104} INFO - [2022-07-10 08:50:41,092] {dagbag.py:451} INFO - Filling up the DagBag from /home/airflow/.local/lib/python3.6/site-packages/airflow/example_dags/tutorial_taskflow_api_etl.py
[2022-07-10 08:50:41,099] {scheduler_job.py:639} INFO - DAG(s) dict_keys(['tutorial_taskflow_api_etl']) retrieved from /home/airflow/.local/lib/python3.6/site-packages/airflow/example_dags/tutorial_taskflow_api_etl.py
[2022-07-10 08:50:41,113] {logging_mixin.py:104} INFO - [2022-07-10 08:50:41,112] {dag.py:1824} INFO - Sync 1 DAGs
[2022-07-10 08:50:41,121] {logging_mixin.py:104} INFO - [2022-07-10 08:50:41,121] {dag.py:2280} INFO - Setting next_dagrun for tutorial_taskflow_api_etl to None
[2022-07-10 08:50:41,128] {scheduler_job.py:190} INFO - Processing /home/airflow/.local/lib/python3.6/site-packages/airflow/example_dags/tutorial_taskflow_api_etl.py took 0.039 seconds
[2022-07-10 08:51:11,891] {scheduler_job.py:182} INFO - Started process (PID=986) to work on /home/airflow/.local/lib/python3.6/site-packages/airflow/example_dags/tutorial_taskflow_api_etl.py
[2022-07-10 08:51:11,891] {scheduler_job.py:629} INFO - Processing file /home/airflow/.local/lib/python3.6/site-packages/airflow/example_dags/tutorial_taskflow_api_etl.py for tasks to queue
[2022-07-10 08:51:11,892] {logging_mixin.py:104} INFO - [2022-07-10 08:51:11,892] {dagbag.py:451} INFO - Filling up the DagBag from /home/airflow/.local/lib/python3.6/site-packages/airflow/example_dags/tutorial_taskflow_api_etl.py
[2022-07-10 08:51:11,899] {scheduler_job.py:639} INFO - DAG(s) dict_keys(['tutorial_taskflow_api_etl']) retrieved from /home/airflow/.local/lib/python3.6/site-packages/airflow/example_dags/tutorial_taskflow_api_etl.py
[2022-07-10 08:51:11,912] {logging_mixin.py:104} INFO - [2022-07-10 08:51:11,912] {dag.py:1824} INFO - Sync 1 DAGs
[2022-07-10 08:51:11,920] {logging_mixin.py:104} INFO - [2022-07-10 08:51:11,920] {dag.py:2280} INFO - Setting next_dagrun for tutorial_taskflow_api_etl to None
[2022-07-10 08:51:11,927] {scheduler_job.py:190} INFO - Processing /home/airflow/.local/lib/python3.6/site-packages/airflow/example_dags/tutorial_taskflow_api_etl.py took 0.038 seconds
[2022-07-10 08:51:42,687] {scheduler_job.py:182} INFO - Started process (PID=1012) to work on /home/airflow/.local/lib/python3.6/site-packages/airflow/example_dags/tutorial_taskflow_api_etl.py
[2022-07-10 08:51:42,688] {scheduler_job.py:629} INFO - Processing file /home/airflow/.local/lib/python3.6/site-packages/airflow/example_dags/tutorial_taskflow_api_etl.py for tasks to queue
[2022-07-10 08:51:42,688] {logging_mixin.py:104} INFO - [2022-07-10 08:51:42,688] {dagbag.py:451} INFO - Filling up the DagBag from /home/airflow/.local/lib/python3.6/site-packages/airflow/example_dags/tutorial_taskflow_api_etl.py
[2022-07-10 08:51:42,696] {scheduler_job.py:639} INFO - DAG(s) dict_keys(['tutorial_taskflow_api_etl']) retrieved from /home/airflow/.local/lib/python3.6/site-packages/airflow/example_dags/tutorial_taskflow_api_etl.py
[2022-07-10 08:51:42,709] {logging_mixin.py:104} INFO - [2022-07-10 08:51:42,709] {dag.py:1824} INFO - Sync 1 DAGs
[2022-07-10 08:51:42,717] {logging_mixin.py:104} INFO - [2022-07-10 08:51:42,717] {dag.py:2280} INFO - Setting next_dagrun for tutorial_taskflow_api_etl to None
[2022-07-10 08:51:42,723] {scheduler_job.py:190} INFO - Processing /home/airflow/.local/lib/python3.6/site-packages/airflow/example_dags/tutorial_taskflow_api_etl.py took 0.038 seconds
[2022-07-10 08:52:13,521] {scheduler_job.py:182} INFO - Started process (PID=1038) to work on /home/airflow/.local/lib/python3.6/site-packages/airflow/example_dags/tutorial_taskflow_api_etl.py
[2022-07-10 08:52:13,522] {scheduler_job.py:629} INFO - Processing file /home/airflow/.local/lib/python3.6/site-packages/airflow/example_dags/tutorial_taskflow_api_etl.py for tasks to queue
[2022-07-10 08:52:13,523] {logging_mixin.py:104} INFO - [2022-07-10 08:52:13,523] {dagbag.py:451} INFO - Filling up the DagBag from /home/airflow/.local/lib/python3.6/site-packages/airflow/example_dags/tutorial_taskflow_api_etl.py
[2022-07-10 08:52:13,530] {scheduler_job.py:639} INFO - DAG(s) dict_keys(['tutorial_taskflow_api_etl']) retrieved from /home/airflow/.local/lib/python3.6/site-packages/airflow/example_dags/tutorial_taskflow_api_etl.py
[2022-07-10 08:52:13,544] {logging_mixin.py:104} INFO - [2022-07-10 08:52:13,543] {dag.py:1824} INFO - Sync 1 DAGs
[2022-07-10 08:52:13,551] {logging_mixin.py:104} INFO - [2022-07-10 08:52:13,551] {dag.py:2280} INFO - Setting next_dagrun for tutorial_taskflow_api_etl to None
[2022-07-10 08:52:13,559] {scheduler_job.py:190} INFO - Processing /home/airflow/.local/lib/python3.6/site-packages/airflow/example_dags/tutorial_taskflow_api_etl.py took 0.039 seconds
[2022-07-10 08:52:44,407] {scheduler_job.py:182} INFO - Started process (PID=1064) to work on /home/airflow/.local/lib/python3.6/site-packages/airflow/example_dags/tutorial_taskflow_api_etl.py
[2022-07-10 08:52:44,407] {scheduler_job.py:629} INFO - Processing file /home/airflow/.local/lib/python3.6/site-packages/airflow/example_dags/tutorial_taskflow_api_etl.py for tasks to queue
[2022-07-10 08:52:44,408] {logging_mixin.py:104} INFO - [2022-07-10 08:52:44,408] {dagbag.py:451} INFO - Filling up the DagBag from /home/airflow/.local/lib/python3.6/site-packages/airflow/example_dags/tutorial_taskflow_api_etl.py
[2022-07-10 08:52:44,415] {scheduler_job.py:639} INFO - DAG(s) dict_keys(['tutorial_taskflow_api_etl']) retrieved from /home/airflow/.local/lib/python3.6/site-packages/airflow/example_dags/tutorial_taskflow_api_etl.py
[2022-07-10 08:52:44,428] {logging_mixin.py:104} INFO - [2022-07-10 08:52:44,428] {dag.py:1824} INFO - Sync 1 DAGs
[2022-07-10 08:52:44,437] {logging_mixin.py:104} INFO - [2022-07-10 08:52:44,437] {dag.py:2280} INFO - Setting next_dagrun for tutorial_taskflow_api_etl to None
[2022-07-10 08:52:44,443] {scheduler_job.py:190} INFO - Processing /home/airflow/.local/lib/python3.6/site-packages/airflow/example_dags/tutorial_taskflow_api_etl.py took 0.038 seconds
[2022-07-10 08:53:15,269] {scheduler_job.py:182} INFO - Started process (PID=1090) to work on /home/airflow/.local/lib/python3.6/site-packages/airflow/example_dags/tutorial_taskflow_api_etl.py
[2022-07-10 08:53:15,269] {scheduler_job.py:629} INFO - Processing file /home/airflow/.local/lib/python3.6/site-packages/airflow/example_dags/tutorial_taskflow_api_etl.py for tasks to queue
[2022-07-10 08:53:15,270] {logging_mixin.py:104} INFO - [2022-07-10 08:53:15,270] {dagbag.py:451} INFO - Filling up the DagBag from /home/airflow/.local/lib/python3.6/site-packages/airflow/example_dags/tutorial_taskflow_api_etl.py
[2022-07-10 08:53:15,277] {scheduler_job.py:639} INFO - DAG(s) dict_keys(['tutorial_taskflow_api_etl']) retrieved from /home/airflow/.local/lib/python3.6/site-packages/airflow/example_dags/tutorial_taskflow_api_etl.py
[2022-07-10 08:53:15,290] {logging_mixin.py:104} INFO - [2022-07-10 08:53:15,290] {dag.py:1824} INFO - Sync 1 DAGs
[2022-07-10 08:53:15,298] {logging_mixin.py:104} INFO - [2022-07-10 08:53:15,298] {dag.py:2280} INFO - Setting next_dagrun for tutorial_taskflow_api_etl to None
[2022-07-10 08:53:15,305] {scheduler_job.py:190} INFO - Processing /home/airflow/.local/lib/python3.6/site-packages/airflow/example_dags/tutorial_taskflow_api_etl.py took 0.038 seconds
[2022-07-10 08:53:46,144] {scheduler_job.py:182} INFO - Started process (PID=1116) to work on /home/airflow/.local/lib/python3.6/site-packages/airflow/example_dags/tutorial_taskflow_api_etl.py
[2022-07-10 08:53:46,145] {scheduler_job.py:629} INFO - Processing file /home/airflow/.local/lib/python3.6/site-packages/airflow/example_dags/tutorial_taskflow_api_etl.py for tasks to queue
[2022-07-10 08:53:46,145] {logging_mixin.py:104} INFO - [2022-07-10 08:53:46,145] {dagbag.py:451} INFO - Filling up the DagBag from /home/airflow/.local/lib/python3.6/site-packages/airflow/example_dags/tutorial_taskflow_api_etl.py
[2022-07-10 08:53:46,152] {scheduler_job.py:639} INFO - DAG(s) dict_keys(['tutorial_taskflow_api_etl']) retrieved from /home/airflow/.local/lib/python3.6/site-packages/airflow/example_dags/tutorial_taskflow_api_etl.py
[2022-07-10 08:53:46,166] {logging_mixin.py:104} INFO - [2022-07-10 08:53:46,166] {dag.py:1824} INFO - Sync 1 DAGs
[2022-07-10 08:53:46,174] {logging_mixin.py:104} INFO - [2022-07-10 08:53:46,174] {dag.py:2280} INFO - Setting next_dagrun for tutorial_taskflow_api_etl to None
[2022-07-10 08:53:46,180] {scheduler_job.py:190} INFO - Processing /home/airflow/.local/lib/python3.6/site-packages/airflow/example_dags/tutorial_taskflow_api_etl.py took 0.038 seconds
[2022-07-10 08:54:17,033] {scheduler_job.py:182} INFO - Started process (PID=1142) to work on /home/airflow/.local/lib/python3.6/site-packages/airflow/example_dags/tutorial_taskflow_api_etl.py
[2022-07-10 08:54:17,034] {scheduler_job.py:629} INFO - Processing file /home/airflow/.local/lib/python3.6/site-packages/airflow/example_dags/tutorial_taskflow_api_etl.py for tasks to queue
[2022-07-10 08:54:17,034] {logging_mixin.py:104} INFO - [2022-07-10 08:54:17,034] {dagbag.py:451} INFO - Filling up the DagBag from /home/airflow/.local/lib/python3.6/site-packages/airflow/example_dags/tutorial_taskflow_api_etl.py
[2022-07-10 08:54:17,041] {scheduler_job.py:639} INFO - DAG(s) dict_keys(['tutorial_taskflow_api_etl']) retrieved from /home/airflow/.local/lib/python3.6/site-packages/airflow/example_dags/tutorial_taskflow_api_etl.py
[2022-07-10 08:54:17,055] {logging_mixin.py:104} INFO - [2022-07-10 08:54:17,055] {dag.py:1824} INFO - Sync 1 DAGs
[2022-07-10 08:54:17,064] {logging_mixin.py:104} INFO - [2022-07-10 08:54:17,064] {dag.py:2280} INFO - Setting next_dagrun for tutorial_taskflow_api_etl to None
[2022-07-10 08:54:17,071] {scheduler_job.py:190} INFO - Processing /home/airflow/.local/lib/python3.6/site-packages/airflow/example_dags/tutorial_taskflow_api_etl.py took 0.040 seconds
[2022-07-10 08:54:47,901] {scheduler_job.py:182} INFO - Started process (PID=1168) to work on /home/airflow/.local/lib/python3.6/site-packages/airflow/example_dags/tutorial_taskflow_api_etl.py
[2022-07-10 08:54:47,902] {scheduler_job.py:629} INFO - Processing file /home/airflow/.local/lib/python3.6/site-packages/airflow/example_dags/tutorial_taskflow_api_etl.py for tasks to queue
[2022-07-10 08:54:47,903] {logging_mixin.py:104} INFO - [2022-07-10 08:54:47,903] {dagbag.py:451} INFO - Filling up the DagBag from /home/airflow/.local/lib/python3.6/site-packages/airflow/example_dags/tutorial_taskflow_api_etl.py
[2022-07-10 08:54:47,912] {scheduler_job.py:639} INFO - DAG(s) dict_keys(['tutorial_taskflow_api_etl']) retrieved from /home/airflow/.local/lib/python3.6/site-packages/airflow/example_dags/tutorial_taskflow_api_etl.py
[2022-07-10 08:54:47,927] {logging_mixin.py:104} INFO - [2022-07-10 08:54:47,927] {dag.py:1824} INFO - Sync 1 DAGs
[2022-07-10 08:54:47,937] {logging_mixin.py:104} INFO - [2022-07-10 08:54:47,937] {dag.py:2280} INFO - Setting next_dagrun for tutorial_taskflow_api_etl to None
[2022-07-10 08:54:47,944] {scheduler_job.py:190} INFO - Processing /home/airflow/.local/lib/python3.6/site-packages/airflow/example_dags/tutorial_taskflow_api_etl.py took 0.045 seconds
[2022-07-10 08:55:18,725] {scheduler_job.py:182} INFO - Started process (PID=1194) to work on /home/airflow/.local/lib/python3.6/site-packages/airflow/example_dags/tutorial_taskflow_api_etl.py
[2022-07-10 08:55:18,726] {scheduler_job.py:629} INFO - Processing file /home/airflow/.local/lib/python3.6/site-packages/airflow/example_dags/tutorial_taskflow_api_etl.py for tasks to queue
[2022-07-10 08:55:18,726] {logging_mixin.py:104} INFO - [2022-07-10 08:55:18,726] {dagbag.py:451} INFO - Filling up the DagBag from /home/airflow/.local/lib/python3.6/site-packages/airflow/example_dags/tutorial_taskflow_api_etl.py
[2022-07-10 08:55:18,734] {scheduler_job.py:639} INFO - DAG(s) dict_keys(['tutorial_taskflow_api_etl']) retrieved from /home/airflow/.local/lib/python3.6/site-packages/airflow/example_dags/tutorial_taskflow_api_etl.py
[2022-07-10 08:55:18,747] {logging_mixin.py:104} INFO - [2022-07-10 08:55:18,747] {dag.py:1824} INFO - Sync 1 DAGs
[2022-07-10 08:55:18,757] {logging_mixin.py:104} INFO - [2022-07-10 08:55:18,757] {dag.py:2280} INFO - Setting next_dagrun for tutorial_taskflow_api_etl to None
[2022-07-10 08:55:18,765] {scheduler_job.py:190} INFO - Processing /home/airflow/.local/lib/python3.6/site-packages/airflow/example_dags/tutorial_taskflow_api_etl.py took 0.042 seconds
[2022-07-10 08:55:49,709] {scheduler_job.py:182} INFO - Started process (PID=1220) to work on /home/airflow/.local/lib/python3.6/site-packages/airflow/example_dags/tutorial_taskflow_api_etl.py
[2022-07-10 08:55:49,710] {scheduler_job.py:629} INFO - Processing file /home/airflow/.local/lib/python3.6/site-packages/airflow/example_dags/tutorial_taskflow_api_etl.py for tasks to queue
[2022-07-10 08:55:49,710] {logging_mixin.py:104} INFO - [2022-07-10 08:55:49,710] {dagbag.py:451} INFO - Filling up the DagBag from /home/airflow/.local/lib/python3.6/site-packages/airflow/example_dags/tutorial_taskflow_api_etl.py
[2022-07-10 08:55:49,717] {scheduler_job.py:639} INFO - DAG(s) dict_keys(['tutorial_taskflow_api_etl']) retrieved from /home/airflow/.local/lib/python3.6/site-packages/airflow/example_dags/tutorial_taskflow_api_etl.py
[2022-07-10 08:55:49,731] {logging_mixin.py:104} INFO - [2022-07-10 08:55:49,731] {dag.py:1824} INFO - Sync 1 DAGs
[2022-07-10 08:55:49,739] {logging_mixin.py:104} INFO - [2022-07-10 08:55:49,738] {dag.py:2280} INFO - Setting next_dagrun for tutorial_taskflow_api_etl to None
[2022-07-10 08:55:49,746] {scheduler_job.py:190} INFO - Processing /home/airflow/.local/lib/python3.6/site-packages/airflow/example_dags/tutorial_taskflow_api_etl.py took 0.038 seconds
[2022-07-10 08:56:20,760] {scheduler_job.py:182} INFO - Started process (PID=1246) to work on /home/airflow/.local/lib/python3.6/site-packages/airflow/example_dags/tutorial_taskflow_api_etl.py
[2022-07-10 08:56:20,761] {scheduler_job.py:629} INFO - Processing file /home/airflow/.local/lib/python3.6/site-packages/airflow/example_dags/tutorial_taskflow_api_etl.py for tasks to queue
[2022-07-10 08:56:20,762] {logging_mixin.py:104} INFO - [2022-07-10 08:56:20,762] {dagbag.py:451} INFO - Filling up the DagBag from /home/airflow/.local/lib/python3.6/site-packages/airflow/example_dags/tutorial_taskflow_api_etl.py
[2022-07-10 08:56:20,769] {scheduler_job.py:639} INFO - DAG(s) dict_keys(['tutorial_taskflow_api_etl']) retrieved from /home/airflow/.local/lib/python3.6/site-packages/airflow/example_dags/tutorial_taskflow_api_etl.py
[2022-07-10 08:56:20,782] {logging_mixin.py:104} INFO - [2022-07-10 08:56:20,782] {dag.py:1824} INFO - Sync 1 DAGs
[2022-07-10 08:56:20,791] {logging_mixin.py:104} INFO - [2022-07-10 08:56:20,791] {dag.py:2280} INFO - Setting next_dagrun for tutorial_taskflow_api_etl to None
[2022-07-10 08:56:20,797] {scheduler_job.py:190} INFO - Processing /home/airflow/.local/lib/python3.6/site-packages/airflow/example_dags/tutorial_taskflow_api_etl.py took 0.039 seconds
[2022-07-10 08:56:51,584] {scheduler_job.py:182} INFO - Started process (PID=1272) to work on /home/airflow/.local/lib/python3.6/site-packages/airflow/example_dags/tutorial_taskflow_api_etl.py
[2022-07-10 08:56:51,585] {scheduler_job.py:629} INFO - Processing file /home/airflow/.local/lib/python3.6/site-packages/airflow/example_dags/tutorial_taskflow_api_etl.py for tasks to queue
[2022-07-10 08:56:51,585] {logging_mixin.py:104} INFO - [2022-07-10 08:56:51,585] {dagbag.py:451} INFO - Filling up the DagBag from /home/airflow/.local/lib/python3.6/site-packages/airflow/example_dags/tutorial_taskflow_api_etl.py
[2022-07-10 08:56:51,593] {scheduler_job.py:639} INFO - DAG(s) dict_keys(['tutorial_taskflow_api_etl']) retrieved from /home/airflow/.local/lib/python3.6/site-packages/airflow/example_dags/tutorial_taskflow_api_etl.py
[2022-07-10 08:56:51,606] {logging_mixin.py:104} INFO - [2022-07-10 08:56:51,606] {dag.py:1824} INFO - Sync 1 DAGs
[2022-07-10 08:56:51,617] {logging_mixin.py:104} INFO - [2022-07-10 08:56:51,617] {dag.py:2280} INFO - Setting next_dagrun for tutorial_taskflow_api_etl to None
[2022-07-10 08:56:51,625] {scheduler_job.py:190} INFO - Processing /home/airflow/.local/lib/python3.6/site-packages/airflow/example_dags/tutorial_taskflow_api_etl.py took 0.042 seconds
[2022-07-10 08:57:22,503] {scheduler_job.py:182} INFO - Started process (PID=1298) to work on /home/airflow/.local/lib/python3.6/site-packages/airflow/example_dags/tutorial_taskflow_api_etl.py
[2022-07-10 08:57:22,504] {scheduler_job.py:629} INFO - Processing file /home/airflow/.local/lib/python3.6/site-packages/airflow/example_dags/tutorial_taskflow_api_etl.py for tasks to queue
[2022-07-10 08:57:22,504] {logging_mixin.py:104} INFO - [2022-07-10 08:57:22,504] {dagbag.py:451} INFO - Filling up the DagBag from /home/airflow/.local/lib/python3.6/site-packages/airflow/example_dags/tutorial_taskflow_api_etl.py
[2022-07-10 08:57:22,511] {scheduler_job.py:639} INFO - DAG(s) dict_keys(['tutorial_taskflow_api_etl']) retrieved from /home/airflow/.local/lib/python3.6/site-packages/airflow/example_dags/tutorial_taskflow_api_etl.py
[2022-07-10 08:57:22,525] {logging_mixin.py:104} INFO - [2022-07-10 08:57:22,525] {dag.py:1824} INFO - Sync 1 DAGs
[2022-07-10 08:57:22,533] {logging_mixin.py:104} INFO - [2022-07-10 08:57:22,533] {dag.py:2280} INFO - Setting next_dagrun for tutorial_taskflow_api_etl to None
[2022-07-10 08:57:22,542] {scheduler_job.py:190} INFO - Processing /home/airflow/.local/lib/python3.6/site-packages/airflow/example_dags/tutorial_taskflow_api_etl.py took 0.041 seconds
[2022-07-10 08:57:53,334] {scheduler_job.py:182} INFO - Started process (PID=1324) to work on /home/airflow/.local/lib/python3.6/site-packages/airflow/example_dags/tutorial_taskflow_api_etl.py
[2022-07-10 08:57:53,334] {scheduler_job.py:629} INFO - Processing file /home/airflow/.local/lib/python3.6/site-packages/airflow/example_dags/tutorial_taskflow_api_etl.py for tasks to queue
[2022-07-10 08:57:53,335] {logging_mixin.py:104} INFO - [2022-07-10 08:57:53,335] {dagbag.py:451} INFO - Filling up the DagBag from /home/airflow/.local/lib/python3.6/site-packages/airflow/example_dags/tutorial_taskflow_api_etl.py
[2022-07-10 08:57:53,342] {scheduler_job.py:639} INFO - DAG(s) dict_keys(['tutorial_taskflow_api_etl']) retrieved from /home/airflow/.local/lib/python3.6/site-packages/airflow/example_dags/tutorial_taskflow_api_etl.py
[2022-07-10 08:57:53,356] {logging_mixin.py:104} INFO - [2022-07-10 08:57:53,356] {dag.py:1824} INFO - Sync 1 DAGs
[2022-07-10 08:57:53,366] {logging_mixin.py:104} INFO - [2022-07-10 08:57:53,366] {dag.py:2280} INFO - Setting next_dagrun for tutorial_taskflow_api_etl to None
[2022-07-10 08:57:53,374] {scheduler_job.py:190} INFO - Processing /home/airflow/.local/lib/python3.6/site-packages/airflow/example_dags/tutorial_taskflow_api_etl.py took 0.043 seconds
[2022-07-10 08:58:24,357] {scheduler_job.py:182} INFO - Started process (PID=1350) to work on /home/airflow/.local/lib/python3.6/site-packages/airflow/example_dags/tutorial_taskflow_api_etl.py
[2022-07-10 08:58:24,358] {scheduler_job.py:629} INFO - Processing file /home/airflow/.local/lib/python3.6/site-packages/airflow/example_dags/tutorial_taskflow_api_etl.py for tasks to queue
[2022-07-10 08:58:24,359] {logging_mixin.py:104} INFO - [2022-07-10 08:58:24,359] {dagbag.py:451} INFO - Filling up the DagBag from /home/airflow/.local/lib/python3.6/site-packages/airflow/example_dags/tutorial_taskflow_api_etl.py
[2022-07-10 08:58:24,367] {scheduler_job.py:639} INFO - DAG(s) dict_keys(['tutorial_taskflow_api_etl']) retrieved from /home/airflow/.local/lib/python3.6/site-packages/airflow/example_dags/tutorial_taskflow_api_etl.py
[2022-07-10 08:58:24,383] {logging_mixin.py:104} INFO - [2022-07-10 08:58:24,383] {dag.py:1824} INFO - Sync 1 DAGs
[2022-07-10 08:58:24,394] {logging_mixin.py:104} INFO - [2022-07-10 08:58:24,393] {dag.py:2280} INFO - Setting next_dagrun for tutorial_taskflow_api_etl to None
[2022-07-10 08:58:24,402] {scheduler_job.py:190} INFO - Processing /home/airflow/.local/lib/python3.6/site-packages/airflow/example_dags/tutorial_taskflow_api_etl.py took 0.048 seconds
[2022-07-10 08:58:55,203] {scheduler_job.py:182} INFO - Started process (PID=1376) to work on /home/airflow/.local/lib/python3.6/site-packages/airflow/example_dags/tutorial_taskflow_api_etl.py
[2022-07-10 08:58:55,204] {scheduler_job.py:629} INFO - Processing file /home/airflow/.local/lib/python3.6/site-packages/airflow/example_dags/tutorial_taskflow_api_etl.py for tasks to queue
[2022-07-10 08:58:55,205] {logging_mixin.py:104} INFO - [2022-07-10 08:58:55,205] {dagbag.py:451} INFO - Filling up the DagBag from /home/airflow/.local/lib/python3.6/site-packages/airflow/example_dags/tutorial_taskflow_api_etl.py
[2022-07-10 08:58:55,213] {scheduler_job.py:639} INFO - DAG(s) dict_keys(['tutorial_taskflow_api_etl']) retrieved from /home/airflow/.local/lib/python3.6/site-packages/airflow/example_dags/tutorial_taskflow_api_etl.py
[2022-07-10 08:58:55,226] {logging_mixin.py:104} INFO - [2022-07-10 08:58:55,226] {dag.py:1824} INFO - Sync 1 DAGs
[2022-07-10 08:58:55,236] {logging_mixin.py:104} INFO - [2022-07-10 08:58:55,236] {dag.py:2280} INFO - Setting next_dagrun for tutorial_taskflow_api_etl to None
[2022-07-10 08:58:55,244] {scheduler_job.py:190} INFO - Processing /home/airflow/.local/lib/python3.6/site-packages/airflow/example_dags/tutorial_taskflow_api_etl.py took 0.043 seconds
[2022-07-10 08:59:25,956] {scheduler_job.py:182} INFO - Started process (PID=1402) to work on /home/airflow/.local/lib/python3.6/site-packages/airflow/example_dags/tutorial_taskflow_api_etl.py
[2022-07-10 08:59:25,957] {scheduler_job.py:629} INFO - Processing file /home/airflow/.local/lib/python3.6/site-packages/airflow/example_dags/tutorial_taskflow_api_etl.py for tasks to queue
[2022-07-10 08:59:25,957] {logging_mixin.py:104} INFO - [2022-07-10 08:59:25,957] {dagbag.py:451} INFO - Filling up the DagBag from /home/airflow/.local/lib/python3.6/site-packages/airflow/example_dags/tutorial_taskflow_api_etl.py
[2022-07-10 08:59:25,965] {scheduler_job.py:639} INFO - DAG(s) dict_keys(['tutorial_taskflow_api_etl']) retrieved from /home/airflow/.local/lib/python3.6/site-packages/airflow/example_dags/tutorial_taskflow_api_etl.py
[2022-07-10 08:59:25,979] {logging_mixin.py:104} INFO - [2022-07-10 08:59:25,979] {dag.py:1824} INFO - Sync 1 DAGs
[2022-07-10 08:59:25,989] {logging_mixin.py:104} INFO - [2022-07-10 08:59:25,989] {dag.py:2280} INFO - Setting next_dagrun for tutorial_taskflow_api_etl to None
[2022-07-10 08:59:25,998] {scheduler_job.py:190} INFO - Processing /home/airflow/.local/lib/python3.6/site-packages/airflow/example_dags/tutorial_taskflow_api_etl.py took 0.044 seconds
[2022-07-10 08:59:56,825] {scheduler_job.py:182} INFO - Started process (PID=1428) to work on /home/airflow/.local/lib/python3.6/site-packages/airflow/example_dags/tutorial_taskflow_api_etl.py
[2022-07-10 08:59:56,826] {scheduler_job.py:629} INFO - Processing file /home/airflow/.local/lib/python3.6/site-packages/airflow/example_dags/tutorial_taskflow_api_etl.py for tasks to queue
[2022-07-10 08:59:56,826] {logging_mixin.py:104} INFO - [2022-07-10 08:59:56,826] {dagbag.py:451} INFO - Filling up the DagBag from /home/airflow/.local/lib/python3.6/site-packages/airflow/example_dags/tutorial_taskflow_api_etl.py
[2022-07-10 08:59:56,834] {scheduler_job.py:639} INFO - DAG(s) dict_keys(['tutorial_taskflow_api_etl']) retrieved from /home/airflow/.local/lib/python3.6/site-packages/airflow/example_dags/tutorial_taskflow_api_etl.py
[2022-07-10 08:59:56,848] {logging_mixin.py:104} INFO - [2022-07-10 08:59:56,848] {dag.py:1824} INFO - Sync 1 DAGs
[2022-07-10 08:59:56,858] {logging_mixin.py:104} INFO - [2022-07-10 08:59:56,858] {dag.py:2280} INFO - Setting next_dagrun for tutorial_taskflow_api_etl to None
[2022-07-10 08:59:56,868] {scheduler_job.py:190} INFO - Processing /home/airflow/.local/lib/python3.6/site-packages/airflow/example_dags/tutorial_taskflow_api_etl.py took 0.045 seconds
[2022-07-10 09:00:27,601] {scheduler_job.py:182} INFO - Started process (PID=1454) to work on /home/airflow/.local/lib/python3.6/site-packages/airflow/example_dags/tutorial_taskflow_api_etl.py
[2022-07-10 09:00:27,602] {scheduler_job.py:629} INFO - Processing file /home/airflow/.local/lib/python3.6/site-packages/airflow/example_dags/tutorial_taskflow_api_etl.py for tasks to queue
[2022-07-10 09:00:27,602] {logging_mixin.py:104} INFO - [2022-07-10 09:00:27,602] {dagbag.py:451} INFO - Filling up the DagBag from /home/airflow/.local/lib/python3.6/site-packages/airflow/example_dags/tutorial_taskflow_api_etl.py
[2022-07-10 09:00:27,609] {scheduler_job.py:639} INFO - DAG(s) dict_keys(['tutorial_taskflow_api_etl']) retrieved from /home/airflow/.local/lib/python3.6/site-packages/airflow/example_dags/tutorial_taskflow_api_etl.py
[2022-07-10 09:00:27,623] {logging_mixin.py:104} INFO - [2022-07-10 09:00:27,623] {dag.py:1824} INFO - Sync 1 DAGs
[2022-07-10 09:00:27,634] {logging_mixin.py:104} INFO - [2022-07-10 09:00:27,634] {dag.py:2280} INFO - Setting next_dagrun for tutorial_taskflow_api_etl to None
[2022-07-10 09:00:27,642] {scheduler_job.py:190} INFO - Processing /home/airflow/.local/lib/python3.6/site-packages/airflow/example_dags/tutorial_taskflow_api_etl.py took 0.043 seconds
[2022-07-10 09:00:58,461] {scheduler_job.py:182} INFO - Started process (PID=1480) to work on /home/airflow/.local/lib/python3.6/site-packages/airflow/example_dags/tutorial_taskflow_api_etl.py
[2022-07-10 09:00:58,462] {scheduler_job.py:629} INFO - Processing file /home/airflow/.local/lib/python3.6/site-packages/airflow/example_dags/tutorial_taskflow_api_etl.py for tasks to queue
[2022-07-10 09:00:58,462] {logging_mixin.py:104} INFO - [2022-07-10 09:00:58,462] {dagbag.py:451} INFO - Filling up the DagBag from /home/airflow/.local/lib/python3.6/site-packages/airflow/example_dags/tutorial_taskflow_api_etl.py
[2022-07-10 09:00:58,469] {scheduler_job.py:639} INFO - DAG(s) dict_keys(['tutorial_taskflow_api_etl']) retrieved from /home/airflow/.local/lib/python3.6/site-packages/airflow/example_dags/tutorial_taskflow_api_etl.py
[2022-07-10 09:00:58,483] {logging_mixin.py:104} INFO - [2022-07-10 09:00:58,483] {dag.py:1824} INFO - Sync 1 DAGs
[2022-07-10 09:00:58,492] {logging_mixin.py:104} INFO - [2022-07-10 09:00:58,492] {dag.py:2280} INFO - Setting next_dagrun for tutorial_taskflow_api_etl to None
[2022-07-10 09:00:58,500] {scheduler_job.py:190} INFO - Processing /home/airflow/.local/lib/python3.6/site-packages/airflow/example_dags/tutorial_taskflow_api_etl.py took 0.041 seconds
[2022-07-10 09:03:55,023] {scheduler_job.py:182} INFO - Started process (PID=52) to work on /home/airflow/.local/lib/python3.6/site-packages/airflow/example_dags/tutorial_taskflow_api_etl.py
[2022-07-10 09:03:55,024] {scheduler_job.py:629} INFO - Processing file /home/airflow/.local/lib/python3.6/site-packages/airflow/example_dags/tutorial_taskflow_api_etl.py for tasks to queue
[2022-07-10 09:03:55,024] {logging_mixin.py:104} INFO - [2022-07-10 09:03:55,024] {dagbag.py:451} INFO - Filling up the DagBag from /home/airflow/.local/lib/python3.6/site-packages/airflow/example_dags/tutorial_taskflow_api_etl.py
[2022-07-10 09:03:55,035] {scheduler_job.py:639} INFO - DAG(s) dict_keys(['tutorial_taskflow_api_etl']) retrieved from /home/airflow/.local/lib/python3.6/site-packages/airflow/example_dags/tutorial_taskflow_api_etl.py
[2022-07-10 09:03:55,052] {logging_mixin.py:104} INFO - [2022-07-10 09:03:55,051] {dag.py:1824} INFO - Sync 1 DAGs
[2022-07-10 09:03:55,067] {logging_mixin.py:104} INFO - [2022-07-10 09:03:55,067] {dag.py:2280} INFO - Setting next_dagrun for tutorial_taskflow_api_etl to None
[2022-07-10 09:03:55,075] {scheduler_job.py:190} INFO - Processing /home/airflow/.local/lib/python3.6/site-packages/airflow/example_dags/tutorial_taskflow_api_etl.py took 0.055 seconds
[2022-07-10 09:04:25,897] {scheduler_job.py:182} INFO - Started process (PID=78) to work on /home/airflow/.local/lib/python3.6/site-packages/airflow/example_dags/tutorial_taskflow_api_etl.py
[2022-07-10 09:04:25,898] {scheduler_job.py:629} INFO - Processing file /home/airflow/.local/lib/python3.6/site-packages/airflow/example_dags/tutorial_taskflow_api_etl.py for tasks to queue
[2022-07-10 09:04:25,898] {logging_mixin.py:104} INFO - [2022-07-10 09:04:25,898] {dagbag.py:451} INFO - Filling up the DagBag from /home/airflow/.local/lib/python3.6/site-packages/airflow/example_dags/tutorial_taskflow_api_etl.py
[2022-07-10 09:04:25,905] {scheduler_job.py:639} INFO - DAG(s) dict_keys(['tutorial_taskflow_api_etl']) retrieved from /home/airflow/.local/lib/python3.6/site-packages/airflow/example_dags/tutorial_taskflow_api_etl.py
[2022-07-10 09:04:25,918] {logging_mixin.py:104} INFO - [2022-07-10 09:04:25,918] {dag.py:1824} INFO - Sync 1 DAGs
[2022-07-10 09:04:25,931] {logging_mixin.py:104} INFO - [2022-07-10 09:04:25,930] {dag.py:2280} INFO - Setting next_dagrun for tutorial_taskflow_api_etl to None
[2022-07-10 09:04:25,937] {scheduler_job.py:190} INFO - Processing /home/airflow/.local/lib/python3.6/site-packages/airflow/example_dags/tutorial_taskflow_api_etl.py took 0.042 seconds
[2022-07-10 09:04:56,740] {scheduler_job.py:182} INFO - Started process (PID=104) to work on /home/airflow/.local/lib/python3.6/site-packages/airflow/example_dags/tutorial_taskflow_api_etl.py
[2022-07-10 09:04:56,741] {scheduler_job.py:629} INFO - Processing file /home/airflow/.local/lib/python3.6/site-packages/airflow/example_dags/tutorial_taskflow_api_etl.py for tasks to queue
[2022-07-10 09:04:56,741] {logging_mixin.py:104} INFO - [2022-07-10 09:04:56,741] {dagbag.py:451} INFO - Filling up the DagBag from /home/airflow/.local/lib/python3.6/site-packages/airflow/example_dags/tutorial_taskflow_api_etl.py
[2022-07-10 09:04:56,750] {scheduler_job.py:639} INFO - DAG(s) dict_keys(['tutorial_taskflow_api_etl']) retrieved from /home/airflow/.local/lib/python3.6/site-packages/airflow/example_dags/tutorial_taskflow_api_etl.py
[2022-07-10 09:04:56,762] {logging_mixin.py:104} INFO - [2022-07-10 09:04:56,761] {dag.py:1824} INFO - Sync 1 DAGs
[2022-07-10 09:04:56,772] {logging_mixin.py:104} INFO - [2022-07-10 09:04:56,772] {dag.py:2280} INFO - Setting next_dagrun for tutorial_taskflow_api_etl to None
[2022-07-10 09:04:56,779] {scheduler_job.py:190} INFO - Processing /home/airflow/.local/lib/python3.6/site-packages/airflow/example_dags/tutorial_taskflow_api_etl.py took 0.041 seconds
[2022-07-10 09:05:27,541] {scheduler_job.py:182} INFO - Started process (PID=130) to work on /home/airflow/.local/lib/python3.6/site-packages/airflow/example_dags/tutorial_taskflow_api_etl.py
[2022-07-10 09:05:27,542] {scheduler_job.py:629} INFO - Processing file /home/airflow/.local/lib/python3.6/site-packages/airflow/example_dags/tutorial_taskflow_api_etl.py for tasks to queue
[2022-07-10 09:05:27,542] {logging_mixin.py:104} INFO - [2022-07-10 09:05:27,542] {dagbag.py:451} INFO - Filling up the DagBag from /home/airflow/.local/lib/python3.6/site-packages/airflow/example_dags/tutorial_taskflow_api_etl.py
[2022-07-10 09:05:27,549] {scheduler_job.py:639} INFO - DAG(s) dict_keys(['tutorial_taskflow_api_etl']) retrieved from /home/airflow/.local/lib/python3.6/site-packages/airflow/example_dags/tutorial_taskflow_api_etl.py
[2022-07-10 09:05:27,568] {logging_mixin.py:104} INFO - [2022-07-10 09:05:27,568] {dag.py:1824} INFO - Sync 1 DAGs
[2022-07-10 09:05:27,579] {logging_mixin.py:104} INFO - [2022-07-10 09:05:27,579] {dag.py:2280} INFO - Setting next_dagrun for tutorial_taskflow_api_etl to None
[2022-07-10 09:05:27,590] {scheduler_job.py:190} INFO - Processing /home/airflow/.local/lib/python3.6/site-packages/airflow/example_dags/tutorial_taskflow_api_etl.py took 0.051 seconds
[2022-07-10 09:05:58,388] {scheduler_job.py:182} INFO - Started process (PID=156) to work on /home/airflow/.local/lib/python3.6/site-packages/airflow/example_dags/tutorial_taskflow_api_etl.py
[2022-07-10 09:05:58,389] {scheduler_job.py:629} INFO - Processing file /home/airflow/.local/lib/python3.6/site-packages/airflow/example_dags/tutorial_taskflow_api_etl.py for tasks to queue
[2022-07-10 09:05:58,389] {logging_mixin.py:104} INFO - [2022-07-10 09:05:58,389] {dagbag.py:451} INFO - Filling up the DagBag from /home/airflow/.local/lib/python3.6/site-packages/airflow/example_dags/tutorial_taskflow_api_etl.py
[2022-07-10 09:05:58,396] {scheduler_job.py:639} INFO - DAG(s) dict_keys(['tutorial_taskflow_api_etl']) retrieved from /home/airflow/.local/lib/python3.6/site-packages/airflow/example_dags/tutorial_taskflow_api_etl.py
[2022-07-10 09:05:58,411] {logging_mixin.py:104} INFO - [2022-07-10 09:05:58,410] {dag.py:1824} INFO - Sync 1 DAGs
[2022-07-10 09:05:58,418] {logging_mixin.py:104} INFO - [2022-07-10 09:05:58,418] {dag.py:2280} INFO - Setting next_dagrun for tutorial_taskflow_api_etl to None
[2022-07-10 09:05:58,425] {scheduler_job.py:190} INFO - Processing /home/airflow/.local/lib/python3.6/site-packages/airflow/example_dags/tutorial_taskflow_api_etl.py took 0.039 seconds
[2022-07-10 09:06:29,235] {scheduler_job.py:182} INFO - Started process (PID=182) to work on /home/airflow/.local/lib/python3.6/site-packages/airflow/example_dags/tutorial_taskflow_api_etl.py
[2022-07-10 09:06:29,236] {scheduler_job.py:629} INFO - Processing file /home/airflow/.local/lib/python3.6/site-packages/airflow/example_dags/tutorial_taskflow_api_etl.py for tasks to queue
[2022-07-10 09:06:29,236] {logging_mixin.py:104} INFO - [2022-07-10 09:06:29,236] {dagbag.py:451} INFO - Filling up the DagBag from /home/airflow/.local/lib/python3.6/site-packages/airflow/example_dags/tutorial_taskflow_api_etl.py
[2022-07-10 09:06:29,243] {scheduler_job.py:639} INFO - DAG(s) dict_keys(['tutorial_taskflow_api_etl']) retrieved from /home/airflow/.local/lib/python3.6/site-packages/airflow/example_dags/tutorial_taskflow_api_etl.py
[2022-07-10 09:06:29,258] {logging_mixin.py:104} INFO - [2022-07-10 09:06:29,258] {dag.py:1824} INFO - Sync 1 DAGs
[2022-07-10 09:06:29,268] {logging_mixin.py:104} INFO - [2022-07-10 09:06:29,268] {dag.py:2280} INFO - Setting next_dagrun for tutorial_taskflow_api_etl to None
[2022-07-10 09:06:29,275] {scheduler_job.py:190} INFO - Processing /home/airflow/.local/lib/python3.6/site-packages/airflow/example_dags/tutorial_taskflow_api_etl.py took 0.042 seconds
[2022-07-10 09:07:00,014] {scheduler_job.py:182} INFO - Started process (PID=208) to work on /home/airflow/.local/lib/python3.6/site-packages/airflow/example_dags/tutorial_taskflow_api_etl.py
[2022-07-10 09:07:00,015] {scheduler_job.py:629} INFO - Processing file /home/airflow/.local/lib/python3.6/site-packages/airflow/example_dags/tutorial_taskflow_api_etl.py for tasks to queue
[2022-07-10 09:07:00,016] {logging_mixin.py:104} INFO - [2022-07-10 09:07:00,016] {dagbag.py:451} INFO - Filling up the DagBag from /home/airflow/.local/lib/python3.6/site-packages/airflow/example_dags/tutorial_taskflow_api_etl.py
[2022-07-10 09:07:00,023] {scheduler_job.py:639} INFO - DAG(s) dict_keys(['tutorial_taskflow_api_etl']) retrieved from /home/airflow/.local/lib/python3.6/site-packages/airflow/example_dags/tutorial_taskflow_api_etl.py
[2022-07-10 09:07:00,039] {logging_mixin.py:104} INFO - [2022-07-10 09:07:00,039] {dag.py:1824} INFO - Sync 1 DAGs
[2022-07-10 09:07:00,048] {logging_mixin.py:104} INFO - [2022-07-10 09:07:00,047] {dag.py:2280} INFO - Setting next_dagrun for tutorial_taskflow_api_etl to None
[2022-07-10 09:07:00,054] {scheduler_job.py:190} INFO - Processing /home/airflow/.local/lib/python3.6/site-packages/airflow/example_dags/tutorial_taskflow_api_etl.py took 0.041 seconds
[2022-07-10 09:07:30,857] {scheduler_job.py:182} INFO - Started process (PID=234) to work on /home/airflow/.local/lib/python3.6/site-packages/airflow/example_dags/tutorial_taskflow_api_etl.py
[2022-07-10 09:07:30,858] {scheduler_job.py:629} INFO - Processing file /home/airflow/.local/lib/python3.6/site-packages/airflow/example_dags/tutorial_taskflow_api_etl.py for tasks to queue
[2022-07-10 09:07:30,858] {logging_mixin.py:104} INFO - [2022-07-10 09:07:30,858] {dagbag.py:451} INFO - Filling up the DagBag from /home/airflow/.local/lib/python3.6/site-packages/airflow/example_dags/tutorial_taskflow_api_etl.py
[2022-07-10 09:07:30,865] {scheduler_job.py:639} INFO - DAG(s) dict_keys(['tutorial_taskflow_api_etl']) retrieved from /home/airflow/.local/lib/python3.6/site-packages/airflow/example_dags/tutorial_taskflow_api_etl.py
[2022-07-10 09:07:30,881] {logging_mixin.py:104} INFO - [2022-07-10 09:07:30,881] {dag.py:1824} INFO - Sync 1 DAGs
[2022-07-10 09:07:30,890] {logging_mixin.py:104} INFO - [2022-07-10 09:07:30,890] {dag.py:2280} INFO - Setting next_dagrun for tutorial_taskflow_api_etl to None
[2022-07-10 09:07:30,897] {scheduler_job.py:190} INFO - Processing /home/airflow/.local/lib/python3.6/site-packages/airflow/example_dags/tutorial_taskflow_api_etl.py took 0.042 seconds
[2022-07-10 09:08:01,638] {scheduler_job.py:182} INFO - Started process (PID=260) to work on /home/airflow/.local/lib/python3.6/site-packages/airflow/example_dags/tutorial_taskflow_api_etl.py
[2022-07-10 09:08:01,639] {scheduler_job.py:629} INFO - Processing file /home/airflow/.local/lib/python3.6/site-packages/airflow/example_dags/tutorial_taskflow_api_etl.py for tasks to queue
[2022-07-10 09:08:01,640] {logging_mixin.py:104} INFO - [2022-07-10 09:08:01,640] {dagbag.py:451} INFO - Filling up the DagBag from /home/airflow/.local/lib/python3.6/site-packages/airflow/example_dags/tutorial_taskflow_api_etl.py
[2022-07-10 09:08:01,646] {scheduler_job.py:639} INFO - DAG(s) dict_keys(['tutorial_taskflow_api_etl']) retrieved from /home/airflow/.local/lib/python3.6/site-packages/airflow/example_dags/tutorial_taskflow_api_etl.py
[2022-07-10 09:08:01,661] {logging_mixin.py:104} INFO - [2022-07-10 09:08:01,661] {dag.py:1824} INFO - Sync 1 DAGs
[2022-07-10 09:08:01,670] {logging_mixin.py:104} INFO - [2022-07-10 09:08:01,670] {dag.py:2280} INFO - Setting next_dagrun for tutorial_taskflow_api_etl to None
[2022-07-10 09:08:01,676] {scheduler_job.py:190} INFO - Processing /home/airflow/.local/lib/python3.6/site-packages/airflow/example_dags/tutorial_taskflow_api_etl.py took 0.040 seconds
[2022-07-10 09:08:32,448] {scheduler_job.py:182} INFO - Started process (PID=286) to work on /home/airflow/.local/lib/python3.6/site-packages/airflow/example_dags/tutorial_taskflow_api_etl.py
[2022-07-10 09:08:32,449] {scheduler_job.py:629} INFO - Processing file /home/airflow/.local/lib/python3.6/site-packages/airflow/example_dags/tutorial_taskflow_api_etl.py for tasks to queue
[2022-07-10 09:08:32,449] {logging_mixin.py:104} INFO - [2022-07-10 09:08:32,449] {dagbag.py:451} INFO - Filling up the DagBag from /home/airflow/.local/lib/python3.6/site-packages/airflow/example_dags/tutorial_taskflow_api_etl.py
[2022-07-10 09:08:32,460] {scheduler_job.py:639} INFO - DAG(s) dict_keys(['tutorial_taskflow_api_etl']) retrieved from /home/airflow/.local/lib/python3.6/site-packages/airflow/example_dags/tutorial_taskflow_api_etl.py
[2022-07-10 09:08:32,473] {logging_mixin.py:104} INFO - [2022-07-10 09:08:32,473] {dag.py:1824} INFO - Sync 1 DAGs
[2022-07-10 09:08:32,481] {logging_mixin.py:104} INFO - [2022-07-10 09:08:32,481] {dag.py:2280} INFO - Setting next_dagrun for tutorial_taskflow_api_etl to None
[2022-07-10 09:08:32,488] {scheduler_job.py:190} INFO - Processing /home/airflow/.local/lib/python3.6/site-packages/airflow/example_dags/tutorial_taskflow_api_etl.py took 0.042 seconds
[2022-07-10 09:09:03,465] {scheduler_job.py:182} INFO - Started process (PID=312) to work on /home/airflow/.local/lib/python3.6/site-packages/airflow/example_dags/tutorial_taskflow_api_etl.py
[2022-07-10 09:09:03,466] {scheduler_job.py:629} INFO - Processing file /home/airflow/.local/lib/python3.6/site-packages/airflow/example_dags/tutorial_taskflow_api_etl.py for tasks to queue
[2022-07-10 09:09:03,466] {logging_mixin.py:104} INFO - [2022-07-10 09:09:03,466] {dagbag.py:451} INFO - Filling up the DagBag from /home/airflow/.local/lib/python3.6/site-packages/airflow/example_dags/tutorial_taskflow_api_etl.py
[2022-07-10 09:09:03,476] {scheduler_job.py:639} INFO - DAG(s) dict_keys(['tutorial_taskflow_api_etl']) retrieved from /home/airflow/.local/lib/python3.6/site-packages/airflow/example_dags/tutorial_taskflow_api_etl.py
[2022-07-10 09:09:03,491] {logging_mixin.py:104} INFO - [2022-07-10 09:09:03,491] {dag.py:1824} INFO - Sync 1 DAGs
[2022-07-10 09:09:03,502] {logging_mixin.py:104} INFO - [2022-07-10 09:09:03,502] {dag.py:2280} INFO - Setting next_dagrun for tutorial_taskflow_api_etl to None
[2022-07-10 09:09:03,511] {scheduler_job.py:190} INFO - Processing /home/airflow/.local/lib/python3.6/site-packages/airflow/example_dags/tutorial_taskflow_api_etl.py took 0.047 seconds
[2022-07-10 09:09:34,544] {scheduler_job.py:182} INFO - Started process (PID=338) to work on /home/airflow/.local/lib/python3.6/site-packages/airflow/example_dags/tutorial_taskflow_api_etl.py
[2022-07-10 09:09:34,545] {scheduler_job.py:629} INFO - Processing file /home/airflow/.local/lib/python3.6/site-packages/airflow/example_dags/tutorial_taskflow_api_etl.py for tasks to queue
[2022-07-10 09:09:34,545] {logging_mixin.py:104} INFO - [2022-07-10 09:09:34,545] {dagbag.py:451} INFO - Filling up the DagBag from /home/airflow/.local/lib/python3.6/site-packages/airflow/example_dags/tutorial_taskflow_api_etl.py
[2022-07-10 09:09:34,554] {scheduler_job.py:639} INFO - DAG(s) dict_keys(['tutorial_taskflow_api_etl']) retrieved from /home/airflow/.local/lib/python3.6/site-packages/airflow/example_dags/tutorial_taskflow_api_etl.py
[2022-07-10 09:09:34,569] {logging_mixin.py:104} INFO - [2022-07-10 09:09:34,569] {dag.py:1824} INFO - Sync 1 DAGs
[2022-07-10 09:09:34,578] {logging_mixin.py:104} INFO - [2022-07-10 09:09:34,578] {dag.py:2280} INFO - Setting next_dagrun for tutorial_taskflow_api_etl to None
[2022-07-10 09:09:34,584] {scheduler_job.py:190} INFO - Processing /home/airflow/.local/lib/python3.6/site-packages/airflow/example_dags/tutorial_taskflow_api_etl.py took 0.042 seconds
[2022-07-10 09:10:05,309] {scheduler_job.py:182} INFO - Started process (PID=364) to work on /home/airflow/.local/lib/python3.6/site-packages/airflow/example_dags/tutorial_taskflow_api_etl.py
[2022-07-10 09:10:05,310] {scheduler_job.py:629} INFO - Processing file /home/airflow/.local/lib/python3.6/site-packages/airflow/example_dags/tutorial_taskflow_api_etl.py for tasks to queue
[2022-07-10 09:10:05,310] {logging_mixin.py:104} INFO - [2022-07-10 09:10:05,310] {dagbag.py:451} INFO - Filling up the DagBag from /home/airflow/.local/lib/python3.6/site-packages/airflow/example_dags/tutorial_taskflow_api_etl.py
[2022-07-10 09:10:05,319] {scheduler_job.py:639} INFO - DAG(s) dict_keys(['tutorial_taskflow_api_etl']) retrieved from /home/airflow/.local/lib/python3.6/site-packages/airflow/example_dags/tutorial_taskflow_api_etl.py
[2022-07-10 09:10:05,332] {logging_mixin.py:104} INFO - [2022-07-10 09:10:05,332] {dag.py:1824} INFO - Sync 1 DAGs
[2022-07-10 09:10:05,340] {logging_mixin.py:104} INFO - [2022-07-10 09:10:05,340] {dag.py:2280} INFO - Setting next_dagrun for tutorial_taskflow_api_etl to None
[2022-07-10 09:10:05,346] {scheduler_job.py:190} INFO - Processing /home/airflow/.local/lib/python3.6/site-packages/airflow/example_dags/tutorial_taskflow_api_etl.py took 0.039 seconds
[2022-07-10 09:10:36,209] {scheduler_job.py:182} INFO - Started process (PID=390) to work on /home/airflow/.local/lib/python3.6/site-packages/airflow/example_dags/tutorial_taskflow_api_etl.py
[2022-07-10 09:10:36,210] {scheduler_job.py:629} INFO - Processing file /home/airflow/.local/lib/python3.6/site-packages/airflow/example_dags/tutorial_taskflow_api_etl.py for tasks to queue
[2022-07-10 09:10:36,211] {logging_mixin.py:104} INFO - [2022-07-10 09:10:36,211] {dagbag.py:451} INFO - Filling up the DagBag from /home/airflow/.local/lib/python3.6/site-packages/airflow/example_dags/tutorial_taskflow_api_etl.py
[2022-07-10 09:10:36,219] {scheduler_job.py:639} INFO - DAG(s) dict_keys(['tutorial_taskflow_api_etl']) retrieved from /home/airflow/.local/lib/python3.6/site-packages/airflow/example_dags/tutorial_taskflow_api_etl.py
[2022-07-10 09:10:36,231] {logging_mixin.py:104} INFO - [2022-07-10 09:10:36,231] {dag.py:1824} INFO - Sync 1 DAGs
[2022-07-10 09:10:36,240] {logging_mixin.py:104} INFO - [2022-07-10 09:10:36,240] {dag.py:2280} INFO - Setting next_dagrun for tutorial_taskflow_api_etl to None
[2022-07-10 09:10:36,247] {scheduler_job.py:190} INFO - Processing /home/airflow/.local/lib/python3.6/site-packages/airflow/example_dags/tutorial_taskflow_api_etl.py took 0.039 seconds
[2022-07-10 09:11:06,975] {scheduler_job.py:182} INFO - Started process (PID=416) to work on /home/airflow/.local/lib/python3.6/site-packages/airflow/example_dags/tutorial_taskflow_api_etl.py
[2022-07-10 09:11:06,978] {scheduler_job.py:629} INFO - Processing file /home/airflow/.local/lib/python3.6/site-packages/airflow/example_dags/tutorial_taskflow_api_etl.py for tasks to queue
[2022-07-10 09:11:06,979] {logging_mixin.py:104} INFO - [2022-07-10 09:11:06,979] {dagbag.py:451} INFO - Filling up the DagBag from /home/airflow/.local/lib/python3.6/site-packages/airflow/example_dags/tutorial_taskflow_api_etl.py
[2022-07-10 09:11:06,985] {scheduler_job.py:639} INFO - DAG(s) dict_keys(['tutorial_taskflow_api_etl']) retrieved from /home/airflow/.local/lib/python3.6/site-packages/airflow/example_dags/tutorial_taskflow_api_etl.py
[2022-07-10 09:11:06,999] {logging_mixin.py:104} INFO - [2022-07-10 09:11:06,999] {dag.py:1824} INFO - Sync 1 DAGs
[2022-07-10 09:11:07,007] {logging_mixin.py:104} INFO - [2022-07-10 09:11:07,007] {dag.py:2280} INFO - Setting next_dagrun for tutorial_taskflow_api_etl to None
[2022-07-10 09:11:07,013] {scheduler_job.py:190} INFO - Processing /home/airflow/.local/lib/python3.6/site-packages/airflow/example_dags/tutorial_taskflow_api_etl.py took 0.040 seconds
[2022-07-10 09:11:37,808] {scheduler_job.py:182} INFO - Started process (PID=442) to work on /home/airflow/.local/lib/python3.6/site-packages/airflow/example_dags/tutorial_taskflow_api_etl.py
[2022-07-10 09:11:37,809] {scheduler_job.py:629} INFO - Processing file /home/airflow/.local/lib/python3.6/site-packages/airflow/example_dags/tutorial_taskflow_api_etl.py for tasks to queue
[2022-07-10 09:11:37,810] {logging_mixin.py:104} INFO - [2022-07-10 09:11:37,810] {dagbag.py:451} INFO - Filling up the DagBag from /home/airflow/.local/lib/python3.6/site-packages/airflow/example_dags/tutorial_taskflow_api_etl.py
[2022-07-10 09:11:37,816] {scheduler_job.py:639} INFO - DAG(s) dict_keys(['tutorial_taskflow_api_etl']) retrieved from /home/airflow/.local/lib/python3.6/site-packages/airflow/example_dags/tutorial_taskflow_api_etl.py
[2022-07-10 09:11:37,829] {logging_mixin.py:104} INFO - [2022-07-10 09:11:37,829] {dag.py:1824} INFO - Sync 1 DAGs
[2022-07-10 09:11:37,838] {logging_mixin.py:104} INFO - [2022-07-10 09:11:37,838] {dag.py:2280} INFO - Setting next_dagrun for tutorial_taskflow_api_etl to None
[2022-07-10 09:11:37,845] {scheduler_job.py:190} INFO - Processing /home/airflow/.local/lib/python3.6/site-packages/airflow/example_dags/tutorial_taskflow_api_etl.py took 0.038 seconds
[2022-07-10 09:12:08,579] {scheduler_job.py:182} INFO - Started process (PID=468) to work on /home/airflow/.local/lib/python3.6/site-packages/airflow/example_dags/tutorial_taskflow_api_etl.py
[2022-07-10 09:12:08,580] {scheduler_job.py:629} INFO - Processing file /home/airflow/.local/lib/python3.6/site-packages/airflow/example_dags/tutorial_taskflow_api_etl.py for tasks to queue
[2022-07-10 09:12:08,581] {logging_mixin.py:104} INFO - [2022-07-10 09:12:08,581] {dagbag.py:451} INFO - Filling up the DagBag from /home/airflow/.local/lib/python3.6/site-packages/airflow/example_dags/tutorial_taskflow_api_etl.py
[2022-07-10 09:12:08,589] {scheduler_job.py:639} INFO - DAG(s) dict_keys(['tutorial_taskflow_api_etl']) retrieved from /home/airflow/.local/lib/python3.6/site-packages/airflow/example_dags/tutorial_taskflow_api_etl.py
[2022-07-10 09:12:08,602] {logging_mixin.py:104} INFO - [2022-07-10 09:12:08,601] {dag.py:1824} INFO - Sync 1 DAGs
[2022-07-10 09:12:08,610] {logging_mixin.py:104} INFO - [2022-07-10 09:12:08,610] {dag.py:2280} INFO - Setting next_dagrun for tutorial_taskflow_api_etl to None
[2022-07-10 09:12:08,617] {scheduler_job.py:190} INFO - Processing /home/airflow/.local/lib/python3.6/site-packages/airflow/example_dags/tutorial_taskflow_api_etl.py took 0.039 seconds
