[2022-07-10 08:32:42,000] {scheduler_job.py:182} INFO - Started process (PID=59) to work on /home/airflow/.local/lib/python3.6/site-packages/airflow/example_dags/tutorial.py
[2022-07-10 08:32:42,001] {scheduler_job.py:629} INFO - Processing file /home/airflow/.local/lib/python3.6/site-packages/airflow/example_dags/tutorial.py for tasks to queue
[2022-07-10 08:32:42,002] {logging_mixin.py:104} INFO - [2022-07-10 08:32:42,002] {dagbag.py:451} INFO - Filling up the DagBag from /home/airflow/.local/lib/python3.6/site-packages/airflow/example_dags/tutorial.py
[2022-07-10 08:32:42,008] {scheduler_job.py:639} INFO - DAG(s) dict_keys(['tutorial']) retrieved from /home/airflow/.local/lib/python3.6/site-packages/airflow/example_dags/tutorial.py
[2022-07-10 08:32:42,024] {logging_mixin.py:104} INFO - [2022-07-10 08:32:42,024] {dag.py:1824} INFO - Sync 1 DAGs
[2022-07-10 08:32:42,034] {logging_mixin.py:104} INFO - [2022-07-10 08:32:42,034] {dag.py:1843} INFO - Creating ORM DAG for tutorial
[2022-07-10 08:32:42,040] {logging_mixin.py:104} INFO - [2022-07-10 08:32:42,040] {dag.py:2280} INFO - Setting next_dagrun for tutorial to 2022-07-08 00:00:00+00:00
[2022-07-10 08:32:42,050] {scheduler_job.py:190} INFO - Processing /home/airflow/.local/lib/python3.6/site-packages/airflow/example_dags/tutorial.py took 0.052 seconds
[2022-07-10 08:33:12,928] {scheduler_job.py:182} INFO - Started process (PID=85) to work on /home/airflow/.local/lib/python3.6/site-packages/airflow/example_dags/tutorial.py
[2022-07-10 08:33:12,929] {scheduler_job.py:629} INFO - Processing file /home/airflow/.local/lib/python3.6/site-packages/airflow/example_dags/tutorial.py for tasks to queue
[2022-07-10 08:33:12,929] {logging_mixin.py:104} INFO - [2022-07-10 08:33:12,929] {dagbag.py:451} INFO - Filling up the DagBag from /home/airflow/.local/lib/python3.6/site-packages/airflow/example_dags/tutorial.py
[2022-07-10 08:33:12,935] {scheduler_job.py:639} INFO - DAG(s) dict_keys(['tutorial']) retrieved from /home/airflow/.local/lib/python3.6/site-packages/airflow/example_dags/tutorial.py
[2022-07-10 08:33:12,948] {logging_mixin.py:104} INFO - [2022-07-10 08:33:12,948] {dag.py:1824} INFO - Sync 1 DAGs
[2022-07-10 08:33:12,959] {logging_mixin.py:104} INFO - [2022-07-10 08:33:12,959] {dag.py:2280} INFO - Setting next_dagrun for tutorial to 2022-07-08 00:00:00+00:00
[2022-07-10 08:33:12,965] {scheduler_job.py:190} INFO - Processing /home/airflow/.local/lib/python3.6/site-packages/airflow/example_dags/tutorial.py took 0.039 seconds
[2022-07-10 08:33:43,731] {scheduler_job.py:182} INFO - Started process (PID=111) to work on /home/airflow/.local/lib/python3.6/site-packages/airflow/example_dags/tutorial.py
[2022-07-10 08:33:43,732] {scheduler_job.py:629} INFO - Processing file /home/airflow/.local/lib/python3.6/site-packages/airflow/example_dags/tutorial.py for tasks to queue
[2022-07-10 08:33:43,733] {logging_mixin.py:104} INFO - [2022-07-10 08:33:43,733] {dagbag.py:451} INFO - Filling up the DagBag from /home/airflow/.local/lib/python3.6/site-packages/airflow/example_dags/tutorial.py
[2022-07-10 08:33:43,738] {scheduler_job.py:639} INFO - DAG(s) dict_keys(['tutorial']) retrieved from /home/airflow/.local/lib/python3.6/site-packages/airflow/example_dags/tutorial.py
[2022-07-10 08:33:43,752] {logging_mixin.py:104} INFO - [2022-07-10 08:33:43,752] {dag.py:1824} INFO - Sync 1 DAGs
[2022-07-10 08:33:43,764] {logging_mixin.py:104} INFO - [2022-07-10 08:33:43,764] {dag.py:2280} INFO - Setting next_dagrun for tutorial to 2022-07-08 00:00:00+00:00
[2022-07-10 08:33:43,770] {scheduler_job.py:190} INFO - Processing /home/airflow/.local/lib/python3.6/site-packages/airflow/example_dags/tutorial.py took 0.041 seconds
[2022-07-10 08:34:14,574] {scheduler_job.py:182} INFO - Started process (PID=137) to work on /home/airflow/.local/lib/python3.6/site-packages/airflow/example_dags/tutorial.py
[2022-07-10 08:34:14,574] {scheduler_job.py:629} INFO - Processing file /home/airflow/.local/lib/python3.6/site-packages/airflow/example_dags/tutorial.py for tasks to queue
[2022-07-10 08:34:14,575] {logging_mixin.py:104} INFO - [2022-07-10 08:34:14,575] {dagbag.py:451} INFO - Filling up the DagBag from /home/airflow/.local/lib/python3.6/site-packages/airflow/example_dags/tutorial.py
[2022-07-10 08:34:14,580] {scheduler_job.py:639} INFO - DAG(s) dict_keys(['tutorial']) retrieved from /home/airflow/.local/lib/python3.6/site-packages/airflow/example_dags/tutorial.py
[2022-07-10 08:34:14,592] {logging_mixin.py:104} INFO - [2022-07-10 08:34:14,592] {dag.py:1824} INFO - Sync 1 DAGs
[2022-07-10 08:34:14,602] {logging_mixin.py:104} INFO - [2022-07-10 08:34:14,602] {dag.py:2280} INFO - Setting next_dagrun for tutorial to 2022-07-08 00:00:00+00:00
[2022-07-10 08:34:14,608] {scheduler_job.py:190} INFO - Processing /home/airflow/.local/lib/python3.6/site-packages/airflow/example_dags/tutorial.py took 0.036 seconds
[2022-07-10 08:34:45,386] {scheduler_job.py:182} INFO - Started process (PID=163) to work on /home/airflow/.local/lib/python3.6/site-packages/airflow/example_dags/tutorial.py
[2022-07-10 08:34:45,387] {scheduler_job.py:629} INFO - Processing file /home/airflow/.local/lib/python3.6/site-packages/airflow/example_dags/tutorial.py for tasks to queue
[2022-07-10 08:34:45,388] {logging_mixin.py:104} INFO - [2022-07-10 08:34:45,388] {dagbag.py:451} INFO - Filling up the DagBag from /home/airflow/.local/lib/python3.6/site-packages/airflow/example_dags/tutorial.py
[2022-07-10 08:34:45,393] {scheduler_job.py:639} INFO - DAG(s) dict_keys(['tutorial']) retrieved from /home/airflow/.local/lib/python3.6/site-packages/airflow/example_dags/tutorial.py
[2022-07-10 08:34:45,405] {logging_mixin.py:104} INFO - [2022-07-10 08:34:45,405] {dag.py:1824} INFO - Sync 1 DAGs
[2022-07-10 08:34:45,415] {logging_mixin.py:104} INFO - [2022-07-10 08:34:45,415] {dag.py:2280} INFO - Setting next_dagrun for tutorial to 2022-07-08 00:00:00+00:00
[2022-07-10 08:34:45,421] {scheduler_job.py:190} INFO - Processing /home/airflow/.local/lib/python3.6/site-packages/airflow/example_dags/tutorial.py took 0.036 seconds
[2022-07-10 08:35:16,187] {scheduler_job.py:182} INFO - Started process (PID=189) to work on /home/airflow/.local/lib/python3.6/site-packages/airflow/example_dags/tutorial.py
[2022-07-10 08:35:16,188] {scheduler_job.py:629} INFO - Processing file /home/airflow/.local/lib/python3.6/site-packages/airflow/example_dags/tutorial.py for tasks to queue
[2022-07-10 08:35:16,189] {logging_mixin.py:104} INFO - [2022-07-10 08:35:16,189] {dagbag.py:451} INFO - Filling up the DagBag from /home/airflow/.local/lib/python3.6/site-packages/airflow/example_dags/tutorial.py
[2022-07-10 08:35:16,194] {scheduler_job.py:639} INFO - DAG(s) dict_keys(['tutorial']) retrieved from /home/airflow/.local/lib/python3.6/site-packages/airflow/example_dags/tutorial.py
[2022-07-10 08:35:16,207] {logging_mixin.py:104} INFO - [2022-07-10 08:35:16,207] {dag.py:1824} INFO - Sync 1 DAGs
[2022-07-10 08:35:16,217] {logging_mixin.py:104} INFO - [2022-07-10 08:35:16,217] {dag.py:2280} INFO - Setting next_dagrun for tutorial to 2022-07-08 00:00:00+00:00
[2022-07-10 08:35:16,223] {scheduler_job.py:190} INFO - Processing /home/airflow/.local/lib/python3.6/site-packages/airflow/example_dags/tutorial.py took 0.038 seconds
[2022-07-10 08:35:46,934] {scheduler_job.py:182} INFO - Started process (PID=215) to work on /home/airflow/.local/lib/python3.6/site-packages/airflow/example_dags/tutorial.py
[2022-07-10 08:35:46,934] {scheduler_job.py:629} INFO - Processing file /home/airflow/.local/lib/python3.6/site-packages/airflow/example_dags/tutorial.py for tasks to queue
[2022-07-10 08:35:46,935] {logging_mixin.py:104} INFO - [2022-07-10 08:35:46,935] {dagbag.py:451} INFO - Filling up the DagBag from /home/airflow/.local/lib/python3.6/site-packages/airflow/example_dags/tutorial.py
[2022-07-10 08:35:46,940] {scheduler_job.py:639} INFO - DAG(s) dict_keys(['tutorial']) retrieved from /home/airflow/.local/lib/python3.6/site-packages/airflow/example_dags/tutorial.py
[2022-07-10 08:35:46,954] {logging_mixin.py:104} INFO - [2022-07-10 08:35:46,954] {dag.py:1824} INFO - Sync 1 DAGs
[2022-07-10 08:35:46,963] {logging_mixin.py:104} INFO - [2022-07-10 08:35:46,963] {dag.py:2280} INFO - Setting next_dagrun for tutorial to 2022-07-08 00:00:00+00:00
[2022-07-10 08:35:46,969] {scheduler_job.py:190} INFO - Processing /home/airflow/.local/lib/python3.6/site-packages/airflow/example_dags/tutorial.py took 0.037 seconds
[2022-07-10 08:36:17,806] {scheduler_job.py:182} INFO - Started process (PID=241) to work on /home/airflow/.local/lib/python3.6/site-packages/airflow/example_dags/tutorial.py
[2022-07-10 08:36:17,807] {scheduler_job.py:629} INFO - Processing file /home/airflow/.local/lib/python3.6/site-packages/airflow/example_dags/tutorial.py for tasks to queue
[2022-07-10 08:36:17,807] {logging_mixin.py:104} INFO - [2022-07-10 08:36:17,807] {dagbag.py:451} INFO - Filling up the DagBag from /home/airflow/.local/lib/python3.6/site-packages/airflow/example_dags/tutorial.py
[2022-07-10 08:36:17,813] {scheduler_job.py:639} INFO - DAG(s) dict_keys(['tutorial']) retrieved from /home/airflow/.local/lib/python3.6/site-packages/airflow/example_dags/tutorial.py
[2022-07-10 08:36:17,826] {logging_mixin.py:104} INFO - [2022-07-10 08:36:17,826] {dag.py:1824} INFO - Sync 1 DAGs
[2022-07-10 08:36:17,835] {logging_mixin.py:104} INFO - [2022-07-10 08:36:17,834] {dag.py:2280} INFO - Setting next_dagrun for tutorial to 2022-07-08 00:00:00+00:00
[2022-07-10 08:36:17,841] {scheduler_job.py:190} INFO - Processing /home/airflow/.local/lib/python3.6/site-packages/airflow/example_dags/tutorial.py took 0.036 seconds
[2022-07-10 08:36:48,599] {scheduler_job.py:182} INFO - Started process (PID=267) to work on /home/airflow/.local/lib/python3.6/site-packages/airflow/example_dags/tutorial.py
[2022-07-10 08:36:48,600] {scheduler_job.py:629} INFO - Processing file /home/airflow/.local/lib/python3.6/site-packages/airflow/example_dags/tutorial.py for tasks to queue
[2022-07-10 08:36:48,601] {logging_mixin.py:104} INFO - [2022-07-10 08:36:48,601] {dagbag.py:451} INFO - Filling up the DagBag from /home/airflow/.local/lib/python3.6/site-packages/airflow/example_dags/tutorial.py
[2022-07-10 08:36:48,606] {scheduler_job.py:639} INFO - DAG(s) dict_keys(['tutorial']) retrieved from /home/airflow/.local/lib/python3.6/site-packages/airflow/example_dags/tutorial.py
[2022-07-10 08:36:48,640] {logging_mixin.py:104} INFO - [2022-07-10 08:36:48,640] {dag.py:1824} INFO - Sync 1 DAGs
[2022-07-10 08:36:48,662] {logging_mixin.py:104} INFO - [2022-07-10 08:36:48,662] {dag.py:2280} INFO - Setting next_dagrun for tutorial to 2022-07-08 00:00:00+00:00
[2022-07-10 08:36:48,686] {scheduler_job.py:190} INFO - Processing /home/airflow/.local/lib/python3.6/site-packages/airflow/example_dags/tutorial.py took 0.088 seconds
[2022-07-10 08:37:19,576] {scheduler_job.py:182} INFO - Started process (PID=293) to work on /home/airflow/.local/lib/python3.6/site-packages/airflow/example_dags/tutorial.py
[2022-07-10 08:37:19,576] {scheduler_job.py:629} INFO - Processing file /home/airflow/.local/lib/python3.6/site-packages/airflow/example_dags/tutorial.py for tasks to queue
[2022-07-10 08:37:19,577] {logging_mixin.py:104} INFO - [2022-07-10 08:37:19,577] {dagbag.py:451} INFO - Filling up the DagBag from /home/airflow/.local/lib/python3.6/site-packages/airflow/example_dags/tutorial.py
[2022-07-10 08:37:19,582] {scheduler_job.py:639} INFO - DAG(s) dict_keys(['tutorial']) retrieved from /home/airflow/.local/lib/python3.6/site-packages/airflow/example_dags/tutorial.py
[2022-07-10 08:37:19,599] {logging_mixin.py:104} INFO - [2022-07-10 08:37:19,599] {dag.py:1824} INFO - Sync 1 DAGs
[2022-07-10 08:37:19,609] {logging_mixin.py:104} INFO - [2022-07-10 08:37:19,609] {dag.py:2280} INFO - Setting next_dagrun for tutorial to 2022-07-08 00:00:00+00:00
[2022-07-10 08:37:19,615] {scheduler_job.py:190} INFO - Processing /home/airflow/.local/lib/python3.6/site-packages/airflow/example_dags/tutorial.py took 0.041 seconds
[2022-07-10 08:37:50,536] {scheduler_job.py:182} INFO - Started process (PID=319) to work on /home/airflow/.local/lib/python3.6/site-packages/airflow/example_dags/tutorial.py
[2022-07-10 08:37:50,537] {scheduler_job.py:629} INFO - Processing file /home/airflow/.local/lib/python3.6/site-packages/airflow/example_dags/tutorial.py for tasks to queue
[2022-07-10 08:37:50,537] {logging_mixin.py:104} INFO - [2022-07-10 08:37:50,537] {dagbag.py:451} INFO - Filling up the DagBag from /home/airflow/.local/lib/python3.6/site-packages/airflow/example_dags/tutorial.py
[2022-07-10 08:37:50,545] {scheduler_job.py:639} INFO - DAG(s) dict_keys(['tutorial']) retrieved from /home/airflow/.local/lib/python3.6/site-packages/airflow/example_dags/tutorial.py
[2022-07-10 08:37:50,557] {logging_mixin.py:104} INFO - [2022-07-10 08:37:50,557] {dag.py:1824} INFO - Sync 1 DAGs
[2022-07-10 08:37:50,566] {logging_mixin.py:104} INFO - [2022-07-10 08:37:50,566] {dag.py:2280} INFO - Setting next_dagrun for tutorial to 2022-07-08 00:00:00+00:00
[2022-07-10 08:37:50,572] {scheduler_job.py:190} INFO - Processing /home/airflow/.local/lib/python3.6/site-packages/airflow/example_dags/tutorial.py took 0.038 seconds
[2022-07-10 08:38:21,386] {scheduler_job.py:182} INFO - Started process (PID=345) to work on /home/airflow/.local/lib/python3.6/site-packages/airflow/example_dags/tutorial.py
[2022-07-10 08:38:21,386] {scheduler_job.py:629} INFO - Processing file /home/airflow/.local/lib/python3.6/site-packages/airflow/example_dags/tutorial.py for tasks to queue
[2022-07-10 08:38:21,387] {logging_mixin.py:104} INFO - [2022-07-10 08:38:21,387] {dagbag.py:451} INFO - Filling up the DagBag from /home/airflow/.local/lib/python3.6/site-packages/airflow/example_dags/tutorial.py
[2022-07-10 08:38:21,396] {scheduler_job.py:639} INFO - DAG(s) dict_keys(['tutorial']) retrieved from /home/airflow/.local/lib/python3.6/site-packages/airflow/example_dags/tutorial.py
[2022-07-10 08:38:21,409] {logging_mixin.py:104} INFO - [2022-07-10 08:38:21,409] {dag.py:1824} INFO - Sync 1 DAGs
[2022-07-10 08:38:21,420] {logging_mixin.py:104} INFO - [2022-07-10 08:38:21,419] {dag.py:2280} INFO - Setting next_dagrun for tutorial to 2022-07-08 00:00:00+00:00
[2022-07-10 08:38:21,427] {scheduler_job.py:190} INFO - Processing /home/airflow/.local/lib/python3.6/site-packages/airflow/example_dags/tutorial.py took 0.043 seconds
[2022-07-10 08:38:52,340] {scheduler_job.py:182} INFO - Started process (PID=371) to work on /home/airflow/.local/lib/python3.6/site-packages/airflow/example_dags/tutorial.py
[2022-07-10 08:38:52,341] {scheduler_job.py:629} INFO - Processing file /home/airflow/.local/lib/python3.6/site-packages/airflow/example_dags/tutorial.py for tasks to queue
[2022-07-10 08:38:52,342] {logging_mixin.py:104} INFO - [2022-07-10 08:38:52,342] {dagbag.py:451} INFO - Filling up the DagBag from /home/airflow/.local/lib/python3.6/site-packages/airflow/example_dags/tutorial.py
[2022-07-10 08:38:52,349] {scheduler_job.py:639} INFO - DAG(s) dict_keys(['tutorial']) retrieved from /home/airflow/.local/lib/python3.6/site-packages/airflow/example_dags/tutorial.py
[2022-07-10 08:38:52,361] {logging_mixin.py:104} INFO - [2022-07-10 08:38:52,361] {dag.py:1824} INFO - Sync 1 DAGs
[2022-07-10 08:38:52,370] {logging_mixin.py:104} INFO - [2022-07-10 08:38:52,370] {dag.py:2280} INFO - Setting next_dagrun for tutorial to 2022-07-08 00:00:00+00:00
[2022-07-10 08:38:52,377] {scheduler_job.py:190} INFO - Processing /home/airflow/.local/lib/python3.6/site-packages/airflow/example_dags/tutorial.py took 0.038 seconds
[2022-07-10 08:39:23,201] {scheduler_job.py:182} INFO - Started process (PID=397) to work on /home/airflow/.local/lib/python3.6/site-packages/airflow/example_dags/tutorial.py
[2022-07-10 08:39:23,202] {scheduler_job.py:629} INFO - Processing file /home/airflow/.local/lib/python3.6/site-packages/airflow/example_dags/tutorial.py for tasks to queue
[2022-07-10 08:39:23,202] {logging_mixin.py:104} INFO - [2022-07-10 08:39:23,202] {dagbag.py:451} INFO - Filling up the DagBag from /home/airflow/.local/lib/python3.6/site-packages/airflow/example_dags/tutorial.py
[2022-07-10 08:39:23,210] {scheduler_job.py:639} INFO - DAG(s) dict_keys(['tutorial']) retrieved from /home/airflow/.local/lib/python3.6/site-packages/airflow/example_dags/tutorial.py
[2022-07-10 08:39:23,222] {logging_mixin.py:104} INFO - [2022-07-10 08:39:23,222] {dag.py:1824} INFO - Sync 1 DAGs
[2022-07-10 08:39:23,230] {logging_mixin.py:104} INFO - [2022-07-10 08:39:23,230] {dag.py:2280} INFO - Setting next_dagrun for tutorial to 2022-07-08 00:00:00+00:00
[2022-07-10 08:39:23,237] {scheduler_job.py:190} INFO - Processing /home/airflow/.local/lib/python3.6/site-packages/airflow/example_dags/tutorial.py took 0.037 seconds
[2022-07-10 08:39:54,010] {scheduler_job.py:182} INFO - Started process (PID=423) to work on /home/airflow/.local/lib/python3.6/site-packages/airflow/example_dags/tutorial.py
[2022-07-10 08:39:54,013] {scheduler_job.py:629} INFO - Processing file /home/airflow/.local/lib/python3.6/site-packages/airflow/example_dags/tutorial.py for tasks to queue
[2022-07-10 08:39:54,014] {logging_mixin.py:104} INFO - [2022-07-10 08:39:54,014] {dagbag.py:451} INFO - Filling up the DagBag from /home/airflow/.local/lib/python3.6/site-packages/airflow/example_dags/tutorial.py
[2022-07-10 08:39:54,019] {scheduler_job.py:639} INFO - DAG(s) dict_keys(['tutorial']) retrieved from /home/airflow/.local/lib/python3.6/site-packages/airflow/example_dags/tutorial.py
[2022-07-10 08:39:54,031] {logging_mixin.py:104} INFO - [2022-07-10 08:39:54,031] {dag.py:1824} INFO - Sync 1 DAGs
[2022-07-10 08:39:54,039] {logging_mixin.py:104} INFO - [2022-07-10 08:39:54,039] {dag.py:2280} INFO - Setting next_dagrun for tutorial to 2022-07-08 00:00:00+00:00
[2022-07-10 08:39:54,046] {scheduler_job.py:190} INFO - Processing /home/airflow/.local/lib/python3.6/site-packages/airflow/example_dags/tutorial.py took 0.038 seconds
[2022-07-10 08:40:24,876] {scheduler_job.py:182} INFO - Started process (PID=449) to work on /home/airflow/.local/lib/python3.6/site-packages/airflow/example_dags/tutorial.py
[2022-07-10 08:40:24,877] {scheduler_job.py:629} INFO - Processing file /home/airflow/.local/lib/python3.6/site-packages/airflow/example_dags/tutorial.py for tasks to queue
[2022-07-10 08:40:24,877] {logging_mixin.py:104} INFO - [2022-07-10 08:40:24,877] {dagbag.py:451} INFO - Filling up the DagBag from /home/airflow/.local/lib/python3.6/site-packages/airflow/example_dags/tutorial.py
[2022-07-10 08:40:24,882] {scheduler_job.py:639} INFO - DAG(s) dict_keys(['tutorial']) retrieved from /home/airflow/.local/lib/python3.6/site-packages/airflow/example_dags/tutorial.py
[2022-07-10 08:40:24,894] {logging_mixin.py:104} INFO - [2022-07-10 08:40:24,894] {dag.py:1824} INFO - Sync 1 DAGs
[2022-07-10 08:40:24,903] {logging_mixin.py:104} INFO - [2022-07-10 08:40:24,903] {dag.py:2280} INFO - Setting next_dagrun for tutorial to 2022-07-08 00:00:00+00:00
[2022-07-10 08:40:24,909] {scheduler_job.py:190} INFO - Processing /home/airflow/.local/lib/python3.6/site-packages/airflow/example_dags/tutorial.py took 0.035 seconds
[2022-07-10 08:40:55,653] {scheduler_job.py:182} INFO - Started process (PID=475) to work on /home/airflow/.local/lib/python3.6/site-packages/airflow/example_dags/tutorial.py
[2022-07-10 08:40:55,654] {scheduler_job.py:629} INFO - Processing file /home/airflow/.local/lib/python3.6/site-packages/airflow/example_dags/tutorial.py for tasks to queue
[2022-07-10 08:40:55,654] {logging_mixin.py:104} INFO - [2022-07-10 08:40:55,654] {dagbag.py:451} INFO - Filling up the DagBag from /home/airflow/.local/lib/python3.6/site-packages/airflow/example_dags/tutorial.py
[2022-07-10 08:40:55,660] {scheduler_job.py:639} INFO - DAG(s) dict_keys(['tutorial']) retrieved from /home/airflow/.local/lib/python3.6/site-packages/airflow/example_dags/tutorial.py
[2022-07-10 08:40:55,672] {logging_mixin.py:104} INFO - [2022-07-10 08:40:55,672] {dag.py:1824} INFO - Sync 1 DAGs
[2022-07-10 08:40:55,681] {logging_mixin.py:104} INFO - [2022-07-10 08:40:55,681] {dag.py:2280} INFO - Setting next_dagrun for tutorial to 2022-07-08 00:00:00+00:00
[2022-07-10 08:40:55,687] {scheduler_job.py:190} INFO - Processing /home/airflow/.local/lib/python3.6/site-packages/airflow/example_dags/tutorial.py took 0.035 seconds
[2022-07-10 08:41:26,443] {scheduler_job.py:182} INFO - Started process (PID=501) to work on /home/airflow/.local/lib/python3.6/site-packages/airflow/example_dags/tutorial.py
[2022-07-10 08:41:26,444] {scheduler_job.py:629} INFO - Processing file /home/airflow/.local/lib/python3.6/site-packages/airflow/example_dags/tutorial.py for tasks to queue
[2022-07-10 08:41:26,445] {logging_mixin.py:104} INFO - [2022-07-10 08:41:26,445] {dagbag.py:451} INFO - Filling up the DagBag from /home/airflow/.local/lib/python3.6/site-packages/airflow/example_dags/tutorial.py
[2022-07-10 08:41:26,450] {scheduler_job.py:639} INFO - DAG(s) dict_keys(['tutorial']) retrieved from /home/airflow/.local/lib/python3.6/site-packages/airflow/example_dags/tutorial.py
[2022-07-10 08:41:26,462] {logging_mixin.py:104} INFO - [2022-07-10 08:41:26,462] {dag.py:1824} INFO - Sync 1 DAGs
[2022-07-10 08:41:26,471] {logging_mixin.py:104} INFO - [2022-07-10 08:41:26,471] {dag.py:2280} INFO - Setting next_dagrun for tutorial to 2022-07-08 00:00:00+00:00
[2022-07-10 08:41:26,476] {scheduler_job.py:190} INFO - Processing /home/airflow/.local/lib/python3.6/site-packages/airflow/example_dags/tutorial.py took 0.034 seconds
[2022-07-10 08:41:57,300] {scheduler_job.py:182} INFO - Started process (PID=527) to work on /home/airflow/.local/lib/python3.6/site-packages/airflow/example_dags/tutorial.py
[2022-07-10 08:41:57,301] {scheduler_job.py:629} INFO - Processing file /home/airflow/.local/lib/python3.6/site-packages/airflow/example_dags/tutorial.py for tasks to queue
[2022-07-10 08:41:57,302] {logging_mixin.py:104} INFO - [2022-07-10 08:41:57,301] {dagbag.py:451} INFO - Filling up the DagBag from /home/airflow/.local/lib/python3.6/site-packages/airflow/example_dags/tutorial.py
[2022-07-10 08:41:57,307] {scheduler_job.py:639} INFO - DAG(s) dict_keys(['tutorial']) retrieved from /home/airflow/.local/lib/python3.6/site-packages/airflow/example_dags/tutorial.py
[2022-07-10 08:41:57,319] {logging_mixin.py:104} INFO - [2022-07-10 08:41:57,319] {dag.py:1824} INFO - Sync 1 DAGs
[2022-07-10 08:41:57,327] {logging_mixin.py:104} INFO - [2022-07-10 08:41:57,327] {dag.py:2280} INFO - Setting next_dagrun for tutorial to 2022-07-08 00:00:00+00:00
[2022-07-10 08:41:57,333] {scheduler_job.py:190} INFO - Processing /home/airflow/.local/lib/python3.6/site-packages/airflow/example_dags/tutorial.py took 0.035 seconds
[2022-07-10 08:42:28,157] {scheduler_job.py:182} INFO - Started process (PID=553) to work on /home/airflow/.local/lib/python3.6/site-packages/airflow/example_dags/tutorial.py
[2022-07-10 08:42:28,157] {scheduler_job.py:629} INFO - Processing file /home/airflow/.local/lib/python3.6/site-packages/airflow/example_dags/tutorial.py for tasks to queue
[2022-07-10 08:42:28,158] {logging_mixin.py:104} INFO - [2022-07-10 08:42:28,158] {dagbag.py:451} INFO - Filling up the DagBag from /home/airflow/.local/lib/python3.6/site-packages/airflow/example_dags/tutorial.py
[2022-07-10 08:42:28,163] {scheduler_job.py:639} INFO - DAG(s) dict_keys(['tutorial']) retrieved from /home/airflow/.local/lib/python3.6/site-packages/airflow/example_dags/tutorial.py
[2022-07-10 08:42:28,175] {logging_mixin.py:104} INFO - [2022-07-10 08:42:28,175] {dag.py:1824} INFO - Sync 1 DAGs
[2022-07-10 08:42:28,185] {logging_mixin.py:104} INFO - [2022-07-10 08:42:28,185] {dag.py:2280} INFO - Setting next_dagrun for tutorial to 2022-07-08 00:00:00+00:00
[2022-07-10 08:42:28,191] {scheduler_job.py:190} INFO - Processing /home/airflow/.local/lib/python3.6/site-packages/airflow/example_dags/tutorial.py took 0.036 seconds
[2022-07-10 08:42:58,902] {scheduler_job.py:182} INFO - Started process (PID=579) to work on /home/airflow/.local/lib/python3.6/site-packages/airflow/example_dags/tutorial.py
[2022-07-10 08:42:58,903] {scheduler_job.py:629} INFO - Processing file /home/airflow/.local/lib/python3.6/site-packages/airflow/example_dags/tutorial.py for tasks to queue
[2022-07-10 08:42:58,903] {logging_mixin.py:104} INFO - [2022-07-10 08:42:58,903] {dagbag.py:451} INFO - Filling up the DagBag from /home/airflow/.local/lib/python3.6/site-packages/airflow/example_dags/tutorial.py
[2022-07-10 08:42:58,909] {scheduler_job.py:639} INFO - DAG(s) dict_keys(['tutorial']) retrieved from /home/airflow/.local/lib/python3.6/site-packages/airflow/example_dags/tutorial.py
[2022-07-10 08:42:58,921] {logging_mixin.py:104} INFO - [2022-07-10 08:42:58,921] {dag.py:1824} INFO - Sync 1 DAGs
[2022-07-10 08:42:58,930] {logging_mixin.py:104} INFO - [2022-07-10 08:42:58,930] {dag.py:2280} INFO - Setting next_dagrun for tutorial to 2022-07-08 00:00:00+00:00
[2022-07-10 08:42:58,935] {scheduler_job.py:190} INFO - Processing /home/airflow/.local/lib/python3.6/site-packages/airflow/example_dags/tutorial.py took 0.035 seconds
[2022-07-10 08:43:29,716] {scheduler_job.py:182} INFO - Started process (PID=605) to work on /home/airflow/.local/lib/python3.6/site-packages/airflow/example_dags/tutorial.py
[2022-07-10 08:43:29,717] {scheduler_job.py:629} INFO - Processing file /home/airflow/.local/lib/python3.6/site-packages/airflow/example_dags/tutorial.py for tasks to queue
[2022-07-10 08:43:29,717] {logging_mixin.py:104} INFO - [2022-07-10 08:43:29,717] {dagbag.py:451} INFO - Filling up the DagBag from /home/airflow/.local/lib/python3.6/site-packages/airflow/example_dags/tutorial.py
[2022-07-10 08:43:29,723] {scheduler_job.py:639} INFO - DAG(s) dict_keys(['tutorial']) retrieved from /home/airflow/.local/lib/python3.6/site-packages/airflow/example_dags/tutorial.py
[2022-07-10 08:43:29,735] {logging_mixin.py:104} INFO - [2022-07-10 08:43:29,735] {dag.py:1824} INFO - Sync 1 DAGs
[2022-07-10 08:43:29,745] {logging_mixin.py:104} INFO - [2022-07-10 08:43:29,745] {dag.py:2280} INFO - Setting next_dagrun for tutorial to 2022-07-08 00:00:00+00:00
[2022-07-10 08:43:29,751] {scheduler_job.py:190} INFO - Processing /home/airflow/.local/lib/python3.6/site-packages/airflow/example_dags/tutorial.py took 0.036 seconds
[2022-07-10 08:44:00,510] {scheduler_job.py:182} INFO - Started process (PID=631) to work on /home/airflow/.local/lib/python3.6/site-packages/airflow/example_dags/tutorial.py
[2022-07-10 08:44:00,511] {scheduler_job.py:629} INFO - Processing file /home/airflow/.local/lib/python3.6/site-packages/airflow/example_dags/tutorial.py for tasks to queue
[2022-07-10 08:44:00,511] {logging_mixin.py:104} INFO - [2022-07-10 08:44:00,511] {dagbag.py:451} INFO - Filling up the DagBag from /home/airflow/.local/lib/python3.6/site-packages/airflow/example_dags/tutorial.py
[2022-07-10 08:44:00,517] {scheduler_job.py:639} INFO - DAG(s) dict_keys(['tutorial']) retrieved from /home/airflow/.local/lib/python3.6/site-packages/airflow/example_dags/tutorial.py
[2022-07-10 08:44:00,530] {logging_mixin.py:104} INFO - [2022-07-10 08:44:00,530] {dag.py:1824} INFO - Sync 1 DAGs
[2022-07-10 08:44:00,542] {logging_mixin.py:104} INFO - [2022-07-10 08:44:00,542] {dag.py:2280} INFO - Setting next_dagrun for tutorial to 2022-07-08 00:00:00+00:00
[2022-07-10 08:44:00,548] {scheduler_job.py:190} INFO - Processing /home/airflow/.local/lib/python3.6/site-packages/airflow/example_dags/tutorial.py took 0.040 seconds
[2022-07-10 08:44:31,338] {scheduler_job.py:182} INFO - Started process (PID=657) to work on /home/airflow/.local/lib/python3.6/site-packages/airflow/example_dags/tutorial.py
[2022-07-10 08:44:31,339] {scheduler_job.py:629} INFO - Processing file /home/airflow/.local/lib/python3.6/site-packages/airflow/example_dags/tutorial.py for tasks to queue
[2022-07-10 08:44:31,340] {logging_mixin.py:104} INFO - [2022-07-10 08:44:31,339] {dagbag.py:451} INFO - Filling up the DagBag from /home/airflow/.local/lib/python3.6/site-packages/airflow/example_dags/tutorial.py
[2022-07-10 08:44:31,345] {scheduler_job.py:639} INFO - DAG(s) dict_keys(['tutorial']) retrieved from /home/airflow/.local/lib/python3.6/site-packages/airflow/example_dags/tutorial.py
[2022-07-10 08:44:31,357] {logging_mixin.py:104} INFO - [2022-07-10 08:44:31,357] {dag.py:1824} INFO - Sync 1 DAGs
[2022-07-10 08:44:31,365] {logging_mixin.py:104} INFO - [2022-07-10 08:44:31,365] {dag.py:2280} INFO - Setting next_dagrun for tutorial to 2022-07-08 00:00:00+00:00
[2022-07-10 08:44:31,371] {scheduler_job.py:190} INFO - Processing /home/airflow/.local/lib/python3.6/site-packages/airflow/example_dags/tutorial.py took 0.034 seconds
[2022-07-10 08:45:02,101] {scheduler_job.py:182} INFO - Started process (PID=683) to work on /home/airflow/.local/lib/python3.6/site-packages/airflow/example_dags/tutorial.py
[2022-07-10 08:45:02,102] {scheduler_job.py:629} INFO - Processing file /home/airflow/.local/lib/python3.6/site-packages/airflow/example_dags/tutorial.py for tasks to queue
[2022-07-10 08:45:02,103] {logging_mixin.py:104} INFO - [2022-07-10 08:45:02,103] {dagbag.py:451} INFO - Filling up the DagBag from /home/airflow/.local/lib/python3.6/site-packages/airflow/example_dags/tutorial.py
[2022-07-10 08:45:02,108] {scheduler_job.py:639} INFO - DAG(s) dict_keys(['tutorial']) retrieved from /home/airflow/.local/lib/python3.6/site-packages/airflow/example_dags/tutorial.py
[2022-07-10 08:45:02,120] {logging_mixin.py:104} INFO - [2022-07-10 08:45:02,120] {dag.py:1824} INFO - Sync 1 DAGs
[2022-07-10 08:45:02,130] {logging_mixin.py:104} INFO - [2022-07-10 08:45:02,130] {dag.py:2280} INFO - Setting next_dagrun for tutorial to 2022-07-08 00:00:00+00:00
[2022-07-10 08:45:02,136] {scheduler_job.py:190} INFO - Processing /home/airflow/.local/lib/python3.6/site-packages/airflow/example_dags/tutorial.py took 0.037 seconds
[2022-07-10 08:45:32,853] {scheduler_job.py:182} INFO - Started process (PID=709) to work on /home/airflow/.local/lib/python3.6/site-packages/airflow/example_dags/tutorial.py
[2022-07-10 08:45:32,853] {scheduler_job.py:629} INFO - Processing file /home/airflow/.local/lib/python3.6/site-packages/airflow/example_dags/tutorial.py for tasks to queue
[2022-07-10 08:45:32,854] {logging_mixin.py:104} INFO - [2022-07-10 08:45:32,854] {dagbag.py:451} INFO - Filling up the DagBag from /home/airflow/.local/lib/python3.6/site-packages/airflow/example_dags/tutorial.py
[2022-07-10 08:45:32,859] {scheduler_job.py:639} INFO - DAG(s) dict_keys(['tutorial']) retrieved from /home/airflow/.local/lib/python3.6/site-packages/airflow/example_dags/tutorial.py
[2022-07-10 08:45:32,872] {logging_mixin.py:104} INFO - [2022-07-10 08:45:32,872] {dag.py:1824} INFO - Sync 1 DAGs
[2022-07-10 08:45:32,880] {logging_mixin.py:104} INFO - [2022-07-10 08:45:32,880] {dag.py:2280} INFO - Setting next_dagrun for tutorial to 2022-07-08 00:00:00+00:00
[2022-07-10 08:45:32,886] {scheduler_job.py:190} INFO - Processing /home/airflow/.local/lib/python3.6/site-packages/airflow/example_dags/tutorial.py took 0.035 seconds
[2022-07-10 08:46:03,751] {scheduler_job.py:182} INFO - Started process (PID=735) to work on /home/airflow/.local/lib/python3.6/site-packages/airflow/example_dags/tutorial.py
[2022-07-10 08:46:03,752] {scheduler_job.py:629} INFO - Processing file /home/airflow/.local/lib/python3.6/site-packages/airflow/example_dags/tutorial.py for tasks to queue
[2022-07-10 08:46:03,753] {logging_mixin.py:104} INFO - [2022-07-10 08:46:03,753] {dagbag.py:451} INFO - Filling up the DagBag from /home/airflow/.local/lib/python3.6/site-packages/airflow/example_dags/tutorial.py
[2022-07-10 08:46:03,758] {scheduler_job.py:639} INFO - DAG(s) dict_keys(['tutorial']) retrieved from /home/airflow/.local/lib/python3.6/site-packages/airflow/example_dags/tutorial.py
[2022-07-10 08:46:03,770] {logging_mixin.py:104} INFO - [2022-07-10 08:46:03,770] {dag.py:1824} INFO - Sync 1 DAGs
[2022-07-10 08:46:03,781] {logging_mixin.py:104} INFO - [2022-07-10 08:46:03,781] {dag.py:2280} INFO - Setting next_dagrun for tutorial to 2022-07-08 00:00:00+00:00
[2022-07-10 08:46:03,787] {scheduler_job.py:190} INFO - Processing /home/airflow/.local/lib/python3.6/site-packages/airflow/example_dags/tutorial.py took 0.037 seconds
[2022-07-10 08:46:34,571] {scheduler_job.py:182} INFO - Started process (PID=761) to work on /home/airflow/.local/lib/python3.6/site-packages/airflow/example_dags/tutorial.py
[2022-07-10 08:46:34,572] {scheduler_job.py:629} INFO - Processing file /home/airflow/.local/lib/python3.6/site-packages/airflow/example_dags/tutorial.py for tasks to queue
[2022-07-10 08:46:34,572] {logging_mixin.py:104} INFO - [2022-07-10 08:46:34,572] {dagbag.py:451} INFO - Filling up the DagBag from /home/airflow/.local/lib/python3.6/site-packages/airflow/example_dags/tutorial.py
[2022-07-10 08:46:34,578] {scheduler_job.py:639} INFO - DAG(s) dict_keys(['tutorial']) retrieved from /home/airflow/.local/lib/python3.6/site-packages/airflow/example_dags/tutorial.py
[2022-07-10 08:46:34,590] {logging_mixin.py:104} INFO - [2022-07-10 08:46:34,590] {dag.py:1824} INFO - Sync 1 DAGs
[2022-07-10 08:46:34,599] {logging_mixin.py:104} INFO - [2022-07-10 08:46:34,599] {dag.py:2280} INFO - Setting next_dagrun for tutorial to 2022-07-08 00:00:00+00:00
[2022-07-10 08:46:34,605] {scheduler_job.py:190} INFO - Processing /home/airflow/.local/lib/python3.6/site-packages/airflow/example_dags/tutorial.py took 0.036 seconds
[2022-07-10 08:47:05,562] {scheduler_job.py:182} INFO - Started process (PID=787) to work on /home/airflow/.local/lib/python3.6/site-packages/airflow/example_dags/tutorial.py
[2022-07-10 08:47:05,563] {scheduler_job.py:629} INFO - Processing file /home/airflow/.local/lib/python3.6/site-packages/airflow/example_dags/tutorial.py for tasks to queue
[2022-07-10 08:47:05,563] {logging_mixin.py:104} INFO - [2022-07-10 08:47:05,563] {dagbag.py:451} INFO - Filling up the DagBag from /home/airflow/.local/lib/python3.6/site-packages/airflow/example_dags/tutorial.py
[2022-07-10 08:47:05,570] {scheduler_job.py:639} INFO - DAG(s) dict_keys(['tutorial']) retrieved from /home/airflow/.local/lib/python3.6/site-packages/airflow/example_dags/tutorial.py
[2022-07-10 08:47:05,583] {logging_mixin.py:104} INFO - [2022-07-10 08:47:05,583] {dag.py:1824} INFO - Sync 1 DAGs
[2022-07-10 08:47:05,592] {logging_mixin.py:104} INFO - [2022-07-10 08:47:05,592] {dag.py:2280} INFO - Setting next_dagrun for tutorial to 2022-07-08 00:00:00+00:00
[2022-07-10 08:47:05,598] {scheduler_job.py:190} INFO - Processing /home/airflow/.local/lib/python3.6/site-packages/airflow/example_dags/tutorial.py took 0.038 seconds
[2022-07-10 08:47:36,376] {scheduler_job.py:182} INFO - Started process (PID=813) to work on /home/airflow/.local/lib/python3.6/site-packages/airflow/example_dags/tutorial.py
[2022-07-10 08:47:36,377] {scheduler_job.py:629} INFO - Processing file /home/airflow/.local/lib/python3.6/site-packages/airflow/example_dags/tutorial.py for tasks to queue
[2022-07-10 08:47:36,378] {logging_mixin.py:104} INFO - [2022-07-10 08:47:36,378] {dagbag.py:451} INFO - Filling up the DagBag from /home/airflow/.local/lib/python3.6/site-packages/airflow/example_dags/tutorial.py
[2022-07-10 08:47:36,383] {scheduler_job.py:639} INFO - DAG(s) dict_keys(['tutorial']) retrieved from /home/airflow/.local/lib/python3.6/site-packages/airflow/example_dags/tutorial.py
[2022-07-10 08:47:36,395] {logging_mixin.py:104} INFO - [2022-07-10 08:47:36,395] {dag.py:1824} INFO - Sync 1 DAGs
[2022-07-10 08:47:36,404] {logging_mixin.py:104} INFO - [2022-07-10 08:47:36,404] {dag.py:2280} INFO - Setting next_dagrun for tutorial to 2022-07-08 00:00:00+00:00
[2022-07-10 08:47:36,409] {scheduler_job.py:190} INFO - Processing /home/airflow/.local/lib/python3.6/site-packages/airflow/example_dags/tutorial.py took 0.035 seconds
[2022-07-10 08:48:07,177] {scheduler_job.py:182} INFO - Started process (PID=839) to work on /home/airflow/.local/lib/python3.6/site-packages/airflow/example_dags/tutorial.py
[2022-07-10 08:48:07,178] {scheduler_job.py:629} INFO - Processing file /home/airflow/.local/lib/python3.6/site-packages/airflow/example_dags/tutorial.py for tasks to queue
[2022-07-10 08:48:07,179] {logging_mixin.py:104} INFO - [2022-07-10 08:48:07,179] {dagbag.py:451} INFO - Filling up the DagBag from /home/airflow/.local/lib/python3.6/site-packages/airflow/example_dags/tutorial.py
[2022-07-10 08:48:07,185] {scheduler_job.py:639} INFO - DAG(s) dict_keys(['tutorial']) retrieved from /home/airflow/.local/lib/python3.6/site-packages/airflow/example_dags/tutorial.py
[2022-07-10 08:48:07,197] {logging_mixin.py:104} INFO - [2022-07-10 08:48:07,197] {dag.py:1824} INFO - Sync 1 DAGs
[2022-07-10 08:48:07,206] {logging_mixin.py:104} INFO - [2022-07-10 08:48:07,206] {dag.py:2280} INFO - Setting next_dagrun for tutorial to 2022-07-08 00:00:00+00:00
[2022-07-10 08:48:07,212] {scheduler_job.py:190} INFO - Processing /home/airflow/.local/lib/python3.6/site-packages/airflow/example_dags/tutorial.py took 0.036 seconds
[2022-07-10 08:48:38,050] {scheduler_job.py:182} INFO - Started process (PID=865) to work on /home/airflow/.local/lib/python3.6/site-packages/airflow/example_dags/tutorial.py
[2022-07-10 08:48:38,050] {scheduler_job.py:629} INFO - Processing file /home/airflow/.local/lib/python3.6/site-packages/airflow/example_dags/tutorial.py for tasks to queue
[2022-07-10 08:48:38,051] {logging_mixin.py:104} INFO - [2022-07-10 08:48:38,051] {dagbag.py:451} INFO - Filling up the DagBag from /home/airflow/.local/lib/python3.6/site-packages/airflow/example_dags/tutorial.py
[2022-07-10 08:48:38,057] {scheduler_job.py:639} INFO - DAG(s) dict_keys(['tutorial']) retrieved from /home/airflow/.local/lib/python3.6/site-packages/airflow/example_dags/tutorial.py
[2022-07-10 08:48:38,069] {logging_mixin.py:104} INFO - [2022-07-10 08:48:38,069] {dag.py:1824} INFO - Sync 1 DAGs
[2022-07-10 08:48:38,078] {logging_mixin.py:104} INFO - [2022-07-10 08:48:38,078] {dag.py:2280} INFO - Setting next_dagrun for tutorial to 2022-07-08 00:00:00+00:00
[2022-07-10 08:48:38,084] {scheduler_job.py:190} INFO - Processing /home/airflow/.local/lib/python3.6/site-packages/airflow/example_dags/tutorial.py took 0.036 seconds
[2022-07-10 08:49:08,919] {scheduler_job.py:182} INFO - Started process (PID=891) to work on /home/airflow/.local/lib/python3.6/site-packages/airflow/example_dags/tutorial.py
[2022-07-10 08:49:08,920] {scheduler_job.py:629} INFO - Processing file /home/airflow/.local/lib/python3.6/site-packages/airflow/example_dags/tutorial.py for tasks to queue
[2022-07-10 08:49:08,920] {logging_mixin.py:104} INFO - [2022-07-10 08:49:08,920] {dagbag.py:451} INFO - Filling up the DagBag from /home/airflow/.local/lib/python3.6/site-packages/airflow/example_dags/tutorial.py
[2022-07-10 08:49:08,926] {scheduler_job.py:639} INFO - DAG(s) dict_keys(['tutorial']) retrieved from /home/airflow/.local/lib/python3.6/site-packages/airflow/example_dags/tutorial.py
[2022-07-10 08:49:08,938] {logging_mixin.py:104} INFO - [2022-07-10 08:49:08,938] {dag.py:1824} INFO - Sync 1 DAGs
[2022-07-10 08:49:08,947] {logging_mixin.py:104} INFO - [2022-07-10 08:49:08,947] {dag.py:2280} INFO - Setting next_dagrun for tutorial to 2022-07-08 00:00:00+00:00
[2022-07-10 08:49:08,953] {scheduler_job.py:190} INFO - Processing /home/airflow/.local/lib/python3.6/site-packages/airflow/example_dags/tutorial.py took 0.036 seconds
[2022-07-10 08:49:39,681] {scheduler_job.py:182} INFO - Started process (PID=917) to work on /home/airflow/.local/lib/python3.6/site-packages/airflow/example_dags/tutorial.py
[2022-07-10 08:49:39,682] {scheduler_job.py:629} INFO - Processing file /home/airflow/.local/lib/python3.6/site-packages/airflow/example_dags/tutorial.py for tasks to queue
[2022-07-10 08:49:39,682] {logging_mixin.py:104} INFO - [2022-07-10 08:49:39,682] {dagbag.py:451} INFO - Filling up the DagBag from /home/airflow/.local/lib/python3.6/site-packages/airflow/example_dags/tutorial.py
[2022-07-10 08:49:39,688] {scheduler_job.py:639} INFO - DAG(s) dict_keys(['tutorial']) retrieved from /home/airflow/.local/lib/python3.6/site-packages/airflow/example_dags/tutorial.py
[2022-07-10 08:49:39,699] {logging_mixin.py:104} INFO - [2022-07-10 08:49:39,699] {dag.py:1824} INFO - Sync 1 DAGs
[2022-07-10 08:49:39,709] {logging_mixin.py:104} INFO - [2022-07-10 08:49:39,709] {dag.py:2280} INFO - Setting next_dagrun for tutorial to 2022-07-08 00:00:00+00:00
[2022-07-10 08:49:39,715] {scheduler_job.py:190} INFO - Processing /home/airflow/.local/lib/python3.6/site-packages/airflow/example_dags/tutorial.py took 0.036 seconds
[2022-07-10 08:50:10,545] {scheduler_job.py:182} INFO - Started process (PID=943) to work on /home/airflow/.local/lib/python3.6/site-packages/airflow/example_dags/tutorial.py
[2022-07-10 08:50:10,546] {scheduler_job.py:629} INFO - Processing file /home/airflow/.local/lib/python3.6/site-packages/airflow/example_dags/tutorial.py for tasks to queue
[2022-07-10 08:50:10,546] {logging_mixin.py:104} INFO - [2022-07-10 08:50:10,546] {dagbag.py:451} INFO - Filling up the DagBag from /home/airflow/.local/lib/python3.6/site-packages/airflow/example_dags/tutorial.py
[2022-07-10 08:50:10,552] {scheduler_job.py:639} INFO - DAG(s) dict_keys(['tutorial']) retrieved from /home/airflow/.local/lib/python3.6/site-packages/airflow/example_dags/tutorial.py
[2022-07-10 08:50:10,566] {logging_mixin.py:104} INFO - [2022-07-10 08:50:10,566] {dag.py:1824} INFO - Sync 1 DAGs
[2022-07-10 08:50:10,575] {logging_mixin.py:104} INFO - [2022-07-10 08:50:10,574] {dag.py:2280} INFO - Setting next_dagrun for tutorial to 2022-07-08 00:00:00+00:00
[2022-07-10 08:50:10,581] {scheduler_job.py:190} INFO - Processing /home/airflow/.local/lib/python3.6/site-packages/airflow/example_dags/tutorial.py took 0.038 seconds
[2022-07-10 08:50:41,357] {scheduler_job.py:182} INFO - Started process (PID=969) to work on /home/airflow/.local/lib/python3.6/site-packages/airflow/example_dags/tutorial.py
[2022-07-10 08:50:41,358] {scheduler_job.py:629} INFO - Processing file /home/airflow/.local/lib/python3.6/site-packages/airflow/example_dags/tutorial.py for tasks to queue
[2022-07-10 08:50:41,358] {logging_mixin.py:104} INFO - [2022-07-10 08:50:41,358] {dagbag.py:451} INFO - Filling up the DagBag from /home/airflow/.local/lib/python3.6/site-packages/airflow/example_dags/tutorial.py
[2022-07-10 08:50:41,364] {scheduler_job.py:639} INFO - DAG(s) dict_keys(['tutorial']) retrieved from /home/airflow/.local/lib/python3.6/site-packages/airflow/example_dags/tutorial.py
[2022-07-10 08:50:41,376] {logging_mixin.py:104} INFO - [2022-07-10 08:50:41,376] {dag.py:1824} INFO - Sync 1 DAGs
[2022-07-10 08:50:41,385] {logging_mixin.py:104} INFO - [2022-07-10 08:50:41,385] {dag.py:2280} INFO - Setting next_dagrun for tutorial to 2022-07-08 00:00:00+00:00
[2022-07-10 08:50:41,390] {scheduler_job.py:190} INFO - Processing /home/airflow/.local/lib/python3.6/site-packages/airflow/example_dags/tutorial.py took 0.035 seconds
[2022-07-10 08:51:12,153] {scheduler_job.py:182} INFO - Started process (PID=995) to work on /home/airflow/.local/lib/python3.6/site-packages/airflow/example_dags/tutorial.py
[2022-07-10 08:51:12,154] {scheduler_job.py:629} INFO - Processing file /home/airflow/.local/lib/python3.6/site-packages/airflow/example_dags/tutorial.py for tasks to queue
[2022-07-10 08:51:12,154] {logging_mixin.py:104} INFO - [2022-07-10 08:51:12,154] {dagbag.py:451} INFO - Filling up the DagBag from /home/airflow/.local/lib/python3.6/site-packages/airflow/example_dags/tutorial.py
[2022-07-10 08:51:12,160] {scheduler_job.py:639} INFO - DAG(s) dict_keys(['tutorial']) retrieved from /home/airflow/.local/lib/python3.6/site-packages/airflow/example_dags/tutorial.py
[2022-07-10 08:51:12,173] {logging_mixin.py:104} INFO - [2022-07-10 08:51:12,173] {dag.py:1824} INFO - Sync 1 DAGs
[2022-07-10 08:51:12,182] {logging_mixin.py:104} INFO - [2022-07-10 08:51:12,182] {dag.py:2280} INFO - Setting next_dagrun for tutorial to 2022-07-08 00:00:00+00:00
[2022-07-10 08:51:12,188] {scheduler_job.py:190} INFO - Processing /home/airflow/.local/lib/python3.6/site-packages/airflow/example_dags/tutorial.py took 0.037 seconds
[2022-07-10 08:51:42,961] {scheduler_job.py:182} INFO - Started process (PID=1021) to work on /home/airflow/.local/lib/python3.6/site-packages/airflow/example_dags/tutorial.py
[2022-07-10 08:51:42,962] {scheduler_job.py:629} INFO - Processing file /home/airflow/.local/lib/python3.6/site-packages/airflow/example_dags/tutorial.py for tasks to queue
[2022-07-10 08:51:42,963] {logging_mixin.py:104} INFO - [2022-07-10 08:51:42,963] {dagbag.py:451} INFO - Filling up the DagBag from /home/airflow/.local/lib/python3.6/site-packages/airflow/example_dags/tutorial.py
[2022-07-10 08:51:42,968] {scheduler_job.py:639} INFO - DAG(s) dict_keys(['tutorial']) retrieved from /home/airflow/.local/lib/python3.6/site-packages/airflow/example_dags/tutorial.py
[2022-07-10 08:51:42,979] {logging_mixin.py:104} INFO - [2022-07-10 08:51:42,979] {dag.py:1824} INFO - Sync 1 DAGs
[2022-07-10 08:51:42,988] {logging_mixin.py:104} INFO - [2022-07-10 08:51:42,988] {dag.py:2280} INFO - Setting next_dagrun for tutorial to 2022-07-08 00:00:00+00:00
[2022-07-10 08:51:42,996] {scheduler_job.py:190} INFO - Processing /home/airflow/.local/lib/python3.6/site-packages/airflow/example_dags/tutorial.py took 0.036 seconds
[2022-07-10 08:52:13,803] {scheduler_job.py:182} INFO - Started process (PID=1047) to work on /home/airflow/.local/lib/python3.6/site-packages/airflow/example_dags/tutorial.py
[2022-07-10 08:52:13,804] {scheduler_job.py:629} INFO - Processing file /home/airflow/.local/lib/python3.6/site-packages/airflow/example_dags/tutorial.py for tasks to queue
[2022-07-10 08:52:13,804] {logging_mixin.py:104} INFO - [2022-07-10 08:52:13,804] {dagbag.py:451} INFO - Filling up the DagBag from /home/airflow/.local/lib/python3.6/site-packages/airflow/example_dags/tutorial.py
[2022-07-10 08:52:13,810] {scheduler_job.py:639} INFO - DAG(s) dict_keys(['tutorial']) retrieved from /home/airflow/.local/lib/python3.6/site-packages/airflow/example_dags/tutorial.py
[2022-07-10 08:52:13,821] {logging_mixin.py:104} INFO - [2022-07-10 08:52:13,821] {dag.py:1824} INFO - Sync 1 DAGs
[2022-07-10 08:52:13,831] {logging_mixin.py:104} INFO - [2022-07-10 08:52:13,830] {dag.py:2280} INFO - Setting next_dagrun for tutorial to 2022-07-08 00:00:00+00:00
[2022-07-10 08:52:13,837] {scheduler_job.py:190} INFO - Processing /home/airflow/.local/lib/python3.6/site-packages/airflow/example_dags/tutorial.py took 0.035 seconds
[2022-07-10 08:52:44,671] {scheduler_job.py:182} INFO - Started process (PID=1073) to work on /home/airflow/.local/lib/python3.6/site-packages/airflow/example_dags/tutorial.py
[2022-07-10 08:52:44,672] {scheduler_job.py:629} INFO - Processing file /home/airflow/.local/lib/python3.6/site-packages/airflow/example_dags/tutorial.py for tasks to queue
[2022-07-10 08:52:44,673] {logging_mixin.py:104} INFO - [2022-07-10 08:52:44,673] {dagbag.py:451} INFO - Filling up the DagBag from /home/airflow/.local/lib/python3.6/site-packages/airflow/example_dags/tutorial.py
[2022-07-10 08:52:44,678] {scheduler_job.py:639} INFO - DAG(s) dict_keys(['tutorial']) retrieved from /home/airflow/.local/lib/python3.6/site-packages/airflow/example_dags/tutorial.py
[2022-07-10 08:52:44,691] {logging_mixin.py:104} INFO - [2022-07-10 08:52:44,691] {dag.py:1824} INFO - Sync 1 DAGs
[2022-07-10 08:52:44,700] {logging_mixin.py:104} INFO - [2022-07-10 08:52:44,700] {dag.py:2280} INFO - Setting next_dagrun for tutorial to 2022-07-08 00:00:00+00:00
[2022-07-10 08:52:44,706] {scheduler_job.py:190} INFO - Processing /home/airflow/.local/lib/python3.6/site-packages/airflow/example_dags/tutorial.py took 0.037 seconds
[2022-07-10 08:53:15,538] {scheduler_job.py:182} INFO - Started process (PID=1099) to work on /home/airflow/.local/lib/python3.6/site-packages/airflow/example_dags/tutorial.py
[2022-07-10 08:53:15,539] {scheduler_job.py:629} INFO - Processing file /home/airflow/.local/lib/python3.6/site-packages/airflow/example_dags/tutorial.py for tasks to queue
[2022-07-10 08:53:15,539] {logging_mixin.py:104} INFO - [2022-07-10 08:53:15,539] {dagbag.py:451} INFO - Filling up the DagBag from /home/airflow/.local/lib/python3.6/site-packages/airflow/example_dags/tutorial.py
[2022-07-10 08:53:15,545] {scheduler_job.py:639} INFO - DAG(s) dict_keys(['tutorial']) retrieved from /home/airflow/.local/lib/python3.6/site-packages/airflow/example_dags/tutorial.py
[2022-07-10 08:53:15,558] {logging_mixin.py:104} INFO - [2022-07-10 08:53:15,558] {dag.py:1824} INFO - Sync 1 DAGs
[2022-07-10 08:53:15,568] {logging_mixin.py:104} INFO - [2022-07-10 08:53:15,567] {dag.py:2280} INFO - Setting next_dagrun for tutorial to 2022-07-08 00:00:00+00:00
[2022-07-10 08:53:15,574] {scheduler_job.py:190} INFO - Processing /home/airflow/.local/lib/python3.6/site-packages/airflow/example_dags/tutorial.py took 0.037 seconds
[2022-07-10 08:53:46,422] {scheduler_job.py:182} INFO - Started process (PID=1125) to work on /home/airflow/.local/lib/python3.6/site-packages/airflow/example_dags/tutorial.py
[2022-07-10 08:53:46,422] {scheduler_job.py:629} INFO - Processing file /home/airflow/.local/lib/python3.6/site-packages/airflow/example_dags/tutorial.py for tasks to queue
[2022-07-10 08:53:46,423] {logging_mixin.py:104} INFO - [2022-07-10 08:53:46,423] {dagbag.py:451} INFO - Filling up the DagBag from /home/airflow/.local/lib/python3.6/site-packages/airflow/example_dags/tutorial.py
[2022-07-10 08:53:46,428] {scheduler_job.py:639} INFO - DAG(s) dict_keys(['tutorial']) retrieved from /home/airflow/.local/lib/python3.6/site-packages/airflow/example_dags/tutorial.py
[2022-07-10 08:53:46,441] {logging_mixin.py:104} INFO - [2022-07-10 08:53:46,441] {dag.py:1824} INFO - Sync 1 DAGs
[2022-07-10 08:53:46,450] {logging_mixin.py:104} INFO - [2022-07-10 08:53:46,450] {dag.py:2280} INFO - Setting next_dagrun for tutorial to 2022-07-08 00:00:00+00:00
[2022-07-10 08:53:46,456] {scheduler_job.py:190} INFO - Processing /home/airflow/.local/lib/python3.6/site-packages/airflow/example_dags/tutorial.py took 0.036 seconds
[2022-07-10 08:54:17,335] {scheduler_job.py:182} INFO - Started process (PID=1151) to work on /home/airflow/.local/lib/python3.6/site-packages/airflow/example_dags/tutorial.py
[2022-07-10 08:54:17,335] {scheduler_job.py:629} INFO - Processing file /home/airflow/.local/lib/python3.6/site-packages/airflow/example_dags/tutorial.py for tasks to queue
[2022-07-10 08:54:17,336] {logging_mixin.py:104} INFO - [2022-07-10 08:54:17,336] {dagbag.py:451} INFO - Filling up the DagBag from /home/airflow/.local/lib/python3.6/site-packages/airflow/example_dags/tutorial.py
[2022-07-10 08:54:17,343] {scheduler_job.py:639} INFO - DAG(s) dict_keys(['tutorial']) retrieved from /home/airflow/.local/lib/python3.6/site-packages/airflow/example_dags/tutorial.py
[2022-07-10 08:54:17,356] {logging_mixin.py:104} INFO - [2022-07-10 08:54:17,356] {dag.py:1824} INFO - Sync 1 DAGs
[2022-07-10 08:54:17,365] {logging_mixin.py:104} INFO - [2022-07-10 08:54:17,365] {dag.py:2280} INFO - Setting next_dagrun for tutorial to 2022-07-08 00:00:00+00:00
[2022-07-10 08:54:17,373] {scheduler_job.py:190} INFO - Processing /home/airflow/.local/lib/python3.6/site-packages/airflow/example_dags/tutorial.py took 0.040 seconds
[2022-07-10 08:54:48,196] {scheduler_job.py:182} INFO - Started process (PID=1177) to work on /home/airflow/.local/lib/python3.6/site-packages/airflow/example_dags/tutorial.py
[2022-07-10 08:54:48,197] {scheduler_job.py:629} INFO - Processing file /home/airflow/.local/lib/python3.6/site-packages/airflow/example_dags/tutorial.py for tasks to queue
[2022-07-10 08:54:48,197] {logging_mixin.py:104} INFO - [2022-07-10 08:54:48,197] {dagbag.py:451} INFO - Filling up the DagBag from /home/airflow/.local/lib/python3.6/site-packages/airflow/example_dags/tutorial.py
[2022-07-10 08:54:48,202] {scheduler_job.py:639} INFO - DAG(s) dict_keys(['tutorial']) retrieved from /home/airflow/.local/lib/python3.6/site-packages/airflow/example_dags/tutorial.py
[2022-07-10 08:54:48,215] {logging_mixin.py:104} INFO - [2022-07-10 08:54:48,215] {dag.py:1824} INFO - Sync 1 DAGs
[2022-07-10 08:54:48,225] {logging_mixin.py:104} INFO - [2022-07-10 08:54:48,225] {dag.py:2280} INFO - Setting next_dagrun for tutorial to 2022-07-08 00:00:00+00:00
[2022-07-10 08:54:48,232] {scheduler_job.py:190} INFO - Processing /home/airflow/.local/lib/python3.6/site-packages/airflow/example_dags/tutorial.py took 0.038 seconds
[2022-07-10 08:55:19,000] {scheduler_job.py:182} INFO - Started process (PID=1203) to work on /home/airflow/.local/lib/python3.6/site-packages/airflow/example_dags/tutorial.py
[2022-07-10 08:55:19,001] {scheduler_job.py:629} INFO - Processing file /home/airflow/.local/lib/python3.6/site-packages/airflow/example_dags/tutorial.py for tasks to queue
[2022-07-10 08:55:19,001] {logging_mixin.py:104} INFO - [2022-07-10 08:55:19,001] {dagbag.py:451} INFO - Filling up the DagBag from /home/airflow/.local/lib/python3.6/site-packages/airflow/example_dags/tutorial.py
[2022-07-10 08:55:19,007] {scheduler_job.py:639} INFO - DAG(s) dict_keys(['tutorial']) retrieved from /home/airflow/.local/lib/python3.6/site-packages/airflow/example_dags/tutorial.py
[2022-07-10 08:55:19,019] {logging_mixin.py:104} INFO - [2022-07-10 08:55:19,019] {dag.py:1824} INFO - Sync 1 DAGs
[2022-07-10 08:55:19,028] {logging_mixin.py:104} INFO - [2022-07-10 08:55:19,028] {dag.py:2280} INFO - Setting next_dagrun for tutorial to 2022-07-08 00:00:00+00:00
[2022-07-10 08:55:19,034] {scheduler_job.py:190} INFO - Processing /home/airflow/.local/lib/python3.6/site-packages/airflow/example_dags/tutorial.py took 0.035 seconds
[2022-07-10 08:55:50,083] {scheduler_job.py:182} INFO - Started process (PID=1229) to work on /home/airflow/.local/lib/python3.6/site-packages/airflow/example_dags/tutorial.py
[2022-07-10 08:55:50,084] {scheduler_job.py:629} INFO - Processing file /home/airflow/.local/lib/python3.6/site-packages/airflow/example_dags/tutorial.py for tasks to queue
[2022-07-10 08:55:50,084] {logging_mixin.py:104} INFO - [2022-07-10 08:55:50,084] {dagbag.py:451} INFO - Filling up the DagBag from /home/airflow/.local/lib/python3.6/site-packages/airflow/example_dags/tutorial.py
[2022-07-10 08:55:50,090] {scheduler_job.py:639} INFO - DAG(s) dict_keys(['tutorial']) retrieved from /home/airflow/.local/lib/python3.6/site-packages/airflow/example_dags/tutorial.py
[2022-07-10 08:55:50,104] {logging_mixin.py:104} INFO - [2022-07-10 08:55:50,103] {dag.py:1824} INFO - Sync 1 DAGs
[2022-07-10 08:55:50,114] {logging_mixin.py:104} INFO - [2022-07-10 08:55:50,114] {dag.py:2280} INFO - Setting next_dagrun for tutorial to 2022-07-08 00:00:00+00:00
[2022-07-10 08:55:50,121] {scheduler_job.py:190} INFO - Processing /home/airflow/.local/lib/python3.6/site-packages/airflow/example_dags/tutorial.py took 0.040 seconds
[2022-07-10 08:56:21,040] {scheduler_job.py:182} INFO - Started process (PID=1255) to work on /home/airflow/.local/lib/python3.6/site-packages/airflow/example_dags/tutorial.py
[2022-07-10 08:56:21,041] {scheduler_job.py:629} INFO - Processing file /home/airflow/.local/lib/python3.6/site-packages/airflow/example_dags/tutorial.py for tasks to queue
[2022-07-10 08:56:21,042] {logging_mixin.py:104} INFO - [2022-07-10 08:56:21,042] {dagbag.py:451} INFO - Filling up the DagBag from /home/airflow/.local/lib/python3.6/site-packages/airflow/example_dags/tutorial.py
[2022-07-10 08:56:21,048] {scheduler_job.py:639} INFO - DAG(s) dict_keys(['tutorial']) retrieved from /home/airflow/.local/lib/python3.6/site-packages/airflow/example_dags/tutorial.py
[2022-07-10 08:56:21,060] {logging_mixin.py:104} INFO - [2022-07-10 08:56:21,060] {dag.py:1824} INFO - Sync 1 DAGs
[2022-07-10 08:56:21,069] {logging_mixin.py:104} INFO - [2022-07-10 08:56:21,069] {dag.py:2280} INFO - Setting next_dagrun for tutorial to 2022-07-08 00:00:00+00:00
[2022-07-10 08:56:21,075] {scheduler_job.py:190} INFO - Processing /home/airflow/.local/lib/python3.6/site-packages/airflow/example_dags/tutorial.py took 0.037 seconds
[2022-07-10 08:56:51,862] {scheduler_job.py:182} INFO - Started process (PID=1281) to work on /home/airflow/.local/lib/python3.6/site-packages/airflow/example_dags/tutorial.py
[2022-07-10 08:56:51,863] {scheduler_job.py:629} INFO - Processing file /home/airflow/.local/lib/python3.6/site-packages/airflow/example_dags/tutorial.py for tasks to queue
[2022-07-10 08:56:51,863] {logging_mixin.py:104} INFO - [2022-07-10 08:56:51,863] {dagbag.py:451} INFO - Filling up the DagBag from /home/airflow/.local/lib/python3.6/site-packages/airflow/example_dags/tutorial.py
[2022-07-10 08:56:51,869] {scheduler_job.py:639} INFO - DAG(s) dict_keys(['tutorial']) retrieved from /home/airflow/.local/lib/python3.6/site-packages/airflow/example_dags/tutorial.py
[2022-07-10 08:56:51,883] {logging_mixin.py:104} INFO - [2022-07-10 08:56:51,883] {dag.py:1824} INFO - Sync 1 DAGs
[2022-07-10 08:56:51,893] {logging_mixin.py:104} INFO - [2022-07-10 08:56:51,893] {dag.py:2280} INFO - Setting next_dagrun for tutorial to 2022-07-08 00:00:00+00:00
[2022-07-10 08:56:51,900] {scheduler_job.py:190} INFO - Processing /home/airflow/.local/lib/python3.6/site-packages/airflow/example_dags/tutorial.py took 0.040 seconds
[2022-07-10 08:57:22,791] {scheduler_job.py:182} INFO - Started process (PID=1307) to work on /home/airflow/.local/lib/python3.6/site-packages/airflow/example_dags/tutorial.py
[2022-07-10 08:57:22,792] {scheduler_job.py:629} INFO - Processing file /home/airflow/.local/lib/python3.6/site-packages/airflow/example_dags/tutorial.py for tasks to queue
[2022-07-10 08:57:22,792] {logging_mixin.py:104} INFO - [2022-07-10 08:57:22,792] {dagbag.py:451} INFO - Filling up the DagBag from /home/airflow/.local/lib/python3.6/site-packages/airflow/example_dags/tutorial.py
[2022-07-10 08:57:22,798] {scheduler_job.py:639} INFO - DAG(s) dict_keys(['tutorial']) retrieved from /home/airflow/.local/lib/python3.6/site-packages/airflow/example_dags/tutorial.py
[2022-07-10 08:57:22,810] {logging_mixin.py:104} INFO - [2022-07-10 08:57:22,810] {dag.py:1824} INFO - Sync 1 DAGs
[2022-07-10 08:57:22,819] {logging_mixin.py:104} INFO - [2022-07-10 08:57:22,819] {dag.py:2280} INFO - Setting next_dagrun for tutorial to 2022-07-08 00:00:00+00:00
[2022-07-10 08:57:22,825] {scheduler_job.py:190} INFO - Processing /home/airflow/.local/lib/python3.6/site-packages/airflow/example_dags/tutorial.py took 0.036 seconds
[2022-07-10 08:57:53,622] {scheduler_job.py:182} INFO - Started process (PID=1333) to work on /home/airflow/.local/lib/python3.6/site-packages/airflow/example_dags/tutorial.py
[2022-07-10 08:57:53,623] {scheduler_job.py:629} INFO - Processing file /home/airflow/.local/lib/python3.6/site-packages/airflow/example_dags/tutorial.py for tasks to queue
[2022-07-10 08:57:53,623] {logging_mixin.py:104} INFO - [2022-07-10 08:57:53,623] {dagbag.py:451} INFO - Filling up the DagBag from /home/airflow/.local/lib/python3.6/site-packages/airflow/example_dags/tutorial.py
[2022-07-10 08:57:53,629] {scheduler_job.py:639} INFO - DAG(s) dict_keys(['tutorial']) retrieved from /home/airflow/.local/lib/python3.6/site-packages/airflow/example_dags/tutorial.py
[2022-07-10 08:57:53,641] {logging_mixin.py:104} INFO - [2022-07-10 08:57:53,641] {dag.py:1824} INFO - Sync 1 DAGs
[2022-07-10 08:57:53,652] {logging_mixin.py:104} INFO - [2022-07-10 08:57:53,651] {dag.py:2280} INFO - Setting next_dagrun for tutorial to 2022-07-08 00:00:00+00:00
[2022-07-10 08:57:53,658] {scheduler_job.py:190} INFO - Processing /home/airflow/.local/lib/python3.6/site-packages/airflow/example_dags/tutorial.py took 0.038 seconds
[2022-07-10 08:58:24,664] {scheduler_job.py:182} INFO - Started process (PID=1359) to work on /home/airflow/.local/lib/python3.6/site-packages/airflow/example_dags/tutorial.py
[2022-07-10 08:58:24,665] {scheduler_job.py:629} INFO - Processing file /home/airflow/.local/lib/python3.6/site-packages/airflow/example_dags/tutorial.py for tasks to queue
[2022-07-10 08:58:24,665] {logging_mixin.py:104} INFO - [2022-07-10 08:58:24,665] {dagbag.py:451} INFO - Filling up the DagBag from /home/airflow/.local/lib/python3.6/site-packages/airflow/example_dags/tutorial.py
[2022-07-10 08:58:24,671] {scheduler_job.py:639} INFO - DAG(s) dict_keys(['tutorial']) retrieved from /home/airflow/.local/lib/python3.6/site-packages/airflow/example_dags/tutorial.py
[2022-07-10 08:58:24,684] {logging_mixin.py:104} INFO - [2022-07-10 08:58:24,684] {dag.py:1824} INFO - Sync 1 DAGs
[2022-07-10 08:58:24,696] {logging_mixin.py:104} INFO - [2022-07-10 08:58:24,695] {dag.py:2280} INFO - Setting next_dagrun for tutorial to 2022-07-08 00:00:00+00:00
[2022-07-10 08:58:24,702] {scheduler_job.py:190} INFO - Processing /home/airflow/.local/lib/python3.6/site-packages/airflow/example_dags/tutorial.py took 0.041 seconds
[2022-07-10 08:58:55,474] {scheduler_job.py:182} INFO - Started process (PID=1385) to work on /home/airflow/.local/lib/python3.6/site-packages/airflow/example_dags/tutorial.py
[2022-07-10 08:58:55,475] {scheduler_job.py:629} INFO - Processing file /home/airflow/.local/lib/python3.6/site-packages/airflow/example_dags/tutorial.py for tasks to queue
[2022-07-10 08:58:55,476] {logging_mixin.py:104} INFO - [2022-07-10 08:58:55,476] {dagbag.py:451} INFO - Filling up the DagBag from /home/airflow/.local/lib/python3.6/site-packages/airflow/example_dags/tutorial.py
[2022-07-10 08:58:55,481] {scheduler_job.py:639} INFO - DAG(s) dict_keys(['tutorial']) retrieved from /home/airflow/.local/lib/python3.6/site-packages/airflow/example_dags/tutorial.py
[2022-07-10 08:58:55,494] {logging_mixin.py:104} INFO - [2022-07-10 08:58:55,493] {dag.py:1824} INFO - Sync 1 DAGs
[2022-07-10 08:58:55,503] {logging_mixin.py:104} INFO - [2022-07-10 08:58:55,503] {dag.py:2280} INFO - Setting next_dagrun for tutorial to 2022-07-08 00:00:00+00:00
[2022-07-10 08:58:55,510] {scheduler_job.py:190} INFO - Processing /home/airflow/.local/lib/python3.6/site-packages/airflow/example_dags/tutorial.py took 0.037 seconds
[2022-07-10 08:59:26,273] {scheduler_job.py:182} INFO - Started process (PID=1411) to work on /home/airflow/.local/lib/python3.6/site-packages/airflow/example_dags/tutorial.py
[2022-07-10 08:59:26,274] {scheduler_job.py:629} INFO - Processing file /home/airflow/.local/lib/python3.6/site-packages/airflow/example_dags/tutorial.py for tasks to queue
[2022-07-10 08:59:26,274] {logging_mixin.py:104} INFO - [2022-07-10 08:59:26,274] {dagbag.py:451} INFO - Filling up the DagBag from /home/airflow/.local/lib/python3.6/site-packages/airflow/example_dags/tutorial.py
[2022-07-10 08:59:26,281] {scheduler_job.py:639} INFO - DAG(s) dict_keys(['tutorial']) retrieved from /home/airflow/.local/lib/python3.6/site-packages/airflow/example_dags/tutorial.py
[2022-07-10 08:59:26,295] {logging_mixin.py:104} INFO - [2022-07-10 08:59:26,295] {dag.py:1824} INFO - Sync 1 DAGs
[2022-07-10 08:59:26,306] {logging_mixin.py:104} INFO - [2022-07-10 08:59:26,306] {dag.py:2280} INFO - Setting next_dagrun for tutorial to 2022-07-08 00:00:00+00:00
[2022-07-10 08:59:26,313] {scheduler_job.py:190} INFO - Processing /home/airflow/.local/lib/python3.6/site-packages/airflow/example_dags/tutorial.py took 0.043 seconds
[2022-07-10 08:59:57,103] {scheduler_job.py:182} INFO - Started process (PID=1437) to work on /home/airflow/.local/lib/python3.6/site-packages/airflow/example_dags/tutorial.py
[2022-07-10 08:59:57,104] {scheduler_job.py:629} INFO - Processing file /home/airflow/.local/lib/python3.6/site-packages/airflow/example_dags/tutorial.py for tasks to queue
[2022-07-10 08:59:57,104] {logging_mixin.py:104} INFO - [2022-07-10 08:59:57,104] {dagbag.py:451} INFO - Filling up the DagBag from /home/airflow/.local/lib/python3.6/site-packages/airflow/example_dags/tutorial.py
[2022-07-10 08:59:57,110] {scheduler_job.py:639} INFO - DAG(s) dict_keys(['tutorial']) retrieved from /home/airflow/.local/lib/python3.6/site-packages/airflow/example_dags/tutorial.py
[2022-07-10 08:59:57,122] {logging_mixin.py:104} INFO - [2022-07-10 08:59:57,122] {dag.py:1824} INFO - Sync 1 DAGs
[2022-07-10 08:59:57,131] {logging_mixin.py:104} INFO - [2022-07-10 08:59:57,131] {dag.py:2280} INFO - Setting next_dagrun for tutorial to 2022-07-08 00:00:00+00:00
[2022-07-10 08:59:57,138] {scheduler_job.py:190} INFO - Processing /home/airflow/.local/lib/python3.6/site-packages/airflow/example_dags/tutorial.py took 0.037 seconds
[2022-07-10 09:00:27,888] {scheduler_job.py:182} INFO - Started process (PID=1463) to work on /home/airflow/.local/lib/python3.6/site-packages/airflow/example_dags/tutorial.py
[2022-07-10 09:00:27,889] {scheduler_job.py:629} INFO - Processing file /home/airflow/.local/lib/python3.6/site-packages/airflow/example_dags/tutorial.py for tasks to queue
[2022-07-10 09:00:27,890] {logging_mixin.py:104} INFO - [2022-07-10 09:00:27,890] {dagbag.py:451} INFO - Filling up the DagBag from /home/airflow/.local/lib/python3.6/site-packages/airflow/example_dags/tutorial.py
[2022-07-10 09:00:27,896] {scheduler_job.py:639} INFO - DAG(s) dict_keys(['tutorial']) retrieved from /home/airflow/.local/lib/python3.6/site-packages/airflow/example_dags/tutorial.py
[2022-07-10 09:00:27,910] {logging_mixin.py:104} INFO - [2022-07-10 09:00:27,909] {dag.py:1824} INFO - Sync 1 DAGs
[2022-07-10 09:00:27,919] {logging_mixin.py:104} INFO - [2022-07-10 09:00:27,919] {dag.py:2280} INFO - Setting next_dagrun for tutorial to 2022-07-08 00:00:00+00:00
[2022-07-10 09:00:27,926] {scheduler_job.py:190} INFO - Processing /home/airflow/.local/lib/python3.6/site-packages/airflow/example_dags/tutorial.py took 0.039 seconds
[2022-07-10 09:00:58,755] {scheduler_job.py:182} INFO - Started process (PID=1489) to work on /home/airflow/.local/lib/python3.6/site-packages/airflow/example_dags/tutorial.py
[2022-07-10 09:00:58,756] {scheduler_job.py:629} INFO - Processing file /home/airflow/.local/lib/python3.6/site-packages/airflow/example_dags/tutorial.py for tasks to queue
[2022-07-10 09:00:58,756] {logging_mixin.py:104} INFO - [2022-07-10 09:00:58,756] {dagbag.py:451} INFO - Filling up the DagBag from /home/airflow/.local/lib/python3.6/site-packages/airflow/example_dags/tutorial.py
[2022-07-10 09:00:58,762] {scheduler_job.py:639} INFO - DAG(s) dict_keys(['tutorial']) retrieved from /home/airflow/.local/lib/python3.6/site-packages/airflow/example_dags/tutorial.py
[2022-07-10 09:00:58,774] {logging_mixin.py:104} INFO - [2022-07-10 09:00:58,774] {dag.py:1824} INFO - Sync 1 DAGs
[2022-07-10 09:00:58,784] {logging_mixin.py:104} INFO - [2022-07-10 09:00:58,783] {dag.py:2280} INFO - Setting next_dagrun for tutorial to 2022-07-08 00:00:00+00:00
[2022-07-10 09:00:58,790] {scheduler_job.py:190} INFO - Processing /home/airflow/.local/lib/python3.6/site-packages/airflow/example_dags/tutorial.py took 0.037 seconds
[2022-07-10 09:03:54,860] {scheduler_job.py:182} INFO - Started process (PID=47) to work on /home/airflow/.local/lib/python3.6/site-packages/airflow/example_dags/tutorial.py
[2022-07-10 09:03:54,861] {scheduler_job.py:629} INFO - Processing file /home/airflow/.local/lib/python3.6/site-packages/airflow/example_dags/tutorial.py for tasks to queue
[2022-07-10 09:03:54,862] {logging_mixin.py:104} INFO - [2022-07-10 09:03:54,862] {dagbag.py:451} INFO - Filling up the DagBag from /home/airflow/.local/lib/python3.6/site-packages/airflow/example_dags/tutorial.py
[2022-07-10 09:03:54,868] {scheduler_job.py:639} INFO - DAG(s) dict_keys(['tutorial']) retrieved from /home/airflow/.local/lib/python3.6/site-packages/airflow/example_dags/tutorial.py
[2022-07-10 09:03:54,885] {logging_mixin.py:104} INFO - [2022-07-10 09:03:54,885] {dag.py:1824} INFO - Sync 1 DAGs
[2022-07-10 09:03:54,902] {logging_mixin.py:104} INFO - [2022-07-10 09:03:54,902] {dag.py:2280} INFO - Setting next_dagrun for tutorial to 2022-07-08 00:00:00+00:00
[2022-07-10 09:03:54,912] {scheduler_job.py:190} INFO - Processing /home/airflow/.local/lib/python3.6/site-packages/airflow/example_dags/tutorial.py took 0.054 seconds
[2022-07-10 09:04:25,741] {scheduler_job.py:182} INFO - Started process (PID=73) to work on /home/airflow/.local/lib/python3.6/site-packages/airflow/example_dags/tutorial.py
[2022-07-10 09:04:25,742] {scheduler_job.py:629} INFO - Processing file /home/airflow/.local/lib/python3.6/site-packages/airflow/example_dags/tutorial.py for tasks to queue
[2022-07-10 09:04:25,742] {logging_mixin.py:104} INFO - [2022-07-10 09:04:25,742] {dagbag.py:451} INFO - Filling up the DagBag from /home/airflow/.local/lib/python3.6/site-packages/airflow/example_dags/tutorial.py
[2022-07-10 09:04:25,747] {scheduler_job.py:639} INFO - DAG(s) dict_keys(['tutorial']) retrieved from /home/airflow/.local/lib/python3.6/site-packages/airflow/example_dags/tutorial.py
[2022-07-10 09:04:25,758] {logging_mixin.py:104} INFO - [2022-07-10 09:04:25,758] {dag.py:1824} INFO - Sync 1 DAGs
[2022-07-10 09:04:25,769] {logging_mixin.py:104} INFO - [2022-07-10 09:04:25,769] {dag.py:2280} INFO - Setting next_dagrun for tutorial to 2022-07-08 00:00:00+00:00
[2022-07-10 09:04:25,775] {scheduler_job.py:190} INFO - Processing /home/airflow/.local/lib/python3.6/site-packages/airflow/example_dags/tutorial.py took 0.036 seconds
[2022-07-10 09:04:56,583] {scheduler_job.py:182} INFO - Started process (PID=99) to work on /home/airflow/.local/lib/python3.6/site-packages/airflow/example_dags/tutorial.py
[2022-07-10 09:04:56,583] {scheduler_job.py:629} INFO - Processing file /home/airflow/.local/lib/python3.6/site-packages/airflow/example_dags/tutorial.py for tasks to queue
[2022-07-10 09:04:56,584] {logging_mixin.py:104} INFO - [2022-07-10 09:04:56,584] {dagbag.py:451} INFO - Filling up the DagBag from /home/airflow/.local/lib/python3.6/site-packages/airflow/example_dags/tutorial.py
[2022-07-10 09:04:56,589] {scheduler_job.py:639} INFO - DAG(s) dict_keys(['tutorial']) retrieved from /home/airflow/.local/lib/python3.6/site-packages/airflow/example_dags/tutorial.py
[2022-07-10 09:04:56,600] {logging_mixin.py:104} INFO - [2022-07-10 09:04:56,600] {dag.py:1824} INFO - Sync 1 DAGs
[2022-07-10 09:04:56,610] {logging_mixin.py:104} INFO - [2022-07-10 09:04:56,609] {dag.py:2280} INFO - Setting next_dagrun for tutorial to 2022-07-08 00:00:00+00:00
[2022-07-10 09:04:56,615] {scheduler_job.py:190} INFO - Processing /home/airflow/.local/lib/python3.6/site-packages/airflow/example_dags/tutorial.py took 0.034 seconds
[2022-07-10 09:05:27,381] {scheduler_job.py:182} INFO - Started process (PID=125) to work on /home/airflow/.local/lib/python3.6/site-packages/airflow/example_dags/tutorial.py
[2022-07-10 09:05:27,382] {scheduler_job.py:629} INFO - Processing file /home/airflow/.local/lib/python3.6/site-packages/airflow/example_dags/tutorial.py for tasks to queue
[2022-07-10 09:05:27,382] {logging_mixin.py:104} INFO - [2022-07-10 09:05:27,382] {dagbag.py:451} INFO - Filling up the DagBag from /home/airflow/.local/lib/python3.6/site-packages/airflow/example_dags/tutorial.py
[2022-07-10 09:05:27,388] {scheduler_job.py:639} INFO - DAG(s) dict_keys(['tutorial']) retrieved from /home/airflow/.local/lib/python3.6/site-packages/airflow/example_dags/tutorial.py
[2022-07-10 09:05:27,399] {logging_mixin.py:104} INFO - [2022-07-10 09:05:27,399] {dag.py:1824} INFO - Sync 1 DAGs
[2022-07-10 09:05:27,409] {logging_mixin.py:104} INFO - [2022-07-10 09:05:27,409] {dag.py:2280} INFO - Setting next_dagrun for tutorial to 2022-07-08 00:00:00+00:00
[2022-07-10 09:05:27,416] {scheduler_job.py:190} INFO - Processing /home/airflow/.local/lib/python3.6/site-packages/airflow/example_dags/tutorial.py took 0.036 seconds
[2022-07-10 09:05:58,228] {scheduler_job.py:182} INFO - Started process (PID=151) to work on /home/airflow/.local/lib/python3.6/site-packages/airflow/example_dags/tutorial.py
[2022-07-10 09:05:58,229] {scheduler_job.py:629} INFO - Processing file /home/airflow/.local/lib/python3.6/site-packages/airflow/example_dags/tutorial.py for tasks to queue
[2022-07-10 09:05:58,229] {logging_mixin.py:104} INFO - [2022-07-10 09:05:58,229] {dagbag.py:451} INFO - Filling up the DagBag from /home/airflow/.local/lib/python3.6/site-packages/airflow/example_dags/tutorial.py
[2022-07-10 09:05:58,234] {scheduler_job.py:639} INFO - DAG(s) dict_keys(['tutorial']) retrieved from /home/airflow/.local/lib/python3.6/site-packages/airflow/example_dags/tutorial.py
[2022-07-10 09:05:58,245] {logging_mixin.py:104} INFO - [2022-07-10 09:05:58,245] {dag.py:1824} INFO - Sync 1 DAGs
[2022-07-10 09:05:58,256] {logging_mixin.py:104} INFO - [2022-07-10 09:05:58,256] {dag.py:2280} INFO - Setting next_dagrun for tutorial to 2022-07-08 00:00:00+00:00
[2022-07-10 09:05:58,262] {scheduler_job.py:190} INFO - Processing /home/airflow/.local/lib/python3.6/site-packages/airflow/example_dags/tutorial.py took 0.035 seconds
[2022-07-10 09:06:29,076] {scheduler_job.py:182} INFO - Started process (PID=177) to work on /home/airflow/.local/lib/python3.6/site-packages/airflow/example_dags/tutorial.py
[2022-07-10 09:06:29,077] {scheduler_job.py:629} INFO - Processing file /home/airflow/.local/lib/python3.6/site-packages/airflow/example_dags/tutorial.py for tasks to queue
[2022-07-10 09:06:29,078] {logging_mixin.py:104} INFO - [2022-07-10 09:06:29,078] {dagbag.py:451} INFO - Filling up the DagBag from /home/airflow/.local/lib/python3.6/site-packages/airflow/example_dags/tutorial.py
[2022-07-10 09:06:29,083] {scheduler_job.py:639} INFO - DAG(s) dict_keys(['tutorial']) retrieved from /home/airflow/.local/lib/python3.6/site-packages/airflow/example_dags/tutorial.py
[2022-07-10 09:06:29,094] {logging_mixin.py:104} INFO - [2022-07-10 09:06:29,094] {dag.py:1824} INFO - Sync 1 DAGs
[2022-07-10 09:06:29,104] {logging_mixin.py:104} INFO - [2022-07-10 09:06:29,104] {dag.py:2280} INFO - Setting next_dagrun for tutorial to 2022-07-08 00:00:00+00:00
[2022-07-10 09:06:29,110] {scheduler_job.py:190} INFO - Processing /home/airflow/.local/lib/python3.6/site-packages/airflow/example_dags/tutorial.py took 0.036 seconds
[2022-07-10 09:06:59,856] {scheduler_job.py:182} INFO - Started process (PID=203) to work on /home/airflow/.local/lib/python3.6/site-packages/airflow/example_dags/tutorial.py
[2022-07-10 09:06:59,857] {scheduler_job.py:629} INFO - Processing file /home/airflow/.local/lib/python3.6/site-packages/airflow/example_dags/tutorial.py for tasks to queue
[2022-07-10 09:06:59,857] {logging_mixin.py:104} INFO - [2022-07-10 09:06:59,857] {dagbag.py:451} INFO - Filling up the DagBag from /home/airflow/.local/lib/python3.6/site-packages/airflow/example_dags/tutorial.py
[2022-07-10 09:06:59,862] {scheduler_job.py:639} INFO - DAG(s) dict_keys(['tutorial']) retrieved from /home/airflow/.local/lib/python3.6/site-packages/airflow/example_dags/tutorial.py
[2022-07-10 09:06:59,876] {logging_mixin.py:104} INFO - [2022-07-10 09:06:59,876] {dag.py:1824} INFO - Sync 1 DAGs
[2022-07-10 09:06:59,884] {logging_mixin.py:104} INFO - [2022-07-10 09:06:59,884] {dag.py:2280} INFO - Setting next_dagrun for tutorial to 2022-07-08 00:00:00+00:00
[2022-07-10 09:06:59,889] {scheduler_job.py:190} INFO - Processing /home/airflow/.local/lib/python3.6/site-packages/airflow/example_dags/tutorial.py took 0.035 seconds
[2022-07-10 09:07:30,671] {scheduler_job.py:182} INFO - Started process (PID=229) to work on /home/airflow/.local/lib/python3.6/site-packages/airflow/example_dags/tutorial.py
[2022-07-10 09:07:30,672] {scheduler_job.py:629} INFO - Processing file /home/airflow/.local/lib/python3.6/site-packages/airflow/example_dags/tutorial.py for tasks to queue
[2022-07-10 09:07:30,673] {logging_mixin.py:104} INFO - [2022-07-10 09:07:30,672] {dagbag.py:451} INFO - Filling up the DagBag from /home/airflow/.local/lib/python3.6/site-packages/airflow/example_dags/tutorial.py
[2022-07-10 09:07:30,678] {scheduler_job.py:639} INFO - DAG(s) dict_keys(['tutorial']) retrieved from /home/airflow/.local/lib/python3.6/site-packages/airflow/example_dags/tutorial.py
[2022-07-10 09:07:30,693] {logging_mixin.py:104} INFO - [2022-07-10 09:07:30,692] {dag.py:1824} INFO - Sync 1 DAGs
[2022-07-10 09:07:30,716] {logging_mixin.py:104} INFO - [2022-07-10 09:07:30,716] {dag.py:2280} INFO - Setting next_dagrun for tutorial to 2022-07-08 00:00:00+00:00
[2022-07-10 09:07:30,731] {scheduler_job.py:190} INFO - Processing /home/airflow/.local/lib/python3.6/site-packages/airflow/example_dags/tutorial.py took 0.061 seconds
[2022-07-10 09:08:01,485] {scheduler_job.py:182} INFO - Started process (PID=255) to work on /home/airflow/.local/lib/python3.6/site-packages/airflow/example_dags/tutorial.py
[2022-07-10 09:08:01,486] {scheduler_job.py:629} INFO - Processing file /home/airflow/.local/lib/python3.6/site-packages/airflow/example_dags/tutorial.py for tasks to queue
[2022-07-10 09:08:01,486] {logging_mixin.py:104} INFO - [2022-07-10 09:08:01,486] {dagbag.py:451} INFO - Filling up the DagBag from /home/airflow/.local/lib/python3.6/site-packages/airflow/example_dags/tutorial.py
[2022-07-10 09:08:01,491] {scheduler_job.py:639} INFO - DAG(s) dict_keys(['tutorial']) retrieved from /home/airflow/.local/lib/python3.6/site-packages/airflow/example_dags/tutorial.py
[2022-07-10 09:08:01,505] {logging_mixin.py:104} INFO - [2022-07-10 09:08:01,505] {dag.py:1824} INFO - Sync 1 DAGs
[2022-07-10 09:08:01,513] {logging_mixin.py:104} INFO - [2022-07-10 09:08:01,513] {dag.py:2280} INFO - Setting next_dagrun for tutorial to 2022-07-08 00:00:00+00:00
[2022-07-10 09:08:01,519] {scheduler_job.py:190} INFO - Processing /home/airflow/.local/lib/python3.6/site-packages/airflow/example_dags/tutorial.py took 0.036 seconds
[2022-07-10 09:08:32,280] {scheduler_job.py:182} INFO - Started process (PID=281) to work on /home/airflow/.local/lib/python3.6/site-packages/airflow/example_dags/tutorial.py
[2022-07-10 09:08:32,281] {scheduler_job.py:629} INFO - Processing file /home/airflow/.local/lib/python3.6/site-packages/airflow/example_dags/tutorial.py for tasks to queue
[2022-07-10 09:08:32,281] {logging_mixin.py:104} INFO - [2022-07-10 09:08:32,281] {dagbag.py:451} INFO - Filling up the DagBag from /home/airflow/.local/lib/python3.6/site-packages/airflow/example_dags/tutorial.py
[2022-07-10 09:08:32,287] {scheduler_job.py:639} INFO - DAG(s) dict_keys(['tutorial']) retrieved from /home/airflow/.local/lib/python3.6/site-packages/airflow/example_dags/tutorial.py
[2022-07-10 09:08:32,301] {logging_mixin.py:104} INFO - [2022-07-10 09:08:32,301] {dag.py:1824} INFO - Sync 1 DAGs
[2022-07-10 09:08:32,309] {logging_mixin.py:104} INFO - [2022-07-10 09:08:32,309] {dag.py:2280} INFO - Setting next_dagrun for tutorial to 2022-07-08 00:00:00+00:00
[2022-07-10 09:08:32,316] {scheduler_job.py:190} INFO - Processing /home/airflow/.local/lib/python3.6/site-packages/airflow/example_dags/tutorial.py took 0.038 seconds
[2022-07-10 09:09:03,310] {scheduler_job.py:182} INFO - Started process (PID=307) to work on /home/airflow/.local/lib/python3.6/site-packages/airflow/example_dags/tutorial.py
[2022-07-10 09:09:03,311] {scheduler_job.py:629} INFO - Processing file /home/airflow/.local/lib/python3.6/site-packages/airflow/example_dags/tutorial.py for tasks to queue
[2022-07-10 09:09:03,311] {logging_mixin.py:104} INFO - [2022-07-10 09:09:03,311] {dagbag.py:451} INFO - Filling up the DagBag from /home/airflow/.local/lib/python3.6/site-packages/airflow/example_dags/tutorial.py
[2022-07-10 09:09:03,318] {scheduler_job.py:639} INFO - DAG(s) dict_keys(['tutorial']) retrieved from /home/airflow/.local/lib/python3.6/site-packages/airflow/example_dags/tutorial.py
[2022-07-10 09:09:03,330] {logging_mixin.py:104} INFO - [2022-07-10 09:09:03,330] {dag.py:1824} INFO - Sync 1 DAGs
[2022-07-10 09:09:03,339] {logging_mixin.py:104} INFO - [2022-07-10 09:09:03,339] {dag.py:2280} INFO - Setting next_dagrun for tutorial to 2022-07-08 00:00:00+00:00
[2022-07-10 09:09:03,345] {scheduler_job.py:190} INFO - Processing /home/airflow/.local/lib/python3.6/site-packages/airflow/example_dags/tutorial.py took 0.036 seconds
[2022-07-10 09:09:33,385] {scheduler_job.py:182} INFO - Started process (PID=333) to work on /home/airflow/.local/lib/python3.6/site-packages/airflow/example_dags/tutorial.py
[2022-07-10 09:09:33,386] {scheduler_job.py:629} INFO - Processing file /home/airflow/.local/lib/python3.6/site-packages/airflow/example_dags/tutorial.py for tasks to queue
[2022-07-10 09:09:33,386] {logging_mixin.py:104} INFO - [2022-07-10 09:09:33,386] {dagbag.py:451} INFO - Filling up the DagBag from /home/airflow/.local/lib/python3.6/site-packages/airflow/example_dags/tutorial.py
[2022-07-10 09:09:33,394] {scheduler_job.py:639} INFO - DAG(s) dict_keys(['tutorial']) retrieved from /home/airflow/.local/lib/python3.6/site-packages/airflow/example_dags/tutorial.py
[2022-07-10 09:09:33,406] {logging_mixin.py:104} INFO - [2022-07-10 09:09:33,406] {dag.py:1824} INFO - Sync 1 DAGs
[2022-07-10 09:09:33,416] {logging_mixin.py:104} INFO - [2022-07-10 09:09:33,416] {dag.py:2280} INFO - Setting next_dagrun for tutorial to 2022-07-08 00:00:00+00:00
[2022-07-10 09:09:33,425] {scheduler_job.py:190} INFO - Processing /home/airflow/.local/lib/python3.6/site-packages/airflow/example_dags/tutorial.py took 0.041 seconds
[2022-07-10 09:10:04,198] {scheduler_job.py:182} INFO - Started process (PID=359) to work on /home/airflow/.local/lib/python3.6/site-packages/airflow/example_dags/tutorial.py
[2022-07-10 09:10:04,198] {scheduler_job.py:629} INFO - Processing file /home/airflow/.local/lib/python3.6/site-packages/airflow/example_dags/tutorial.py for tasks to queue
[2022-07-10 09:10:04,199] {logging_mixin.py:104} INFO - [2022-07-10 09:10:04,199] {dagbag.py:451} INFO - Filling up the DagBag from /home/airflow/.local/lib/python3.6/site-packages/airflow/example_dags/tutorial.py
[2022-07-10 09:10:04,206] {scheduler_job.py:639} INFO - DAG(s) dict_keys(['tutorial']) retrieved from /home/airflow/.local/lib/python3.6/site-packages/airflow/example_dags/tutorial.py
[2022-07-10 09:10:04,217] {logging_mixin.py:104} INFO - [2022-07-10 09:10:04,216] {dag.py:1824} INFO - Sync 1 DAGs
[2022-07-10 09:10:04,224] {logging_mixin.py:104} INFO - [2022-07-10 09:10:04,224] {dag.py:2280} INFO - Setting next_dagrun for tutorial to 2022-07-08 00:00:00+00:00
[2022-07-10 09:10:04,230] {scheduler_job.py:190} INFO - Processing /home/airflow/.local/lib/python3.6/site-packages/airflow/example_dags/tutorial.py took 0.034 seconds
[2022-07-10 09:10:34,938] {scheduler_job.py:182} INFO - Started process (PID=385) to work on /home/airflow/.local/lib/python3.6/site-packages/airflow/example_dags/tutorial.py
[2022-07-10 09:10:34,938] {scheduler_job.py:629} INFO - Processing file /home/airflow/.local/lib/python3.6/site-packages/airflow/example_dags/tutorial.py for tasks to queue
[2022-07-10 09:10:34,939] {logging_mixin.py:104} INFO - [2022-07-10 09:10:34,939] {dagbag.py:451} INFO - Filling up the DagBag from /home/airflow/.local/lib/python3.6/site-packages/airflow/example_dags/tutorial.py
[2022-07-10 09:10:34,946] {scheduler_job.py:639} INFO - DAG(s) dict_keys(['tutorial']) retrieved from /home/airflow/.local/lib/python3.6/site-packages/airflow/example_dags/tutorial.py
[2022-07-10 09:10:34,960] {logging_mixin.py:104} INFO - [2022-07-10 09:10:34,960] {dag.py:1824} INFO - Sync 1 DAGs
[2022-07-10 09:10:34,970] {logging_mixin.py:104} INFO - [2022-07-10 09:10:34,970] {dag.py:2280} INFO - Setting next_dagrun for tutorial to 2022-07-08 00:00:00+00:00
[2022-07-10 09:10:34,976] {scheduler_job.py:190} INFO - Processing /home/airflow/.local/lib/python3.6/site-packages/airflow/example_dags/tutorial.py took 0.041 seconds
[2022-07-10 09:11:05,860] {scheduler_job.py:182} INFO - Started process (PID=411) to work on /home/airflow/.local/lib/python3.6/site-packages/airflow/example_dags/tutorial.py
[2022-07-10 09:11:05,863] {scheduler_job.py:629} INFO - Processing file /home/airflow/.local/lib/python3.6/site-packages/airflow/example_dags/tutorial.py for tasks to queue
[2022-07-10 09:11:05,864] {logging_mixin.py:104} INFO - [2022-07-10 09:11:05,864] {dagbag.py:451} INFO - Filling up the DagBag from /home/airflow/.local/lib/python3.6/site-packages/airflow/example_dags/tutorial.py
[2022-07-10 09:11:05,869] {scheduler_job.py:639} INFO - DAG(s) dict_keys(['tutorial']) retrieved from /home/airflow/.local/lib/python3.6/site-packages/airflow/example_dags/tutorial.py
[2022-07-10 09:11:05,880] {logging_mixin.py:104} INFO - [2022-07-10 09:11:05,880] {dag.py:1824} INFO - Sync 1 DAGs
[2022-07-10 09:11:05,889] {logging_mixin.py:104} INFO - [2022-07-10 09:11:05,889] {dag.py:2280} INFO - Setting next_dagrun for tutorial to 2022-07-08 00:00:00+00:00
[2022-07-10 09:11:05,895] {scheduler_job.py:190} INFO - Processing /home/airflow/.local/lib/python3.6/site-packages/airflow/example_dags/tutorial.py took 0.037 seconds
[2022-07-10 09:11:36,647] {scheduler_job.py:182} INFO - Started process (PID=437) to work on /home/airflow/.local/lib/python3.6/site-packages/airflow/example_dags/tutorial.py
[2022-07-10 09:11:36,647] {scheduler_job.py:629} INFO - Processing file /home/airflow/.local/lib/python3.6/site-packages/airflow/example_dags/tutorial.py for tasks to queue
[2022-07-10 09:11:36,648] {logging_mixin.py:104} INFO - [2022-07-10 09:11:36,648] {dagbag.py:451} INFO - Filling up the DagBag from /home/airflow/.local/lib/python3.6/site-packages/airflow/example_dags/tutorial.py
[2022-07-10 09:11:36,653] {scheduler_job.py:639} INFO - DAG(s) dict_keys(['tutorial']) retrieved from /home/airflow/.local/lib/python3.6/site-packages/airflow/example_dags/tutorial.py
[2022-07-10 09:11:36,667] {logging_mixin.py:104} INFO - [2022-07-10 09:11:36,667] {dag.py:1824} INFO - Sync 1 DAGs
[2022-07-10 09:11:36,677] {logging_mixin.py:104} INFO - [2022-07-10 09:11:36,677] {dag.py:2280} INFO - Setting next_dagrun for tutorial to 2022-07-08 00:00:00+00:00
[2022-07-10 09:11:36,683] {scheduler_job.py:190} INFO - Processing /home/airflow/.local/lib/python3.6/site-packages/airflow/example_dags/tutorial.py took 0.038 seconds
[2022-07-10 09:12:07,470] {scheduler_job.py:182} INFO - Started process (PID=463) to work on /home/airflow/.local/lib/python3.6/site-packages/airflow/example_dags/tutorial.py
[2022-07-10 09:12:07,471] {scheduler_job.py:629} INFO - Processing file /home/airflow/.local/lib/python3.6/site-packages/airflow/example_dags/tutorial.py for tasks to queue
[2022-07-10 09:12:07,471] {logging_mixin.py:104} INFO - [2022-07-10 09:12:07,471] {dagbag.py:451} INFO - Filling up the DagBag from /home/airflow/.local/lib/python3.6/site-packages/airflow/example_dags/tutorial.py
[2022-07-10 09:12:07,476] {scheduler_job.py:639} INFO - DAG(s) dict_keys(['tutorial']) retrieved from /home/airflow/.local/lib/python3.6/site-packages/airflow/example_dags/tutorial.py
[2022-07-10 09:12:07,487] {logging_mixin.py:104} INFO - [2022-07-10 09:12:07,487] {dag.py:1824} INFO - Sync 1 DAGs
[2022-07-10 09:12:07,495] {logging_mixin.py:104} INFO - [2022-07-10 09:12:07,495] {dag.py:2280} INFO - Setting next_dagrun for tutorial to 2022-07-08 00:00:00+00:00
[2022-07-10 09:12:07,501] {scheduler_job.py:190} INFO - Processing /home/airflow/.local/lib/python3.6/site-packages/airflow/example_dags/tutorial.py took 0.033 seconds
