[2022-07-13 08:59:00,252] {taskinstance.py:877} INFO - Dependencies all met for <TaskInstance: ingestion_transform_dataset.transform_data 2022-07-13T08:58:59.220522+00:00 [queued]>
[2022-07-13 08:59:00,262] {taskinstance.py:877} INFO - Dependencies all met for <TaskInstance: ingestion_transform_dataset.transform_data 2022-07-13T08:58:59.220522+00:00 [queued]>
[2022-07-13 08:59:00,262] {taskinstance.py:1068} INFO - 
--------------------------------------------------------------------------------
[2022-07-13 08:59:00,262] {taskinstance.py:1069} INFO - Starting attempt 1 of 1
[2022-07-13 08:59:00,262] {taskinstance.py:1070} INFO - 
--------------------------------------------------------------------------------
[2022-07-13 08:59:00,268] {taskinstance.py:1089} INFO - Executing <Task(PythonOperator): transform_data> on 2022-07-13T08:58:59.220522+00:00
[2022-07-13 08:59:00,273] {standard_task_runner.py:52} INFO - Started process 71 to run task
[2022-07-13 08:59:00,275] {standard_task_runner.py:76} INFO - Running: ['airflow', 'tasks', 'run', 'ingestion_transform_dataset', 'transform_data', '2022-07-13T08:58:59.220522+00:00', '--job-id', '18', '--pool', 'default_pool', '--raw', '--subdir', 'DAGS_FOLDER/daily_dag.py', '--cfg-path', '/tmp/tmpls1saba7', '--error-file', '/tmp/tmpu9juc7t4']
[2022-07-13 08:59:00,275] {standard_task_runner.py:77} INFO - Job 18: Subtask transform_data
[2022-07-13 08:59:00,300] {logging_mixin.py:104} INFO - Running <TaskInstance: ingestion_transform_dataset.transform_data 2022-07-13T08:58:59.220522+00:00 [running]> on host 4da34fce536e
[2022-07-13 08:59:00,321] {taskinstance.py:1283} INFO - Exporting the following env vars:
AIRFLOW_CTX_DAG_OWNER=airflow
AIRFLOW_CTX_DAG_ID=ingestion_transform_dataset
AIRFLOW_CTX_TASK_ID=transform_data
AIRFLOW_CTX_EXECUTION_DATE=2022-07-13T08:58:59.220522+00:00
AIRFLOW_CTX_DAG_RUN_ID=manual__2022-07-13T08:58:59.220522+00:00
[2022-07-13 08:59:00,323] {python.py:118} INFO - Done. Returned value was: None
[2022-07-13 08:59:00,328] {taskinstance.py:1192} INFO - Marking task as SUCCESS. dag_id=ingestion_transform_dataset, task_id=transform_data, execution_date=20220713T085859, start_date=20220713T085900, end_date=20220713T085900
[2022-07-13 08:59:00,344] {taskinstance.py:1246} INFO - 0 downstream tasks scheduled from follow-on schedule check
[2022-07-13 08:59:00,366] {local_task_job.py:146} INFO - Task exited with return code 0
