[2022-07-10 13:06:23,455] {taskinstance.py:877} INFO - Dependencies all met for <TaskInstance: ingestion_transform_dataset.transform_data 2022-07-10T13:06:21.628165+00:00 [queued]>
[2022-07-10 13:06:23,466] {taskinstance.py:877} INFO - Dependencies all met for <TaskInstance: ingestion_transform_dataset.transform_data 2022-07-10T13:06:21.628165+00:00 [queued]>
[2022-07-10 13:06:23,466] {taskinstance.py:1068} INFO - 
--------------------------------------------------------------------------------
[2022-07-10 13:06:23,467] {taskinstance.py:1069} INFO - Starting attempt 1 of 1
[2022-07-10 13:06:23,467] {taskinstance.py:1070} INFO - 
--------------------------------------------------------------------------------
[2022-07-10 13:06:23,474] {taskinstance.py:1089} INFO - Executing <Task(PythonOperator): transform_data> on 2022-07-10T13:06:21.628165+00:00
[2022-07-10 13:06:23,479] {standard_task_runner.py:52} INFO - Started process 59 to run task
[2022-07-10 13:06:23,481] {standard_task_runner.py:76} INFO - Running: ['airflow', 'tasks', 'run', 'ingestion_transform_dataset', 'transform_data', '2022-07-10T13:06:21.628165+00:00', '--job-id', '12', '--pool', 'default_pool', '--raw', '--subdir', 'DAGS_FOLDER/daily_dag.py', '--cfg-path', '/tmp/tmpwqpu49y_', '--error-file', '/tmp/tmp5uxt89dm']
[2022-07-10 13:06:23,481] {standard_task_runner.py:77} INFO - Job 12: Subtask transform_data
[2022-07-10 13:06:23,509] {logging_mixin.py:104} INFO - Running <TaskInstance: ingestion_transform_dataset.transform_data 2022-07-10T13:06:21.628165+00:00 [running]> on host 4da34fce536e
[2022-07-10 13:06:23,534] {taskinstance.py:1283} INFO - Exporting the following env vars:
AIRFLOW_CTX_DAG_OWNER=airflow
AIRFLOW_CTX_DAG_ID=ingestion_transform_dataset
AIRFLOW_CTX_TASK_ID=transform_data
AIRFLOW_CTX_EXECUTION_DATE=2022-07-10T13:06:21.628165+00:00
AIRFLOW_CTX_DAG_RUN_ID=manual__2022-07-10T13:06:21.628165+00:00
[2022-07-10 13:06:23,534] {python.py:118} INFO - Done. Returned value was: None
[2022-07-10 13:06:23,540] {taskinstance.py:1192} INFO - Marking task as SUCCESS. dag_id=ingestion_transform_dataset, task_id=transform_data, execution_date=20220710T130621, start_date=20220710T130623, end_date=20220710T130623
[2022-07-10 13:06:23,555] {taskinstance.py:1246} INFO - 0 downstream tasks scheduled from follow-on schedule check
[2022-07-10 13:06:23,573] {local_task_job.py:146} INFO - Task exited with return code 0
