[2022-07-10 11:57:20,811] {taskinstance.py:877} INFO - Dependencies all met for <TaskInstance: ingestion_transform_dataset.transform_data 2022-07-10T11:57:19.863313+00:00 [queued]>
[2022-07-10 11:57:20,827] {taskinstance.py:877} INFO - Dependencies all met for <TaskInstance: ingestion_transform_dataset.transform_data 2022-07-10T11:57:19.863313+00:00 [queued]>
[2022-07-10 11:57:20,827] {taskinstance.py:1068} INFO - 
--------------------------------------------------------------------------------
[2022-07-10 11:57:20,828] {taskinstance.py:1069} INFO - Starting attempt 1 of 1
[2022-07-10 11:57:20,828] {taskinstance.py:1070} INFO - 
--------------------------------------------------------------------------------
[2022-07-10 11:57:20,837] {taskinstance.py:1089} INFO - Executing <Task(PythonOperator): transform_data> on 2022-07-10T11:57:19.863313+00:00
[2022-07-10 11:57:20,842] {standard_task_runner.py:52} INFO - Started process 59 to run task
[2022-07-10 11:57:20,845] {standard_task_runner.py:76} INFO - Running: ['airflow', 'tasks', 'run', 'ingestion_transform_dataset', 'transform_data', '2022-07-10T11:57:19.863313+00:00', '--job-id', '9', '--pool', 'default_pool', '--raw', '--subdir', 'DAGS_FOLDER/daily_dag.py', '--cfg-path', '/tmp/tmpwpa3qo6p', '--error-file', '/tmp/tmplhq19jtq']
[2022-07-10 11:57:20,845] {standard_task_runner.py:77} INFO - Job 9: Subtask transform_data
[2022-07-10 11:57:20,881] {logging_mixin.py:104} INFO - Running <TaskInstance: ingestion_transform_dataset.transform_data 2022-07-10T11:57:19.863313+00:00 [running]> on host 20c2401a0235
[2022-07-10 11:57:20,915] {taskinstance.py:1283} INFO - Exporting the following env vars:
AIRFLOW_CTX_DAG_OWNER=airflow
AIRFLOW_CTX_DAG_ID=ingestion_transform_dataset
AIRFLOW_CTX_TASK_ID=transform_data
AIRFLOW_CTX_EXECUTION_DATE=2022-07-10T11:57:19.863313+00:00
AIRFLOW_CTX_DAG_RUN_ID=manual__2022-07-10T11:57:19.863313+00:00
[2022-07-10 11:57:20,916] {python.py:118} INFO - Done. Returned value was: None
[2022-07-10 11:57:20,925] {taskinstance.py:1192} INFO - Marking task as SUCCESS. dag_id=ingestion_transform_dataset, task_id=transform_data, execution_date=20220710T115719, start_date=20220710T115720, end_date=20220710T115720
[2022-07-10 11:57:20,945] {taskinstance.py:1246} INFO - 0 downstream tasks scheduled from follow-on schedule check
[2022-07-10 11:57:20,976] {local_task_job.py:146} INFO - Task exited with return code 0
